<?xml version="1.0" encoding="UTF-8" ?>
<testsuites name="vitest tests" tests="3275" failures="0" errors="0" time="0.941142246">
    <testsuite name="test/api/AICC.spec.ts" timestamp="2025-05-05T03:31:07.950Z" hostname="jonathans-macbook-pro-2.mara-rohu.ts.net" tests="47" failures="0" errors="0" skipped="0" time="0.007436083">
        <testcase classname="test/api/AICC.spec.ts" name="AICC API Tests &gt; setCMIValue() &gt; Invalid Sets - Should Always Fail &gt; Field: cmi._version &gt; Should fail to set CMI value for cmi._version" time="0.001007083">
        </testcase>
        <testcase classname="test/api/AICC.spec.ts" name="AICC API Tests &gt; setCMIValue() &gt; Invalid Sets - Should Always Fail &gt; Field: cmi._children &gt; Should fail to set CMI value for cmi._children" time="0.0001625">
        </testcase>
        <testcase classname="test/api/AICC.spec.ts" name="AICC API Tests &gt; setCMIValue() &gt; Invalid Sets - Should Always Fail &gt; Field: cmi.core._children &gt; Should fail to set CMI value for cmi.core._children" time="0.0000785">
        </testcase>
        <testcase classname="test/api/AICC.spec.ts" name="AICC API Tests &gt; setCMIValue() &gt; Invalid Sets - Should Always Fail &gt; Field: cmi.core.score._children &gt; Should fail to set CMI value for cmi.core.score._children" time="0.0000745">
        </testcase>
        <testcase classname="test/api/AICC.spec.ts" name="AICC API Tests &gt; setCMIValue() &gt; Invalid Sets - Should Always Fail &gt; Field: cmi.objectives._children &gt; Should fail to set CMI value for cmi.objectives._children" time="0.000072083">
        </testcase>
        <testcase classname="test/api/AICC.spec.ts" name="AICC API Tests &gt; setCMIValue() &gt; Invalid Sets - Should Always Fail &gt; Field: cmi.objectives._count &gt; Should fail to set CMI value for cmi.objectives._count" time="0.000056917">
        </testcase>
        <testcase classname="test/api/AICC.spec.ts" name="AICC API Tests &gt; setCMIValue() &gt; Invalid Sets - Should Always Fail &gt; Field: cmi.interactions._children &gt; Should fail to set CMI value for cmi.interactions._children" time="0.000050875">
        </testcase>
        <testcase classname="test/api/AICC.spec.ts" name="AICC API Tests &gt; setCMIValue() &gt; Invalid Sets - Should Always Fail &gt; Field: cmi.interactions._count &gt; Should fail to set CMI value for cmi.interactions._count" time="0.000050958">
        </testcase>
        <testcase classname="test/api/AICC.spec.ts" name="AICC API Tests &gt; setCMIValue() &gt; Invalid Sets - Should Always Fail &gt; Field: cmi.interactions.0.objectives._count &gt; Should fail to set CMI value for cmi.interactions.0.objectives._count" time="0.000200791">
        </testcase>
        <testcase classname="test/api/AICC.spec.ts" name="AICC API Tests &gt; setCMIValue() &gt; Invalid Sets - Should Always Fail &gt; Field: cmi.interactions.0.correct_responses._count &gt; Should fail to set CMI value for cmi.interactions.0.correct_responses._count" time="0.000133334">
        </testcase>
        <testcase classname="test/api/AICC.spec.ts" name="AICC API Tests &gt; setCMIValue() &gt; Invalid Sets - Should Fail After Initialization &gt; Field: cmi.launch_data &gt; Should fail to set CMI value for cmi.launch_data" time="0.000103625">
        </testcase>
        <testcase classname="test/api/AICC.spec.ts" name="AICC API Tests &gt; setCMIValue() &gt; Invalid Sets - Should Fail After Initialization &gt; Field: cmi.comments_from_lms &gt; Should fail to set CMI value for cmi.comments_from_lms" time="0.000062208">
        </testcase>
        <testcase classname="test/api/AICC.spec.ts" name="AICC API Tests &gt; setCMIValue() &gt; Invalid Sets - Should Fail After Initialization &gt; Field: cmi.core.student_id &gt; Should fail to set CMI value for cmi.core.student_id" time="0.000056958">
        </testcase>
        <testcase classname="test/api/AICC.spec.ts" name="AICC API Tests &gt; setCMIValue() &gt; Invalid Sets - Should Fail After Initialization &gt; Field: cmi.core.student_name &gt; Should fail to set CMI value for cmi.core.student_name" time="0.000175167">
        </testcase>
        <testcase classname="test/api/AICC.spec.ts" name="AICC API Tests &gt; setCMIValue() &gt; Invalid Sets - Should Fail After Initialization &gt; Field: cmi.core.credit &gt; Should fail to set CMI value for cmi.core.credit" time="0.000060208">
        </testcase>
        <testcase classname="test/api/AICC.spec.ts" name="AICC API Tests &gt; setCMIValue() &gt; Invalid Sets - Should Fail After Initialization &gt; Field: cmi.core.entry &gt; Should fail to set CMI value for cmi.core.entry" time="0.000084542">
        </testcase>
        <testcase classname="test/api/AICC.spec.ts" name="AICC API Tests &gt; setCMIValue() &gt; Invalid Sets - Should Fail After Initialization &gt; Field: cmi.core.total_time &gt; Should fail to set CMI value for cmi.core.total_time" time="0.000043541">
        </testcase>
        <testcase classname="test/api/AICC.spec.ts" name="AICC API Tests &gt; setCMIValue() &gt; Invalid Sets - Should Fail After Initialization &gt; Field: cmi.core.lesson_mode &gt; Should fail to set CMI value for cmi.core.lesson_mode" time="0.000039667">
        </testcase>
        <testcase classname="test/api/AICC.spec.ts" name="AICC API Tests &gt; setCMIValue() &gt; Invalid Sets - Should Fail After Initialization &gt; Field: cmi.student_data.mastery_score &gt; Should fail to set CMI value for cmi.student_data.mastery_score" time="0.000102334">
        </testcase>
        <testcase classname="test/api/AICC.spec.ts" name="AICC API Tests &gt; setCMIValue() &gt; Invalid Sets - Should Fail After Initialization &gt; Field: cmi.student_data.max_time_allowed &gt; Should fail to set CMI value for cmi.student_data.max_time_allowed" time="0.00007875">
        </testcase>
        <testcase classname="test/api/AICC.spec.ts" name="AICC API Tests &gt; setCMIValue() &gt; Invalid Sets - Should Fail After Initialization &gt; Field: cmi.student_data.time_limit_action &gt; Should fail to set CMI value for cmi.student_data.time_limit_action" time="0.000041083">
        </testcase>
        <testcase classname="test/api/AICC.spec.ts" name="AICC API Tests &gt; LMSGetValue() &gt; Invalid Properties - Should Always Fail &gt; Field: cmi.core.close &gt; Should fail to get value for cmi.core.close" time="0.000457583">
        </testcase>
        <testcase classname="test/api/AICC.spec.ts" name="AICC API Tests &gt; LMSGetValue() &gt; Invalid Properties - Should Always Fail &gt; Field: cmi.exit &gt; Should fail to get value for cmi.exit" time="0.000064291">
        </testcase>
        <testcase classname="test/api/AICC.spec.ts" name="AICC API Tests &gt; LMSGetValue() &gt; Invalid Properties - Should Always Fail &gt; Field: cmi.entry &gt; Should fail to get value for cmi.entry" time="0.00004275">
        </testcase>
        <testcase classname="test/api/AICC.spec.ts" name="AICC API Tests &gt; LMSGetValue() &gt; Write-Only Properties - Should Always Fail &gt; Field: cmi.core.exit &gt; Should fail to get value for cmi.core.exit" time="0.00008625">
        </testcase>
        <testcase classname="test/api/AICC.spec.ts" name="AICC API Tests &gt; LMSGetValue() &gt; Write-Only Properties - Should Always Fail &gt; Field: cmi.core.session_time &gt; Should fail to get value for cmi.core.session_time" time="0.000048292">
        </testcase>
        <testcase classname="test/api/AICC.spec.ts" name="AICC API Tests &gt; LMSGetValue() &gt; Write-Only Properties - Should Always Fail &gt; Field: cmi.interactions.0.id &gt; Should fail to get value for cmi.interactions.0.id" time="0.000045291">
        </testcase>
        <testcase classname="test/api/AICC.spec.ts" name="AICC API Tests &gt; LMSGetValue() &gt; Write-Only Properties - Should Always Fail &gt; Field: cmi.interactions.0.time &gt; Should fail to get value for cmi.interactions.0.time" time="0.000041416">
        </testcase>
        <testcase classname="test/api/AICC.spec.ts" name="AICC API Tests &gt; LMSGetValue() &gt; Write-Only Properties - Should Always Fail &gt; Field: cmi.interactions.0.type &gt; Should fail to get value for cmi.interactions.0.type" time="0.000041708">
        </testcase>
        <testcase classname="test/api/AICC.spec.ts" name="AICC API Tests &gt; LMSGetValue() &gt; Write-Only Properties - Should Always Fail &gt; Field: cmi.interactions.0.weighting &gt; Should fail to get value for cmi.interactions.0.weighting" time="0.000044583">
        </testcase>
        <testcase classname="test/api/AICC.spec.ts" name="AICC API Tests &gt; LMSGetValue() &gt; Write-Only Properties - Should Always Fail &gt; Field: cmi.interactions.0.student_response &gt; Should fail to get value for cmi.interactions.0.student_response" time="0.000097625">
        </testcase>
        <testcase classname="test/api/AICC.spec.ts" name="AICC API Tests &gt; LMSGetValue() &gt; Write-Only Properties - Should Always Fail &gt; Field: cmi.interactions.0.result &gt; Should fail to get value for cmi.interactions.0.result" time="0.000052333">
        </testcase>
        <testcase classname="test/api/AICC.spec.ts" name="AICC API Tests &gt; LMSGetValue() &gt; Write-Only Properties - Should Always Fail &gt; Field: cmi.interactions.0.latency &gt; Should fail to get value for cmi.interactions.0.latency" time="0.000043666">
        </testcase>
        <testcase classname="test/api/AICC.spec.ts" name="AICC API Tests &gt; LMSGetValue() &gt; Write-Only Properties - Should Always Fail &gt; Field: cmi.interactions.0.correct_responses.0.pattern &gt; Should fail to get value for cmi.interactions.0.correct_responses.0.pattern" time="0.000041958">
        </testcase>
        <testcase classname="test/api/AICC.spec.ts" name="AICC API Tests &gt; LMSSetValue() &gt; Uninitialized - Should Fail &gt; Field: cmi.objectives.0.id &gt; Should fail to set value for cmi.objectives.0.id" time="0.000098417">
        </testcase>
        <testcase classname="test/api/AICC.spec.ts" name="AICC API Tests &gt; LMSSetValue() &gt; Uninitialized - Should Fail &gt; Field: cmi.interactions.0.id &gt; Should fail to set value for cmi.interactions.0.id" time="0.000067167">
        </testcase>
        <testcase classname="test/api/AICC.spec.ts" name="AICC API Tests &gt; LMSSetValue() &gt; Initialized - Should Succeed &gt; Field: cmi.objectives.0.id &gt; Should successfully set value for cmi.objectives.0.id" time="0.000105417">
        </testcase>
        <testcase classname="test/api/AICC.spec.ts" name="AICC API Tests &gt; LMSSetValue() &gt; Initialized - Should Succeed &gt; Field: cmi.interactions.0.id &gt; Should successfully set value for cmi.interactions.0.id" time="0.000046166">
        </testcase>
        <testcase classname="test/api/AICC.spec.ts" name="AICC API Tests &gt; LMSSetValue() &gt; Initialized - Should Succeed &gt; Field: cmi.evaluation.comments.0.content &gt; Should successfully set value for cmi.evaluation.comments.0.content" time="0.000128917">
        </testcase>
        <testcase classname="test/api/AICC.spec.ts" name="AICC API Tests &gt; LMSSetValue() &gt; Initialized - Should Succeed &gt; Field: cmi.student_data.tries.0.score.max &gt; Should successfully set value for cmi.student_data.tries.0.score.max" time="0.000135833">
        </testcase>
        <testcase classname="test/api/AICC.spec.ts" name="AICC API Tests &gt; LMSSetValue() &gt; Initialized - Should Succeed &gt; Field: cmi.student_data.attempt_records.0.score.max &gt; Should successfully set value for cmi.student_data.attempt_records.0.score.max" time="0.000082709">
        </testcase>
        <testcase classname="test/api/AICC.spec.ts" name="AICC API Tests &gt; LMSSetValue() &gt; Initialized - Should Succeed &gt; Field: cmi.paths.0.location_id &gt; Should successfully set value for cmi.paths.0.location_id" time="0.000075417">
        </testcase>
        <testcase classname="test/api/AICC.spec.ts" name="AICC API Tests &gt; reset() &gt; should reset all CMI values to their default state" time="0.000433125">
        </testcase>
        <testcase classname="test/api/AICC.spec.ts" name="AICC API Tests &gt; reset() &gt; should keep original settings" time="0.00008825">
        </testcase>
        <testcase classname="test/api/AICC.spec.ts" name="AICC API Tests &gt; reset() &gt; should be able to override original settings" time="0.000092708">
        </testcase>
        <testcase classname="test/api/AICC.spec.ts" name="AICC API Tests &gt; reset() &gt; should call commonReset from the superclass" time="0.000347708">
        </testcase>
        <testcase classname="test/api/AICC.spec.ts" name="AICC API Tests &gt; replaceWithAnotherScormAPI() &gt; should replace the current API with another SCORM API" time="0.000059042">
        </testcase>
    </testsuite>
    <testsuite name="test/api/BaseAPI.spec.ts" timestamp="2025-05-05T03:31:07.955Z" hostname="jonathans-macbook-pro-2.mara-rohu.ts.net" tests="82" failures="0" errors="0" skipped="0" time="0.036423875">
        <testcase classname="test/api/BaseAPI.spec.ts" name="BaseAPI &gt; setCMIValue &gt; should throw an error when called directly" time="0.001619166">
        </testcase>
        <testcase classname="test/api/BaseAPI.spec.ts" name="BaseAPI &gt; getCMIValue &gt; should throw an error when called directly" time="0.000352833">
        </testcase>
        <testcase classname="test/api/BaseAPI.spec.ts" name="BaseAPI &gt; getLmsErrorMessageDetails &gt; should throw an error when called directly" time="0.000270041">
        </testcase>
        <testcase classname="test/api/BaseAPI.spec.ts" name="BaseAPI &gt; renderCMIToJSONString &gt; should call serializationService.renderCMIToJSONString with cmi and sendFullCommit" time="0.000942333">
        </testcase>
        <testcase classname="test/api/BaseAPI.spec.ts" name="BaseAPI &gt; renderCMIToJSONObject &gt; should call serializationService.renderCMIToJSONObject with cmi and sendFullCommit" time="0.000301625">
        </testcase>
        <testcase classname="test/api/BaseAPI.spec.ts" name="BaseAPI &gt; initialize &gt; should return SCORM_FALSE when already initialized" time="0.00039825">
        </testcase>
        <testcase classname="test/api/BaseAPI.spec.ts" name="BaseAPI &gt; initialize &gt; should return SCORM_FALSE when already terminated" time="0.0002015">
        </testcase>
        <testcase classname="test/api/BaseAPI.spec.ts" name="BaseAPI &gt; initialize &gt; should return SCORM_TRUE when initialization is successful" time="0.000262375">
        </testcase>
        <testcase classname="test/api/BaseAPI.spec.ts" name="BaseAPI &gt; apiLog &gt; should call loggingService.log when message level is higher than apiLogLevel" time="0.00022725">
        </testcase>
        <testcase classname="test/api/BaseAPI.spec.ts" name="BaseAPI &gt; apiLog &gt; should not call loggingService.log when message level is lower than apiLogLevel" time="0.000132417">
        </testcase>
        <testcase classname="test/api/BaseAPI.spec.ts" name="BaseAPI &gt; settings &gt; should update apiLogLevel when settings.logLevel changes" time="0.000174959">
        </testcase>
        <testcase classname="test/api/BaseAPI.spec.ts" name="BaseAPI &gt; settings &gt; should update logHandler when settings.onLogMessage changes" time="0.000155125">
        </testcase>
        <testcase classname="test/api/BaseAPI.spec.ts" name="BaseAPI &gt; loadFromJSON &gt; should call serializationService.loadFromJSON with correct parameters" time="0.00017875">
        </testcase>
        <testcase classname="test/api/BaseAPI.spec.ts" name="BaseAPI &gt; loadFromFlattenedJSON &gt; should call serializationService.loadFromFlattenedJSON with correct parameters" time="0.000252292">
        </testcase>
        <testcase classname="test/api/BaseAPI.spec.ts" name="BaseAPI &gt; loadFromFlattenedJSON &gt; should use provided CMIElement when specified" time="0.000116084">
        </testcase>
        <testcase classname="test/api/BaseAPI.spec.ts" name="BaseAPI &gt; handleValueAccessException &gt; should set lastErrorCode and throw SCORM error for ValidationError" time="0.000221375">
        </testcase>
        <testcase classname="test/api/BaseAPI.spec.ts" name="BaseAPI &gt; handleValueAccessException &gt; should throw SCORM error with message for Error objects" time="0.000136333">
        </testcase>
        <testcase classname="test/api/BaseAPI.spec.ts" name="BaseAPI &gt; handleValueAccessException &gt; should throw SCORM error with &apos;Unknown error&apos; for non-Error objects" time="0.000190917">
        </testcase>
        <testcase classname="test/api/BaseAPI.spec.ts" name="BaseAPI &gt; _checkObjectHasProperty &gt; should return true for own properties" time="0.000107792">
        </testcase>
        <testcase classname="test/api/BaseAPI.spec.ts" name="BaseAPI &gt; _checkObjectHasProperty &gt; should return false for non-existent properties" time="0.000099208">
        </testcase>
        <testcase classname="test/api/BaseAPI.spec.ts" name="BaseAPI &gt; _checkObjectHasProperty &gt; should return true for inherited properties" time="0.000119417">
        </testcase>
        <testcase classname="test/api/BaseAPI.spec.ts" name="BaseAPI &gt; _checkObjectHasProperty &gt; should return true for properties defined with Object.defineProperty" time="0.000106125">
        </testcase>
        <testcase classname="test/api/BaseAPI.spec.ts" name="BaseAPI &gt; getCommitObject &gt; should call serializationService.getCommitObject with correct parameters" time="0.000497">
        </testcase>
        <testcase classname="test/api/BaseAPI.spec.ts" name="BaseAPI &gt; getCommitObject &gt; should pass the terminateCommit parameter to serializationService" time="0.000605292">
        </testcase>
        <testcase classname="test/api/BaseAPI.spec.ts" name="BaseAPI &gt; getFlattenedCMI &gt; should call Utilities.flatten with the result of renderCMIToJSONObject" time="0.000264459">
        </testcase>
        <testcase classname="test/api/BaseAPI.spec.ts" name="BaseAPI &gt; processHttpRequest &gt; should call httpService.processHttpRequest when online" time="0.0041805">
        </testcase>
        <testcase classname="test/api/BaseAPI.spec.ts" name="BaseAPI &gt; processHttpRequest &gt; should store data offline when offline support is enabled and device is offline" time="0.001776792">
        </testcase>
        <testcase classname="test/api/BaseAPI.spec.ts" name="BaseAPI &gt; processHttpRequest &gt; should return error when offline and params format is invalid" time="0.00158325">
        </testcase>
        <testcase classname="test/api/BaseAPI.spec.ts" name="BaseAPI &gt; scheduled commit methods &gt; scheduleCommit &gt; should create a new ScheduledCommit when no timeout exists" time="0.000226584">
        </testcase>
        <testcase classname="test/api/BaseAPI.spec.ts" name="BaseAPI &gt; scheduled commit methods &gt; scheduleCommit &gt; should not create a new ScheduledCommit when timeout already exists" time="0.00017375">
        </testcase>
        <testcase classname="test/api/BaseAPI.spec.ts" name="BaseAPI &gt; scheduled commit methods &gt; clearScheduledCommit &gt; should cancel and clear the timeout when it exists" time="0.000177375">
        </testcase>
        <testcase classname="test/api/BaseAPI.spec.ts" name="BaseAPI &gt; scheduled commit methods &gt; clearScheduledCommit &gt; should do nothing when no timeout exists" time="0.000114291">
        </testcase>
        <testcase classname="test/api/BaseAPI.spec.ts" name="BaseAPI &gt; checkState &gt; should return false and throw error when not initialized" time="0.000158958">
        </testcase>
        <testcase classname="test/api/BaseAPI.spec.ts" name="BaseAPI &gt; checkState &gt; should return false and throw error when terminated and checkTerminated is true" time="0.000126292">
        </testcase>
        <testcase classname="test/api/BaseAPI.spec.ts" name="BaseAPI &gt; checkState &gt; should return true when initialized" time="0.000119875">
        </testcase>
        <testcase classname="test/api/BaseAPI.spec.ts" name="BaseAPI &gt; checkState &gt; should return true when terminated but checkTerminated is false" time="0.000119708">
        </testcase>
        <testcase classname="test/api/BaseAPI.spec.ts" name="BaseAPI &gt; terminate &gt; should return SCORM_FALSE and throw error when not initialized" time="0.000199958">
        </testcase>
        <testcase classname="test/api/BaseAPI.spec.ts" name="BaseAPI &gt; terminate &gt; should call storeData with calculateTotalTime=true when checkState returns true" time="0.000184333">
        </testcase>
        <testcase classname="test/api/BaseAPI.spec.ts" name="BaseAPI &gt; terminate &gt; should throw SCORM error when storeData returns an error code" time="0.000168625">
        </testcase>
        <testcase classname="test/api/BaseAPI.spec.ts" name="BaseAPI &gt; terminate &gt; should reset lastErrorCode when checkTerminated is true" time="0.000142333">
        </testcase>
        <testcase classname="test/api/BaseAPI.spec.ts" name="BaseAPI &gt; terminate &gt; should attempt to sync offline data when online and offline data exists" time="0.000262167">
        </testcase>
        <testcase classname="test/api/BaseAPI.spec.ts" name="BaseAPI &gt; error information methods &gt; getLastError &gt; should return the last error code" time="0.00018325">
        </testcase>
        <testcase classname="test/api/BaseAPI.spec.ts" name="BaseAPI &gt; error information methods &gt; getErrorString &gt; should return empty string when CMIErrorCode is null" time="0.000165583">
        </testcase>
        <testcase classname="test/api/BaseAPI.spec.ts" name="BaseAPI &gt; error information methods &gt; getErrorString &gt; should return empty string when CMIErrorCode is empty" time="0.000143917">
        </testcase>
        <testcase classname="test/api/BaseAPI.spec.ts" name="BaseAPI &gt; error information methods &gt; getErrorString &gt; should call getLmsErrorMessageDetails and process listeners when CMIErrorCode is valid" time="0.000210709">
        </testcase>
        <testcase classname="test/api/BaseAPI.spec.ts" name="BaseAPI &gt; error information methods &gt; getDiagnostic &gt; should return empty string when CMIErrorCode is null" time="0.000160541">
        </testcase>
        <testcase classname="test/api/BaseAPI.spec.ts" name="BaseAPI &gt; error information methods &gt; getDiagnostic &gt; should return empty string when CMIErrorCode is empty" time="0.000145583">
        </testcase>
        <testcase classname="test/api/BaseAPI.spec.ts" name="BaseAPI &gt; error information methods &gt; getDiagnostic &gt; should call getLmsErrorMessageDetails with detail=true and process listeners when CMIErrorCode is valid" time="0.000171334">
        </testcase>
        <testcase classname="test/api/BaseAPI.spec.ts" name="BaseAPI &gt; commit &gt; should return SCORM_FALSE and throw error when not initialized" time="0.000240625">
        </testcase>
        <testcase classname="test/api/BaseAPI.spec.ts" name="BaseAPI &gt; commit &gt; should return SCORM_FALSE and throw error when terminated and checkTerminated is true" time="0.000189792">
        </testcase>
        <testcase classname="test/api/BaseAPI.spec.ts" name="BaseAPI &gt; commit &gt; should call storeData and process listeners when initialized" time="0.000308125">
        </testcase>
        <testcase classname="test/api/BaseAPI.spec.ts" name="BaseAPI &gt; commit &gt; should throw SCORM error when storeData returns an error code" time="0.000196833">
        </testcase>
        <testcase classname="test/api/BaseAPI.spec.ts" name="BaseAPI &gt; commit &gt; should reset lastErrorCode when checkTerminated is true" time="0.000164417">
        </testcase>
        <testcase classname="test/api/BaseAPI.spec.ts" name="BaseAPI &gt; commit &gt; should attempt to sync offline data when online and offline data exists" time="0.000239208">
        </testcase>
        <testcase classname="test/api/BaseAPI.spec.ts" name="BaseAPI &gt; setValue &gt; should return SCORM_FALSE and throw error when not initialized" time="0.000192583">
        </testcase>
        <testcase classname="test/api/BaseAPI.spec.ts" name="BaseAPI &gt; setValue &gt; should return SCORM_FALSE and throw error when terminated and checkTerminated is true" time="0.000167333">
        </testcase>
        <testcase classname="test/api/BaseAPI.spec.ts" name="BaseAPI &gt; setValue &gt; should call setCMIValue and process listeners when initialized" time="0.000193792">
        </testcase>
        <testcase classname="test/api/BaseAPI.spec.ts" name="BaseAPI &gt; setValue &gt; should handle exceptions from setCMIValue" time="0.000256583">
        </testcase>
        <testcase classname="test/api/BaseAPI.spec.ts" name="BaseAPI &gt; setValue &gt; should schedule commit when autocommit is enabled and no errors" time="0.000217291">
        </testcase>
        <testcase classname="test/api/BaseAPI.spec.ts" name="BaseAPI &gt; setValue &gt; should not schedule commit when autocommit is disabled" time="0.000184875">
        </testcase>
        <testcase classname="test/api/BaseAPI.spec.ts" name="BaseAPI &gt; setValue &gt; should not schedule commit when there are errors" time="0.0002285">
        </testcase>
        <testcase classname="test/api/BaseAPI.spec.ts" name="BaseAPI &gt; getValue &gt; should return empty string and throw error when not initialized" time="0.000205208">
        </testcase>
        <testcase classname="test/api/BaseAPI.spec.ts" name="BaseAPI &gt; getValue &gt; should return empty string and throw error when terminated and checkTerminated is true" time="0.000174042">
        </testcase>
        <testcase classname="test/api/BaseAPI.spec.ts" name="BaseAPI &gt; getValue &gt; should call getCMIValue and process listeners when initialized" time="0.000247667">
        </testcase>
        <testcase classname="test/api/BaseAPI.spec.ts" name="BaseAPI &gt; getValue &gt; should handle exceptions from getCMIValue" time="0.000216125">
        </testcase>
        <testcase classname="test/api/BaseAPI.spec.ts" name="BaseAPI &gt; error handling methods &gt; should set error code with throwSCORMError method" time="0.000175333">
        </testcase>
        <testcase classname="test/api/BaseAPI.spec.ts" name="BaseAPI &gt; error handling methods &gt; should clear error code with clearSCORMError method" time="0.000167542">
        </testcase>
        <testcase classname="test/api/BaseAPI.spec.ts" name="BaseAPI &gt; event handling methods &gt; should register event listeners with on method" time="0.000224959">
        </testcase>
        <testcase classname="test/api/BaseAPI.spec.ts" name="BaseAPI &gt; event handling methods &gt; should unregister event listeners with off method" time="0.000208084">
        </testcase>
        <testcase classname="test/api/BaseAPI.spec.ts" name="BaseAPI &gt; event handling methods &gt; should clear all event listeners with clear method" time="0.000194291">
        </testcase>
        <testcase classname="test/api/BaseAPI.spec.ts" name="BaseAPI &gt; event handling methods &gt; should process event listeners with processListeners method" time="0.000174625">
        </testcase>
        <testcase classname="test/api/BaseAPI.spec.ts" name="BaseAPI &gt; state checking methods &gt; should correctly identify initialized state" time="0.0002145">
        </testcase>
        <testcase classname="test/api/BaseAPI.spec.ts" name="BaseAPI &gt; state checking methods &gt; should correctly identify not initialized state" time="0.000184">
        </testcase>
        <testcase classname="test/api/BaseAPI.spec.ts" name="BaseAPI &gt; state checking methods &gt; should correctly identify terminated state" time="0.000178792">
        </testcase>
        <testcase classname="test/api/BaseAPI.spec.ts" name="BaseAPI &gt; constructor with offline storage &gt; should not initialize offline storage service when enableOfflineSupport is false" time="0.00095275">
        </testcase>
        <testcase classname="test/api/BaseAPI.spec.ts" name="BaseAPI &gt; constructor with offline storage &gt; should initialize offline storage service when enableOfflineSupport is true" time="0.000597042">
        </testcase>
        <testcase classname="test/api/BaseAPI.spec.ts" name="BaseAPI &gt; constructor with offline storage &gt; should store courseId when provided with settings" time="0.000474875">
        </testcase>
        <testcase classname="test/api/BaseAPI.spec.ts" name="BaseAPI &gt; constructor with offline storage &gt; should not attempt to retrieve offline data when courseId is not provided" time="0.000432709">
        </testcase>
        <testcase classname="test/api/BaseAPI.spec.ts" name="BaseAPI &gt; constructor with offline storage &gt; should attempt to retrieve offline data when courseId is provided" time="0.005809958">
        </testcase>
        <testcase classname="test/api/BaseAPI.spec.ts" name="BaseAPI &gt; constructor with offline storage &gt; should load data from offline storage when data is found" time="0.000686708">
        </testcase>
        <testcase classname="test/api/BaseAPI.spec.ts" name="BaseAPI &gt; constructor with offline storage &gt; should handle errors when retrieving offline data" time="0.001191083">
            <system-err>
constructor         : Error retrieving offline data: Error: Storage error

            </system-err>
        </testcase>
        <testcase classname="test/api/BaseAPI.spec.ts" name="BaseAPI &gt; constructor with offline storage &gt; should not attempt to load data when no offline data is found" time="0.000534709">
        </testcase>
    </testsuite>
    <testsuite name="test/api/ErrorCodes.spec.ts" timestamp="2025-05-05T03:31:07.960Z" hostname="jonathans-macbook-pro-2.mara-rohu.ts.net" tests="94" failures="0" errors="0" skipped="0" time="0.008942959">
        <testcase classname="test/api/ErrorCodes.spec.ts" name="Error Codes Tests &gt; SCORM 2004 Error Codes &gt; GENERAL Error Tests &gt; should correctly set and retrieve GENERAL error code" time="0.001435459">
        </testcase>
        <testcase classname="test/api/ErrorCodes.spec.ts" name="Error Codes Tests &gt; SCORM 2004 Error Codes &gt; INITIALIZATION_FAILED Error Tests &gt; should correctly set and retrieve INITIALIZATION_FAILED error code" time="0.000161916">
        </testcase>
        <testcase classname="test/api/ErrorCodes.spec.ts" name="Error Codes Tests &gt; SCORM 2004 Error Codes &gt; INITIALIZED Error Tests &gt; should correctly set and retrieve INITIALIZED error code" time="0.0000795">
        </testcase>
        <testcase classname="test/api/ErrorCodes.spec.ts" name="Error Codes Tests &gt; SCORM 2004 Error Codes &gt; TERMINATED Error Tests &gt; should correctly set and retrieve TERMINATED error code" time="0.000062333">
        </testcase>
        <testcase classname="test/api/ErrorCodes.spec.ts" name="Error Codes Tests &gt; SCORM 2004 Error Codes &gt; TERMINATION_FAILURE Error Tests &gt; should correctly set and retrieve TERMINATION_FAILURE error code" time="0.000068708">
        </testcase>
        <testcase classname="test/api/ErrorCodes.spec.ts" name="Error Codes Tests &gt; SCORM 2004 Error Codes &gt; TERMINATION_BEFORE_INIT Error Tests &gt; should correctly set and retrieve TERMINATION_BEFORE_INIT error code" time="0.000052875">
        </testcase>
        <testcase classname="test/api/ErrorCodes.spec.ts" name="Error Codes Tests &gt; SCORM 2004 Error Codes &gt; MULTIPLE_TERMINATION Error Tests &gt; should correctly set and retrieve MULTIPLE_TERMINATION error code" time="0.000051834">
        </testcase>
        <testcase classname="test/api/ErrorCodes.spec.ts" name="Error Codes Tests &gt; SCORM 2004 Error Codes &gt; RETRIEVE_BEFORE_INIT Error Tests &gt; should correctly set and retrieve RETRIEVE_BEFORE_INIT error code" time="0.000046042">
        </testcase>
        <testcase classname="test/api/ErrorCodes.spec.ts" name="Error Codes Tests &gt; SCORM 2004 Error Codes &gt; RETRIEVE_AFTER_TERM Error Tests &gt; should correctly set and retrieve RETRIEVE_AFTER_TERM error code" time="0.000312208">
        </testcase>
        <testcase classname="test/api/ErrorCodes.spec.ts" name="Error Codes Tests &gt; SCORM 2004 Error Codes &gt; STORE_BEFORE_INIT Error Tests &gt; should correctly set and retrieve STORE_BEFORE_INIT error code" time="0.000173167">
        </testcase>
        <testcase classname="test/api/ErrorCodes.spec.ts" name="Error Codes Tests &gt; SCORM 2004 Error Codes &gt; STORE_AFTER_TERM Error Tests &gt; should correctly set and retrieve STORE_AFTER_TERM error code" time="0.000055708">
        </testcase>
        <testcase classname="test/api/ErrorCodes.spec.ts" name="Error Codes Tests &gt; SCORM 2004 Error Codes &gt; COMMIT_BEFORE_INIT Error Tests &gt; should correctly set and retrieve COMMIT_BEFORE_INIT error code" time="0.000096416">
        </testcase>
        <testcase classname="test/api/ErrorCodes.spec.ts" name="Error Codes Tests &gt; SCORM 2004 Error Codes &gt; COMMIT_AFTER_TERM Error Tests &gt; should correctly set and retrieve COMMIT_AFTER_TERM error code" time="0.000055667">
        </testcase>
        <testcase classname="test/api/ErrorCodes.spec.ts" name="Error Codes Tests &gt; SCORM 2004 Error Codes &gt; ARGUMENT_ERROR Error Tests &gt; should correctly set and retrieve ARGUMENT_ERROR error code" time="0.000158958">
        </testcase>
        <testcase classname="test/api/ErrorCodes.spec.ts" name="Error Codes Tests &gt; SCORM 2004 Error Codes &gt; CHILDREN_ERROR Error Tests &gt; should correctly set and retrieve CHILDREN_ERROR error code" time="0.000049125">
        </testcase>
        <testcase classname="test/api/ErrorCodes.spec.ts" name="Error Codes Tests &gt; SCORM 2004 Error Codes &gt; COUNT_ERROR Error Tests &gt; should correctly set and retrieve COUNT_ERROR error code" time="0.000068917">
        </testcase>
        <testcase classname="test/api/ErrorCodes.spec.ts" name="Error Codes Tests &gt; SCORM 2004 Error Codes &gt; GENERAL_GET_FAILURE Error Tests &gt; should correctly set and retrieve GENERAL_GET_FAILURE error code" time="0.000037291">
        </testcase>
        <testcase classname="test/api/ErrorCodes.spec.ts" name="Error Codes Tests &gt; SCORM 2004 Error Codes &gt; GENERAL_SET_FAILURE Error Tests &gt; should correctly set and retrieve GENERAL_SET_FAILURE error code" time="0.000034666">
        </testcase>
        <testcase classname="test/api/ErrorCodes.spec.ts" name="Error Codes Tests &gt; SCORM 2004 Error Codes &gt; GENERAL_COMMIT_FAILURE Error Tests &gt; should correctly set and retrieve GENERAL_COMMIT_FAILURE error code" time="0.000031541">
        </testcase>
        <testcase classname="test/api/ErrorCodes.spec.ts" name="Error Codes Tests &gt; SCORM 2004 Error Codes &gt; UNDEFINED_DATA_MODEL Error Tests &gt; should correctly set and retrieve UNDEFINED_DATA_MODEL error code" time="0.000066625">
        </testcase>
        <testcase classname="test/api/ErrorCodes.spec.ts" name="Error Codes Tests &gt; SCORM 2004 Error Codes &gt; UNIMPLEMENTED_ELEMENT Error Tests &gt; should correctly set and retrieve UNIMPLEMENTED_ELEMENT error code" time="0.000029417">
        </testcase>
        <testcase classname="test/api/ErrorCodes.spec.ts" name="Error Codes Tests &gt; SCORM 2004 Error Codes &gt; VALUE_NOT_INITIALIZED Error Tests &gt; should correctly set and retrieve VALUE_NOT_INITIALIZED error code" time="0.000028166">
        </testcase>
        <testcase classname="test/api/ErrorCodes.spec.ts" name="Error Codes Tests &gt; SCORM 2004 Error Codes &gt; INVALID_SET_VALUE Error Tests &gt; should correctly set and retrieve INVALID_SET_VALUE error code" time="0.00002825">
        </testcase>
        <testcase classname="test/api/ErrorCodes.spec.ts" name="Error Codes Tests &gt; SCORM 2004 Error Codes &gt; READ_ONLY_ELEMENT Error Tests &gt; should correctly set and retrieve READ_ONLY_ELEMENT error code" time="0.000027625">
        </testcase>
        <testcase classname="test/api/ErrorCodes.spec.ts" name="Error Codes Tests &gt; SCORM 2004 Error Codes &gt; WRITE_ONLY_ELEMENT Error Tests &gt; should correctly set and retrieve WRITE_ONLY_ELEMENT error code" time="0.000028209">
        </testcase>
        <testcase classname="test/api/ErrorCodes.spec.ts" name="Error Codes Tests &gt; SCORM 2004 Error Codes &gt; TYPE_MISMATCH Error Tests &gt; should correctly set and retrieve TYPE_MISMATCH error code" time="0.000030417">
        </testcase>
        <testcase classname="test/api/ErrorCodes.spec.ts" name="Error Codes Tests &gt; SCORM 2004 Error Codes &gt; VALUE_OUT_OF_RANGE Error Tests &gt; should correctly set and retrieve VALUE_OUT_OF_RANGE error code" time="0.000030667">
        </testcase>
        <testcase classname="test/api/ErrorCodes.spec.ts" name="Error Codes Tests &gt; SCORM 2004 Error Codes &gt; DEPENDENCY_NOT_ESTABLISHED Error Tests &gt; should correctly set and retrieve DEPENDENCY_NOT_ESTABLISHED error code" time="0.000031334">
        </testcase>
        <testcase classname="test/api/ErrorCodes.spec.ts" name="Error Codes Tests &gt; SCORM 2004 Error Codes &gt; MULTIPLE_TERMINATIONS Error Tests &gt; should correctly set and retrieve MULTIPLE_TERMINATIONS error code" time="0.00003025">
        </testcase>
        <testcase classname="test/api/ErrorCodes.spec.ts" name="Error Codes Tests &gt; SCORM 2004 Error Codes &gt; throwSCORMError Behavior Tests &gt; should set lastErrorCode when throwException is false" time="0.000046333">
        </testcase>
        <testcase classname="test/api/ErrorCodes.spec.ts" name="Error Codes Tests &gt; SCORM 2004 Error Codes &gt; throwSCORMError Behavior Tests &gt; should not overwrite lastErrorCode with subsequent operations" time="0.000286583">
        </testcase>
        <testcase classname="test/api/ErrorCodes.spec.ts" name="Error Codes Tests &gt; SCORM 2004 Error Codes &gt; throwSCORMError Behavior Tests &gt; should clear lastErrorCode when clearSCORMError is called with &apos;true&apos;" time="0.000054125">
        </testcase>
        <testcase classname="test/api/ErrorCodes.spec.ts" name="Error Codes Tests &gt; SCORM 2004 Error Codes &gt; TYPE_MISMATCH Error Tests (Real Scenarios) &gt; should set TYPE_MISMATCH (406) error code when setting an invalid value type" time="0.0005475">
        </testcase>
        <testcase classname="test/api/ErrorCodes.spec.ts" name="Error Codes Tests &gt; SCORM 2004 Error Codes &gt; TYPE_MISMATCH Error Tests (Real Scenarios) &gt; should set TYPE_MISMATCH (406) error code when setting an invalid timestamp value" time="0.000223291">
        </testcase>
        <testcase classname="test/api/ErrorCodes.spec.ts" name="Error Codes Tests &gt; SCORM 2004 Error Codes &gt; TYPE_MISMATCH Error Tests (Real Scenarios) &gt; should set TYPE_MISMATCH (406) error code when setting an invalid numeric value" time="0.000080583">
        </testcase>
        <testcase classname="test/api/ErrorCodes.spec.ts" name="Error Codes Tests &gt; SCORM 2004 Error Codes &gt; TYPE_MISMATCH Error Tests (Real Scenarios) &gt; should set TYPE_MISMATCH (406) error code when setting an invalid format for matching interaction" time="0.000222542">
        </testcase>
        <testcase classname="test/api/ErrorCodes.spec.ts" name="Error Codes Tests &gt; SCORM 2004 Error Codes &gt; TYPE_MISMATCH Error Tests (Real Scenarios) &gt; should maintain TYPE_MISMATCH (406) error code after multiple operations" time="0.000135125">
        </testcase>
        <testcase classname="test/api/ErrorCodes.spec.ts" name="Error Codes Tests &gt; SCORM 2004 Error Codes &gt; TYPE_MISMATCH Error Tests (Real Scenarios) &gt; should not set GENERAL (101) error code instead of TYPE_MISMATCH (406) when setting an incorrect value" time="0.00017775">
        </testcase>
        <testcase classname="test/api/ErrorCodes.spec.ts" name="Error Codes Tests &gt; SCORM 1.2 Error Codes &gt; GENERAL Error Tests &gt; should correctly set and retrieve GENERAL error code" time="0.000237625">
        </testcase>
        <testcase classname="test/api/ErrorCodes.spec.ts" name="Error Codes Tests &gt; SCORM 1.2 Error Codes &gt; INITIALIZATION_FAILED Error Tests &gt; should correctly set and retrieve INITIALIZATION_FAILED error code" time="0.0000395">
        </testcase>
        <testcase classname="test/api/ErrorCodes.spec.ts" name="Error Codes Tests &gt; SCORM 1.2 Error Codes &gt; INITIALIZED Error Tests &gt; should correctly set and retrieve INITIALIZED error code" time="0.00003475">
        </testcase>
        <testcase classname="test/api/ErrorCodes.spec.ts" name="Error Codes Tests &gt; SCORM 1.2 Error Codes &gt; TERMINATED Error Tests &gt; should correctly set and retrieve TERMINATED error code" time="0.000031417">
        </testcase>
        <testcase classname="test/api/ErrorCodes.spec.ts" name="Error Codes Tests &gt; SCORM 1.2 Error Codes &gt; TERMINATION_FAILURE Error Tests &gt; should correctly set and retrieve TERMINATION_FAILURE error code" time="0.000031792">
        </testcase>
        <testcase classname="test/api/ErrorCodes.spec.ts" name="Error Codes Tests &gt; SCORM 1.2 Error Codes &gt; TERMINATION_BEFORE_INIT Error Tests &gt; should correctly set and retrieve TERMINATION_BEFORE_INIT error code" time="0.000030417">
        </testcase>
        <testcase classname="test/api/ErrorCodes.spec.ts" name="Error Codes Tests &gt; SCORM 1.2 Error Codes &gt; MULTIPLE_TERMINATION Error Tests &gt; should correctly set and retrieve MULTIPLE_TERMINATION error code" time="0.000097">
        </testcase>
        <testcase classname="test/api/ErrorCodes.spec.ts" name="Error Codes Tests &gt; SCORM 1.2 Error Codes &gt; RETRIEVE_BEFORE_INIT Error Tests &gt; should correctly set and retrieve RETRIEVE_BEFORE_INIT error code" time="0.00003825">
        </testcase>
        <testcase classname="test/api/ErrorCodes.spec.ts" name="Error Codes Tests &gt; SCORM 1.2 Error Codes &gt; RETRIEVE_AFTER_TERM Error Tests &gt; should correctly set and retrieve RETRIEVE_AFTER_TERM error code" time="0.00011525">
        </testcase>
        <testcase classname="test/api/ErrorCodes.spec.ts" name="Error Codes Tests &gt; SCORM 1.2 Error Codes &gt; STORE_BEFORE_INIT Error Tests &gt; should correctly set and retrieve STORE_BEFORE_INIT error code" time="0.000066708">
        </testcase>
        <testcase classname="test/api/ErrorCodes.spec.ts" name="Error Codes Tests &gt; SCORM 1.2 Error Codes &gt; STORE_AFTER_TERM Error Tests &gt; should correctly set and retrieve STORE_AFTER_TERM error code" time="0.000033167">
        </testcase>
        <testcase classname="test/api/ErrorCodes.spec.ts" name="Error Codes Tests &gt; SCORM 1.2 Error Codes &gt; COMMIT_BEFORE_INIT Error Tests &gt; should correctly set and retrieve COMMIT_BEFORE_INIT error code" time="0.000027375">
        </testcase>
        <testcase classname="test/api/ErrorCodes.spec.ts" name="Error Codes Tests &gt; SCORM 1.2 Error Codes &gt; COMMIT_AFTER_TERM Error Tests &gt; should correctly set and retrieve COMMIT_AFTER_TERM error code" time="0.000028875">
        </testcase>
        <testcase classname="test/api/ErrorCodes.spec.ts" name="Error Codes Tests &gt; SCORM 1.2 Error Codes &gt; ARGUMENT_ERROR Error Tests &gt; should correctly set and retrieve ARGUMENT_ERROR error code" time="0.000028125">
        </testcase>
        <testcase classname="test/api/ErrorCodes.spec.ts" name="Error Codes Tests &gt; SCORM 1.2 Error Codes &gt; CHILDREN_ERROR Error Tests &gt; should correctly set and retrieve CHILDREN_ERROR error code" time="0.00003">
        </testcase>
        <testcase classname="test/api/ErrorCodes.spec.ts" name="Error Codes Tests &gt; SCORM 1.2 Error Codes &gt; COUNT_ERROR Error Tests &gt; should correctly set and retrieve COUNT_ERROR error code" time="0.000028041">
        </testcase>
        <testcase classname="test/api/ErrorCodes.spec.ts" name="Error Codes Tests &gt; SCORM 1.2 Error Codes &gt; GENERAL_GET_FAILURE Error Tests &gt; should correctly set and retrieve GENERAL_GET_FAILURE error code" time="0.000028125">
        </testcase>
        <testcase classname="test/api/ErrorCodes.spec.ts" name="Error Codes Tests &gt; SCORM 1.2 Error Codes &gt; GENERAL_SET_FAILURE Error Tests &gt; should correctly set and retrieve GENERAL_SET_FAILURE error code" time="0.00002725">
        </testcase>
        <testcase classname="test/api/ErrorCodes.spec.ts" name="Error Codes Tests &gt; SCORM 1.2 Error Codes &gt; GENERAL_COMMIT_FAILURE Error Tests &gt; should correctly set and retrieve GENERAL_COMMIT_FAILURE error code" time="0.000027459">
        </testcase>
        <testcase classname="test/api/ErrorCodes.spec.ts" name="Error Codes Tests &gt; SCORM 1.2 Error Codes &gt; UNDEFINED_DATA_MODEL Error Tests &gt; should correctly set and retrieve UNDEFINED_DATA_MODEL error code" time="0.000026708">
        </testcase>
        <testcase classname="test/api/ErrorCodes.spec.ts" name="Error Codes Tests &gt; SCORM 1.2 Error Codes &gt; UNIMPLEMENTED_ELEMENT Error Tests &gt; should correctly set and retrieve UNIMPLEMENTED_ELEMENT error code" time="0.000025583">
        </testcase>
        <testcase classname="test/api/ErrorCodes.spec.ts" name="Error Codes Tests &gt; SCORM 1.2 Error Codes &gt; VALUE_NOT_INITIALIZED Error Tests &gt; should correctly set and retrieve VALUE_NOT_INITIALIZED error code" time="0.000026208">
        </testcase>
        <testcase classname="test/api/ErrorCodes.spec.ts" name="Error Codes Tests &gt; SCORM 1.2 Error Codes &gt; INVALID_SET_VALUE Error Tests &gt; should correctly set and retrieve INVALID_SET_VALUE error code" time="0.000027542">
        </testcase>
        <testcase classname="test/api/ErrorCodes.spec.ts" name="Error Codes Tests &gt; SCORM 1.2 Error Codes &gt; READ_ONLY_ELEMENT Error Tests &gt; should correctly set and retrieve READ_ONLY_ELEMENT error code" time="0.000027834">
        </testcase>
        <testcase classname="test/api/ErrorCodes.spec.ts" name="Error Codes Tests &gt; SCORM 1.2 Error Codes &gt; WRITE_ONLY_ELEMENT Error Tests &gt; should correctly set and retrieve WRITE_ONLY_ELEMENT error code" time="0.000026542">
        </testcase>
        <testcase classname="test/api/ErrorCodes.spec.ts" name="Error Codes Tests &gt; SCORM 1.2 Error Codes &gt; TYPE_MISMATCH Error Tests &gt; should correctly set and retrieve TYPE_MISMATCH error code" time="0.000060542">
        </testcase>
        <testcase classname="test/api/ErrorCodes.spec.ts" name="Error Codes Tests &gt; SCORM 1.2 Error Codes &gt; VALUE_OUT_OF_RANGE Error Tests &gt; should correctly set and retrieve VALUE_OUT_OF_RANGE error code" time="0.000025291">
        </testcase>
        <testcase classname="test/api/ErrorCodes.spec.ts" name="Error Codes Tests &gt; SCORM 1.2 Error Codes &gt; DEPENDENCY_NOT_ESTABLISHED Error Tests &gt; should correctly set and retrieve DEPENDENCY_NOT_ESTABLISHED error code" time="0.000026625">
        </testcase>
        <testcase classname="test/api/ErrorCodes.spec.ts" name="Error Codes Tests &gt; AICC Error Codes &gt; GENERAL Error Tests &gt; should correctly set and retrieve GENERAL error code" time="0.000237583">
        </testcase>
        <testcase classname="test/api/ErrorCodes.spec.ts" name="Error Codes Tests &gt; AICC Error Codes &gt; INITIALIZATION_FAILED Error Tests &gt; should correctly set and retrieve INITIALIZATION_FAILED error code" time="0.000037375">
        </testcase>
        <testcase classname="test/api/ErrorCodes.spec.ts" name="Error Codes Tests &gt; AICC Error Codes &gt; INITIALIZED Error Tests &gt; should correctly set and retrieve INITIALIZED error code" time="0.00003475">
        </testcase>
        <testcase classname="test/api/ErrorCodes.spec.ts" name="Error Codes Tests &gt; AICC Error Codes &gt; TERMINATED Error Tests &gt; should correctly set and retrieve TERMINATED error code" time="0.000033958">
        </testcase>
        <testcase classname="test/api/ErrorCodes.spec.ts" name="Error Codes Tests &gt; AICC Error Codes &gt; TERMINATION_FAILURE Error Tests &gt; should correctly set and retrieve TERMINATION_FAILURE error code" time="0.000033708">
        </testcase>
        <testcase classname="test/api/ErrorCodes.spec.ts" name="Error Codes Tests &gt; AICC Error Codes &gt; TERMINATION_BEFORE_INIT Error Tests &gt; should correctly set and retrieve TERMINATION_BEFORE_INIT error code" time="0.000035375">
        </testcase>
        <testcase classname="test/api/ErrorCodes.spec.ts" name="Error Codes Tests &gt; AICC Error Codes &gt; MULTIPLE_TERMINATION Error Tests &gt; should correctly set and retrieve MULTIPLE_TERMINATION error code" time="0.00003475">
        </testcase>
        <testcase classname="test/api/ErrorCodes.spec.ts" name="Error Codes Tests &gt; AICC Error Codes &gt; RETRIEVE_BEFORE_INIT Error Tests &gt; should correctly set and retrieve RETRIEVE_BEFORE_INIT error code" time="0.000033167">
        </testcase>
        <testcase classname="test/api/ErrorCodes.spec.ts" name="Error Codes Tests &gt; AICC Error Codes &gt; RETRIEVE_AFTER_TERM Error Tests &gt; should correctly set and retrieve RETRIEVE_AFTER_TERM error code" time="0.000112">
        </testcase>
        <testcase classname="test/api/ErrorCodes.spec.ts" name="Error Codes Tests &gt; AICC Error Codes &gt; STORE_BEFORE_INIT Error Tests &gt; should correctly set and retrieve STORE_BEFORE_INIT error code" time="0.000057166">
        </testcase>
        <testcase classname="test/api/ErrorCodes.spec.ts" name="Error Codes Tests &gt; AICC Error Codes &gt; STORE_AFTER_TERM Error Tests &gt; should correctly set and retrieve STORE_AFTER_TERM error code" time="0.000034583">
        </testcase>
        <testcase classname="test/api/ErrorCodes.spec.ts" name="Error Codes Tests &gt; AICC Error Codes &gt; COMMIT_BEFORE_INIT Error Tests &gt; should correctly set and retrieve COMMIT_BEFORE_INIT error code" time="0.000031917">
        </testcase>
        <testcase classname="test/api/ErrorCodes.spec.ts" name="Error Codes Tests &gt; AICC Error Codes &gt; COMMIT_AFTER_TERM Error Tests &gt; should correctly set and retrieve COMMIT_AFTER_TERM error code" time="0.000031167">
        </testcase>
        <testcase classname="test/api/ErrorCodes.spec.ts" name="Error Codes Tests &gt; AICC Error Codes &gt; ARGUMENT_ERROR Error Tests &gt; should correctly set and retrieve ARGUMENT_ERROR error code" time="0.000030708">
        </testcase>
        <testcase classname="test/api/ErrorCodes.spec.ts" name="Error Codes Tests &gt; AICC Error Codes &gt; CHILDREN_ERROR Error Tests &gt; should correctly set and retrieve CHILDREN_ERROR error code" time="0.000030792">
        </testcase>
        <testcase classname="test/api/ErrorCodes.spec.ts" name="Error Codes Tests &gt; AICC Error Codes &gt; COUNT_ERROR Error Tests &gt; should correctly set and retrieve COUNT_ERROR error code" time="0.000030167">
        </testcase>
        <testcase classname="test/api/ErrorCodes.spec.ts" name="Error Codes Tests &gt; AICC Error Codes &gt; GENERAL_GET_FAILURE Error Tests &gt; should correctly set and retrieve GENERAL_GET_FAILURE error code" time="0.000029875">
        </testcase>
        <testcase classname="test/api/ErrorCodes.spec.ts" name="Error Codes Tests &gt; AICC Error Codes &gt; GENERAL_SET_FAILURE Error Tests &gt; should correctly set and retrieve GENERAL_SET_FAILURE error code" time="0.000030292">
        </testcase>
        <testcase classname="test/api/ErrorCodes.spec.ts" name="Error Codes Tests &gt; AICC Error Codes &gt; GENERAL_COMMIT_FAILURE Error Tests &gt; should correctly set and retrieve GENERAL_COMMIT_FAILURE error code" time="0.000042667">
        </testcase>
        <testcase classname="test/api/ErrorCodes.spec.ts" name="Error Codes Tests &gt; AICC Error Codes &gt; UNDEFINED_DATA_MODEL Error Tests &gt; should correctly set and retrieve UNDEFINED_DATA_MODEL error code" time="0.000030042">
        </testcase>
        <testcase classname="test/api/ErrorCodes.spec.ts" name="Error Codes Tests &gt; AICC Error Codes &gt; UNIMPLEMENTED_ELEMENT Error Tests &gt; should correctly set and retrieve UNIMPLEMENTED_ELEMENT error code" time="0.000029709">
        </testcase>
        <testcase classname="test/api/ErrorCodes.spec.ts" name="Error Codes Tests &gt; AICC Error Codes &gt; VALUE_NOT_INITIALIZED Error Tests &gt; should correctly set and retrieve VALUE_NOT_INITIALIZED error code" time="0.000029916">
        </testcase>
        <testcase classname="test/api/ErrorCodes.spec.ts" name="Error Codes Tests &gt; AICC Error Codes &gt; INVALID_SET_VALUE Error Tests &gt; should correctly set and retrieve INVALID_SET_VALUE error code" time="0.000030708">
        </testcase>
        <testcase classname="test/api/ErrorCodes.spec.ts" name="Error Codes Tests &gt; AICC Error Codes &gt; READ_ONLY_ELEMENT Error Tests &gt; should correctly set and retrieve READ_ONLY_ELEMENT error code" time="0.000030833">
        </testcase>
        <testcase classname="test/api/ErrorCodes.spec.ts" name="Error Codes Tests &gt; AICC Error Codes &gt; WRITE_ONLY_ELEMENT Error Tests &gt; should correctly set and retrieve WRITE_ONLY_ELEMENT error code" time="0.000029916">
        </testcase>
        <testcase classname="test/api/ErrorCodes.spec.ts" name="Error Codes Tests &gt; AICC Error Codes &gt; TYPE_MISMATCH Error Tests &gt; should correctly set and retrieve TYPE_MISMATCH error code" time="0.000030459">
        </testcase>
        <testcase classname="test/api/ErrorCodes.spec.ts" name="Error Codes Tests &gt; AICC Error Codes &gt; VALUE_OUT_OF_RANGE Error Tests &gt; should correctly set and retrieve VALUE_OUT_OF_RANGE error code" time="0.000030875">
        </testcase>
        <testcase classname="test/api/ErrorCodes.spec.ts" name="Error Codes Tests &gt; AICC Error Codes &gt; DEPENDENCY_NOT_ESTABLISHED Error Tests &gt; should correctly set and retrieve DEPENDENCY_NOT_ESTABLISHED error code" time="0.000031">
        </testcase>
    </testsuite>
    <testsuite name="test/api/ErrorConditions.spec.ts" timestamp="2025-05-05T03:31:07.967Z" hostname="jonathans-macbook-pro-2.mara-rohu.ts.net" tests="39" failures="0" errors="0" skipped="0" time="0.011190875">
        <testcase classname="test/api/ErrorConditions.spec.ts" name="Error Conditions Tests &gt; SCORM 2004 Error Conditions &gt; Initialization and Termination Errors &gt; should set INITIALIZED (103) error when attempting to initialize an already initialized API" time="0.001642083">
        </testcase>
        <testcase classname="test/api/ErrorConditions.spec.ts" name="Error Conditions Tests &gt; SCORM 2004 Error Conditions &gt; Initialization and Termination Errors &gt; should set TERMINATION_BEFORE_INIT (112) error when attempting to terminate before initializing" time="0.000218542">
        </testcase>
        <testcase classname="test/api/ErrorConditions.spec.ts" name="Error Conditions Tests &gt; SCORM 2004 Error Conditions &gt; Initialization and Termination Errors &gt; should set MULTIPLE_TERMINATIONS (113) error when attempting to terminate an already terminated API" time="0.000550791">
        </testcase>
        <testcase classname="test/api/ErrorConditions.spec.ts" name="Error Conditions Tests &gt; SCORM 2004 Error Conditions &gt; Data Access Errors &gt; should set RETRIEVE_BEFORE_INIT (122) error when attempting to get a value before initializing" time="0.0002045">
        </testcase>
        <testcase classname="test/api/ErrorConditions.spec.ts" name="Error Conditions Tests &gt; SCORM 2004 Error Conditions &gt; Data Access Errors &gt; should set RETRIEVE_AFTER_TERM (123) error when attempting to get a value after terminating" time="0.000179209">
        </testcase>
        <testcase classname="test/api/ErrorConditions.spec.ts" name="Error Conditions Tests &gt; SCORM 2004 Error Conditions &gt; Data Access Errors &gt; should set STORE_BEFORE_INIT (132) error when attempting to set a value before initializing" time="0.00015125">
        </testcase>
        <testcase classname="test/api/ErrorConditions.spec.ts" name="Error Conditions Tests &gt; SCORM 2004 Error Conditions &gt; Data Access Errors &gt; should set STORE_AFTER_TERM (133) error when attempting to set a value after terminating" time="0.000114541">
        </testcase>
        <testcase classname="test/api/ErrorConditions.spec.ts" name="Error Conditions Tests &gt; SCORM 2004 Error Conditions &gt; Data Access Errors &gt; should set COMMIT_BEFORE_INIT (142) error when attempting to commit before initializing" time="0.000211625">
        </testcase>
        <testcase classname="test/api/ErrorConditions.spec.ts" name="Error Conditions Tests &gt; SCORM 2004 Error Conditions &gt; Data Access Errors &gt; should set COMMIT_AFTER_TERM (143) error when attempting to commit after terminating" time="0.000491917">
        </testcase>
        <testcase classname="test/api/ErrorConditions.spec.ts" name="Error Conditions Tests &gt; SCORM 2004 Error Conditions &gt; Data Model Errors &gt; should set UNDEFINED_DATA_MODEL (401) error when attempting to access an undefined data model element" time="0.000269541">
        </testcase>
        <testcase classname="test/api/ErrorConditions.spec.ts" name="Error Conditions Tests &gt; SCORM 2004 Error Conditions &gt; Data Model Errors &gt; should set READ_ONLY_ELEMENT (404) error when attempting to set a read-only element" time="0.001143875">
        </testcase>
        <testcase classname="test/api/ErrorConditions.spec.ts" name="Error Conditions Tests &gt; SCORM 2004 Error Conditions &gt; Data Model Errors &gt; should set WRITE_ONLY_ELEMENT (405) error when attempting to get a write-only element" time="0.000428125">
        </testcase>
        <testcase classname="test/api/ErrorConditions.spec.ts" name="Error Conditions Tests &gt; SCORM 2004 Error Conditions &gt; Data Model Errors &gt; should set TYPE_MISMATCH (406) error when setting a value with incorrect data type" time="0.000181334">
        </testcase>
        <testcase classname="test/api/ErrorConditions.spec.ts" name="Error Conditions Tests &gt; SCORM 2004 Error Conditions &gt; Data Model Errors &gt; should set VALUE_OUT_OF_RANGE (407) error when setting a value outside the allowed range" time="0.000367959">
        </testcase>
        <testcase classname="test/api/ErrorConditions.spec.ts" name="Error Conditions Tests &gt; SCORM 2004 Error Conditions &gt; Data Model Errors &gt; should set DEPENDENCY_NOT_ESTABLISHED (408) error when a dependency is not met" time="0.000273667">
        </testcase>
        <testcase classname="test/api/ErrorConditions.spec.ts" name="Error Conditions Tests &gt; SCORM 1.2 Error Conditions &gt; Initialization and Termination Errors &gt; should set INITIALIZED (101) error when attempting to initialize an already initialized API" time="0.00035575">
        </testcase>
        <testcase classname="test/api/ErrorConditions.spec.ts" name="Error Conditions Tests &gt; SCORM 1.2 Error Conditions &gt; Initialization and Termination Errors &gt; should set TERMINATION_BEFORE_INIT (101) error when attempting to terminate before initializing" time="0.000108333">
        </testcase>
        <testcase classname="test/api/ErrorConditions.spec.ts" name="Error Conditions Tests &gt; SCORM 1.2 Error Conditions &gt; Initialization and Termination Errors &gt; should set MULTIPLE_TERMINATION (101) error when attempting to terminate an already terminated API" time="0.000289041">
        </testcase>
        <testcase classname="test/api/ErrorConditions.spec.ts" name="Error Conditions Tests &gt; SCORM 1.2 Error Conditions &gt; Data Access Errors &gt; should set RETRIEVE_BEFORE_INIT (301) error when attempting to get a value before initializing" time="0.000068541">
        </testcase>
        <testcase classname="test/api/ErrorConditions.spec.ts" name="Error Conditions Tests &gt; SCORM 1.2 Error Conditions &gt; Data Access Errors &gt; should set STORE_BEFORE_INIT (301) error when attempting to set a value before initializing" time="0.000213584">
        </testcase>
        <testcase classname="test/api/ErrorConditions.spec.ts" name="Error Conditions Tests &gt; SCORM 1.2 Error Conditions &gt; Data Access Errors &gt; should set COMMIT_BEFORE_INIT (301) error when attempting to commit before initializing" time="0.000071167">
        </testcase>
        <testcase classname="test/api/ErrorConditions.spec.ts" name="Error Conditions Tests &gt; SCORM 1.2 Error Conditions &gt; Data Model Errors &gt; should set UNDEFINED_DATA_MODEL (401) error when attempting to access an undefined data model element" time="0.0001485">
        </testcase>
        <testcase classname="test/api/ErrorConditions.spec.ts" name="Error Conditions Tests &gt; SCORM 1.2 Error Conditions &gt; Data Model Errors &gt; should set INVALID_SET_VALUE (402) error when setting an invalid value" time="0.000142833">
        </testcase>
        <testcase classname="test/api/ErrorConditions.spec.ts" name="Error Conditions Tests &gt; SCORM 1.2 Error Conditions &gt; Data Model Errors &gt; should set READ_ONLY_ELEMENT (403) error when attempting to set a read-only element" time="0.000216625">
        </testcase>
        <testcase classname="test/api/ErrorConditions.spec.ts" name="Error Conditions Tests &gt; SCORM 1.2 Error Conditions &gt; Data Model Errors &gt; should set WRITE_ONLY_ELEMENT (404) error when attempting to get a write-only element" time="0.0001175">
        </testcase>
        <testcase classname="test/api/ErrorConditions.spec.ts" name="Error Conditions Tests &gt; SCORM 1.2 Error Conditions &gt; Data Model Errors &gt; should set TYPE_MISMATCH (405) error when setting a value with incorrect data type" time="0.000101167">
        </testcase>
        <testcase classname="test/api/ErrorConditions.spec.ts" name="Error Conditions Tests &gt; SCORM 1.2 Error Conditions &gt; Data Model Errors &gt; should set VALUE_OUT_OF_RANGE (407) error when setting a value outside the allowed range" time="0.000122708">
        </testcase>
        <testcase classname="test/api/ErrorConditions.spec.ts" name="Error Conditions Tests &gt; SCORM 1.2 Error Conditions &gt; Data Model Errors &gt; should set DEPENDENCY_NOT_ESTABLISHED (408) error when a dependency is not met" time="0.000171">
        </testcase>
        <testcase classname="test/api/ErrorConditions.spec.ts" name="Error Conditions Tests &gt; AICC Error Conditions &gt; Initialization and Termination Errors &gt; should set INITIALIZED (101) error when attempting to initialize an already initialized API" time="0.000468292">
        </testcase>
        <testcase classname="test/api/ErrorConditions.spec.ts" name="Error Conditions Tests &gt; AICC Error Conditions &gt; Initialization and Termination Errors &gt; should set TERMINATION_BEFORE_INIT (101) error when attempting to terminate before initializing" time="0.000083917">
        </testcase>
        <testcase classname="test/api/ErrorConditions.spec.ts" name="Error Conditions Tests &gt; AICC Error Conditions &gt; Initialization and Termination Errors &gt; should set MULTIPLE_TERMINATION (101) error when attempting to terminate an already terminated API" time="0.000287375">
        </testcase>
        <testcase classname="test/api/ErrorConditions.spec.ts" name="Error Conditions Tests &gt; AICC Error Conditions &gt; Data Access Errors &gt; should set RETRIEVE_BEFORE_INIT (301) error when attempting to get a value before initializing" time="0.000071875">
        </testcase>
        <testcase classname="test/api/ErrorConditions.spec.ts" name="Error Conditions Tests &gt; AICC Error Conditions &gt; Data Access Errors &gt; should set STORE_BEFORE_INIT (301) error when attempting to set a value before initializing" time="0.000064417">
        </testcase>
        <testcase classname="test/api/ErrorConditions.spec.ts" name="Error Conditions Tests &gt; AICC Error Conditions &gt; Data Access Errors &gt; should set COMMIT_BEFORE_INIT (301) error when attempting to commit before initializing" time="0.000064458">
        </testcase>
        <testcase classname="test/api/ErrorConditions.spec.ts" name="Error Conditions Tests &gt; AICC Error Conditions &gt; Data Model Errors &gt; should set UNDEFINED_DATA_MODEL (401) error when attempting to access an undefined data model element" time="0.000071792">
        </testcase>
        <testcase classname="test/api/ErrorConditions.spec.ts" name="Error Conditions Tests &gt; AICC Error Conditions &gt; Data Model Errors &gt; should set INVALID_SET_VALUE (402) error when setting an invalid value" time="0.000119208">
        </testcase>
        <testcase classname="test/api/ErrorConditions.spec.ts" name="Error Conditions Tests &gt; AICC Error Conditions &gt; Data Model Errors &gt; should set READ_ONLY_ELEMENT (403) error when attempting to set a read-only element" time="0.000196291">
        </testcase>
        <testcase classname="test/api/ErrorConditions.spec.ts" name="Error Conditions Tests &gt; AICC Error Conditions &gt; Data Model Errors &gt; should set TYPE_MISMATCH (405) error when setting a value with incorrect data type" time="0.000093791">
        </testcase>
        <testcase classname="test/api/ErrorConditions.spec.ts" name="Error Conditions Tests &gt; AICC Error Conditions &gt; Data Model Errors &gt; should set VALUE_OUT_OF_RANGE (407) error when setting a value outside the allowed range" time="0.000125375">
        </testcase>
    </testsuite>
    <testsuite name="test/api/EventHandling.spec.ts" timestamp="2025-05-05T03:31:07.969Z" hostname="jonathans-macbook-pro-2.mara-rohu.ts.net" tests="11" failures="0" errors="0" skipped="0" time="0.015008083">
        <testcase classname="test/api/EventHandling.spec.ts" name="Event Handling &gt; Basic Event Registration &gt; should register and trigger a simple event listener" time="0.001756125">
        </testcase>
        <testcase classname="test/api/EventHandling.spec.ts" name="Event Handling &gt; Basic Event Registration &gt; should register and trigger multiple event listeners for the same event" time="0.000274958">
        </testcase>
        <testcase classname="test/api/EventHandling.spec.ts" name="Event Handling &gt; Basic Event Registration &gt; should register and trigger event listeners with CMI element filtering" time="0.001732208">
        </testcase>
        <testcase classname="test/api/EventHandling.spec.ts" name="Event Handling &gt; Event Removal &gt; should remove a specific event listener" time="0.000518334">
        </testcase>
        <testcase classname="test/api/EventHandling.spec.ts" name="Event Handling &gt; Event Removal &gt; should clear all listeners for a specific event" time="0.000205708">
        </testcase>
        <testcase classname="test/api/EventHandling.spec.ts" name="Event Handling &gt; SCORM 2004 Specific Events &gt; should trigger SequenceNext event on autoProgress" time="0.002275292">
        </testcase>
        <testcase classname="test/api/EventHandling.spec.ts" name="Event Handling &gt; SCORM 2004 Specific Events &gt; should trigger navigation events based on adl.nav.request" time="0.001929041">
        </testcase>
        <testcase classname="test/api/EventHandling.spec.ts" name="Event Handling &gt; Commit Events &gt; should trigger CommitSuccess event on successful commit" time="0.002156083">
        </testcase>
        <testcase classname="test/api/EventHandling.spec.ts" name="Event Handling &gt; Commit Events &gt; should trigger CommitError event on failed commit" time="0.002130333">
        </testcase>
        <testcase classname="test/api/EventHandling.spec.ts" name="Event Handling &gt; Wildcard Event Matching &gt; should match events with wildcard patterns" time="0.000526125">
        </testcase>
        <testcase classname="test/api/EventHandling.spec.ts" name="Event Handling &gt; Multiple Event Registration &gt; should register multiple events in a single call" time="0.000694167">
        </testcase>
    </testsuite>
    <testsuite name="test/api/Scorm12API.additional.spec.ts" timestamp="2025-05-05T03:31:07.970Z" hostname="jonathans-macbook-pro-2.mara-rohu.ts.net" tests="18" failures="0" errors="0" skipped="0" time="0.005689834">
        <testcase classname="test/api/Scorm12API.additional.spec.ts" name="SCORM 1.2 API Additional Tests &gt; lmsInitialize() &gt; should initialize the API and return SCORM_TRUE" time="0.001934833">
        </testcase>
        <testcase classname="test/api/Scorm12API.additional.spec.ts" name="SCORM 1.2 API Additional Tests &gt; lmsInitialize() &gt; should set statusSetByModule to true if lesson_status is already set" time="0.000325875">
        </testcase>
        <testcase classname="test/api/Scorm12API.additional.spec.ts" name="SCORM 1.2 API Additional Tests &gt; internalFinish() &gt; should call terminate with &apos;LMSFinish&apos; and true" time="0.000267083">
        </testcase>
        <testcase classname="test/api/Scorm12API.additional.spec.ts" name="SCORM 1.2 API Additional Tests &gt; internalFinish() &gt; should process &apos;SequenceNext&apos; listener when nav.event is &apos;continue&apos;" time="0.000154584">
        </testcase>
        <testcase classname="test/api/Scorm12API.additional.spec.ts" name="SCORM 1.2 API Additional Tests &gt; internalFinish() &gt; should process &apos;SequencePrevious&apos; listener when nav.event is not &apos;continue&apos;" time="0.000189333">
        </testcase>
        <testcase classname="test/api/Scorm12API.additional.spec.ts" name="SCORM 1.2 API Additional Tests &gt; internalFinish() &gt; should process &apos;SequenceNext&apos; listener when autoProgress is true and nav.event is empty" time="0.000119833">
        </testcase>
        <testcase classname="test/api/Scorm12API.additional.spec.ts" name="SCORM 1.2 API Additional Tests &gt; internalFinish() &gt; should not process any listeners when autoProgress is false and nav.event is empty" time="0.000246083">
        </testcase>
        <testcase classname="test/api/Scorm12API.additional.spec.ts" name="SCORM 1.2 API Additional Tests &gt; lmsGetLastError() &gt; should call getLastError with &apos;LMSGetLastError&apos;" time="0.000118334">
        </testcase>
        <testcase classname="test/api/Scorm12API.additional.spec.ts" name="SCORM 1.2 API Additional Tests &gt; lmsGetErrorString() &gt; should call getErrorString with &apos;LMSGetErrorString&apos; and the error code" time="0.000231">
        </testcase>
        <testcase classname="test/api/Scorm12API.additional.spec.ts" name="SCORM 1.2 API Additional Tests &gt; lmsGetDiagnostic() &gt; should call getDiagnostic with &apos;LMSGetDiagnostic&apos; and the error code" time="0.000191542">
        </testcase>
        <testcase classname="test/api/Scorm12API.additional.spec.ts" name="SCORM 1.2 API Additional Tests &gt; validateCorrectResponse() &gt; should not throw an error (empty implementation)" time="0.000298667">
        </testcase>
        <testcase classname="test/api/Scorm12API.additional.spec.ts" name="SCORM 1.2 API Additional Tests &gt; getLmsErrorMessageDetails() &gt; should return basic message when detail is false" time="0.000131875">
        </testcase>
        <testcase classname="test/api/Scorm12API.additional.spec.ts" name="SCORM 1.2 API Additional Tests &gt; getLmsErrorMessageDetails() &gt; should return detail message when detail is true" time="0.000052833">
        </testcase>
        <testcase classname="test/api/Scorm12API.additional.spec.ts" name="SCORM 1.2 API Additional Tests &gt; getLmsErrorMessageDetails() &gt; should handle string error codes" time="0.000167458">
        </testcase>
        <testcase classname="test/api/Scorm12API.additional.spec.ts" name="SCORM 1.2 API Additional Tests &gt; getLmsErrorMessageDetails() &gt; should return &apos;No Error&apos; for unknown error codes" time="0.000055875">
        </testcase>
        <testcase classname="test/api/Scorm12API.additional.spec.ts" name="SCORM 1.2 API Additional Tests &gt; lmsCommit() &gt; should schedule commit when asyncCommit is true" time="0.000200417">
        </testcase>
        <testcase classname="test/api/Scorm12API.additional.spec.ts" name="SCORM 1.2 API Additional Tests &gt; lmsCommit() &gt; should call commit directly when asyncCommit is false" time="0.000163667">
        </testcase>
        <testcase classname="test/api/Scorm12API.additional.spec.ts" name="SCORM 1.2 API Additional Tests &gt; lmsFinish() &gt; should call internalFinish and return SCORM_TRUE" time="0.000088459">
        </testcase>
    </testsuite>
    <testsuite name="test/api/Scorm12API.spec.ts" timestamp="2025-05-05T03:31:07.971Z" hostname="jonathans-macbook-pro-2.mara-rohu.ts.net" tests="118" failures="0" errors="0" skipped="0" time="0.024198333">
        <testcase classname="test/api/Scorm12API.spec.ts" name="SCORM 1.2 API Tests &gt; loadFromJSON() &gt; should load JSON data into the CMI object" time="0.0010815">
        </testcase>
        <testcase classname="test/api/Scorm12API.spec.ts" name="SCORM 1.2 API Tests &gt; loadFromJSON() &gt; should load nested JSON data into the CMI object" time="0.000298375">
        </testcase>
        <testcase classname="test/api/Scorm12API.spec.ts" name="SCORM 1.2 API Tests &gt; loadFromJSON() &gt; should load nested JSON data into the CMI object in a backwards compatible way with v1" time="0.000177667">
        </testcase>
        <testcase classname="test/api/Scorm12API.spec.ts" name="SCORM 1.2 API Tests &gt; loadFromJSON() &gt; should load nested cmi JSON data into the CMI object" time="0.000114333">
        </testcase>
        <testcase classname="test/api/Scorm12API.spec.ts" name="SCORM 1.2 API Tests &gt; loadFromJSON() &gt; should load nested JSON data into the CMI object in a backwards compatible way with v1" time="0.000150042">
        </testcase>
        <testcase classname="test/api/Scorm12API.spec.ts" name="SCORM 1.2 API Tests &gt; loadFromJSON() &gt; should handle empty JSON data" time="0.000123334">
        </testcase>
        <testcase classname="test/api/Scorm12API.spec.ts" name="SCORM 1.2 API Tests &gt; loadFromJSON() &gt; should not load data if API is initialized" time="0.000533667">
            <system-err>
loadFromJSON can only be called before the call to lmsInitialize.

            </system-err>
        </testcase>
        <testcase classname="test/api/Scorm12API.spec.ts" name="SCORM 1.2 API Tests &gt; LMSSetValue() &gt; Field: cmi.core.score.raw &gt; Should successfully write &apos;1&apos; to cmi.core.score.raw" time="0.000097167">
        </testcase>
        <testcase classname="test/api/Scorm12API.spec.ts" name="SCORM 1.2 API Tests &gt; LMSSetValue() &gt; Field: cmi.core.score.raw &gt; Should successfully write &apos;50.25&apos; to cmi.core.score.raw" time="0.000087375">
        </testcase>
        <testcase classname="test/api/Scorm12API.spec.ts" name="SCORM 1.2 API Tests &gt; LMSSetValue() &gt; Field: cmi.core.score.raw &gt; Should successfully write &apos;70&apos; to cmi.core.score.raw" time="0.000046625">
        </testcase>
        <testcase classname="test/api/Scorm12API.spec.ts" name="SCORM 1.2 API Tests &gt; LMSSetValue() &gt; Field: cmi.core.score.raw &gt; Should successfully write &apos;100&apos; to cmi.core.score.raw" time="0.000034292">
        </testcase>
        <testcase classname="test/api/Scorm12API.spec.ts" name="SCORM 1.2 API Tests &gt; LMSSetValue() &gt; Field: cmi.core.score.raw &gt; Should successfully write &apos;1&apos; to cmi.core.score.raw" time="0.000069708">
        </testcase>
        <testcase classname="test/api/Scorm12API.spec.ts" name="SCORM 1.2 API Tests &gt; LMSSetValue() &gt; Field: cmi.core.score.raw &gt; Should successfully write &apos;50.25&apos; to cmi.core.score.raw" time="0.000035916">
        </testcase>
        <testcase classname="test/api/Scorm12API.spec.ts" name="SCORM 1.2 API Tests &gt; LMSSetValue() &gt; Field: cmi.core.score.raw &gt; Should successfully write &apos;70&apos; to cmi.core.score.raw" time="0.000149833">
        </testcase>
        <testcase classname="test/api/Scorm12API.spec.ts" name="SCORM 1.2 API Tests &gt; LMSSetValue() &gt; Field: cmi.core.score.raw &gt; Should successfully write &apos;100&apos; to cmi.core.score.raw" time="0.000043042">
        </testcase>
        <testcase classname="test/api/Scorm12API.spec.ts" name="SCORM 1.2 API Tests &gt; LMSSetValue() &gt; Field: cmi.core.score.raw &gt; Should fail to write &apos;invalid&apos; to cmi.core.score.raw" time="0.000146667">
        </testcase>
        <testcase classname="test/api/Scorm12API.spec.ts" name="SCORM 1.2 API Tests &gt; LMSSetValue() &gt; Field: cmi.core.score.raw &gt; Should fail to write &apos;a100&apos; to cmi.core.score.raw" time="0.000046625">
        </testcase>
        <testcase classname="test/api/Scorm12API.spec.ts" name="SCORM 1.2 API Tests &gt; LMSSetValue() &gt; Field: cmi.core.score.raw &gt; Should fail to write &apos;-1&apos; to cmi.core.score.raw" time="0.000081834">
        </testcase>
        <testcase classname="test/api/Scorm12API.spec.ts" name="SCORM 1.2 API Tests &gt; LMSSetValue() &gt; Field: cmi.core.score.raw &gt; Should fail to write &apos;101&apos; to cmi.core.score.raw" time="0.000043417">
        </testcase>
        <testcase classname="test/api/Scorm12API.spec.ts" name="SCORM 1.2 API Tests &gt; LMSSetValue() &gt; Field: cmi.core.score.raw &gt; Should fail to write &apos;-100000&apos; to cmi.core.score.raw" time="0.000064958">
        </testcase>
        <testcase classname="test/api/Scorm12API.spec.ts" name="SCORM 1.2 API Tests &gt; LMSSetValue() &gt; Field: cmi.core.score.raw &gt; Should fail to write &apos;100000&apos; to cmi.core.score.raw" time="0.000033458">
        </testcase>
        <testcase classname="test/api/Scorm12API.spec.ts" name="SCORM 1.2 API Tests &gt; LMSSetValue() &gt; Field: cmi.core.score.min &gt; Should successfully write &apos;1&apos; to cmi.core.score.min" time="0.000031708">
        </testcase>
        <testcase classname="test/api/Scorm12API.spec.ts" name="SCORM 1.2 API Tests &gt; LMSSetValue() &gt; Field: cmi.core.score.min &gt; Should successfully write &apos;50.25&apos; to cmi.core.score.min" time="0.000028542">
        </testcase>
        <testcase classname="test/api/Scorm12API.spec.ts" name="SCORM 1.2 API Tests &gt; LMSSetValue() &gt; Field: cmi.core.score.min &gt; Should successfully write &apos;70&apos; to cmi.core.score.min" time="0.000025291">
        </testcase>
        <testcase classname="test/api/Scorm12API.spec.ts" name="SCORM 1.2 API Tests &gt; LMSSetValue() &gt; Field: cmi.core.score.min &gt; Should successfully write &apos;100&apos; to cmi.core.score.min" time="0.000027166">
        </testcase>
        <testcase classname="test/api/Scorm12API.spec.ts" name="SCORM 1.2 API Tests &gt; LMSSetValue() &gt; Field: cmi.core.score.min &gt; Should successfully write &apos;1&apos; to cmi.core.score.min" time="0.0000255">
        </testcase>
        <testcase classname="test/api/Scorm12API.spec.ts" name="SCORM 1.2 API Tests &gt; LMSSetValue() &gt; Field: cmi.core.score.min &gt; Should successfully write &apos;50.25&apos; to cmi.core.score.min" time="0.000026375">
        </testcase>
        <testcase classname="test/api/Scorm12API.spec.ts" name="SCORM 1.2 API Tests &gt; LMSSetValue() &gt; Field: cmi.core.score.min &gt; Should successfully write &apos;70&apos; to cmi.core.score.min" time="0.000024209">
        </testcase>
        <testcase classname="test/api/Scorm12API.spec.ts" name="SCORM 1.2 API Tests &gt; LMSSetValue() &gt; Field: cmi.core.score.min &gt; Should successfully write &apos;100&apos; to cmi.core.score.min" time="0.000024208">
        </testcase>
        <testcase classname="test/api/Scorm12API.spec.ts" name="SCORM 1.2 API Tests &gt; LMSSetValue() &gt; Field: cmi.core.score.min &gt; Should fail to write &apos;invalid&apos; to cmi.core.score.min" time="0.000031334">
        </testcase>
        <testcase classname="test/api/Scorm12API.spec.ts" name="SCORM 1.2 API Tests &gt; LMSSetValue() &gt; Field: cmi.core.score.min &gt; Should fail to write &apos;a100&apos; to cmi.core.score.min" time="0.000031459">
        </testcase>
        <testcase classname="test/api/Scorm12API.spec.ts" name="SCORM 1.2 API Tests &gt; LMSSetValue() &gt; Field: cmi.core.score.min &gt; Should fail to write &apos;-1&apos; to cmi.core.score.min" time="0.0000715">
        </testcase>
        <testcase classname="test/api/Scorm12API.spec.ts" name="SCORM 1.2 API Tests &gt; LMSSetValue() &gt; Field: cmi.core.score.min &gt; Should fail to write &apos;101&apos; to cmi.core.score.min" time="0.000042917">
        </testcase>
        <testcase classname="test/api/Scorm12API.spec.ts" name="SCORM 1.2 API Tests &gt; LMSSetValue() &gt; Field: cmi.core.score.min &gt; Should fail to write &apos;-100000&apos; to cmi.core.score.min" time="0.000034625">
        </testcase>
        <testcase classname="test/api/Scorm12API.spec.ts" name="SCORM 1.2 API Tests &gt; LMSSetValue() &gt; Field: cmi.core.score.min &gt; Should fail to write &apos;100000&apos; to cmi.core.score.min" time="0.000065459">
        </testcase>
        <testcase classname="test/api/Scorm12API.spec.ts" name="SCORM 1.2 API Tests &gt; LMSSetValue() &gt; Field: cmi.core.score.max &gt; Should successfully write &apos;1&apos; to cmi.core.score.max" time="0.000027833">
        </testcase>
        <testcase classname="test/api/Scorm12API.spec.ts" name="SCORM 1.2 API Tests &gt; LMSSetValue() &gt; Field: cmi.core.score.max &gt; Should successfully write &apos;50.25&apos; to cmi.core.score.max" time="0.000024375">
        </testcase>
        <testcase classname="test/api/Scorm12API.spec.ts" name="SCORM 1.2 API Tests &gt; LMSSetValue() &gt; Field: cmi.core.score.max &gt; Should successfully write &apos;70&apos; to cmi.core.score.max" time="0.000022666">
        </testcase>
        <testcase classname="test/api/Scorm12API.spec.ts" name="SCORM 1.2 API Tests &gt; LMSSetValue() &gt; Field: cmi.core.score.max &gt; Should successfully write &apos;100&apos; to cmi.core.score.max" time="0.00006375">
        </testcase>
        <testcase classname="test/api/Scorm12API.spec.ts" name="SCORM 1.2 API Tests &gt; LMSSetValue() &gt; Field: cmi.core.score.max &gt; Should successfully write &apos;1&apos; to cmi.core.score.max" time="0.000027209">
        </testcase>
        <testcase classname="test/api/Scorm12API.spec.ts" name="SCORM 1.2 API Tests &gt; LMSSetValue() &gt; Field: cmi.core.score.max &gt; Should successfully write &apos;50.25&apos; to cmi.core.score.max" time="0.000025375">
        </testcase>
        <testcase classname="test/api/Scorm12API.spec.ts" name="SCORM 1.2 API Tests &gt; LMSSetValue() &gt; Field: cmi.core.score.max &gt; Should successfully write &apos;70&apos; to cmi.core.score.max" time="0.000021583">
        </testcase>
        <testcase classname="test/api/Scorm12API.spec.ts" name="SCORM 1.2 API Tests &gt; LMSSetValue() &gt; Field: cmi.core.score.max &gt; Should successfully write &apos;100&apos; to cmi.core.score.max" time="0.000020167">
        </testcase>
        <testcase classname="test/api/Scorm12API.spec.ts" name="SCORM 1.2 API Tests &gt; LMSSetValue() &gt; Field: cmi.core.score.max &gt; Should fail to write &apos;invalid&apos; to cmi.core.score.max" time="0.000030625">
        </testcase>
        <testcase classname="test/api/Scorm12API.spec.ts" name="SCORM 1.2 API Tests &gt; LMSSetValue() &gt; Field: cmi.core.score.max &gt; Should fail to write &apos;a100&apos; to cmi.core.score.max" time="0.000026792">
        </testcase>
        <testcase classname="test/api/Scorm12API.spec.ts" name="SCORM 1.2 API Tests &gt; LMSSetValue() &gt; Field: cmi.core.score.max &gt; Should fail to write &apos;-1&apos; to cmi.core.score.max" time="0.000026542">
        </testcase>
        <testcase classname="test/api/Scorm12API.spec.ts" name="SCORM 1.2 API Tests &gt; LMSSetValue() &gt; Field: cmi.core.score.max &gt; Should fail to write &apos;101&apos; to cmi.core.score.max" time="0.00005925">
        </testcase>
        <testcase classname="test/api/Scorm12API.spec.ts" name="SCORM 1.2 API Tests &gt; LMSSetValue() &gt; Field: cmi.core.score.max &gt; Should fail to write &apos;-100000&apos; to cmi.core.score.max" time="0.00003">
        </testcase>
        <testcase classname="test/api/Scorm12API.spec.ts" name="SCORM 1.2 API Tests &gt; LMSSetValue() &gt; Field: cmi.core.score.max &gt; Should fail to write &apos;100000&apos; to cmi.core.score.max" time="0.000024792">
        </testcase>
        <testcase classname="test/api/Scorm12API.spec.ts" name="SCORM 1.2 API Tests &gt; setCMIValue() &gt; Invalid Sets - Should Always Fail &gt; Field: cmi._version &gt; Should fail to set CMI value for cmi._version" time="0.000395667">
        </testcase>
        <testcase classname="test/api/Scorm12API.spec.ts" name="SCORM 1.2 API Tests &gt; setCMIValue() &gt; Invalid Sets - Should Always Fail &gt; Field: cmi._children &gt; Should fail to set CMI value for cmi._children" time="0.000067375">
        </testcase>
        <testcase classname="test/api/Scorm12API.spec.ts" name="SCORM 1.2 API Tests &gt; setCMIValue() &gt; Invalid Sets - Should Always Fail &gt; Field: cmi.core._children &gt; Should fail to set CMI value for cmi.core._children" time="0.000050042">
        </testcase>
        <testcase classname="test/api/Scorm12API.spec.ts" name="SCORM 1.2 API Tests &gt; setCMIValue() &gt; Invalid Sets - Should Always Fail &gt; Field: cmi.core.score._children &gt; Should fail to set CMI value for cmi.core.score._children" time="0.000050292">
        </testcase>
        <testcase classname="test/api/Scorm12API.spec.ts" name="SCORM 1.2 API Tests &gt; setCMIValue() &gt; Invalid Sets - Should Always Fail &gt; Field: cmi.objectives._children &gt; Should fail to set CMI value for cmi.objectives._children" time="0.000047417">
        </testcase>
        <testcase classname="test/api/Scorm12API.spec.ts" name="SCORM 1.2 API Tests &gt; setCMIValue() &gt; Invalid Sets - Should Always Fail &gt; Field: cmi.objectives._count &gt; Should fail to set CMI value for cmi.objectives._count" time="0.000043667">
        </testcase>
        <testcase classname="test/api/Scorm12API.spec.ts" name="SCORM 1.2 API Tests &gt; setCMIValue() &gt; Invalid Sets - Should Always Fail &gt; Field: cmi.interactions._children &gt; Should fail to set CMI value for cmi.interactions._children" time="0.000039833">
        </testcase>
        <testcase classname="test/api/Scorm12API.spec.ts" name="SCORM 1.2 API Tests &gt; setCMIValue() &gt; Invalid Sets - Should Always Fail &gt; Field: cmi.interactions._count &gt; Should fail to set CMI value for cmi.interactions._count" time="0.000036208">
        </testcase>
        <testcase classname="test/api/Scorm12API.spec.ts" name="SCORM 1.2 API Tests &gt; setCMIValue() &gt; Invalid Sets - Should Always Fail &gt; Field: cmi.interactions.0.objectives._count &gt; Should fail to set CMI value for cmi.interactions.0.objectives._count" time="0.000099209">
        </testcase>
        <testcase classname="test/api/Scorm12API.spec.ts" name="SCORM 1.2 API Tests &gt; setCMIValue() &gt; Invalid Sets - Should Always Fail &gt; Field: cmi.interactions.0.correct_responses._count &gt; Should fail to set CMI value for cmi.interactions.0.correct_responses._count" time="0.000055792">
        </testcase>
        <testcase classname="test/api/Scorm12API.spec.ts" name="SCORM 1.2 API Tests &gt; setCMIValue() &gt; Invalid Sets - Should Fail After Initialization &gt; Field: cmi.launch_data &gt; Should fail to set CMI value for cmi.launch_data" time="0.000096833">
        </testcase>
        <testcase classname="test/api/Scorm12API.spec.ts" name="SCORM 1.2 API Tests &gt; setCMIValue() &gt; Invalid Sets - Should Fail After Initialization &gt; Field: cmi.comments_from_lms &gt; Should fail to set CMI value for cmi.comments_from_lms" time="0.000078958">
        </testcase>
        <testcase classname="test/api/Scorm12API.spec.ts" name="SCORM 1.2 API Tests &gt; setCMIValue() &gt; Invalid Sets - Should Fail After Initialization &gt; Field: cmi.core.student_id &gt; Should fail to set CMI value for cmi.core.student_id" time="0.000039792">
        </testcase>
        <testcase classname="test/api/Scorm12API.spec.ts" name="SCORM 1.2 API Tests &gt; setCMIValue() &gt; Invalid Sets - Should Fail After Initialization &gt; Field: cmi.core.student_name &gt; Should fail to set CMI value for cmi.core.student_name" time="0.000033916">
        </testcase>
        <testcase classname="test/api/Scorm12API.spec.ts" name="SCORM 1.2 API Tests &gt; setCMIValue() &gt; Invalid Sets - Should Fail After Initialization &gt; Field: cmi.core.credit &gt; Should fail to set CMI value for cmi.core.credit" time="0.000038">
        </testcase>
        <testcase classname="test/api/Scorm12API.spec.ts" name="SCORM 1.2 API Tests &gt; setCMIValue() &gt; Invalid Sets - Should Fail After Initialization &gt; Field: cmi.core.entry &gt; Should fail to set CMI value for cmi.core.entry" time="0.000036834">
        </testcase>
        <testcase classname="test/api/Scorm12API.spec.ts" name="SCORM 1.2 API Tests &gt; setCMIValue() &gt; Invalid Sets - Should Fail After Initialization &gt; Field: cmi.core.total_time &gt; Should fail to set CMI value for cmi.core.total_time" time="0.000037708">
        </testcase>
        <testcase classname="test/api/Scorm12API.spec.ts" name="SCORM 1.2 API Tests &gt; setCMIValue() &gt; Invalid Sets - Should Fail After Initialization &gt; Field: cmi.core.lesson_mode &gt; Should fail to set CMI value for cmi.core.lesson_mode" time="0.000035667">
        </testcase>
        <testcase classname="test/api/Scorm12API.spec.ts" name="SCORM 1.2 API Tests &gt; setCMIValue() &gt; Invalid Sets - Should Fail After Initialization &gt; Field: cmi.student_data.mastery_score &gt; Should fail to set CMI value for cmi.student_data.mastery_score" time="0.000041959">
        </testcase>
        <testcase classname="test/api/Scorm12API.spec.ts" name="SCORM 1.2 API Tests &gt; setCMIValue() &gt; Invalid Sets - Should Fail After Initialization &gt; Field: cmi.student_data.max_time_allowed &gt; Should fail to set CMI value for cmi.student_data.max_time_allowed" time="0.000034375">
        </testcase>
        <testcase classname="test/api/Scorm12API.spec.ts" name="SCORM 1.2 API Tests &gt; setCMIValue() &gt; Invalid Sets - Should Fail After Initialization &gt; Field: cmi.student_data.time_limit_action &gt; Should fail to set CMI value for cmi.student_data.time_limit_action" time="0.000031792">
        </testcase>
        <testcase classname="test/api/Scorm12API.spec.ts" name="SCORM 1.2 API Tests &gt; LMSGetValue() &gt; Invalid Properties - Should Always Fail &gt; Field: cmi.core.close &gt; Should fail to get value for cmi.core.close" time="0.000100667">
        </testcase>
        <testcase classname="test/api/Scorm12API.spec.ts" name="SCORM 1.2 API Tests &gt; LMSGetValue() &gt; Invalid Properties - Should Always Fail &gt; Field: cmi.exit &gt; Should fail to get value for cmi.exit" time="0.000035916">
        </testcase>
        <testcase classname="test/api/Scorm12API.spec.ts" name="SCORM 1.2 API Tests &gt; LMSGetValue() &gt; Invalid Properties - Should Always Fail &gt; Field: cmi.entry &gt; Should fail to get value for cmi.entry" time="0.000022125">
        </testcase>
        <testcase classname="test/api/Scorm12API.spec.ts" name="SCORM 1.2 API Tests &gt; LMSGetValue() &gt; Read and Write Properties - Should Success &gt; Field: cmi.interactions.0.objectives.0.id &gt; Should successfully get value for cmi.interactions.0.objectives.0.id" time="0.000027">
        </testcase>
        <testcase classname="test/api/Scorm12API.spec.ts" name="SCORM 1.2 API Tests &gt; LMSGetValue() &gt; Write-Only Properties - Should Always Fail &gt; Field: cmi.core.exit &gt; Should fail to get value for cmi.core.exit" time="0.000033459">
        </testcase>
        <testcase classname="test/api/Scorm12API.spec.ts" name="SCORM 1.2 API Tests &gt; LMSGetValue() &gt; Write-Only Properties - Should Always Fail &gt; Field: cmi.core.session_time &gt; Should fail to get value for cmi.core.session_time" time="0.000031167">
        </testcase>
        <testcase classname="test/api/Scorm12API.spec.ts" name="SCORM 1.2 API Tests &gt; LMSGetValue() &gt; Write-Only Properties - Should Always Fail &gt; Field: cmi.interactions.0.id &gt; Should fail to get value for cmi.interactions.0.id" time="0.000031042">
        </testcase>
        <testcase classname="test/api/Scorm12API.spec.ts" name="SCORM 1.2 API Tests &gt; LMSGetValue() &gt; Write-Only Properties - Should Always Fail &gt; Field: cmi.interactions.0.time &gt; Should fail to get value for cmi.interactions.0.time" time="0.000034125">
        </testcase>
        <testcase classname="test/api/Scorm12API.spec.ts" name="SCORM 1.2 API Tests &gt; LMSGetValue() &gt; Write-Only Properties - Should Always Fail &gt; Field: cmi.interactions.0.type &gt; Should fail to get value for cmi.interactions.0.type" time="0.000032459">
        </testcase>
        <testcase classname="test/api/Scorm12API.spec.ts" name="SCORM 1.2 API Tests &gt; LMSGetValue() &gt; Write-Only Properties - Should Always Fail &gt; Field: cmi.interactions.0.weighting &gt; Should fail to get value for cmi.interactions.0.weighting" time="0.000072041">
        </testcase>
        <testcase classname="test/api/Scorm12API.spec.ts" name="SCORM 1.2 API Tests &gt; LMSGetValue() &gt; Write-Only Properties - Should Always Fail &gt; Field: cmi.interactions.0.student_response &gt; Should fail to get value for cmi.interactions.0.student_response" time="0.000048667">
        </testcase>
        <testcase classname="test/api/Scorm12API.spec.ts" name="SCORM 1.2 API Tests &gt; LMSGetValue() &gt; Write-Only Properties - Should Always Fail &gt; Field: cmi.interactions.0.result &gt; Should fail to get value for cmi.interactions.0.result" time="0.000038417">
        </testcase>
        <testcase classname="test/api/Scorm12API.spec.ts" name="SCORM 1.2 API Tests &gt; LMSGetValue() &gt; Write-Only Properties - Should Always Fail &gt; Field: cmi.interactions.0.latency &gt; Should fail to get value for cmi.interactions.0.latency" time="0.000035">
        </testcase>
        <testcase classname="test/api/Scorm12API.spec.ts" name="SCORM 1.2 API Tests &gt; LMSGetValue() &gt; Write-Only Properties - Should Always Fail &gt; Field: cmi.interactions.0.correct_responses.0.pattern &gt; Should fail to get value for cmi.interactions.0.correct_responses.0.pattern" time="0.000033166">
        </testcase>
        <testcase classname="test/api/Scorm12API.spec.ts" name="SCORM 1.2 API Tests &gt; LMSSetValue() &gt; Uninitialized - Should Fail &gt; Field: cmi.objectives.0.id &gt; Should fail to set value for cmi.objectives.0.id" time="0.000055958">
        </testcase>
        <testcase classname="test/api/Scorm12API.spec.ts" name="SCORM 1.2 API Tests &gt; LMSSetValue() &gt; Uninitialized - Should Fail &gt; Field: cmi.interactions.0.id &gt; Should fail to set value for cmi.interactions.0.id" time="0.000023208">
        </testcase>
        <testcase classname="test/api/Scorm12API.spec.ts" name="SCORM 1.2 API Tests &gt; LMSSetValue() &gt; Initialized - Should Succeed &gt; Field: cmi.objectives.0.id &gt; Should successfully set value for cmi.objectives.0.id" time="0.000039875">
        </testcase>
        <testcase classname="test/api/Scorm12API.spec.ts" name="SCORM 1.2 API Tests &gt; LMSSetValue() &gt; Initialized - Should Succeed &gt; Field: cmi.interactions.0.id &gt; Should successfully set value for cmi.interactions.0.id" time="0.000033125">
        </testcase>
        <testcase classname="test/api/Scorm12API.spec.ts" name="SCORM 1.2 API Tests &gt; LMSSetValue() &gt; Initialized - Should Succeed &gt; Field: cmi.interactions.0.objectives.0.id &gt; Should successfully set value for cmi.interactions.0.objectives.0.id" time="0.000098125">
        </testcase>
        <testcase classname="test/api/Scorm12API.spec.ts" name="SCORM 1.2 API Tests &gt; LMSSetValue() &gt; Initialized - Should Succeed &gt; Field: cmi.interactions.10.correct_responses.0.pattern &gt; Should successfully set value for cmi.interactions.10.correct_responses.0.pattern" time="0.000139667">
        </testcase>
        <testcase classname="test/api/Scorm12API.spec.ts" name="SCORM 1.2 API Tests &gt; replaceWithAnotherScormAPI() &gt; should replace the current API with another API" time="0.00010725">
        </testcase>
        <testcase classname="test/api/Scorm12API.spec.ts" name="SCORM 1.2 API Tests &gt; renderCommitCMI() &gt; should calculate total time when terminateCommit passed" time="0.000516">
        </testcase>
        <testcase classname="test/api/Scorm12API.spec.ts" name="SCORM 1.2 API Tests &gt; renderCommitCMI() &gt; if the user passes, should calculate total time when terminateCommit passed" time="0.000168458">
        </testcase>
        <testcase classname="test/api/Scorm12API.spec.ts" name="SCORM 1.2 API Tests &gt; renderCommitCMI() &gt; should return flattened format when dataCommitFormat is &apos;flattened&apos;" time="0.000151959">
        </testcase>
        <testcase classname="test/api/Scorm12API.spec.ts" name="SCORM 1.2 API Tests &gt; renderCommitCMI() &gt; should return params format when dataCommitFormat is &apos;params&apos;" time="0.000375541">
        </testcase>
        <testcase classname="test/api/Scorm12API.spec.ts" name="SCORM 1.2 API Tests &gt; renderCommitObject() &gt; should render commit object with default settings and no score" time="0.000221459">
        </testcase>
        <testcase classname="test/api/Scorm12API.spec.ts" name="SCORM 1.2 API Tests &gt; renderCommitObject() &gt; should render commit object with score data" time="0.000179416">
        </testcase>
        <testcase classname="test/api/Scorm12API.spec.ts" name="SCORM 1.2 API Tests &gt; renderCommitObject() &gt; should render commit object with completion and success status" time="0.000077084">
        </testcase>
        <testcase classname="test/api/Scorm12API.spec.ts" name="SCORM 1.2 API Tests &gt; renderCommitObject() &gt; should render commit object with failed success status" time="0.000071834">
        </testcase>
        <testcase classname="test/api/Scorm12API.spec.ts" name="SCORM 1.2 API Tests &gt; renderCommitObject() &gt; should calculate total time when terminateCommit is true" time="0.000128875">
        </testcase>
        <testcase classname="test/api/Scorm12API.spec.ts" name="SCORM 1.2 API Tests &gt; storeData() &gt; should set cmi.core.lesson_status to &quot;completed&quot;" time="0.000127792">
        </testcase>
        <testcase classname="test/api/Scorm12API.spec.ts" name="SCORM 1.2 API Tests &gt; storeData() &gt; should set cmi.core.lesson_status to &quot;browsed&quot;" time="0.000058458">
        </testcase>
        <testcase classname="test/api/Scorm12API.spec.ts" name="SCORM 1.2 API Tests &gt; storeData() &gt; should set cmi.core.lesson_status to &quot;browsed&quot; - Initial Status" time="0.000053708">
        </testcase>
        <testcase classname="test/api/Scorm12API.spec.ts" name="SCORM 1.2 API Tests &gt; storeData() &gt; should set cmi.core.lesson_status to &quot;passed&quot; - mastery_override: true" time="0.000065667">
        </testcase>
        <testcase classname="test/api/Scorm12API.spec.ts" name="SCORM 1.2 API Tests &gt; storeData() &gt; should set cmi.core.lesson_status to &quot;failed&quot; - mastery_override: true" time="0.000060875">
        </testcase>
        <testcase classname="test/api/Scorm12API.spec.ts" name="SCORM 1.2 API Tests &gt; storeData() &gt; should set cmi.core.lesson_status to &quot;passed&quot; - mastery_override: false" time="0.000052792">
        </testcase>
        <testcase classname="test/api/Scorm12API.spec.ts" name="SCORM 1.2 API Tests &gt; storeData() &gt; should set cmi.core.lesson_status to &quot;failed&quot; - mastery_override: false" time="0.00004875">
        </testcase>
        <testcase classname="test/api/Scorm12API.spec.ts" name="SCORM 1.2 API Tests &gt; LMSCommit Debounce Tests &gt; should debounce LMSCommit calls when autocommit is true" time="0.000601834">
        </testcase>
        <testcase classname="test/api/Scorm12API.spec.ts" name="SCORM 1.2 API Tests &gt; LMSCommit Debounce Tests &gt; should call LMSCommit only once within the debounce period" time="0.00015775">
        </testcase>
        <testcase classname="test/api/Scorm12API.spec.ts" name="SCORM 1.2 API Tests &gt; LMSCommit Debounce Tests &gt; should call LMSCommit multiple times if debounce period is exceeded" time="0.000218667">
        </testcase>
        <testcase classname="test/api/Scorm12API.spec.ts" name="SCORM 1.2 API Tests &gt; Event Handlers &gt; Should handle SetValue.cmi.core.student_name event" time="0.000387125">
        </testcase>
        <testcase classname="test/api/Scorm12API.spec.ts" name="SCORM 1.2 API Tests &gt; Event Handlers &gt; Should handle SetValue.cmi.* event" time="0.000135667">
        </testcase>
        <testcase classname="test/api/Scorm12API.spec.ts" name="SCORM 1.2 API Tests &gt; Event Handlers &gt; Should handle CommitSuccess event" time="0.0002565">
        </testcase>
        <testcase classname="test/api/Scorm12API.spec.ts" name="SCORM 1.2 API Tests &gt; Event Handlers &gt; Should clear all event listeners for CommitSuccess" time="0.000174791">
        </testcase>
        <testcase classname="test/api/Scorm12API.spec.ts" name="SCORM 1.2 API Tests &gt; Event Handlers &gt; Should clear only the specific event listener for CommitSuccess" time="0.000451333">
        </testcase>
        <testcase classname="test/api/Scorm12API.spec.ts" name="SCORM 1.2 API Tests &gt; Event Handlers &gt; Should handle CommitError event" time="0.000449042">
        </testcase>
        <testcase classname="test/api/Scorm12API.spec.ts" name="SCORM 1.2 API Tests &gt; Event Handlers &gt; Should handle CommitError event when offline" time="0.000168125">
        </testcase>
        <testcase classname="test/api/Scorm12API.spec.ts" name="SCORM 1.2 API Tests &gt; Test issues from users &gt; Should be able to load the JSON data from issue #587" time="0.009944375">
        </testcase>
    </testsuite>
    <testsuite name="test/api/Scorm2004API.additional.spec.ts" timestamp="2025-05-05T03:31:07.980Z" hostname="jonathans-macbook-pro-2.mara-rohu.ts.net" tests="24" failures="0" errors="0" skipped="0" time="0.007409333">
        <testcase classname="test/api/Scorm2004API.additional.spec.ts" name="SCORM 2004 API Additional Tests &gt; lmsGetValue() &gt; should handle adl.nav.request_valid.choice with target" time="0.001348208">
        </testcase>
        <testcase classname="test/api/Scorm2004API.additional.spec.ts" name="SCORM 2004 API Additional Tests &gt; lmsGetValue() &gt; should handle adl.nav.request_valid.jump with target" time="0.000116125">
        </testcase>
        <testcase classname="test/api/Scorm2004API.additional.spec.ts" name="SCORM 2004 API Additional Tests &gt; lmsGetValue() &gt; should return false for invalid target in adl.nav.request_valid.choice" time="0.000134584">
        </testcase>
        <testcase classname="test/api/Scorm2004API.additional.spec.ts" name="SCORM 2004 API Additional Tests &gt; lmsGetValue() &gt; should use scoItemIdValidator if provided" time="0.000456208">
        </testcase>
        <testcase classname="test/api/Scorm2004API.additional.spec.ts" name="SCORM 2004 API Additional Tests &gt; checkDuplicateChoiceResponse() &gt; should throw an error when a duplicate choice response is found" time="0.000204583">
        </testcase>
        <testcase classname="test/api/Scorm2004API.additional.spec.ts" name="SCORM 2004 API Additional Tests &gt; checkDuplicateChoiceResponse() &gt; should not throw an error when no duplicate choice response is found" time="0.000068667">
        </testcase>
        <testcase classname="test/api/Scorm2004API.additional.spec.ts" name="SCORM 2004 API Additional Tests &gt; checkDuplicateChoiceResponse() &gt; should not check for duplicates if interaction type is not choice" time="0.000063875">
        </testcase>
        <testcase classname="test/api/Scorm2004API.additional.spec.ts" name="SCORM 2004 API Additional Tests &gt; storeData() &gt; should execute navigation request JavaScript when navRequest is true and result.navRequest is provided" time="0.000700291">
        </testcase>
        <testcase classname="test/api/Scorm2004API.additional.spec.ts" name="SCORM 2004 API Additional Tests &gt; storeData() &gt; should not execute navigation request JavaScript when navRequest is false" time="0.000573542">
        </testcase>
        <testcase classname="test/api/Scorm2004API.additional.spec.ts" name="SCORM 2004 API Additional Tests &gt; storeData() &gt; should not execute navigation request JavaScript when result.navRequest is empty" time="0.000249875">
        </testcase>
        <testcase classname="test/api/Scorm2004API.additional.spec.ts" name="SCORM 2004 API Additional Tests &gt; validateCorrectResponse() &gt; should validate a correct response pattern for true-false interaction" time="0.00051125">
        </testcase>
        <testcase classname="test/api/Scorm2004API.additional.spec.ts" name="SCORM 2004 API Additional Tests &gt; validateCorrectResponse() &gt; should throw an error for duplicate pattern in correct responses" time="0.000322375">
        </testcase>
        <testcase classname="test/api/Scorm2004API.additional.spec.ts" name="SCORM 2004 API Additional Tests &gt; validateCorrectResponse() &gt; should throw an error when correct_responses limit is reached" time="0.000166958">
        </testcase>
        <testcase classname="test/api/Scorm2004API.additional.spec.ts" name="SCORM 2004 API Additional Tests &gt; checkValidResponseType() &gt; should throw an error when the number of nodes exceeds the maximum allowed" time="0.000208667">
        </testcase>
        <testcase classname="test/api/Scorm2004API.additional.spec.ts" name="SCORM 2004 API Additional Tests &gt; checkValidResponseType() &gt; should call checkCorrectResponseValue when the number of nodes is valid" time="0.00012125">
        </testcase>
        <testcase classname="test/api/Scorm2004API.additional.spec.ts" name="SCORM 2004 API Additional Tests &gt; checkCorrectResponseValue() &gt; should throw an error when the response type is not found" time="0.000479166">
        </testcase>
        <testcase classname="test/api/Scorm2004API.additional.spec.ts" name="SCORM 2004 API Additional Tests &gt; checkCorrectResponseValue() &gt; should throw an error when using delimiter2 and the first value doesn&apos;t match the format regex" time="0.000147">
        </testcase>
        <testcase classname="test/api/Scorm2004API.additional.spec.ts" name="SCORM 2004 API Additional Tests &gt; checkCorrectResponseValue() &gt; should throw an error when using delimiter2 and the second value doesn&apos;t match format2 regex" time="0.000137625">
        </testcase>
        <testcase classname="test/api/Scorm2004API.additional.spec.ts" name="SCORM 2004 API Additional Tests &gt; checkCorrectResponseValue() &gt; should throw an error when using delimiter2 and the values array doesn&apos;t have exactly 2 elements" time="0.000140875">
        </testcase>
        <testcase classname="test/api/Scorm2004API.additional.spec.ts" name="SCORM 2004 API Additional Tests &gt; checkCorrectResponseValue() &gt; should throw an error when interaction_type is numeric and nodes.length &gt; 1 and first value &gt; second value" time="0.00013725">
        </testcase>
        <testcase classname="test/api/Scorm2004API.additional.spec.ts" name="SCORM 2004 API Additional Tests &gt; checkCorrectResponseValue() &gt; should throw an error when response.unique is true and a duplicate value is found" time="0.000122625">
        </testcase>
        <testcase classname="test/api/Scorm2004API.additional.spec.ts" name="SCORM 2004 API Additional Tests &gt; createCorrectResponsesObject() &gt; should throw an error when interaction is undefined" time="0.000083916">
        </testcase>
        <testcase classname="test/api/Scorm2004API.additional.spec.ts" name="SCORM 2004 API Additional Tests &gt; createCorrectResponsesObject() &gt; should throw an error when interaction doesn&apos;t have a type" time="0.0001205">
        </testcase>
        <testcase classname="test/api/Scorm2004API.additional.spec.ts" name="SCORM 2004 API Additional Tests &gt; createCorrectResponsesObject() &gt; should throw an error when the response type is incorrect" time="0.000078167">
        </testcase>
    </testsuite>
    <testsuite name="test/api/Scorm2004API.spec.ts" timestamp="2025-05-05T03:31:07.981Z" hostname="jonathans-macbook-pro-2.mara-rohu.ts.net" tests="174" failures="0" errors="0" skipped="0" time="0.073213791">
        <testcase classname="test/api/Scorm2004API.spec.ts" name="SCORM 2004 API Tests &gt; SetValue() &gt; Field: cmi.score.scaled &gt; Should successfully write &apos;1&apos; to cmi.score.scaled" time="0.00155725">
        </testcase>
        <testcase classname="test/api/Scorm2004API.spec.ts" name="SCORM 2004 API Tests &gt; SetValue() &gt; Field: cmi.score.scaled &gt; Should successfully write &apos;0.5&apos; to cmi.score.scaled" time="0.000293334">
        </testcase>
        <testcase classname="test/api/Scorm2004API.spec.ts" name="SCORM 2004 API Tests &gt; SetValue() &gt; Field: cmi.score.scaled &gt; Should successfully write &apos;0&apos; to cmi.score.scaled" time="0.000132667">
        </testcase>
        <testcase classname="test/api/Scorm2004API.spec.ts" name="SCORM 2004 API Tests &gt; SetValue() &gt; Field: cmi.score.scaled &gt; Should successfully write &apos;-0.5&apos; to cmi.score.scaled" time="0.000164333">
        </testcase>
        <testcase classname="test/api/Scorm2004API.spec.ts" name="SCORM 2004 API Tests &gt; SetValue() &gt; Field: cmi.score.scaled &gt; Should successfully write &apos;-1&apos; to cmi.score.scaled" time="0.000207958">
        </testcase>
        <testcase classname="test/api/Scorm2004API.spec.ts" name="SCORM 2004 API Tests &gt; SetValue() &gt; Field: cmi.score.scaled &gt; Should fail to write &apos;-101&apos; to cmi.score.scaled" time="0.000300167">
        </testcase>
        <testcase classname="test/api/Scorm2004API.spec.ts" name="SCORM 2004 API Tests &gt; SetValue() &gt; Field: cmi.score.scaled &gt; Should fail to write &apos;25.1&apos; to cmi.score.scaled" time="0.000115833">
        </testcase>
        <testcase classname="test/api/Scorm2004API.spec.ts" name="SCORM 2004 API Tests &gt; SetValue() &gt; Field: cmi.score.scaled &gt; Should fail to write &apos;50.5&apos; to cmi.score.scaled" time="0.000100083">
        </testcase>
        <testcase classname="test/api/Scorm2004API.spec.ts" name="SCORM 2004 API Tests &gt; SetValue() &gt; Field: cmi.score.scaled &gt; Should fail to write &apos;75&apos; to cmi.score.scaled" time="0.000211208">
        </testcase>
        <testcase classname="test/api/Scorm2004API.spec.ts" name="SCORM 2004 API Tests &gt; SetValue() &gt; Field: cmi.score.scaled &gt; Should fail to write &apos;100&apos; to cmi.score.scaled" time="0.000177042">
        </testcase>
        <testcase classname="test/api/Scorm2004API.spec.ts" name="SCORM 2004 API Tests &gt; SetValue() &gt; Field: cmi.score.raw &gt; Should successfully write &apos;1&apos; to cmi.score.raw" time="0.00016275">
        </testcase>
        <testcase classname="test/api/Scorm2004API.spec.ts" name="SCORM 2004 API Tests &gt; SetValue() &gt; Field: cmi.score.raw &gt; Should successfully write &apos;50&apos; to cmi.score.raw" time="0.0000975">
        </testcase>
        <testcase classname="test/api/Scorm2004API.spec.ts" name="SCORM 2004 API Tests &gt; SetValue() &gt; Field: cmi.score.raw &gt; Should successfully write &apos;100&apos; to cmi.score.raw" time="0.000078416">
        </testcase>
        <testcase classname="test/api/Scorm2004API.spec.ts" name="SCORM 2004 API Tests &gt; SetValue() &gt; Field: cmi.score.raw &gt; Should successfully write &apos;-10000&apos; to cmi.score.raw" time="0.000236625">
        </testcase>
        <testcase classname="test/api/Scorm2004API.spec.ts" name="SCORM 2004 API Tests &gt; SetValue() &gt; Field: cmi.score.raw &gt; Should successfully write &apos;-1&apos; to cmi.score.raw" time="0.0000905">
        </testcase>
        <testcase classname="test/api/Scorm2004API.spec.ts" name="SCORM 2004 API Tests &gt; SetValue() &gt; Field: cmi.score.raw &gt; Should successfully write &apos;10000&apos; to cmi.score.raw" time="0.000158708">
        </testcase>
        <testcase classname="test/api/Scorm2004API.spec.ts" name="SCORM 2004 API Tests &gt; SetValue() &gt; Field: cmi.score.raw &gt; Should fail to write &apos;invalid&apos; to cmi.score.raw" time="0.000099375">
        </testcase>
        <testcase classname="test/api/Scorm2004API.spec.ts" name="SCORM 2004 API Tests &gt; SetValue() &gt; Field: cmi.score.raw &gt; Should fail to write &apos;a100&apos; to cmi.score.raw" time="0.000488375">
        </testcase>
        <testcase classname="test/api/Scorm2004API.spec.ts" name="SCORM 2004 API Tests &gt; SetValue() &gt; Field: cmi.score.raw &gt; Should fail to write &apos;-100000&apos; to cmi.score.raw" time="0.000134333">
        </testcase>
        <testcase classname="test/api/Scorm2004API.spec.ts" name="SCORM 2004 API Tests &gt; SetValue() &gt; Field: cmi.score.raw &gt; Should fail to write &apos;100000&apos; to cmi.score.raw" time="0.000182917">
        </testcase>
        <testcase classname="test/api/Scorm2004API.spec.ts" name="SCORM 2004 API Tests &gt; SetValue() &gt; Field: cmi.score.min &gt; Should successfully write &apos;1&apos; to cmi.score.min" time="0.000114458">
        </testcase>
        <testcase classname="test/api/Scorm2004API.spec.ts" name="SCORM 2004 API Tests &gt; SetValue() &gt; Field: cmi.score.min &gt; Should successfully write &apos;50&apos; to cmi.score.min" time="0.00007475">
        </testcase>
        <testcase classname="test/api/Scorm2004API.spec.ts" name="SCORM 2004 API Tests &gt; SetValue() &gt; Field: cmi.score.min &gt; Should successfully write &apos;100&apos; to cmi.score.min" time="0.000069166">
        </testcase>
        <testcase classname="test/api/Scorm2004API.spec.ts" name="SCORM 2004 API Tests &gt; SetValue() &gt; Field: cmi.score.min &gt; Should successfully write &apos;-10000&apos; to cmi.score.min" time="0.000065625">
        </testcase>
        <testcase classname="test/api/Scorm2004API.spec.ts" name="SCORM 2004 API Tests &gt; SetValue() &gt; Field: cmi.score.min &gt; Should successfully write &apos;-1&apos; to cmi.score.min" time="0.000066792">
        </testcase>
        <testcase classname="test/api/Scorm2004API.spec.ts" name="SCORM 2004 API Tests &gt; SetValue() &gt; Field: cmi.score.min &gt; Should successfully write &apos;10000&apos; to cmi.score.min" time="0.000064625">
        </testcase>
        <testcase classname="test/api/Scorm2004API.spec.ts" name="SCORM 2004 API Tests &gt; SetValue() &gt; Field: cmi.score.min &gt; Should fail to write &apos;invalid&apos; to cmi.score.min" time="0.000091292">
        </testcase>
        <testcase classname="test/api/Scorm2004API.spec.ts" name="SCORM 2004 API Tests &gt; SetValue() &gt; Field: cmi.score.min &gt; Should fail to write &apos;a100&apos; to cmi.score.min" time="0.000086458">
        </testcase>
        <testcase classname="test/api/Scorm2004API.spec.ts" name="SCORM 2004 API Tests &gt; SetValue() &gt; Field: cmi.score.min &gt; Should fail to write &apos;-100000&apos; to cmi.score.min" time="0.000080375">
        </testcase>
        <testcase classname="test/api/Scorm2004API.spec.ts" name="SCORM 2004 API Tests &gt; SetValue() &gt; Field: cmi.score.min &gt; Should fail to write &apos;100000&apos; to cmi.score.min" time="0.000115375">
        </testcase>
        <testcase classname="test/api/Scorm2004API.spec.ts" name="SCORM 2004 API Tests &gt; SetValue() &gt; Field: cmi.score.max &gt; Should successfully write &apos;1&apos; to cmi.score.max" time="0.000087542">
        </testcase>
        <testcase classname="test/api/Scorm2004API.spec.ts" name="SCORM 2004 API Tests &gt; SetValue() &gt; Field: cmi.score.max &gt; Should successfully write &apos;50&apos; to cmi.score.max" time="0.000069083">
        </testcase>
        <testcase classname="test/api/Scorm2004API.spec.ts" name="SCORM 2004 API Tests &gt; SetValue() &gt; Field: cmi.score.max &gt; Should successfully write &apos;100&apos; to cmi.score.max" time="0.000069375">
        </testcase>
        <testcase classname="test/api/Scorm2004API.spec.ts" name="SCORM 2004 API Tests &gt; SetValue() &gt; Field: cmi.score.max &gt; Should successfully write &apos;-10000&apos; to cmi.score.max" time="0.00007075">
        </testcase>
        <testcase classname="test/api/Scorm2004API.spec.ts" name="SCORM 2004 API Tests &gt; SetValue() &gt; Field: cmi.score.max &gt; Should successfully write &apos;-1&apos; to cmi.score.max" time="0.000068375">
        </testcase>
        <testcase classname="test/api/Scorm2004API.spec.ts" name="SCORM 2004 API Tests &gt; SetValue() &gt; Field: cmi.score.max &gt; Should successfully write &apos;10000&apos; to cmi.score.max" time="0.000068292">
        </testcase>
        <testcase classname="test/api/Scorm2004API.spec.ts" name="SCORM 2004 API Tests &gt; SetValue() &gt; Field: cmi.score.max &gt; Should fail to write &apos;invalid&apos; to cmi.score.max" time="0.000075084">
        </testcase>
        <testcase classname="test/api/Scorm2004API.spec.ts" name="SCORM 2004 API Tests &gt; SetValue() &gt; Field: cmi.score.max &gt; Should fail to write &apos;a100&apos; to cmi.score.max" time="0.000076333">
        </testcase>
        <testcase classname="test/api/Scorm2004API.spec.ts" name="SCORM 2004 API Tests &gt; SetValue() &gt; Field: cmi.score.max &gt; Should fail to write &apos;-100000&apos; to cmi.score.max" time="0.000078084">
        </testcase>
        <testcase classname="test/api/Scorm2004API.spec.ts" name="SCORM 2004 API Tests &gt; SetValue() &gt; Field: cmi.score.max &gt; Should fail to write &apos;100000&apos; to cmi.score.max" time="0.00007875">
        </testcase>
        <testcase classname="test/api/Scorm2004API.spec.ts" name="SCORM 2004 API Tests &gt; setCMIValue() &gt; Invalid Sets - Should Always Fail &gt; Field: cmi._version &gt; Should fail to set CMI value for cmi._version" time="0.000522916">
        </testcase>
        <testcase classname="test/api/Scorm2004API.spec.ts" name="SCORM 2004 API Tests &gt; setCMIValue() &gt; Invalid Sets - Should Always Fail &gt; Field: cmi._children &gt; Should fail to set CMI value for cmi._children" time="0.000126834">
        </testcase>
        <testcase classname="test/api/Scorm2004API.spec.ts" name="SCORM 2004 API Tests &gt; setCMIValue() &gt; Invalid Sets - Should Always Fail &gt; Field: cmi.comments_from_learner._children &gt; Should fail to set CMI value for cmi.comments_from_learner._children" time="0.000102375">
        </testcase>
        <testcase classname="test/api/Scorm2004API.spec.ts" name="SCORM 2004 API Tests &gt; setCMIValue() &gt; Invalid Sets - Should Always Fail &gt; Field: cmi.comments_from_learner._count &gt; Should fail to set CMI value for cmi.comments_from_learner._count" time="0.00009825">
        </testcase>
        <testcase classname="test/api/Scorm2004API.spec.ts" name="SCORM 2004 API Tests &gt; setCMIValue() &gt; Invalid Sets - Should Always Fail &gt; Field: cmi.comments_from_lms._children &gt; Should fail to set CMI value for cmi.comments_from_lms._children" time="0.00009125">
        </testcase>
        <testcase classname="test/api/Scorm2004API.spec.ts" name="SCORM 2004 API Tests &gt; setCMIValue() &gt; Invalid Sets - Should Always Fail &gt; Field: cmi.comments_from_lms._count &gt; Should fail to set CMI value for cmi.comments_from_lms._count" time="0.000085">
        </testcase>
        <testcase classname="test/api/Scorm2004API.spec.ts" name="SCORM 2004 API Tests &gt; setCMIValue() &gt; Invalid Sets - Should Always Fail &gt; Field: cmi.interactions._children &gt; Should fail to set CMI value for cmi.interactions._children" time="0.00008475">
        </testcase>
        <testcase classname="test/api/Scorm2004API.spec.ts" name="SCORM 2004 API Tests &gt; setCMIValue() &gt; Invalid Sets - Should Always Fail &gt; Field: cmi.interactions._count &gt; Should fail to set CMI value for cmi.interactions._count" time="0.000081208">
        </testcase>
        <testcase classname="test/api/Scorm2004API.spec.ts" name="SCORM 2004 API Tests &gt; setCMIValue() &gt; Invalid Sets - Should Always Fail &gt; Field: cmi.interactions.0.objectives._count &gt; Should fail to set CMI value for cmi.interactions.0.objectives._count" time="0.000138292">
        </testcase>
        <testcase classname="test/api/Scorm2004API.spec.ts" name="SCORM 2004 API Tests &gt; setCMIValue() &gt; Invalid Sets - Should Always Fail &gt; Field: cmi.interactions.0.correct_responses._count &gt; Should fail to set CMI value for cmi.interactions.0.correct_responses._count" time="0.000105333">
        </testcase>
        <testcase classname="test/api/Scorm2004API.spec.ts" name="SCORM 2004 API Tests &gt; setCMIValue() &gt; Invalid Sets - Should Always Fail &gt; Field: cmi.learner_preference._children &gt; Should fail to set CMI value for cmi.learner_preference._children" time="0.000140708">
        </testcase>
        <testcase classname="test/api/Scorm2004API.spec.ts" name="SCORM 2004 API Tests &gt; setCMIValue() &gt; Invalid Sets - Should Always Fail &gt; Field: cmi.objectives._children &gt; Should fail to set CMI value for cmi.objectives._children" time="0.000094417">
        </testcase>
        <testcase classname="test/api/Scorm2004API.spec.ts" name="SCORM 2004 API Tests &gt; setCMIValue() &gt; Invalid Sets - Should Always Fail &gt; Field: cmi.objectives._count &gt; Should fail to set CMI value for cmi.objectives._count" time="0.0000825">
        </testcase>
        <testcase classname="test/api/Scorm2004API.spec.ts" name="SCORM 2004 API Tests &gt; setCMIValue() &gt; Invalid Sets - Should Always Fail &gt; Field: cmi.objectives.0.score._children &gt; Should fail to set CMI value for cmi.objectives.0.score._children" time="0.000135875">
        </testcase>
        <testcase classname="test/api/Scorm2004API.spec.ts" name="SCORM 2004 API Tests &gt; setCMIValue() &gt; Invalid Sets - Should Always Fail &gt; Field: cmi.score._children &gt; Should fail to set CMI value for cmi.score._children" time="0.00008275">
        </testcase>
        <testcase classname="test/api/Scorm2004API.spec.ts" name="SCORM 2004 API Tests &gt; setCMIValue() &gt; Setting cmi.objectives.n.* should update globalObjectives if it exists &gt; should update globalObjectives if it exists" time="0.002416209">
        </testcase>
        <testcase classname="test/api/Scorm2004API.spec.ts" name="SCORM 2004 API Tests &gt; setCMIValue() &gt; Invalid Sets - Should Fail After Initialization &gt; Field: cmi.completion_threshold &gt; Should fail to set CMI value for cmi.completion_threshold" time="0.000177917">
        </testcase>
        <testcase classname="test/api/Scorm2004API.spec.ts" name="SCORM 2004 API Tests &gt; setCMIValue() &gt; Invalid Sets - Should Fail After Initialization &gt; Field: cmi.credit &gt; Should fail to set CMI value for cmi.credit" time="0.000120458">
        </testcase>
        <testcase classname="test/api/Scorm2004API.spec.ts" name="SCORM 2004 API Tests &gt; setCMIValue() &gt; Invalid Sets - Should Fail After Initialization &gt; Field: cmi.entry &gt; Should fail to set CMI value for cmi.entry" time="0.000103542">
        </testcase>
        <testcase classname="test/api/Scorm2004API.spec.ts" name="SCORM 2004 API Tests &gt; setCMIValue() &gt; Invalid Sets - Should Fail After Initialization &gt; Field: cmi.launch_data &gt; Should fail to set CMI value for cmi.launch_data" time="0.000100041">
        </testcase>
        <testcase classname="test/api/Scorm2004API.spec.ts" name="SCORM 2004 API Tests &gt; setCMIValue() &gt; Invalid Sets - Should Fail After Initialization &gt; Field: cmi.learner_id &gt; Should fail to set CMI value for cmi.learner_id" time="0.000130458">
        </testcase>
        <testcase classname="test/api/Scorm2004API.spec.ts" name="SCORM 2004 API Tests &gt; setCMIValue() &gt; Invalid Sets - Should Fail After Initialization &gt; Field: cmi.learner_name &gt; Should fail to set CMI value for cmi.learner_name" time="0.000093958">
        </testcase>
        <testcase classname="test/api/Scorm2004API.spec.ts" name="SCORM 2004 API Tests &gt; setCMIValue() &gt; Invalid Sets - Should Fail After Initialization &gt; Field: cmi.max_time_allowed &gt; Should fail to set CMI value for cmi.max_time_allowed" time="0.000091458">
        </testcase>
        <testcase classname="test/api/Scorm2004API.spec.ts" name="SCORM 2004 API Tests &gt; setCMIValue() &gt; Invalid Sets - Should Fail After Initialization &gt; Field: cmi.mode &gt; Should fail to set CMI value for cmi.mode" time="0.000087459">
        </testcase>
        <testcase classname="test/api/Scorm2004API.spec.ts" name="SCORM 2004 API Tests &gt; setCMIValue() &gt; Invalid Sets - Should Fail After Initialization &gt; Field: cmi.scaled_passing_score &gt; Should fail to set CMI value for cmi.scaled_passing_score" time="0.000106334">
        </testcase>
        <testcase classname="test/api/Scorm2004API.spec.ts" name="SCORM 2004 API Tests &gt; setCMIValue() &gt; Invalid Sets - Should Fail After Initialization &gt; Field: cmi.time_limit_action &gt; Should fail to set CMI value for cmi.time_limit_action" time="0.000097209">
        </testcase>
        <testcase classname="test/api/Scorm2004API.spec.ts" name="SCORM 2004 API Tests &gt; setCMIValue() &gt; Invalid Sets - Should Fail After Initialization &gt; Field: cmi.total_time &gt; Should fail to set CMI value for cmi.total_time" time="0.000093834">
        </testcase>
        <testcase classname="test/api/Scorm2004API.spec.ts" name="SCORM 2004 API Tests &gt; setCMIValue() &gt; Invalid Sets - Should Fail After Initialization &gt; Field: cmi.comments_from_lms.0.comment &gt; Should fail to set CMI value for cmi.comments_from_lms.0.comment" time="0.000166583">
        </testcase>
        <testcase classname="test/api/Scorm2004API.spec.ts" name="SCORM 2004 API Tests &gt; setCMIValue() &gt; Invalid Sets - Should Fail After Initialization &gt; Field: cmi.comments_from_lms.0.location &gt; Should fail to set CMI value for cmi.comments_from_lms.0.location" time="0.000124667">
        </testcase>
        <testcase classname="test/api/Scorm2004API.spec.ts" name="SCORM 2004 API Tests &gt; setCMIValue() &gt; Invalid Sets - Should Fail After Initialization &gt; Field: cmi.comments_from_lms.0.timestamp &gt; Should fail to set CMI value for cmi.comments_from_lms.0.timestamp" time="0.000099">
        </testcase>
        <testcase classname="test/api/Scorm2004API.spec.ts" name="SCORM 2004 API Tests &gt; GetValue() &gt; Invalid Properties - Should Always Fail &gt; Field: cmi.core.close &gt; Should fail to get value for cmi.core.close" time="0.000216667">
        </testcase>
        <testcase classname="test/api/Scorm2004API.spec.ts" name="SCORM 2004 API Tests &gt; GetValue() &gt; Invalid Properties - Should Always Fail &gt; Field: cmi.core.exit &gt; Should fail to get value for cmi.core.exit" time="0.000099291">
        </testcase>
        <testcase classname="test/api/Scorm2004API.spec.ts" name="SCORM 2004 API Tests &gt; GetValue() &gt; Invalid Properties - Should Always Fail &gt; Field: cmi.core.entry &gt; Should fail to get value for cmi.core.entry" time="0.000133625">
        </testcase>
        <testcase classname="test/api/Scorm2004API.spec.ts" name="SCORM 2004 API Tests &gt; GetValue() &gt; Write-Only Properties - Should Always Fail &gt; Field: cmi.exit &gt; Should fail to get value for cmi.exit" time="0.000095666">
        </testcase>
        <testcase classname="test/api/Scorm2004API.spec.ts" name="SCORM 2004 API Tests &gt; GetValue() &gt; Write-Only Properties - Should Always Fail &gt; Field: cmi.session_time &gt; Should fail to get value for cmi.session_time" time="0.000083208">
        </testcase>
        <testcase classname="test/api/Scorm2004API.spec.ts" name="SCORM 2004 API Tests &gt; SetValue() &gt; Uninitialized - Should Fail &gt; Field: cmi.objectives.0.id &gt; Should fail to set value for cmi.objectives.0.id" time="0.00012975">
        </testcase>
        <testcase classname="test/api/Scorm2004API.spec.ts" name="SCORM 2004 API Tests &gt; SetValue() &gt; Uninitialized - Should Fail &gt; Field: cmi.interactions.0.id &gt; Should fail to set value for cmi.interactions.0.id" time="0.000068709">
        </testcase>
        <testcase classname="test/api/Scorm2004API.spec.ts" name="SCORM 2004 API Tests &gt; SetValue() &gt; Uninitialized - Should Fail &gt; Field: cmi.comments_from_learner.0.comment &gt; Should fail to set value for cmi.comments_from_learner.0.comment" time="0.000068208">
        </testcase>
        <testcase classname="test/api/Scorm2004API.spec.ts" name="SCORM 2004 API Tests &gt; SetValue() &gt; Uninitialized - Should Fail &gt; Field: cmi.comments_from_lms.0.comment &gt; Should fail to set value for cmi.comments_from_lms.0.comment" time="0.00011025">
        </testcase>
        <testcase classname="test/api/Scorm2004API.spec.ts" name="SCORM 2004 API Tests &gt; SetValue() &gt; Uninitialized - Should Fail &gt; Field: adl.data.0.store &gt; Should fail to set value for adl.data.0.store" time="0.000069292">
        </testcase>
        <testcase classname="test/api/Scorm2004API.spec.ts" name="SCORM 2004 API Tests &gt; SetValue() &gt; Initialized - Should Succeed &gt; Field: adl.data.0.store &gt; Should successfully set value for adl.data.0.store" time="0.000145666">
        </testcase>
        <testcase classname="test/api/Scorm2004API.spec.ts" name="SCORM 2004 API Tests &gt; SetValue() &gt; Initialized - Should Succeed &gt; Field: cmi.objectives.0.id &gt; Should successfully set value for cmi.objectives.0.id" time="0.000102125">
        </testcase>
        <testcase classname="test/api/Scorm2004API.spec.ts" name="SCORM 2004 API Tests &gt; SetValue() &gt; Initialized - Should Succeed &gt; Field: cmi.interactions.0.id &gt; Should successfully set value for cmi.interactions.0.id" time="0.000087">
        </testcase>
        <testcase classname="test/api/Scorm2004API.spec.ts" name="SCORM 2004 API Tests &gt; SetValue() &gt; Initialized - Should Succeed &gt; Field: cmi.comments_from_learner.0.comment &gt; Should successfully set value for cmi.comments_from_learner.0.comment" time="0.000107542">
        </testcase>
        <testcase classname="test/api/Scorm2004API.spec.ts" name="SCORM 2004 API Tests &gt; SetValue() &gt; Initialized - Should Succeed &gt; Field: cmi.comments_from_learner.0.location &gt; Should successfully set value for cmi.comments_from_learner.0.location" time="0.000082291">
        </testcase>
        <testcase classname="test/api/Scorm2004API.spec.ts" name="SCORM 2004 API Tests &gt; SetValue() &gt; Initialized - Should Succeed &gt; Field: cmi.comments_from_learner.0.timestamp &gt; Should successfully set value for cmi.comments_from_learner.0.timestamp" time="0.000141834">
        </testcase>
        <testcase classname="test/api/Scorm2004API.spec.ts" name="SCORM 2004 API Tests &gt; SetValue() &gt; Initialized - Should Succeed &gt; should allow cmi.interactions.0.correct_responses.0.pattern to be set - T/F" time="0.000328667">
        </testcase>
        <testcase classname="test/api/Scorm2004API.spec.ts" name="SCORM 2004 API Tests &gt; SetValue() &gt; Initialized - Should Succeed &gt; should allow cmi.interactions.10.correct_responses.0.pattern to be set - T/F" time="0.000158292">
        </testcase>
        <testcase classname="test/api/Scorm2004API.spec.ts" name="SCORM 2004 API Tests &gt; SetValue() &gt; Initialized - Should Succeed &gt; should allow cmi.interactions.0.correct_responses.0.pattern to be set - choice" time="0.000117">
        </testcase>
        <testcase classname="test/api/Scorm2004API.spec.ts" name="SCORM 2004 API Tests &gt; SetValue() &gt; Initialized - Should Succeed &gt; should allow cmi.interactions.0.correct_responses.0.pattern to be set - choice for SCORM 2004 4th Edition" time="0.000162834">
        </testcase>
        <testcase classname="test/api/Scorm2004API.spec.ts" name="SCORM 2004 API Tests &gt; SetValue() &gt; Initialized - Should Succeed &gt; should allow cmi.interactions.0.objectives.0.id to be set" time="0.000134709">
        </testcase>
        <testcase classname="test/api/Scorm2004API.spec.ts" name="SCORM 2004 API Tests &gt; SetValue() &gt; Initialized - Should Succeed &gt; should allow cmi.interactions.0.learner_response to be set" time="0.000204542">
        </testcase>
        <testcase classname="test/api/Scorm2004API.spec.ts" name="SCORM 2004 API Tests &gt; SetValue() &gt; Initialized - Should Succeed &gt; should allow cmi.interactions.0.learner_response to be set for SCORM 2004 4th Edition" time="0.000140459">
        </testcase>
        <testcase classname="test/api/Scorm2004API.spec.ts" name="SCORM 2004 API Tests &gt; SetValue() &gt; Initialized - Should Succeed &gt; should allow `long-fill-in` cmi.interactions.0.learner_response to be set to 4000 characters" time="0.001350958">
        </testcase>
        <testcase classname="test/api/Scorm2004API.spec.ts" name="SCORM 2004 API Tests &gt; SetValue() &gt; Initialized - Should Fail &gt; Field: cmi.interactions.0.learner_response &gt; Should fail to set value for cmi.interactions.0.learner_response" time="0.000153791">
        </testcase>
        <testcase classname="test/api/Scorm2004API.spec.ts" name="SCORM 2004 API Tests &gt; SetValue() &gt; Initialized - Should Fail &gt; Field: cmi.interactions.0.type &gt; Should fail to set value for cmi.interactions.0.type" time="0.000105125">
        </testcase>
        <testcase classname="test/api/Scorm2004API.spec.ts" name="SCORM 2004 API Tests &gt; SetValue() &gt; Initialized - Should Fail &gt; Field: cmi.interactions.0.type &gt; Should fail to set value for cmi.interactions.0.type" time="0.000098875">
        </testcase>
        <testcase classname="test/api/Scorm2004API.spec.ts" name="SCORM 2004 API Tests &gt; SetValue() &gt; Initialized - Should Fail &gt; Field: cmi.interactions.0.description &gt; Should fail to set value for cmi.interactions.0.description" time="0.000109583">
        </testcase>
        <testcase classname="test/api/Scorm2004API.spec.ts" name="SCORM 2004 API Tests &gt; SetValue() &gt; Initialized - Should Fail &gt; Field: cmi.interactions.0.timestamp &gt; Should fail to set value for cmi.interactions.0.timestamp" time="0.000093334">
        </testcase>
        <testcase classname="test/api/Scorm2004API.spec.ts" name="SCORM 2004 API Tests &gt; SetValue() &gt; Initialized - Should Fail &gt; Field: cmi.interactions.0.weighting &gt; Should fail to set value for cmi.interactions.0.weighting" time="0.000097167">
        </testcase>
        <testcase classname="test/api/Scorm2004API.spec.ts" name="SCORM 2004 API Tests &gt; SetValue() &gt; Initialized - Should Fail &gt; Field: cmi.interactions.0.learner_response &gt; Should fail to set value for cmi.interactions.0.learner_response" time="0.000081792">
        </testcase>
        <testcase classname="test/api/Scorm2004API.spec.ts" name="SCORM 2004 API Tests &gt; SetValue() &gt; Initialized - Should Fail &gt; Field: cmi.interactions.0.latency &gt; Should fail to set value for cmi.interactions.0.latency" time="0.000084542">
        </testcase>
        <testcase classname="test/api/Scorm2004API.spec.ts" name="SCORM 2004 API Tests &gt; SetValue() &gt; Initialized - Should Fail &gt; Field: cmi.objectives.0.success_status &gt; Should fail to set value for cmi.objectives.0.success_status" time="0.000087708">
        </testcase>
        <testcase classname="test/api/Scorm2004API.spec.ts" name="SCORM 2004 API Tests &gt; SetValue() &gt; Initialized - Should Fail &gt; Field: cmi.objectives.0.completion_status &gt; Should fail to set value for cmi.objectives.0.completion_status" time="0.0000815">
        </testcase>
        <testcase classname="test/api/Scorm2004API.spec.ts" name="SCORM 2004 API Tests &gt; SetValue() &gt; Initialized - Should Fail &gt; Field: cmi.objectives.0.progress_measure &gt; Should fail to set value for cmi.objectives.0.progress_measure" time="0.000075375">
        </testcase>
        <testcase classname="test/api/Scorm2004API.spec.ts" name="SCORM 2004 API Tests &gt; SetValue() &gt; Initialized - Should Fail &gt; Field: cmi.objectives.0.description &gt; Should fail to set value for cmi.objectives.0.description" time="0.000085542">
        </testcase>
        <testcase classname="test/api/Scorm2004API.spec.ts" name="SCORM 2004 API Tests &gt; SetValue() &gt; Initialized - Should Fail &gt; Field: cmi.comments_from_lms.0.comment &gt; Should fail to set value for cmi.comments_from_lms.0.comment" time="0.000079084">
        </testcase>
        <testcase classname="test/api/Scorm2004API.spec.ts" name="SCORM 2004 API Tests &gt; SetValue() &gt; Initialized - Should Fail &gt; Field: cmi.comments_from_lms.0.location &gt; Should fail to set value for cmi.comments_from_lms.0.location" time="0.000090666">
        </testcase>
        <testcase classname="test/api/Scorm2004API.spec.ts" name="SCORM 2004 API Tests &gt; SetValue() &gt; Initialized - Should Fail &gt; Field: cmi.comments_from_lms.0.timestamp &gt; Should fail to set value for cmi.comments_from_lms.0.timestamp" time="0.000135917">
        </testcase>
        <testcase classname="test/api/Scorm2004API.spec.ts" name="SCORM 2004 API Tests &gt; SetValue() &gt; Initialized - Should Fail &gt; Field: cmi.unknown &gt; Should fail to set value for cmi.unknown" time="0.000077">
        </testcase>
        <testcase classname="test/api/Scorm2004API.spec.ts" name="SCORM 2004 API Tests &gt; reset() &gt; should reset all CMI values to their default state" time="0.000602708">
        </testcase>
        <testcase classname="test/api/Scorm2004API.spec.ts" name="SCORM 2004 API Tests &gt; reset() &gt; should keep original settings" time="0.000144583">
        </testcase>
        <testcase classname="test/api/Scorm2004API.spec.ts" name="SCORM 2004 API Tests &gt; reset() &gt; should be able to override original settings" time="0.000143208">
        </testcase>
        <testcase classname="test/api/Scorm2004API.spec.ts" name="SCORM 2004 API Tests &gt; reset() &gt; should call commonReset from the superclass" time="0.001988208">
        </testcase>
        <testcase classname="test/api/Scorm2004API.spec.ts" name="SCORM 2004 API Tests &gt; Scorm2004API.Finish &gt; lmsFinish() &gt; should call internalFinish and return SCORM_TRUE" time="0.000313458">
        </testcase>
        <testcase classname="test/api/Scorm2004API.spec.ts" name="SCORM 2004 API Tests &gt; Scorm2004API.Finish &gt; internalFinish() &gt; should call terminate with &apos;Terminate&apos; and true" time="0.001489792">
        </testcase>
        <testcase classname="test/api/Scorm2004API.spec.ts" name="SCORM 2004 API Tests &gt; Scorm2004API.Finish &gt; internalFinish() &gt; should process the correct navigation action based on adl.nav.request = previous" time="0.000675209">
        </testcase>
        <testcase classname="test/api/Scorm2004API.spec.ts" name="SCORM 2004 API Tests &gt; Scorm2004API.Finish &gt; internalFinish() &gt; should process the correct navigation action based on adl.nav.request = continue" time="0.000274791">
        </testcase>
        <testcase classname="test/api/Scorm2004API.spec.ts" name="SCORM 2004 API Tests &gt; Scorm2004API.Finish &gt; internalFinish() &gt; should process the correct navigation action based on adl.nav.request = choice" time="0.000128667">
        </testcase>
        <testcase classname="test/api/Scorm2004API.spec.ts" name="SCORM 2004 API Tests &gt; Scorm2004API.Finish &gt; internalFinish() &gt; should process the correct navigation action based on adl.nav.request = jump" time="0.000110958">
        </testcase>
        <testcase classname="test/api/Scorm2004API.spec.ts" name="SCORM 2004 API Tests &gt; Scorm2004API.Finish &gt; internalFinish() &gt; should process the correct navigation action based on adl.nav.request = {target=next-sco}choice" time="0.000107958">
        </testcase>
        <testcase classname="test/api/Scorm2004API.spec.ts" name="SCORM 2004 API Tests &gt; Scorm2004API.Finish &gt; internalFinish() &gt; should process the correct navigation action based on adl.nav.request = exit" time="0.000098625">
        </testcase>
        <testcase classname="test/api/Scorm2004API.spec.ts" name="SCORM 2004 API Tests &gt; Scorm2004API.Finish &gt; internalFinish() &gt; should process the correct navigation action based on adl.nav.request = exitAll" time="0.000097166">
        </testcase>
        <testcase classname="test/api/Scorm2004API.spec.ts" name="SCORM 2004 API Tests &gt; Scorm2004API.Finish &gt; internalFinish() &gt; should process the correct navigation action based on adl.nav.request = abandon" time="0.0001605">
        </testcase>
        <testcase classname="test/api/Scorm2004API.spec.ts" name="SCORM 2004 API Tests &gt; Scorm2004API.Finish &gt; internalFinish() &gt; should process the correct navigation action based on adl.nav.request = abandonAll" time="0.000102875">
        </testcase>
        <testcase classname="test/api/Scorm2004API.spec.ts" name="SCORM 2004 API Tests &gt; Scorm2004API.Finish &gt; internalFinish() &gt; should process &apos;SequenceNext&apos; if adl.nav.request is &apos;_none_&apos; and autoProgress is true" time="0.000114375">
        </testcase>
        <testcase classname="test/api/Scorm2004API.spec.ts" name="SCORM 2004 API Tests &gt; Scorm2004API.Finish &gt; internalFinish() &gt; should not process any action if adl.nav.request is &apos;_none_&apos; and autoProgress is false" time="0.000150875">
        </testcase>
        <testcase classname="test/api/Scorm2004API.spec.ts" name="SCORM 2004 API Tests &gt; Scorm2004API.Finish &gt; internalFinish() &gt; should return the result of terminate" time="0.000698917">
        </testcase>
        <testcase classname="test/api/Scorm2004API.spec.ts" name="SCORM 2004 API Tests &gt; lmsCommit() &gt; should call commit and return SCORM_TRUE" time="0.000383125">
        </testcase>
        <testcase classname="test/api/Scorm2004API.spec.ts" name="SCORM 2004 API Tests &gt; loadFromFlattenedJSON() &gt; should load data, even if out of order" time="0.009162958">
        </testcase>
        <testcase classname="test/api/Scorm2004API.spec.ts" name="SCORM 2004 API Tests &gt; renderCommitCMI() &gt; should calculate total time when terminateCommit passed" time="0.000622625">
        </testcase>
        <testcase classname="test/api/Scorm2004API.spec.ts" name="SCORM 2004 API Tests &gt; renderCommitCMI() &gt; should return flattened format when dataCommitFormat is &apos;flattened&apos;" time="0.000207459">
        </testcase>
        <testcase classname="test/api/Scorm2004API.spec.ts" name="SCORM 2004 API Tests &gt; renderCommitCMI() &gt; should return params format when dataCommitFormat is &apos;params&apos;" time="0.000285125">
        </testcase>
        <testcase classname="test/api/Scorm2004API.spec.ts" name="SCORM 2004 API Tests &gt; renderCommitCMI() &gt; should return JSON format when dataCommitFormat is &apos;json&apos;" time="0.000145292">
        </testcase>
        <testcase classname="test/api/Scorm2004API.spec.ts" name="SCORM 2004 API Tests &gt; renderCommitCMI() &gt; should include total_time if terminateCommit is true" time="0.0008645">
        </testcase>
        <testcase classname="test/api/Scorm2004API.spec.ts" name="SCORM 2004 API Tests &gt; renderCommitCMI() &gt; should not include total_time if terminateCommit is false" time="0.00024975">
        </testcase>
        <testcase classname="test/api/Scorm2004API.spec.ts" name="SCORM 2004 API Tests &gt; renderCommitObject() &gt; should render commit object with default settings and no score" time="0.000322417">
        </testcase>
        <testcase classname="test/api/Scorm2004API.spec.ts" name="SCORM 2004 API Tests &gt; renderCommitObject() &gt; should render commit object with score data" time="0.000534584">
        </testcase>
        <testcase classname="test/api/Scorm2004API.spec.ts" name="SCORM 2004 API Tests &gt; renderCommitObject() &gt; should render commit object with completion and success status" time="0.0003285">
        </testcase>
        <testcase classname="test/api/Scorm2004API.spec.ts" name="SCORM 2004 API Tests &gt; renderCommitObject() &gt; should render commit object with failed success status" time="0.000186125">
        </testcase>
        <testcase classname="test/api/Scorm2004API.spec.ts" name="SCORM 2004 API Tests &gt; renderCommitObject() &gt; should calculate total time when terminateCommit is true" time="0.000131042">
        </testcase>
        <testcase classname="test/api/Scorm2004API.spec.ts" name="SCORM 2004 API Tests &gt; lmsGetDiagnostic() &gt; should return diagnostic information for a given error code" time="0.000109584">
        </testcase>
        <testcase classname="test/api/Scorm2004API.spec.ts" name="SCORM 2004 API Tests &gt; lmsGetDiagnostic() &gt; should return an empty string for an unknown error code" time="0.000085792">
        </testcase>
        <testcase classname="test/api/Scorm2004API.spec.ts" name="SCORM 2004 API Tests &gt; lmsGetErrorString() &gt; should return the error string for a given error code" time="0.00008925">
        </testcase>
        <testcase classname="test/api/Scorm2004API.spec.ts" name="SCORM 2004 API Tests &gt; lmsGetErrorString() &gt; should return an empty string for an unknown error code" time="0.000073583">
        </testcase>
        <testcase classname="test/api/Scorm2004API.spec.ts" name="SCORM 2004 API Tests &gt; replaceWithAnotherScormAPI() &gt; should replace the current API with another API" time="0.000102167">
        </testcase>
        <testcase classname="test/api/Scorm2004API.spec.ts" name="SCORM 2004 API Tests &gt; checkCorrectResponseValue() &gt; should properly handle the true-false response type for unknown value" time="0.000098291">
        </testcase>
        <testcase classname="test/api/Scorm2004API.spec.ts" name="SCORM 2004 API Tests &gt; checkCorrectResponseValue() &gt; should properly handle the true-false response type for correct value" time="0.000077708">
        </testcase>
        <testcase classname="test/api/Scorm2004API.spec.ts" name="SCORM 2004 API Tests &gt; checkCorrectResponseValue() &gt; should properly handle the choice response type for value over 4000 characters" time="0.00010025">
        </testcase>
        <testcase classname="test/api/Scorm2004API.spec.ts" name="SCORM 2004 API Tests &gt; checkCorrectResponseValue() &gt; should properly handle the choice response type for correct value" time="0.000071833">
        </testcase>
        <testcase classname="test/api/Scorm2004API.spec.ts" name="SCORM 2004 API Tests &gt; checkCorrectResponseValue() &gt; should properly handle the fill-in response type for correct value" time="0.000163083">
        </testcase>
        <testcase classname="test/api/Scorm2004API.spec.ts" name="SCORM 2004 API Tests &gt; checkCorrectResponseValue() &gt; should properly handle the long-fill-in response type for correct value" time="0.00010175">
        </testcase>
        <testcase classname="test/api/Scorm2004API.spec.ts" name="SCORM 2004 API Tests &gt; checkCorrectResponseValue() &gt; should properly handle the matching response type for correct value" time="0.00009425">
        </testcase>
        <testcase classname="test/api/Scorm2004API.spec.ts" name="SCORM 2004 API Tests &gt; removeCorrectResponsePrefixes() &gt; should remove the prefix from the string" time="0.000073625">
        </testcase>
        <testcase classname="test/api/Scorm2004API.spec.ts" name="SCORM 2004 API Tests &gt; removeCorrectResponsePrefixes() &gt; should return the original string if no prefix is present" time="0.000069708">
        </testcase>
        <testcase classname="test/api/Scorm2004API.spec.ts" name="SCORM 2004 API Tests &gt; removeCorrectResponsePrefixes() &gt; should handle empty strings correctly" time="0.000069459">
        </testcase>
        <testcase classname="test/api/Scorm2004API.spec.ts" name="SCORM 2004 API Tests &gt; removeCorrectResponsePrefixes() &gt; should handle multiple prefixes correctly" time="0.000095709">
        </testcase>
        <testcase classname="test/api/Scorm2004API.spec.ts" name="SCORM 2004 API Tests &gt; removeCorrectResponsePrefixes() &gt; should throw an error for invalid order_matters value" time="0.000160583">
        </testcase>
        <testcase classname="test/api/Scorm2004API.spec.ts" name="SCORM 2004 API Tests &gt; removeCorrectResponsePrefixes() &gt; should throw an error for invalid case_matters value" time="0.000072041">
        </testcase>
        <testcase classname="test/api/Scorm2004API.spec.ts" name="SCORM 2004 API Tests &gt; removeCorrectResponsePrefixes() &gt; should ignore an unknown prefix" time="0.00006675">
        </testcase>
        <testcase classname="test/api/Scorm2004API.spec.ts" name="SCORM 2004 API Tests &gt; removeCorrectResponsePrefixes() &gt; should throw an error with an invalid language code" time="0.000098625">
        </testcase>
        <testcase classname="test/api/Scorm2004API.spec.ts" name="SCORM 2004 API Tests &gt; getChildElement() &gt; should handle missing interaction type" time="0.000121708">
        </testcase>
        <testcase classname="test/api/Scorm2004API.spec.ts" name="SCORM 2004 API Tests &gt; getChildElement() &gt; should call throwSCORMError with the correct arguments in createCorrectResponsesObject" time="0.000180333">
        </testcase>
        <testcase classname="test/api/Scorm2004API.spec.ts" name="SCORM 2004 API Tests &gt; storeData() &gt; should set cmi.completion_status to &quot;completed&quot;" time="0.000216917">
        </testcase>
        <testcase classname="test/api/Scorm2004API.spec.ts" name="SCORM 2004 API Tests &gt; storeData() &gt; should set cmi.completion_status to &quot;incomplete&quot;" time="0.000100834">
        </testcase>
        <testcase classname="test/api/Scorm2004API.spec.ts" name="SCORM 2004 API Tests &gt; storeData() &gt; should set cmi.success_status to &quot;passed&quot;" time="0.00009575">
        </testcase>
        <testcase classname="test/api/Scorm2004API.spec.ts" name="SCORM 2004 API Tests &gt; storeData() &gt; should set cmi.success_status to &quot;failed&quot;" time="0.000088042">
        </testcase>
        <testcase classname="test/api/Scorm2004API.spec.ts" name="SCORM 2004 API Tests &gt; Event Handlers &gt; Should handle SetValue.cmi.learner_id event" time="0.000174667">
        </testcase>
        <testcase classname="test/api/Scorm2004API.spec.ts" name="SCORM 2004 API Tests &gt; Event Handlers &gt; Should handle SetValue.cmi.* event" time="0.000108916">
        </testcase>
        <testcase classname="test/api/Scorm2004API.spec.ts" name="SCORM 2004 API Tests &gt; Event Handlers &gt; Should handle CommitSuccess event" time="0.000782208">
        </testcase>
        <testcase classname="test/api/Scorm2004API.spec.ts" name="SCORM 2004 API Tests &gt; Event Handlers &gt; Should clear all event listeners for CommitSuccess" time="0.012324167">
        </testcase>
        <testcase classname="test/api/Scorm2004API.spec.ts" name="SCORM 2004 API Tests &gt; Event Handlers &gt; Should clear only the specific event listener for CommitSuccess" time="0.000793375">
        </testcase>
        <testcase classname="test/api/Scorm2004API.spec.ts" name="SCORM 2004 API Tests &gt; Event Handlers &gt; Should handle CommitError event" time="0.000232667">
        </testcase>
        <testcase classname="test/api/Scorm2004API.spec.ts" name="SCORM 2004 API Tests &gt; Event Handlers &gt; Should handle CommitError event when offline" time="0.011619542">
        </testcase>
    </testsuite>
    <testsuite name="test/api/SequencingConfiguration.spec.ts" timestamp="2025-05-05T03:31:07.991Z" hostname="jonathans-macbook-pro-2.mara-rohu.ts.net" tests="5" failures="0" errors="0" skipped="0" time="0.003089958">
        <testcase classname="test/api/SequencingConfiguration.spec.ts" name="Sequencing Configuration &gt; Activity Tree Configuration &gt; should configure the activity tree based on settings" time="0.001527042">
        </testcase>
        <testcase classname="test/api/SequencingConfiguration.spec.ts" name="Sequencing Configuration &gt; Activity Tree Configuration &gt; should configure activity properties" time="0.000154833">
        </testcase>
        <testcase classname="test/api/SequencingConfiguration.spec.ts" name="Sequencing Configuration &gt; Sequencing Rules Configuration &gt; should configure sequencing rules based on settings" time="0.000434542">
        </testcase>
        <testcase classname="test/api/SequencingConfiguration.spec.ts" name="Sequencing Configuration &gt; Sequencing Controls Configuration &gt; should configure sequencing controls based on settings" time="0.000240625">
        </testcase>
        <testcase classname="test/api/SequencingConfiguration.spec.ts" name="Sequencing Configuration &gt; Rollup Rules Configuration &gt; should configure rollup rules based on settings" time="0.000251041">
        </testcase>
    </testsuite>
    <testsuite name="test/cmi/aicc_cmi.spec.ts" timestamp="2025-05-05T03:31:07.991Z" hostname="jonathans-macbook-pro-2.mara-rohu.ts.net" tests="499" failures="0" errors="0" skipped="0" time="0.046130291">
        <testcase classname="test/cmi/aicc_cmi.spec.ts" name="AICC CMI Tests &gt; CMI Spec Tests &gt; Pre-Initialize Tests &gt; Field: cmi._version &gt; Should be able to read from cmi._version" time="0.000700625">
        </testcase>
        <testcase classname="test/cmi/aicc_cmi.spec.ts" name="AICC CMI Tests &gt; CMI Spec Tests &gt; Pre-Initialize Tests &gt; Field: cmi._version &gt; Should fail to write to cmi._version" time="0.000559">
        </testcase>
        <testcase classname="test/cmi/aicc_cmi.spec.ts" name="AICC CMI Tests &gt; CMI Spec Tests &gt; Pre-Initialize Tests &gt; Field: cmi._children &gt; Should be able to read from cmi._children" time="0.000061125">
        </testcase>
        <testcase classname="test/cmi/aicc_cmi.spec.ts" name="AICC CMI Tests &gt; CMI Spec Tests &gt; Pre-Initialize Tests &gt; Field: cmi._children &gt; Should fail to write to cmi._children" time="0.000132083">
        </testcase>
        <testcase classname="test/cmi/aicc_cmi.spec.ts" name="AICC CMI Tests &gt; CMI Spec Tests &gt; Pre-Initialize Tests &gt; Field: cmi.suspend_data &gt; Should be able to read from cmi.suspend_data" time="0.000062541">
        </testcase>
        <testcase classname="test/cmi/aicc_cmi.spec.ts" name="AICC CMI Tests &gt; CMI Spec Tests &gt; Pre-Initialize Tests &gt; Field: cmi.suspend_data &gt; Should be able to write upto 4096 characters to cmi.suspend_data" time="0.000373417">
        </testcase>
        <testcase classname="test/cmi/aicc_cmi.spec.ts" name="AICC CMI Tests &gt; CMI Spec Tests &gt; Pre-Initialize Tests &gt; Field: cmi.suspend_data &gt; Should fail to write more than 4096 characters to cmi.suspend_data" time="0.000097625">
        </testcase>
        <testcase classname="test/cmi/aicc_cmi.spec.ts" name="AICC CMI Tests &gt; CMI Spec Tests &gt; Pre-Initialize Tests &gt; Field: cmi.launch_data &gt; Should be able to read from cmi.launch_data" time="0.000044667">
        </testcase>
        <testcase classname="test/cmi/aicc_cmi.spec.ts" name="AICC CMI Tests &gt; CMI Spec Tests &gt; Pre-Initialize Tests &gt; Field: cmi.launch_data &gt; Should successfully write to cmi.launch_data" time="0.000126">
        </testcase>
        <testcase classname="test/cmi/aicc_cmi.spec.ts" name="AICC CMI Tests &gt; CMI Spec Tests &gt; Pre-Initialize Tests &gt; Field: cmi.comments &gt; Should be able to read from cmi.comments" time="0.000103667">
        </testcase>
        <testcase classname="test/cmi/aicc_cmi.spec.ts" name="AICC CMI Tests &gt; CMI Spec Tests &gt; Pre-Initialize Tests &gt; Field: cmi.comments &gt; Should be able to write upto 4096 characters to cmi.comments" time="0.000080542">
        </testcase>
        <testcase classname="test/cmi/aicc_cmi.spec.ts" name="AICC CMI Tests &gt; CMI Spec Tests &gt; Pre-Initialize Tests &gt; Field: cmi.comments &gt; Should fail to write more than 4096 characters to cmi.comments" time="0.000074666">
        </testcase>
        <testcase classname="test/cmi/aicc_cmi.spec.ts" name="AICC CMI Tests &gt; CMI Spec Tests &gt; Pre-Initialize Tests &gt; Field: cmi.comments_from_lms &gt; Should be able to read from cmi.comments_from_lms" time="0.000037459">
        </testcase>
        <testcase classname="test/cmi/aicc_cmi.spec.ts" name="AICC CMI Tests &gt; CMI Spec Tests &gt; Pre-Initialize Tests &gt; Field: cmi.comments_from_lms &gt; Should successfully write to cmi.comments_from_lms" time="0.000176792">
        </testcase>
        <testcase classname="test/cmi/aicc_cmi.spec.ts" name="AICC CMI Tests &gt; CMI Spec Tests &gt; Pre-Initialize Tests &gt; Field: cmi.core._children &gt; Should be able to read from cmi.core._children" time="0.000053625">
        </testcase>
        <testcase classname="test/cmi/aicc_cmi.spec.ts" name="AICC CMI Tests &gt; CMI Spec Tests &gt; Pre-Initialize Tests &gt; Field: cmi.core._children &gt; Should fail to write to cmi.core._children" time="0.000061666">
        </testcase>
        <testcase classname="test/cmi/aicc_cmi.spec.ts" name="AICC CMI Tests &gt; CMI Spec Tests &gt; Pre-Initialize Tests &gt; Field: cmi.core.student_id &gt; Should be able to read from cmi.core.student_id" time="0.000034958">
        </testcase>
        <testcase classname="test/cmi/aicc_cmi.spec.ts" name="AICC CMI Tests &gt; CMI Spec Tests &gt; Pre-Initialize Tests &gt; Field: cmi.core.student_id &gt; Should successfully write to cmi.core.student_id" time="0.000057625">
        </testcase>
        <testcase classname="test/cmi/aicc_cmi.spec.ts" name="AICC CMI Tests &gt; CMI Spec Tests &gt; Pre-Initialize Tests &gt; Field: cmi.core.student_name &gt; Should be able to read from cmi.core.student_name" time="0.000029875">
        </testcase>
        <testcase classname="test/cmi/aicc_cmi.spec.ts" name="AICC CMI Tests &gt; CMI Spec Tests &gt; Pre-Initialize Tests &gt; Field: cmi.core.student_name &gt; Should successfully write to cmi.core.student_name" time="0.000052333">
        </testcase>
        <testcase classname="test/cmi/aicc_cmi.spec.ts" name="AICC CMI Tests &gt; CMI Spec Tests &gt; Pre-Initialize Tests &gt; Field: cmi.core.lesson_location &gt; Should be able to read from cmi.core.lesson_location" time="0.000031625">
        </testcase>
        <testcase classname="test/cmi/aicc_cmi.spec.ts" name="AICC CMI Tests &gt; CMI Spec Tests &gt; Pre-Initialize Tests &gt; Field: cmi.core.lesson_location &gt; Should be able to write upto 255 characters to cmi.core.lesson_location" time="0.000105667">
        </testcase>
        <testcase classname="test/cmi/aicc_cmi.spec.ts" name="AICC CMI Tests &gt; CMI Spec Tests &gt; Pre-Initialize Tests &gt; Field: cmi.core.lesson_location &gt; Should fail to write more than 255 characters to cmi.core.lesson_location" time="0.000061917">
        </testcase>
        <testcase classname="test/cmi/aicc_cmi.spec.ts" name="AICC CMI Tests &gt; CMI Spec Tests &gt; Pre-Initialize Tests &gt; Field: cmi.core.credit &gt; Should be able to read from cmi.core.credit" time="0.000033125">
        </testcase>
        <testcase classname="test/cmi/aicc_cmi.spec.ts" name="AICC CMI Tests &gt; CMI Spec Tests &gt; Pre-Initialize Tests &gt; Field: cmi.core.credit &gt; Should successfully write to cmi.core.credit" time="0.000051041">
        </testcase>
        <testcase classname="test/cmi/aicc_cmi.spec.ts" name="AICC CMI Tests &gt; CMI Spec Tests &gt; Pre-Initialize Tests &gt; Field: cmi.core.lesson_status &gt; Should be able to read from cmi.core.lesson_status" time="0.000039166">
        </testcase>
        <testcase classname="test/cmi/aicc_cmi.spec.ts" name="AICC CMI Tests &gt; CMI Spec Tests &gt; Pre-Initialize Tests &gt; Field: cmi.core.lesson_status &gt; Should successfully write &apos;passed&apos; to cmi.core.lesson_status" time="0.000088042">
        </testcase>
        <testcase classname="test/cmi/aicc_cmi.spec.ts" name="AICC CMI Tests &gt; CMI Spec Tests &gt; Pre-Initialize Tests &gt; Field: cmi.core.lesson_status &gt; Should successfully write &apos;completed&apos; to cmi.core.lesson_status" time="0.000096">
        </testcase>
        <testcase classname="test/cmi/aicc_cmi.spec.ts" name="AICC CMI Tests &gt; CMI Spec Tests &gt; Pre-Initialize Tests &gt; Field: cmi.core.lesson_status &gt; Should successfully write &apos;failed&apos; to cmi.core.lesson_status" time="0.000053">
        </testcase>
        <testcase classname="test/cmi/aicc_cmi.spec.ts" name="AICC CMI Tests &gt; CMI Spec Tests &gt; Pre-Initialize Tests &gt; Field: cmi.core.lesson_status &gt; Should successfully write &apos;incomplete&apos; to cmi.core.lesson_status" time="0.000045542">
        </testcase>
        <testcase classname="test/cmi/aicc_cmi.spec.ts" name="AICC CMI Tests &gt; CMI Spec Tests &gt; Pre-Initialize Tests &gt; Field: cmi.core.lesson_status &gt; Should successfully write &apos;browsed&apos; to cmi.core.lesson_status" time="0.000046375">
        </testcase>
        <testcase classname="test/cmi/aicc_cmi.spec.ts" name="AICC CMI Tests &gt; CMI Spec Tests &gt; Pre-Initialize Tests &gt; Field: cmi.core.lesson_status &gt; Should fail to write &apos;Passed&apos; to cmi.core.lesson_status" time="0.000057208">
        </testcase>
        <testcase classname="test/cmi/aicc_cmi.spec.ts" name="AICC CMI Tests &gt; CMI Spec Tests &gt; Pre-Initialize Tests &gt; Field: cmi.core.lesson_status &gt; Should fail to write &apos;P&apos; to cmi.core.lesson_status" time="0.000047">
        </testcase>
        <testcase classname="test/cmi/aicc_cmi.spec.ts" name="AICC CMI Tests &gt; CMI Spec Tests &gt; Pre-Initialize Tests &gt; Field: cmi.core.lesson_status &gt; Should fail to write &apos;F&apos; to cmi.core.lesson_status" time="0.000076584">
        </testcase>
        <testcase classname="test/cmi/aicc_cmi.spec.ts" name="AICC CMI Tests &gt; CMI Spec Tests &gt; Pre-Initialize Tests &gt; Field: cmi.core.lesson_status &gt; Should fail to write &apos;p&apos; to cmi.core.lesson_status" time="0.000048">
        </testcase>
        <testcase classname="test/cmi/aicc_cmi.spec.ts" name="AICC CMI Tests &gt; CMI Spec Tests &gt; Pre-Initialize Tests &gt; Field: cmi.core.lesson_status &gt; Should fail to write &apos;true&apos; to cmi.core.lesson_status" time="0.000046542">
        </testcase>
        <testcase classname="test/cmi/aicc_cmi.spec.ts" name="AICC CMI Tests &gt; CMI Spec Tests &gt; Pre-Initialize Tests &gt; Field: cmi.core.lesson_status &gt; Should fail to write &apos;false&apos; to cmi.core.lesson_status" time="0.000044375">
        </testcase>
        <testcase classname="test/cmi/aicc_cmi.spec.ts" name="AICC CMI Tests &gt; CMI Spec Tests &gt; Pre-Initialize Tests &gt; Field: cmi.core.lesson_status &gt; Should fail to write &apos;complete&apos; to cmi.core.lesson_status" time="0.000051583">
        </testcase>
        <testcase classname="test/cmi/aicc_cmi.spec.ts" name="AICC CMI Tests &gt; CMI Spec Tests &gt; Pre-Initialize Tests &gt; Field: cmi.core.entry &gt; Should be able to read from cmi.core.entry" time="0.000099709">
        </testcase>
        <testcase classname="test/cmi/aicc_cmi.spec.ts" name="AICC CMI Tests &gt; CMI Spec Tests &gt; Pre-Initialize Tests &gt; Field: cmi.core.entry &gt; Should successfully write to cmi.core.entry" time="0.000046125">
        </testcase>
        <testcase classname="test/cmi/aicc_cmi.spec.ts" name="AICC CMI Tests &gt; CMI Spec Tests &gt; Pre-Initialize Tests &gt; Field: cmi.core.total_time &gt; Should be able to read from cmi.core.total_time" time="0.000028666">
        </testcase>
        <testcase classname="test/cmi/aicc_cmi.spec.ts" name="AICC CMI Tests &gt; CMI Spec Tests &gt; Pre-Initialize Tests &gt; Field: cmi.core.total_time &gt; Should successfully write to cmi.core.total_time" time="0.000043167">
        </testcase>
        <testcase classname="test/cmi/aicc_cmi.spec.ts" name="AICC CMI Tests &gt; CMI Spec Tests &gt; Pre-Initialize Tests &gt; Field: cmi.core.lesson_mode &gt; Should be able to read from cmi.core.lesson_mode" time="0.000028583">
        </testcase>
        <testcase classname="test/cmi/aicc_cmi.spec.ts" name="AICC CMI Tests &gt; CMI Spec Tests &gt; Pre-Initialize Tests &gt; Field: cmi.core.lesson_mode &gt; Should successfully write to cmi.core.lesson_mode" time="0.000055709">
        </testcase>
        <testcase classname="test/cmi/aicc_cmi.spec.ts" name="AICC CMI Tests &gt; CMI Spec Tests &gt; Pre-Initialize Tests &gt; Field: cmi.core.exit &gt; Should successfully write to cmi.core.exit" time="0.000070375">
        </testcase>
        <testcase classname="test/cmi/aicc_cmi.spec.ts" name="AICC CMI Tests &gt; CMI Spec Tests &gt; Pre-Initialize Tests &gt; Field: cmi.core.exit &gt; Should successfully write &apos;time-out&apos; to cmi.core.exit" time="0.000055584">
        </testcase>
        <testcase classname="test/cmi/aicc_cmi.spec.ts" name="AICC CMI Tests &gt; CMI Spec Tests &gt; Pre-Initialize Tests &gt; Field: cmi.core.exit &gt; Should successfully write &apos;suspend&apos; to cmi.core.exit" time="0.000047334">
        </testcase>
        <testcase classname="test/cmi/aicc_cmi.spec.ts" name="AICC CMI Tests &gt; CMI Spec Tests &gt; Pre-Initialize Tests &gt; Field: cmi.core.exit &gt; Should successfully write &apos;logout&apos; to cmi.core.exit" time="0.000099875">
        </testcase>
        <testcase classname="test/cmi/aicc_cmi.spec.ts" name="AICC CMI Tests &gt; CMI Spec Tests &gt; Pre-Initialize Tests &gt; Field: cmi.core.exit &gt; Should successfully write &apos;&apos; to cmi.core.exit" time="0.000044291">
        </testcase>
        <testcase classname="test/cmi/aicc_cmi.spec.ts" name="AICC CMI Tests &gt; CMI Spec Tests &gt; Pre-Initialize Tests &gt; Field: cmi.core.exit &gt; Should fail to write &apos;close&apos; to cmi.core.exit" time="0.000045417">
        </testcase>
        <testcase classname="test/cmi/aicc_cmi.spec.ts" name="AICC CMI Tests &gt; CMI Spec Tests &gt; Pre-Initialize Tests &gt; Field: cmi.core.exit &gt; Should fail to write &apos;exit&apos; to cmi.core.exit" time="0.000044542">
        </testcase>
        <testcase classname="test/cmi/aicc_cmi.spec.ts" name="AICC CMI Tests &gt; CMI Spec Tests &gt; Pre-Initialize Tests &gt; Field: cmi.core.exit &gt; Should fail to write &apos;crash&apos; to cmi.core.exit" time="0.000043542">
        </testcase>
        <testcase classname="test/cmi/aicc_cmi.spec.ts" name="AICC CMI Tests &gt; CMI Spec Tests &gt; Pre-Initialize Tests &gt; Field: cmi.core.session_time &gt; Should fail to read from cmi.core.session_time" time="0.000071542">
        </testcase>
        <testcase classname="test/cmi/aicc_cmi.spec.ts" name="AICC CMI Tests &gt; CMI Spec Tests &gt; Pre-Initialize Tests &gt; Field: cmi.core.session_time &gt; Should successfully write to cmi.core.session_time" time="0.000073709">
        </testcase>
        <testcase classname="test/cmi/aicc_cmi.spec.ts" name="AICC CMI Tests &gt; CMI Spec Tests &gt; Pre-Initialize Tests &gt; Field: cmi.core.session_time &gt; Should successfully write &apos;10:06:57&apos; to cmi.core.session_time" time="0.000059375">
        </testcase>
        <testcase classname="test/cmi/aicc_cmi.spec.ts" name="AICC CMI Tests &gt; CMI Spec Tests &gt; Pre-Initialize Tests &gt; Field: cmi.core.session_time &gt; Should successfully write &apos;00:00:01.56&apos; to cmi.core.session_time" time="0.000039834">
        </testcase>
        <testcase classname="test/cmi/aicc_cmi.spec.ts" name="AICC CMI Tests &gt; CMI Spec Tests &gt; Pre-Initialize Tests &gt; Field: cmi.core.session_time &gt; Should successfully write &apos;23:59:59&apos; to cmi.core.session_time" time="0.000038583">
        </testcase>
        <testcase classname="test/cmi/aicc_cmi.spec.ts" name="AICC CMI Tests &gt; CMI Spec Tests &gt; Pre-Initialize Tests &gt; Field: cmi.core.session_time &gt; Should successfully write &apos;47:59:59&apos; to cmi.core.session_time" time="0.000041792">
        </testcase>
        <testcase classname="test/cmi/aicc_cmi.spec.ts" name="AICC CMI Tests &gt; CMI Spec Tests &gt; Pre-Initialize Tests &gt; Field: cmi.core.session_time &gt; Should fail to write &apos;06:5:13&apos; to cmi.core.session_time" time="0.000044625">
        </testcase>
        <testcase classname="test/cmi/aicc_cmi.spec.ts" name="AICC CMI Tests &gt; CMI Spec Tests &gt; Pre-Initialize Tests &gt; Field: cmi.core.session_time &gt; Should fail to write &apos;23:59:59.123&apos; to cmi.core.session_time" time="0.000044708">
        </testcase>
        <testcase classname="test/cmi/aicc_cmi.spec.ts" name="AICC CMI Tests &gt; CMI Spec Tests &gt; Pre-Initialize Tests &gt; Field: cmi.core.session_time &gt; Should fail to write &apos;P1DT23H59M59S&apos; to cmi.core.session_time" time="0.000074917">
        </testcase>
        <testcase classname="test/cmi/aicc_cmi.spec.ts" name="AICC CMI Tests &gt; CMI Spec Tests &gt; Pre-Initialize Tests &gt; Field: cmi.core.score._children &gt; Should be able to read from cmi.core.score._children" time="0.000031709">
        </testcase>
        <testcase classname="test/cmi/aicc_cmi.spec.ts" name="AICC CMI Tests &gt; CMI Spec Tests &gt; Pre-Initialize Tests &gt; Field: cmi.core.score._children &gt; Should fail to write to cmi.core.score._children" time="0.000049042">
        </testcase>
        <testcase classname="test/cmi/aicc_cmi.spec.ts" name="AICC CMI Tests &gt; CMI Spec Tests &gt; Pre-Initialize Tests &gt; Field: cmi.core.score.raw &gt; Should successfully write &apos;1&apos; to cmi.core.score.raw" time="0.000092709">
        </testcase>
        <testcase classname="test/cmi/aicc_cmi.spec.ts" name="AICC CMI Tests &gt; CMI Spec Tests &gt; Pre-Initialize Tests &gt; Field: cmi.core.score.raw &gt; Should successfully write &apos;50.25&apos; to cmi.core.score.raw" time="0.000058833">
        </testcase>
        <testcase classname="test/cmi/aicc_cmi.spec.ts" name="AICC CMI Tests &gt; CMI Spec Tests &gt; Pre-Initialize Tests &gt; Field: cmi.core.score.raw &gt; Should successfully write &apos;70&apos; to cmi.core.score.raw" time="0.000039458">
        </testcase>
        <testcase classname="test/cmi/aicc_cmi.spec.ts" name="AICC CMI Tests &gt; CMI Spec Tests &gt; Pre-Initialize Tests &gt; Field: cmi.core.score.raw &gt; Should successfully write &apos;100&apos; to cmi.core.score.raw" time="0.00003775">
        </testcase>
        <testcase classname="test/cmi/aicc_cmi.spec.ts" name="AICC CMI Tests &gt; CMI Spec Tests &gt; Pre-Initialize Tests &gt; Field: cmi.core.score.raw &gt; Should successfully write &apos;1&apos; to cmi.core.score.raw" time="0.000036375">
        </testcase>
        <testcase classname="test/cmi/aicc_cmi.spec.ts" name="AICC CMI Tests &gt; CMI Spec Tests &gt; Pre-Initialize Tests &gt; Field: cmi.core.score.raw &gt; Should successfully write &apos;50.25&apos; to cmi.core.score.raw" time="0.0000355">
        </testcase>
        <testcase classname="test/cmi/aicc_cmi.spec.ts" name="AICC CMI Tests &gt; CMI Spec Tests &gt; Pre-Initialize Tests &gt; Field: cmi.core.score.raw &gt; Should successfully write &apos;70&apos; to cmi.core.score.raw" time="0.000036208">
        </testcase>
        <testcase classname="test/cmi/aicc_cmi.spec.ts" name="AICC CMI Tests &gt; CMI Spec Tests &gt; Pre-Initialize Tests &gt; Field: cmi.core.score.raw &gt; Should successfully write &apos;100&apos; to cmi.core.score.raw" time="0.000035166">
        </testcase>
        <testcase classname="test/cmi/aicc_cmi.spec.ts" name="AICC CMI Tests &gt; CMI Spec Tests &gt; Pre-Initialize Tests &gt; Field: cmi.core.score.raw &gt; Should fail to write &apos;invalid&apos; to cmi.core.score.raw" time="0.000043125">
        </testcase>
        <testcase classname="test/cmi/aicc_cmi.spec.ts" name="AICC CMI Tests &gt; CMI Spec Tests &gt; Pre-Initialize Tests &gt; Field: cmi.core.score.raw &gt; Should fail to write &apos;a100&apos; to cmi.core.score.raw" time="0.003555667">
        </testcase>
        <testcase classname="test/cmi/aicc_cmi.spec.ts" name="AICC CMI Tests &gt; CMI Spec Tests &gt; Pre-Initialize Tests &gt; Field: cmi.core.score.raw &gt; Should fail to write &apos;-1&apos; to cmi.core.score.raw" time="0.000072333">
        </testcase>
        <testcase classname="test/cmi/aicc_cmi.spec.ts" name="AICC CMI Tests &gt; CMI Spec Tests &gt; Pre-Initialize Tests &gt; Field: cmi.core.score.raw &gt; Should fail to write &apos;101&apos; to cmi.core.score.raw" time="0.000052834">
        </testcase>
        <testcase classname="test/cmi/aicc_cmi.spec.ts" name="AICC CMI Tests &gt; CMI Spec Tests &gt; Pre-Initialize Tests &gt; Field: cmi.core.score.raw &gt; Should fail to write &apos;-100000&apos; to cmi.core.score.raw" time="0.000050167">
        </testcase>
        <testcase classname="test/cmi/aicc_cmi.spec.ts" name="AICC CMI Tests &gt; CMI Spec Tests &gt; Pre-Initialize Tests &gt; Field: cmi.core.score.raw &gt; Should fail to write &apos;100000&apos; to cmi.core.score.raw" time="0.00004525">
        </testcase>
        <testcase classname="test/cmi/aicc_cmi.spec.ts" name="AICC CMI Tests &gt; CMI Spec Tests &gt; Pre-Initialize Tests &gt; Field: cmi.core.score.min &gt; Should successfully write &apos;1&apos; to cmi.core.score.min" time="0.000077167">
        </testcase>
        <testcase classname="test/cmi/aicc_cmi.spec.ts" name="AICC CMI Tests &gt; CMI Spec Tests &gt; Pre-Initialize Tests &gt; Field: cmi.core.score.min &gt; Should successfully write &apos;50.25&apos; to cmi.core.score.min" time="0.000047334">
        </testcase>
        <testcase classname="test/cmi/aicc_cmi.spec.ts" name="AICC CMI Tests &gt; CMI Spec Tests &gt; Pre-Initialize Tests &gt; Field: cmi.core.score.min &gt; Should successfully write &apos;70&apos; to cmi.core.score.min" time="0.000040042">
        </testcase>
        <testcase classname="test/cmi/aicc_cmi.spec.ts" name="AICC CMI Tests &gt; CMI Spec Tests &gt; Pre-Initialize Tests &gt; Field: cmi.core.score.min &gt; Should successfully write &apos;100&apos; to cmi.core.score.min" time="0.000036625">
        </testcase>
        <testcase classname="test/cmi/aicc_cmi.spec.ts" name="AICC CMI Tests &gt; CMI Spec Tests &gt; Pre-Initialize Tests &gt; Field: cmi.core.score.min &gt; Should successfully write &apos;1&apos; to cmi.core.score.min" time="0.000036042">
        </testcase>
        <testcase classname="test/cmi/aicc_cmi.spec.ts" name="AICC CMI Tests &gt; CMI Spec Tests &gt; Pre-Initialize Tests &gt; Field: cmi.core.score.min &gt; Should successfully write &apos;50.25&apos; to cmi.core.score.min" time="0.000037041">
        </testcase>
        <testcase classname="test/cmi/aicc_cmi.spec.ts" name="AICC CMI Tests &gt; CMI Spec Tests &gt; Pre-Initialize Tests &gt; Field: cmi.core.score.min &gt; Should successfully write &apos;70&apos; to cmi.core.score.min" time="0.00003675">
        </testcase>
        <testcase classname="test/cmi/aicc_cmi.spec.ts" name="AICC CMI Tests &gt; CMI Spec Tests &gt; Pre-Initialize Tests &gt; Field: cmi.core.score.min &gt; Should successfully write &apos;100&apos; to cmi.core.score.min" time="0.00003575">
        </testcase>
        <testcase classname="test/cmi/aicc_cmi.spec.ts" name="AICC CMI Tests &gt; CMI Spec Tests &gt; Pre-Initialize Tests &gt; Field: cmi.core.score.min &gt; Should fail to write &apos;invalid&apos; to cmi.core.score.min" time="0.000041834">
        </testcase>
        <testcase classname="test/cmi/aicc_cmi.spec.ts" name="AICC CMI Tests &gt; CMI Spec Tests &gt; Pre-Initialize Tests &gt; Field: cmi.core.score.min &gt; Should fail to write &apos;a100&apos; to cmi.core.score.min" time="0.00003825">
        </testcase>
        <testcase classname="test/cmi/aicc_cmi.spec.ts" name="AICC CMI Tests &gt; CMI Spec Tests &gt; Pre-Initialize Tests &gt; Field: cmi.core.score.min &gt; Should fail to write &apos;-1&apos; to cmi.core.score.min" time="0.000039">
        </testcase>
        <testcase classname="test/cmi/aicc_cmi.spec.ts" name="AICC CMI Tests &gt; CMI Spec Tests &gt; Pre-Initialize Tests &gt; Field: cmi.core.score.min &gt; Should fail to write &apos;101&apos; to cmi.core.score.min" time="0.000038333">
        </testcase>
        <testcase classname="test/cmi/aicc_cmi.spec.ts" name="AICC CMI Tests &gt; CMI Spec Tests &gt; Pre-Initialize Tests &gt; Field: cmi.core.score.min &gt; Should fail to write &apos;-100000&apos; to cmi.core.score.min" time="0.000050625">
        </testcase>
        <testcase classname="test/cmi/aicc_cmi.spec.ts" name="AICC CMI Tests &gt; CMI Spec Tests &gt; Pre-Initialize Tests &gt; Field: cmi.core.score.min &gt; Should fail to write &apos;100000&apos; to cmi.core.score.min" time="0.000038375">
        </testcase>
        <testcase classname="test/cmi/aicc_cmi.spec.ts" name="AICC CMI Tests &gt; CMI Spec Tests &gt; Pre-Initialize Tests &gt; Field: cmi.core.score.max &gt; Should successfully write &apos;1&apos; to cmi.core.score.max" time="0.000045875">
        </testcase>
        <testcase classname="test/cmi/aicc_cmi.spec.ts" name="AICC CMI Tests &gt; CMI Spec Tests &gt; Pre-Initialize Tests &gt; Field: cmi.core.score.max &gt; Should successfully write &apos;50.25&apos; to cmi.core.score.max" time="0.000036042">
        </testcase>
        <testcase classname="test/cmi/aicc_cmi.spec.ts" name="AICC CMI Tests &gt; CMI Spec Tests &gt; Pre-Initialize Tests &gt; Field: cmi.core.score.max &gt; Should successfully write &apos;70&apos; to cmi.core.score.max" time="0.000035292">
        </testcase>
        <testcase classname="test/cmi/aicc_cmi.spec.ts" name="AICC CMI Tests &gt; CMI Spec Tests &gt; Pre-Initialize Tests &gt; Field: cmi.core.score.max &gt; Should successfully write &apos;100&apos; to cmi.core.score.max" time="0.000034375">
        </testcase>
        <testcase classname="test/cmi/aicc_cmi.spec.ts" name="AICC CMI Tests &gt; CMI Spec Tests &gt; Pre-Initialize Tests &gt; Field: cmi.core.score.max &gt; Should successfully write &apos;1&apos; to cmi.core.score.max" time="0.000034125">
        </testcase>
        <testcase classname="test/cmi/aicc_cmi.spec.ts" name="AICC CMI Tests &gt; CMI Spec Tests &gt; Pre-Initialize Tests &gt; Field: cmi.core.score.max &gt; Should successfully write &apos;50.25&apos; to cmi.core.score.max" time="0.000033792">
        </testcase>
        <testcase classname="test/cmi/aicc_cmi.spec.ts" name="AICC CMI Tests &gt; CMI Spec Tests &gt; Pre-Initialize Tests &gt; Field: cmi.core.score.max &gt; Should successfully write &apos;70&apos; to cmi.core.score.max" time="0.000034208">
        </testcase>
        <testcase classname="test/cmi/aicc_cmi.spec.ts" name="AICC CMI Tests &gt; CMI Spec Tests &gt; Pre-Initialize Tests &gt; Field: cmi.core.score.max &gt; Should successfully write &apos;100&apos; to cmi.core.score.max" time="0.000039666">
        </testcase>
        <testcase classname="test/cmi/aicc_cmi.spec.ts" name="AICC CMI Tests &gt; CMI Spec Tests &gt; Pre-Initialize Tests &gt; Field: cmi.core.score.max &gt; Should fail to write &apos;invalid&apos; to cmi.core.score.max" time="0.000036125">
        </testcase>
        <testcase classname="test/cmi/aicc_cmi.spec.ts" name="AICC CMI Tests &gt; CMI Spec Tests &gt; Pre-Initialize Tests &gt; Field: cmi.core.score.max &gt; Should fail to write &apos;a100&apos; to cmi.core.score.max" time="0.000036917">
        </testcase>
        <testcase classname="test/cmi/aicc_cmi.spec.ts" name="AICC CMI Tests &gt; CMI Spec Tests &gt; Pre-Initialize Tests &gt; Field: cmi.core.score.max &gt; Should fail to write &apos;-1&apos; to cmi.core.score.max" time="0.000038667">
        </testcase>
        <testcase classname="test/cmi/aicc_cmi.spec.ts" name="AICC CMI Tests &gt; CMI Spec Tests &gt; Pre-Initialize Tests &gt; Field: cmi.core.score.max &gt; Should fail to write &apos;101&apos; to cmi.core.score.max" time="0.000034667">
        </testcase>
        <testcase classname="test/cmi/aicc_cmi.spec.ts" name="AICC CMI Tests &gt; CMI Spec Tests &gt; Pre-Initialize Tests &gt; Field: cmi.core.score.max &gt; Should fail to write &apos;-100000&apos; to cmi.core.score.max" time="0.000033875">
        </testcase>
        <testcase classname="test/cmi/aicc_cmi.spec.ts" name="AICC CMI Tests &gt; CMI Spec Tests &gt; Pre-Initialize Tests &gt; Field: cmi.core.score.max &gt; Should fail to write &apos;100000&apos; to cmi.core.score.max" time="0.00003375">
        </testcase>
        <testcase classname="test/cmi/aicc_cmi.spec.ts" name="AICC CMI Tests &gt; CMI Spec Tests &gt; Pre-Initialize Tests &gt; Field: cmi.objectives._children &gt; Should be able to read from cmi.objectives._children" time="0.000038458">
        </testcase>
        <testcase classname="test/cmi/aicc_cmi.spec.ts" name="AICC CMI Tests &gt; CMI Spec Tests &gt; Pre-Initialize Tests &gt; Field: cmi.objectives._children &gt; Should fail to write to cmi.objectives._children" time="0.000136584">
        </testcase>
        <testcase classname="test/cmi/aicc_cmi.spec.ts" name="AICC CMI Tests &gt; CMI Spec Tests &gt; Pre-Initialize Tests &gt; Field: cmi.objectives._count &gt; Should be able to read from cmi.objectives._count" time="0.00002875">
        </testcase>
        <testcase classname="test/cmi/aicc_cmi.spec.ts" name="AICC CMI Tests &gt; CMI Spec Tests &gt; Pre-Initialize Tests &gt; Field: cmi.objectives._count &gt; Should fail to write to cmi.objectives._count" time="0.000061917">
        </testcase>
        <testcase classname="test/cmi/aicc_cmi.spec.ts" name="AICC CMI Tests &gt; CMI Spec Tests &gt; Pre-Initialize Tests &gt; Field: cmi.student_data._children &gt; Should be able to read from cmi.student_data._children" time="0.000029">
        </testcase>
        <testcase classname="test/cmi/aicc_cmi.spec.ts" name="AICC CMI Tests &gt; CMI Spec Tests &gt; Pre-Initialize Tests &gt; Field: cmi.student_data._children &gt; Should fail to write to cmi.student_data._children" time="0.000100125">
        </testcase>
        <testcase classname="test/cmi/aicc_cmi.spec.ts" name="AICC CMI Tests &gt; CMI Spec Tests &gt; Pre-Initialize Tests &gt; Field: cmi.student_data.mastery_score &gt; Should be able to read from cmi.student_data.mastery_score" time="0.000030042">
        </testcase>
        <testcase classname="test/cmi/aicc_cmi.spec.ts" name="AICC CMI Tests &gt; CMI Spec Tests &gt; Pre-Initialize Tests &gt; Field: cmi.student_data.mastery_score &gt; Should successfully write to cmi.student_data.mastery_score" time="0.0000485">
        </testcase>
        <testcase classname="test/cmi/aicc_cmi.spec.ts" name="AICC CMI Tests &gt; CMI Spec Tests &gt; Pre-Initialize Tests &gt; Field: cmi.student_data.max_time_allowed &gt; Should be able to read from cmi.student_data.max_time_allowed" time="0.000026667">
        </testcase>
        <testcase classname="test/cmi/aicc_cmi.spec.ts" name="AICC CMI Tests &gt; CMI Spec Tests &gt; Pre-Initialize Tests &gt; Field: cmi.student_data.max_time_allowed &gt; Should successfully write to cmi.student_data.max_time_allowed" time="0.00003825">
        </testcase>
        <testcase classname="test/cmi/aicc_cmi.spec.ts" name="AICC CMI Tests &gt; CMI Spec Tests &gt; Pre-Initialize Tests &gt; Field: cmi.student_data.time_limit_action &gt; Should be able to read from cmi.student_data.time_limit_action" time="0.000024958">
        </testcase>
        <testcase classname="test/cmi/aicc_cmi.spec.ts" name="AICC CMI Tests &gt; CMI Spec Tests &gt; Pre-Initialize Tests &gt; Field: cmi.student_data.time_limit_action &gt; Should successfully write to cmi.student_data.time_limit_action" time="0.000035375">
        </testcase>
        <testcase classname="test/cmi/aicc_cmi.spec.ts" name="AICC CMI Tests &gt; CMI Spec Tests &gt; Pre-Initialize Tests &gt; Field: cmi.student_data.tries_during_lesson &gt; Should be able to read from cmi.student_data.tries_during_lesson" time="0.000025417">
        </testcase>
        <testcase classname="test/cmi/aicc_cmi.spec.ts" name="AICC CMI Tests &gt; CMI Spec Tests &gt; Pre-Initialize Tests &gt; Field: cmi.student_data.tries_during_lesson &gt; Should successfully write to cmi.student_data.tries_during_lesson" time="0.000038417">
        </testcase>
        <testcase classname="test/cmi/aicc_cmi.spec.ts" name="AICC CMI Tests &gt; CMI Spec Tests &gt; Pre-Initialize Tests &gt; Field: cmi.student_preference._children &gt; Should be able to read from cmi.student_preference._children" time="0.000025">
        </testcase>
        <testcase classname="test/cmi/aicc_cmi.spec.ts" name="AICC CMI Tests &gt; CMI Spec Tests &gt; Pre-Initialize Tests &gt; Field: cmi.student_preference._children &gt; Should fail to write to cmi.student_preference._children" time="0.000049583">
        </testcase>
        <testcase classname="test/cmi/aicc_cmi.spec.ts" name="AICC CMI Tests &gt; CMI Spec Tests &gt; Pre-Initialize Tests &gt; Field: cmi.student_preference.audio &gt; Should successfully write &apos;1&apos; to cmi.student_preference.audio" time="0.000078333">
        </testcase>
        <testcase classname="test/cmi/aicc_cmi.spec.ts" name="AICC CMI Tests &gt; CMI Spec Tests &gt; Pre-Initialize Tests &gt; Field: cmi.student_preference.audio &gt; Should successfully write &apos;50&apos; to cmi.student_preference.audio" time="0.000050125">
        </testcase>
        <testcase classname="test/cmi/aicc_cmi.spec.ts" name="AICC CMI Tests &gt; CMI Spec Tests &gt; Pre-Initialize Tests &gt; Field: cmi.student_preference.audio &gt; Should successfully write &apos;100&apos; to cmi.student_preference.audio" time="0.000032708">
        </testcase>
        <testcase classname="test/cmi/aicc_cmi.spec.ts" name="AICC CMI Tests &gt; CMI Spec Tests &gt; Pre-Initialize Tests &gt; Field: cmi.student_preference.audio &gt; Should successfully write &apos;-1&apos; to cmi.student_preference.audio" time="0.000032958">
        </testcase>
        <testcase classname="test/cmi/aicc_cmi.spec.ts" name="AICC CMI Tests &gt; CMI Spec Tests &gt; Pre-Initialize Tests &gt; Field: cmi.student_preference.audio &gt; Should fail to write &apos;invalid&apos; to cmi.student_preference.audio" time="0.000035333">
        </testcase>
        <testcase classname="test/cmi/aicc_cmi.spec.ts" name="AICC CMI Tests &gt; CMI Spec Tests &gt; Pre-Initialize Tests &gt; Field: cmi.student_preference.audio &gt; Should fail to write &apos;a100&apos; to cmi.student_preference.audio" time="0.000033875">
        </testcase>
        <testcase classname="test/cmi/aicc_cmi.spec.ts" name="AICC CMI Tests &gt; CMI Spec Tests &gt; Pre-Initialize Tests &gt; Field: cmi.student_preference.audio &gt; Should fail to write &apos;-2&apos; to cmi.student_preference.audio" time="0.000034375">
        </testcase>
        <testcase classname="test/cmi/aicc_cmi.spec.ts" name="AICC CMI Tests &gt; CMI Spec Tests &gt; Pre-Initialize Tests &gt; Field: cmi.student_preference.language &gt; Should be able to read from cmi.student_preference.language" time="0.000024541">
        </testcase>
        <testcase classname="test/cmi/aicc_cmi.spec.ts" name="AICC CMI Tests &gt; CMI Spec Tests &gt; Pre-Initialize Tests &gt; Field: cmi.student_preference.language &gt; Should be able to write upto 255 characters to cmi.student_preference.language" time="0.000049417">
        </testcase>
        <testcase classname="test/cmi/aicc_cmi.spec.ts" name="AICC CMI Tests &gt; CMI Spec Tests &gt; Pre-Initialize Tests &gt; Field: cmi.student_preference.language &gt; Should fail to write more than 255 characters to cmi.student_preference.language" time="0.000042083">
        </testcase>
        <testcase classname="test/cmi/aicc_cmi.spec.ts" name="AICC CMI Tests &gt; CMI Spec Tests &gt; Pre-Initialize Tests &gt; Field: cmi.student_preference.speed &gt; Should successfully write &apos;1&apos; to cmi.student_preference.speed" time="0.000047583">
        </testcase>
        <testcase classname="test/cmi/aicc_cmi.spec.ts" name="AICC CMI Tests &gt; CMI Spec Tests &gt; Pre-Initialize Tests &gt; Field: cmi.student_preference.speed &gt; Should successfully write &apos;50&apos; to cmi.student_preference.speed" time="0.000034833">
        </testcase>
        <testcase classname="test/cmi/aicc_cmi.spec.ts" name="AICC CMI Tests &gt; CMI Spec Tests &gt; Pre-Initialize Tests &gt; Field: cmi.student_preference.speed &gt; Should successfully write &apos;100&apos; to cmi.student_preference.speed" time="0.000033417">
        </testcase>
        <testcase classname="test/cmi/aicc_cmi.spec.ts" name="AICC CMI Tests &gt; CMI Spec Tests &gt; Pre-Initialize Tests &gt; Field: cmi.student_preference.speed &gt; Should successfully write &apos;-1&apos; to cmi.student_preference.speed" time="0.000034416">
        </testcase>
        <testcase classname="test/cmi/aicc_cmi.spec.ts" name="AICC CMI Tests &gt; CMI Spec Tests &gt; Pre-Initialize Tests &gt; Field: cmi.student_preference.speed &gt; Should successfully write &apos;-50&apos; to cmi.student_preference.speed" time="0.000035917">
        </testcase>
        <testcase classname="test/cmi/aicc_cmi.spec.ts" name="AICC CMI Tests &gt; CMI Spec Tests &gt; Pre-Initialize Tests &gt; Field: cmi.student_preference.speed &gt; Should successfully write &apos;-100&apos; to cmi.student_preference.speed" time="0.000041792">
        </testcase>
        <testcase classname="test/cmi/aicc_cmi.spec.ts" name="AICC CMI Tests &gt; CMI Spec Tests &gt; Pre-Initialize Tests &gt; Field: cmi.student_preference.speed &gt; Should fail to write &apos;invalid&apos; to cmi.student_preference.speed" time="0.000038625">
        </testcase>
        <testcase classname="test/cmi/aicc_cmi.spec.ts" name="AICC CMI Tests &gt; CMI Spec Tests &gt; Pre-Initialize Tests &gt; Field: cmi.student_preference.speed &gt; Should fail to write &apos;a100&apos; to cmi.student_preference.speed" time="0.000036834">
        </testcase>
        <testcase classname="test/cmi/aicc_cmi.spec.ts" name="AICC CMI Tests &gt; CMI Spec Tests &gt; Pre-Initialize Tests &gt; Field: cmi.student_preference.speed &gt; Should fail to write &apos;-101&apos; to cmi.student_preference.speed" time="0.000036625">
        </testcase>
        <testcase classname="test/cmi/aicc_cmi.spec.ts" name="AICC CMI Tests &gt; CMI Spec Tests &gt; Pre-Initialize Tests &gt; Field: cmi.student_preference.speed &gt; Should fail to write &apos;101&apos; to cmi.student_preference.speed" time="0.0000365">
        </testcase>
        <testcase classname="test/cmi/aicc_cmi.spec.ts" name="AICC CMI Tests &gt; CMI Spec Tests &gt; Pre-Initialize Tests &gt; Field: cmi.student_preference.speed &gt; Should fail to write &apos;-100000&apos; to cmi.student_preference.speed" time="0.000036792">
        </testcase>
        <testcase classname="test/cmi/aicc_cmi.spec.ts" name="AICC CMI Tests &gt; CMI Spec Tests &gt; Pre-Initialize Tests &gt; Field: cmi.student_preference.speed &gt; Should fail to write &apos;100000&apos; to cmi.student_preference.speed" time="0.00003775">
        </testcase>
        <testcase classname="test/cmi/aicc_cmi.spec.ts" name="AICC CMI Tests &gt; CMI Spec Tests &gt; Pre-Initialize Tests &gt; Field: cmi.student_preference.text &gt; Should successfully write &apos;1&apos; to cmi.student_preference.text" time="0.000046041">
        </testcase>
        <testcase classname="test/cmi/aicc_cmi.spec.ts" name="AICC CMI Tests &gt; CMI Spec Tests &gt; Pre-Initialize Tests &gt; Field: cmi.student_preference.text &gt; Should successfully write &apos;0&apos; to cmi.student_preference.text" time="0.000033416">
        </testcase>
        <testcase classname="test/cmi/aicc_cmi.spec.ts" name="AICC CMI Tests &gt; CMI Spec Tests &gt; Pre-Initialize Tests &gt; Field: cmi.student_preference.text &gt; Should successfully write &apos;-1&apos; to cmi.student_preference.text" time="0.000035166">
        </testcase>
        <testcase classname="test/cmi/aicc_cmi.spec.ts" name="AICC CMI Tests &gt; CMI Spec Tests &gt; Pre-Initialize Tests &gt; Field: cmi.student_preference.text &gt; Should fail to write &apos;-101&apos; to cmi.student_preference.text" time="0.000037209">
        </testcase>
        <testcase classname="test/cmi/aicc_cmi.spec.ts" name="AICC CMI Tests &gt; CMI Spec Tests &gt; Pre-Initialize Tests &gt; Field: cmi.student_preference.text &gt; Should fail to write &apos;-0.5&apos; to cmi.student_preference.text" time="0.000036584">
        </testcase>
        <testcase classname="test/cmi/aicc_cmi.spec.ts" name="AICC CMI Tests &gt; CMI Spec Tests &gt; Pre-Initialize Tests &gt; Field: cmi.student_preference.text &gt; Should fail to write &apos;0.5&apos; to cmi.student_preference.text" time="0.000035666">
        </testcase>
        <testcase classname="test/cmi/aicc_cmi.spec.ts" name="AICC CMI Tests &gt; CMI Spec Tests &gt; Pre-Initialize Tests &gt; Field: cmi.student_preference.text &gt; Should fail to write &apos;25.1&apos; to cmi.student_preference.text" time="0.00003575">
        </testcase>
        <testcase classname="test/cmi/aicc_cmi.spec.ts" name="AICC CMI Tests &gt; CMI Spec Tests &gt; Pre-Initialize Tests &gt; Field: cmi.student_preference.text &gt; Should fail to write &apos;50.5&apos; to cmi.student_preference.text" time="0.000043042">
        </testcase>
        <testcase classname="test/cmi/aicc_cmi.spec.ts" name="AICC CMI Tests &gt; CMI Spec Tests &gt; Pre-Initialize Tests &gt; Field: cmi.student_preference.text &gt; Should fail to write &apos;75&apos; to cmi.student_preference.text" time="0.0000385">
        </testcase>
        <testcase classname="test/cmi/aicc_cmi.spec.ts" name="AICC CMI Tests &gt; CMI Spec Tests &gt; Pre-Initialize Tests &gt; Field: cmi.student_preference.text &gt; Should fail to write &apos;100&apos; to cmi.student_preference.text" time="0.000038375">
        </testcase>
        <testcase classname="test/cmi/aicc_cmi.spec.ts" name="AICC CMI Tests &gt; CMI Spec Tests &gt; Pre-Initialize Tests &gt; Field: cmi.interactions._children &gt; Should be able to read from cmi.interactions._children" time="0.000026792">
        </testcase>
        <testcase classname="test/cmi/aicc_cmi.spec.ts" name="AICC CMI Tests &gt; CMI Spec Tests &gt; Pre-Initialize Tests &gt; Field: cmi.interactions._children &gt; Should fail to write to cmi.interactions._children" time="0.000078334">
        </testcase>
        <testcase classname="test/cmi/aicc_cmi.spec.ts" name="AICC CMI Tests &gt; CMI Spec Tests &gt; Pre-Initialize Tests &gt; Field: cmi.interactions._count &gt; Should be able to read from cmi.interactions._count" time="0.000025541">
        </testcase>
        <testcase classname="test/cmi/aicc_cmi.spec.ts" name="AICC CMI Tests &gt; CMI Spec Tests &gt; Pre-Initialize Tests &gt; Field: cmi.interactions._count &gt; Should fail to write to cmi.interactions._count" time="0.000035709">
        </testcase>
        <testcase classname="test/cmi/aicc_cmi.spec.ts" name="AICC CMI Tests &gt; CMI Spec Tests &gt; Post-Initialize Tests &gt; Field: cmi._version &gt; Should be able to read from cmi._version" time="0.000040542">
        </testcase>
        <testcase classname="test/cmi/aicc_cmi.spec.ts" name="AICC CMI Tests &gt; CMI Spec Tests &gt; Post-Initialize Tests &gt; Field: cmi._version &gt; Should fail to write to cmi._version" time="0.000035875">
        </testcase>
        <testcase classname="test/cmi/aicc_cmi.spec.ts" name="AICC CMI Tests &gt; CMI Spec Tests &gt; Post-Initialize Tests &gt; Field: cmi._children &gt; Should be able to read from cmi._children" time="0.000022459">
        </testcase>
        <testcase classname="test/cmi/aicc_cmi.spec.ts" name="AICC CMI Tests &gt; CMI Spec Tests &gt; Post-Initialize Tests &gt; Field: cmi._children &gt; Should fail to write to cmi._children" time="0.000033958">
        </testcase>
        <testcase classname="test/cmi/aicc_cmi.spec.ts" name="AICC CMI Tests &gt; CMI Spec Tests &gt; Post-Initialize Tests &gt; Field: cmi.suspend_data &gt; Should be able to read from cmi.suspend_data" time="0.000023125">
        </testcase>
        <testcase classname="test/cmi/aicc_cmi.spec.ts" name="AICC CMI Tests &gt; CMI Spec Tests &gt; Post-Initialize Tests &gt; Field: cmi.suspend_data &gt; Should be able to write upto 4096 characters to cmi.suspend_data" time="0.000044291">
        </testcase>
        <testcase classname="test/cmi/aicc_cmi.spec.ts" name="AICC CMI Tests &gt; CMI Spec Tests &gt; Post-Initialize Tests &gt; Field: cmi.suspend_data &gt; Should fail to write more than 4096 characters to cmi.suspend_data" time="0.000051875">
        </testcase>
        <testcase classname="test/cmi/aicc_cmi.spec.ts" name="AICC CMI Tests &gt; CMI Spec Tests &gt; Post-Initialize Tests &gt; Field: cmi.launch_data &gt; Should be able to read from cmi.launch_data" time="0.00002325">
        </testcase>
        <testcase classname="test/cmi/aicc_cmi.spec.ts" name="AICC CMI Tests &gt; CMI Spec Tests &gt; Post-Initialize Tests &gt; Field: cmi.launch_data &gt; Should fail to write to cmi.launch_data" time="0.000034625">
        </testcase>
        <testcase classname="test/cmi/aicc_cmi.spec.ts" name="AICC CMI Tests &gt; CMI Spec Tests &gt; Post-Initialize Tests &gt; Field: cmi.comments &gt; Should be able to read from cmi.comments" time="0.000024">
        </testcase>
        <testcase classname="test/cmi/aicc_cmi.spec.ts" name="AICC CMI Tests &gt; CMI Spec Tests &gt; Post-Initialize Tests &gt; Field: cmi.comments &gt; Should be able to write upto 4096 characters to cmi.comments" time="0.00004175">
        </testcase>
        <testcase classname="test/cmi/aicc_cmi.spec.ts" name="AICC CMI Tests &gt; CMI Spec Tests &gt; Post-Initialize Tests &gt; Field: cmi.comments &gt; Should fail to write more than 4096 characters to cmi.comments" time="0.00004925">
        </testcase>
        <testcase classname="test/cmi/aicc_cmi.spec.ts" name="AICC CMI Tests &gt; CMI Spec Tests &gt; Post-Initialize Tests &gt; Field: cmi.comments_from_lms &gt; Should be able to read from cmi.comments_from_lms" time="0.00002325">
        </testcase>
        <testcase classname="test/cmi/aicc_cmi.spec.ts" name="AICC CMI Tests &gt; CMI Spec Tests &gt; Post-Initialize Tests &gt; Field: cmi.comments_from_lms &gt; Should fail to write to cmi.comments_from_lms" time="0.000032417">
        </testcase>
        <testcase classname="test/cmi/aicc_cmi.spec.ts" name="AICC CMI Tests &gt; CMI Spec Tests &gt; Post-Initialize Tests &gt; Field: cmi.core._children &gt; Should be able to read from cmi.core._children" time="0.000027458">
        </testcase>
        <testcase classname="test/cmi/aicc_cmi.spec.ts" name="AICC CMI Tests &gt; CMI Spec Tests &gt; Post-Initialize Tests &gt; Field: cmi.core._children &gt; Should fail to write to cmi.core._children" time="0.000033125">
        </testcase>
        <testcase classname="test/cmi/aicc_cmi.spec.ts" name="AICC CMI Tests &gt; CMI Spec Tests &gt; Post-Initialize Tests &gt; Field: cmi.core.student_id &gt; Should be able to read from cmi.core.student_id" time="0.000022583">
        </testcase>
        <testcase classname="test/cmi/aicc_cmi.spec.ts" name="AICC CMI Tests &gt; CMI Spec Tests &gt; Post-Initialize Tests &gt; Field: cmi.core.student_id &gt; Should fail to write to cmi.core.student_id" time="0.000030625">
        </testcase>
        <testcase classname="test/cmi/aicc_cmi.spec.ts" name="AICC CMI Tests &gt; CMI Spec Tests &gt; Post-Initialize Tests &gt; Field: cmi.core.student_name &gt; Should be able to read from cmi.core.student_name" time="0.000021417">
        </testcase>
        <testcase classname="test/cmi/aicc_cmi.spec.ts" name="AICC CMI Tests &gt; CMI Spec Tests &gt; Post-Initialize Tests &gt; Field: cmi.core.student_name &gt; Should fail to write to cmi.core.student_name" time="0.00002925">
        </testcase>
        <testcase classname="test/cmi/aicc_cmi.spec.ts" name="AICC CMI Tests &gt; CMI Spec Tests &gt; Post-Initialize Tests &gt; Field: cmi.core.lesson_location &gt; Should be able to read from cmi.core.lesson_location" time="0.000069959">
        </testcase>
        <testcase classname="test/cmi/aicc_cmi.spec.ts" name="AICC CMI Tests &gt; CMI Spec Tests &gt; Post-Initialize Tests &gt; Field: cmi.core.lesson_location &gt; Should be able to write upto 255 characters to cmi.core.lesson_location" time="0.000036333">
        </testcase>
        <testcase classname="test/cmi/aicc_cmi.spec.ts" name="AICC CMI Tests &gt; CMI Spec Tests &gt; Post-Initialize Tests &gt; Field: cmi.core.lesson_location &gt; Should fail to write more than 255 characters to cmi.core.lesson_location" time="0.00004875">
        </testcase>
        <testcase classname="test/cmi/aicc_cmi.spec.ts" name="AICC CMI Tests &gt; CMI Spec Tests &gt; Post-Initialize Tests &gt; Field: cmi.core.credit &gt; Should be able to read from cmi.core.credit" time="0.000024709">
        </testcase>
        <testcase classname="test/cmi/aicc_cmi.spec.ts" name="AICC CMI Tests &gt; CMI Spec Tests &gt; Post-Initialize Tests &gt; Field: cmi.core.credit &gt; Should fail to write to cmi.core.credit" time="0.000031541">
        </testcase>
        <testcase classname="test/cmi/aicc_cmi.spec.ts" name="AICC CMI Tests &gt; CMI Spec Tests &gt; Post-Initialize Tests &gt; Field: cmi.core.lesson_status &gt; Should be able to read from cmi.core.lesson_status" time="0.000023917">
        </testcase>
        <testcase classname="test/cmi/aicc_cmi.spec.ts" name="AICC CMI Tests &gt; CMI Spec Tests &gt; Post-Initialize Tests &gt; Field: cmi.core.lesson_status &gt; Should successfully write &apos;passed&apos; to cmi.core.lesson_status" time="0.000051584">
        </testcase>
        <testcase classname="test/cmi/aicc_cmi.spec.ts" name="AICC CMI Tests &gt; CMI Spec Tests &gt; Post-Initialize Tests &gt; Field: cmi.core.lesson_status &gt; Should successfully write &apos;completed&apos; to cmi.core.lesson_status" time="0.000050125">
        </testcase>
        <testcase classname="test/cmi/aicc_cmi.spec.ts" name="AICC CMI Tests &gt; CMI Spec Tests &gt; Post-Initialize Tests &gt; Field: cmi.core.lesson_status &gt; Should successfully write &apos;failed&apos; to cmi.core.lesson_status" time="0.000032625">
        </testcase>
        <testcase classname="test/cmi/aicc_cmi.spec.ts" name="AICC CMI Tests &gt; CMI Spec Tests &gt; Post-Initialize Tests &gt; Field: cmi.core.lesson_status &gt; Should successfully write &apos;incomplete&apos; to cmi.core.lesson_status" time="0.000033875">
        </testcase>
        <testcase classname="test/cmi/aicc_cmi.spec.ts" name="AICC CMI Tests &gt; CMI Spec Tests &gt; Post-Initialize Tests &gt; Field: cmi.core.lesson_status &gt; Should successfully write &apos;browsed&apos; to cmi.core.lesson_status" time="0.000032375">
        </testcase>
        <testcase classname="test/cmi/aicc_cmi.spec.ts" name="AICC CMI Tests &gt; CMI Spec Tests &gt; Post-Initialize Tests &gt; Field: cmi.core.lesson_status &gt; Should fail to write &apos;Passed&apos; to cmi.core.lesson_status" time="0.000036167">
        </testcase>
        <testcase classname="test/cmi/aicc_cmi.spec.ts" name="AICC CMI Tests &gt; CMI Spec Tests &gt; Post-Initialize Tests &gt; Field: cmi.core.lesson_status &gt; Should fail to write &apos;P&apos; to cmi.core.lesson_status" time="0.000037083">
        </testcase>
        <testcase classname="test/cmi/aicc_cmi.spec.ts" name="AICC CMI Tests &gt; CMI Spec Tests &gt; Post-Initialize Tests &gt; Field: cmi.core.lesson_status &gt; Should fail to write &apos;F&apos; to cmi.core.lesson_status" time="0.000035042">
        </testcase>
        <testcase classname="test/cmi/aicc_cmi.spec.ts" name="AICC CMI Tests &gt; CMI Spec Tests &gt; Post-Initialize Tests &gt; Field: cmi.core.lesson_status &gt; Should fail to write &apos;p&apos; to cmi.core.lesson_status" time="0.000035375">
        </testcase>
        <testcase classname="test/cmi/aicc_cmi.spec.ts" name="AICC CMI Tests &gt; CMI Spec Tests &gt; Post-Initialize Tests &gt; Field: cmi.core.lesson_status &gt; Should fail to write &apos;true&apos; to cmi.core.lesson_status" time="0.000034917">
        </testcase>
        <testcase classname="test/cmi/aicc_cmi.spec.ts" name="AICC CMI Tests &gt; CMI Spec Tests &gt; Post-Initialize Tests &gt; Field: cmi.core.lesson_status &gt; Should fail to write &apos;false&apos; to cmi.core.lesson_status" time="0.000034958">
        </testcase>
        <testcase classname="test/cmi/aicc_cmi.spec.ts" name="AICC CMI Tests &gt; CMI Spec Tests &gt; Post-Initialize Tests &gt; Field: cmi.core.lesson_status &gt; Should fail to write &apos;complete&apos; to cmi.core.lesson_status" time="0.000043708">
        </testcase>
        <testcase classname="test/cmi/aicc_cmi.spec.ts" name="AICC CMI Tests &gt; CMI Spec Tests &gt; Post-Initialize Tests &gt; Field: cmi.core.entry &gt; Should be able to read from cmi.core.entry" time="0.000023375">
        </testcase>
        <testcase classname="test/cmi/aicc_cmi.spec.ts" name="AICC CMI Tests &gt; CMI Spec Tests &gt; Post-Initialize Tests &gt; Field: cmi.core.entry &gt; Should fail to write to cmi.core.entry" time="0.000030291">
        </testcase>
        <testcase classname="test/cmi/aicc_cmi.spec.ts" name="AICC CMI Tests &gt; CMI Spec Tests &gt; Post-Initialize Tests &gt; Field: cmi.core.total_time &gt; Should be able to read from cmi.core.total_time" time="0.000023292">
        </testcase>
        <testcase classname="test/cmi/aicc_cmi.spec.ts" name="AICC CMI Tests &gt; CMI Spec Tests &gt; Post-Initialize Tests &gt; Field: cmi.core.total_time &gt; Should fail to write to cmi.core.total_time" time="0.000028583">
        </testcase>
        <testcase classname="test/cmi/aicc_cmi.spec.ts" name="AICC CMI Tests &gt; CMI Spec Tests &gt; Post-Initialize Tests &gt; Field: cmi.core.lesson_mode &gt; Should be able to read from cmi.core.lesson_mode" time="0.000021083">
        </testcase>
        <testcase classname="test/cmi/aicc_cmi.spec.ts" name="AICC CMI Tests &gt; CMI Spec Tests &gt; Post-Initialize Tests &gt; Field: cmi.core.lesson_mode &gt; Should fail to write to cmi.core.lesson_mode" time="0.000028375">
        </testcase>
        <testcase classname="test/cmi/aicc_cmi.spec.ts" name="AICC CMI Tests &gt; CMI Spec Tests &gt; Post-Initialize Tests &gt; Field: cmi.core.exit &gt; Should successfully write to cmi.core.exit" time="0.000033292">
        </testcase>
        <testcase classname="test/cmi/aicc_cmi.spec.ts" name="AICC CMI Tests &gt; CMI Spec Tests &gt; Post-Initialize Tests &gt; Field: cmi.core.exit &gt; Should successfully write &apos;time-out&apos; to cmi.core.exit" time="0.000033084">
        </testcase>
        <testcase classname="test/cmi/aicc_cmi.spec.ts" name="AICC CMI Tests &gt; CMI Spec Tests &gt; Post-Initialize Tests &gt; Field: cmi.core.exit &gt; Should successfully write &apos;suspend&apos; to cmi.core.exit" time="0.000033958">
        </testcase>
        <testcase classname="test/cmi/aicc_cmi.spec.ts" name="AICC CMI Tests &gt; CMI Spec Tests &gt; Post-Initialize Tests &gt; Field: cmi.core.exit &gt; Should successfully write &apos;logout&apos; to cmi.core.exit" time="0.000063083">
        </testcase>
        <testcase classname="test/cmi/aicc_cmi.spec.ts" name="AICC CMI Tests &gt; CMI Spec Tests &gt; Post-Initialize Tests &gt; Field: cmi.core.exit &gt; Should successfully write &apos;&apos; to cmi.core.exit" time="0.000033917">
        </testcase>
        <testcase classname="test/cmi/aicc_cmi.spec.ts" name="AICC CMI Tests &gt; CMI Spec Tests &gt; Post-Initialize Tests &gt; Field: cmi.core.exit &gt; Should fail to write &apos;close&apos; to cmi.core.exit" time="0.000034875">
        </testcase>
        <testcase classname="test/cmi/aicc_cmi.spec.ts" name="AICC CMI Tests &gt; CMI Spec Tests &gt; Post-Initialize Tests &gt; Field: cmi.core.exit &gt; Should fail to write &apos;exit&apos; to cmi.core.exit" time="0.000035416">
        </testcase>
        <testcase classname="test/cmi/aicc_cmi.spec.ts" name="AICC CMI Tests &gt; CMI Spec Tests &gt; Post-Initialize Tests &gt; Field: cmi.core.exit &gt; Should fail to write &apos;crash&apos; to cmi.core.exit" time="0.000034">
        </testcase>
        <testcase classname="test/cmi/aicc_cmi.spec.ts" name="AICC CMI Tests &gt; CMI Spec Tests &gt; Post-Initialize Tests &gt; Field: cmi.core.session_time &gt; Should fail to read from cmi.core.session_time" time="0.000032291">
        </testcase>
        <testcase classname="test/cmi/aicc_cmi.spec.ts" name="AICC CMI Tests &gt; CMI Spec Tests &gt; Post-Initialize Tests &gt; Field: cmi.core.session_time &gt; Should successfully write to cmi.core.session_time" time="0.000033666">
        </testcase>
        <testcase classname="test/cmi/aicc_cmi.spec.ts" name="AICC CMI Tests &gt; CMI Spec Tests &gt; Post-Initialize Tests &gt; Field: cmi.core.session_time &gt; Should successfully write &apos;10:06:57&apos; to cmi.core.session_time" time="0.000034875">
        </testcase>
        <testcase classname="test/cmi/aicc_cmi.spec.ts" name="AICC CMI Tests &gt; CMI Spec Tests &gt; Post-Initialize Tests &gt; Field: cmi.core.session_time &gt; Should successfully write &apos;00:00:01.56&apos; to cmi.core.session_time" time="0.0000315">
        </testcase>
        <testcase classname="test/cmi/aicc_cmi.spec.ts" name="AICC CMI Tests &gt; CMI Spec Tests &gt; Post-Initialize Tests &gt; Field: cmi.core.session_time &gt; Should successfully write &apos;23:59:59&apos; to cmi.core.session_time" time="0.000031167">
        </testcase>
        <testcase classname="test/cmi/aicc_cmi.spec.ts" name="AICC CMI Tests &gt; CMI Spec Tests &gt; Post-Initialize Tests &gt; Field: cmi.core.session_time &gt; Should successfully write &apos;47:59:59&apos; to cmi.core.session_time" time="0.000033125">
        </testcase>
        <testcase classname="test/cmi/aicc_cmi.spec.ts" name="AICC CMI Tests &gt; CMI Spec Tests &gt; Post-Initialize Tests &gt; Field: cmi.core.session_time &gt; Should fail to write &apos;06:5:13&apos; to cmi.core.session_time" time="0.000035042">
        </testcase>
        <testcase classname="test/cmi/aicc_cmi.spec.ts" name="AICC CMI Tests &gt; CMI Spec Tests &gt; Post-Initialize Tests &gt; Field: cmi.core.session_time &gt; Should fail to write &apos;23:59:59.123&apos; to cmi.core.session_time" time="0.00003575">
        </testcase>
        <testcase classname="test/cmi/aicc_cmi.spec.ts" name="AICC CMI Tests &gt; CMI Spec Tests &gt; Post-Initialize Tests &gt; Field: cmi.core.session_time &gt; Should fail to write &apos;P1DT23H59M59S&apos; to cmi.core.session_time" time="0.000036125">
        </testcase>
        <testcase classname="test/cmi/aicc_cmi.spec.ts" name="AICC CMI Tests &gt; CMI Spec Tests &gt; Post-Initialize Tests &gt; Field: cmi.core.score._children &gt; Should be able to read from cmi.core.score._children" time="0.000023541">
        </testcase>
        <testcase classname="test/cmi/aicc_cmi.spec.ts" name="AICC CMI Tests &gt; CMI Spec Tests &gt; Post-Initialize Tests &gt; Field: cmi.core.score._children &gt; Should fail to write to cmi.core.score._children" time="0.000032333">
        </testcase>
        <testcase classname="test/cmi/aicc_cmi.spec.ts" name="AICC CMI Tests &gt; CMI Spec Tests &gt; Post-Initialize Tests &gt; Field: cmi.core.score.raw &gt; Should successfully write &apos;1&apos; to cmi.core.score.raw" time="0.000032708">
        </testcase>
        <testcase classname="test/cmi/aicc_cmi.spec.ts" name="AICC CMI Tests &gt; CMI Spec Tests &gt; Post-Initialize Tests &gt; Field: cmi.core.score.raw &gt; Should successfully write &apos;50.25&apos; to cmi.core.score.raw" time="0.000031042">
        </testcase>
        <testcase classname="test/cmi/aicc_cmi.spec.ts" name="AICC CMI Tests &gt; CMI Spec Tests &gt; Post-Initialize Tests &gt; Field: cmi.core.score.raw &gt; Should successfully write &apos;70&apos; to cmi.core.score.raw" time="0.000029667">
        </testcase>
        <testcase classname="test/cmi/aicc_cmi.spec.ts" name="AICC CMI Tests &gt; CMI Spec Tests &gt; Post-Initialize Tests &gt; Field: cmi.core.score.raw &gt; Should successfully write &apos;100&apos; to cmi.core.score.raw" time="0.000027708">
        </testcase>
        <testcase classname="test/cmi/aicc_cmi.spec.ts" name="AICC CMI Tests &gt; CMI Spec Tests &gt; Post-Initialize Tests &gt; Field: cmi.core.score.raw &gt; Should successfully write &apos;1&apos; to cmi.core.score.raw" time="0.000031">
        </testcase>
        <testcase classname="test/cmi/aicc_cmi.spec.ts" name="AICC CMI Tests &gt; CMI Spec Tests &gt; Post-Initialize Tests &gt; Field: cmi.core.score.raw &gt; Should successfully write &apos;50.25&apos; to cmi.core.score.raw" time="0.000029584">
        </testcase>
        <testcase classname="test/cmi/aicc_cmi.spec.ts" name="AICC CMI Tests &gt; CMI Spec Tests &gt; Post-Initialize Tests &gt; Field: cmi.core.score.raw &gt; Should successfully write &apos;70&apos; to cmi.core.score.raw" time="0.000035875">
        </testcase>
        <testcase classname="test/cmi/aicc_cmi.spec.ts" name="AICC CMI Tests &gt; CMI Spec Tests &gt; Post-Initialize Tests &gt; Field: cmi.core.score.raw &gt; Should successfully write &apos;100&apos; to cmi.core.score.raw" time="0.000027375">
        </testcase>
        <testcase classname="test/cmi/aicc_cmi.spec.ts" name="AICC CMI Tests &gt; CMI Spec Tests &gt; Post-Initialize Tests &gt; Field: cmi.core.score.raw &gt; Should fail to write &apos;invalid&apos; to cmi.core.score.raw" time="0.000036125">
        </testcase>
        <testcase classname="test/cmi/aicc_cmi.spec.ts" name="AICC CMI Tests &gt; CMI Spec Tests &gt; Post-Initialize Tests &gt; Field: cmi.core.score.raw &gt; Should fail to write &apos;a100&apos; to cmi.core.score.raw" time="0.000037541">
        </testcase>
        <testcase classname="test/cmi/aicc_cmi.spec.ts" name="AICC CMI Tests &gt; CMI Spec Tests &gt; Post-Initialize Tests &gt; Field: cmi.core.score.raw &gt; Should fail to write &apos;-1&apos; to cmi.core.score.raw" time="0.000036375">
        </testcase>
        <testcase classname="test/cmi/aicc_cmi.spec.ts" name="AICC CMI Tests &gt; CMI Spec Tests &gt; Post-Initialize Tests &gt; Field: cmi.core.score.raw &gt; Should fail to write &apos;101&apos; to cmi.core.score.raw" time="0.000036834">
        </testcase>
        <testcase classname="test/cmi/aicc_cmi.spec.ts" name="AICC CMI Tests &gt; CMI Spec Tests &gt; Post-Initialize Tests &gt; Field: cmi.core.score.raw &gt; Should fail to write &apos;-100000&apos; to cmi.core.score.raw" time="0.000036875">
        </testcase>
        <testcase classname="test/cmi/aicc_cmi.spec.ts" name="AICC CMI Tests &gt; CMI Spec Tests &gt; Post-Initialize Tests &gt; Field: cmi.core.score.raw &gt; Should fail to write &apos;100000&apos; to cmi.core.score.raw" time="0.000036042">
        </testcase>
        <testcase classname="test/cmi/aicc_cmi.spec.ts" name="AICC CMI Tests &gt; CMI Spec Tests &gt; Post-Initialize Tests &gt; Field: cmi.core.score.min &gt; Should successfully write &apos;1&apos; to cmi.core.score.min" time="0.000029">
        </testcase>
        <testcase classname="test/cmi/aicc_cmi.spec.ts" name="AICC CMI Tests &gt; CMI Spec Tests &gt; Post-Initialize Tests &gt; Field: cmi.core.score.min &gt; Should successfully write &apos;50.25&apos; to cmi.core.score.min" time="0.000030375">
        </testcase>
        <testcase classname="test/cmi/aicc_cmi.spec.ts" name="AICC CMI Tests &gt; CMI Spec Tests &gt; Post-Initialize Tests &gt; Field: cmi.core.score.min &gt; Should successfully write &apos;70&apos; to cmi.core.score.min" time="0.0000285">
        </testcase>
        <testcase classname="test/cmi/aicc_cmi.spec.ts" name="AICC CMI Tests &gt; CMI Spec Tests &gt; Post-Initialize Tests &gt; Field: cmi.core.score.min &gt; Should successfully write &apos;100&apos; to cmi.core.score.min" time="0.000027334">
        </testcase>
        <testcase classname="test/cmi/aicc_cmi.spec.ts" name="AICC CMI Tests &gt; CMI Spec Tests &gt; Post-Initialize Tests &gt; Field: cmi.core.score.min &gt; Should successfully write &apos;1&apos; to cmi.core.score.min" time="0.000027417">
        </testcase>
        <testcase classname="test/cmi/aicc_cmi.spec.ts" name="AICC CMI Tests &gt; CMI Spec Tests &gt; Post-Initialize Tests &gt; Field: cmi.core.score.min &gt; Should successfully write &apos;50.25&apos; to cmi.core.score.min" time="0.000027167">
        </testcase>
        <testcase classname="test/cmi/aicc_cmi.spec.ts" name="AICC CMI Tests &gt; CMI Spec Tests &gt; Post-Initialize Tests &gt; Field: cmi.core.score.min &gt; Should successfully write &apos;70&apos; to cmi.core.score.min" time="0.000027333">
        </testcase>
        <testcase classname="test/cmi/aicc_cmi.spec.ts" name="AICC CMI Tests &gt; CMI Spec Tests &gt; Post-Initialize Tests &gt; Field: cmi.core.score.min &gt; Should successfully write &apos;100&apos; to cmi.core.score.min" time="0.000027291">
        </testcase>
        <testcase classname="test/cmi/aicc_cmi.spec.ts" name="AICC CMI Tests &gt; CMI Spec Tests &gt; Post-Initialize Tests &gt; Field: cmi.core.score.min &gt; Should fail to write &apos;invalid&apos; to cmi.core.score.min" time="0.00003575">
        </testcase>
        <testcase classname="test/cmi/aicc_cmi.spec.ts" name="AICC CMI Tests &gt; CMI Spec Tests &gt; Post-Initialize Tests &gt; Field: cmi.core.score.min &gt; Should fail to write &apos;a100&apos; to cmi.core.score.min" time="0.000036709">
        </testcase>
        <testcase classname="test/cmi/aicc_cmi.spec.ts" name="AICC CMI Tests &gt; CMI Spec Tests &gt; Post-Initialize Tests &gt; Field: cmi.core.score.min &gt; Should fail to write &apos;-1&apos; to cmi.core.score.min" time="0.000034208">
        </testcase>
        <testcase classname="test/cmi/aicc_cmi.spec.ts" name="AICC CMI Tests &gt; CMI Spec Tests &gt; Post-Initialize Tests &gt; Field: cmi.core.score.min &gt; Should fail to write &apos;101&apos; to cmi.core.score.min" time="0.00003525">
        </testcase>
        <testcase classname="test/cmi/aicc_cmi.spec.ts" name="AICC CMI Tests &gt; CMI Spec Tests &gt; Post-Initialize Tests &gt; Field: cmi.core.score.min &gt; Should fail to write &apos;-100000&apos; to cmi.core.score.min" time="0.000034625">
        </testcase>
        <testcase classname="test/cmi/aicc_cmi.spec.ts" name="AICC CMI Tests &gt; CMI Spec Tests &gt; Post-Initialize Tests &gt; Field: cmi.core.score.min &gt; Should fail to write &apos;100000&apos; to cmi.core.score.min" time="0.000035334">
        </testcase>
        <testcase classname="test/cmi/aicc_cmi.spec.ts" name="AICC CMI Tests &gt; CMI Spec Tests &gt; Post-Initialize Tests &gt; Field: cmi.core.score.max &gt; Should successfully write &apos;1&apos; to cmi.core.score.max" time="0.000030708">
        </testcase>
        <testcase classname="test/cmi/aicc_cmi.spec.ts" name="AICC CMI Tests &gt; CMI Spec Tests &gt; Post-Initialize Tests &gt; Field: cmi.core.score.max &gt; Should successfully write &apos;50.25&apos; to cmi.core.score.max" time="0.000030292">
        </testcase>
        <testcase classname="test/cmi/aicc_cmi.spec.ts" name="AICC CMI Tests &gt; CMI Spec Tests &gt; Post-Initialize Tests &gt; Field: cmi.core.score.max &gt; Should successfully write &apos;70&apos; to cmi.core.score.max" time="0.00002825">
        </testcase>
        <testcase classname="test/cmi/aicc_cmi.spec.ts" name="AICC CMI Tests &gt; CMI Spec Tests &gt; Post-Initialize Tests &gt; Field: cmi.core.score.max &gt; Should successfully write &apos;100&apos; to cmi.core.score.max" time="0.0000275">
        </testcase>
        <testcase classname="test/cmi/aicc_cmi.spec.ts" name="AICC CMI Tests &gt; CMI Spec Tests &gt; Post-Initialize Tests &gt; Field: cmi.core.score.max &gt; Should successfully write &apos;1&apos; to cmi.core.score.max" time="0.000027208">
        </testcase>
        <testcase classname="test/cmi/aicc_cmi.spec.ts" name="AICC CMI Tests &gt; CMI Spec Tests &gt; Post-Initialize Tests &gt; Field: cmi.core.score.max &gt; Should successfully write &apos;50.25&apos; to cmi.core.score.max" time="0.000026625">
        </testcase>
        <testcase classname="test/cmi/aicc_cmi.spec.ts" name="AICC CMI Tests &gt; CMI Spec Tests &gt; Post-Initialize Tests &gt; Field: cmi.core.score.max &gt; Should successfully write &apos;70&apos; to cmi.core.score.max" time="0.000029375">
        </testcase>
        <testcase classname="test/cmi/aicc_cmi.spec.ts" name="AICC CMI Tests &gt; CMI Spec Tests &gt; Post-Initialize Tests &gt; Field: cmi.core.score.max &gt; Should successfully write &apos;100&apos; to cmi.core.score.max" time="0.000027541">
        </testcase>
        <testcase classname="test/cmi/aicc_cmi.spec.ts" name="AICC CMI Tests &gt; CMI Spec Tests &gt; Post-Initialize Tests &gt; Field: cmi.core.score.max &gt; Should fail to write &apos;invalid&apos; to cmi.core.score.max" time="0.000034584">
        </testcase>
        <testcase classname="test/cmi/aicc_cmi.spec.ts" name="AICC CMI Tests &gt; CMI Spec Tests &gt; Post-Initialize Tests &gt; Field: cmi.core.score.max &gt; Should fail to write &apos;a100&apos; to cmi.core.score.max" time="0.000034458">
        </testcase>
        <testcase classname="test/cmi/aicc_cmi.spec.ts" name="AICC CMI Tests &gt; CMI Spec Tests &gt; Post-Initialize Tests &gt; Field: cmi.core.score.max &gt; Should fail to write &apos;-1&apos; to cmi.core.score.max" time="0.000035084">
        </testcase>
        <testcase classname="test/cmi/aicc_cmi.spec.ts" name="AICC CMI Tests &gt; CMI Spec Tests &gt; Post-Initialize Tests &gt; Field: cmi.core.score.max &gt; Should fail to write &apos;101&apos; to cmi.core.score.max" time="0.000034333">
        </testcase>
        <testcase classname="test/cmi/aicc_cmi.spec.ts" name="AICC CMI Tests &gt; CMI Spec Tests &gt; Post-Initialize Tests &gt; Field: cmi.core.score.max &gt; Should fail to write &apos;-100000&apos; to cmi.core.score.max" time="0.000035083">
        </testcase>
        <testcase classname="test/cmi/aicc_cmi.spec.ts" name="AICC CMI Tests &gt; CMI Spec Tests &gt; Post-Initialize Tests &gt; Field: cmi.core.score.max &gt; Should fail to write &apos;100000&apos; to cmi.core.score.max" time="0.000035334">
        </testcase>
        <testcase classname="test/cmi/aicc_cmi.spec.ts" name="AICC CMI Tests &gt; CMI Spec Tests &gt; Post-Initialize Tests &gt; Field: cmi.objectives._children &gt; Should be able to read from cmi.objectives._children" time="0.000022833">
        </testcase>
        <testcase classname="test/cmi/aicc_cmi.spec.ts" name="AICC CMI Tests &gt; CMI Spec Tests &gt; Post-Initialize Tests &gt; Field: cmi.objectives._children &gt; Should fail to write to cmi.objectives._children" time="0.000073916">
        </testcase>
        <testcase classname="test/cmi/aicc_cmi.spec.ts" name="AICC CMI Tests &gt; CMI Spec Tests &gt; Post-Initialize Tests &gt; Field: cmi.objectives._count &gt; Should be able to read from cmi.objectives._count" time="0.0000235">
        </testcase>
        <testcase classname="test/cmi/aicc_cmi.spec.ts" name="AICC CMI Tests &gt; CMI Spec Tests &gt; Post-Initialize Tests &gt; Field: cmi.objectives._count &gt; Should fail to write to cmi.objectives._count" time="0.000030917">
        </testcase>
        <testcase classname="test/cmi/aicc_cmi.spec.ts" name="AICC CMI Tests &gt; CMI Spec Tests &gt; Post-Initialize Tests &gt; Field: cmi.student_data._children &gt; Should be able to read from cmi.student_data._children" time="0.000022916">
        </testcase>
        <testcase classname="test/cmi/aicc_cmi.spec.ts" name="AICC CMI Tests &gt; CMI Spec Tests &gt; Post-Initialize Tests &gt; Field: cmi.student_data._children &gt; Should fail to write to cmi.student_data._children" time="0.000028792">
        </testcase>
        <testcase classname="test/cmi/aicc_cmi.spec.ts" name="AICC CMI Tests &gt; CMI Spec Tests &gt; Post-Initialize Tests &gt; Field: cmi.student_data.mastery_score &gt; Should be able to read from cmi.student_data.mastery_score" time="0.000021625">
        </testcase>
        <testcase classname="test/cmi/aicc_cmi.spec.ts" name="AICC CMI Tests &gt; CMI Spec Tests &gt; Post-Initialize Tests &gt; Field: cmi.student_data.mastery_score &gt; Should fail to write to cmi.student_data.mastery_score" time="0.00003025">
        </testcase>
        <testcase classname="test/cmi/aicc_cmi.spec.ts" name="AICC CMI Tests &gt; CMI Spec Tests &gt; Post-Initialize Tests &gt; Field: cmi.student_data.max_time_allowed &gt; Should be able to read from cmi.student_data.max_time_allowed" time="0.000022333">
        </testcase>
        <testcase classname="test/cmi/aicc_cmi.spec.ts" name="AICC CMI Tests &gt; CMI Spec Tests &gt; Post-Initialize Tests &gt; Field: cmi.student_data.max_time_allowed &gt; Should fail to write to cmi.student_data.max_time_allowed" time="0.000027417">
        </testcase>
        <testcase classname="test/cmi/aicc_cmi.spec.ts" name="AICC CMI Tests &gt; CMI Spec Tests &gt; Post-Initialize Tests &gt; Field: cmi.student_data.time_limit_action &gt; Should be able to read from cmi.student_data.time_limit_action" time="0.000020875">
        </testcase>
        <testcase classname="test/cmi/aicc_cmi.spec.ts" name="AICC CMI Tests &gt; CMI Spec Tests &gt; Post-Initialize Tests &gt; Field: cmi.student_data.time_limit_action &gt; Should fail to write to cmi.student_data.time_limit_action" time="0.000027209">
        </testcase>
        <testcase classname="test/cmi/aicc_cmi.spec.ts" name="AICC CMI Tests &gt; CMI Spec Tests &gt; Post-Initialize Tests &gt; Field: cmi.student_data.tries_during_lesson &gt; Should be able to read from cmi.student_data.tries_during_lesson" time="0.000020917">
        </testcase>
        <testcase classname="test/cmi/aicc_cmi.spec.ts" name="AICC CMI Tests &gt; CMI Spec Tests &gt; Post-Initialize Tests &gt; Field: cmi.student_data.tries_during_lesson &gt; Should fail to write to cmi.student_data.tries_during_lesson" time="0.000058">
        </testcase>
        <testcase classname="test/cmi/aicc_cmi.spec.ts" name="AICC CMI Tests &gt; CMI Spec Tests &gt; Post-Initialize Tests &gt; Field: cmi.student_preference._children &gt; Should be able to read from cmi.student_preference._children" time="0.000021416">
        </testcase>
        <testcase classname="test/cmi/aicc_cmi.spec.ts" name="AICC CMI Tests &gt; CMI Spec Tests &gt; Post-Initialize Tests &gt; Field: cmi.student_preference._children &gt; Should fail to write to cmi.student_preference._children" time="0.000030791">
        </testcase>
        <testcase classname="test/cmi/aicc_cmi.spec.ts" name="AICC CMI Tests &gt; CMI Spec Tests &gt; Post-Initialize Tests &gt; Field: cmi.student_preference.audio &gt; Should successfully write &apos;1&apos; to cmi.student_preference.audio" time="0.000035125">
        </testcase>
        <testcase classname="test/cmi/aicc_cmi.spec.ts" name="AICC CMI Tests &gt; CMI Spec Tests &gt; Post-Initialize Tests &gt; Field: cmi.student_preference.audio &gt; Should successfully write &apos;50&apos; to cmi.student_preference.audio" time="0.000032458">
        </testcase>
        <testcase classname="test/cmi/aicc_cmi.spec.ts" name="AICC CMI Tests &gt; CMI Spec Tests &gt; Post-Initialize Tests &gt; Field: cmi.student_preference.audio &gt; Should successfully write &apos;100&apos; to cmi.student_preference.audio" time="0.000032">
        </testcase>
        <testcase classname="test/cmi/aicc_cmi.spec.ts" name="AICC CMI Tests &gt; CMI Spec Tests &gt; Post-Initialize Tests &gt; Field: cmi.student_preference.audio &gt; Should successfully write &apos;-1&apos; to cmi.student_preference.audio" time="0.000031917">
        </testcase>
        <testcase classname="test/cmi/aicc_cmi.spec.ts" name="AICC CMI Tests &gt; CMI Spec Tests &gt; Post-Initialize Tests &gt; Field: cmi.student_preference.audio &gt; Should fail to write &apos;invalid&apos; to cmi.student_preference.audio" time="0.000035333">
        </testcase>
        <testcase classname="test/cmi/aicc_cmi.spec.ts" name="AICC CMI Tests &gt; CMI Spec Tests &gt; Post-Initialize Tests &gt; Field: cmi.student_preference.audio &gt; Should fail to write &apos;a100&apos; to cmi.student_preference.audio" time="0.000035875">
        </testcase>
        <testcase classname="test/cmi/aicc_cmi.spec.ts" name="AICC CMI Tests &gt; CMI Spec Tests &gt; Post-Initialize Tests &gt; Field: cmi.student_preference.audio &gt; Should fail to write &apos;-2&apos; to cmi.student_preference.audio" time="0.000035583">
        </testcase>
        <testcase classname="test/cmi/aicc_cmi.spec.ts" name="AICC CMI Tests &gt; CMI Spec Tests &gt; Post-Initialize Tests &gt; Field: cmi.student_preference.language &gt; Should be able to read from cmi.student_preference.language" time="0.000022042">
        </testcase>
        <testcase classname="test/cmi/aicc_cmi.spec.ts" name="AICC CMI Tests &gt; CMI Spec Tests &gt; Post-Initialize Tests &gt; Field: cmi.student_preference.language &gt; Should be able to write upto 255 characters to cmi.student_preference.language" time="0.000034084">
        </testcase>
        <testcase classname="test/cmi/aicc_cmi.spec.ts" name="AICC CMI Tests &gt; CMI Spec Tests &gt; Post-Initialize Tests &gt; Field: cmi.student_preference.language &gt; Should fail to write more than 255 characters to cmi.student_preference.language" time="0.000035959">
        </testcase>
        <testcase classname="test/cmi/aicc_cmi.spec.ts" name="AICC CMI Tests &gt; CMI Spec Tests &gt; Post-Initialize Tests &gt; Field: cmi.student_preference.speed &gt; Should successfully write &apos;1&apos; to cmi.student_preference.speed" time="0.000033167">
        </testcase>
        <testcase classname="test/cmi/aicc_cmi.spec.ts" name="AICC CMI Tests &gt; CMI Spec Tests &gt; Post-Initialize Tests &gt; Field: cmi.student_preference.speed &gt; Should successfully write &apos;50&apos; to cmi.student_preference.speed" time="0.000032458">
        </testcase>
        <testcase classname="test/cmi/aicc_cmi.spec.ts" name="AICC CMI Tests &gt; CMI Spec Tests &gt; Post-Initialize Tests &gt; Field: cmi.student_preference.speed &gt; Should successfully write &apos;100&apos; to cmi.student_preference.speed" time="0.0000355">
        </testcase>
        <testcase classname="test/cmi/aicc_cmi.spec.ts" name="AICC CMI Tests &gt; CMI Spec Tests &gt; Post-Initialize Tests &gt; Field: cmi.student_preference.speed &gt; Should successfully write &apos;-1&apos; to cmi.student_preference.speed" time="0.000035042">
        </testcase>
        <testcase classname="test/cmi/aicc_cmi.spec.ts" name="AICC CMI Tests &gt; CMI Spec Tests &gt; Post-Initialize Tests &gt; Field: cmi.student_preference.speed &gt; Should successfully write &apos;-50&apos; to cmi.student_preference.speed" time="0.000033583">
        </testcase>
        <testcase classname="test/cmi/aicc_cmi.spec.ts" name="AICC CMI Tests &gt; CMI Spec Tests &gt; Post-Initialize Tests &gt; Field: cmi.student_preference.speed &gt; Should successfully write &apos;-100&apos; to cmi.student_preference.speed" time="0.000032042">
        </testcase>
        <testcase classname="test/cmi/aicc_cmi.spec.ts" name="AICC CMI Tests &gt; CMI Spec Tests &gt; Post-Initialize Tests &gt; Field: cmi.student_preference.speed &gt; Should fail to write &apos;invalid&apos; to cmi.student_preference.speed" time="0.000033792">
        </testcase>
        <testcase classname="test/cmi/aicc_cmi.spec.ts" name="AICC CMI Tests &gt; CMI Spec Tests &gt; Post-Initialize Tests &gt; Field: cmi.student_preference.speed &gt; Should fail to write &apos;a100&apos; to cmi.student_preference.speed" time="0.000033833">
        </testcase>
        <testcase classname="test/cmi/aicc_cmi.spec.ts" name="AICC CMI Tests &gt; CMI Spec Tests &gt; Post-Initialize Tests &gt; Field: cmi.student_preference.speed &gt; Should fail to write &apos;-101&apos; to cmi.student_preference.speed" time="0.000037834">
        </testcase>
        <testcase classname="test/cmi/aicc_cmi.spec.ts" name="AICC CMI Tests &gt; CMI Spec Tests &gt; Post-Initialize Tests &gt; Field: cmi.student_preference.speed &gt; Should fail to write &apos;101&apos; to cmi.student_preference.speed" time="0.000035667">
        </testcase>
        <testcase classname="test/cmi/aicc_cmi.spec.ts" name="AICC CMI Tests &gt; CMI Spec Tests &gt; Post-Initialize Tests &gt; Field: cmi.student_preference.speed &gt; Should fail to write &apos;-100000&apos; to cmi.student_preference.speed" time="0.000036667">
        </testcase>
        <testcase classname="test/cmi/aicc_cmi.spec.ts" name="AICC CMI Tests &gt; CMI Spec Tests &gt; Post-Initialize Tests &gt; Field: cmi.student_preference.speed &gt; Should fail to write &apos;100000&apos; to cmi.student_preference.speed" time="0.000035583">
        </testcase>
        <testcase classname="test/cmi/aicc_cmi.spec.ts" name="AICC CMI Tests &gt; CMI Spec Tests &gt; Post-Initialize Tests &gt; Field: cmi.student_preference.text &gt; Should successfully write &apos;1&apos; to cmi.student_preference.text" time="0.000032916">
        </testcase>
        <testcase classname="test/cmi/aicc_cmi.spec.ts" name="AICC CMI Tests &gt; CMI Spec Tests &gt; Post-Initialize Tests &gt; Field: cmi.student_preference.text &gt; Should successfully write &apos;0&apos; to cmi.student_preference.text" time="0.000031125">
        </testcase>
        <testcase classname="test/cmi/aicc_cmi.spec.ts" name="AICC CMI Tests &gt; CMI Spec Tests &gt; Post-Initialize Tests &gt; Field: cmi.student_preference.text &gt; Should successfully write &apos;-1&apos; to cmi.student_preference.text" time="0.000031292">
        </testcase>
        <testcase classname="test/cmi/aicc_cmi.spec.ts" name="AICC CMI Tests &gt; CMI Spec Tests &gt; Post-Initialize Tests &gt; Field: cmi.student_preference.text &gt; Should fail to write &apos;-101&apos; to cmi.student_preference.text" time="0.000036791">
        </testcase>
        <testcase classname="test/cmi/aicc_cmi.spec.ts" name="AICC CMI Tests &gt; CMI Spec Tests &gt; Post-Initialize Tests &gt; Field: cmi.student_preference.text &gt; Should fail to write &apos;-0.5&apos; to cmi.student_preference.text" time="0.00003375">
        </testcase>
        <testcase classname="test/cmi/aicc_cmi.spec.ts" name="AICC CMI Tests &gt; CMI Spec Tests &gt; Post-Initialize Tests &gt; Field: cmi.student_preference.text &gt; Should fail to write &apos;0.5&apos; to cmi.student_preference.text" time="0.000034875">
        </testcase>
        <testcase classname="test/cmi/aicc_cmi.spec.ts" name="AICC CMI Tests &gt; CMI Spec Tests &gt; Post-Initialize Tests &gt; Field: cmi.student_preference.text &gt; Should fail to write &apos;25.1&apos; to cmi.student_preference.text" time="0.000034792">
        </testcase>
        <testcase classname="test/cmi/aicc_cmi.spec.ts" name="AICC CMI Tests &gt; CMI Spec Tests &gt; Post-Initialize Tests &gt; Field: cmi.student_preference.text &gt; Should fail to write &apos;50.5&apos; to cmi.student_preference.text" time="0.000033708">
        </testcase>
        <testcase classname="test/cmi/aicc_cmi.spec.ts" name="AICC CMI Tests &gt; CMI Spec Tests &gt; Post-Initialize Tests &gt; Field: cmi.student_preference.text &gt; Should fail to write &apos;75&apos; to cmi.student_preference.text" time="0.000035375">
        </testcase>
        <testcase classname="test/cmi/aicc_cmi.spec.ts" name="AICC CMI Tests &gt; CMI Spec Tests &gt; Post-Initialize Tests &gt; Field: cmi.student_preference.text &gt; Should fail to write &apos;100&apos; to cmi.student_preference.text" time="0.00003575">
        </testcase>
        <testcase classname="test/cmi/aicc_cmi.spec.ts" name="AICC CMI Tests &gt; CMI Spec Tests &gt; Post-Initialize Tests &gt; Field: cmi.interactions._children &gt; Should be able to read from cmi.interactions._children" time="0.000021875">
        </testcase>
        <testcase classname="test/cmi/aicc_cmi.spec.ts" name="AICC CMI Tests &gt; CMI Spec Tests &gt; Post-Initialize Tests &gt; Field: cmi.interactions._children &gt; Should fail to write to cmi.interactions._children" time="0.000029959">
        </testcase>
        <testcase classname="test/cmi/aicc_cmi.spec.ts" name="AICC CMI Tests &gt; CMI Spec Tests &gt; Post-Initialize Tests &gt; Field: cmi.interactions._count &gt; Should be able to read from cmi.interactions._count" time="0.000021083">
        </testcase>
        <testcase classname="test/cmi/aicc_cmi.spec.ts" name="AICC CMI Tests &gt; CMI Spec Tests &gt; Post-Initialize Tests &gt; Field: cmi.interactions._count &gt; Should fail to write to cmi.interactions._count" time="0.000029125">
        </testcase>
        <testcase classname="test/cmi/aicc_cmi.spec.ts" name="AICC CMI Tests &gt; CMI Spec Tests &gt; Post-Initialize Tests &gt; should export JSON" time="0.000399834">
        </testcase>
        <testcase classname="test/cmi/aicc_cmi.spec.ts" name="AICC CMI Tests &gt; CMI Spec Tests &gt; CMITriesObject Tests &gt; Field: cmi.status &gt; Should be able to read from cmi.status" time="0.000025375">
        </testcase>
        <testcase classname="test/cmi/aicc_cmi.spec.ts" name="AICC CMI Tests &gt; CMI Spec Tests &gt; CMITriesObject Tests &gt; Field: cmi.status &gt; Should be able to read from cmi.status" time="0.000023">
        </testcase>
        <testcase classname="test/cmi/aicc_cmi.spec.ts" name="AICC CMI Tests &gt; CMI Spec Tests &gt; CMITriesObject Tests &gt; Field: cmi.status &gt; Should successfully write &apos;passed&apos; to cmi.status" time="0.000055875">
        </testcase>
        <testcase classname="test/cmi/aicc_cmi.spec.ts" name="AICC CMI Tests &gt; CMI Spec Tests &gt; CMITriesObject Tests &gt; Field: cmi.status &gt; Should successfully write &apos;completed&apos; to cmi.status" time="0.000034125">
        </testcase>
        <testcase classname="test/cmi/aicc_cmi.spec.ts" name="AICC CMI Tests &gt; CMI Spec Tests &gt; CMITriesObject Tests &gt; Field: cmi.status &gt; Should successfully write &apos;failed&apos; to cmi.status" time="0.000032084">
        </testcase>
        <testcase classname="test/cmi/aicc_cmi.spec.ts" name="AICC CMI Tests &gt; CMI Spec Tests &gt; CMITriesObject Tests &gt; Field: cmi.status &gt; Should successfully write &apos;incomplete&apos; to cmi.status" time="0.000032333">
        </testcase>
        <testcase classname="test/cmi/aicc_cmi.spec.ts" name="AICC CMI Tests &gt; CMI Spec Tests &gt; CMITriesObject Tests &gt; Field: cmi.status &gt; Should successfully write &apos;browsed&apos; to cmi.status" time="0.000030917">
        </testcase>
        <testcase classname="test/cmi/aicc_cmi.spec.ts" name="AICC CMI Tests &gt; CMI Spec Tests &gt; CMITriesObject Tests &gt; Field: cmi.status &gt; Should successfully write &apos;not attempted&apos; to cmi.status" time="0.000031334">
        </testcase>
        <testcase classname="test/cmi/aicc_cmi.spec.ts" name="AICC CMI Tests &gt; CMI Spec Tests &gt; CMITriesObject Tests &gt; Field: cmi.status &gt; Should fail to write &apos;Passed&apos; to cmi.status" time="0.000039">
        </testcase>
        <testcase classname="test/cmi/aicc_cmi.spec.ts" name="AICC CMI Tests &gt; CMI Spec Tests &gt; CMITriesObject Tests &gt; Field: cmi.status &gt; Should fail to write &apos;P&apos; to cmi.status" time="0.000038125">
        </testcase>
        <testcase classname="test/cmi/aicc_cmi.spec.ts" name="AICC CMI Tests &gt; CMI Spec Tests &gt; CMITriesObject Tests &gt; Field: cmi.status &gt; Should fail to write &apos;F&apos; to cmi.status" time="0.000044333">
        </testcase>
        <testcase classname="test/cmi/aicc_cmi.spec.ts" name="AICC CMI Tests &gt; CMI Spec Tests &gt; CMITriesObject Tests &gt; Field: cmi.status &gt; Should fail to write &apos;p&apos; to cmi.status" time="0.000034875">
        </testcase>
        <testcase classname="test/cmi/aicc_cmi.spec.ts" name="AICC CMI Tests &gt; CMI Spec Tests &gt; CMITriesObject Tests &gt; Field: cmi.status &gt; Should fail to write &apos;true&apos; to cmi.status" time="0.000075875">
        </testcase>
        <testcase classname="test/cmi/aicc_cmi.spec.ts" name="AICC CMI Tests &gt; CMI Spec Tests &gt; CMITriesObject Tests &gt; Field: cmi.status &gt; Should fail to write &apos;false&apos; to cmi.status" time="0.000040167">
        </testcase>
        <testcase classname="test/cmi/aicc_cmi.spec.ts" name="AICC CMI Tests &gt; CMI Spec Tests &gt; CMITriesObject Tests &gt; Field: cmi.status &gt; Should fail to write &apos;complete&apos; to cmi.status" time="0.000036084">
        </testcase>
        <testcase classname="test/cmi/aicc_cmi.spec.ts" name="AICC CMI Tests &gt; CMI Spec Tests &gt; CMITriesObject Tests &gt; Field: cmi.time &gt; Should be able to read from cmi.time" time="0.000023667">
        </testcase>
        <testcase classname="test/cmi/aicc_cmi.spec.ts" name="AICC CMI Tests &gt; CMI Spec Tests &gt; CMITriesObject Tests &gt; Field: cmi.time &gt; Should successfully write to cmi.time" time="0.000051333">
        </testcase>
        <testcase classname="test/cmi/aicc_cmi.spec.ts" name="AICC CMI Tests &gt; CMI Spec Tests &gt; CMITriesObject Tests &gt; Field: cmi.time &gt; Should successfully write &apos;10:06:57&apos; to cmi.time" time="0.000046458">
        </testcase>
        <testcase classname="test/cmi/aicc_cmi.spec.ts" name="AICC CMI Tests &gt; CMI Spec Tests &gt; CMITriesObject Tests &gt; Field: cmi.time &gt; Should successfully write &apos;23:59:59&apos; to cmi.time" time="0.000031375">
        </testcase>
        <testcase classname="test/cmi/aicc_cmi.spec.ts" name="AICC CMI Tests &gt; CMI Spec Tests &gt; CMITriesObject Tests &gt; Field: cmi.time &gt; Should successfully write &apos;00:00:00&apos; to cmi.time" time="0.000033167">
        </testcase>
        <testcase classname="test/cmi/aicc_cmi.spec.ts" name="AICC CMI Tests &gt; CMI Spec Tests &gt; CMITriesObject Tests &gt; Field: cmi.time &gt; Should fail to write &apos;47:59:59&apos; to cmi.time" time="0.000035709">
        </testcase>
        <testcase classname="test/cmi/aicc_cmi.spec.ts" name="AICC CMI Tests &gt; CMI Spec Tests &gt; CMITriesObject Tests &gt; Field: cmi.time &gt; Should fail to write &apos;00:00:01.56&apos; to cmi.time" time="0.000034375">
        </testcase>
        <testcase classname="test/cmi/aicc_cmi.spec.ts" name="AICC CMI Tests &gt; CMI Spec Tests &gt; CMITriesObject Tests &gt; Field: cmi.time &gt; Should fail to write &apos;06:5:13&apos; to cmi.time" time="0.000034625">
        </testcase>
        <testcase classname="test/cmi/aicc_cmi.spec.ts" name="AICC CMI Tests &gt; CMI Spec Tests &gt; CMITriesObject Tests &gt; Field: cmi.time &gt; Should fail to write &apos;23:59:59.123&apos; to cmi.time" time="0.000079167">
        </testcase>
        <testcase classname="test/cmi/aicc_cmi.spec.ts" name="AICC CMI Tests &gt; CMI Spec Tests &gt; CMITriesObject Tests &gt; Field: cmi.time &gt; Should fail to write &apos;P1DT23H59M59S&apos; to cmi.time" time="0.000041875">
        </testcase>
        <testcase classname="test/cmi/aicc_cmi.spec.ts" name="AICC CMI Tests &gt; CMI Spec Tests &gt; CMITriesObject Tests &gt; Field: cmi.score._children &gt; Should be able to read from cmi.score._children" time="0.000023875">
        </testcase>
        <testcase classname="test/cmi/aicc_cmi.spec.ts" name="AICC CMI Tests &gt; CMI Spec Tests &gt; CMITriesObject Tests &gt; Field: cmi.score._children &gt; Should fail to write to cmi.score._children" time="0.0000365">
        </testcase>
        <testcase classname="test/cmi/aicc_cmi.spec.ts" name="AICC CMI Tests &gt; CMI Spec Tests &gt; CMITriesObject Tests &gt; Field: cmi.score.raw &gt; Should successfully write &apos;1&apos; to cmi.score.raw" time="0.000036917">
        </testcase>
        <testcase classname="test/cmi/aicc_cmi.spec.ts" name="AICC CMI Tests &gt; CMI Spec Tests &gt; CMITriesObject Tests &gt; Field: cmi.score.raw &gt; Should successfully write &apos;50.25&apos; to cmi.score.raw" time="0.000036125">
        </testcase>
        <testcase classname="test/cmi/aicc_cmi.spec.ts" name="AICC CMI Tests &gt; CMI Spec Tests &gt; CMITriesObject Tests &gt; Field: cmi.score.raw &gt; Should successfully write &apos;70&apos; to cmi.score.raw" time="0.000032166">
        </testcase>
        <testcase classname="test/cmi/aicc_cmi.spec.ts" name="AICC CMI Tests &gt; CMI Spec Tests &gt; CMITriesObject Tests &gt; Field: cmi.score.raw &gt; Should successfully write &apos;100&apos; to cmi.score.raw" time="0.0000735">
        </testcase>
        <testcase classname="test/cmi/aicc_cmi.spec.ts" name="AICC CMI Tests &gt; CMI Spec Tests &gt; CMITriesObject Tests &gt; Field: cmi.score.raw &gt; Should successfully write &apos;1&apos; to cmi.score.raw" time="0.000031833">
        </testcase>
        <testcase classname="test/cmi/aicc_cmi.spec.ts" name="AICC CMI Tests &gt; CMI Spec Tests &gt; CMITriesObject Tests &gt; Field: cmi.score.raw &gt; Should successfully write &apos;50.25&apos; to cmi.score.raw" time="0.000032083">
        </testcase>
        <testcase classname="test/cmi/aicc_cmi.spec.ts" name="AICC CMI Tests &gt; CMI Spec Tests &gt; CMITriesObject Tests &gt; Field: cmi.score.raw &gt; Should successfully write &apos;70&apos; to cmi.score.raw" time="0.0000315">
        </testcase>
        <testcase classname="test/cmi/aicc_cmi.spec.ts" name="AICC CMI Tests &gt; CMI Spec Tests &gt; CMITriesObject Tests &gt; Field: cmi.score.raw &gt; Should successfully write &apos;100&apos; to cmi.score.raw" time="0.000030542">
        </testcase>
        <testcase classname="test/cmi/aicc_cmi.spec.ts" name="AICC CMI Tests &gt; CMI Spec Tests &gt; CMITriesObject Tests &gt; Field: cmi.score.raw &gt; Should fail to write &apos;invalid&apos; to cmi.score.raw" time="0.000034834">
        </testcase>
        <testcase classname="test/cmi/aicc_cmi.spec.ts" name="AICC CMI Tests &gt; CMI Spec Tests &gt; CMITriesObject Tests &gt; Field: cmi.score.raw &gt; Should fail to write &apos;a100&apos; to cmi.score.raw" time="0.000036333">
        </testcase>
        <testcase classname="test/cmi/aicc_cmi.spec.ts" name="AICC CMI Tests &gt; CMI Spec Tests &gt; CMITriesObject Tests &gt; Field: cmi.score.raw &gt; Should fail to write &apos;-1&apos; to cmi.score.raw" time="0.000034583">
        </testcase>
        <testcase classname="test/cmi/aicc_cmi.spec.ts" name="AICC CMI Tests &gt; CMI Spec Tests &gt; CMITriesObject Tests &gt; Field: cmi.score.raw &gt; Should fail to write &apos;101&apos; to cmi.score.raw" time="0.000035333">
        </testcase>
        <testcase classname="test/cmi/aicc_cmi.spec.ts" name="AICC CMI Tests &gt; CMI Spec Tests &gt; CMITriesObject Tests &gt; Field: cmi.score.raw &gt; Should fail to write &apos;-100000&apos; to cmi.score.raw" time="0.000034958">
        </testcase>
        <testcase classname="test/cmi/aicc_cmi.spec.ts" name="AICC CMI Tests &gt; CMI Spec Tests &gt; CMITriesObject Tests &gt; Field: cmi.score.raw &gt; Should fail to write &apos;100000&apos; to cmi.score.raw" time="0.000035125">
        </testcase>
        <testcase classname="test/cmi/aicc_cmi.spec.ts" name="AICC CMI Tests &gt; CMI Spec Tests &gt; CMITriesObject Tests &gt; Field: cmi.score.min &gt; Should successfully write &apos;1&apos; to cmi.score.min" time="0.000034042">
        </testcase>
        <testcase classname="test/cmi/aicc_cmi.spec.ts" name="AICC CMI Tests &gt; CMI Spec Tests &gt; CMITriesObject Tests &gt; Field: cmi.score.min &gt; Should successfully write &apos;50.25&apos; to cmi.score.min" time="0.000032667">
        </testcase>
        <testcase classname="test/cmi/aicc_cmi.spec.ts" name="AICC CMI Tests &gt; CMI Spec Tests &gt; CMITriesObject Tests &gt; Field: cmi.score.min &gt; Should successfully write &apos;70&apos; to cmi.score.min" time="0.000030666">
        </testcase>
        <testcase classname="test/cmi/aicc_cmi.spec.ts" name="AICC CMI Tests &gt; CMI Spec Tests &gt; CMITriesObject Tests &gt; Field: cmi.score.min &gt; Should successfully write &apos;100&apos; to cmi.score.min" time="0.000041875">
        </testcase>
        <testcase classname="test/cmi/aicc_cmi.spec.ts" name="AICC CMI Tests &gt; CMI Spec Tests &gt; CMITriesObject Tests &gt; Field: cmi.score.min &gt; Should successfully write &apos;1&apos; to cmi.score.min" time="0.000030542">
        </testcase>
        <testcase classname="test/cmi/aicc_cmi.spec.ts" name="AICC CMI Tests &gt; CMI Spec Tests &gt; CMITriesObject Tests &gt; Field: cmi.score.min &gt; Should successfully write &apos;50.25&apos; to cmi.score.min" time="0.000030458">
        </testcase>
        <testcase classname="test/cmi/aicc_cmi.spec.ts" name="AICC CMI Tests &gt; CMI Spec Tests &gt; CMITriesObject Tests &gt; Field: cmi.score.min &gt; Should successfully write &apos;70&apos; to cmi.score.min" time="0.019357167">
        </testcase>
        <testcase classname="test/cmi/aicc_cmi.spec.ts" name="AICC CMI Tests &gt; CMI Spec Tests &gt; CMITriesObject Tests &gt; Field: cmi.score.min &gt; Should successfully write &apos;100&apos; to cmi.score.min" time="0.000087375">
        </testcase>
        <testcase classname="test/cmi/aicc_cmi.spec.ts" name="AICC CMI Tests &gt; CMI Spec Tests &gt; CMITriesObject Tests &gt; Field: cmi.score.min &gt; Should fail to write &apos;invalid&apos; to cmi.score.min" time="0.000071292">
        </testcase>
        <testcase classname="test/cmi/aicc_cmi.spec.ts" name="AICC CMI Tests &gt; CMI Spec Tests &gt; CMITriesObject Tests &gt; Field: cmi.score.min &gt; Should fail to write &apos;a100&apos; to cmi.score.min" time="0.0000465">
        </testcase>
        <testcase classname="test/cmi/aicc_cmi.spec.ts" name="AICC CMI Tests &gt; CMI Spec Tests &gt; CMITriesObject Tests &gt; Field: cmi.score.min &gt; Should fail to write &apos;-1&apos; to cmi.score.min" time="0.000053083">
        </testcase>
        <testcase classname="test/cmi/aicc_cmi.spec.ts" name="AICC CMI Tests &gt; CMI Spec Tests &gt; CMITriesObject Tests &gt; Field: cmi.score.min &gt; Should fail to write &apos;101&apos; to cmi.score.min" time="0.000042458">
        </testcase>
        <testcase classname="test/cmi/aicc_cmi.spec.ts" name="AICC CMI Tests &gt; CMI Spec Tests &gt; CMITriesObject Tests &gt; Field: cmi.score.min &gt; Should fail to write &apos;-100000&apos; to cmi.score.min" time="0.000037917">
        </testcase>
        <testcase classname="test/cmi/aicc_cmi.spec.ts" name="AICC CMI Tests &gt; CMI Spec Tests &gt; CMITriesObject Tests &gt; Field: cmi.score.min &gt; Should fail to write &apos;100000&apos; to cmi.score.min" time="0.000038417">
        </testcase>
        <testcase classname="test/cmi/aicc_cmi.spec.ts" name="AICC CMI Tests &gt; CMI Spec Tests &gt; CMITriesObject Tests &gt; Field: cmi.score.max &gt; Should successfully write &apos;1&apos; to cmi.score.max" time="0.000033375">
        </testcase>
        <testcase classname="test/cmi/aicc_cmi.spec.ts" name="AICC CMI Tests &gt; CMI Spec Tests &gt; CMITriesObject Tests &gt; Field: cmi.score.max &gt; Should successfully write &apos;50.25&apos; to cmi.score.max" time="0.000034042">
        </testcase>
        <testcase classname="test/cmi/aicc_cmi.spec.ts" name="AICC CMI Tests &gt; CMI Spec Tests &gt; CMITriesObject Tests &gt; Field: cmi.score.max &gt; Should successfully write &apos;70&apos; to cmi.score.max" time="0.0000335">
        </testcase>
        <testcase classname="test/cmi/aicc_cmi.spec.ts" name="AICC CMI Tests &gt; CMI Spec Tests &gt; CMITriesObject Tests &gt; Field: cmi.score.max &gt; Should successfully write &apos;100&apos; to cmi.score.max" time="0.000031542">
        </testcase>
        <testcase classname="test/cmi/aicc_cmi.spec.ts" name="AICC CMI Tests &gt; CMI Spec Tests &gt; CMITriesObject Tests &gt; Field: cmi.score.max &gt; Should successfully write &apos;1&apos; to cmi.score.max" time="0.000030791">
        </testcase>
        <testcase classname="test/cmi/aicc_cmi.spec.ts" name="AICC CMI Tests &gt; CMI Spec Tests &gt; CMITriesObject Tests &gt; Field: cmi.score.max &gt; Should successfully write &apos;50.25&apos; to cmi.score.max" time="0.000030708">
        </testcase>
        <testcase classname="test/cmi/aicc_cmi.spec.ts" name="AICC CMI Tests &gt; CMI Spec Tests &gt; CMITriesObject Tests &gt; Field: cmi.score.max &gt; Should successfully write &apos;70&apos; to cmi.score.max" time="0.0000295">
        </testcase>
        <testcase classname="test/cmi/aicc_cmi.spec.ts" name="AICC CMI Tests &gt; CMI Spec Tests &gt; CMITriesObject Tests &gt; Field: cmi.score.max &gt; Should successfully write &apos;100&apos; to cmi.score.max" time="0.000029208">
        </testcase>
        <testcase classname="test/cmi/aicc_cmi.spec.ts" name="AICC CMI Tests &gt; CMI Spec Tests &gt; CMITriesObject Tests &gt; Field: cmi.score.max &gt; Should fail to write &apos;invalid&apos; to cmi.score.max" time="0.000034042">
        </testcase>
        <testcase classname="test/cmi/aicc_cmi.spec.ts" name="AICC CMI Tests &gt; CMI Spec Tests &gt; CMITriesObject Tests &gt; Field: cmi.score.max &gt; Should fail to write &apos;a100&apos; to cmi.score.max" time="0.000034542">
        </testcase>
        <testcase classname="test/cmi/aicc_cmi.spec.ts" name="AICC CMI Tests &gt; CMI Spec Tests &gt; CMITriesObject Tests &gt; Field: cmi.score.max &gt; Should fail to write &apos;-1&apos; to cmi.score.max" time="0.000034042">
        </testcase>
        <testcase classname="test/cmi/aicc_cmi.spec.ts" name="AICC CMI Tests &gt; CMI Spec Tests &gt; CMITriesObject Tests &gt; Field: cmi.score.max &gt; Should fail to write &apos;101&apos; to cmi.score.max" time="0.000033542">
        </testcase>
        <testcase classname="test/cmi/aicc_cmi.spec.ts" name="AICC CMI Tests &gt; CMI Spec Tests &gt; CMITriesObject Tests &gt; Field: cmi.score.max &gt; Should fail to write &apos;-100000&apos; to cmi.score.max" time="0.000034708">
        </testcase>
        <testcase classname="test/cmi/aicc_cmi.spec.ts" name="AICC CMI Tests &gt; CMI Spec Tests &gt; CMITriesObject Tests &gt; Field: cmi.score.max &gt; Should fail to write &apos;100000&apos; to cmi.score.max" time="0.000034334">
        </testcase>
        <testcase classname="test/cmi/aicc_cmi.spec.ts" name="AICC CMI Tests &gt; CMI Spec Tests &gt; CMITriesObject Tests &gt; should export JSON" time="0.000071291">
        </testcase>
        <testcase classname="test/cmi/aicc_cmi.spec.ts" name="AICC CMI Tests &gt; CMI Spec Tests &gt; CMIPathsObject Tests &gt; Field: cmi.location_id &gt; Should be able to read from cmi.location_id" time="0.000032125">
        </testcase>
        <testcase classname="test/cmi/aicc_cmi.spec.ts" name="AICC CMI Tests &gt; CMI Spec Tests &gt; CMIPathsObject Tests &gt; Field: cmi.location_id &gt; Should be able to write upto 255 characters to cmi.location_id" time="0.000053541">
        </testcase>
        <testcase classname="test/cmi/aicc_cmi.spec.ts" name="AICC CMI Tests &gt; CMI Spec Tests &gt; CMIPathsObject Tests &gt; Field: cmi.location_id &gt; Should fail to write more than 255 characters to cmi.location_id" time="0.000055459">
        </testcase>
        <testcase classname="test/cmi/aicc_cmi.spec.ts" name="AICC CMI Tests &gt; CMI Spec Tests &gt; CMIPathsObject Tests &gt; Field: cmi.date &gt; Should be able to read from cmi.date" time="0.000025208">
        </testcase>
        <testcase classname="test/cmi/aicc_cmi.spec.ts" name="AICC CMI Tests &gt; CMI Spec Tests &gt; CMIPathsObject Tests &gt; Field: cmi.date &gt; Should successfully write to cmi.date" time="0.000038334">
        </testcase>
        <testcase classname="test/cmi/aicc_cmi.spec.ts" name="AICC CMI Tests &gt; CMI Spec Tests &gt; CMIPathsObject Tests &gt; Field: cmi.time &gt; Should successfully write &apos;10:06:57&apos; to cmi.time" time="0.000041916">
        </testcase>
        <testcase classname="test/cmi/aicc_cmi.spec.ts" name="AICC CMI Tests &gt; CMI Spec Tests &gt; CMIPathsObject Tests &gt; Field: cmi.time &gt; Should successfully write &apos;23:59:59&apos; to cmi.time" time="0.00003025">
        </testcase>
        <testcase classname="test/cmi/aicc_cmi.spec.ts" name="AICC CMI Tests &gt; CMI Spec Tests &gt; CMIPathsObject Tests &gt; Field: cmi.time &gt; Should successfully write &apos;00:00:00&apos; to cmi.time" time="0.000029541">
        </testcase>
        <testcase classname="test/cmi/aicc_cmi.spec.ts" name="AICC CMI Tests &gt; CMI Spec Tests &gt; CMIPathsObject Tests &gt; Field: cmi.time &gt; Should fail to write &apos;47:59:59&apos; to cmi.time" time="0.0000345">
        </testcase>
        <testcase classname="test/cmi/aicc_cmi.spec.ts" name="AICC CMI Tests &gt; CMI Spec Tests &gt; CMIPathsObject Tests &gt; Field: cmi.time &gt; Should fail to write &apos;00:00:01.56&apos; to cmi.time" time="0.000032541">
        </testcase>
        <testcase classname="test/cmi/aicc_cmi.spec.ts" name="AICC CMI Tests &gt; CMI Spec Tests &gt; CMIPathsObject Tests &gt; Field: cmi.time &gt; Should fail to write &apos;06:5:13&apos; to cmi.time" time="0.000032375">
        </testcase>
        <testcase classname="test/cmi/aicc_cmi.spec.ts" name="AICC CMI Tests &gt; CMI Spec Tests &gt; CMIPathsObject Tests &gt; Field: cmi.time &gt; Should fail to write &apos;23:59:59.123&apos; to cmi.time" time="0.000035">
        </testcase>
        <testcase classname="test/cmi/aicc_cmi.spec.ts" name="AICC CMI Tests &gt; CMI Spec Tests &gt; CMIPathsObject Tests &gt; Field: cmi.time &gt; Should fail to write &apos;P1DT23H59M59S&apos; to cmi.time" time="0.000032084">
        </testcase>
        <testcase classname="test/cmi/aicc_cmi.spec.ts" name="AICC CMI Tests &gt; CMI Spec Tests &gt; CMIPathsObject Tests &gt; Field: cmi.status &gt; Should successfully write &apos;passed&apos; to cmi.status" time="0.000037">
        </testcase>
        <testcase classname="test/cmi/aicc_cmi.spec.ts" name="AICC CMI Tests &gt; CMI Spec Tests &gt; CMIPathsObject Tests &gt; Field: cmi.status &gt; Should successfully write &apos;completed&apos; to cmi.status" time="0.000029458">
        </testcase>
        <testcase classname="test/cmi/aicc_cmi.spec.ts" name="AICC CMI Tests &gt; CMI Spec Tests &gt; CMIPathsObject Tests &gt; Field: cmi.status &gt; Should successfully write &apos;failed&apos; to cmi.status" time="0.000029833">
        </testcase>
        <testcase classname="test/cmi/aicc_cmi.spec.ts" name="AICC CMI Tests &gt; CMI Spec Tests &gt; CMIPathsObject Tests &gt; Field: cmi.status &gt; Should successfully write &apos;incomplete&apos; to cmi.status" time="0.000028959">
        </testcase>
        <testcase classname="test/cmi/aicc_cmi.spec.ts" name="AICC CMI Tests &gt; CMI Spec Tests &gt; CMIPathsObject Tests &gt; Field: cmi.status &gt; Should successfully write &apos;browsed&apos; to cmi.status" time="0.00002775">
        </testcase>
        <testcase classname="test/cmi/aicc_cmi.spec.ts" name="AICC CMI Tests &gt; CMI Spec Tests &gt; CMIPathsObject Tests &gt; Field: cmi.status &gt; Should fail to write &apos;Passed&apos; to cmi.status" time="0.0000325">
        </testcase>
        <testcase classname="test/cmi/aicc_cmi.spec.ts" name="AICC CMI Tests &gt; CMI Spec Tests &gt; CMIPathsObject Tests &gt; Field: cmi.status &gt; Should fail to write &apos;P&apos; to cmi.status" time="0.000031916">
        </testcase>
        <testcase classname="test/cmi/aicc_cmi.spec.ts" name="AICC CMI Tests &gt; CMI Spec Tests &gt; CMIPathsObject Tests &gt; Field: cmi.status &gt; Should fail to write &apos;F&apos; to cmi.status" time="0.000031041">
        </testcase>
        <testcase classname="test/cmi/aicc_cmi.spec.ts" name="AICC CMI Tests &gt; CMI Spec Tests &gt; CMIPathsObject Tests &gt; Field: cmi.status &gt; Should fail to write &apos;p&apos; to cmi.status" time="0.000031667">
        </testcase>
        <testcase classname="test/cmi/aicc_cmi.spec.ts" name="AICC CMI Tests &gt; CMI Spec Tests &gt; CMIPathsObject Tests &gt; Field: cmi.status &gt; Should fail to write &apos;true&apos; to cmi.status" time="0.000032166">
        </testcase>
        <testcase classname="test/cmi/aicc_cmi.spec.ts" name="AICC CMI Tests &gt; CMI Spec Tests &gt; CMIPathsObject Tests &gt; Field: cmi.status &gt; Should fail to write &apos;false&apos; to cmi.status" time="0.000034167">
        </testcase>
        <testcase classname="test/cmi/aicc_cmi.spec.ts" name="AICC CMI Tests &gt; CMI Spec Tests &gt; CMIPathsObject Tests &gt; Field: cmi.status &gt; Should fail to write &apos;complete&apos; to cmi.status" time="0.000038584">
        </testcase>
        <testcase classname="test/cmi/aicc_cmi.spec.ts" name="AICC CMI Tests &gt; CMI Spec Tests &gt; CMIPathsObject Tests &gt; Field: cmi.why_left &gt; Should be able to read from cmi.why_left" time="0.000043459">
        </testcase>
        <testcase classname="test/cmi/aicc_cmi.spec.ts" name="AICC CMI Tests &gt; CMI Spec Tests &gt; CMIPathsObject Tests &gt; Field: cmi.why_left &gt; Should be able to write upto 255 characters to cmi.why_left" time="0.000072167">
        </testcase>
        <testcase classname="test/cmi/aicc_cmi.spec.ts" name="AICC CMI Tests &gt; CMI Spec Tests &gt; CMIPathsObject Tests &gt; Field: cmi.why_left &gt; Should fail to write more than 255 characters to cmi.why_left" time="0.000051625">
        </testcase>
        <testcase classname="test/cmi/aicc_cmi.spec.ts" name="AICC CMI Tests &gt; CMI Spec Tests &gt; CMIPathsObject Tests &gt; Field: cmi.time_in_element &gt; Should successfully write &apos;10:06:57&apos; to cmi.time_in_element" time="0.000048834">
        </testcase>
        <testcase classname="test/cmi/aicc_cmi.spec.ts" name="AICC CMI Tests &gt; CMI Spec Tests &gt; CMIPathsObject Tests &gt; Field: cmi.time_in_element &gt; Should successfully write &apos;23:59:59&apos; to cmi.time_in_element" time="0.00003325">
        </testcase>
        <testcase classname="test/cmi/aicc_cmi.spec.ts" name="AICC CMI Tests &gt; CMI Spec Tests &gt; CMIPathsObject Tests &gt; Field: cmi.time_in_element &gt; Should successfully write &apos;00:00:00&apos; to cmi.time_in_element" time="0.000047417">
        </testcase>
        <testcase classname="test/cmi/aicc_cmi.spec.ts" name="AICC CMI Tests &gt; CMI Spec Tests &gt; CMIPathsObject Tests &gt; Field: cmi.time_in_element &gt; Should fail to write &apos;47:59:59&apos; to cmi.time_in_element" time="0.000035875">
        </testcase>
        <testcase classname="test/cmi/aicc_cmi.spec.ts" name="AICC CMI Tests &gt; CMI Spec Tests &gt; CMIPathsObject Tests &gt; Field: cmi.time_in_element &gt; Should fail to write &apos;00:00:01.56&apos; to cmi.time_in_element" time="0.000034791">
        </testcase>
        <testcase classname="test/cmi/aicc_cmi.spec.ts" name="AICC CMI Tests &gt; CMI Spec Tests &gt; CMIPathsObject Tests &gt; Field: cmi.time_in_element &gt; Should fail to write &apos;06:5:13&apos; to cmi.time_in_element" time="0.000032541">
        </testcase>
        <testcase classname="test/cmi/aicc_cmi.spec.ts" name="AICC CMI Tests &gt; CMI Spec Tests &gt; CMIPathsObject Tests &gt; Field: cmi.time_in_element &gt; Should fail to write &apos;23:59:59.123&apos; to cmi.time_in_element" time="0.00003175">
        </testcase>
        <testcase classname="test/cmi/aicc_cmi.spec.ts" name="AICC CMI Tests &gt; CMI Spec Tests &gt; CMIPathsObject Tests &gt; Field: cmi.time_in_element &gt; Should fail to write &apos;P1DT23H59M59S&apos; to cmi.time_in_element" time="0.000031417">
        </testcase>
        <testcase classname="test/cmi/aicc_cmi.spec.ts" name="AICC CMI Tests &gt; CMI Spec Tests &gt; CMIPathsObject Tests &gt; should export JSON" time="0.000057792">
        </testcase>
        <testcase classname="test/cmi/aicc_cmi.spec.ts" name="AICC CMI Tests &gt; CMI Spec Tests &gt; CMIStudentDemographicsObject Tests &gt; Field: cmi.city &gt; Should be able to read from cmi.city" time="0.000027667">
        </testcase>
        <testcase classname="test/cmi/aicc_cmi.spec.ts" name="AICC CMI Tests &gt; CMI Spec Tests &gt; CMIStudentDemographicsObject Tests &gt; Field: cmi.city &gt; Should fail to write to cmi.city" time="0.000048458">
        </testcase>
        <testcase classname="test/cmi/aicc_cmi.spec.ts" name="AICC CMI Tests &gt; CMI Spec Tests &gt; CMIStudentDemographicsObject Tests &gt; Field: cmi.class &gt; Should be able to read from cmi.class" time="0.000021209">
        </testcase>
        <testcase classname="test/cmi/aicc_cmi.spec.ts" name="AICC CMI Tests &gt; CMI Spec Tests &gt; CMIStudentDemographicsObject Tests &gt; Field: cmi.class &gt; Should fail to write to cmi.class" time="0.000037209">
        </testcase>
        <testcase classname="test/cmi/aicc_cmi.spec.ts" name="AICC CMI Tests &gt; CMI Spec Tests &gt; CMIStudentDemographicsObject Tests &gt; Field: cmi.company &gt; Should be able to read from cmi.company" time="0.000019875">
        </testcase>
        <testcase classname="test/cmi/aicc_cmi.spec.ts" name="AICC CMI Tests &gt; CMI Spec Tests &gt; CMIStudentDemographicsObject Tests &gt; Field: cmi.company &gt; Should fail to write to cmi.company" time="0.000033542">
        </testcase>
        <testcase classname="test/cmi/aicc_cmi.spec.ts" name="AICC CMI Tests &gt; CMI Spec Tests &gt; CMIStudentDemographicsObject Tests &gt; Field: cmi.country &gt; Should be able to read from cmi.country" time="0.000020917">
        </testcase>
        <testcase classname="test/cmi/aicc_cmi.spec.ts" name="AICC CMI Tests &gt; CMI Spec Tests &gt; CMIStudentDemographicsObject Tests &gt; Field: cmi.country &gt; Should fail to write to cmi.country" time="0.000043459">
        </testcase>
        <testcase classname="test/cmi/aicc_cmi.spec.ts" name="AICC CMI Tests &gt; CMI Spec Tests &gt; CMIStudentDemographicsObject Tests &gt; Field: cmi.experience &gt; Should be able to read from cmi.experience" time="0.000020208">
        </testcase>
        <testcase classname="test/cmi/aicc_cmi.spec.ts" name="AICC CMI Tests &gt; CMI Spec Tests &gt; CMIStudentDemographicsObject Tests &gt; Field: cmi.experience &gt; Should fail to write to cmi.experience" time="0.000032083">
        </testcase>
        <testcase classname="test/cmi/aicc_cmi.spec.ts" name="AICC CMI Tests &gt; CMI Spec Tests &gt; CMIStudentDemographicsObject Tests &gt; Field: cmi.familiar_name &gt; Should be able to read from cmi.familiar_name" time="0.000019958">
        </testcase>
        <testcase classname="test/cmi/aicc_cmi.spec.ts" name="AICC CMI Tests &gt; CMI Spec Tests &gt; CMIStudentDemographicsObject Tests &gt; Field: cmi.familiar_name &gt; Should fail to write to cmi.familiar_name" time="0.000031167">
        </testcase>
        <testcase classname="test/cmi/aicc_cmi.spec.ts" name="AICC CMI Tests &gt; CMI Spec Tests &gt; CMIStudentDemographicsObject Tests &gt; Field: cmi.instructor_name &gt; Should be able to read from cmi.instructor_name" time="0.000019917">
        </testcase>
        <testcase classname="test/cmi/aicc_cmi.spec.ts" name="AICC CMI Tests &gt; CMI Spec Tests &gt; CMIStudentDemographicsObject Tests &gt; Field: cmi.instructor_name &gt; Should fail to write to cmi.instructor_name" time="0.000032708">
        </testcase>
        <testcase classname="test/cmi/aicc_cmi.spec.ts" name="AICC CMI Tests &gt; CMI Spec Tests &gt; CMIStudentDemographicsObject Tests &gt; Field: cmi.title &gt; Should be able to read from cmi.title" time="0.000019583">
        </testcase>
        <testcase classname="test/cmi/aicc_cmi.spec.ts" name="AICC CMI Tests &gt; CMI Spec Tests &gt; CMIStudentDemographicsObject Tests &gt; Field: cmi.title &gt; Should fail to write to cmi.title" time="0.000031541">
        </testcase>
        <testcase classname="test/cmi/aicc_cmi.spec.ts" name="AICC CMI Tests &gt; CMI Spec Tests &gt; CMIStudentDemographicsObject Tests &gt; Field: cmi.native_language &gt; Should be able to read from cmi.native_language" time="0.000019667">
        </testcase>
        <testcase classname="test/cmi/aicc_cmi.spec.ts" name="AICC CMI Tests &gt; CMI Spec Tests &gt; CMIStudentDemographicsObject Tests &gt; Field: cmi.native_language &gt; Should fail to write to cmi.native_language" time="0.00003175">
        </testcase>
        <testcase classname="test/cmi/aicc_cmi.spec.ts" name="AICC CMI Tests &gt; CMI Spec Tests &gt; CMIStudentDemographicsObject Tests &gt; Field: cmi.state &gt; Should be able to read from cmi.state" time="0.0000195">
        </testcase>
        <testcase classname="test/cmi/aicc_cmi.spec.ts" name="AICC CMI Tests &gt; CMI Spec Tests &gt; CMIStudentDemographicsObject Tests &gt; Field: cmi.state &gt; Should fail to write to cmi.state" time="0.000031709">
        </testcase>
        <testcase classname="test/cmi/aicc_cmi.spec.ts" name="AICC CMI Tests &gt; CMI Spec Tests &gt; CMIStudentDemographicsObject Tests &gt; Field: cmi.street_address &gt; Should be able to read from cmi.street_address" time="0.00001975">
        </testcase>
        <testcase classname="test/cmi/aicc_cmi.spec.ts" name="AICC CMI Tests &gt; CMI Spec Tests &gt; CMIStudentDemographicsObject Tests &gt; Field: cmi.street_address &gt; Should fail to write to cmi.street_address" time="0.000031791">
        </testcase>
        <testcase classname="test/cmi/aicc_cmi.spec.ts" name="AICC CMI Tests &gt; CMI Spec Tests &gt; CMIStudentDemographicsObject Tests &gt; Field: cmi.telephone &gt; Should be able to read from cmi.telephone" time="0.000021208">
        </testcase>
        <testcase classname="test/cmi/aicc_cmi.spec.ts" name="AICC CMI Tests &gt; CMI Spec Tests &gt; CMIStudentDemographicsObject Tests &gt; Field: cmi.telephone &gt; Should fail to write to cmi.telephone" time="0.000036583">
        </testcase>
        <testcase classname="test/cmi/aicc_cmi.spec.ts" name="AICC CMI Tests &gt; CMI Spec Tests &gt; CMIStudentDemographicsObject Tests &gt; Field: cmi.years_experience &gt; Should be able to read from cmi.years_experience" time="0.000020334">
        </testcase>
        <testcase classname="test/cmi/aicc_cmi.spec.ts" name="AICC CMI Tests &gt; CMI Spec Tests &gt; CMIStudentDemographicsObject Tests &gt; Field: cmi.years_experience &gt; Should fail to write to cmi.years_experience" time="0.000032583">
        </testcase>
        <testcase classname="test/cmi/aicc_cmi.spec.ts" name="AICC CMI Tests &gt; CMI Spec Tests &gt; CMIStudentDemographicsObject Tests &gt; Field: cmi.city &gt; Should be able to read from cmi.city" time="0.000019834">
        </testcase>
        <testcase classname="test/cmi/aicc_cmi.spec.ts" name="AICC CMI Tests &gt; CMI Spec Tests &gt; CMIStudentDemographicsObject Tests &gt; Field: cmi.city &gt; Should successfully write to cmi.city" time="0.000035625">
        </testcase>
        <testcase classname="test/cmi/aicc_cmi.spec.ts" name="AICC CMI Tests &gt; CMI Spec Tests &gt; CMIStudentDemographicsObject Tests &gt; Field: cmi.class &gt; Should be able to read from cmi.class" time="0.000021375">
        </testcase>
        <testcase classname="test/cmi/aicc_cmi.spec.ts" name="AICC CMI Tests &gt; CMI Spec Tests &gt; CMIStudentDemographicsObject Tests &gt; Field: cmi.class &gt; Should successfully write to cmi.class" time="0.000030458">
        </testcase>
        <testcase classname="test/cmi/aicc_cmi.spec.ts" name="AICC CMI Tests &gt; CMI Spec Tests &gt; CMIStudentDemographicsObject Tests &gt; Field: cmi.company &gt; Should be able to read from cmi.company" time="0.000019834">
        </testcase>
        <testcase classname="test/cmi/aicc_cmi.spec.ts" name="AICC CMI Tests &gt; CMI Spec Tests &gt; CMIStudentDemographicsObject Tests &gt; Field: cmi.company &gt; Should successfully write to cmi.company" time="0.000028667">
        </testcase>
        <testcase classname="test/cmi/aicc_cmi.spec.ts" name="AICC CMI Tests &gt; CMI Spec Tests &gt; CMIStudentDemographicsObject Tests &gt; Field: cmi.country &gt; Should be able to read from cmi.country" time="0.000018875">
        </testcase>
        <testcase classname="test/cmi/aicc_cmi.spec.ts" name="AICC CMI Tests &gt; CMI Spec Tests &gt; CMIStudentDemographicsObject Tests &gt; Field: cmi.country &gt; Should successfully write to cmi.country" time="0.000028875">
        </testcase>
        <testcase classname="test/cmi/aicc_cmi.spec.ts" name="AICC CMI Tests &gt; CMI Spec Tests &gt; CMIStudentDemographicsObject Tests &gt; Field: cmi.experience &gt; Should be able to read from cmi.experience" time="0.000018791">
        </testcase>
        <testcase classname="test/cmi/aicc_cmi.spec.ts" name="AICC CMI Tests &gt; CMI Spec Tests &gt; CMIStudentDemographicsObject Tests &gt; Field: cmi.experience &gt; Should successfully write to cmi.experience" time="0.000027416">
        </testcase>
        <testcase classname="test/cmi/aicc_cmi.spec.ts" name="AICC CMI Tests &gt; CMI Spec Tests &gt; CMIStudentDemographicsObject Tests &gt; Field: cmi.familiar_name &gt; Should be able to read from cmi.familiar_name" time="0.000027042">
        </testcase>
        <testcase classname="test/cmi/aicc_cmi.spec.ts" name="AICC CMI Tests &gt; CMI Spec Tests &gt; CMIStudentDemographicsObject Tests &gt; Field: cmi.familiar_name &gt; Should successfully write to cmi.familiar_name" time="0.000030833">
        </testcase>
        <testcase classname="test/cmi/aicc_cmi.spec.ts" name="AICC CMI Tests &gt; CMI Spec Tests &gt; CMIStudentDemographicsObject Tests &gt; Field: cmi.instructor_name &gt; Should be able to read from cmi.instructor_name" time="0.00001975">
        </testcase>
        <testcase classname="test/cmi/aicc_cmi.spec.ts" name="AICC CMI Tests &gt; CMI Spec Tests &gt; CMIStudentDemographicsObject Tests &gt; Field: cmi.instructor_name &gt; Should successfully write to cmi.instructor_name" time="0.000028458">
        </testcase>
        <testcase classname="test/cmi/aicc_cmi.spec.ts" name="AICC CMI Tests &gt; CMI Spec Tests &gt; CMIStudentDemographicsObject Tests &gt; Field: cmi.title &gt; Should be able to read from cmi.title" time="0.00001975">
        </testcase>
        <testcase classname="test/cmi/aicc_cmi.spec.ts" name="AICC CMI Tests &gt; CMI Spec Tests &gt; CMIStudentDemographicsObject Tests &gt; Field: cmi.title &gt; Should successfully write to cmi.title" time="0.000027792">
        </testcase>
        <testcase classname="test/cmi/aicc_cmi.spec.ts" name="AICC CMI Tests &gt; CMI Spec Tests &gt; CMIStudentDemographicsObject Tests &gt; Field: cmi.native_language &gt; Should be able to read from cmi.native_language" time="0.000018625">
        </testcase>
        <testcase classname="test/cmi/aicc_cmi.spec.ts" name="AICC CMI Tests &gt; CMI Spec Tests &gt; CMIStudentDemographicsObject Tests &gt; Field: cmi.native_language &gt; Should successfully write to cmi.native_language" time="0.000028625">
        </testcase>
        <testcase classname="test/cmi/aicc_cmi.spec.ts" name="AICC CMI Tests &gt; CMI Spec Tests &gt; CMIStudentDemographicsObject Tests &gt; Field: cmi.state &gt; Should be able to read from cmi.state" time="0.000018875">
        </testcase>
        <testcase classname="test/cmi/aicc_cmi.spec.ts" name="AICC CMI Tests &gt; CMI Spec Tests &gt; CMIStudentDemographicsObject Tests &gt; Field: cmi.state &gt; Should successfully write to cmi.state" time="0.000026583">
        </testcase>
        <testcase classname="test/cmi/aicc_cmi.spec.ts" name="AICC CMI Tests &gt; CMI Spec Tests &gt; CMIStudentDemographicsObject Tests &gt; Field: cmi.street_address &gt; Should be able to read from cmi.street_address" time="0.000018958">
        </testcase>
        <testcase classname="test/cmi/aicc_cmi.spec.ts" name="AICC CMI Tests &gt; CMI Spec Tests &gt; CMIStudentDemographicsObject Tests &gt; Field: cmi.street_address &gt; Should successfully write to cmi.street_address" time="0.000026792">
        </testcase>
        <testcase classname="test/cmi/aicc_cmi.spec.ts" name="AICC CMI Tests &gt; CMI Spec Tests &gt; CMIStudentDemographicsObject Tests &gt; Field: cmi.telephone &gt; Should be able to read from cmi.telephone" time="0.000019">
        </testcase>
        <testcase classname="test/cmi/aicc_cmi.spec.ts" name="AICC CMI Tests &gt; CMI Spec Tests &gt; CMIStudentDemographicsObject Tests &gt; Field: cmi.telephone &gt; Should successfully write to cmi.telephone" time="0.000027417">
        </testcase>
        <testcase classname="test/cmi/aicc_cmi.spec.ts" name="AICC CMI Tests &gt; CMI Spec Tests &gt; CMIStudentDemographicsObject Tests &gt; Field: cmi.years_experience &gt; Should be able to read from cmi.years_experience" time="0.000017833">
        </testcase>
        <testcase classname="test/cmi/aicc_cmi.spec.ts" name="AICC CMI Tests &gt; CMI Spec Tests &gt; CMIStudentDemographicsObject Tests &gt; Field: cmi.years_experience &gt; Should successfully write to cmi.years_experience" time="0.000026458">
        </testcase>
        <testcase classname="test/cmi/aicc_cmi.spec.ts" name="AICC CMI Tests &gt; CMI Spec Tests &gt; CMIEvaluationCommentsObject Tests &gt; Field: cmi.content &gt; Should be able to read from cmi.content" time="0.00002125">
        </testcase>
        <testcase classname="test/cmi/aicc_cmi.spec.ts" name="AICC CMI Tests &gt; CMI Spec Tests &gt; CMIEvaluationCommentsObject Tests &gt; Field: cmi.content &gt; Should be able to write upto 255 characters to cmi.content" time="0.000042791">
        </testcase>
        <testcase classname="test/cmi/aicc_cmi.spec.ts" name="AICC CMI Tests &gt; CMI Spec Tests &gt; CMIEvaluationCommentsObject Tests &gt; Field: cmi.content &gt; Should fail to write more than 255 characters to cmi.content" time="0.000037292">
        </testcase>
        <testcase classname="test/cmi/aicc_cmi.spec.ts" name="AICC CMI Tests &gt; CMI Spec Tests &gt; CMIEvaluationCommentsObject Tests &gt; Field: cmi.location &gt; Should be able to read from cmi.location" time="0.000020875">
        </testcase>
        <testcase classname="test/cmi/aicc_cmi.spec.ts" name="AICC CMI Tests &gt; CMI Spec Tests &gt; CMIEvaluationCommentsObject Tests &gt; Field: cmi.location &gt; Should be able to write upto 255 characters to cmi.location" time="0.000038875">
        </testcase>
        <testcase classname="test/cmi/aicc_cmi.spec.ts" name="AICC CMI Tests &gt; CMI Spec Tests &gt; CMIEvaluationCommentsObject Tests &gt; Field: cmi.location &gt; Should fail to write more than 255 characters to cmi.location" time="0.000031834">
        </testcase>
        <testcase classname="test/cmi/aicc_cmi.spec.ts" name="AICC CMI Tests &gt; CMI Spec Tests &gt; CMIEvaluationCommentsObject Tests &gt; Field: cmi.time &gt; Should be able to read from cmi.time" time="0.000019375">
        </testcase>
        <testcase classname="test/cmi/aicc_cmi.spec.ts" name="AICC CMI Tests &gt; CMI Spec Tests &gt; CMIEvaluationCommentsObject Tests &gt; Field: cmi.time &gt; Should successfully write to cmi.time" time="0.000034625">
        </testcase>
        <testcase classname="test/cmi/aicc_cmi.spec.ts" name="AICC CMI Tests &gt; CMI Spec Tests &gt; CMIEvaluationCommentsObject Tests &gt; Field: cmi.time &gt; Should successfully write &apos;10:06:57&apos; to cmi.time" time="0.00002625">
        </testcase>
        <testcase classname="test/cmi/aicc_cmi.spec.ts" name="AICC CMI Tests &gt; CMI Spec Tests &gt; CMIEvaluationCommentsObject Tests &gt; Field: cmi.time &gt; Should successfully write &apos;23:59:59&apos; to cmi.time" time="0.000027791">
        </testcase>
        <testcase classname="test/cmi/aicc_cmi.spec.ts" name="AICC CMI Tests &gt; CMI Spec Tests &gt; CMIEvaluationCommentsObject Tests &gt; Field: cmi.time &gt; Should successfully write &apos;00:00:00&apos; to cmi.time" time="0.000027209">
        </testcase>
        <testcase classname="test/cmi/aicc_cmi.spec.ts" name="AICC CMI Tests &gt; CMI Spec Tests &gt; CMIEvaluationCommentsObject Tests &gt; Field: cmi.time &gt; Should fail to write &apos;47:59:59&apos; to cmi.time" time="0.000031875">
        </testcase>
        <testcase classname="test/cmi/aicc_cmi.spec.ts" name="AICC CMI Tests &gt; CMI Spec Tests &gt; CMIEvaluationCommentsObject Tests &gt; Field: cmi.time &gt; Should fail to write &apos;00:00:01.56&apos; to cmi.time" time="0.000029167">
        </testcase>
        <testcase classname="test/cmi/aicc_cmi.spec.ts" name="AICC CMI Tests &gt; CMI Spec Tests &gt; CMIEvaluationCommentsObject Tests &gt; Field: cmi.time &gt; Should fail to write &apos;06:5:13&apos; to cmi.time" time="0.000028708">
        </testcase>
        <testcase classname="test/cmi/aicc_cmi.spec.ts" name="AICC CMI Tests &gt; CMI Spec Tests &gt; CMIEvaluationCommentsObject Tests &gt; Field: cmi.time &gt; Should fail to write &apos;23:59:59.123&apos; to cmi.time" time="0.000028542">
        </testcase>
        <testcase classname="test/cmi/aicc_cmi.spec.ts" name="AICC CMI Tests &gt; CMI Spec Tests &gt; CMIEvaluationCommentsObject Tests &gt; Field: cmi.time &gt; Should fail to write &apos;P1DT23H59M59S&apos; to cmi.time" time="0.000028417">
        </testcase>
        <testcase classname="test/cmi/aicc_cmi.spec.ts" name="AICC CMI Tests &gt; CMI Spec Tests &gt; CMIEvaluationCommentsObject Tests &gt; should export JSON" time="0.000030084">
        </testcase>
        <testcase classname="test/cmi/aicc_cmi.spec.ts" name="AICC CMI Tests &gt; CMI Spec Tests &gt; NAV Tests &gt; Field: cmi.event &gt; Should successfully write &apos;previous&apos; to cmi.event" time="0.000056542">
        </testcase>
        <testcase classname="test/cmi/aicc_cmi.spec.ts" name="AICC CMI Tests &gt; CMI Spec Tests &gt; NAV Tests &gt; Field: cmi.event &gt; Should successfully write &apos;continue&apos; to cmi.event" time="0.000048375">
        </testcase>
        <testcase classname="test/cmi/aicc_cmi.spec.ts" name="AICC CMI Tests &gt; CMI Spec Tests &gt; NAV Tests &gt; Field: cmi.event &gt; Should fail to write &apos;P&apos; to cmi.event" time="0.000035625">
        </testcase>
        <testcase classname="test/cmi/aicc_cmi.spec.ts" name="AICC CMI Tests &gt; CMI Spec Tests &gt; NAV Tests &gt; Field: cmi.event &gt; Should fail to write &apos;f&apos; to cmi.event" time="0.000033125">
        </testcase>
        <testcase classname="test/cmi/aicc_cmi.spec.ts" name="AICC CMI Tests &gt; CMI Spec Tests &gt; NAV Tests &gt; Field: cmi.event &gt; Should fail to write &apos;complete&apos; to cmi.event" time="0.000034083">
        </testcase>
        <testcase classname="test/cmi/aicc_cmi.spec.ts" name="AICC CMI Tests &gt; CMI Spec Tests &gt; NAV Tests &gt; Field: cmi.event &gt; Should fail to write &apos;started&apos; to cmi.event" time="0.000032166">
        </testcase>
        <testcase classname="test/cmi/aicc_cmi.spec.ts" name="AICC CMI Tests &gt; CMI Spec Tests &gt; NAV Tests &gt; Field: cmi.event &gt; Should fail to write &apos;in progress&apos; to cmi.event" time="0.000031667">
        </testcase>
        <testcase classname="test/cmi/aicc_cmi.spec.ts" name="AICC CMI Tests &gt; CMI Spec Tests &gt; NAV Tests &gt; should export JSON" time="0.0000385">
        </testcase>
    </testsuite>
    <testsuite name="test/cmi/scorm12_cmi.spec.ts" timestamp="2025-05-05T03:31:08.015Z" hostname="jonathans-macbook-pro-2.mara-rohu.ts.net" tests="482" failures="0" errors="0" skipped="0" time="0.026468166">
        <testcase classname="test/cmi/scorm12_cmi.spec.ts" name="SCORM 1.2 CMI Tests &gt; getCurrentTotalTime() &gt; Should return 00:15:45 with a starting time of 00:00:00 and a session time of 00:15:45" time="0.001436834">
        </testcase>
        <testcase classname="test/cmi/scorm12_cmi.spec.ts" name="SCORM 1.2 CMI Tests &gt; getCurrentTotalTime() &gt; Should return 00:16:45 with a starting time of 00:01:00 and a session time of 00:15:45" time="0.000171834">
        </testcase>
        <testcase classname="test/cmi/scorm12_cmi.spec.ts" name="SCORM 1.2 CMI Tests &gt; getCurrentTotalTime() &gt; Should return 00:01:00 with a starting time of 00:01:00 and a session time of 00:00:00" time="0.000174333">
        </testcase>
        <testcase classname="test/cmi/scorm12_cmi.spec.ts" name="SCORM 1.2 CMI Tests &gt; getCurrentTotalTime() &gt; Should return 38:01:00 with a starting time of 25:01:00 and a session time of 13:00:00" time="0.000089459">
        </testcase>
        <testcase classname="test/cmi/scorm12_cmi.spec.ts" name="SCORM 1.2 CMI Tests &gt; getCurrentTotalTime() &gt; Should return 61:02:01 with a starting time of 48:01:45 and a session time of 13:00:16" time="0.000099167">
        </testcase>
        <testcase classname="test/cmi/scorm12_cmi.spec.ts" name="SCORM 1.2 CMI Tests &gt; CMI Spec Tests &gt; Pre-Initialize Tests &gt; Field: cmi._version &gt; Should be able to read from cmi._version" time="0.00006125">
        </testcase>
        <testcase classname="test/cmi/scorm12_cmi.spec.ts" name="SCORM 1.2 CMI Tests &gt; CMI Spec Tests &gt; Pre-Initialize Tests &gt; Field: cmi._version &gt; Should fail to write to cmi._version" time="0.000499083">
        </testcase>
        <testcase classname="test/cmi/scorm12_cmi.spec.ts" name="SCORM 1.2 CMI Tests &gt; CMI Spec Tests &gt; Pre-Initialize Tests &gt; Field: cmi._children &gt; Should be able to read from cmi._children" time="0.000047">
        </testcase>
        <testcase classname="test/cmi/scorm12_cmi.spec.ts" name="SCORM 1.2 CMI Tests &gt; CMI Spec Tests &gt; Pre-Initialize Tests &gt; Field: cmi._children &gt; Should fail to write to cmi._children" time="0.000133042">
        </testcase>
        <testcase classname="test/cmi/scorm12_cmi.spec.ts" name="SCORM 1.2 CMI Tests &gt; CMI Spec Tests &gt; Pre-Initialize Tests &gt; Field: cmi.suspend_data &gt; Should be able to read from cmi.suspend_data" time="0.000066583">
        </testcase>
        <testcase classname="test/cmi/scorm12_cmi.spec.ts" name="SCORM 1.2 CMI Tests &gt; CMI Spec Tests &gt; Pre-Initialize Tests &gt; Field: cmi.suspend_data &gt; Should be able to write upto 4096 characters to cmi.suspend_data" time="0.000345625">
        </testcase>
        <testcase classname="test/cmi/scorm12_cmi.spec.ts" name="SCORM 1.2 CMI Tests &gt; CMI Spec Tests &gt; Pre-Initialize Tests &gt; Field: cmi.suspend_data &gt; Should fail to write more than 4096 characters to cmi.suspend_data" time="0.000098709">
        </testcase>
        <testcase classname="test/cmi/scorm12_cmi.spec.ts" name="SCORM 1.2 CMI Tests &gt; CMI Spec Tests &gt; Pre-Initialize Tests &gt; Field: cmi.launch_data &gt; Should be able to read from cmi.launch_data" time="0.000044709">
        </testcase>
        <testcase classname="test/cmi/scorm12_cmi.spec.ts" name="SCORM 1.2 CMI Tests &gt; CMI Spec Tests &gt; Pre-Initialize Tests &gt; Field: cmi.launch_data &gt; Should successfully write to cmi.launch_data" time="0.00020725">
        </testcase>
        <testcase classname="test/cmi/scorm12_cmi.spec.ts" name="SCORM 1.2 CMI Tests &gt; CMI Spec Tests &gt; Pre-Initialize Tests &gt; Field: cmi.comments &gt; Should be able to read from cmi.comments" time="0.000086">
        </testcase>
        <testcase classname="test/cmi/scorm12_cmi.spec.ts" name="SCORM 1.2 CMI Tests &gt; CMI Spec Tests &gt; Pre-Initialize Tests &gt; Field: cmi.comments &gt; Should be able to write upto 4096 characters to cmi.comments" time="0.000084042">
        </testcase>
        <testcase classname="test/cmi/scorm12_cmi.spec.ts" name="SCORM 1.2 CMI Tests &gt; CMI Spec Tests &gt; Pre-Initialize Tests &gt; Field: cmi.comments &gt; Should fail to write more than 4096 characters to cmi.comments" time="0.000074584">
        </testcase>
        <testcase classname="test/cmi/scorm12_cmi.spec.ts" name="SCORM 1.2 CMI Tests &gt; CMI Spec Tests &gt; Pre-Initialize Tests &gt; Field: cmi.comments_from_lms &gt; Should be able to read from cmi.comments_from_lms" time="0.000035834">
        </testcase>
        <testcase classname="test/cmi/scorm12_cmi.spec.ts" name="SCORM 1.2 CMI Tests &gt; CMI Spec Tests &gt; Pre-Initialize Tests &gt; Field: cmi.comments_from_lms &gt; Should successfully write to cmi.comments_from_lms" time="0.000103">
        </testcase>
        <testcase classname="test/cmi/scorm12_cmi.spec.ts" name="SCORM 1.2 CMI Tests &gt; CMI Spec Tests &gt; Pre-Initialize Tests &gt; Field: cmi.core._children &gt; Should be able to read from cmi.core._children" time="0.000072542">
        </testcase>
        <testcase classname="test/cmi/scorm12_cmi.spec.ts" name="SCORM 1.2 CMI Tests &gt; CMI Spec Tests &gt; Pre-Initialize Tests &gt; Field: cmi.core._children &gt; Should fail to write to cmi.core._children" time="0.000056791">
        </testcase>
        <testcase classname="test/cmi/scorm12_cmi.spec.ts" name="SCORM 1.2 CMI Tests &gt; CMI Spec Tests &gt; Pre-Initialize Tests &gt; Field: cmi.core.student_id &gt; Should be able to read from cmi.core.student_id" time="0.00003225">
        </testcase>
        <testcase classname="test/cmi/scorm12_cmi.spec.ts" name="SCORM 1.2 CMI Tests &gt; CMI Spec Tests &gt; Pre-Initialize Tests &gt; Field: cmi.core.student_id &gt; Should successfully write to cmi.core.student_id" time="0.00005575">
        </testcase>
        <testcase classname="test/cmi/scorm12_cmi.spec.ts" name="SCORM 1.2 CMI Tests &gt; CMI Spec Tests &gt; Pre-Initialize Tests &gt; Field: cmi.core.student_name &gt; Should be able to read from cmi.core.student_name" time="0.000030167">
        </testcase>
        <testcase classname="test/cmi/scorm12_cmi.spec.ts" name="SCORM 1.2 CMI Tests &gt; CMI Spec Tests &gt; Pre-Initialize Tests &gt; Field: cmi.core.student_name &gt; Should successfully write to cmi.core.student_name" time="0.000050166">
        </testcase>
        <testcase classname="test/cmi/scorm12_cmi.spec.ts" name="SCORM 1.2 CMI Tests &gt; CMI Spec Tests &gt; Pre-Initialize Tests &gt; Field: cmi.core.lesson_location &gt; Should be able to read from cmi.core.lesson_location" time="0.000031666">
        </testcase>
        <testcase classname="test/cmi/scorm12_cmi.spec.ts" name="SCORM 1.2 CMI Tests &gt; CMI Spec Tests &gt; Pre-Initialize Tests &gt; Field: cmi.core.lesson_location &gt; Should be able to write upto 255 characters to cmi.core.lesson_location" time="0.000070583">
        </testcase>
        <testcase classname="test/cmi/scorm12_cmi.spec.ts" name="SCORM 1.2 CMI Tests &gt; CMI Spec Tests &gt; Pre-Initialize Tests &gt; Field: cmi.core.lesson_location &gt; Should fail to write more than 255 characters to cmi.core.lesson_location" time="0.0000605">
        </testcase>
        <testcase classname="test/cmi/scorm12_cmi.spec.ts" name="SCORM 1.2 CMI Tests &gt; CMI Spec Tests &gt; Pre-Initialize Tests &gt; Field: cmi.core.credit &gt; Should be able to read from cmi.core.credit" time="0.000029625">
        </testcase>
        <testcase classname="test/cmi/scorm12_cmi.spec.ts" name="SCORM 1.2 CMI Tests &gt; CMI Spec Tests &gt; Pre-Initialize Tests &gt; Field: cmi.core.credit &gt; Should successfully write to cmi.core.credit" time="0.000051083">
        </testcase>
        <testcase classname="test/cmi/scorm12_cmi.spec.ts" name="SCORM 1.2 CMI Tests &gt; CMI Spec Tests &gt; Pre-Initialize Tests &gt; Field: cmi.core.lesson_status &gt; Should be able to read from cmi.core.lesson_status" time="0.000031958">
        </testcase>
        <testcase classname="test/cmi/scorm12_cmi.spec.ts" name="SCORM 1.2 CMI Tests &gt; CMI Spec Tests &gt; Pre-Initialize Tests &gt; Field: cmi.core.lesson_status &gt; Should successfully write &apos;passed&apos; to cmi.core.lesson_status" time="0.000092042">
        </testcase>
        <testcase classname="test/cmi/scorm12_cmi.spec.ts" name="SCORM 1.2 CMI Tests &gt; CMI Spec Tests &gt; Pre-Initialize Tests &gt; Field: cmi.core.lesson_status &gt; Should successfully write &apos;completed&apos; to cmi.core.lesson_status" time="0.000106625">
        </testcase>
        <testcase classname="test/cmi/scorm12_cmi.spec.ts" name="SCORM 1.2 CMI Tests &gt; CMI Spec Tests &gt; Pre-Initialize Tests &gt; Field: cmi.core.lesson_status &gt; Should successfully write &apos;failed&apos; to cmi.core.lesson_status" time="0.00005">
        </testcase>
        <testcase classname="test/cmi/scorm12_cmi.spec.ts" name="SCORM 1.2 CMI Tests &gt; CMI Spec Tests &gt; Pre-Initialize Tests &gt; Field: cmi.core.lesson_status &gt; Should successfully write &apos;incomplete&apos; to cmi.core.lesson_status" time="0.000046375">
        </testcase>
        <testcase classname="test/cmi/scorm12_cmi.spec.ts" name="SCORM 1.2 CMI Tests &gt; CMI Spec Tests &gt; Pre-Initialize Tests &gt; Field: cmi.core.lesson_status &gt; Should successfully write &apos;browsed&apos; to cmi.core.lesson_status" time="0.000044125">
        </testcase>
        <testcase classname="test/cmi/scorm12_cmi.spec.ts" name="SCORM 1.2 CMI Tests &gt; CMI Spec Tests &gt; Pre-Initialize Tests &gt; Field: cmi.core.lesson_status &gt; Should fail to write &apos;Passed&apos; to cmi.core.lesson_status" time="0.000058542">
        </testcase>
        <testcase classname="test/cmi/scorm12_cmi.spec.ts" name="SCORM 1.2 CMI Tests &gt; CMI Spec Tests &gt; Pre-Initialize Tests &gt; Field: cmi.core.lesson_status &gt; Should fail to write &apos;P&apos; to cmi.core.lesson_status" time="0.000044083">
        </testcase>
        <testcase classname="test/cmi/scorm12_cmi.spec.ts" name="SCORM 1.2 CMI Tests &gt; CMI Spec Tests &gt; Pre-Initialize Tests &gt; Field: cmi.core.lesson_status &gt; Should fail to write &apos;F&apos; to cmi.core.lesson_status" time="0.000074375">
        </testcase>
        <testcase classname="test/cmi/scorm12_cmi.spec.ts" name="SCORM 1.2 CMI Tests &gt; CMI Spec Tests &gt; Pre-Initialize Tests &gt; Field: cmi.core.lesson_status &gt; Should fail to write &apos;p&apos; to cmi.core.lesson_status" time="0.000048541">
        </testcase>
        <testcase classname="test/cmi/scorm12_cmi.spec.ts" name="SCORM 1.2 CMI Tests &gt; CMI Spec Tests &gt; Pre-Initialize Tests &gt; Field: cmi.core.lesson_status &gt; Should fail to write &apos;true&apos; to cmi.core.lesson_status" time="0.000043333">
        </testcase>
        <testcase classname="test/cmi/scorm12_cmi.spec.ts" name="SCORM 1.2 CMI Tests &gt; CMI Spec Tests &gt; Pre-Initialize Tests &gt; Field: cmi.core.lesson_status &gt; Should fail to write &apos;false&apos; to cmi.core.lesson_status" time="0.000083791">
        </testcase>
        <testcase classname="test/cmi/scorm12_cmi.spec.ts" name="SCORM 1.2 CMI Tests &gt; CMI Spec Tests &gt; Pre-Initialize Tests &gt; Field: cmi.core.lesson_status &gt; Should fail to write &apos;complete&apos; to cmi.core.lesson_status" time="0.000051125">
        </testcase>
        <testcase classname="test/cmi/scorm12_cmi.spec.ts" name="SCORM 1.2 CMI Tests &gt; CMI Spec Tests &gt; Pre-Initialize Tests &gt; Field: cmi.core.entry &gt; Should be able to read from cmi.core.entry" time="0.000030583">
        </testcase>
        <testcase classname="test/cmi/scorm12_cmi.spec.ts" name="SCORM 1.2 CMI Tests &gt; CMI Spec Tests &gt; Pre-Initialize Tests &gt; Field: cmi.core.entry &gt; Should successfully write to cmi.core.entry" time="0.000047458">
        </testcase>
        <testcase classname="test/cmi/scorm12_cmi.spec.ts" name="SCORM 1.2 CMI Tests &gt; CMI Spec Tests &gt; Pre-Initialize Tests &gt; Field: cmi.core.total_time &gt; Should be able to read from cmi.core.total_time" time="0.000029916">
        </testcase>
        <testcase classname="test/cmi/scorm12_cmi.spec.ts" name="SCORM 1.2 CMI Tests &gt; CMI Spec Tests &gt; Pre-Initialize Tests &gt; Field: cmi.core.total_time &gt; Should successfully write to cmi.core.total_time" time="0.00005125">
        </testcase>
        <testcase classname="test/cmi/scorm12_cmi.spec.ts" name="SCORM 1.2 CMI Tests &gt; CMI Spec Tests &gt; Pre-Initialize Tests &gt; Field: cmi.core.lesson_mode &gt; Should be able to read from cmi.core.lesson_mode" time="0.000028458">
        </testcase>
        <testcase classname="test/cmi/scorm12_cmi.spec.ts" name="SCORM 1.2 CMI Tests &gt; CMI Spec Tests &gt; Pre-Initialize Tests &gt; Field: cmi.core.lesson_mode &gt; Should successfully write to cmi.core.lesson_mode" time="0.000045417">
        </testcase>
        <testcase classname="test/cmi/scorm12_cmi.spec.ts" name="SCORM 1.2 CMI Tests &gt; CMI Spec Tests &gt; Pre-Initialize Tests &gt; Field: cmi.core.exit &gt; Should successfully write to cmi.core.exit" time="0.000067708">
        </testcase>
        <testcase classname="test/cmi/scorm12_cmi.spec.ts" name="SCORM 1.2 CMI Tests &gt; CMI Spec Tests &gt; Pre-Initialize Tests &gt; Field: cmi.core.exit &gt; Should successfully write &apos;time-out&apos; to cmi.core.exit" time="0.00005875">
        </testcase>
        <testcase classname="test/cmi/scorm12_cmi.spec.ts" name="SCORM 1.2 CMI Tests &gt; CMI Spec Tests &gt; Pre-Initialize Tests &gt; Field: cmi.core.exit &gt; Should successfully write &apos;suspend&apos; to cmi.core.exit" time="0.000038542">
        </testcase>
        <testcase classname="test/cmi/scorm12_cmi.spec.ts" name="SCORM 1.2 CMI Tests &gt; CMI Spec Tests &gt; Pre-Initialize Tests &gt; Field: cmi.core.exit &gt; Should successfully write &apos;logout&apos; to cmi.core.exit" time="0.000093208">
        </testcase>
        <testcase classname="test/cmi/scorm12_cmi.spec.ts" name="SCORM 1.2 CMI Tests &gt; CMI Spec Tests &gt; Pre-Initialize Tests &gt; Field: cmi.core.exit &gt; Should successfully write &apos;&apos; to cmi.core.exit" time="0.000045458">
        </testcase>
        <testcase classname="test/cmi/scorm12_cmi.spec.ts" name="SCORM 1.2 CMI Tests &gt; CMI Spec Tests &gt; Pre-Initialize Tests &gt; Field: cmi.core.exit &gt; Should fail to write &apos;close&apos; to cmi.core.exit" time="0.000045292">
        </testcase>
        <testcase classname="test/cmi/scorm12_cmi.spec.ts" name="SCORM 1.2 CMI Tests &gt; CMI Spec Tests &gt; Pre-Initialize Tests &gt; Field: cmi.core.exit &gt; Should fail to write &apos;exit&apos; to cmi.core.exit" time="0.000041083">
        </testcase>
        <testcase classname="test/cmi/scorm12_cmi.spec.ts" name="SCORM 1.2 CMI Tests &gt; CMI Spec Tests &gt; Pre-Initialize Tests &gt; Field: cmi.core.exit &gt; Should fail to write &apos;crash&apos; to cmi.core.exit" time="0.000040916">
        </testcase>
        <testcase classname="test/cmi/scorm12_cmi.spec.ts" name="SCORM 1.2 CMI Tests &gt; CMI Spec Tests &gt; Pre-Initialize Tests &gt; Field: cmi.core.session_time &gt; Should fail to read from cmi.core.session_time" time="0.00007325">
        </testcase>
        <testcase classname="test/cmi/scorm12_cmi.spec.ts" name="SCORM 1.2 CMI Tests &gt; CMI Spec Tests &gt; Pre-Initialize Tests &gt; Field: cmi.core.session_time &gt; Should successfully write to cmi.core.session_time" time="0.000047209">
        </testcase>
        <testcase classname="test/cmi/scorm12_cmi.spec.ts" name="SCORM 1.2 CMI Tests &gt; CMI Spec Tests &gt; Pre-Initialize Tests &gt; Field: cmi.core.session_time &gt; Should successfully write &apos;10:06:57&apos; to cmi.core.session_time" time="0.00004625">
        </testcase>
        <testcase classname="test/cmi/scorm12_cmi.spec.ts" name="SCORM 1.2 CMI Tests &gt; CMI Spec Tests &gt; Pre-Initialize Tests &gt; Field: cmi.core.session_time &gt; Should successfully write &apos;00:00:01.56&apos; to cmi.core.session_time" time="0.00007525">
        </testcase>
        <testcase classname="test/cmi/scorm12_cmi.spec.ts" name="SCORM 1.2 CMI Tests &gt; CMI Spec Tests &gt; Pre-Initialize Tests &gt; Field: cmi.core.session_time &gt; Should successfully write &apos;23:59:59&apos; to cmi.core.session_time" time="0.000040917">
        </testcase>
        <testcase classname="test/cmi/scorm12_cmi.spec.ts" name="SCORM 1.2 CMI Tests &gt; CMI Spec Tests &gt; Pre-Initialize Tests &gt; Field: cmi.core.session_time &gt; Should successfully write &apos;47:59:59&apos; to cmi.core.session_time" time="0.000040292">
        </testcase>
        <testcase classname="test/cmi/scorm12_cmi.spec.ts" name="SCORM 1.2 CMI Tests &gt; CMI Spec Tests &gt; Pre-Initialize Tests &gt; Field: cmi.core.session_time &gt; Should fail to write &apos;06:5:13&apos; to cmi.core.session_time" time="0.000042167">
        </testcase>
        <testcase classname="test/cmi/scorm12_cmi.spec.ts" name="SCORM 1.2 CMI Tests &gt; CMI Spec Tests &gt; Pre-Initialize Tests &gt; Field: cmi.core.session_time &gt; Should fail to write &apos;23:59:59.123&apos; to cmi.core.session_time" time="0.000041125">
        </testcase>
        <testcase classname="test/cmi/scorm12_cmi.spec.ts" name="SCORM 1.2 CMI Tests &gt; CMI Spec Tests &gt; Pre-Initialize Tests &gt; Field: cmi.core.session_time &gt; Should fail to write &apos;P1DT23H59M59S&apos; to cmi.core.session_time" time="0.000041042">
        </testcase>
        <testcase classname="test/cmi/scorm12_cmi.spec.ts" name="SCORM 1.2 CMI Tests &gt; CMI Spec Tests &gt; Pre-Initialize Tests &gt; Field: cmi.core.score._children &gt; Should be able to read from cmi.core.score._children" time="0.000030709">
        </testcase>
        <testcase classname="test/cmi/scorm12_cmi.spec.ts" name="SCORM 1.2 CMI Tests &gt; CMI Spec Tests &gt; Pre-Initialize Tests &gt; Field: cmi.core.score._children &gt; Should fail to write to cmi.core.score._children" time="0.000048959">
        </testcase>
        <testcase classname="test/cmi/scorm12_cmi.spec.ts" name="SCORM 1.2 CMI Tests &gt; CMI Spec Tests &gt; Pre-Initialize Tests &gt; Field: cmi.core.score.raw &gt; Should be able to read from cmi.core.score.raw" time="0.000028417">
        </testcase>
        <testcase classname="test/cmi/scorm12_cmi.spec.ts" name="SCORM 1.2 CMI Tests &gt; CMI Spec Tests &gt; Pre-Initialize Tests &gt; Field: cmi.core.score.raw &gt; Should successfully write &apos;1&apos; to cmi.core.score.raw" time="0.000095041">
        </testcase>
        <testcase classname="test/cmi/scorm12_cmi.spec.ts" name="SCORM 1.2 CMI Tests &gt; CMI Spec Tests &gt; Pre-Initialize Tests &gt; Field: cmi.core.score.raw &gt; Should successfully write &apos;50.25&apos; to cmi.core.score.raw" time="0.0000575">
        </testcase>
        <testcase classname="test/cmi/scorm12_cmi.spec.ts" name="SCORM 1.2 CMI Tests &gt; CMI Spec Tests &gt; Pre-Initialize Tests &gt; Field: cmi.core.score.raw &gt; Should successfully write &apos;70&apos; to cmi.core.score.raw" time="0.000042208">
        </testcase>
        <testcase classname="test/cmi/scorm12_cmi.spec.ts" name="SCORM 1.2 CMI Tests &gt; CMI Spec Tests &gt; Pre-Initialize Tests &gt; Field: cmi.core.score.raw &gt; Should successfully write &apos;100&apos; to cmi.core.score.raw" time="0.000047042">
        </testcase>
        <testcase classname="test/cmi/scorm12_cmi.spec.ts" name="SCORM 1.2 CMI Tests &gt; CMI Spec Tests &gt; Pre-Initialize Tests &gt; Field: cmi.core.score.raw &gt; Should successfully write &apos;1&apos; to cmi.core.score.raw" time="0.000038625">
        </testcase>
        <testcase classname="test/cmi/scorm12_cmi.spec.ts" name="SCORM 1.2 CMI Tests &gt; CMI Spec Tests &gt; Pre-Initialize Tests &gt; Field: cmi.core.score.raw &gt; Should successfully write &apos;50.25&apos; to cmi.core.score.raw" time="0.000038292">
        </testcase>
        <testcase classname="test/cmi/scorm12_cmi.spec.ts" name="SCORM 1.2 CMI Tests &gt; CMI Spec Tests &gt; Pre-Initialize Tests &gt; Field: cmi.core.score.raw &gt; Should successfully write &apos;70&apos; to cmi.core.score.raw" time="0.000036917">
        </testcase>
        <testcase classname="test/cmi/scorm12_cmi.spec.ts" name="SCORM 1.2 CMI Tests &gt; CMI Spec Tests &gt; Pre-Initialize Tests &gt; Field: cmi.core.score.raw &gt; Should successfully write &apos;100&apos; to cmi.core.score.raw" time="0.000038375">
        </testcase>
        <testcase classname="test/cmi/scorm12_cmi.spec.ts" name="SCORM 1.2 CMI Tests &gt; CMI Spec Tests &gt; Pre-Initialize Tests &gt; Field: cmi.core.score.raw &gt; Should fail to write &apos;invalid&apos; to cmi.core.score.raw" time="0.0000405">
        </testcase>
        <testcase classname="test/cmi/scorm12_cmi.spec.ts" name="SCORM 1.2 CMI Tests &gt; CMI Spec Tests &gt; Pre-Initialize Tests &gt; Field: cmi.core.score.raw &gt; Should fail to write &apos;a100&apos; to cmi.core.score.raw" time="0.000042833">
        </testcase>
        <testcase classname="test/cmi/scorm12_cmi.spec.ts" name="SCORM 1.2 CMI Tests &gt; CMI Spec Tests &gt; Pre-Initialize Tests &gt; Field: cmi.core.score.raw &gt; Should fail to write &apos;-1&apos; to cmi.core.score.raw" time="0.000041667">
        </testcase>
        <testcase classname="test/cmi/scorm12_cmi.spec.ts" name="SCORM 1.2 CMI Tests &gt; CMI Spec Tests &gt; Pre-Initialize Tests &gt; Field: cmi.core.score.raw &gt; Should fail to write &apos;101&apos; to cmi.core.score.raw" time="0.000043292">
        </testcase>
        <testcase classname="test/cmi/scorm12_cmi.spec.ts" name="SCORM 1.2 CMI Tests &gt; CMI Spec Tests &gt; Pre-Initialize Tests &gt; Field: cmi.core.score.raw &gt; Should fail to write &apos;-100000&apos; to cmi.core.score.raw" time="0.000040125">
        </testcase>
        <testcase classname="test/cmi/scorm12_cmi.spec.ts" name="SCORM 1.2 CMI Tests &gt; CMI Spec Tests &gt; Pre-Initialize Tests &gt; Field: cmi.core.score.raw &gt; Should fail to write &apos;100000&apos; to cmi.core.score.raw" time="0.000040291">
        </testcase>
        <testcase classname="test/cmi/scorm12_cmi.spec.ts" name="SCORM 1.2 CMI Tests &gt; CMI Spec Tests &gt; Pre-Initialize Tests &gt; Field: cmi.core.score.min &gt; Should be able to read from cmi.core.score.min" time="0.00003075">
        </testcase>
        <testcase classname="test/cmi/scorm12_cmi.spec.ts" name="SCORM 1.2 CMI Tests &gt; CMI Spec Tests &gt; Pre-Initialize Tests &gt; Field: cmi.core.score.min &gt; Should successfully write &apos;1&apos; to cmi.core.score.min" time="0.000047375">
        </testcase>
        <testcase classname="test/cmi/scorm12_cmi.spec.ts" name="SCORM 1.2 CMI Tests &gt; CMI Spec Tests &gt; Pre-Initialize Tests &gt; Field: cmi.core.score.min &gt; Should successfully write &apos;50.25&apos; to cmi.core.score.min" time="0.000040083">
        </testcase>
        <testcase classname="test/cmi/scorm12_cmi.spec.ts" name="SCORM 1.2 CMI Tests &gt; CMI Spec Tests &gt; Pre-Initialize Tests &gt; Field: cmi.core.score.min &gt; Should successfully write &apos;70&apos; to cmi.core.score.min" time="0.000038583">
        </testcase>
        <testcase classname="test/cmi/scorm12_cmi.spec.ts" name="SCORM 1.2 CMI Tests &gt; CMI Spec Tests &gt; Pre-Initialize Tests &gt; Field: cmi.core.score.min &gt; Should successfully write &apos;100&apos; to cmi.core.score.min" time="0.000038417">
        </testcase>
        <testcase classname="test/cmi/scorm12_cmi.spec.ts" name="SCORM 1.2 CMI Tests &gt; CMI Spec Tests &gt; Pre-Initialize Tests &gt; Field: cmi.core.score.min &gt; Should successfully write &apos;1&apos; to cmi.core.score.min" time="0.000038666">
        </testcase>
        <testcase classname="test/cmi/scorm12_cmi.spec.ts" name="SCORM 1.2 CMI Tests &gt; CMI Spec Tests &gt; Pre-Initialize Tests &gt; Field: cmi.core.score.min &gt; Should successfully write &apos;50.25&apos; to cmi.core.score.min" time="0.0000375">
        </testcase>
        <testcase classname="test/cmi/scorm12_cmi.spec.ts" name="SCORM 1.2 CMI Tests &gt; CMI Spec Tests &gt; Pre-Initialize Tests &gt; Field: cmi.core.score.min &gt; Should successfully write &apos;70&apos; to cmi.core.score.min" time="0.000036125">
        </testcase>
        <testcase classname="test/cmi/scorm12_cmi.spec.ts" name="SCORM 1.2 CMI Tests &gt; CMI Spec Tests &gt; Pre-Initialize Tests &gt; Field: cmi.core.score.min &gt; Should successfully write &apos;100&apos; to cmi.core.score.min" time="0.000046292">
        </testcase>
        <testcase classname="test/cmi/scorm12_cmi.spec.ts" name="SCORM 1.2 CMI Tests &gt; CMI Spec Tests &gt; Pre-Initialize Tests &gt; Field: cmi.core.score.min &gt; Should fail to write &apos;invalid&apos; to cmi.core.score.min" time="0.00004175">
        </testcase>
        <testcase classname="test/cmi/scorm12_cmi.spec.ts" name="SCORM 1.2 CMI Tests &gt; CMI Spec Tests &gt; Pre-Initialize Tests &gt; Field: cmi.core.score.min &gt; Should fail to write &apos;a100&apos; to cmi.core.score.min" time="0.000042125">
        </testcase>
        <testcase classname="test/cmi/scorm12_cmi.spec.ts" name="SCORM 1.2 CMI Tests &gt; CMI Spec Tests &gt; Pre-Initialize Tests &gt; Field: cmi.core.score.min &gt; Should fail to write &apos;-1&apos; to cmi.core.score.min" time="0.0000415">
        </testcase>
        <testcase classname="test/cmi/scorm12_cmi.spec.ts" name="SCORM 1.2 CMI Tests &gt; CMI Spec Tests &gt; Pre-Initialize Tests &gt; Field: cmi.core.score.min &gt; Should fail to write &apos;101&apos; to cmi.core.score.min" time="0.000041459">
        </testcase>
        <testcase classname="test/cmi/scorm12_cmi.spec.ts" name="SCORM 1.2 CMI Tests &gt; CMI Spec Tests &gt; Pre-Initialize Tests &gt; Field: cmi.core.score.min &gt; Should fail to write &apos;-100000&apos; to cmi.core.score.min" time="0.000042084">
        </testcase>
        <testcase classname="test/cmi/scorm12_cmi.spec.ts" name="SCORM 1.2 CMI Tests &gt; CMI Spec Tests &gt; Pre-Initialize Tests &gt; Field: cmi.core.score.min &gt; Should fail to write &apos;100000&apos; to cmi.core.score.min" time="0.000041834">
        </testcase>
        <testcase classname="test/cmi/scorm12_cmi.spec.ts" name="SCORM 1.2 CMI Tests &gt; CMI Spec Tests &gt; Pre-Initialize Tests &gt; Field: cmi.core.score.max &gt; Should be able to read from cmi.core.score.max" time="0.000030542">
        </testcase>
        <testcase classname="test/cmi/scorm12_cmi.spec.ts" name="SCORM 1.2 CMI Tests &gt; CMI Spec Tests &gt; Pre-Initialize Tests &gt; Field: cmi.core.score.max &gt; Should successfully write &apos;1&apos; to cmi.core.score.max" time="0.000045542">
        </testcase>
        <testcase classname="test/cmi/scorm12_cmi.spec.ts" name="SCORM 1.2 CMI Tests &gt; CMI Spec Tests &gt; Pre-Initialize Tests &gt; Field: cmi.core.score.max &gt; Should successfully write &apos;50.25&apos; to cmi.core.score.max" time="0.000037959">
        </testcase>
        <testcase classname="test/cmi/scorm12_cmi.spec.ts" name="SCORM 1.2 CMI Tests &gt; CMI Spec Tests &gt; Pre-Initialize Tests &gt; Field: cmi.core.score.max &gt; Should successfully write &apos;70&apos; to cmi.core.score.max" time="0.000038458">
        </testcase>
        <testcase classname="test/cmi/scorm12_cmi.spec.ts" name="SCORM 1.2 CMI Tests &gt; CMI Spec Tests &gt; Pre-Initialize Tests &gt; Field: cmi.core.score.max &gt; Should successfully write &apos;100&apos; to cmi.core.score.max" time="0.000038125">
        </testcase>
        <testcase classname="test/cmi/scorm12_cmi.spec.ts" name="SCORM 1.2 CMI Tests &gt; CMI Spec Tests &gt; Pre-Initialize Tests &gt; Field: cmi.core.score.max &gt; Should successfully write &apos;1&apos; to cmi.core.score.max" time="0.000041958">
        </testcase>
        <testcase classname="test/cmi/scorm12_cmi.spec.ts" name="SCORM 1.2 CMI Tests &gt; CMI Spec Tests &gt; Pre-Initialize Tests &gt; Field: cmi.core.score.max &gt; Should successfully write &apos;50.25&apos; to cmi.core.score.max" time="0.00003775">
        </testcase>
        <testcase classname="test/cmi/scorm12_cmi.spec.ts" name="SCORM 1.2 CMI Tests &gt; CMI Spec Tests &gt; Pre-Initialize Tests &gt; Field: cmi.core.score.max &gt; Should successfully write &apos;70&apos; to cmi.core.score.max" time="0.000039125">
        </testcase>
        <testcase classname="test/cmi/scorm12_cmi.spec.ts" name="SCORM 1.2 CMI Tests &gt; CMI Spec Tests &gt; Pre-Initialize Tests &gt; Field: cmi.core.score.max &gt; Should successfully write &apos;100&apos; to cmi.core.score.max" time="0.000036208">
        </testcase>
        <testcase classname="test/cmi/scorm12_cmi.spec.ts" name="SCORM 1.2 CMI Tests &gt; CMI Spec Tests &gt; Pre-Initialize Tests &gt; Field: cmi.core.score.max &gt; Should fail to write &apos;invalid&apos; to cmi.core.score.max" time="0.000040083">
        </testcase>
        <testcase classname="test/cmi/scorm12_cmi.spec.ts" name="SCORM 1.2 CMI Tests &gt; CMI Spec Tests &gt; Pre-Initialize Tests &gt; Field: cmi.core.score.max &gt; Should fail to write &apos;a100&apos; to cmi.core.score.max" time="0.00004175">
        </testcase>
        <testcase classname="test/cmi/scorm12_cmi.spec.ts" name="SCORM 1.2 CMI Tests &gt; CMI Spec Tests &gt; Pre-Initialize Tests &gt; Field: cmi.core.score.max &gt; Should fail to write &apos;-1&apos; to cmi.core.score.max" time="0.00004175">
        </testcase>
        <testcase classname="test/cmi/scorm12_cmi.spec.ts" name="SCORM 1.2 CMI Tests &gt; CMI Spec Tests &gt; Pre-Initialize Tests &gt; Field: cmi.core.score.max &gt; Should fail to write &apos;101&apos; to cmi.core.score.max" time="0.000103959">
        </testcase>
        <testcase classname="test/cmi/scorm12_cmi.spec.ts" name="SCORM 1.2 CMI Tests &gt; CMI Spec Tests &gt; Pre-Initialize Tests &gt; Field: cmi.core.score.max &gt; Should fail to write &apos;-100000&apos; to cmi.core.score.max" time="0.000042709">
        </testcase>
        <testcase classname="test/cmi/scorm12_cmi.spec.ts" name="SCORM 1.2 CMI Tests &gt; CMI Spec Tests &gt; Pre-Initialize Tests &gt; Field: cmi.core.score.max &gt; Should fail to write &apos;100000&apos; to cmi.core.score.max" time="0.000040625">
        </testcase>
        <testcase classname="test/cmi/scorm12_cmi.spec.ts" name="SCORM 1.2 CMI Tests &gt; CMI Spec Tests &gt; Pre-Initialize Tests &gt; Field: cmi.objectives._children &gt; Should be able to read from cmi.objectives._children" time="0.0000295">
        </testcase>
        <testcase classname="test/cmi/scorm12_cmi.spec.ts" name="SCORM 1.2 CMI Tests &gt; CMI Spec Tests &gt; Pre-Initialize Tests &gt; Field: cmi.objectives._children &gt; Should fail to write to cmi.objectives._children" time="0.00010325">
        </testcase>
        <testcase classname="test/cmi/scorm12_cmi.spec.ts" name="SCORM 1.2 CMI Tests &gt; CMI Spec Tests &gt; Pre-Initialize Tests &gt; Field: cmi.objectives._count &gt; Should be able to read from cmi.objectives._count" time="0.000029041">
        </testcase>
        <testcase classname="test/cmi/scorm12_cmi.spec.ts" name="SCORM 1.2 CMI Tests &gt; CMI Spec Tests &gt; Pre-Initialize Tests &gt; Field: cmi.objectives._count &gt; Should fail to write to cmi.objectives._count" time="0.000059333">
        </testcase>
        <testcase classname="test/cmi/scorm12_cmi.spec.ts" name="SCORM 1.2 CMI Tests &gt; CMI Spec Tests &gt; Pre-Initialize Tests &gt; Field: cmi.student_data._children &gt; Should be able to read from cmi.student_data._children" time="0.00002775">
        </testcase>
        <testcase classname="test/cmi/scorm12_cmi.spec.ts" name="SCORM 1.2 CMI Tests &gt; CMI Spec Tests &gt; Pre-Initialize Tests &gt; Field: cmi.student_data._children &gt; Should fail to write to cmi.student_data._children" time="0.000095875">
        </testcase>
        <testcase classname="test/cmi/scorm12_cmi.spec.ts" name="SCORM 1.2 CMI Tests &gt; CMI Spec Tests &gt; Pre-Initialize Tests &gt; Field: cmi.student_data.mastery_score &gt; Should be able to read from cmi.student_data.mastery_score" time="0.000029125">
        </testcase>
        <testcase classname="test/cmi/scorm12_cmi.spec.ts" name="SCORM 1.2 CMI Tests &gt; CMI Spec Tests &gt; Pre-Initialize Tests &gt; Field: cmi.student_data.mastery_score &gt; Should successfully write to cmi.student_data.mastery_score" time="0.00005225">
        </testcase>
        <testcase classname="test/cmi/scorm12_cmi.spec.ts" name="SCORM 1.2 CMI Tests &gt; CMI Spec Tests &gt; Pre-Initialize Tests &gt; Field: cmi.student_data.max_time_allowed &gt; Should be able to read from cmi.student_data.max_time_allowed" time="0.000027959">
        </testcase>
        <testcase classname="test/cmi/scorm12_cmi.spec.ts" name="SCORM 1.2 CMI Tests &gt; CMI Spec Tests &gt; Pre-Initialize Tests &gt; Field: cmi.student_data.max_time_allowed &gt; Should successfully write to cmi.student_data.max_time_allowed" time="0.000043583">
        </testcase>
        <testcase classname="test/cmi/scorm12_cmi.spec.ts" name="SCORM 1.2 CMI Tests &gt; CMI Spec Tests &gt; Pre-Initialize Tests &gt; Field: cmi.student_data.time_limit_action &gt; Should be able to read from cmi.student_data.time_limit_action" time="0.000028208">
        </testcase>
        <testcase classname="test/cmi/scorm12_cmi.spec.ts" name="SCORM 1.2 CMI Tests &gt; CMI Spec Tests &gt; Pre-Initialize Tests &gt; Field: cmi.student_data.time_limit_action &gt; Should successfully write to cmi.student_data.time_limit_action" time="0.000041083">
        </testcase>
        <testcase classname="test/cmi/scorm12_cmi.spec.ts" name="SCORM 1.2 CMI Tests &gt; CMI Spec Tests &gt; Pre-Initialize Tests &gt; Field: cmi.student_preference._children &gt; Should be able to read from cmi.student_preference._children" time="0.000029125">
        </testcase>
        <testcase classname="test/cmi/scorm12_cmi.spec.ts" name="SCORM 1.2 CMI Tests &gt; CMI Spec Tests &gt; Pre-Initialize Tests &gt; Field: cmi.student_preference._children &gt; Should fail to write to cmi.student_preference._children" time="0.0000505">
        </testcase>
        <testcase classname="test/cmi/scorm12_cmi.spec.ts" name="SCORM 1.2 CMI Tests &gt; CMI Spec Tests &gt; Pre-Initialize Tests &gt; Field: cmi.student_preference.audio &gt; Should be able to read from cmi.student_preference.audio" time="0.000026833">
        </testcase>
        <testcase classname="test/cmi/scorm12_cmi.spec.ts" name="SCORM 1.2 CMI Tests &gt; CMI Spec Tests &gt; Pre-Initialize Tests &gt; Field: cmi.student_preference.audio &gt; Should successfully write &apos;1&apos; to cmi.student_preference.audio" time="0.0000745">
        </testcase>
        <testcase classname="test/cmi/scorm12_cmi.spec.ts" name="SCORM 1.2 CMI Tests &gt; CMI Spec Tests &gt; Pre-Initialize Tests &gt; Field: cmi.student_preference.audio &gt; Should successfully write &apos;50&apos; to cmi.student_preference.audio" time="0.000049208">
        </testcase>
        <testcase classname="test/cmi/scorm12_cmi.spec.ts" name="SCORM 1.2 CMI Tests &gt; CMI Spec Tests &gt; Pre-Initialize Tests &gt; Field: cmi.student_preference.audio &gt; Should successfully write &apos;100&apos; to cmi.student_preference.audio" time="0.000037791">
        </testcase>
        <testcase classname="test/cmi/scorm12_cmi.spec.ts" name="SCORM 1.2 CMI Tests &gt; CMI Spec Tests &gt; Pre-Initialize Tests &gt; Field: cmi.student_preference.audio &gt; Should successfully write &apos;-1&apos; to cmi.student_preference.audio" time="0.000038833">
        </testcase>
        <testcase classname="test/cmi/scorm12_cmi.spec.ts" name="SCORM 1.2 CMI Tests &gt; CMI Spec Tests &gt; Pre-Initialize Tests &gt; Field: cmi.student_preference.audio &gt; Should fail to write &apos;invalid&apos; to cmi.student_preference.audio" time="0.00004125">
        </testcase>
        <testcase classname="test/cmi/scorm12_cmi.spec.ts" name="SCORM 1.2 CMI Tests &gt; CMI Spec Tests &gt; Pre-Initialize Tests &gt; Field: cmi.student_preference.audio &gt; Should fail to write &apos;a100&apos; to cmi.student_preference.audio" time="0.000044291">
        </testcase>
        <testcase classname="test/cmi/scorm12_cmi.spec.ts" name="SCORM 1.2 CMI Tests &gt; CMI Spec Tests &gt; Pre-Initialize Tests &gt; Field: cmi.student_preference.audio &gt; Should fail to write &apos;-2&apos; to cmi.student_preference.audio" time="0.00004">
        </testcase>
        <testcase classname="test/cmi/scorm12_cmi.spec.ts" name="SCORM 1.2 CMI Tests &gt; CMI Spec Tests &gt; Pre-Initialize Tests &gt; Field: cmi.student_preference.language &gt; Should be able to read from cmi.student_preference.language" time="0.000029">
        </testcase>
        <testcase classname="test/cmi/scorm12_cmi.spec.ts" name="SCORM 1.2 CMI Tests &gt; CMI Spec Tests &gt; Pre-Initialize Tests &gt; Field: cmi.student_preference.language &gt; Should be able to write upto 255 characters to cmi.student_preference.language" time="0.000052917">
        </testcase>
        <testcase classname="test/cmi/scorm12_cmi.spec.ts" name="SCORM 1.2 CMI Tests &gt; CMI Spec Tests &gt; Pre-Initialize Tests &gt; Field: cmi.student_preference.language &gt; Should fail to write more than 255 characters to cmi.student_preference.language" time="0.000044">
        </testcase>
        <testcase classname="test/cmi/scorm12_cmi.spec.ts" name="SCORM 1.2 CMI Tests &gt; CMI Spec Tests &gt; Pre-Initialize Tests &gt; Field: cmi.student_preference.speed &gt; Should be able to read from cmi.student_preference.speed" time="0.000028917">
        </testcase>
        <testcase classname="test/cmi/scorm12_cmi.spec.ts" name="SCORM 1.2 CMI Tests &gt; CMI Spec Tests &gt; Pre-Initialize Tests &gt; Field: cmi.student_preference.speed &gt; Should successfully write &apos;1&apos; to cmi.student_preference.speed" time="0.000052083">
        </testcase>
        <testcase classname="test/cmi/scorm12_cmi.spec.ts" name="SCORM 1.2 CMI Tests &gt; CMI Spec Tests &gt; Pre-Initialize Tests &gt; Field: cmi.student_preference.speed &gt; Should successfully write &apos;50&apos; to cmi.student_preference.speed" time="0.000037292">
        </testcase>
        <testcase classname="test/cmi/scorm12_cmi.spec.ts" name="SCORM 1.2 CMI Tests &gt; CMI Spec Tests &gt; Pre-Initialize Tests &gt; Field: cmi.student_preference.speed &gt; Should successfully write &apos;100&apos; to cmi.student_preference.speed" time="0.000037709">
        </testcase>
        <testcase classname="test/cmi/scorm12_cmi.spec.ts" name="SCORM 1.2 CMI Tests &gt; CMI Spec Tests &gt; Pre-Initialize Tests &gt; Field: cmi.student_preference.speed &gt; Should successfully write &apos;-1&apos; to cmi.student_preference.speed" time="0.000037584">
        </testcase>
        <testcase classname="test/cmi/scorm12_cmi.spec.ts" name="SCORM 1.2 CMI Tests &gt; CMI Spec Tests &gt; Pre-Initialize Tests &gt; Field: cmi.student_preference.speed &gt; Should successfully write &apos;-50&apos; to cmi.student_preference.speed" time="0.0000405">
        </testcase>
        <testcase classname="test/cmi/scorm12_cmi.spec.ts" name="SCORM 1.2 CMI Tests &gt; CMI Spec Tests &gt; Pre-Initialize Tests &gt; Field: cmi.student_preference.speed &gt; Should successfully write &apos;-100&apos; to cmi.student_preference.speed" time="0.000039667">
        </testcase>
        <testcase classname="test/cmi/scorm12_cmi.spec.ts" name="SCORM 1.2 CMI Tests &gt; CMI Spec Tests &gt; Pre-Initialize Tests &gt; Field: cmi.student_preference.speed &gt; Should fail to write &apos;invalid&apos; to cmi.student_preference.speed" time="0.000039709">
        </testcase>
        <testcase classname="test/cmi/scorm12_cmi.spec.ts" name="SCORM 1.2 CMI Tests &gt; CMI Spec Tests &gt; Pre-Initialize Tests &gt; Field: cmi.student_preference.speed &gt; Should fail to write &apos;a100&apos; to cmi.student_preference.speed" time="0.00004075">
        </testcase>
        <testcase classname="test/cmi/scorm12_cmi.spec.ts" name="SCORM 1.2 CMI Tests &gt; CMI Spec Tests &gt; Pre-Initialize Tests &gt; Field: cmi.student_preference.speed &gt; Should fail to write &apos;-101&apos; to cmi.student_preference.speed" time="0.000042709">
        </testcase>
        <testcase classname="test/cmi/scorm12_cmi.spec.ts" name="SCORM 1.2 CMI Tests &gt; CMI Spec Tests &gt; Pre-Initialize Tests &gt; Field: cmi.student_preference.speed &gt; Should fail to write &apos;101&apos; to cmi.student_preference.speed" time="0.000041125">
        </testcase>
        <testcase classname="test/cmi/scorm12_cmi.spec.ts" name="SCORM 1.2 CMI Tests &gt; CMI Spec Tests &gt; Pre-Initialize Tests &gt; Field: cmi.student_preference.speed &gt; Should fail to write &apos;-100000&apos; to cmi.student_preference.speed" time="0.000041375">
        </testcase>
        <testcase classname="test/cmi/scorm12_cmi.spec.ts" name="SCORM 1.2 CMI Tests &gt; CMI Spec Tests &gt; Pre-Initialize Tests &gt; Field: cmi.student_preference.speed &gt; Should fail to write &apos;100000&apos; to cmi.student_preference.speed" time="0.000040875">
        </testcase>
        <testcase classname="test/cmi/scorm12_cmi.spec.ts" name="SCORM 1.2 CMI Tests &gt; CMI Spec Tests &gt; Pre-Initialize Tests &gt; Field: cmi.student_preference.text &gt; Should be able to read from cmi.student_preference.text" time="0.000028791">
        </testcase>
        <testcase classname="test/cmi/scorm12_cmi.spec.ts" name="SCORM 1.2 CMI Tests &gt; CMI Spec Tests &gt; Pre-Initialize Tests &gt; Field: cmi.student_preference.text &gt; Should successfully write &apos;1&apos; to cmi.student_preference.text" time="0.000050709">
        </testcase>
        <testcase classname="test/cmi/scorm12_cmi.spec.ts" name="SCORM 1.2 CMI Tests &gt; CMI Spec Tests &gt; Pre-Initialize Tests &gt; Field: cmi.student_preference.text &gt; Should successfully write &apos;0&apos; to cmi.student_preference.text" time="0.000051958">
        </testcase>
        <testcase classname="test/cmi/scorm12_cmi.spec.ts" name="SCORM 1.2 CMI Tests &gt; CMI Spec Tests &gt; Pre-Initialize Tests &gt; Field: cmi.student_preference.text &gt; Should successfully write &apos;-1&apos; to cmi.student_preference.text" time="0.000036458">
        </testcase>
        <testcase classname="test/cmi/scorm12_cmi.spec.ts" name="SCORM 1.2 CMI Tests &gt; CMI Spec Tests &gt; Pre-Initialize Tests &gt; Field: cmi.student_preference.text &gt; Should fail to write &apos;-101&apos; to cmi.student_preference.text" time="0.000037583">
        </testcase>
        <testcase classname="test/cmi/scorm12_cmi.spec.ts" name="SCORM 1.2 CMI Tests &gt; CMI Spec Tests &gt; Pre-Initialize Tests &gt; Field: cmi.student_preference.text &gt; Should fail to write &apos;-0.5&apos; to cmi.student_preference.text" time="0.000036292">
        </testcase>
        <testcase classname="test/cmi/scorm12_cmi.spec.ts" name="SCORM 1.2 CMI Tests &gt; CMI Spec Tests &gt; Pre-Initialize Tests &gt; Field: cmi.student_preference.text &gt; Should fail to write &apos;0.5&apos; to cmi.student_preference.text" time="0.000042875">
        </testcase>
        <testcase classname="test/cmi/scorm12_cmi.spec.ts" name="SCORM 1.2 CMI Tests &gt; CMI Spec Tests &gt; Pre-Initialize Tests &gt; Field: cmi.student_preference.text &gt; Should fail to write &apos;25.1&apos; to cmi.student_preference.text" time="0.00003875">
        </testcase>
        <testcase classname="test/cmi/scorm12_cmi.spec.ts" name="SCORM 1.2 CMI Tests &gt; CMI Spec Tests &gt; Pre-Initialize Tests &gt; Field: cmi.student_preference.text &gt; Should fail to write &apos;50.5&apos; to cmi.student_preference.text" time="0.000036292">
        </testcase>
        <testcase classname="test/cmi/scorm12_cmi.spec.ts" name="SCORM 1.2 CMI Tests &gt; CMI Spec Tests &gt; Pre-Initialize Tests &gt; Field: cmi.student_preference.text &gt; Should fail to write &apos;75&apos; to cmi.student_preference.text" time="0.000039833">
        </testcase>
        <testcase classname="test/cmi/scorm12_cmi.spec.ts" name="SCORM 1.2 CMI Tests &gt; CMI Spec Tests &gt; Pre-Initialize Tests &gt; Field: cmi.student_preference.text &gt; Should fail to write &apos;100&apos; to cmi.student_preference.text" time="0.000036709">
        </testcase>
        <testcase classname="test/cmi/scorm12_cmi.spec.ts" name="SCORM 1.2 CMI Tests &gt; CMI Spec Tests &gt; Pre-Initialize Tests &gt; Field: cmi.interactions._children &gt; Should be able to read from cmi.interactions._children" time="0.000024959">
        </testcase>
        <testcase classname="test/cmi/scorm12_cmi.spec.ts" name="SCORM 1.2 CMI Tests &gt; CMI Spec Tests &gt; Pre-Initialize Tests &gt; Field: cmi.interactions._children &gt; Should fail to write to cmi.interactions._children" time="0.00007425">
        </testcase>
        <testcase classname="test/cmi/scorm12_cmi.spec.ts" name="SCORM 1.2 CMI Tests &gt; CMI Spec Tests &gt; Pre-Initialize Tests &gt; Field: cmi.interactions._count &gt; Should be able to read from cmi.interactions._count" time="0.000028042">
        </testcase>
        <testcase classname="test/cmi/scorm12_cmi.spec.ts" name="SCORM 1.2 CMI Tests &gt; CMI Spec Tests &gt; Pre-Initialize Tests &gt; Field: cmi.interactions._count &gt; Should fail to write to cmi.interactions._count" time="0.0000375">
        </testcase>
        <testcase classname="test/cmi/scorm12_cmi.spec.ts" name="SCORM 1.2 CMI Tests &gt; CMI Spec Tests &gt; Post-Initialize Tests &gt; Field: cmi._version &gt; Should be able to read from cmi._version" time="0.000030167">
        </testcase>
        <testcase classname="test/cmi/scorm12_cmi.spec.ts" name="SCORM 1.2 CMI Tests &gt; CMI Spec Tests &gt; Post-Initialize Tests &gt; Field: cmi._version &gt; Should fail to write to cmi._version" time="0.000033541">
        </testcase>
        <testcase classname="test/cmi/scorm12_cmi.spec.ts" name="SCORM 1.2 CMI Tests &gt; CMI Spec Tests &gt; Post-Initialize Tests &gt; Field: cmi._children &gt; Should be able to read from cmi._children" time="0.000023167">
        </testcase>
        <testcase classname="test/cmi/scorm12_cmi.spec.ts" name="SCORM 1.2 CMI Tests &gt; CMI Spec Tests &gt; Post-Initialize Tests &gt; Field: cmi._children &gt; Should fail to write to cmi._children" time="0.000032291">
        </testcase>
        <testcase classname="test/cmi/scorm12_cmi.spec.ts" name="SCORM 1.2 CMI Tests &gt; CMI Spec Tests &gt; Post-Initialize Tests &gt; Field: cmi.suspend_data &gt; Should be able to read from cmi.suspend_data" time="0.000023333">
        </testcase>
        <testcase classname="test/cmi/scorm12_cmi.spec.ts" name="SCORM 1.2 CMI Tests &gt; CMI Spec Tests &gt; Post-Initialize Tests &gt; Field: cmi.suspend_data &gt; Should be able to write upto 4096 characters to cmi.suspend_data" time="0.000053042">
        </testcase>
        <testcase classname="test/cmi/scorm12_cmi.spec.ts" name="SCORM 1.2 CMI Tests &gt; CMI Spec Tests &gt; Post-Initialize Tests &gt; Field: cmi.suspend_data &gt; Should fail to write more than 4096 characters to cmi.suspend_data" time="0.000095833">
        </testcase>
        <testcase classname="test/cmi/scorm12_cmi.spec.ts" name="SCORM 1.2 CMI Tests &gt; CMI Spec Tests &gt; Post-Initialize Tests &gt; Field: cmi.suspend_data &gt; Should successfully write to cmi.suspend_data" time="0.000034333">
        </testcase>
        <testcase classname="test/cmi/scorm12_cmi.spec.ts" name="SCORM 1.2 CMI Tests &gt; CMI Spec Tests &gt; Post-Initialize Tests &gt; Field: cmi.core.suspend_data &gt; Should be able to read from cmi.core.suspend_data" time="0.000025584">
        </testcase>
        <testcase classname="test/cmi/scorm12_cmi.spec.ts" name="SCORM 1.2 CMI Tests &gt; CMI Spec Tests &gt; Post-Initialize Tests &gt; Field: cmi.core.suspend_data &gt; Should be able to write upto 4096 characters to cmi.core.suspend_data" time="0.000038667">
        </testcase>
        <testcase classname="test/cmi/scorm12_cmi.spec.ts" name="SCORM 1.2 CMI Tests &gt; CMI Spec Tests &gt; Post-Initialize Tests &gt; Field: cmi.core.suspend_data &gt; Should fail to write more than 4096 characters to cmi.core.suspend_data" time="0.000080084">
        </testcase>
        <testcase classname="test/cmi/scorm12_cmi.spec.ts" name="SCORM 1.2 CMI Tests &gt; CMI Spec Tests &gt; Post-Initialize Tests &gt; Field: cmi.core.suspend_data &gt; Should successfully write to cmi.core.suspend_data" time="0.000032875">
        </testcase>
        <testcase classname="test/cmi/scorm12_cmi.spec.ts" name="SCORM 1.2 CMI Tests &gt; CMI Spec Tests &gt; Post-Initialize Tests &gt; Field: cmi.launch_data &gt; Should be able to read from cmi.launch_data" time="0.0000215">
        </testcase>
        <testcase classname="test/cmi/scorm12_cmi.spec.ts" name="SCORM 1.2 CMI Tests &gt; CMI Spec Tests &gt; Post-Initialize Tests &gt; Field: cmi.launch_data &gt; Should fail to write to cmi.launch_data" time="0.000035916">
        </testcase>
        <testcase classname="test/cmi/scorm12_cmi.spec.ts" name="SCORM 1.2 CMI Tests &gt; CMI Spec Tests &gt; Post-Initialize Tests &gt; Field: cmi.comments &gt; Should be able to read from cmi.comments" time="0.000021667">
        </testcase>
        <testcase classname="test/cmi/scorm12_cmi.spec.ts" name="SCORM 1.2 CMI Tests &gt; CMI Spec Tests &gt; Post-Initialize Tests &gt; Field: cmi.comments &gt; Should be able to write upto 4096 characters to cmi.comments" time="0.000038916">
        </testcase>
        <testcase classname="test/cmi/scorm12_cmi.spec.ts" name="SCORM 1.2 CMI Tests &gt; CMI Spec Tests &gt; Post-Initialize Tests &gt; Field: cmi.comments &gt; Should fail to write more than 4096 characters to cmi.comments" time="0.00004825">
        </testcase>
        <testcase classname="test/cmi/scorm12_cmi.spec.ts" name="SCORM 1.2 CMI Tests &gt; CMI Spec Tests &gt; Post-Initialize Tests &gt; Field: cmi.comments_from_lms &gt; Should be able to read from cmi.comments_from_lms" time="0.000021">
        </testcase>
        <testcase classname="test/cmi/scorm12_cmi.spec.ts" name="SCORM 1.2 CMI Tests &gt; CMI Spec Tests &gt; Post-Initialize Tests &gt; Field: cmi.comments_from_lms &gt; Should fail to write to cmi.comments_from_lms" time="0.000030959">
        </testcase>
        <testcase classname="test/cmi/scorm12_cmi.spec.ts" name="SCORM 1.2 CMI Tests &gt; CMI Spec Tests &gt; Post-Initialize Tests &gt; Field: cmi.core._children &gt; Should be able to read from cmi.core._children" time="0.000020917">
        </testcase>
        <testcase classname="test/cmi/scorm12_cmi.spec.ts" name="SCORM 1.2 CMI Tests &gt; CMI Spec Tests &gt; Post-Initialize Tests &gt; Field: cmi.core._children &gt; Should fail to write to cmi.core._children" time="0.000030375">
        </testcase>
        <testcase classname="test/cmi/scorm12_cmi.spec.ts" name="SCORM 1.2 CMI Tests &gt; CMI Spec Tests &gt; Post-Initialize Tests &gt; Field: cmi.core.student_id &gt; Should be able to read from cmi.core.student_id" time="0.000020833">
        </testcase>
        <testcase classname="test/cmi/scorm12_cmi.spec.ts" name="SCORM 1.2 CMI Tests &gt; CMI Spec Tests &gt; Post-Initialize Tests &gt; Field: cmi.core.student_id &gt; Should fail to write to cmi.core.student_id" time="0.000029542">
        </testcase>
        <testcase classname="test/cmi/scorm12_cmi.spec.ts" name="SCORM 1.2 CMI Tests &gt; CMI Spec Tests &gt; Post-Initialize Tests &gt; Field: cmi.core.student_name &gt; Should be able to read from cmi.core.student_name" time="0.000020541">
        </testcase>
        <testcase classname="test/cmi/scorm12_cmi.spec.ts" name="SCORM 1.2 CMI Tests &gt; CMI Spec Tests &gt; Post-Initialize Tests &gt; Field: cmi.core.student_name &gt; Should fail to write to cmi.core.student_name" time="0.000028958">
        </testcase>
        <testcase classname="test/cmi/scorm12_cmi.spec.ts" name="SCORM 1.2 CMI Tests &gt; CMI Spec Tests &gt; Post-Initialize Tests &gt; Field: cmi.core.lesson_location &gt; Should be able to read from cmi.core.lesson_location" time="0.000021709">
        </testcase>
        <testcase classname="test/cmi/scorm12_cmi.spec.ts" name="SCORM 1.2 CMI Tests &gt; CMI Spec Tests &gt; Post-Initialize Tests &gt; Field: cmi.core.lesson_location &gt; Should be able to write upto 255 characters to cmi.core.lesson_location" time="0.000034042">
        </testcase>
        <testcase classname="test/cmi/scorm12_cmi.spec.ts" name="SCORM 1.2 CMI Tests &gt; CMI Spec Tests &gt; Post-Initialize Tests &gt; Field: cmi.core.lesson_location &gt; Should fail to write more than 255 characters to cmi.core.lesson_location" time="0.000033417">
        </testcase>
        <testcase classname="test/cmi/scorm12_cmi.spec.ts" name="SCORM 1.2 CMI Tests &gt; CMI Spec Tests &gt; Post-Initialize Tests &gt; Field: cmi.core.credit &gt; Should be able to read from cmi.core.credit" time="0.000025584">
        </testcase>
        <testcase classname="test/cmi/scorm12_cmi.spec.ts" name="SCORM 1.2 CMI Tests &gt; CMI Spec Tests &gt; Post-Initialize Tests &gt; Field: cmi.core.credit &gt; Should fail to write to cmi.core.credit" time="0.002622458">
        </testcase>
        <testcase classname="test/cmi/scorm12_cmi.spec.ts" name="SCORM 1.2 CMI Tests &gt; CMI Spec Tests &gt; Post-Initialize Tests &gt; Field: cmi.core.lesson_status &gt; Should be able to read from cmi.core.lesson_status" time="0.00004175">
        </testcase>
        <testcase classname="test/cmi/scorm12_cmi.spec.ts" name="SCORM 1.2 CMI Tests &gt; CMI Spec Tests &gt; Post-Initialize Tests &gt; Field: cmi.core.lesson_status &gt; Should successfully write to cmi.core.lesson_status" time="0.000048292">
        </testcase>
        <testcase classname="test/cmi/scorm12_cmi.spec.ts" name="SCORM 1.2 CMI Tests &gt; CMI Spec Tests &gt; Post-Initialize Tests &gt; Field: cmi.core.lesson_status &gt; Should successfully write &apos;passed&apos; to cmi.core.lesson_status" time="0.00007775">
        </testcase>
        <testcase classname="test/cmi/scorm12_cmi.spec.ts" name="SCORM 1.2 CMI Tests &gt; CMI Spec Tests &gt; Post-Initialize Tests &gt; Field: cmi.core.lesson_status &gt; Should successfully write &apos;completed&apos; to cmi.core.lesson_status" time="0.000033833">
        </testcase>
        <testcase classname="test/cmi/scorm12_cmi.spec.ts" name="SCORM 1.2 CMI Tests &gt; CMI Spec Tests &gt; Post-Initialize Tests &gt; Field: cmi.core.lesson_status &gt; Should successfully write &apos;failed&apos; to cmi.core.lesson_status" time="0.0000295">
        </testcase>
        <testcase classname="test/cmi/scorm12_cmi.spec.ts" name="SCORM 1.2 CMI Tests &gt; CMI Spec Tests &gt; Post-Initialize Tests &gt; Field: cmi.core.lesson_status &gt; Should successfully write &apos;incomplete&apos; to cmi.core.lesson_status" time="0.000030333">
        </testcase>
        <testcase classname="test/cmi/scorm12_cmi.spec.ts" name="SCORM 1.2 CMI Tests &gt; CMI Spec Tests &gt; Post-Initialize Tests &gt; Field: cmi.core.lesson_status &gt; Should successfully write &apos;browsed&apos; to cmi.core.lesson_status" time="0.000029459">
        </testcase>
        <testcase classname="test/cmi/scorm12_cmi.spec.ts" name="SCORM 1.2 CMI Tests &gt; CMI Spec Tests &gt; Post-Initialize Tests &gt; Field: cmi.core.lesson_status &gt; Should successfully write &apos;not attempted&apos; to cmi.core.lesson_status" time="0.000028542">
        </testcase>
        <testcase classname="test/cmi/scorm12_cmi.spec.ts" name="SCORM 1.2 CMI Tests &gt; CMI Spec Tests &gt; Post-Initialize Tests &gt; Field: cmi.core.lesson_status &gt; Should fail to write &apos;Passed&apos; to cmi.core.lesson_status" time="0.000042291">
        </testcase>
        <testcase classname="test/cmi/scorm12_cmi.spec.ts" name="SCORM 1.2 CMI Tests &gt; CMI Spec Tests &gt; Post-Initialize Tests &gt; Field: cmi.core.lesson_status &gt; Should fail to write &apos;P&apos; to cmi.core.lesson_status" time="0.000033292">
        </testcase>
        <testcase classname="test/cmi/scorm12_cmi.spec.ts" name="SCORM 1.2 CMI Tests &gt; CMI Spec Tests &gt; Post-Initialize Tests &gt; Field: cmi.core.lesson_status &gt; Should fail to write &apos;F&apos; to cmi.core.lesson_status" time="0.000032375">
        </testcase>
        <testcase classname="test/cmi/scorm12_cmi.spec.ts" name="SCORM 1.2 CMI Tests &gt; CMI Spec Tests &gt; Post-Initialize Tests &gt; Field: cmi.core.lesson_status &gt; Should fail to write &apos;p&apos; to cmi.core.lesson_status" time="0.000032208">
        </testcase>
        <testcase classname="test/cmi/scorm12_cmi.spec.ts" name="SCORM 1.2 CMI Tests &gt; CMI Spec Tests &gt; Post-Initialize Tests &gt; Field: cmi.core.lesson_status &gt; Should fail to write &apos;true&apos; to cmi.core.lesson_status" time="0.0000325">
        </testcase>
        <testcase classname="test/cmi/scorm12_cmi.spec.ts" name="SCORM 1.2 CMI Tests &gt; CMI Spec Tests &gt; Post-Initialize Tests &gt; Field: cmi.core.lesson_status &gt; Should fail to write &apos;false&apos; to cmi.core.lesson_status" time="0.000031959">
        </testcase>
        <testcase classname="test/cmi/scorm12_cmi.spec.ts" name="SCORM 1.2 CMI Tests &gt; CMI Spec Tests &gt; Post-Initialize Tests &gt; Field: cmi.core.lesson_status &gt; Should fail to write &apos;complete&apos; to cmi.core.lesson_status" time="0.000032167">
        </testcase>
        <testcase classname="test/cmi/scorm12_cmi.spec.ts" name="SCORM 1.2 CMI Tests &gt; CMI Spec Tests &gt; Post-Initialize Tests &gt; Field: cmi.core.lesson_status &gt; Should successfully write &apos;passed&apos; to cmi.core.lesson_status" time="0.000042917">
        </testcase>
        <testcase classname="test/cmi/scorm12_cmi.spec.ts" name="SCORM 1.2 CMI Tests &gt; CMI Spec Tests &gt; Post-Initialize Tests &gt; Field: cmi.core.lesson_status &gt; Should successfully write &apos;completed&apos; to cmi.core.lesson_status" time="0.000040792">
        </testcase>
        <testcase classname="test/cmi/scorm12_cmi.spec.ts" name="SCORM 1.2 CMI Tests &gt; CMI Spec Tests &gt; Post-Initialize Tests &gt; Field: cmi.core.lesson_status &gt; Should successfully write &apos;failed&apos; to cmi.core.lesson_status" time="0.00002675">
        </testcase>
        <testcase classname="test/cmi/scorm12_cmi.spec.ts" name="SCORM 1.2 CMI Tests &gt; CMI Spec Tests &gt; Post-Initialize Tests &gt; Field: cmi.core.lesson_status &gt; Should successfully write &apos;incomplete&apos; to cmi.core.lesson_status" time="0.000025625">
        </testcase>
        <testcase classname="test/cmi/scorm12_cmi.spec.ts" name="SCORM 1.2 CMI Tests &gt; CMI Spec Tests &gt; Post-Initialize Tests &gt; Field: cmi.core.lesson_status &gt; Should successfully write &apos;browsed&apos; to cmi.core.lesson_status" time="0.000025208">
        </testcase>
        <testcase classname="test/cmi/scorm12_cmi.spec.ts" name="SCORM 1.2 CMI Tests &gt; CMI Spec Tests &gt; Post-Initialize Tests &gt; Field: cmi.core.lesson_status &gt; Should fail to write &apos;Passed&apos; to cmi.core.lesson_status" time="0.000029041">
        </testcase>
        <testcase classname="test/cmi/scorm12_cmi.spec.ts" name="SCORM 1.2 CMI Tests &gt; CMI Spec Tests &gt; Post-Initialize Tests &gt; Field: cmi.core.lesson_status &gt; Should fail to write &apos;P&apos; to cmi.core.lesson_status" time="0.000028917">
        </testcase>
        <testcase classname="test/cmi/scorm12_cmi.spec.ts" name="SCORM 1.2 CMI Tests &gt; CMI Spec Tests &gt; Post-Initialize Tests &gt; Field: cmi.core.lesson_status &gt; Should fail to write &apos;F&apos; to cmi.core.lesson_status" time="0.000029208">
        </testcase>
        <testcase classname="test/cmi/scorm12_cmi.spec.ts" name="SCORM 1.2 CMI Tests &gt; CMI Spec Tests &gt; Post-Initialize Tests &gt; Field: cmi.core.lesson_status &gt; Should fail to write &apos;p&apos; to cmi.core.lesson_status" time="0.0000285">
        </testcase>
        <testcase classname="test/cmi/scorm12_cmi.spec.ts" name="SCORM 1.2 CMI Tests &gt; CMI Spec Tests &gt; Post-Initialize Tests &gt; Field: cmi.core.lesson_status &gt; Should fail to write &apos;true&apos; to cmi.core.lesson_status" time="0.000030875">
        </testcase>
        <testcase classname="test/cmi/scorm12_cmi.spec.ts" name="SCORM 1.2 CMI Tests &gt; CMI Spec Tests &gt; Post-Initialize Tests &gt; Field: cmi.core.lesson_status &gt; Should fail to write &apos;false&apos; to cmi.core.lesson_status" time="0.000028583">
        </testcase>
        <testcase classname="test/cmi/scorm12_cmi.spec.ts" name="SCORM 1.2 CMI Tests &gt; CMI Spec Tests &gt; Post-Initialize Tests &gt; Field: cmi.core.lesson_status &gt; Should fail to write &apos;complete&apos; to cmi.core.lesson_status" time="0.0000285">
        </testcase>
        <testcase classname="test/cmi/scorm12_cmi.spec.ts" name="SCORM 1.2 CMI Tests &gt; CMI Spec Tests &gt; Post-Initialize Tests &gt; Field: cmi.core.lesson_status &gt; Should fail to write &apos;not attempted&apos; to cmi.core.lesson_status" time="0.0000315">
        </testcase>
        <testcase classname="test/cmi/scorm12_cmi.spec.ts" name="SCORM 1.2 CMI Tests &gt; CMI Spec Tests &gt; Post-Initialize Tests &gt; Field: cmi.core.entry &gt; Should be able to read from cmi.core.entry" time="0.000022334">
        </testcase>
        <testcase classname="test/cmi/scorm12_cmi.spec.ts" name="SCORM 1.2 CMI Tests &gt; CMI Spec Tests &gt; Post-Initialize Tests &gt; Field: cmi.core.entry &gt; Should fail to write to cmi.core.entry" time="0.000035542">
        </testcase>
        <testcase classname="test/cmi/scorm12_cmi.spec.ts" name="SCORM 1.2 CMI Tests &gt; CMI Spec Tests &gt; Post-Initialize Tests &gt; Field: cmi.core.total_time &gt; Should be able to read from cmi.core.total_time" time="0.000020958">
        </testcase>
        <testcase classname="test/cmi/scorm12_cmi.spec.ts" name="SCORM 1.2 CMI Tests &gt; CMI Spec Tests &gt; Post-Initialize Tests &gt; Field: cmi.core.total_time &gt; Should fail to write to cmi.core.total_time" time="0.000028166">
        </testcase>
        <testcase classname="test/cmi/scorm12_cmi.spec.ts" name="SCORM 1.2 CMI Tests &gt; CMI Spec Tests &gt; Post-Initialize Tests &gt; Field: cmi.core.lesson_mode &gt; Should be able to read from cmi.core.lesson_mode" time="0.00001975">
        </testcase>
        <testcase classname="test/cmi/scorm12_cmi.spec.ts" name="SCORM 1.2 CMI Tests &gt; CMI Spec Tests &gt; Post-Initialize Tests &gt; Field: cmi.core.lesson_mode &gt; Should fail to write to cmi.core.lesson_mode" time="0.000028834">
        </testcase>
        <testcase classname="test/cmi/scorm12_cmi.spec.ts" name="SCORM 1.2 CMI Tests &gt; CMI Spec Tests &gt; Post-Initialize Tests &gt; Field: cmi.core.exit &gt; Should successfully write to cmi.core.exit" time="0.000030958">
        </testcase>
        <testcase classname="test/cmi/scorm12_cmi.spec.ts" name="SCORM 1.2 CMI Tests &gt; CMI Spec Tests &gt; Post-Initialize Tests &gt; Field: cmi.core.exit &gt; Should successfully write &apos;time-out&apos; to cmi.core.exit" time="0.000029417">
        </testcase>
        <testcase classname="test/cmi/scorm12_cmi.spec.ts" name="SCORM 1.2 CMI Tests &gt; CMI Spec Tests &gt; Post-Initialize Tests &gt; Field: cmi.core.exit &gt; Should successfully write &apos;suspend&apos; to cmi.core.exit" time="0.000027708">
        </testcase>
        <testcase classname="test/cmi/scorm12_cmi.spec.ts" name="SCORM 1.2 CMI Tests &gt; CMI Spec Tests &gt; Post-Initialize Tests &gt; Field: cmi.core.exit &gt; Should successfully write &apos;logout&apos; to cmi.core.exit" time="0.000030292">
        </testcase>
        <testcase classname="test/cmi/scorm12_cmi.spec.ts" name="SCORM 1.2 CMI Tests &gt; CMI Spec Tests &gt; Post-Initialize Tests &gt; Field: cmi.core.exit &gt; Should successfully write &apos;&apos; to cmi.core.exit" time="0.000044917">
        </testcase>
        <testcase classname="test/cmi/scorm12_cmi.spec.ts" name="SCORM 1.2 CMI Tests &gt; CMI Spec Tests &gt; Post-Initialize Tests &gt; Field: cmi.core.exit &gt; Should fail to write &apos;close&apos; to cmi.core.exit" time="0.000033959">
        </testcase>
        <testcase classname="test/cmi/scorm12_cmi.spec.ts" name="SCORM 1.2 CMI Tests &gt; CMI Spec Tests &gt; Post-Initialize Tests &gt; Field: cmi.core.exit &gt; Should fail to write &apos;exit&apos; to cmi.core.exit" time="0.00003275">
        </testcase>
        <testcase classname="test/cmi/scorm12_cmi.spec.ts" name="SCORM 1.2 CMI Tests &gt; CMI Spec Tests &gt; Post-Initialize Tests &gt; Field: cmi.core.exit &gt; Should fail to write &apos;crash&apos; to cmi.core.exit" time="0.000034">
        </testcase>
        <testcase classname="test/cmi/scorm12_cmi.spec.ts" name="SCORM 1.2 CMI Tests &gt; CMI Spec Tests &gt; Post-Initialize Tests &gt; Field: cmi.core.session_time &gt; Should fail to read from cmi.core.session_time" time="0.000032375">
        </testcase>
        <testcase classname="test/cmi/scorm12_cmi.spec.ts" name="SCORM 1.2 CMI Tests &gt; CMI Spec Tests &gt; Post-Initialize Tests &gt; Field: cmi.core.session_time &gt; Should successfully write to cmi.core.session_time" time="0.000031167">
        </testcase>
        <testcase classname="test/cmi/scorm12_cmi.spec.ts" name="SCORM 1.2 CMI Tests &gt; CMI Spec Tests &gt; Post-Initialize Tests &gt; Field: cmi.core.session_time &gt; Should successfully write &apos;10:06:57&apos; to cmi.core.session_time" time="0.000030625">
        </testcase>
        <testcase classname="test/cmi/scorm12_cmi.spec.ts" name="SCORM 1.2 CMI Tests &gt; CMI Spec Tests &gt; Post-Initialize Tests &gt; Field: cmi.core.session_time &gt; Should successfully write &apos;00:00:01.56&apos; to cmi.core.session_time" time="0.000029">
        </testcase>
        <testcase classname="test/cmi/scorm12_cmi.spec.ts" name="SCORM 1.2 CMI Tests &gt; CMI Spec Tests &gt; Post-Initialize Tests &gt; Field: cmi.core.session_time &gt; Should successfully write &apos;23:59:59&apos; to cmi.core.session_time" time="0.000028833">
        </testcase>
        <testcase classname="test/cmi/scorm12_cmi.spec.ts" name="SCORM 1.2 CMI Tests &gt; CMI Spec Tests &gt; Post-Initialize Tests &gt; Field: cmi.core.session_time &gt; Should successfully write &apos;47:59:59&apos; to cmi.core.session_time" time="0.000029084">
        </testcase>
        <testcase classname="test/cmi/scorm12_cmi.spec.ts" name="SCORM 1.2 CMI Tests &gt; CMI Spec Tests &gt; Post-Initialize Tests &gt; Field: cmi.core.session_time &gt; Should fail to write &apos;06:5:13&apos; to cmi.core.session_time" time="0.000033125">
        </testcase>
        <testcase classname="test/cmi/scorm12_cmi.spec.ts" name="SCORM 1.2 CMI Tests &gt; CMI Spec Tests &gt; Post-Initialize Tests &gt; Field: cmi.core.session_time &gt; Should fail to write &apos;23:59:59.123&apos; to cmi.core.session_time" time="0.000033417">
        </testcase>
        <testcase classname="test/cmi/scorm12_cmi.spec.ts" name="SCORM 1.2 CMI Tests &gt; CMI Spec Tests &gt; Post-Initialize Tests &gt; Field: cmi.core.session_time &gt; Should fail to write &apos;P1DT23H59M59S&apos; to cmi.core.session_time" time="0.0000325">
        </testcase>
        <testcase classname="test/cmi/scorm12_cmi.spec.ts" name="SCORM 1.2 CMI Tests &gt; CMI Spec Tests &gt; Post-Initialize Tests &gt; Field: cmi.core.score._children &gt; Should be able to read from cmi.core.score._children" time="0.000021375">
        </testcase>
        <testcase classname="test/cmi/scorm12_cmi.spec.ts" name="SCORM 1.2 CMI Tests &gt; CMI Spec Tests &gt; Post-Initialize Tests &gt; Field: cmi.core.score._children &gt; Should fail to write to cmi.core.score._children" time="0.000029708">
        </testcase>
        <testcase classname="test/cmi/scorm12_cmi.spec.ts" name="SCORM 1.2 CMI Tests &gt; CMI Spec Tests &gt; Post-Initialize Tests &gt; Field: cmi.core.score.raw &gt; Should successfully write &apos;1&apos; to cmi.core.score.raw" time="0.0000305">
        </testcase>
        <testcase classname="test/cmi/scorm12_cmi.spec.ts" name="SCORM 1.2 CMI Tests &gt; CMI Spec Tests &gt; Post-Initialize Tests &gt; Field: cmi.core.score.raw &gt; Should successfully write &apos;50.25&apos; to cmi.core.score.raw" time="0.000032291">
        </testcase>
        <testcase classname="test/cmi/scorm12_cmi.spec.ts" name="SCORM 1.2 CMI Tests &gt; CMI Spec Tests &gt; Post-Initialize Tests &gt; Field: cmi.core.score.raw &gt; Should successfully write &apos;70&apos; to cmi.core.score.raw" time="0.000028625">
        </testcase>
        <testcase classname="test/cmi/scorm12_cmi.spec.ts" name="SCORM 1.2 CMI Tests &gt; CMI Spec Tests &gt; Post-Initialize Tests &gt; Field: cmi.core.score.raw &gt; Should successfully write &apos;100&apos; to cmi.core.score.raw" time="0.000025958">
        </testcase>
        <testcase classname="test/cmi/scorm12_cmi.spec.ts" name="SCORM 1.2 CMI Tests &gt; CMI Spec Tests &gt; Post-Initialize Tests &gt; Field: cmi.core.score.raw &gt; Should successfully write &apos;1&apos; to cmi.core.score.raw" time="0.000025208">
        </testcase>
        <testcase classname="test/cmi/scorm12_cmi.spec.ts" name="SCORM 1.2 CMI Tests &gt; CMI Spec Tests &gt; Post-Initialize Tests &gt; Field: cmi.core.score.raw &gt; Should successfully write &apos;50.25&apos; to cmi.core.score.raw" time="0.000026583">
        </testcase>
        <testcase classname="test/cmi/scorm12_cmi.spec.ts" name="SCORM 1.2 CMI Tests &gt; CMI Spec Tests &gt; Post-Initialize Tests &gt; Field: cmi.core.score.raw &gt; Should successfully write &apos;70&apos; to cmi.core.score.raw" time="0.0000255">
        </testcase>
        <testcase classname="test/cmi/scorm12_cmi.spec.ts" name="SCORM 1.2 CMI Tests &gt; CMI Spec Tests &gt; Post-Initialize Tests &gt; Field: cmi.core.score.raw &gt; Should successfully write &apos;100&apos; to cmi.core.score.raw" time="0.000025459">
        </testcase>
        <testcase classname="test/cmi/scorm12_cmi.spec.ts" name="SCORM 1.2 CMI Tests &gt; CMI Spec Tests &gt; Post-Initialize Tests &gt; Field: cmi.core.score.raw &gt; Should fail to write &apos;invalid&apos; to cmi.core.score.raw" time="0.000033458">
        </testcase>
        <testcase classname="test/cmi/scorm12_cmi.spec.ts" name="SCORM 1.2 CMI Tests &gt; CMI Spec Tests &gt; Post-Initialize Tests &gt; Field: cmi.core.score.raw &gt; Should fail to write &apos;a100&apos; to cmi.core.score.raw" time="0.000036042">
        </testcase>
        <testcase classname="test/cmi/scorm12_cmi.spec.ts" name="SCORM 1.2 CMI Tests &gt; CMI Spec Tests &gt; Post-Initialize Tests &gt; Field: cmi.core.score.raw &gt; Should fail to write &apos;-1&apos; to cmi.core.score.raw" time="0.000033041">
        </testcase>
        <testcase classname="test/cmi/scorm12_cmi.spec.ts" name="SCORM 1.2 CMI Tests &gt; CMI Spec Tests &gt; Post-Initialize Tests &gt; Field: cmi.core.score.raw &gt; Should fail to write &apos;101&apos; to cmi.core.score.raw" time="0.000033417">
        </testcase>
        <testcase classname="test/cmi/scorm12_cmi.spec.ts" name="SCORM 1.2 CMI Tests &gt; CMI Spec Tests &gt; Post-Initialize Tests &gt; Field: cmi.core.score.raw &gt; Should fail to write &apos;-100000&apos; to cmi.core.score.raw" time="0.00003225">
        </testcase>
        <testcase classname="test/cmi/scorm12_cmi.spec.ts" name="SCORM 1.2 CMI Tests &gt; CMI Spec Tests &gt; Post-Initialize Tests &gt; Field: cmi.core.score.raw &gt; Should fail to write &apos;100000&apos; to cmi.core.score.raw" time="0.00003375">
        </testcase>
        <testcase classname="test/cmi/scorm12_cmi.spec.ts" name="SCORM 1.2 CMI Tests &gt; CMI Spec Tests &gt; Post-Initialize Tests &gt; Field: cmi.core.score.min &gt; Should successfully write &apos;1&apos; to cmi.core.score.min" time="0.000027042">
        </testcase>
        <testcase classname="test/cmi/scorm12_cmi.spec.ts" name="SCORM 1.2 CMI Tests &gt; CMI Spec Tests &gt; Post-Initialize Tests &gt; Field: cmi.core.score.min &gt; Should successfully write &apos;50.25&apos; to cmi.core.score.min" time="0.000027791">
        </testcase>
        <testcase classname="test/cmi/scorm12_cmi.spec.ts" name="SCORM 1.2 CMI Tests &gt; CMI Spec Tests &gt; Post-Initialize Tests &gt; Field: cmi.core.score.min &gt; Should successfully write &apos;70&apos; to cmi.core.score.min" time="0.000026292">
        </testcase>
        <testcase classname="test/cmi/scorm12_cmi.spec.ts" name="SCORM 1.2 CMI Tests &gt; CMI Spec Tests &gt; Post-Initialize Tests &gt; Field: cmi.core.score.min &gt; Should successfully write &apos;100&apos; to cmi.core.score.min" time="0.000024709">
        </testcase>
        <testcase classname="test/cmi/scorm12_cmi.spec.ts" name="SCORM 1.2 CMI Tests &gt; CMI Spec Tests &gt; Post-Initialize Tests &gt; Field: cmi.core.score.min &gt; Should successfully write &apos;1&apos; to cmi.core.score.min" time="0.000025458">
        </testcase>
        <testcase classname="test/cmi/scorm12_cmi.spec.ts" name="SCORM 1.2 CMI Tests &gt; CMI Spec Tests &gt; Post-Initialize Tests &gt; Field: cmi.core.score.min &gt; Should successfully write &apos;50.25&apos; to cmi.core.score.min" time="0.000027125">
        </testcase>
        <testcase classname="test/cmi/scorm12_cmi.spec.ts" name="SCORM 1.2 CMI Tests &gt; CMI Spec Tests &gt; Post-Initialize Tests &gt; Field: cmi.core.score.min &gt; Should successfully write &apos;70&apos; to cmi.core.score.min" time="0.000024958">
        </testcase>
        <testcase classname="test/cmi/scorm12_cmi.spec.ts" name="SCORM 1.2 CMI Tests &gt; CMI Spec Tests &gt; Post-Initialize Tests &gt; Field: cmi.core.score.min &gt; Should successfully write &apos;100&apos; to cmi.core.score.min" time="0.000025084">
        </testcase>
        <testcase classname="test/cmi/scorm12_cmi.spec.ts" name="SCORM 1.2 CMI Tests &gt; CMI Spec Tests &gt; Post-Initialize Tests &gt; Field: cmi.core.score.min &gt; Should fail to write &apos;invalid&apos; to cmi.core.score.min" time="0.000032167">
        </testcase>
        <testcase classname="test/cmi/scorm12_cmi.spec.ts" name="SCORM 1.2 CMI Tests &gt; CMI Spec Tests &gt; Post-Initialize Tests &gt; Field: cmi.core.score.min &gt; Should fail to write &apos;a100&apos; to cmi.core.score.min" time="0.000033916">
        </testcase>
        <testcase classname="test/cmi/scorm12_cmi.spec.ts" name="SCORM 1.2 CMI Tests &gt; CMI Spec Tests &gt; Post-Initialize Tests &gt; Field: cmi.core.score.min &gt; Should fail to write &apos;-1&apos; to cmi.core.score.min" time="0.000032958">
        </testcase>
        <testcase classname="test/cmi/scorm12_cmi.spec.ts" name="SCORM 1.2 CMI Tests &gt; CMI Spec Tests &gt; Post-Initialize Tests &gt; Field: cmi.core.score.min &gt; Should fail to write &apos;101&apos; to cmi.core.score.min" time="0.0000325">
        </testcase>
        <testcase classname="test/cmi/scorm12_cmi.spec.ts" name="SCORM 1.2 CMI Tests &gt; CMI Spec Tests &gt; Post-Initialize Tests &gt; Field: cmi.core.score.min &gt; Should fail to write &apos;-100000&apos; to cmi.core.score.min" time="0.000032292">
        </testcase>
        <testcase classname="test/cmi/scorm12_cmi.spec.ts" name="SCORM 1.2 CMI Tests &gt; CMI Spec Tests &gt; Post-Initialize Tests &gt; Field: cmi.core.score.min &gt; Should fail to write &apos;100000&apos; to cmi.core.score.min" time="0.000033">
        </testcase>
        <testcase classname="test/cmi/scorm12_cmi.spec.ts" name="SCORM 1.2 CMI Tests &gt; CMI Spec Tests &gt; Post-Initialize Tests &gt; Field: cmi.core.score.max &gt; Should successfully write &apos;1&apos; to cmi.core.score.max" time="0.000065375">
        </testcase>
        <testcase classname="test/cmi/scorm12_cmi.spec.ts" name="SCORM 1.2 CMI Tests &gt; CMI Spec Tests &gt; Post-Initialize Tests &gt; Field: cmi.core.score.max &gt; Should successfully write &apos;50.25&apos; to cmi.core.score.max" time="0.000028459">
        </testcase>
        <testcase classname="test/cmi/scorm12_cmi.spec.ts" name="SCORM 1.2 CMI Tests &gt; CMI Spec Tests &gt; Post-Initialize Tests &gt; Field: cmi.core.score.max &gt; Should successfully write &apos;70&apos; to cmi.core.score.max" time="0.000025375">
        </testcase>
        <testcase classname="test/cmi/scorm12_cmi.spec.ts" name="SCORM 1.2 CMI Tests &gt; CMI Spec Tests &gt; Post-Initialize Tests &gt; Field: cmi.core.score.max &gt; Should successfully write &apos;100&apos; to cmi.core.score.max" time="0.000025125">
        </testcase>
        <testcase classname="test/cmi/scorm12_cmi.spec.ts" name="SCORM 1.2 CMI Tests &gt; CMI Spec Tests &gt; Post-Initialize Tests &gt; Field: cmi.core.score.max &gt; Should successfully write &apos;1&apos; to cmi.core.score.max" time="0.000024458">
        </testcase>
        <testcase classname="test/cmi/scorm12_cmi.spec.ts" name="SCORM 1.2 CMI Tests &gt; CMI Spec Tests &gt; Post-Initialize Tests &gt; Field: cmi.core.score.max &gt; Should successfully write &apos;50.25&apos; to cmi.core.score.max" time="0.000025083">
        </testcase>
        <testcase classname="test/cmi/scorm12_cmi.spec.ts" name="SCORM 1.2 CMI Tests &gt; CMI Spec Tests &gt; Post-Initialize Tests &gt; Field: cmi.core.score.max &gt; Should successfully write &apos;70&apos; to cmi.core.score.max" time="0.000027375">
        </testcase>
        <testcase classname="test/cmi/scorm12_cmi.spec.ts" name="SCORM 1.2 CMI Tests &gt; CMI Spec Tests &gt; Post-Initialize Tests &gt; Field: cmi.core.score.max &gt; Should successfully write &apos;100&apos; to cmi.core.score.max" time="0.000024666">
        </testcase>
        <testcase classname="test/cmi/scorm12_cmi.spec.ts" name="SCORM 1.2 CMI Tests &gt; CMI Spec Tests &gt; Post-Initialize Tests &gt; Field: cmi.core.score.max &gt; Should fail to write &apos;invalid&apos; to cmi.core.score.max" time="0.0000415">
        </testcase>
        <testcase classname="test/cmi/scorm12_cmi.spec.ts" name="SCORM 1.2 CMI Tests &gt; CMI Spec Tests &gt; Post-Initialize Tests &gt; Field: cmi.core.score.max &gt; Should fail to write &apos;a100&apos; to cmi.core.score.max" time="0.000033625">
        </testcase>
        <testcase classname="test/cmi/scorm12_cmi.spec.ts" name="SCORM 1.2 CMI Tests &gt; CMI Spec Tests &gt; Post-Initialize Tests &gt; Field: cmi.core.score.max &gt; Should fail to write &apos;-1&apos; to cmi.core.score.max" time="0.000034541">
        </testcase>
        <testcase classname="test/cmi/scorm12_cmi.spec.ts" name="SCORM 1.2 CMI Tests &gt; CMI Spec Tests &gt; Post-Initialize Tests &gt; Field: cmi.core.score.max &gt; Should fail to write &apos;101&apos; to cmi.core.score.max" time="0.000031834">
        </testcase>
        <testcase classname="test/cmi/scorm12_cmi.spec.ts" name="SCORM 1.2 CMI Tests &gt; CMI Spec Tests &gt; Post-Initialize Tests &gt; Field: cmi.core.score.max &gt; Should fail to write &apos;-100000&apos; to cmi.core.score.max" time="0.000032416">
        </testcase>
        <testcase classname="test/cmi/scorm12_cmi.spec.ts" name="SCORM 1.2 CMI Tests &gt; CMI Spec Tests &gt; Post-Initialize Tests &gt; Field: cmi.core.score.max &gt; Should fail to write &apos;100000&apos; to cmi.core.score.max" time="0.000032917">
        </testcase>
        <testcase classname="test/cmi/scorm12_cmi.spec.ts" name="SCORM 1.2 CMI Tests &gt; CMI Spec Tests &gt; Post-Initialize Tests &gt; Field: cmi.objectives._children &gt; Should be able to read from cmi.objectives._children" time="0.000022667">
        </testcase>
        <testcase classname="test/cmi/scorm12_cmi.spec.ts" name="SCORM 1.2 CMI Tests &gt; CMI Spec Tests &gt; Post-Initialize Tests &gt; Field: cmi.objectives._children &gt; Should fail to write to cmi.objectives._children" time="0.000032375">
        </testcase>
        <testcase classname="test/cmi/scorm12_cmi.spec.ts" name="SCORM 1.2 CMI Tests &gt; CMI Spec Tests &gt; Post-Initialize Tests &gt; Field: cmi.objectives._count &gt; Should be able to read from cmi.objectives._count" time="0.00002025">
        </testcase>
        <testcase classname="test/cmi/scorm12_cmi.spec.ts" name="SCORM 1.2 CMI Tests &gt; CMI Spec Tests &gt; Post-Initialize Tests &gt; Field: cmi.objectives._count &gt; Should fail to write to cmi.objectives._count" time="0.000027625">
        </testcase>
        <testcase classname="test/cmi/scorm12_cmi.spec.ts" name="SCORM 1.2 CMI Tests &gt; CMI Spec Tests &gt; Post-Initialize Tests &gt; Field: cmi.student_data._children &gt; Should be able to read from cmi.student_data._children" time="0.00001975">
        </testcase>
        <testcase classname="test/cmi/scorm12_cmi.spec.ts" name="SCORM 1.2 CMI Tests &gt; CMI Spec Tests &gt; Post-Initialize Tests &gt; Field: cmi.student_data._children &gt; Should fail to write to cmi.student_data._children" time="0.000027917">
        </testcase>
        <testcase classname="test/cmi/scorm12_cmi.spec.ts" name="SCORM 1.2 CMI Tests &gt; CMI Spec Tests &gt; Post-Initialize Tests &gt; Field: cmi.student_data.mastery_score &gt; Should be able to read from cmi.student_data.mastery_score" time="0.000019875">
        </testcase>
        <testcase classname="test/cmi/scorm12_cmi.spec.ts" name="SCORM 1.2 CMI Tests &gt; CMI Spec Tests &gt; Post-Initialize Tests &gt; Field: cmi.student_data.mastery_score &gt; Should fail to write to cmi.student_data.mastery_score" time="0.000028208">
        </testcase>
        <testcase classname="test/cmi/scorm12_cmi.spec.ts" name="SCORM 1.2 CMI Tests &gt; CMI Spec Tests &gt; Post-Initialize Tests &gt; Field: cmi.student_data.max_time_allowed &gt; Should be able to read from cmi.student_data.max_time_allowed" time="0.000019708">
        </testcase>
        <testcase classname="test/cmi/scorm12_cmi.spec.ts" name="SCORM 1.2 CMI Tests &gt; CMI Spec Tests &gt; Post-Initialize Tests &gt; Field: cmi.student_data.max_time_allowed &gt; Should fail to write to cmi.student_data.max_time_allowed" time="0.000026209">
        </testcase>
        <testcase classname="test/cmi/scorm12_cmi.spec.ts" name="SCORM 1.2 CMI Tests &gt; CMI Spec Tests &gt; Post-Initialize Tests &gt; Field: cmi.student_data.time_limit_action &gt; Should be able to read from cmi.student_data.time_limit_action" time="0.00001975">
        </testcase>
        <testcase classname="test/cmi/scorm12_cmi.spec.ts" name="SCORM 1.2 CMI Tests &gt; CMI Spec Tests &gt; Post-Initialize Tests &gt; Field: cmi.student_data.time_limit_action &gt; Should fail to write to cmi.student_data.time_limit_action" time="0.000027792">
        </testcase>
        <testcase classname="test/cmi/scorm12_cmi.spec.ts" name="SCORM 1.2 CMI Tests &gt; CMI Spec Tests &gt; Post-Initialize Tests &gt; Field: cmi.student_preference._children &gt; Should be able to read from cmi.student_preference._children" time="0.000020166">
        </testcase>
        <testcase classname="test/cmi/scorm12_cmi.spec.ts" name="SCORM 1.2 CMI Tests &gt; CMI Spec Tests &gt; Post-Initialize Tests &gt; Field: cmi.student_preference._children &gt; Should fail to write to cmi.student_preference._children" time="0.000028">
        </testcase>
        <testcase classname="test/cmi/scorm12_cmi.spec.ts" name="SCORM 1.2 CMI Tests &gt; CMI Spec Tests &gt; Post-Initialize Tests &gt; Field: cmi.student_preference.audio &gt; Should successfully write &apos;1&apos; to cmi.student_preference.audio" time="0.000031917">
        </testcase>
        <testcase classname="test/cmi/scorm12_cmi.spec.ts" name="SCORM 1.2 CMI Tests &gt; CMI Spec Tests &gt; Post-Initialize Tests &gt; Field: cmi.student_preference.audio &gt; Should successfully write &apos;50&apos; to cmi.student_preference.audio" time="0.000030667">
        </testcase>
        <testcase classname="test/cmi/scorm12_cmi.spec.ts" name="SCORM 1.2 CMI Tests &gt; CMI Spec Tests &gt; Post-Initialize Tests &gt; Field: cmi.student_preference.audio &gt; Should successfully write &apos;100&apos; to cmi.student_preference.audio" time="0.000029542">
        </testcase>
        <testcase classname="test/cmi/scorm12_cmi.spec.ts" name="SCORM 1.2 CMI Tests &gt; CMI Spec Tests &gt; Post-Initialize Tests &gt; Field: cmi.student_preference.audio &gt; Should successfully write &apos;-1&apos; to cmi.student_preference.audio" time="0.000028958">
        </testcase>
        <testcase classname="test/cmi/scorm12_cmi.spec.ts" name="SCORM 1.2 CMI Tests &gt; CMI Spec Tests &gt; Post-Initialize Tests &gt; Field: cmi.student_preference.audio &gt; Should fail to write &apos;invalid&apos; to cmi.student_preference.audio" time="0.000032583">
        </testcase>
        <testcase classname="test/cmi/scorm12_cmi.spec.ts" name="SCORM 1.2 CMI Tests &gt; CMI Spec Tests &gt; Post-Initialize Tests &gt; Field: cmi.student_preference.audio &gt; Should fail to write &apos;a100&apos; to cmi.student_preference.audio" time="0.000031958">
        </testcase>
        <testcase classname="test/cmi/scorm12_cmi.spec.ts" name="SCORM 1.2 CMI Tests &gt; CMI Spec Tests &gt; Post-Initialize Tests &gt; Field: cmi.student_preference.audio &gt; Should fail to write &apos;-2&apos; to cmi.student_preference.audio" time="0.000033292">
        </testcase>
        <testcase classname="test/cmi/scorm12_cmi.spec.ts" name="SCORM 1.2 CMI Tests &gt; CMI Spec Tests &gt; Post-Initialize Tests &gt; Field: cmi.student_preference.language &gt; Should be able to read from cmi.student_preference.language" time="0.000021125">
        </testcase>
        <testcase classname="test/cmi/scorm12_cmi.spec.ts" name="SCORM 1.2 CMI Tests &gt; CMI Spec Tests &gt; Post-Initialize Tests &gt; Field: cmi.student_preference.language &gt; Should be able to write upto 255 characters to cmi.student_preference.language" time="0.000034208">
        </testcase>
        <testcase classname="test/cmi/scorm12_cmi.spec.ts" name="SCORM 1.2 CMI Tests &gt; CMI Spec Tests &gt; Post-Initialize Tests &gt; Field: cmi.student_preference.language &gt; Should fail to write more than 255 characters to cmi.student_preference.language" time="0.000064375">
        </testcase>
        <testcase classname="test/cmi/scorm12_cmi.spec.ts" name="SCORM 1.2 CMI Tests &gt; CMI Spec Tests &gt; Post-Initialize Tests &gt; Field: cmi.student_preference.speed &gt; Should successfully write &apos;1&apos; to cmi.student_preference.speed" time="0.000031166">
        </testcase>
        <testcase classname="test/cmi/scorm12_cmi.spec.ts" name="SCORM 1.2 CMI Tests &gt; CMI Spec Tests &gt; Post-Initialize Tests &gt; Field: cmi.student_preference.speed &gt; Should successfully write &apos;50&apos; to cmi.student_preference.speed" time="0.000032167">
        </testcase>
        <testcase classname="test/cmi/scorm12_cmi.spec.ts" name="SCORM 1.2 CMI Tests &gt; CMI Spec Tests &gt; Post-Initialize Tests &gt; Field: cmi.student_preference.speed &gt; Should successfully write &apos;100&apos; to cmi.student_preference.speed" time="0.000032667">
        </testcase>
        <testcase classname="test/cmi/scorm12_cmi.spec.ts" name="SCORM 1.2 CMI Tests &gt; CMI Spec Tests &gt; Post-Initialize Tests &gt; Field: cmi.student_preference.speed &gt; Should successfully write &apos;-1&apos; to cmi.student_preference.speed" time="0.000035417">
        </testcase>
        <testcase classname="test/cmi/scorm12_cmi.spec.ts" name="SCORM 1.2 CMI Tests &gt; CMI Spec Tests &gt; Post-Initialize Tests &gt; Field: cmi.student_preference.speed &gt; Should successfully write &apos;-50&apos; to cmi.student_preference.speed" time="0.000029167">
        </testcase>
        <testcase classname="test/cmi/scorm12_cmi.spec.ts" name="SCORM 1.2 CMI Tests &gt; CMI Spec Tests &gt; Post-Initialize Tests &gt; Field: cmi.student_preference.speed &gt; Should successfully write &apos;-100&apos; to cmi.student_preference.speed" time="0.00002975">
        </testcase>
        <testcase classname="test/cmi/scorm12_cmi.spec.ts" name="SCORM 1.2 CMI Tests &gt; CMI Spec Tests &gt; Post-Initialize Tests &gt; Field: cmi.student_preference.speed &gt; Should fail to write &apos;invalid&apos; to cmi.student_preference.speed" time="0.000031625">
        </testcase>
        <testcase classname="test/cmi/scorm12_cmi.spec.ts" name="SCORM 1.2 CMI Tests &gt; CMI Spec Tests &gt; Post-Initialize Tests &gt; Field: cmi.student_preference.speed &gt; Should fail to write &apos;a100&apos; to cmi.student_preference.speed" time="0.000032459">
        </testcase>
        <testcase classname="test/cmi/scorm12_cmi.spec.ts" name="SCORM 1.2 CMI Tests &gt; CMI Spec Tests &gt; Post-Initialize Tests &gt; Field: cmi.student_preference.speed &gt; Should fail to write &apos;-101&apos; to cmi.student_preference.speed" time="0.000032666">
        </testcase>
        <testcase classname="test/cmi/scorm12_cmi.spec.ts" name="SCORM 1.2 CMI Tests &gt; CMI Spec Tests &gt; Post-Initialize Tests &gt; Field: cmi.student_preference.speed &gt; Should fail to write &apos;101&apos; to cmi.student_preference.speed" time="0.000032292">
        </testcase>
        <testcase classname="test/cmi/scorm12_cmi.spec.ts" name="SCORM 1.2 CMI Tests &gt; CMI Spec Tests &gt; Post-Initialize Tests &gt; Field: cmi.student_preference.speed &gt; Should fail to write &apos;-100000&apos; to cmi.student_preference.speed" time="0.000032333">
        </testcase>
        <testcase classname="test/cmi/scorm12_cmi.spec.ts" name="SCORM 1.2 CMI Tests &gt; CMI Spec Tests &gt; Post-Initialize Tests &gt; Field: cmi.student_preference.speed &gt; Should fail to write &apos;100000&apos; to cmi.student_preference.speed" time="0.000031458">
        </testcase>
        <testcase classname="test/cmi/scorm12_cmi.spec.ts" name="SCORM 1.2 CMI Tests &gt; CMI Spec Tests &gt; Post-Initialize Tests &gt; Field: cmi.student_preference.text &gt; Should successfully write &apos;1&apos; to cmi.student_preference.text" time="0.000029625">
        </testcase>
        <testcase classname="test/cmi/scorm12_cmi.spec.ts" name="SCORM 1.2 CMI Tests &gt; CMI Spec Tests &gt; Post-Initialize Tests &gt; Field: cmi.student_preference.text &gt; Should successfully write &apos;0&apos; to cmi.student_preference.text" time="0.000028209">
        </testcase>
        <testcase classname="test/cmi/scorm12_cmi.spec.ts" name="SCORM 1.2 CMI Tests &gt; CMI Spec Tests &gt; Post-Initialize Tests &gt; Field: cmi.student_preference.text &gt; Should successfully write &apos;-1&apos; to cmi.student_preference.text" time="0.000028125">
        </testcase>
        <testcase classname="test/cmi/scorm12_cmi.spec.ts" name="SCORM 1.2 CMI Tests &gt; CMI Spec Tests &gt; Post-Initialize Tests &gt; Field: cmi.student_preference.text &gt; Should fail to write &apos;-101&apos; to cmi.student_preference.text" time="0.000034208">
        </testcase>
        <testcase classname="test/cmi/scorm12_cmi.spec.ts" name="SCORM 1.2 CMI Tests &gt; CMI Spec Tests &gt; Post-Initialize Tests &gt; Field: cmi.student_preference.text &gt; Should fail to write &apos;-0.5&apos; to cmi.student_preference.text" time="0.000031375">
        </testcase>
        <testcase classname="test/cmi/scorm12_cmi.spec.ts" name="SCORM 1.2 CMI Tests &gt; CMI Spec Tests &gt; Post-Initialize Tests &gt; Field: cmi.student_preference.text &gt; Should fail to write &apos;0.5&apos; to cmi.student_preference.text" time="0.000031458">
        </testcase>
        <testcase classname="test/cmi/scorm12_cmi.spec.ts" name="SCORM 1.2 CMI Tests &gt; CMI Spec Tests &gt; Post-Initialize Tests &gt; Field: cmi.student_preference.text &gt; Should fail to write &apos;25.1&apos; to cmi.student_preference.text" time="0.000031375">
        </testcase>
        <testcase classname="test/cmi/scorm12_cmi.spec.ts" name="SCORM 1.2 CMI Tests &gt; CMI Spec Tests &gt; Post-Initialize Tests &gt; Field: cmi.student_preference.text &gt; Should fail to write &apos;50.5&apos; to cmi.student_preference.text" time="0.000031125">
        </testcase>
        <testcase classname="test/cmi/scorm12_cmi.spec.ts" name="SCORM 1.2 CMI Tests &gt; CMI Spec Tests &gt; Post-Initialize Tests &gt; Field: cmi.student_preference.text &gt; Should fail to write &apos;75&apos; to cmi.student_preference.text" time="0.000033042">
        </testcase>
        <testcase classname="test/cmi/scorm12_cmi.spec.ts" name="SCORM 1.2 CMI Tests &gt; CMI Spec Tests &gt; Post-Initialize Tests &gt; Field: cmi.student_preference.text &gt; Should fail to write &apos;100&apos; to cmi.student_preference.text" time="0.000031208">
        </testcase>
        <testcase classname="test/cmi/scorm12_cmi.spec.ts" name="SCORM 1.2 CMI Tests &gt; CMI Spec Tests &gt; Post-Initialize Tests &gt; Field: cmi.interactions._children &gt; Should be able to read from cmi.interactions._children" time="0.000020708">
        </testcase>
        <testcase classname="test/cmi/scorm12_cmi.spec.ts" name="SCORM 1.2 CMI Tests &gt; CMI Spec Tests &gt; Post-Initialize Tests &gt; Field: cmi.interactions._children &gt; Should fail to write to cmi.interactions._children" time="0.000027291">
        </testcase>
        <testcase classname="test/cmi/scorm12_cmi.spec.ts" name="SCORM 1.2 CMI Tests &gt; CMI Spec Tests &gt; Post-Initialize Tests &gt; Field: cmi.interactions._count &gt; Should be able to read from cmi.interactions._count" time="0.0000195">
        </testcase>
        <testcase classname="test/cmi/scorm12_cmi.spec.ts" name="SCORM 1.2 CMI Tests &gt; CMI Spec Tests &gt; Post-Initialize Tests &gt; Field: cmi.interactions._count &gt; Should fail to write to cmi.interactions._count" time="0.000026709">
        </testcase>
        <testcase classname="test/cmi/scorm12_cmi.spec.ts" name="SCORM 1.2 CMI Tests &gt; CMI Spec Tests &gt; Post-Initialize Tests &gt; should export JSON" time="0.000201208">
        </testcase>
        <testcase classname="test/cmi/scorm12_cmi.spec.ts" name="SCORM 1.2 CMI Tests &gt; CMI Spec Tests &gt; CMIInteractionsObject Tests &gt; Field: cmi.id &gt; Should fail to read from cmi.id" time="0.000030875">
        </testcase>
        <testcase classname="test/cmi/scorm12_cmi.spec.ts" name="SCORM 1.2 CMI Tests &gt; CMI Spec Tests &gt; CMIInteractionsObject Tests &gt; Field: cmi.id &gt; Should successfully write to cmi.id" time="0.000047583">
        </testcase>
        <testcase classname="test/cmi/scorm12_cmi.spec.ts" name="SCORM 1.2 CMI Tests &gt; CMI Spec Tests &gt; CMIInteractionsObject Tests &gt; Field: cmi.id &gt; Should fail to read from cmi.id" time="0.000028167">
        </testcase>
        <testcase classname="test/cmi/scorm12_cmi.spec.ts" name="SCORM 1.2 CMI Tests &gt; CMI Spec Tests &gt; CMIInteractionsObject Tests &gt; Field: cmi.id &gt; Should successfully write to cmi.id" time="0.000029333">
        </testcase>
        <testcase classname="test/cmi/scorm12_cmi.spec.ts" name="SCORM 1.2 CMI Tests &gt; CMI Spec Tests &gt; CMIInteractionsObject Tests &gt; Field: cmi.time &gt; Should fail to read from cmi.time" time="0.000027042">
        </testcase>
        <testcase classname="test/cmi/scorm12_cmi.spec.ts" name="SCORM 1.2 CMI Tests &gt; CMI Spec Tests &gt; CMIInteractionsObject Tests &gt; Field: cmi.time &gt; Should successfully write to cmi.time" time="0.000046083">
        </testcase>
        <testcase classname="test/cmi/scorm12_cmi.spec.ts" name="SCORM 1.2 CMI Tests &gt; CMI Spec Tests &gt; CMIInteractionsObject Tests &gt; Field: cmi.time &gt; Should successfully write &apos;10:06:57&apos; to cmi.time" time="0.000044334">
        </testcase>
        <testcase classname="test/cmi/scorm12_cmi.spec.ts" name="SCORM 1.2 CMI Tests &gt; CMI Spec Tests &gt; CMIInteractionsObject Tests &gt; Field: cmi.time &gt; Should successfully write &apos;23:59:59&apos; to cmi.time" time="0.000029458">
        </testcase>
        <testcase classname="test/cmi/scorm12_cmi.spec.ts" name="SCORM 1.2 CMI Tests &gt; CMI Spec Tests &gt; CMIInteractionsObject Tests &gt; Field: cmi.time &gt; Should successfully write &apos;00:00:00&apos; to cmi.time" time="0.000029">
        </testcase>
        <testcase classname="test/cmi/scorm12_cmi.spec.ts" name="SCORM 1.2 CMI Tests &gt; CMI Spec Tests &gt; CMIInteractionsObject Tests &gt; Field: cmi.time &gt; Should fail to write &apos;47:59:59&apos; to cmi.time" time="0.000034792">
        </testcase>
        <testcase classname="test/cmi/scorm12_cmi.spec.ts" name="SCORM 1.2 CMI Tests &gt; CMI Spec Tests &gt; CMIInteractionsObject Tests &gt; Field: cmi.time &gt; Should fail to write &apos;00:00:01.56&apos; to cmi.time" time="0.000031584">
        </testcase>
        <testcase classname="test/cmi/scorm12_cmi.spec.ts" name="SCORM 1.2 CMI Tests &gt; CMI Spec Tests &gt; CMIInteractionsObject Tests &gt; Field: cmi.time &gt; Should fail to write &apos;06:5:13&apos; to cmi.time" time="0.000031083">
        </testcase>
        <testcase classname="test/cmi/scorm12_cmi.spec.ts" name="SCORM 1.2 CMI Tests &gt; CMI Spec Tests &gt; CMIInteractionsObject Tests &gt; Field: cmi.time &gt; Should fail to write &apos;23:59:59.123&apos; to cmi.time" time="0.000031667">
        </testcase>
        <testcase classname="test/cmi/scorm12_cmi.spec.ts" name="SCORM 1.2 CMI Tests &gt; CMI Spec Tests &gt; CMIInteractionsObject Tests &gt; Field: cmi.time &gt; Should fail to write &apos;P1DT23H59M59S&apos; to cmi.time" time="0.000031416">
        </testcase>
        <testcase classname="test/cmi/scorm12_cmi.spec.ts" name="SCORM 1.2 CMI Tests &gt; CMI Spec Tests &gt; CMIInteractionsObject Tests &gt; Field: cmi.type &gt; Should fail to read from cmi.type" time="0.000028125">
        </testcase>
        <testcase classname="test/cmi/scorm12_cmi.spec.ts" name="SCORM 1.2 CMI Tests &gt; CMI Spec Tests &gt; CMIInteractionsObject Tests &gt; Field: cmi.type &gt; Should successfully write to cmi.type" time="0.000055834">
        </testcase>
        <testcase classname="test/cmi/scorm12_cmi.spec.ts" name="SCORM 1.2 CMI Tests &gt; CMI Spec Tests &gt; CMIInteractionsObject Tests &gt; Field: cmi.type &gt; Should successfully write &apos;true-false&apos; to cmi.type" time="0.00003025">
        </testcase>
        <testcase classname="test/cmi/scorm12_cmi.spec.ts" name="SCORM 1.2 CMI Tests &gt; CMI Spec Tests &gt; CMIInteractionsObject Tests &gt; Field: cmi.type &gt; Should successfully write &apos;choice&apos; to cmi.type" time="0.000060542">
        </testcase>
        <testcase classname="test/cmi/scorm12_cmi.spec.ts" name="SCORM 1.2 CMI Tests &gt; CMI Spec Tests &gt; CMIInteractionsObject Tests &gt; Field: cmi.type &gt; Should successfully write &apos;fill-in&apos; to cmi.type" time="0.000028">
        </testcase>
        <testcase classname="test/cmi/scorm12_cmi.spec.ts" name="SCORM 1.2 CMI Tests &gt; CMI Spec Tests &gt; CMIInteractionsObject Tests &gt; Field: cmi.type &gt; Should successfully write &apos;matching&apos; to cmi.type" time="0.000030208">
        </testcase>
        <testcase classname="test/cmi/scorm12_cmi.spec.ts" name="SCORM 1.2 CMI Tests &gt; CMI Spec Tests &gt; CMIInteractionsObject Tests &gt; Field: cmi.type &gt; Should successfully write &apos;performance&apos; to cmi.type" time="0.000030083">
        </testcase>
        <testcase classname="test/cmi/scorm12_cmi.spec.ts" name="SCORM 1.2 CMI Tests &gt; CMI Spec Tests &gt; CMIInteractionsObject Tests &gt; Field: cmi.type &gt; Should successfully write &apos;sequencing&apos; to cmi.type" time="0.000029958">
        </testcase>
        <testcase classname="test/cmi/scorm12_cmi.spec.ts" name="SCORM 1.2 CMI Tests &gt; CMI Spec Tests &gt; CMIInteractionsObject Tests &gt; Field: cmi.type &gt; Should successfully write &apos;likert&apos; to cmi.type" time="0.000028125">
        </testcase>
        <testcase classname="test/cmi/scorm12_cmi.spec.ts" name="SCORM 1.2 CMI Tests &gt; CMI Spec Tests &gt; CMIInteractionsObject Tests &gt; Field: cmi.type &gt; Should successfully write &apos;numeric&apos; to cmi.type" time="0.000040333">
        </testcase>
        <testcase classname="test/cmi/scorm12_cmi.spec.ts" name="SCORM 1.2 CMI Tests &gt; CMI Spec Tests &gt; CMIInteractionsObject Tests &gt; Field: cmi.type &gt; Should fail to write &apos;correct&apos; to cmi.type" time="0.000033209">
        </testcase>
        <testcase classname="test/cmi/scorm12_cmi.spec.ts" name="SCORM 1.2 CMI Tests &gt; CMI Spec Tests &gt; CMIInteractionsObject Tests &gt; Field: cmi.type &gt; Should fail to write &apos;wrong&apos; to cmi.type" time="0.000031166">
        </testcase>
        <testcase classname="test/cmi/scorm12_cmi.spec.ts" name="SCORM 1.2 CMI Tests &gt; CMI Spec Tests &gt; CMIInteractionsObject Tests &gt; Field: cmi.type &gt; Should fail to write &apos;logout&apos; to cmi.type" time="0.000031875">
        </testcase>
        <testcase classname="test/cmi/scorm12_cmi.spec.ts" name="SCORM 1.2 CMI Tests &gt; CMI Spec Tests &gt; CMIInteractionsObject Tests &gt; Field: cmi.objectives._count &gt; Should be able to read from cmi.objectives._count" time="0.000017792">
        </testcase>
        <testcase classname="test/cmi/scorm12_cmi.spec.ts" name="SCORM 1.2 CMI Tests &gt; CMI Spec Tests &gt; CMIInteractionsObject Tests &gt; Field: cmi.objectives._count &gt; Should fail to write to cmi.objectives._count" time="0.000024083">
        </testcase>
        <testcase classname="test/cmi/scorm12_cmi.spec.ts" name="SCORM 1.2 CMI Tests &gt; CMI Spec Tests &gt; CMIInteractionsObject Tests &gt; Field: cmi.correct_responses._count &gt; Should be able to read from cmi.correct_responses._count" time="0.000020459">
        </testcase>
        <testcase classname="test/cmi/scorm12_cmi.spec.ts" name="SCORM 1.2 CMI Tests &gt; CMI Spec Tests &gt; CMIInteractionsObject Tests &gt; Field: cmi.correct_responses._count &gt; Should fail to write to cmi.correct_responses._count" time="0.000027375">
        </testcase>
        <testcase classname="test/cmi/scorm12_cmi.spec.ts" name="SCORM 1.2 CMI Tests &gt; CMI Spec Tests &gt; CMIInteractionsObject Tests &gt; Field: cmi.weighting &gt; Should fail to read from cmi.weighting" time="0.00002675">
        </testcase>
        <testcase classname="test/cmi/scorm12_cmi.spec.ts" name="SCORM 1.2 CMI Tests &gt; CMI Spec Tests &gt; CMIInteractionsObject Tests &gt; Field: cmi.weighting &gt; Should successfully write to cmi.weighting" time="0.0000545">
        </testcase>
        <testcase classname="test/cmi/scorm12_cmi.spec.ts" name="SCORM 1.2 CMI Tests &gt; CMI Spec Tests &gt; CMIInteractionsObject Tests &gt; Field: cmi.weighting &gt; Should successfully write &apos;1&apos; to cmi.weighting" time="0.0000295">
        </testcase>
        <testcase classname="test/cmi/scorm12_cmi.spec.ts" name="SCORM 1.2 CMI Tests &gt; CMI Spec Tests &gt; CMIInteractionsObject Tests &gt; Field: cmi.weighting &gt; Should successfully write &apos;50&apos; to cmi.weighting" time="0.000033208">
        </testcase>
        <testcase classname="test/cmi/scorm12_cmi.spec.ts" name="SCORM 1.2 CMI Tests &gt; CMI Spec Tests &gt; CMIInteractionsObject Tests &gt; Field: cmi.weighting &gt; Should successfully write &apos;100&apos; to cmi.weighting" time="0.000050042">
        </testcase>
        <testcase classname="test/cmi/scorm12_cmi.spec.ts" name="SCORM 1.2 CMI Tests &gt; CMI Spec Tests &gt; CMIInteractionsObject Tests &gt; Field: cmi.weighting &gt; Should successfully write &apos;-1&apos; to cmi.weighting" time="0.000029709">
        </testcase>
        <testcase classname="test/cmi/scorm12_cmi.spec.ts" name="SCORM 1.2 CMI Tests &gt; CMI Spec Tests &gt; CMIInteractionsObject Tests &gt; Field: cmi.weighting &gt; Should successfully write &apos;-50&apos; to cmi.weighting" time="0.00002925">
        </testcase>
        <testcase classname="test/cmi/scorm12_cmi.spec.ts" name="SCORM 1.2 CMI Tests &gt; CMI Spec Tests &gt; CMIInteractionsObject Tests &gt; Field: cmi.weighting &gt; Should successfully write &apos;-100&apos; to cmi.weighting" time="0.000029459">
        </testcase>
        <testcase classname="test/cmi/scorm12_cmi.spec.ts" name="SCORM 1.2 CMI Tests &gt; CMI Spec Tests &gt; CMIInteractionsObject Tests &gt; Field: cmi.weighting &gt; Should fail to write &apos;invalid&apos; to cmi.weighting" time="0.000034333">
        </testcase>
        <testcase classname="test/cmi/scorm12_cmi.spec.ts" name="SCORM 1.2 CMI Tests &gt; CMI Spec Tests &gt; CMIInteractionsObject Tests &gt; Field: cmi.weighting &gt; Should fail to write &apos;a100&apos; to cmi.weighting" time="0.000035959">
        </testcase>
        <testcase classname="test/cmi/scorm12_cmi.spec.ts" name="SCORM 1.2 CMI Tests &gt; CMI Spec Tests &gt; CMIInteractionsObject Tests &gt; Field: cmi.weighting &gt; Should fail to write &apos;-101&apos; to cmi.weighting" time="0.000034917">
        </testcase>
        <testcase classname="test/cmi/scorm12_cmi.spec.ts" name="SCORM 1.2 CMI Tests &gt; CMI Spec Tests &gt; CMIInteractionsObject Tests &gt; Field: cmi.weighting &gt; Should fail to write &apos;101&apos; to cmi.weighting" time="0.00003525">
        </testcase>
        <testcase classname="test/cmi/scorm12_cmi.spec.ts" name="SCORM 1.2 CMI Tests &gt; CMI Spec Tests &gt; CMIInteractionsObject Tests &gt; Field: cmi.weighting &gt; Should fail to write &apos;-100000&apos; to cmi.weighting" time="0.000033292">
        </testcase>
        <testcase classname="test/cmi/scorm12_cmi.spec.ts" name="SCORM 1.2 CMI Tests &gt; CMI Spec Tests &gt; CMIInteractionsObject Tests &gt; Field: cmi.weighting &gt; Should fail to write &apos;100000&apos; to cmi.weighting" time="0.000032125">
        </testcase>
        <testcase classname="test/cmi/scorm12_cmi.spec.ts" name="SCORM 1.2 CMI Tests &gt; CMI Spec Tests &gt; CMIInteractionsObject Tests &gt; Field: cmi.student_response &gt; Should fail to read from cmi.student_response" time="0.000027625">
        </testcase>
        <testcase classname="test/cmi/scorm12_cmi.spec.ts" name="SCORM 1.2 CMI Tests &gt; CMI Spec Tests &gt; CMIInteractionsObject Tests &gt; Field: cmi.student_response &gt; Should successfully write to cmi.student_response" time="0.000036125">
        </testcase>
        <testcase classname="test/cmi/scorm12_cmi.spec.ts" name="SCORM 1.2 CMI Tests &gt; CMI Spec Tests &gt; CMIInteractionsObject Tests &gt; Field: cmi.result &gt; Should fail to read from cmi.result" time="0.000029125">
        </testcase>
        <testcase classname="test/cmi/scorm12_cmi.spec.ts" name="SCORM 1.2 CMI Tests &gt; CMI Spec Tests &gt; CMIInteractionsObject Tests &gt; Field: cmi.result &gt; Should successfully write to cmi.result" time="0.000058666">
        </testcase>
        <testcase classname="test/cmi/scorm12_cmi.spec.ts" name="SCORM 1.2 CMI Tests &gt; CMI Spec Tests &gt; CMIInteractionsObject Tests &gt; Field: cmi.result &gt; Should successfully write &apos;correct&apos; to cmi.result" time="0.000029875">
        </testcase>
        <testcase classname="test/cmi/scorm12_cmi.spec.ts" name="SCORM 1.2 CMI Tests &gt; CMI Spec Tests &gt; CMIInteractionsObject Tests &gt; Field: cmi.result &gt; Should successfully write &apos;wrong&apos; to cmi.result" time="0.00004775">
        </testcase>
        <testcase classname="test/cmi/scorm12_cmi.spec.ts" name="SCORM 1.2 CMI Tests &gt; CMI Spec Tests &gt; CMIInteractionsObject Tests &gt; Field: cmi.result &gt; Should successfully write &apos;unanticipated&apos; to cmi.result" time="0.000028459">
        </testcase>
        <testcase classname="test/cmi/scorm12_cmi.spec.ts" name="SCORM 1.2 CMI Tests &gt; CMI Spec Tests &gt; CMIInteractionsObject Tests &gt; Field: cmi.result &gt; Should successfully write &apos;neutral&apos; to cmi.result" time="0.000027541">
        </testcase>
        <testcase classname="test/cmi/scorm12_cmi.spec.ts" name="SCORM 1.2 CMI Tests &gt; CMI Spec Tests &gt; CMIInteractionsObject Tests &gt; Field: cmi.result &gt; Should successfully write &apos;1&apos; to cmi.result" time="0.000027625">
        </testcase>
        <testcase classname="test/cmi/scorm12_cmi.spec.ts" name="SCORM 1.2 CMI Tests &gt; CMI Spec Tests &gt; CMIInteractionsObject Tests &gt; Field: cmi.result &gt; Should successfully write &apos;999&apos; to cmi.result" time="0.000027334">
        </testcase>
        <testcase classname="test/cmi/scorm12_cmi.spec.ts" name="SCORM 1.2 CMI Tests &gt; CMI Spec Tests &gt; CMIInteractionsObject Tests &gt; Field: cmi.result &gt; Should successfully write &apos;999.99999&apos; to cmi.result" time="0.000027959">
        </testcase>
        <testcase classname="test/cmi/scorm12_cmi.spec.ts" name="SCORM 1.2 CMI Tests &gt; CMI Spec Tests &gt; CMIInteractionsObject Tests &gt; Field: cmi.result &gt; Should fail to write &apos;-10000&apos; to cmi.result" time="0.000032083">
        </testcase>
        <testcase classname="test/cmi/scorm12_cmi.spec.ts" name="SCORM 1.2 CMI Tests &gt; CMI Spec Tests &gt; CMIInteractionsObject Tests &gt; Field: cmi.result &gt; Should fail to write &apos;10000&apos; to cmi.result" time="0.000033875">
        </testcase>
        <testcase classname="test/cmi/scorm12_cmi.spec.ts" name="SCORM 1.2 CMI Tests &gt; CMI Spec Tests &gt; CMIInteractionsObject Tests &gt; Field: cmi.result &gt; Should fail to write &apos;invalid&apos; to cmi.result" time="0.000031">
        </testcase>
        <testcase classname="test/cmi/scorm12_cmi.spec.ts" name="SCORM 1.2 CMI Tests &gt; CMI Spec Tests &gt; CMIInteractionsObject Tests &gt; Field: cmi.result &gt; Should fail to write &apos;incorrect&apos; to cmi.result" time="0.00003125">
        </testcase>
        <testcase classname="test/cmi/scorm12_cmi.spec.ts" name="SCORM 1.2 CMI Tests &gt; CMI Spec Tests &gt; CMIInteractionsObject Tests &gt; Field: cmi.latency &gt; Should fail to read from cmi.latency" time="0.000064625">
        </testcase>
        <testcase classname="test/cmi/scorm12_cmi.spec.ts" name="SCORM 1.2 CMI Tests &gt; CMI Spec Tests &gt; CMIInteractionsObject Tests &gt; Field: cmi.latency &gt; Should successfully write to cmi.latency" time="0.00003725">
        </testcase>
        <testcase classname="test/cmi/scorm12_cmi.spec.ts" name="SCORM 1.2 CMI Tests &gt; CMI Spec Tests &gt; CMIInteractionsObject Tests &gt; Field: cmi.latency &gt; Should successfully write &apos;10:06:57&apos; to cmi.latency" time="0.000028917">
        </testcase>
        <testcase classname="test/cmi/scorm12_cmi.spec.ts" name="SCORM 1.2 CMI Tests &gt; CMI Spec Tests &gt; CMIInteractionsObject Tests &gt; Field: cmi.latency &gt; Should successfully write &apos;00:00:01.56&apos; to cmi.latency" time="0.00002825">
        </testcase>
        <testcase classname="test/cmi/scorm12_cmi.spec.ts" name="SCORM 1.2 CMI Tests &gt; CMI Spec Tests &gt; CMIInteractionsObject Tests &gt; Field: cmi.latency &gt; Should successfully write &apos;23:59:59&apos; to cmi.latency" time="0.000045541">
        </testcase>
        <testcase classname="test/cmi/scorm12_cmi.spec.ts" name="SCORM 1.2 CMI Tests &gt; CMI Spec Tests &gt; CMIInteractionsObject Tests &gt; Field: cmi.latency &gt; Should successfully write &apos;47:59:59&apos; to cmi.latency" time="0.000027375">
        </testcase>
        <testcase classname="test/cmi/scorm12_cmi.spec.ts" name="SCORM 1.2 CMI Tests &gt; CMI Spec Tests &gt; CMIInteractionsObject Tests &gt; Field: cmi.latency &gt; Should fail to write &apos;06:5:13&apos; to cmi.latency" time="0.00003125">
        </testcase>
        <testcase classname="test/cmi/scorm12_cmi.spec.ts" name="SCORM 1.2 CMI Tests &gt; CMI Spec Tests &gt; CMIInteractionsObject Tests &gt; Field: cmi.latency &gt; Should fail to write &apos;23:59:59.123&apos; to cmi.latency" time="0.000031166">
        </testcase>
        <testcase classname="test/cmi/scorm12_cmi.spec.ts" name="SCORM 1.2 CMI Tests &gt; CMI Spec Tests &gt; CMIInteractionsObject Tests &gt; Field: cmi.latency &gt; Should fail to write &apos;P1DT23H59M59S&apos; to cmi.latency" time="0.000030792">
        </testcase>
        <testcase classname="test/cmi/scorm12_cmi.spec.ts" name="SCORM 1.2 CMI Tests &gt; CMI Spec Tests &gt; CMIInteractionsObject Tests &gt; should export JSON" time="0.000059167">
        </testcase>
        <testcase classname="test/cmi/scorm12_cmi.spec.ts" name="SCORM 1.2 CMI Tests &gt; CMI Spec Tests &gt; CMIInteractionsObjectivesObject Tests &gt; Field: cmi.id &gt; Should be able to read from cmi.id" time="0.000019917">
        </testcase>
        <testcase classname="test/cmi/scorm12_cmi.spec.ts" name="SCORM 1.2 CMI Tests &gt; CMI Spec Tests &gt; CMIInteractionsObjectivesObject Tests &gt; Field: cmi.id &gt; Should successfully write to cmi.id" time="0.000044292">
        </testcase>
        <testcase classname="test/cmi/scorm12_cmi.spec.ts" name="SCORM 1.2 CMI Tests &gt; CMI Spec Tests &gt; CMIInteractionsObjectivesObject Tests &gt; should export JSON" time="0.000024125">
        </testcase>
        <testcase classname="test/cmi/scorm12_cmi.spec.ts" name="SCORM 1.2 CMI Tests &gt; CMI Spec Tests &gt; CMIInteractionsCorrectResponsesObject Tests &gt; Field: cmi.pattern &gt; Should fail to read from cmi.pattern" time="0.0000365">
        </testcase>
        <testcase classname="test/cmi/scorm12_cmi.spec.ts" name="SCORM 1.2 CMI Tests &gt; CMI Spec Tests &gt; CMIInteractionsCorrectResponsesObject Tests &gt; Field: cmi.pattern &gt; Should successfully write to cmi.pattern" time="0.000034333">
        </testcase>
        <testcase classname="test/cmi/scorm12_cmi.spec.ts" name="SCORM 1.2 CMI Tests &gt; CMI Spec Tests &gt; CMIInteractionsCorrectResponsesObject Tests &gt; should export JSON" time="0.000023333">
        </testcase>
        <testcase classname="test/cmi/scorm12_cmi.spec.ts" name="SCORM 1.2 CMI Tests &gt; CMI Spec Tests &gt; CMIObjectivesObject Tests &gt; Field: cmi.id &gt; Should be able to read from cmi.id" time="0.00001975">
        </testcase>
        <testcase classname="test/cmi/scorm12_cmi.spec.ts" name="SCORM 1.2 CMI Tests &gt; CMI Spec Tests &gt; CMIObjectivesObject Tests &gt; Field: cmi.id &gt; Should successfully write to cmi.id" time="0.000033708">
        </testcase>
        <testcase classname="test/cmi/scorm12_cmi.spec.ts" name="SCORM 1.2 CMI Tests &gt; CMI Spec Tests &gt; CMIObjectivesObject Tests &gt; Field: cmi.status &gt; Should be able to read from cmi.status" time="0.000020291">
        </testcase>
        <testcase classname="test/cmi/scorm12_cmi.spec.ts" name="SCORM 1.2 CMI Tests &gt; CMI Spec Tests &gt; CMIObjectivesObject Tests &gt; Field: cmi.status &gt; Should successfully write &apos;passed&apos; to cmi.status" time="0.000034666">
        </testcase>
        <testcase classname="test/cmi/scorm12_cmi.spec.ts" name="SCORM 1.2 CMI Tests &gt; CMI Spec Tests &gt; CMIObjectivesObject Tests &gt; Field: cmi.status &gt; Should successfully write &apos;completed&apos; to cmi.status" time="0.000028125">
        </testcase>
        <testcase classname="test/cmi/scorm12_cmi.spec.ts" name="SCORM 1.2 CMI Tests &gt; CMI Spec Tests &gt; CMIObjectivesObject Tests &gt; Field: cmi.status &gt; Should successfully write &apos;failed&apos; to cmi.status" time="0.00002725">
        </testcase>
        <testcase classname="test/cmi/scorm12_cmi.spec.ts" name="SCORM 1.2 CMI Tests &gt; CMI Spec Tests &gt; CMIObjectivesObject Tests &gt; Field: cmi.status &gt; Should successfully write &apos;incomplete&apos; to cmi.status" time="0.000027083">
        </testcase>
        <testcase classname="test/cmi/scorm12_cmi.spec.ts" name="SCORM 1.2 CMI Tests &gt; CMI Spec Tests &gt; CMIObjectivesObject Tests &gt; Field: cmi.status &gt; Should successfully write &apos;browsed&apos; to cmi.status" time="0.000043459">
        </testcase>
        <testcase classname="test/cmi/scorm12_cmi.spec.ts" name="SCORM 1.2 CMI Tests &gt; CMI Spec Tests &gt; CMIObjectivesObject Tests &gt; Field: cmi.status &gt; Should successfully write &apos;not attempted&apos; to cmi.status" time="0.000032458">
        </testcase>
        <testcase classname="test/cmi/scorm12_cmi.spec.ts" name="SCORM 1.2 CMI Tests &gt; CMI Spec Tests &gt; CMIObjectivesObject Tests &gt; Field: cmi.status &gt; Should fail to write &apos;Passed&apos; to cmi.status" time="0.000035">
        </testcase>
        <testcase classname="test/cmi/scorm12_cmi.spec.ts" name="SCORM 1.2 CMI Tests &gt; CMI Spec Tests &gt; CMIObjectivesObject Tests &gt; Field: cmi.status &gt; Should fail to write &apos;P&apos; to cmi.status" time="0.000032084">
        </testcase>
        <testcase classname="test/cmi/scorm12_cmi.spec.ts" name="SCORM 1.2 CMI Tests &gt; CMI Spec Tests &gt; CMIObjectivesObject Tests &gt; Field: cmi.status &gt; Should fail to write &apos;F&apos; to cmi.status" time="0.000030959">
        </testcase>
        <testcase classname="test/cmi/scorm12_cmi.spec.ts" name="SCORM 1.2 CMI Tests &gt; CMI Spec Tests &gt; CMIObjectivesObject Tests &gt; Field: cmi.status &gt; Should fail to write &apos;p&apos; to cmi.status" time="0.000034375">
        </testcase>
        <testcase classname="test/cmi/scorm12_cmi.spec.ts" name="SCORM 1.2 CMI Tests &gt; CMI Spec Tests &gt; CMIObjectivesObject Tests &gt; Field: cmi.status &gt; Should fail to write &apos;true&apos; to cmi.status" time="0.000038875">
        </testcase>
        <testcase classname="test/cmi/scorm12_cmi.spec.ts" name="SCORM 1.2 CMI Tests &gt; CMI Spec Tests &gt; CMIObjectivesObject Tests &gt; Field: cmi.status &gt; Should fail to write &apos;false&apos; to cmi.status" time="0.000031834">
        </testcase>
        <testcase classname="test/cmi/scorm12_cmi.spec.ts" name="SCORM 1.2 CMI Tests &gt; CMI Spec Tests &gt; CMIObjectivesObject Tests &gt; Field: cmi.status &gt; Should fail to write &apos;complete&apos; to cmi.status" time="0.000032917">
        </testcase>
        <testcase classname="test/cmi/scorm12_cmi.spec.ts" name="SCORM 1.2 CMI Tests &gt; CMI Spec Tests &gt; CMIObjectivesObject Tests &gt; Field: cmi.score._children &gt; Should be able to read from cmi.score._children" time="0.000021792">
        </testcase>
        <testcase classname="test/cmi/scorm12_cmi.spec.ts" name="SCORM 1.2 CMI Tests &gt; CMI Spec Tests &gt; CMIObjectivesObject Tests &gt; Field: cmi.score._children &gt; Should fail to write to cmi.score._children" time="0.000029542">
        </testcase>
        <testcase classname="test/cmi/scorm12_cmi.spec.ts" name="SCORM 1.2 CMI Tests &gt; CMI Spec Tests &gt; CMIObjectivesObject Tests &gt; Field: cmi.score.raw &gt; Should be able to read from cmi.score.raw" time="0.000021833">
        </testcase>
        <testcase classname="test/cmi/scorm12_cmi.spec.ts" name="SCORM 1.2 CMI Tests &gt; CMI Spec Tests &gt; CMIObjectivesObject Tests &gt; Field: cmi.score.raw &gt; Should successfully write &apos;1&apos; to cmi.score.raw" time="0.00003225">
        </testcase>
        <testcase classname="test/cmi/scorm12_cmi.spec.ts" name="SCORM 1.2 CMI Tests &gt; CMI Spec Tests &gt; CMIObjectivesObject Tests &gt; Field: cmi.score.raw &gt; Should successfully write &apos;50.25&apos; to cmi.score.raw" time="0.000029667">
        </testcase>
        <testcase classname="test/cmi/scorm12_cmi.spec.ts" name="SCORM 1.2 CMI Tests &gt; CMI Spec Tests &gt; CMIObjectivesObject Tests &gt; Field: cmi.score.raw &gt; Should successfully write &apos;70&apos; to cmi.score.raw" time="0.000029292">
        </testcase>
        <testcase classname="test/cmi/scorm12_cmi.spec.ts" name="SCORM 1.2 CMI Tests &gt; CMI Spec Tests &gt; CMIObjectivesObject Tests &gt; Field: cmi.score.raw &gt; Should successfully write &apos;100&apos; to cmi.score.raw" time="0.000028792">
        </testcase>
        <testcase classname="test/cmi/scorm12_cmi.spec.ts" name="SCORM 1.2 CMI Tests &gt; CMI Spec Tests &gt; CMIObjectivesObject Tests &gt; Field: cmi.score.raw &gt; Should successfully write &apos;1&apos; to cmi.score.raw" time="0.000028541">
        </testcase>
        <testcase classname="test/cmi/scorm12_cmi.spec.ts" name="SCORM 1.2 CMI Tests &gt; CMI Spec Tests &gt; CMIObjectivesObject Tests &gt; Field: cmi.score.raw &gt; Should successfully write &apos;50.25&apos; to cmi.score.raw" time="0.00003125">
        </testcase>
        <testcase classname="test/cmi/scorm12_cmi.spec.ts" name="SCORM 1.2 CMI Tests &gt; CMI Spec Tests &gt; CMIObjectivesObject Tests &gt; Field: cmi.score.raw &gt; Should successfully write &apos;70&apos; to cmi.score.raw" time="0.000028666">
        </testcase>
        <testcase classname="test/cmi/scorm12_cmi.spec.ts" name="SCORM 1.2 CMI Tests &gt; CMI Spec Tests &gt; CMIObjectivesObject Tests &gt; Field: cmi.score.raw &gt; Should successfully write &apos;100&apos; to cmi.score.raw" time="0.0000285">
        </testcase>
        <testcase classname="test/cmi/scorm12_cmi.spec.ts" name="SCORM 1.2 CMI Tests &gt; CMI Spec Tests &gt; CMIObjectivesObject Tests &gt; Field: cmi.score.raw &gt; Should fail to write &apos;invalid&apos; to cmi.score.raw" time="0.00003425">
        </testcase>
        <testcase classname="test/cmi/scorm12_cmi.spec.ts" name="SCORM 1.2 CMI Tests &gt; CMI Spec Tests &gt; CMIObjectivesObject Tests &gt; Field: cmi.score.raw &gt; Should fail to write &apos;a100&apos; to cmi.score.raw" time="0.000035125">
        </testcase>
        <testcase classname="test/cmi/scorm12_cmi.spec.ts" name="SCORM 1.2 CMI Tests &gt; CMI Spec Tests &gt; CMIObjectivesObject Tests &gt; Field: cmi.score.raw &gt; Should fail to write &apos;-1&apos; to cmi.score.raw" time="0.000033333">
        </testcase>
        <testcase classname="test/cmi/scorm12_cmi.spec.ts" name="SCORM 1.2 CMI Tests &gt; CMI Spec Tests &gt; CMIObjectivesObject Tests &gt; Field: cmi.score.raw &gt; Should fail to write &apos;101&apos; to cmi.score.raw" time="0.000049959">
        </testcase>
        <testcase classname="test/cmi/scorm12_cmi.spec.ts" name="SCORM 1.2 CMI Tests &gt; CMI Spec Tests &gt; CMIObjectivesObject Tests &gt; Field: cmi.score.raw &gt; Should fail to write &apos;-100000&apos; to cmi.score.raw" time="0.000032667">
        </testcase>
        <testcase classname="test/cmi/scorm12_cmi.spec.ts" name="SCORM 1.2 CMI Tests &gt; CMI Spec Tests &gt; CMIObjectivesObject Tests &gt; Field: cmi.score.raw &gt; Should fail to write &apos;100000&apos; to cmi.score.raw" time="0.000033916">
        </testcase>
        <testcase classname="test/cmi/scorm12_cmi.spec.ts" name="SCORM 1.2 CMI Tests &gt; CMI Spec Tests &gt; CMIObjectivesObject Tests &gt; Field: cmi.score.min &gt; Should be able to read from cmi.score.min" time="0.000020875">
        </testcase>
        <testcase classname="test/cmi/scorm12_cmi.spec.ts" name="SCORM 1.2 CMI Tests &gt; CMI Spec Tests &gt; CMIObjectivesObject Tests &gt; Field: cmi.score.min &gt; Should successfully write &apos;1&apos; to cmi.score.min" time="0.000029459">
        </testcase>
        <testcase classname="test/cmi/scorm12_cmi.spec.ts" name="SCORM 1.2 CMI Tests &gt; CMI Spec Tests &gt; CMIObjectivesObject Tests &gt; Field: cmi.score.min &gt; Should successfully write &apos;50.25&apos; to cmi.score.min" time="0.000029083">
        </testcase>
        <testcase classname="test/cmi/scorm12_cmi.spec.ts" name="SCORM 1.2 CMI Tests &gt; CMI Spec Tests &gt; CMIObjectivesObject Tests &gt; Field: cmi.score.min &gt; Should successfully write &apos;70&apos; to cmi.score.min" time="0.000029">
        </testcase>
        <testcase classname="test/cmi/scorm12_cmi.spec.ts" name="SCORM 1.2 CMI Tests &gt; CMI Spec Tests &gt; CMIObjectivesObject Tests &gt; Field: cmi.score.min &gt; Should successfully write &apos;100&apos; to cmi.score.min" time="0.00002825">
        </testcase>
        <testcase classname="test/cmi/scorm12_cmi.spec.ts" name="SCORM 1.2 CMI Tests &gt; CMI Spec Tests &gt; CMIObjectivesObject Tests &gt; Field: cmi.score.min &gt; Should successfully write &apos;1&apos; to cmi.score.min" time="0.000027541">
        </testcase>
        <testcase classname="test/cmi/scorm12_cmi.spec.ts" name="SCORM 1.2 CMI Tests &gt; CMI Spec Tests &gt; CMIObjectivesObject Tests &gt; Field: cmi.score.min &gt; Should successfully write &apos;50.25&apos; to cmi.score.min" time="0.000028042">
        </testcase>
        <testcase classname="test/cmi/scorm12_cmi.spec.ts" name="SCORM 1.2 CMI Tests &gt; CMI Spec Tests &gt; CMIObjectivesObject Tests &gt; Field: cmi.score.min &gt; Should successfully write &apos;70&apos; to cmi.score.min" time="0.000030125">
        </testcase>
        <testcase classname="test/cmi/scorm12_cmi.spec.ts" name="SCORM 1.2 CMI Tests &gt; CMI Spec Tests &gt; CMIObjectivesObject Tests &gt; Field: cmi.score.min &gt; Should successfully write &apos;100&apos; to cmi.score.min" time="0.00002775">
        </testcase>
        <testcase classname="test/cmi/scorm12_cmi.spec.ts" name="SCORM 1.2 CMI Tests &gt; CMI Spec Tests &gt; CMIObjectivesObject Tests &gt; Field: cmi.score.min &gt; Should fail to write &apos;invalid&apos; to cmi.score.min" time="0.000032583">
        </testcase>
        <testcase classname="test/cmi/scorm12_cmi.spec.ts" name="SCORM 1.2 CMI Tests &gt; CMI Spec Tests &gt; CMIObjectivesObject Tests &gt; Field: cmi.score.min &gt; Should fail to write &apos;a100&apos; to cmi.score.min" time="0.000032041">
        </testcase>
        <testcase classname="test/cmi/scorm12_cmi.spec.ts" name="SCORM 1.2 CMI Tests &gt; CMI Spec Tests &gt; CMIObjectivesObject Tests &gt; Field: cmi.score.min &gt; Should fail to write &apos;-1&apos; to cmi.score.min" time="0.000031708">
        </testcase>
        <testcase classname="test/cmi/scorm12_cmi.spec.ts" name="SCORM 1.2 CMI Tests &gt; CMI Spec Tests &gt; CMIObjectivesObject Tests &gt; Field: cmi.score.min &gt; Should fail to write &apos;101&apos; to cmi.score.min" time="0.000033958">
        </testcase>
        <testcase classname="test/cmi/scorm12_cmi.spec.ts" name="SCORM 1.2 CMI Tests &gt; CMI Spec Tests &gt; CMIObjectivesObject Tests &gt; Field: cmi.score.min &gt; Should fail to write &apos;-100000&apos; to cmi.score.min" time="0.000033083">
        </testcase>
        <testcase classname="test/cmi/scorm12_cmi.spec.ts" name="SCORM 1.2 CMI Tests &gt; CMI Spec Tests &gt; CMIObjectivesObject Tests &gt; Field: cmi.score.min &gt; Should fail to write &apos;100000&apos; to cmi.score.min" time="0.000032">
        </testcase>
        <testcase classname="test/cmi/scorm12_cmi.spec.ts" name="SCORM 1.2 CMI Tests &gt; CMI Spec Tests &gt; CMIObjectivesObject Tests &gt; Field: cmi.score.max &gt; Should be able to read from cmi.score.max" time="0.000019917">
        </testcase>
        <testcase classname="test/cmi/scorm12_cmi.spec.ts" name="SCORM 1.2 CMI Tests &gt; CMI Spec Tests &gt; CMIObjectivesObject Tests &gt; Field: cmi.score.max &gt; Should successfully write &apos;1&apos; to cmi.score.max" time="0.00003275">
        </testcase>
        <testcase classname="test/cmi/scorm12_cmi.spec.ts" name="SCORM 1.2 CMI Tests &gt; CMI Spec Tests &gt; CMIObjectivesObject Tests &gt; Field: cmi.score.max &gt; Should successfully write &apos;50.25&apos; to cmi.score.max" time="0.000033167">
        </testcase>
        <testcase classname="test/cmi/scorm12_cmi.spec.ts" name="SCORM 1.2 CMI Tests &gt; CMI Spec Tests &gt; CMIObjectivesObject Tests &gt; Field: cmi.score.max &gt; Should successfully write &apos;70&apos; to cmi.score.max" time="0.000032958">
        </testcase>
        <testcase classname="test/cmi/scorm12_cmi.spec.ts" name="SCORM 1.2 CMI Tests &gt; CMI Spec Tests &gt; CMIObjectivesObject Tests &gt; Field: cmi.score.max &gt; Should successfully write &apos;100&apos; to cmi.score.max" time="0.000027584">
        </testcase>
        <testcase classname="test/cmi/scorm12_cmi.spec.ts" name="SCORM 1.2 CMI Tests &gt; CMI Spec Tests &gt; CMIObjectivesObject Tests &gt; Field: cmi.score.max &gt; Should successfully write &apos;1&apos; to cmi.score.max" time="0.000028167">
        </testcase>
        <testcase classname="test/cmi/scorm12_cmi.spec.ts" name="SCORM 1.2 CMI Tests &gt; CMI Spec Tests &gt; CMIObjectivesObject Tests &gt; Field: cmi.score.max &gt; Should successfully write &apos;50.25&apos; to cmi.score.max" time="0.000029375">
        </testcase>
        <testcase classname="test/cmi/scorm12_cmi.spec.ts" name="SCORM 1.2 CMI Tests &gt; CMI Spec Tests &gt; CMIObjectivesObject Tests &gt; Field: cmi.score.max &gt; Should successfully write &apos;70&apos; to cmi.score.max" time="0.00002775">
        </testcase>
        <testcase classname="test/cmi/scorm12_cmi.spec.ts" name="SCORM 1.2 CMI Tests &gt; CMI Spec Tests &gt; CMIObjectivesObject Tests &gt; Field: cmi.score.max &gt; Should successfully write &apos;100&apos; to cmi.score.max" time="0.000028875">
        </testcase>
        <testcase classname="test/cmi/scorm12_cmi.spec.ts" name="SCORM 1.2 CMI Tests &gt; CMI Spec Tests &gt; CMIObjectivesObject Tests &gt; Field: cmi.score.max &gt; Should fail to write &apos;invalid&apos; to cmi.score.max" time="0.000032084">
        </testcase>
        <testcase classname="test/cmi/scorm12_cmi.spec.ts" name="SCORM 1.2 CMI Tests &gt; CMI Spec Tests &gt; CMIObjectivesObject Tests &gt; Field: cmi.score.max &gt; Should fail to write &apos;a100&apos; to cmi.score.max" time="0.000033667">
        </testcase>
        <testcase classname="test/cmi/scorm12_cmi.spec.ts" name="SCORM 1.2 CMI Tests &gt; CMI Spec Tests &gt; CMIObjectivesObject Tests &gt; Field: cmi.score.max &gt; Should fail to write &apos;-1&apos; to cmi.score.max" time="0.00003675">
        </testcase>
        <testcase classname="test/cmi/scorm12_cmi.spec.ts" name="SCORM 1.2 CMI Tests &gt; CMI Spec Tests &gt; CMIObjectivesObject Tests &gt; Field: cmi.score.max &gt; Should fail to write &apos;101&apos; to cmi.score.max" time="0.000037667">
        </testcase>
        <testcase classname="test/cmi/scorm12_cmi.spec.ts" name="SCORM 1.2 CMI Tests &gt; CMI Spec Tests &gt; CMIObjectivesObject Tests &gt; Field: cmi.score.max &gt; Should fail to write &apos;-100000&apos; to cmi.score.max" time="0.00003325">
        </testcase>
        <testcase classname="test/cmi/scorm12_cmi.spec.ts" name="SCORM 1.2 CMI Tests &gt; CMI Spec Tests &gt; CMIObjectivesObject Tests &gt; Field: cmi.score.max &gt; Should fail to write &apos;100000&apos; to cmi.score.max" time="0.000033916">
        </testcase>
        <testcase classname="test/cmi/scorm12_cmi.spec.ts" name="SCORM 1.2 CMI Tests &gt; CMI Spec Tests &gt; CMIObjectivesObject Tests &gt; should export JSON" time="0.000039792">
        </testcase>
    </testsuite>
    <testsuite name="test/cmi/scorm12_cmi_reset.spec.ts" timestamp="2025-05-05T03:31:08.037Z" hostname="jonathans-macbook-pro-2.mara-rohu.ts.net" tests="6" failures="0" errors="0" skipped="0" time="0.002202875">
        <testcase classname="test/cmi/scorm12_cmi_reset.spec.ts" name="SCORM 1.2 CMI Reset Tests &gt; reset() &gt; should reset the initialized flag to false" time="0.000725917">
        </testcase>
        <testcase classname="test/cmi/scorm12_cmi_reset.spec.ts" name="SCORM 1.2 CMI Reset Tests &gt; reset() &gt; should clear launch_data and comments on reset" time="0.000179042">
        </testcase>
        <testcase classname="test/cmi/scorm12_cmi_reset.spec.ts" name="SCORM 1.2 CMI Reset Tests &gt; reset() &gt; should keep some core properties and reset others after reset" time="0.000292708">
        </testcase>
        <testcase classname="test/cmi/scorm12_cmi_reset.spec.ts" name="SCORM 1.2 CMI Reset Tests &gt; reset() &gt; should keep student data and preferences after reset" time="0.000131917">
        </testcase>
        <testcase classname="test/cmi/scorm12_cmi_reset.spec.ts" name="SCORM 1.2 CMI Reset Tests &gt; reset() &gt; should not affect comments_from_lms" time="0.000057458">
        </testcase>
        <testcase classname="test/cmi/scorm12_cmi_reset.spec.ts" name="SCORM 1.2 CMI Reset Tests &gt; reset() &gt; should reset arrays to empty arrays but not null" time="0.000126667">
        </testcase>
    </testsuite>
    <testsuite name="test/cmi/scorm12_interactions_reset.spec.ts" timestamp="2025-05-05T03:31:08.037Z" hostname="jonathans-macbook-pro-2.mara-rohu.ts.net" tests="3" failures="0" errors="0" skipped="0" time="0.003009208">
        <testcase classname="test/cmi/scorm12_interactions_reset.spec.ts" name="SCORM 1.2 Interactions Reset Tests &gt; CMIInteractionsObject reset method &gt; should reset all properties to their default values" time="0.002165334">
        </testcase>
        <testcase classname="test/cmi/scorm12_interactions_reset.spec.ts" name="SCORM 1.2 Interactions Reset Tests &gt; CMIInteractionsObjectivesObject reset method &gt; should reset the id to an empty string" time="0.000085083">
        </testcase>
        <testcase classname="test/cmi/scorm12_interactions_reset.spec.ts" name="SCORM 1.2 Interactions Reset Tests &gt; CMIInteractionsCorrectResponsesObject reset method &gt; should reset the pattern to an empty string" time="0.000137667">
        </testcase>
    </testsuite>
    <testsuite name="test/cmi/scorm12_objectives_reset.spec.ts" timestamp="2025-05-05T03:31:08.037Z" hostname="jonathans-macbook-pro-2.mara-rohu.ts.net" tests="1" failures="0" errors="0" skipped="0" time="0.001327792">
        <testcase classname="test/cmi/scorm12_objectives_reset.spec.ts" name="SCORM 1.2 Objectives Reset Tests &gt; CMIObjectivesObject reset method &gt; should reset all properties to their default values" time="0.000958042">
        </testcase>
    </testsuite>
    <testsuite name="test/cmi/scorm2004_adl.spec.ts" timestamp="2025-05-05T03:31:08.038Z" hostname="jonathans-macbook-pro-2.mara-rohu.ts.net" tests="29" failures="0" errors="0" skipped="0" time="0.005994917">
        <testcase classname="test/cmi/scorm2004_adl.spec.ts" name="SCORM 2004 ADL Tests &gt; ADL Class Tests &gt; should initialize with default values" time="0.000641625">
        </testcase>
        <testcase classname="test/cmi/scorm2004_adl.spec.ts" name="SCORM 2004 ADL Tests &gt; ADL Class Tests &gt; should reset to default values" time="0.00025525">
        </testcase>
        <testcase classname="test/cmi/scorm2004_adl.spec.ts" name="SCORM 2004 ADL Tests &gt; ADL Class Tests &gt; should export to JSON correctly" time="0.00015975">
        </testcase>
        <testcase classname="test/cmi/scorm2004_adl.spec.ts" name="SCORM 2004 ADL Tests &gt; ADLNav Class Tests &gt; should initialize with default values" time="0.000064875">
        </testcase>
        <testcase classname="test/cmi/scorm2004_adl.spec.ts" name="SCORM 2004 ADL Tests &gt; ADLNav Class Tests &gt; should reset to default values" time="0.000040958">
        </testcase>
        <testcase classname="test/cmi/scorm2004_adl.spec.ts" name="SCORM 2004 ADL Tests &gt; ADLNav Class Tests &gt; should accept valid request values" time="0.000786875">
        </testcase>
        <testcase classname="test/cmi/scorm2004_adl.spec.ts" name="SCORM 2004 ADL Tests &gt; ADLNav Class Tests &gt; should reject invalid request values" time="0.000226708">
        </testcase>
        <testcase classname="test/cmi/scorm2004_adl.spec.ts" name="SCORM 2004 ADL Tests &gt; ADLNav Class Tests &gt; should export to JSON correctly" time="0.000044708">
        </testcase>
        <testcase classname="test/cmi/scorm2004_adl.spec.ts" name="SCORM 2004 ADL Tests &gt; ADLNavRequestValid Class Tests &gt; should initialize with default values" time="0.000320917">
        </testcase>
        <testcase classname="test/cmi/scorm2004_adl.spec.ts" name="SCORM 2004 ADL Tests &gt; ADLNavRequestValid Class Tests &gt; should reset to default values" time="0.000109958">
        </testcase>
        <testcase classname="test/cmi/scorm2004_adl.spec.ts" name="SCORM 2004 ADL Tests &gt; ADLNavRequestValid Class Tests &gt; should accept valid continue values" time="0.000154667">
        </testcase>
        <testcase classname="test/cmi/scorm2004_adl.spec.ts" name="SCORM 2004 ADL Tests &gt; ADLNavRequestValid Class Tests &gt; should accept valid previous values" time="0.000193">
        </testcase>
        <testcase classname="test/cmi/scorm2004_adl.spec.ts" name="SCORM 2004 ADL Tests &gt; ADLNavRequestValid Class Tests &gt; should accept valid choice values" time="0.00027525">
        </testcase>
        <testcase classname="test/cmi/scorm2004_adl.spec.ts" name="SCORM 2004 ADL Tests &gt; ADLNavRequestValid Class Tests &gt; should accept valid jump values" time="0.000391459">
        </testcase>
        <testcase classname="test/cmi/scorm2004_adl.spec.ts" name="SCORM 2004 ADL Tests &gt; ADLNavRequestValid Class Tests &gt; should reject invalid jump values" time="0.000122458">
        </testcase>
        <testcase classname="test/cmi/scorm2004_adl.spec.ts" name="SCORM 2004 ADL Tests &gt; ADLNavRequestValid Class Tests &gt; should reject setting choice after initialization" time="0.000097584">
        </testcase>
        <testcase classname="test/cmi/scorm2004_adl.spec.ts" name="SCORM 2004 ADL Tests &gt; ADLNavRequestValid Class Tests &gt; should reject setting jump after initialization" time="0.000100208">
        </testcase>
        <testcase classname="test/cmi/scorm2004_adl.spec.ts" name="SCORM 2004 ADL Tests &gt; ADLNavRequestValid Class Tests &gt; should export to JSON correctly" time="0.000102709">
        </testcase>
        <testcase classname="test/cmi/scorm2004_adl.spec.ts" name="SCORM 2004 ADL Tests &gt; ADLData Class Tests &gt; should initialize with default values" time="0.000049666">
        </testcase>
        <testcase classname="test/cmi/scorm2004_adl.spec.ts" name="SCORM 2004 ADL Tests &gt; ADLDataObject Class Tests &gt; should initialize with default values" time="0.000090875">
        </testcase>
        <testcase classname="test/cmi/scorm2004_adl.spec.ts" name="SCORM 2004 ADL Tests &gt; ADLDataObject Class Tests &gt; should set and get id correctly" time="0.000062125">
        </testcase>
        <testcase classname="test/cmi/scorm2004_adl.spec.ts" name="SCORM 2004 ADL Tests &gt; ADLDataObject Class Tests &gt; should set and get store correctly" time="0.000064875">
        </testcase>
        <testcase classname="test/cmi/scorm2004_adl.spec.ts" name="SCORM 2004 ADL Tests &gt; ADLDataObject Class Tests &gt; should reset correctly" time="0.00003975">
        </testcase>
        <testcase classname="test/cmi/scorm2004_adl.spec.ts" name="SCORM 2004 ADL Tests &gt; ADLDataObject Class Tests &gt; should handle toJSON correctly" time="0.000058959">
        </testcase>
        <testcase classname="test/cmi/scorm2004_adl.spec.ts" name="SCORM 2004 ADL Tests &gt; ADL Initialize and Sequencing Tests &gt; should initialize ADL and its children" time="0.000095542">
        </testcase>
        <testcase classname="test/cmi/scorm2004_adl.spec.ts" name="SCORM 2004 ADL Tests &gt; ADL Initialize and Sequencing Tests &gt; should handle sequencing assignment" time="0.000153917">
        </testcase>
        <testcase classname="test/cmi/scorm2004_adl.spec.ts" name="SCORM 2004 ADL Tests &gt; ADL Initialize and Sequencing Tests &gt; should handle null sequencing assignment" time="0.000038208">
        </testcase>
        <testcase classname="test/cmi/scorm2004_adl.spec.ts" name="SCORM 2004 ADL Tests &gt; ADL Initialize and Sequencing Tests &gt; should reset ADLNav and clear sequencing" time="0.0000425">
        </testcase>
        <testcase classname="test/cmi/scorm2004_adl.spec.ts" name="SCORM 2004 ADL Tests &gt; ADL Initialize and Sequencing Tests &gt; should process navigation request when sequencing is set" time="0.000564583">
        </testcase>
    </testsuite>
    <testsuite name="test/cmi/scorm2004_cmi.spec.ts" timestamp="2025-05-05T03:31:08.039Z" hostname="jonathans-macbook-pro-2.mara-rohu.ts.net" tests="599" failures="0" errors="0" skipped="0" time="0.058310084">
        <testcase classname="test/cmi/scorm2004_cmi.spec.ts" name="SCORM 2004 CMI Tests &gt; getCurrentTotalTime() &gt; Should return PT15M45S with a starting time of PT0S and a session time of PT15M45S" time="0.0010145">
        </testcase>
        <testcase classname="test/cmi/scorm2004_cmi.spec.ts" name="SCORM 2004 CMI Tests &gt; getCurrentTotalTime() &gt; Should return PT16M45S with a starting time of PT60S and a session time of PT15M45S" time="0.000091084">
        </testcase>
        <testcase classname="test/cmi/scorm2004_cmi.spec.ts" name="SCORM 2004 CMI Tests &gt; getCurrentTotalTime() &gt; Should return PT1M with a starting time of PT60S and a session time of PT0S" time="0.000145833">
        </testcase>
        <testcase classname="test/cmi/scorm2004_cmi.spec.ts" name="SCORM 2004 CMI Tests &gt; getCurrentTotalTime() &gt; Should return P1DT14H1M with a starting time of PT25H1M0S and a session time of PT13H" time="0.000119666">
        </testcase>
        <testcase classname="test/cmi/scorm2004_cmi.spec.ts" name="SCORM 2004 CMI Tests &gt; getCurrentTotalTime() &gt; Should return P2DT13H2M1S with a starting time of PT48H1M45S and a session time of PT13H16S" time="0.000063292">
        </testcase>
        <testcase classname="test/cmi/scorm2004_cmi.spec.ts" name="SCORM 2004 CMI Tests &gt; CMI Spec Tests &gt; Pre-Initialize Tests &gt; Field: cmi._version &gt; Should be able to read from cmi._version" time="0.00006125">
        </testcase>
        <testcase classname="test/cmi/scorm2004_cmi.spec.ts" name="SCORM 2004 CMI Tests &gt; CMI Spec Tests &gt; Pre-Initialize Tests &gt; Field: cmi._version &gt; Should fail to write to cmi._version" time="0.000458">
        </testcase>
        <testcase classname="test/cmi/scorm2004_cmi.spec.ts" name="SCORM 2004 CMI Tests &gt; CMI Spec Tests &gt; Pre-Initialize Tests &gt; Field: cmi._children &gt; Should be able to read from cmi._children" time="0.0000445">
        </testcase>
        <testcase classname="test/cmi/scorm2004_cmi.spec.ts" name="SCORM 2004 CMI Tests &gt; CMI Spec Tests &gt; Pre-Initialize Tests &gt; Field: cmi._children &gt; Should fail to write to cmi._children" time="0.000132708">
        </testcase>
        <testcase classname="test/cmi/scorm2004_cmi.spec.ts" name="SCORM 2004 CMI Tests &gt; CMI Spec Tests &gt; Pre-Initialize Tests &gt; Field: cmi.completion_status &gt; Should successfully write &apos;completed&apos; to cmi.completion_status" time="0.000372833">
        </testcase>
        <testcase classname="test/cmi/scorm2004_cmi.spec.ts" name="SCORM 2004 CMI Tests &gt; CMI Spec Tests &gt; Pre-Initialize Tests &gt; Field: cmi.completion_status &gt; Should successfully write &apos;incomplete&apos; to cmi.completion_status" time="0.000079083">
        </testcase>
        <testcase classname="test/cmi/scorm2004_cmi.spec.ts" name="SCORM 2004 CMI Tests &gt; CMI Spec Tests &gt; Pre-Initialize Tests &gt; Field: cmi.completion_status &gt; Should successfully write &apos;not attempted&apos; to cmi.completion_status" time="0.000055375">
        </testcase>
        <testcase classname="test/cmi/scorm2004_cmi.spec.ts" name="SCORM 2004 CMI Tests &gt; CMI Spec Tests &gt; Pre-Initialize Tests &gt; Field: cmi.completion_status &gt; Should successfully write &apos;unknown&apos; to cmi.completion_status" time="0.0000515">
        </testcase>
        <testcase classname="test/cmi/scorm2004_cmi.spec.ts" name="SCORM 2004 CMI Tests &gt; CMI Spec Tests &gt; Pre-Initialize Tests &gt; Field: cmi.completion_status &gt; Should fail to write &apos;complete&apos; to cmi.completion_status" time="0.000184375">
        </testcase>
        <testcase classname="test/cmi/scorm2004_cmi.spec.ts" name="SCORM 2004 CMI Tests &gt; CMI Spec Tests &gt; Pre-Initialize Tests &gt; Field: cmi.completion_status &gt; Should fail to write &apos;passed&apos; to cmi.completion_status" time="0.000068916">
        </testcase>
        <testcase classname="test/cmi/scorm2004_cmi.spec.ts" name="SCORM 2004 CMI Tests &gt; CMI Spec Tests &gt; Pre-Initialize Tests &gt; Field: cmi.completion_status &gt; Should fail to write &apos;failed&apos; to cmi.completion_status" time="0.000095084">
        </testcase>
        <testcase classname="test/cmi/scorm2004_cmi.spec.ts" name="SCORM 2004 CMI Tests &gt; CMI Spec Tests &gt; Pre-Initialize Tests &gt; Field: cmi.completion_threshold &gt; Should be able to read from cmi.completion_threshold" time="0.000050042">
        </testcase>
        <testcase classname="test/cmi/scorm2004_cmi.spec.ts" name="SCORM 2004 CMI Tests &gt; CMI Spec Tests &gt; Pre-Initialize Tests &gt; Field: cmi.completion_threshold &gt; Should successfully write to cmi.completion_threshold" time="0.000065833">
        </testcase>
        <testcase classname="test/cmi/scorm2004_cmi.spec.ts" name="SCORM 2004 CMI Tests &gt; CMI Spec Tests &gt; Pre-Initialize Tests &gt; Field: cmi.credit &gt; Should be able to read from cmi.credit" time="0.000034875">
        </testcase>
        <testcase classname="test/cmi/scorm2004_cmi.spec.ts" name="SCORM 2004 CMI Tests &gt; CMI Spec Tests &gt; Pre-Initialize Tests &gt; Field: cmi.credit &gt; Should successfully write to cmi.credit" time="0.000119708">
        </testcase>
        <testcase classname="test/cmi/scorm2004_cmi.spec.ts" name="SCORM 2004 CMI Tests &gt; CMI Spec Tests &gt; Pre-Initialize Tests &gt; Field: cmi.entry &gt; Should be able to read from cmi.entry" time="0.000036">
        </testcase>
        <testcase classname="test/cmi/scorm2004_cmi.spec.ts" name="SCORM 2004 CMI Tests &gt; CMI Spec Tests &gt; Pre-Initialize Tests &gt; Field: cmi.entry &gt; Should successfully write to cmi.entry" time="0.000057833">
        </testcase>
        <testcase classname="test/cmi/scorm2004_cmi.spec.ts" name="SCORM 2004 CMI Tests &gt; CMI Spec Tests &gt; Pre-Initialize Tests &gt; Field: cmi.exit &gt; Should fail to read from cmi.exit" time="0.00007825">
        </testcase>
        <testcase classname="test/cmi/scorm2004_cmi.spec.ts" name="SCORM 2004 CMI Tests &gt; CMI Spec Tests &gt; Pre-Initialize Tests &gt; Field: cmi.exit &gt; Should successfully write to cmi.exit" time="0.000081167">
        </testcase>
        <testcase classname="test/cmi/scorm2004_cmi.spec.ts" name="SCORM 2004 CMI Tests &gt; CMI Spec Tests &gt; Pre-Initialize Tests &gt; Field: cmi.exit &gt; Should successfully write &apos;time-out&apos; to cmi.exit" time="0.000052208">
        </testcase>
        <testcase classname="test/cmi/scorm2004_cmi.spec.ts" name="SCORM 2004 CMI Tests &gt; CMI Spec Tests &gt; Pre-Initialize Tests &gt; Field: cmi.exit &gt; Should successfully write &apos;suspend&apos; to cmi.exit" time="0.000059125">
        </testcase>
        <testcase classname="test/cmi/scorm2004_cmi.spec.ts" name="SCORM 2004 CMI Tests &gt; CMI Spec Tests &gt; Pre-Initialize Tests &gt; Field: cmi.exit &gt; Should successfully write &apos;logout&apos; to cmi.exit" time="0.000044042">
        </testcase>
        <testcase classname="test/cmi/scorm2004_cmi.spec.ts" name="SCORM 2004 CMI Tests &gt; CMI Spec Tests &gt; Pre-Initialize Tests &gt; Field: cmi.exit &gt; Should successfully write &apos;normal&apos; to cmi.exit" time="0.0000435">
        </testcase>
        <testcase classname="test/cmi/scorm2004_cmi.spec.ts" name="SCORM 2004 CMI Tests &gt; CMI Spec Tests &gt; Pre-Initialize Tests &gt; Field: cmi.exit &gt; Should successfully write &apos;&apos; to cmi.exit" time="0.000078542">
        </testcase>
        <testcase classname="test/cmi/scorm2004_cmi.spec.ts" name="SCORM 2004 CMI Tests &gt; CMI Spec Tests &gt; Pre-Initialize Tests &gt; Field: cmi.exit &gt; Should fail to write &apos;close&apos; to cmi.exit" time="0.000048875">
        </testcase>
        <testcase classname="test/cmi/scorm2004_cmi.spec.ts" name="SCORM 2004 CMI Tests &gt; CMI Spec Tests &gt; Pre-Initialize Tests &gt; Field: cmi.exit &gt; Should fail to write &apos;exit&apos; to cmi.exit" time="0.000043875">
        </testcase>
        <testcase classname="test/cmi/scorm2004_cmi.spec.ts" name="SCORM 2004 CMI Tests &gt; CMI Spec Tests &gt; Pre-Initialize Tests &gt; Field: cmi.exit &gt; Should fail to write &apos;crash&apos; to cmi.exit" time="0.000044625">
        </testcase>
        <testcase classname="test/cmi/scorm2004_cmi.spec.ts" name="SCORM 2004 CMI Tests &gt; CMI Spec Tests &gt; Pre-Initialize Tests &gt; Field: cmi.launch_data &gt; Should be able to read from cmi.launch_data" time="0.000037792">
        </testcase>
        <testcase classname="test/cmi/scorm2004_cmi.spec.ts" name="SCORM 2004 CMI Tests &gt; CMI Spec Tests &gt; Pre-Initialize Tests &gt; Field: cmi.launch_data &gt; Should successfully write to cmi.launch_data" time="0.000050667">
        </testcase>
        <testcase classname="test/cmi/scorm2004_cmi.spec.ts" name="SCORM 2004 CMI Tests &gt; CMI Spec Tests &gt; Pre-Initialize Tests &gt; Field: cmi.learner_id &gt; Should be able to read from cmi.learner_id" time="0.000037709">
        </testcase>
        <testcase classname="test/cmi/scorm2004_cmi.spec.ts" name="SCORM 2004 CMI Tests &gt; CMI Spec Tests &gt; Pre-Initialize Tests &gt; Field: cmi.learner_id &gt; Should successfully write to cmi.learner_id" time="0.0000485">
        </testcase>
        <testcase classname="test/cmi/scorm2004_cmi.spec.ts" name="SCORM 2004 CMI Tests &gt; CMI Spec Tests &gt; Pre-Initialize Tests &gt; Field: cmi.learner_name &gt; Should be able to read from cmi.learner_name" time="0.000029458">
        </testcase>
        <testcase classname="test/cmi/scorm2004_cmi.spec.ts" name="SCORM 2004 CMI Tests &gt; CMI Spec Tests &gt; Pre-Initialize Tests &gt; Field: cmi.learner_name &gt; Should successfully write to cmi.learner_name" time="0.000046667">
        </testcase>
        <testcase classname="test/cmi/scorm2004_cmi.spec.ts" name="SCORM 2004 CMI Tests &gt; CMI Spec Tests &gt; Pre-Initialize Tests &gt; Field: cmi.location &gt; Should be able to read from cmi.location" time="0.00003425">
        </testcase>
        <testcase classname="test/cmi/scorm2004_cmi.spec.ts" name="SCORM 2004 CMI Tests &gt; CMI Spec Tests &gt; Pre-Initialize Tests &gt; Field: cmi.location &gt; Should be able to write upto 1000 characters to cmi.location" time="0.000074584">
        </testcase>
        <testcase classname="test/cmi/scorm2004_cmi.spec.ts" name="SCORM 2004 CMI Tests &gt; CMI Spec Tests &gt; Pre-Initialize Tests &gt; Field: cmi.location &gt; Should fail to write more than 1000 characters to cmi.location" time="0.000078291">
        </testcase>
        <testcase classname="test/cmi/scorm2004_cmi.spec.ts" name="SCORM 2004 CMI Tests &gt; CMI Spec Tests &gt; Pre-Initialize Tests &gt; Field: cmi.max_time_allowed &gt; Should be able to read from cmi.max_time_allowed" time="0.000031167">
        </testcase>
        <testcase classname="test/cmi/scorm2004_cmi.spec.ts" name="SCORM 2004 CMI Tests &gt; CMI Spec Tests &gt; Pre-Initialize Tests &gt; Field: cmi.max_time_allowed &gt; Should successfully write to cmi.max_time_allowed" time="0.000062541">
        </testcase>
        <testcase classname="test/cmi/scorm2004_cmi.spec.ts" name="SCORM 2004 CMI Tests &gt; CMI Spec Tests &gt; Pre-Initialize Tests &gt; Field: cmi.mode &gt; Should be able to read from cmi.mode" time="0.000031625">
        </testcase>
        <testcase classname="test/cmi/scorm2004_cmi.spec.ts" name="SCORM 2004 CMI Tests &gt; CMI Spec Tests &gt; Pre-Initialize Tests &gt; Field: cmi.mode &gt; Should successfully write to cmi.mode" time="0.000045916">
        </testcase>
        <testcase classname="test/cmi/scorm2004_cmi.spec.ts" name="SCORM 2004 CMI Tests &gt; CMI Spec Tests &gt; Pre-Initialize Tests &gt; Field: cmi.max_time_allowed &gt; Should be able to read from cmi.max_time_allowed" time="0.000028333">
        </testcase>
        <testcase classname="test/cmi/scorm2004_cmi.spec.ts" name="SCORM 2004 CMI Tests &gt; CMI Spec Tests &gt; Pre-Initialize Tests &gt; Field: cmi.max_time_allowed &gt; Should successfully write to cmi.max_time_allowed" time="0.000047792">
        </testcase>
        <testcase classname="test/cmi/scorm2004_cmi.spec.ts" name="SCORM 2004 CMI Tests &gt; CMI Spec Tests &gt; Pre-Initialize Tests &gt; Field: cmi.progress_measure &gt; Should successfully write &apos;0.0&apos; to cmi.progress_measure" time="0.000102875">
        </testcase>
        <testcase classname="test/cmi/scorm2004_cmi.spec.ts" name="SCORM 2004 CMI Tests &gt; CMI Spec Tests &gt; Pre-Initialize Tests &gt; Field: cmi.progress_measure &gt; Should successfully write &apos;0.25&apos; to cmi.progress_measure" time="0.000109833">
        </testcase>
        <testcase classname="test/cmi/scorm2004_cmi.spec.ts" name="SCORM 2004 CMI Tests &gt; CMI Spec Tests &gt; Pre-Initialize Tests &gt; Field: cmi.progress_measure &gt; Should successfully write &apos;0.5&apos; to cmi.progress_measure" time="0.000046208">
        </testcase>
        <testcase classname="test/cmi/scorm2004_cmi.spec.ts" name="SCORM 2004 CMI Tests &gt; CMI Spec Tests &gt; Pre-Initialize Tests &gt; Field: cmi.progress_measure &gt; Should successfully write &apos;1.0&apos; to cmi.progress_measure" time="0.000042292">
        </testcase>
        <testcase classname="test/cmi/scorm2004_cmi.spec.ts" name="SCORM 2004 CMI Tests &gt; CMI Spec Tests &gt; Pre-Initialize Tests &gt; Field: cmi.progress_measure &gt; Should fail to write &apos;-1&apos; to cmi.progress_measure" time="0.000048333">
        </testcase>
        <testcase classname="test/cmi/scorm2004_cmi.spec.ts" name="SCORM 2004 CMI Tests &gt; CMI Spec Tests &gt; Pre-Initialize Tests &gt; Field: cmi.progress_measure &gt; Should fail to write &apos;-0.1&apos; to cmi.progress_measure" time="0.000045125">
        </testcase>
        <testcase classname="test/cmi/scorm2004_cmi.spec.ts" name="SCORM 2004 CMI Tests &gt; CMI Spec Tests &gt; Pre-Initialize Tests &gt; Field: cmi.progress_measure &gt; Should fail to write &apos;1.1&apos; to cmi.progress_measure" time="0.00004775">
        </testcase>
        <testcase classname="test/cmi/scorm2004_cmi.spec.ts" name="SCORM 2004 CMI Tests &gt; CMI Spec Tests &gt; Pre-Initialize Tests &gt; Field: cmi.progress_measure &gt; Should fail to write &apos;.25&apos; to cmi.progress_measure" time="0.000043292">
        </testcase>
        <testcase classname="test/cmi/scorm2004_cmi.spec.ts" name="SCORM 2004 CMI Tests &gt; CMI Spec Tests &gt; Pre-Initialize Tests &gt; Field: cmi.scaled_passing_score &gt; Should be able to read from cmi.scaled_passing_score" time="0.000032875">
        </testcase>
        <testcase classname="test/cmi/scorm2004_cmi.spec.ts" name="SCORM 2004 CMI Tests &gt; CMI Spec Tests &gt; Pre-Initialize Tests &gt; Field: cmi.scaled_passing_score &gt; Should successfully write to cmi.scaled_passing_score" time="0.000048667">
        </testcase>
        <testcase classname="test/cmi/scorm2004_cmi.spec.ts" name="SCORM 2004 CMI Tests &gt; CMI Spec Tests &gt; Pre-Initialize Tests &gt; Field: cmi.session_time &gt; Should fail to read from cmi.session_time" time="0.000059458">
        </testcase>
        <testcase classname="test/cmi/scorm2004_cmi.spec.ts" name="SCORM 2004 CMI Tests &gt; CMI Spec Tests &gt; Pre-Initialize Tests &gt; Field: cmi.session_time &gt; Should successfully write to cmi.session_time" time="0.000042667">
        </testcase>
        <testcase classname="test/cmi/scorm2004_cmi.spec.ts" name="SCORM 2004 CMI Tests &gt; CMI Spec Tests &gt; Pre-Initialize Tests &gt; Field: cmi.session_time &gt; Should successfully write &apos;P1Y34DT23H45M15S&apos; to cmi.session_time" time="0.000042209">
        </testcase>
        <testcase classname="test/cmi/scorm2004_cmi.spec.ts" name="SCORM 2004 CMI Tests &gt; CMI Spec Tests &gt; Pre-Initialize Tests &gt; Field: cmi.session_time &gt; Should successfully write &apos;PT1M45S&apos; to cmi.session_time" time="0.000078">
        </testcase>
        <testcase classname="test/cmi/scorm2004_cmi.spec.ts" name="SCORM 2004 CMI Tests &gt; CMI Spec Tests &gt; Pre-Initialize Tests &gt; Field: cmi.session_time &gt; Should successfully write &apos;P0S&apos; to cmi.session_time" time="0.000041666">
        </testcase>
        <testcase classname="test/cmi/scorm2004_cmi.spec.ts" name="SCORM 2004 CMI Tests &gt; CMI Spec Tests &gt; Pre-Initialize Tests &gt; Field: cmi.session_time &gt; Should successfully write &apos;PT75M&apos; to cmi.session_time" time="0.000043542">
        </testcase>
        <testcase classname="test/cmi/scorm2004_cmi.spec.ts" name="SCORM 2004 CMI Tests &gt; CMI Spec Tests &gt; Pre-Initialize Tests &gt; Field: cmi.session_time &gt; Should fail to write &apos;00:08:45&apos; to cmi.session_time" time="0.000045583">
        </testcase>
        <testcase classname="test/cmi/scorm2004_cmi.spec.ts" name="SCORM 2004 CMI Tests &gt; CMI Spec Tests &gt; Pre-Initialize Tests &gt; Field: cmi.session_time &gt; Should fail to write &apos;-P1H&apos; to cmi.session_time" time="0.000040875">
        </testcase>
        <testcase classname="test/cmi/scorm2004_cmi.spec.ts" name="SCORM 2004 CMI Tests &gt; CMI Spec Tests &gt; Pre-Initialize Tests &gt; Field: cmi.session_time &gt; Should fail to write &apos;1y45D&apos; to cmi.session_time" time="0.000042125">
        </testcase>
        <testcase classname="test/cmi/scorm2004_cmi.spec.ts" name="SCORM 2004 CMI Tests &gt; CMI Spec Tests &gt; Pre-Initialize Tests &gt; Field: cmi.session_time &gt; Should fail to write &apos;0&apos; to cmi.session_time" time="0.000041083">
        </testcase>
        <testcase classname="test/cmi/scorm2004_cmi.spec.ts" name="SCORM 2004 CMI Tests &gt; CMI Spec Tests &gt; Pre-Initialize Tests &gt; Field: cmi.success_status &gt; Should be able to read from cmi.success_status" time="0.000036208">
        </testcase>
        <testcase classname="test/cmi/scorm2004_cmi.spec.ts" name="SCORM 2004 CMI Tests &gt; CMI Spec Tests &gt; Pre-Initialize Tests &gt; Field: cmi.success_status &gt; Should successfully write &apos;passed&apos; to cmi.success_status" time="0.000058167">
        </testcase>
        <testcase classname="test/cmi/scorm2004_cmi.spec.ts" name="SCORM 2004 CMI Tests &gt; CMI Spec Tests &gt; Pre-Initialize Tests &gt; Field: cmi.success_status &gt; Should successfully write &apos;failed&apos; to cmi.success_status" time="0.000049">
        </testcase>
        <testcase classname="test/cmi/scorm2004_cmi.spec.ts" name="SCORM 2004 CMI Tests &gt; CMI Spec Tests &gt; Pre-Initialize Tests &gt; Field: cmi.success_status &gt; Should successfully write &apos;unknown&apos; to cmi.success_status" time="0.000042792">
        </testcase>
        <testcase classname="test/cmi/scorm2004_cmi.spec.ts" name="SCORM 2004 CMI Tests &gt; CMI Spec Tests &gt; Pre-Initialize Tests &gt; Field: cmi.success_status &gt; Should fail to write &apos;complete&apos; to cmi.success_status" time="0.00004125">
        </testcase>
        <testcase classname="test/cmi/scorm2004_cmi.spec.ts" name="SCORM 2004 CMI Tests &gt; CMI Spec Tests &gt; Pre-Initialize Tests &gt; Field: cmi.success_status &gt; Should fail to write &apos;incomplete&apos; to cmi.success_status" time="0.000043708">
        </testcase>
        <testcase classname="test/cmi/scorm2004_cmi.spec.ts" name="SCORM 2004 CMI Tests &gt; CMI Spec Tests &gt; Pre-Initialize Tests &gt; Field: cmi.success_status &gt; Should fail to write &apos;P&apos; to cmi.success_status" time="0.000039917">
        </testcase>
        <testcase classname="test/cmi/scorm2004_cmi.spec.ts" name="SCORM 2004 CMI Tests &gt; CMI Spec Tests &gt; Pre-Initialize Tests &gt; Field: cmi.success_status &gt; Should fail to write &apos;f&apos; to cmi.success_status" time="0.000040958">
        </testcase>
        <testcase classname="test/cmi/scorm2004_cmi.spec.ts" name="SCORM 2004 CMI Tests &gt; CMI Spec Tests &gt; Pre-Initialize Tests &gt; Field: cmi.suspend_data &gt; Should be able to read from cmi.suspend_data" time="0.000031375">
        </testcase>
        <testcase classname="test/cmi/scorm2004_cmi.spec.ts" name="SCORM 2004 CMI Tests &gt; CMI Spec Tests &gt; Pre-Initialize Tests &gt; Field: cmi.suspend_data &gt; Should be able to write upto 64000 characters to cmi.suspend_data" time="0.000206375">
        </testcase>
        <testcase classname="test/cmi/scorm2004_cmi.spec.ts" name="SCORM 2004 CMI Tests &gt; CMI Spec Tests &gt; Pre-Initialize Tests &gt; Field: cmi.suspend_data &gt; Should fail to write more than 64000 characters to cmi.suspend_data" time="0.000280542">
        </testcase>
        <testcase classname="test/cmi/scorm2004_cmi.spec.ts" name="SCORM 2004 CMI Tests &gt; CMI Spec Tests &gt; Pre-Initialize Tests &gt; Field: cmi.time_limit_action &gt; Should be able to read from cmi.time_limit_action" time="0.000045667">
        </testcase>
        <testcase classname="test/cmi/scorm2004_cmi.spec.ts" name="SCORM 2004 CMI Tests &gt; CMI Spec Tests &gt; Pre-Initialize Tests &gt; Field: cmi.time_limit_action &gt; Should successfully write to cmi.time_limit_action" time="0.000048834">
        </testcase>
        <testcase classname="test/cmi/scorm2004_cmi.spec.ts" name="SCORM 2004 CMI Tests &gt; CMI Spec Tests &gt; Pre-Initialize Tests &gt; Field: cmi.total_time &gt; Should be able to read from cmi.total_time" time="0.000034042">
        </testcase>
        <testcase classname="test/cmi/scorm2004_cmi.spec.ts" name="SCORM 2004 CMI Tests &gt; CMI Spec Tests &gt; Pre-Initialize Tests &gt; Field: cmi.total_time &gt; Should successfully write to cmi.total_time" time="0.000035417">
        </testcase>
        <testcase classname="test/cmi/scorm2004_cmi.spec.ts" name="SCORM 2004 CMI Tests &gt; CMI Spec Tests &gt; Pre-Initialize Tests &gt; Field: cmi.learner_preference._children &gt; Should be able to read from cmi.learner_preference._children" time="0.000028542">
        </testcase>
        <testcase classname="test/cmi/scorm2004_cmi.spec.ts" name="SCORM 2004 CMI Tests &gt; CMI Spec Tests &gt; Pre-Initialize Tests &gt; Field: cmi.learner_preference._children &gt; Should fail to write to cmi.learner_preference._children" time="0.000048917">
        </testcase>
        <testcase classname="test/cmi/scorm2004_cmi.spec.ts" name="SCORM 2004 CMI Tests &gt; CMI Spec Tests &gt; Pre-Initialize Tests &gt; Field: cmi.learner_preference.audio_level &gt; Should successfully write &apos;1&apos; to cmi.learner_preference.audio_level" time="0.000052792">
        </testcase>
        <testcase classname="test/cmi/scorm2004_cmi.spec.ts" name="SCORM 2004 CMI Tests &gt; CMI Spec Tests &gt; Pre-Initialize Tests &gt; Field: cmi.learner_preference.audio_level &gt; Should successfully write &apos;50&apos; to cmi.learner_preference.audio_level" time="0.000037958">
        </testcase>
        <testcase classname="test/cmi/scorm2004_cmi.spec.ts" name="SCORM 2004 CMI Tests &gt; CMI Spec Tests &gt; Pre-Initialize Tests &gt; Field: cmi.learner_preference.audio_level &gt; Should successfully write &apos;100&apos; to cmi.learner_preference.audio_level" time="0.000035458">
        </testcase>
        <testcase classname="test/cmi/scorm2004_cmi.spec.ts" name="SCORM 2004 CMI Tests &gt; CMI Spec Tests &gt; Pre-Initialize Tests &gt; Field: cmi.learner_preference.audio_level &gt; Should fail to write &apos;invalid&apos; to cmi.learner_preference.audio_level" time="0.000039375">
        </testcase>
        <testcase classname="test/cmi/scorm2004_cmi.spec.ts" name="SCORM 2004 CMI Tests &gt; CMI Spec Tests &gt; Pre-Initialize Tests &gt; Field: cmi.learner_preference.audio_level &gt; Should fail to write &apos;a100&apos; to cmi.learner_preference.audio_level" time="0.000037209">
        </testcase>
        <testcase classname="test/cmi/scorm2004_cmi.spec.ts" name="SCORM 2004 CMI Tests &gt; CMI Spec Tests &gt; Pre-Initialize Tests &gt; Field: cmi.learner_preference.audio_level &gt; Should fail to write &apos;-1&apos; to cmi.learner_preference.audio_level" time="0.000038125">
        </testcase>
        <testcase classname="test/cmi/scorm2004_cmi.spec.ts" name="SCORM 2004 CMI Tests &gt; CMI Spec Tests &gt; Pre-Initialize Tests &gt; Field: cmi.learner_preference.language &gt; Should successfully write &apos;en&apos; to cmi.learner_preference.language" time="0.000061459">
        </testcase>
        <testcase classname="test/cmi/scorm2004_cmi.spec.ts" name="SCORM 2004 CMI Tests &gt; CMI Spec Tests &gt; Pre-Initialize Tests &gt; Field: cmi.learner_preference.language &gt; Should successfully write &apos;fr&apos; to cmi.learner_preference.language" time="0.000061875">
        </testcase>
        <testcase classname="test/cmi/scorm2004_cmi.spec.ts" name="SCORM 2004 CMI Tests &gt; CMI Spec Tests &gt; Pre-Initialize Tests &gt; Field: cmi.learner_preference.language &gt; Should successfully write &apos;ru&apos; to cmi.learner_preference.language" time="0.000034125">
        </testcase>
        <testcase classname="test/cmi/scorm2004_cmi.spec.ts" name="SCORM 2004 CMI Tests &gt; CMI Spec Tests &gt; Pre-Initialize Tests &gt; Field: cmi.learner_preference.language &gt; Should successfully write &apos;es&apos; to cmi.learner_preference.language" time="0.000032916">
        </testcase>
        <testcase classname="test/cmi/scorm2004_cmi.spec.ts" name="SCORM 2004 CMI Tests &gt; CMI Spec Tests &gt; Pre-Initialize Tests &gt; Field: cmi.learner_preference.language &gt; Should fail to write &apos;invalid&apos; to cmi.learner_preference.language" time="0.000037625">
        </testcase>
        <testcase classname="test/cmi/scorm2004_cmi.spec.ts" name="SCORM 2004 CMI Tests &gt; CMI Spec Tests &gt; Pre-Initialize Tests &gt; Field: cmi.learner_preference.language &gt; Should fail to write &apos;a100&apos; to cmi.learner_preference.language" time="0.000036417">
        </testcase>
        <testcase classname="test/cmi/scorm2004_cmi.spec.ts" name="SCORM 2004 CMI Tests &gt; CMI Spec Tests &gt; Pre-Initialize Tests &gt; Field: cmi.learner_preference.delivery_speed &gt; Should successfully write &apos;1&apos; to cmi.learner_preference.delivery_speed" time="0.000046375">
        </testcase>
        <testcase classname="test/cmi/scorm2004_cmi.spec.ts" name="SCORM 2004 CMI Tests &gt; CMI Spec Tests &gt; Pre-Initialize Tests &gt; Field: cmi.learner_preference.delivery_speed &gt; Should successfully write &apos;50&apos; to cmi.learner_preference.delivery_speed" time="0.000035375">
        </testcase>
        <testcase classname="test/cmi/scorm2004_cmi.spec.ts" name="SCORM 2004 CMI Tests &gt; CMI Spec Tests &gt; Pre-Initialize Tests &gt; Field: cmi.learner_preference.delivery_speed &gt; Should successfully write &apos;100&apos; to cmi.learner_preference.delivery_speed" time="0.000036334">
        </testcase>
        <testcase classname="test/cmi/scorm2004_cmi.spec.ts" name="SCORM 2004 CMI Tests &gt; CMI Spec Tests &gt; Pre-Initialize Tests &gt; Field: cmi.learner_preference.delivery_speed &gt; Should fail to write &apos;invalid&apos; to cmi.learner_preference.delivery_speed" time="0.000036917">
        </testcase>
        <testcase classname="test/cmi/scorm2004_cmi.spec.ts" name="SCORM 2004 CMI Tests &gt; CMI Spec Tests &gt; Pre-Initialize Tests &gt; Field: cmi.learner_preference.delivery_speed &gt; Should fail to write &apos;a100&apos; to cmi.learner_preference.delivery_speed" time="0.000036292">
        </testcase>
        <testcase classname="test/cmi/scorm2004_cmi.spec.ts" name="SCORM 2004 CMI Tests &gt; CMI Spec Tests &gt; Pre-Initialize Tests &gt; Field: cmi.learner_preference.delivery_speed &gt; Should fail to write &apos;-1&apos; to cmi.learner_preference.delivery_speed" time="0.000038875">
        </testcase>
        <testcase classname="test/cmi/scorm2004_cmi.spec.ts" name="SCORM 2004 CMI Tests &gt; CMI Spec Tests &gt; Pre-Initialize Tests &gt; Field: cmi.learner_preference.audio_captioning &gt; Should successfully write &apos;1&apos; to cmi.learner_preference.audio_captioning" time="0.000052625">
        </testcase>
        <testcase classname="test/cmi/scorm2004_cmi.spec.ts" name="SCORM 2004 CMI Tests &gt; CMI Spec Tests &gt; Pre-Initialize Tests &gt; Field: cmi.learner_preference.audio_captioning &gt; Should successfully write &apos;0&apos; to cmi.learner_preference.audio_captioning" time="0.000043">
        </testcase>
        <testcase classname="test/cmi/scorm2004_cmi.spec.ts" name="SCORM 2004 CMI Tests &gt; CMI Spec Tests &gt; Pre-Initialize Tests &gt; Field: cmi.learner_preference.audio_captioning &gt; Should successfully write &apos;-1&apos; to cmi.learner_preference.audio_captioning" time="0.000034209">
        </testcase>
        <testcase classname="test/cmi/scorm2004_cmi.spec.ts" name="SCORM 2004 CMI Tests &gt; CMI Spec Tests &gt; Pre-Initialize Tests &gt; Field: cmi.learner_preference.audio_captioning &gt; Should fail to write &apos;-101&apos; to cmi.learner_preference.audio_captioning" time="0.000037375">
        </testcase>
        <testcase classname="test/cmi/scorm2004_cmi.spec.ts" name="SCORM 2004 CMI Tests &gt; CMI Spec Tests &gt; Pre-Initialize Tests &gt; Field: cmi.learner_preference.audio_captioning &gt; Should fail to write &apos;-0.5&apos; to cmi.learner_preference.audio_captioning" time="0.000035666">
        </testcase>
        <testcase classname="test/cmi/scorm2004_cmi.spec.ts" name="SCORM 2004 CMI Tests &gt; CMI Spec Tests &gt; Pre-Initialize Tests &gt; Field: cmi.learner_preference.audio_captioning &gt; Should fail to write &apos;0.5&apos; to cmi.learner_preference.audio_captioning" time="0.000035584">
        </testcase>
        <testcase classname="test/cmi/scorm2004_cmi.spec.ts" name="SCORM 2004 CMI Tests &gt; CMI Spec Tests &gt; Pre-Initialize Tests &gt; Field: cmi.learner_preference.audio_captioning &gt; Should fail to write &apos;25.1&apos; to cmi.learner_preference.audio_captioning" time="0.000037666">
        </testcase>
        <testcase classname="test/cmi/scorm2004_cmi.spec.ts" name="SCORM 2004 CMI Tests &gt; CMI Spec Tests &gt; Pre-Initialize Tests &gt; Field: cmi.learner_preference.audio_captioning &gt; Should fail to write &apos;50.5&apos; to cmi.learner_preference.audio_captioning" time="0.000035875">
        </testcase>
        <testcase classname="test/cmi/scorm2004_cmi.spec.ts" name="SCORM 2004 CMI Tests &gt; CMI Spec Tests &gt; Pre-Initialize Tests &gt; Field: cmi.learner_preference.audio_captioning &gt; Should fail to write &apos;75&apos; to cmi.learner_preference.audio_captioning" time="0.00004375">
        </testcase>
        <testcase classname="test/cmi/scorm2004_cmi.spec.ts" name="SCORM 2004 CMI Tests &gt; CMI Spec Tests &gt; Pre-Initialize Tests &gt; Field: cmi.learner_preference.audio_captioning &gt; Should fail to write &apos;100&apos; to cmi.learner_preference.audio_captioning" time="0.000038459">
        </testcase>
        <testcase classname="test/cmi/scorm2004_cmi.spec.ts" name="SCORM 2004 CMI Tests &gt; CMI Spec Tests &gt; Pre-Initialize Tests &gt; Field: cmi.objectives._children &gt; Should be able to read from cmi.objectives._children" time="0.00002975">
        </testcase>
        <testcase classname="test/cmi/scorm2004_cmi.spec.ts" name="SCORM 2004 CMI Tests &gt; CMI Spec Tests &gt; Pre-Initialize Tests &gt; Field: cmi.objectives._children &gt; Should fail to write to cmi.objectives._children" time="0.000049875">
        </testcase>
        <testcase classname="test/cmi/scorm2004_cmi.spec.ts" name="SCORM 2004 CMI Tests &gt; CMI Spec Tests &gt; Pre-Initialize Tests &gt; Field: cmi.objectives._count &gt; Should be able to read from cmi.objectives._count" time="0.000067708">
        </testcase>
        <testcase classname="test/cmi/scorm2004_cmi.spec.ts" name="SCORM 2004 CMI Tests &gt; CMI Spec Tests &gt; Pre-Initialize Tests &gt; Field: cmi.objectives._count &gt; Should fail to write to cmi.objectives._count" time="0.000098375">
        </testcase>
        <testcase classname="test/cmi/scorm2004_cmi.spec.ts" name="SCORM 2004 CMI Tests &gt; CMI Spec Tests &gt; Pre-Initialize Tests &gt; Field: cmi.score._children &gt; Should be able to read from cmi.score._children" time="0.000028625">
        </testcase>
        <testcase classname="test/cmi/scorm2004_cmi.spec.ts" name="SCORM 2004 CMI Tests &gt; CMI Spec Tests &gt; Pre-Initialize Tests &gt; Field: cmi.score._children &gt; Should fail to write to cmi.score._children" time="0.0159155">
        </testcase>
        <testcase classname="test/cmi/scorm2004_cmi.spec.ts" name="SCORM 2004 CMI Tests &gt; CMI Spec Tests &gt; Pre-Initialize Tests &gt; Field: cmi.score.scaled &gt; Should successfully write &apos;1&apos; to cmi.score.scaled" time="0.000188416">
        </testcase>
        <testcase classname="test/cmi/scorm2004_cmi.spec.ts" name="SCORM 2004 CMI Tests &gt; CMI Spec Tests &gt; Pre-Initialize Tests &gt; Field: cmi.score.scaled &gt; Should successfully write &apos;0.5&apos; to cmi.score.scaled" time="0.00006">
        </testcase>
        <testcase classname="test/cmi/scorm2004_cmi.spec.ts" name="SCORM 2004 CMI Tests &gt; CMI Spec Tests &gt; Pre-Initialize Tests &gt; Field: cmi.score.scaled &gt; Should successfully write &apos;0&apos; to cmi.score.scaled" time="0.000045375">
        </testcase>
        <testcase classname="test/cmi/scorm2004_cmi.spec.ts" name="SCORM 2004 CMI Tests &gt; CMI Spec Tests &gt; Pre-Initialize Tests &gt; Field: cmi.score.scaled &gt; Should successfully write &apos;-0.5&apos; to cmi.score.scaled" time="0.000050667">
        </testcase>
        <testcase classname="test/cmi/scorm2004_cmi.spec.ts" name="SCORM 2004 CMI Tests &gt; CMI Spec Tests &gt; Pre-Initialize Tests &gt; Field: cmi.score.scaled &gt; Should successfully write &apos;-1&apos; to cmi.score.scaled" time="0.000046667">
        </testcase>
        <testcase classname="test/cmi/scorm2004_cmi.spec.ts" name="SCORM 2004 CMI Tests &gt; CMI Spec Tests &gt; Pre-Initialize Tests &gt; Field: cmi.score.scaled &gt; Should fail to write &apos;-101&apos; to cmi.score.scaled" time="0.000054667">
        </testcase>
        <testcase classname="test/cmi/scorm2004_cmi.spec.ts" name="SCORM 2004 CMI Tests &gt; CMI Spec Tests &gt; Pre-Initialize Tests &gt; Field: cmi.score.scaled &gt; Should fail to write &apos;25.1&apos; to cmi.score.scaled" time="0.000043292">
        </testcase>
        <testcase classname="test/cmi/scorm2004_cmi.spec.ts" name="SCORM 2004 CMI Tests &gt; CMI Spec Tests &gt; Pre-Initialize Tests &gt; Field: cmi.score.scaled &gt; Should fail to write &apos;50.5&apos; to cmi.score.scaled" time="0.00004225">
        </testcase>
        <testcase classname="test/cmi/scorm2004_cmi.spec.ts" name="SCORM 2004 CMI Tests &gt; CMI Spec Tests &gt; Pre-Initialize Tests &gt; Field: cmi.score.scaled &gt; Should fail to write &apos;75&apos; to cmi.score.scaled" time="0.000041917">
        </testcase>
        <testcase classname="test/cmi/scorm2004_cmi.spec.ts" name="SCORM 2004 CMI Tests &gt; CMI Spec Tests &gt; Pre-Initialize Tests &gt; Field: cmi.score.scaled &gt; Should fail to write &apos;100&apos; to cmi.score.scaled" time="0.000036916">
        </testcase>
        <testcase classname="test/cmi/scorm2004_cmi.spec.ts" name="SCORM 2004 CMI Tests &gt; CMI Spec Tests &gt; Pre-Initialize Tests &gt; Field: cmi.score.raw &gt; Should successfully write &apos;1&apos; to cmi.score.raw" time="0.00006425">
        </testcase>
        <testcase classname="test/cmi/scorm2004_cmi.spec.ts" name="SCORM 2004 CMI Tests &gt; CMI Spec Tests &gt; Pre-Initialize Tests &gt; Field: cmi.score.raw &gt; Should successfully write &apos;50&apos; to cmi.score.raw" time="0.000038958">
        </testcase>
        <testcase classname="test/cmi/scorm2004_cmi.spec.ts" name="SCORM 2004 CMI Tests &gt; CMI Spec Tests &gt; Pre-Initialize Tests &gt; Field: cmi.score.raw &gt; Should successfully write &apos;100&apos; to cmi.score.raw" time="0.000032625">
        </testcase>
        <testcase classname="test/cmi/scorm2004_cmi.spec.ts" name="SCORM 2004 CMI Tests &gt; CMI Spec Tests &gt; Pre-Initialize Tests &gt; Field: cmi.score.raw &gt; Should successfully write &apos;-10000&apos; to cmi.score.raw" time="0.000032291">
        </testcase>
        <testcase classname="test/cmi/scorm2004_cmi.spec.ts" name="SCORM 2004 CMI Tests &gt; CMI Spec Tests &gt; Pre-Initialize Tests &gt; Field: cmi.score.raw &gt; Should successfully write &apos;-1&apos; to cmi.score.raw" time="0.000032625">
        </testcase>
        <testcase classname="test/cmi/scorm2004_cmi.spec.ts" name="SCORM 2004 CMI Tests &gt; CMI Spec Tests &gt; Pre-Initialize Tests &gt; Field: cmi.score.raw &gt; Should successfully write &apos;10000&apos; to cmi.score.raw" time="0.000030542">
        </testcase>
        <testcase classname="test/cmi/scorm2004_cmi.spec.ts" name="SCORM 2004 CMI Tests &gt; CMI Spec Tests &gt; Pre-Initialize Tests &gt; Field: cmi.score.raw &gt; Should fail to write &apos;invalid&apos; to cmi.score.raw" time="0.000036458">
        </testcase>
        <testcase classname="test/cmi/scorm2004_cmi.spec.ts" name="SCORM 2004 CMI Tests &gt; CMI Spec Tests &gt; Pre-Initialize Tests &gt; Field: cmi.score.raw &gt; Should fail to write &apos;a100&apos; to cmi.score.raw" time="0.000036834">
        </testcase>
        <testcase classname="test/cmi/scorm2004_cmi.spec.ts" name="SCORM 2004 CMI Tests &gt; CMI Spec Tests &gt; Pre-Initialize Tests &gt; Field: cmi.score.raw &gt; Should fail to write &apos;-100000&apos; to cmi.score.raw" time="0.000035125">
        </testcase>
        <testcase classname="test/cmi/scorm2004_cmi.spec.ts" name="SCORM 2004 CMI Tests &gt; CMI Spec Tests &gt; Pre-Initialize Tests &gt; Field: cmi.score.raw &gt; Should fail to write &apos;100000&apos; to cmi.score.raw" time="0.000041334">
        </testcase>
        <testcase classname="test/cmi/scorm2004_cmi.spec.ts" name="SCORM 2004 CMI Tests &gt; CMI Spec Tests &gt; Pre-Initialize Tests &gt; Field: cmi.score.min &gt; Should successfully write &apos;1&apos; to cmi.score.min" time="0.000039042">
        </testcase>
        <testcase classname="test/cmi/scorm2004_cmi.spec.ts" name="SCORM 2004 CMI Tests &gt; CMI Spec Tests &gt; Pre-Initialize Tests &gt; Field: cmi.score.min &gt; Should successfully write &apos;50&apos; to cmi.score.min" time="0.000043208">
        </testcase>
        <testcase classname="test/cmi/scorm2004_cmi.spec.ts" name="SCORM 2004 CMI Tests &gt; CMI Spec Tests &gt; Pre-Initialize Tests &gt; Field: cmi.score.min &gt; Should successfully write &apos;100&apos; to cmi.score.min" time="0.000030708">
        </testcase>
        <testcase classname="test/cmi/scorm2004_cmi.spec.ts" name="SCORM 2004 CMI Tests &gt; CMI Spec Tests &gt; Pre-Initialize Tests &gt; Field: cmi.score.min &gt; Should successfully write &apos;-10000&apos; to cmi.score.min" time="0.000032625">
        </testcase>
        <testcase classname="test/cmi/scorm2004_cmi.spec.ts" name="SCORM 2004 CMI Tests &gt; CMI Spec Tests &gt; Pre-Initialize Tests &gt; Field: cmi.score.min &gt; Should successfully write &apos;-1&apos; to cmi.score.min" time="0.000031459">
        </testcase>
        <testcase classname="test/cmi/scorm2004_cmi.spec.ts" name="SCORM 2004 CMI Tests &gt; CMI Spec Tests &gt; Pre-Initialize Tests &gt; Field: cmi.score.min &gt; Should successfully write &apos;10000&apos; to cmi.score.min" time="0.00003175">
        </testcase>
        <testcase classname="test/cmi/scorm2004_cmi.spec.ts" name="SCORM 2004 CMI Tests &gt; CMI Spec Tests &gt; Pre-Initialize Tests &gt; Field: cmi.score.min &gt; Should fail to write &apos;invalid&apos; to cmi.score.min" time="0.000034208">
        </testcase>
        <testcase classname="test/cmi/scorm2004_cmi.spec.ts" name="SCORM 2004 CMI Tests &gt; CMI Spec Tests &gt; Pre-Initialize Tests &gt; Field: cmi.score.min &gt; Should fail to write &apos;a100&apos; to cmi.score.min" time="0.000033583">
        </testcase>
        <testcase classname="test/cmi/scorm2004_cmi.spec.ts" name="SCORM 2004 CMI Tests &gt; CMI Spec Tests &gt; Pre-Initialize Tests &gt; Field: cmi.score.min &gt; Should fail to write &apos;-100000&apos; to cmi.score.min" time="0.000033792">
        </testcase>
        <testcase classname="test/cmi/scorm2004_cmi.spec.ts" name="SCORM 2004 CMI Tests &gt; CMI Spec Tests &gt; Pre-Initialize Tests &gt; Field: cmi.score.min &gt; Should fail to write &apos;100000&apos; to cmi.score.min" time="0.000033667">
        </testcase>
        <testcase classname="test/cmi/scorm2004_cmi.spec.ts" name="SCORM 2004 CMI Tests &gt; CMI Spec Tests &gt; Pre-Initialize Tests &gt; Field: cmi.score.max &gt; Should successfully write &apos;1&apos; to cmi.score.max" time="0.000037666">
        </testcase>
        <testcase classname="test/cmi/scorm2004_cmi.spec.ts" name="SCORM 2004 CMI Tests &gt; CMI Spec Tests &gt; Pre-Initialize Tests &gt; Field: cmi.score.max &gt; Should successfully write &apos;50&apos; to cmi.score.max" time="0.000046416">
        </testcase>
        <testcase classname="test/cmi/scorm2004_cmi.spec.ts" name="SCORM 2004 CMI Tests &gt; CMI Spec Tests &gt; Pre-Initialize Tests &gt; Field: cmi.score.max &gt; Should successfully write &apos;100&apos; to cmi.score.max" time="0.000035083">
        </testcase>
        <testcase classname="test/cmi/scorm2004_cmi.spec.ts" name="SCORM 2004 CMI Tests &gt; CMI Spec Tests &gt; Pre-Initialize Tests &gt; Field: cmi.score.max &gt; Should successfully write &apos;-10000&apos; to cmi.score.max" time="0.000032292">
        </testcase>
        <testcase classname="test/cmi/scorm2004_cmi.spec.ts" name="SCORM 2004 CMI Tests &gt; CMI Spec Tests &gt; Pre-Initialize Tests &gt; Field: cmi.score.max &gt; Should successfully write &apos;-1&apos; to cmi.score.max" time="0.000031667">
        </testcase>
        <testcase classname="test/cmi/scorm2004_cmi.spec.ts" name="SCORM 2004 CMI Tests &gt; CMI Spec Tests &gt; Pre-Initialize Tests &gt; Field: cmi.score.max &gt; Should successfully write &apos;10000&apos; to cmi.score.max" time="0.00003075">
        </testcase>
        <testcase classname="test/cmi/scorm2004_cmi.spec.ts" name="SCORM 2004 CMI Tests &gt; CMI Spec Tests &gt; Pre-Initialize Tests &gt; Field: cmi.score.max &gt; Should fail to write &apos;invalid&apos; to cmi.score.max" time="0.000034958">
        </testcase>
        <testcase classname="test/cmi/scorm2004_cmi.spec.ts" name="SCORM 2004 CMI Tests &gt; CMI Spec Tests &gt; Pre-Initialize Tests &gt; Field: cmi.score.max &gt; Should fail to write &apos;a100&apos; to cmi.score.max" time="0.000035084">
        </testcase>
        <testcase classname="test/cmi/scorm2004_cmi.spec.ts" name="SCORM 2004 CMI Tests &gt; CMI Spec Tests &gt; Pre-Initialize Tests &gt; Field: cmi.score.max &gt; Should fail to write &apos;-100000&apos; to cmi.score.max" time="0.000034541">
        </testcase>
        <testcase classname="test/cmi/scorm2004_cmi.spec.ts" name="SCORM 2004 CMI Tests &gt; CMI Spec Tests &gt; Pre-Initialize Tests &gt; Field: cmi.score.max &gt; Should fail to write &apos;100000&apos; to cmi.score.max" time="0.000095708">
        </testcase>
        <testcase classname="test/cmi/scorm2004_cmi.spec.ts" name="SCORM 2004 CMI Tests &gt; CMI Spec Tests &gt; Pre-Initialize Tests &gt; Field: cmi.comments_from_learner._children &gt; Should be able to read from cmi.comments_from_learner._children" time="0.000038209">
        </testcase>
        <testcase classname="test/cmi/scorm2004_cmi.spec.ts" name="SCORM 2004 CMI Tests &gt; CMI Spec Tests &gt; Pre-Initialize Tests &gt; Field: cmi.comments_from_learner._children &gt; Should fail to write to cmi.comments_from_learner._children" time="0.000109333">
        </testcase>
        <testcase classname="test/cmi/scorm2004_cmi.spec.ts" name="SCORM 2004 CMI Tests &gt; CMI Spec Tests &gt; Pre-Initialize Tests &gt; Field: cmi.comments_from_learner._count &gt; Should be able to read from cmi.comments_from_learner._count" time="0.000025125">
        </testcase>
        <testcase classname="test/cmi/scorm2004_cmi.spec.ts" name="SCORM 2004 CMI Tests &gt; CMI Spec Tests &gt; Pre-Initialize Tests &gt; Field: cmi.comments_from_learner._count &gt; Should fail to write to cmi.comments_from_learner._count" time="0.000055875">
        </testcase>
        <testcase classname="test/cmi/scorm2004_cmi.spec.ts" name="SCORM 2004 CMI Tests &gt; CMI Spec Tests &gt; Pre-Initialize Tests &gt; Field: cmi.comments_from_lms._children &gt; Should be able to read from cmi.comments_from_lms._children" time="0.000025083">
        </testcase>
        <testcase classname="test/cmi/scorm2004_cmi.spec.ts" name="SCORM 2004 CMI Tests &gt; CMI Spec Tests &gt; Pre-Initialize Tests &gt; Field: cmi.comments_from_lms._children &gt; Should fail to write to cmi.comments_from_lms._children" time="0.000038834">
        </testcase>
        <testcase classname="test/cmi/scorm2004_cmi.spec.ts" name="SCORM 2004 CMI Tests &gt; CMI Spec Tests &gt; Pre-Initialize Tests &gt; Field: cmi.comments_from_lms._count &gt; Should be able to read from cmi.comments_from_lms._count" time="0.000024833">
        </testcase>
        <testcase classname="test/cmi/scorm2004_cmi.spec.ts" name="SCORM 2004 CMI Tests &gt; CMI Spec Tests &gt; Pre-Initialize Tests &gt; Field: cmi.comments_from_lms._count &gt; Should fail to write to cmi.comments_from_lms._count" time="0.000049875">
        </testcase>
        <testcase classname="test/cmi/scorm2004_cmi.spec.ts" name="SCORM 2004 CMI Tests &gt; CMI Spec Tests &gt; Pre-Initialize Tests &gt; Field: cmi.interactions._children &gt; Should be able to read from cmi.interactions._children" time="0.000029333">
        </testcase>
        <testcase classname="test/cmi/scorm2004_cmi.spec.ts" name="SCORM 2004 CMI Tests &gt; CMI Spec Tests &gt; Pre-Initialize Tests &gt; Field: cmi.interactions._children &gt; Should fail to write to cmi.interactions._children" time="0.000036125">
        </testcase>
        <testcase classname="test/cmi/scorm2004_cmi.spec.ts" name="SCORM 2004 CMI Tests &gt; CMI Spec Tests &gt; Pre-Initialize Tests &gt; Field: cmi.interactions._count &gt; Should be able to read from cmi.interactions._count" time="0.000023417">
        </testcase>
        <testcase classname="test/cmi/scorm2004_cmi.spec.ts" name="SCORM 2004 CMI Tests &gt; CMI Spec Tests &gt; Pre-Initialize Tests &gt; Field: cmi.interactions._count &gt; Should fail to write to cmi.interactions._count" time="0.000030916">
        </testcase>
        <testcase classname="test/cmi/scorm2004_cmi.spec.ts" name="SCORM 2004 CMI Tests &gt; CMI Spec Tests &gt; Pre-Initialize Tests &gt; Field: cmi.objectives._children &gt; Should be able to read from cmi.objectives._children" time="0.000021417">
        </testcase>
        <testcase classname="test/cmi/scorm2004_cmi.spec.ts" name="SCORM 2004 CMI Tests &gt; CMI Spec Tests &gt; Pre-Initialize Tests &gt; Field: cmi.objectives._children &gt; Should fail to write to cmi.objectives._children" time="0.000030292">
        </testcase>
        <testcase classname="test/cmi/scorm2004_cmi.spec.ts" name="SCORM 2004 CMI Tests &gt; CMI Spec Tests &gt; Pre-Initialize Tests &gt; Field: cmi.objectives._count &gt; Should be able to read from cmi.objectives._count" time="0.000021167">
        </testcase>
        <testcase classname="test/cmi/scorm2004_cmi.spec.ts" name="SCORM 2004 CMI Tests &gt; CMI Spec Tests &gt; Pre-Initialize Tests &gt; Field: cmi.objectives._count &gt; Should fail to write to cmi.objectives._count" time="0.00002975">
        </testcase>
        <testcase classname="test/cmi/scorm2004_cmi.spec.ts" name="SCORM 2004 CMI Tests &gt; CMI Spec Tests &gt; Pre-Initialize Tests &gt; should export JSON" time="0.000236958">
        </testcase>
        <testcase classname="test/cmi/scorm2004_cmi.spec.ts" name="SCORM 2004 CMI Tests &gt; CMI Spec Tests &gt; Post-Initialize Tests &gt; Field: cmi._version &gt; Should be able to read from cmi._version" time="0.000024791">
        </testcase>
        <testcase classname="test/cmi/scorm2004_cmi.spec.ts" name="SCORM 2004 CMI Tests &gt; CMI Spec Tests &gt; Post-Initialize Tests &gt; Field: cmi._version &gt; Should fail to write to cmi._version" time="0.0000735">
        </testcase>
        <testcase classname="test/cmi/scorm2004_cmi.spec.ts" name="SCORM 2004 CMI Tests &gt; CMI Spec Tests &gt; Post-Initialize Tests &gt; Field: cmi._children &gt; Should be able to read from cmi._children" time="0.000021875">
        </testcase>
        <testcase classname="test/cmi/scorm2004_cmi.spec.ts" name="SCORM 2004 CMI Tests &gt; CMI Spec Tests &gt; Post-Initialize Tests &gt; Field: cmi._children &gt; Should fail to write to cmi._children" time="0.000037083">
        </testcase>
        <testcase classname="test/cmi/scorm2004_cmi.spec.ts" name="SCORM 2004 CMI Tests &gt; CMI Spec Tests &gt; Post-Initialize Tests &gt; Field: cmi.completion_status &gt; Should successfully write &apos;completed&apos; to cmi.completion_status" time="0.00004075">
        </testcase>
        <testcase classname="test/cmi/scorm2004_cmi.spec.ts" name="SCORM 2004 CMI Tests &gt; CMI Spec Tests &gt; Post-Initialize Tests &gt; Field: cmi.completion_status &gt; Should successfully write &apos;incomplete&apos; to cmi.completion_status" time="0.000033583">
        </testcase>
        <testcase classname="test/cmi/scorm2004_cmi.spec.ts" name="SCORM 2004 CMI Tests &gt; CMI Spec Tests &gt; Post-Initialize Tests &gt; Field: cmi.completion_status &gt; Should successfully write &apos;not attempted&apos; to cmi.completion_status" time="0.000038333">
        </testcase>
        <testcase classname="test/cmi/scorm2004_cmi.spec.ts" name="SCORM 2004 CMI Tests &gt; CMI Spec Tests &gt; Post-Initialize Tests &gt; Field: cmi.completion_status &gt; Should successfully write &apos;unknown&apos; to cmi.completion_status" time="0.000033083">
        </testcase>
        <testcase classname="test/cmi/scorm2004_cmi.spec.ts" name="SCORM 2004 CMI Tests &gt; CMI Spec Tests &gt; Post-Initialize Tests &gt; Field: cmi.completion_status &gt; Should fail to write &apos;complete&apos; to cmi.completion_status" time="0.000037083">
        </testcase>
        <testcase classname="test/cmi/scorm2004_cmi.spec.ts" name="SCORM 2004 CMI Tests &gt; CMI Spec Tests &gt; Post-Initialize Tests &gt; Field: cmi.completion_status &gt; Should fail to write &apos;passed&apos; to cmi.completion_status" time="0.000035125">
        </testcase>
        <testcase classname="test/cmi/scorm2004_cmi.spec.ts" name="SCORM 2004 CMI Tests &gt; CMI Spec Tests &gt; Post-Initialize Tests &gt; Field: cmi.completion_status &gt; Should fail to write &apos;failed&apos; to cmi.completion_status" time="0.000034">
        </testcase>
        <testcase classname="test/cmi/scorm2004_cmi.spec.ts" name="SCORM 2004 CMI Tests &gt; CMI Spec Tests &gt; Post-Initialize Tests &gt; Field: cmi.completion_threshold &gt; Should be able to read from cmi.completion_threshold" time="0.000023625">
        </testcase>
        <testcase classname="test/cmi/scorm2004_cmi.spec.ts" name="SCORM 2004 CMI Tests &gt; CMI Spec Tests &gt; Post-Initialize Tests &gt; Field: cmi.completion_threshold &gt; Should fail to write to cmi.completion_threshold" time="0.000107125">
        </testcase>
        <testcase classname="test/cmi/scorm2004_cmi.spec.ts" name="SCORM 2004 CMI Tests &gt; CMI Spec Tests &gt; Post-Initialize Tests &gt; Field: cmi.credit &gt; Should be able to read from cmi.credit" time="0.000026458">
        </testcase>
        <testcase classname="test/cmi/scorm2004_cmi.spec.ts" name="SCORM 2004 CMI Tests &gt; CMI Spec Tests &gt; Post-Initialize Tests &gt; Field: cmi.credit &gt; Should fail to write to cmi.credit" time="0.000033584">
        </testcase>
        <testcase classname="test/cmi/scorm2004_cmi.spec.ts" name="SCORM 2004 CMI Tests &gt; CMI Spec Tests &gt; Post-Initialize Tests &gt; Field: cmi.entry &gt; Should be able to read from cmi.entry" time="0.000021917">
        </testcase>
        <testcase classname="test/cmi/scorm2004_cmi.spec.ts" name="SCORM 2004 CMI Tests &gt; CMI Spec Tests &gt; Post-Initialize Tests &gt; Field: cmi.entry &gt; Should fail to write to cmi.entry" time="0.000029792">
        </testcase>
        <testcase classname="test/cmi/scorm2004_cmi.spec.ts" name="SCORM 2004 CMI Tests &gt; CMI Spec Tests &gt; Post-Initialize Tests &gt; Field: cmi.exit &gt; Should fail to read from cmi.exit" time="0.0000305">
        </testcase>
        <testcase classname="test/cmi/scorm2004_cmi.spec.ts" name="SCORM 2004 CMI Tests &gt; CMI Spec Tests &gt; Post-Initialize Tests &gt; Field: cmi.exit &gt; Should successfully write to cmi.exit" time="0.000033667">
        </testcase>
        <testcase classname="test/cmi/scorm2004_cmi.spec.ts" name="SCORM 2004 CMI Tests &gt; CMI Spec Tests &gt; Post-Initialize Tests &gt; Field: cmi.exit &gt; Should successfully write &apos;time-out&apos; to cmi.exit" time="0.000031292">
        </testcase>
        <testcase classname="test/cmi/scorm2004_cmi.spec.ts" name="SCORM 2004 CMI Tests &gt; CMI Spec Tests &gt; Post-Initialize Tests &gt; Field: cmi.exit &gt; Should successfully write &apos;suspend&apos; to cmi.exit" time="0.000031792">
        </testcase>
        <testcase classname="test/cmi/scorm2004_cmi.spec.ts" name="SCORM 2004 CMI Tests &gt; CMI Spec Tests &gt; Post-Initialize Tests &gt; Field: cmi.exit &gt; Should successfully write &apos;logout&apos; to cmi.exit" time="0.012085833">
        </testcase>
        <testcase classname="test/cmi/scorm2004_cmi.spec.ts" name="SCORM 2004 CMI Tests &gt; CMI Spec Tests &gt; Post-Initialize Tests &gt; Field: cmi.exit &gt; Should successfully write &apos;normal&apos; to cmi.exit" time="0.000184125">
        </testcase>
        <testcase classname="test/cmi/scorm2004_cmi.spec.ts" name="SCORM 2004 CMI Tests &gt; CMI Spec Tests &gt; Post-Initialize Tests &gt; Field: cmi.exit &gt; Should successfully write &apos;&apos; to cmi.exit" time="0.0000875">
        </testcase>
        <testcase classname="test/cmi/scorm2004_cmi.spec.ts" name="SCORM 2004 CMI Tests &gt; CMI Spec Tests &gt; Post-Initialize Tests &gt; Field: cmi.exit &gt; Should fail to write &apos;close&apos; to cmi.exit" time="0.000091">
        </testcase>
        <testcase classname="test/cmi/scorm2004_cmi.spec.ts" name="SCORM 2004 CMI Tests &gt; CMI Spec Tests &gt; Post-Initialize Tests &gt; Field: cmi.exit &gt; Should fail to write &apos;exit&apos; to cmi.exit" time="0.000053417">
        </testcase>
        <testcase classname="test/cmi/scorm2004_cmi.spec.ts" name="SCORM 2004 CMI Tests &gt; CMI Spec Tests &gt; Post-Initialize Tests &gt; Field: cmi.exit &gt; Should fail to write &apos;crash&apos; to cmi.exit" time="0.000047791">
        </testcase>
        <testcase classname="test/cmi/scorm2004_cmi.spec.ts" name="SCORM 2004 CMI Tests &gt; CMI Spec Tests &gt; Post-Initialize Tests &gt; Field: cmi.launch_data &gt; Should be able to read from cmi.launch_data" time="0.000036">
        </testcase>
        <testcase classname="test/cmi/scorm2004_cmi.spec.ts" name="SCORM 2004 CMI Tests &gt; CMI Spec Tests &gt; Post-Initialize Tests &gt; Field: cmi.launch_data &gt; Should fail to write to cmi.launch_data" time="0.000062208">
        </testcase>
        <testcase classname="test/cmi/scorm2004_cmi.spec.ts" name="SCORM 2004 CMI Tests &gt; CMI Spec Tests &gt; Post-Initialize Tests &gt; Field: cmi.learner_id &gt; Should be able to read from cmi.learner_id" time="0.00002875">
        </testcase>
        <testcase classname="test/cmi/scorm2004_cmi.spec.ts" name="SCORM 2004 CMI Tests &gt; CMI Spec Tests &gt; Post-Initialize Tests &gt; Field: cmi.learner_id &gt; Should fail to write to cmi.learner_id" time="0.000039458">
        </testcase>
        <testcase classname="test/cmi/scorm2004_cmi.spec.ts" name="SCORM 2004 CMI Tests &gt; CMI Spec Tests &gt; Post-Initialize Tests &gt; Field: cmi.learner_name &gt; Should be able to read from cmi.learner_name" time="0.000022458">
        </testcase>
        <testcase classname="test/cmi/scorm2004_cmi.spec.ts" name="SCORM 2004 CMI Tests &gt; CMI Spec Tests &gt; Post-Initialize Tests &gt; Field: cmi.learner_name &gt; Should fail to write to cmi.learner_name" time="0.000031791">
        </testcase>
        <testcase classname="test/cmi/scorm2004_cmi.spec.ts" name="SCORM 2004 CMI Tests &gt; CMI Spec Tests &gt; Post-Initialize Tests &gt; Field: cmi.location &gt; Should be able to read from cmi.location" time="0.00002375">
        </testcase>
        <testcase classname="test/cmi/scorm2004_cmi.spec.ts" name="SCORM 2004 CMI Tests &gt; CMI Spec Tests &gt; Post-Initialize Tests &gt; Field: cmi.location &gt; Should be able to write upto 1000 characters to cmi.location" time="0.000045416">
        </testcase>
        <testcase classname="test/cmi/scorm2004_cmi.spec.ts" name="SCORM 2004 CMI Tests &gt; CMI Spec Tests &gt; Post-Initialize Tests &gt; Field: cmi.location &gt; Should fail to write more than 1000 characters to cmi.location" time="0.000046083">
        </testcase>
        <testcase classname="test/cmi/scorm2004_cmi.spec.ts" name="SCORM 2004 CMI Tests &gt; CMI Spec Tests &gt; Post-Initialize Tests &gt; Field: cmi.max_time_allowed &gt; Should be able to read from cmi.max_time_allowed" time="0.000023666">
        </testcase>
        <testcase classname="test/cmi/scorm2004_cmi.spec.ts" name="SCORM 2004 CMI Tests &gt; CMI Spec Tests &gt; Post-Initialize Tests &gt; Field: cmi.max_time_allowed &gt; Should fail to write to cmi.max_time_allowed" time="0.000032">
        </testcase>
        <testcase classname="test/cmi/scorm2004_cmi.spec.ts" name="SCORM 2004 CMI Tests &gt; CMI Spec Tests &gt; Post-Initialize Tests &gt; Field: cmi.mode &gt; Should be able to read from cmi.mode" time="0.000021958">
        </testcase>
        <testcase classname="test/cmi/scorm2004_cmi.spec.ts" name="SCORM 2004 CMI Tests &gt; CMI Spec Tests &gt; Post-Initialize Tests &gt; Field: cmi.mode &gt; Should fail to write to cmi.mode" time="0.000030292">
        </testcase>
        <testcase classname="test/cmi/scorm2004_cmi.spec.ts" name="SCORM 2004 CMI Tests &gt; CMI Spec Tests &gt; Post-Initialize Tests &gt; Field: cmi.max_time_allowed &gt; Should be able to read from cmi.max_time_allowed" time="0.000020834">
        </testcase>
        <testcase classname="test/cmi/scorm2004_cmi.spec.ts" name="SCORM 2004 CMI Tests &gt; CMI Spec Tests &gt; Post-Initialize Tests &gt; Field: cmi.max_time_allowed &gt; Should fail to write to cmi.max_time_allowed" time="0.00003025">
        </testcase>
        <testcase classname="test/cmi/scorm2004_cmi.spec.ts" name="SCORM 2004 CMI Tests &gt; CMI Spec Tests &gt; Post-Initialize Tests &gt; Field: cmi.progress_measure &gt; Should successfully write &apos;0.0&apos; to cmi.progress_measure" time="0.000038625">
        </testcase>
        <testcase classname="test/cmi/scorm2004_cmi.spec.ts" name="SCORM 2004 CMI Tests &gt; CMI Spec Tests &gt; Post-Initialize Tests &gt; Field: cmi.progress_measure &gt; Should successfully write &apos;0.25&apos; to cmi.progress_measure" time="0.000034125">
        </testcase>
        <testcase classname="test/cmi/scorm2004_cmi.spec.ts" name="SCORM 2004 CMI Tests &gt; CMI Spec Tests &gt; Post-Initialize Tests &gt; Field: cmi.progress_measure &gt; Should successfully write &apos;0.5&apos; to cmi.progress_measure" time="0.000033167">
        </testcase>
        <testcase classname="test/cmi/scorm2004_cmi.spec.ts" name="SCORM 2004 CMI Tests &gt; CMI Spec Tests &gt; Post-Initialize Tests &gt; Field: cmi.progress_measure &gt; Should successfully write &apos;1.0&apos; to cmi.progress_measure" time="0.000033">
        </testcase>
        <testcase classname="test/cmi/scorm2004_cmi.spec.ts" name="SCORM 2004 CMI Tests &gt; CMI Spec Tests &gt; Post-Initialize Tests &gt; Field: cmi.progress_measure &gt; Should fail to write &apos;-1&apos; to cmi.progress_measure" time="0.000038792">
        </testcase>
        <testcase classname="test/cmi/scorm2004_cmi.spec.ts" name="SCORM 2004 CMI Tests &gt; CMI Spec Tests &gt; Post-Initialize Tests &gt; Field: cmi.progress_measure &gt; Should fail to write &apos;-0.1&apos; to cmi.progress_measure" time="0.000036958">
        </testcase>
        <testcase classname="test/cmi/scorm2004_cmi.spec.ts" name="SCORM 2004 CMI Tests &gt; CMI Spec Tests &gt; Post-Initialize Tests &gt; Field: cmi.progress_measure &gt; Should fail to write &apos;1.1&apos; to cmi.progress_measure" time="0.000036541">
        </testcase>
        <testcase classname="test/cmi/scorm2004_cmi.spec.ts" name="SCORM 2004 CMI Tests &gt; CMI Spec Tests &gt; Post-Initialize Tests &gt; Field: cmi.progress_measure &gt; Should fail to write &apos;.25&apos; to cmi.progress_measure" time="0.000033083">
        </testcase>
        <testcase classname="test/cmi/scorm2004_cmi.spec.ts" name="SCORM 2004 CMI Tests &gt; CMI Spec Tests &gt; Post-Initialize Tests &gt; Field: cmi.scaled_passing_score &gt; Should be able to read from cmi.scaled_passing_score" time="0.000020625">
        </testcase>
        <testcase classname="test/cmi/scorm2004_cmi.spec.ts" name="SCORM 2004 CMI Tests &gt; CMI Spec Tests &gt; Post-Initialize Tests &gt; Field: cmi.scaled_passing_score &gt; Should fail to write to cmi.scaled_passing_score" time="0.0000305">
        </testcase>
        <testcase classname="test/cmi/scorm2004_cmi.spec.ts" name="SCORM 2004 CMI Tests &gt; CMI Spec Tests &gt; Post-Initialize Tests &gt; Field: cmi.session_time &gt; Should fail to read from cmi.session_time" time="0.0000335">
        </testcase>
        <testcase classname="test/cmi/scorm2004_cmi.spec.ts" name="SCORM 2004 CMI Tests &gt; CMI Spec Tests &gt; Post-Initialize Tests &gt; Field: cmi.session_time &gt; Should successfully write to cmi.session_time" time="0.000034417">
        </testcase>
        <testcase classname="test/cmi/scorm2004_cmi.spec.ts" name="SCORM 2004 CMI Tests &gt; CMI Spec Tests &gt; Post-Initialize Tests &gt; Field: cmi.session_time &gt; Should successfully write &apos;P1Y34DT23H45M15S&apos; to cmi.session_time" time="0.000032334">
        </testcase>
        <testcase classname="test/cmi/scorm2004_cmi.spec.ts" name="SCORM 2004 CMI Tests &gt; CMI Spec Tests &gt; Post-Initialize Tests &gt; Field: cmi.session_time &gt; Should successfully write &apos;PT1M45S&apos; to cmi.session_time" time="0.000029625">
        </testcase>
        <testcase classname="test/cmi/scorm2004_cmi.spec.ts" name="SCORM 2004 CMI Tests &gt; CMI Spec Tests &gt; Post-Initialize Tests &gt; Field: cmi.session_time &gt; Should successfully write &apos;P0S&apos; to cmi.session_time" time="0.00002925">
        </testcase>
        <testcase classname="test/cmi/scorm2004_cmi.spec.ts" name="SCORM 2004 CMI Tests &gt; CMI Spec Tests &gt; Post-Initialize Tests &gt; Field: cmi.session_time &gt; Should successfully write &apos;PT75M&apos; to cmi.session_time" time="0.00004575">
        </testcase>
        <testcase classname="test/cmi/scorm2004_cmi.spec.ts" name="SCORM 2004 CMI Tests &gt; CMI Spec Tests &gt; Post-Initialize Tests &gt; Field: cmi.session_time &gt; Should fail to write &apos;00:08:45&apos; to cmi.session_time" time="0.0000365">
        </testcase>
        <testcase classname="test/cmi/scorm2004_cmi.spec.ts" name="SCORM 2004 CMI Tests &gt; CMI Spec Tests &gt; Post-Initialize Tests &gt; Field: cmi.session_time &gt; Should fail to write &apos;-P1H&apos; to cmi.session_time" time="0.000038084">
        </testcase>
        <testcase classname="test/cmi/scorm2004_cmi.spec.ts" name="SCORM 2004 CMI Tests &gt; CMI Spec Tests &gt; Post-Initialize Tests &gt; Field: cmi.session_time &gt; Should fail to write &apos;1y45D&apos; to cmi.session_time" time="0.000033875">
        </testcase>
        <testcase classname="test/cmi/scorm2004_cmi.spec.ts" name="SCORM 2004 CMI Tests &gt; CMI Spec Tests &gt; Post-Initialize Tests &gt; Field: cmi.session_time &gt; Should fail to write &apos;0&apos; to cmi.session_time" time="0.0000325">
        </testcase>
        <testcase classname="test/cmi/scorm2004_cmi.spec.ts" name="SCORM 2004 CMI Tests &gt; CMI Spec Tests &gt; Post-Initialize Tests &gt; Field: cmi.success_status &gt; Should be able to read from cmi.success_status" time="0.00002175">
        </testcase>
        <testcase classname="test/cmi/scorm2004_cmi.spec.ts" name="SCORM 2004 CMI Tests &gt; CMI Spec Tests &gt; Post-Initialize Tests &gt; Field: cmi.success_status &gt; Should successfully write &apos;passed&apos; to cmi.success_status" time="0.000030042">
        </testcase>
        <testcase classname="test/cmi/scorm2004_cmi.spec.ts" name="SCORM 2004 CMI Tests &gt; CMI Spec Tests &gt; Post-Initialize Tests &gt; Field: cmi.success_status &gt; Should successfully write &apos;failed&apos; to cmi.success_status" time="0.00002925">
        </testcase>
        <testcase classname="test/cmi/scorm2004_cmi.spec.ts" name="SCORM 2004 CMI Tests &gt; CMI Spec Tests &gt; Post-Initialize Tests &gt; Field: cmi.success_status &gt; Should successfully write &apos;unknown&apos; to cmi.success_status" time="0.000030708">
        </testcase>
        <testcase classname="test/cmi/scorm2004_cmi.spec.ts" name="SCORM 2004 CMI Tests &gt; CMI Spec Tests &gt; Post-Initialize Tests &gt; Field: cmi.success_status &gt; Should fail to write &apos;complete&apos; to cmi.success_status" time="0.000035458">
        </testcase>
        <testcase classname="test/cmi/scorm2004_cmi.spec.ts" name="SCORM 2004 CMI Tests &gt; CMI Spec Tests &gt; Post-Initialize Tests &gt; Field: cmi.success_status &gt; Should fail to write &apos;incomplete&apos; to cmi.success_status" time="0.000032375">
        </testcase>
        <testcase classname="test/cmi/scorm2004_cmi.spec.ts" name="SCORM 2004 CMI Tests &gt; CMI Spec Tests &gt; Post-Initialize Tests &gt; Field: cmi.success_status &gt; Should fail to write &apos;P&apos; to cmi.success_status" time="0.000032417">
        </testcase>
        <testcase classname="test/cmi/scorm2004_cmi.spec.ts" name="SCORM 2004 CMI Tests &gt; CMI Spec Tests &gt; Post-Initialize Tests &gt; Field: cmi.success_status &gt; Should fail to write &apos;f&apos; to cmi.success_status" time="0.000032">
        </testcase>
        <testcase classname="test/cmi/scorm2004_cmi.spec.ts" name="SCORM 2004 CMI Tests &gt; CMI Spec Tests &gt; Post-Initialize Tests &gt; Field: cmi.suspend_data &gt; Should be able to read from cmi.suspend_data" time="0.000021291">
        </testcase>
        <testcase classname="test/cmi/scorm2004_cmi.spec.ts" name="SCORM 2004 CMI Tests &gt; CMI Spec Tests &gt; Post-Initialize Tests &gt; Field: cmi.suspend_data &gt; Should be able to write upto 64000 characters to cmi.suspend_data" time="0.000038708">
        </testcase>
        <testcase classname="test/cmi/scorm2004_cmi.spec.ts" name="SCORM 2004 CMI Tests &gt; CMI Spec Tests &gt; Post-Initialize Tests &gt; Field: cmi.suspend_data &gt; Should fail to write more than 64000 characters to cmi.suspend_data" time="0.00029925">
        </testcase>
        <testcase classname="test/cmi/scorm2004_cmi.spec.ts" name="SCORM 2004 CMI Tests &gt; CMI Spec Tests &gt; Post-Initialize Tests &gt; Field: cmi.time_limit_action &gt; Should be able to read from cmi.time_limit_action" time="0.000024708">
        </testcase>
        <testcase classname="test/cmi/scorm2004_cmi.spec.ts" name="SCORM 2004 CMI Tests &gt; CMI Spec Tests &gt; Post-Initialize Tests &gt; Field: cmi.time_limit_action &gt; Should fail to write to cmi.time_limit_action" time="0.000032917">
        </testcase>
        <testcase classname="test/cmi/scorm2004_cmi.spec.ts" name="SCORM 2004 CMI Tests &gt; CMI Spec Tests &gt; Post-Initialize Tests &gt; Field: cmi.total_time &gt; Should be able to read from cmi.total_time" time="0.000022792">
        </testcase>
        <testcase classname="test/cmi/scorm2004_cmi.spec.ts" name="SCORM 2004 CMI Tests &gt; CMI Spec Tests &gt; Post-Initialize Tests &gt; Field: cmi.total_time &gt; Should fail to write to cmi.total_time" time="0.000030875">
        </testcase>
        <testcase classname="test/cmi/scorm2004_cmi.spec.ts" name="SCORM 2004 CMI Tests &gt; CMI Spec Tests &gt; Post-Initialize Tests &gt; Field: cmi.learner_preference._children &gt; Should be able to read from cmi.learner_preference._children" time="0.00002325">
        </testcase>
        <testcase classname="test/cmi/scorm2004_cmi.spec.ts" name="SCORM 2004 CMI Tests &gt; CMI Spec Tests &gt; Post-Initialize Tests &gt; Field: cmi.learner_preference._children &gt; Should fail to write to cmi.learner_preference._children" time="0.000027416">
        </testcase>
        <testcase classname="test/cmi/scorm2004_cmi.spec.ts" name="SCORM 2004 CMI Tests &gt; CMI Spec Tests &gt; Post-Initialize Tests &gt; Field: cmi.learner_preference.audio_level &gt; Should successfully write &apos;1&apos; to cmi.learner_preference.audio_level" time="0.000035416">
        </testcase>
        <testcase classname="test/cmi/scorm2004_cmi.spec.ts" name="SCORM 2004 CMI Tests &gt; CMI Spec Tests &gt; Post-Initialize Tests &gt; Field: cmi.learner_preference.audio_level &gt; Should successfully write &apos;50&apos; to cmi.learner_preference.audio_level" time="0.000032541">
        </testcase>
        <testcase classname="test/cmi/scorm2004_cmi.spec.ts" name="SCORM 2004 CMI Tests &gt; CMI Spec Tests &gt; Post-Initialize Tests &gt; Field: cmi.learner_preference.audio_level &gt; Should successfully write &apos;100&apos; to cmi.learner_preference.audio_level" time="0.000032">
        </testcase>
        <testcase classname="test/cmi/scorm2004_cmi.spec.ts" name="SCORM 2004 CMI Tests &gt; CMI Spec Tests &gt; Post-Initialize Tests &gt; Field: cmi.learner_preference.audio_level &gt; Should fail to write &apos;invalid&apos; to cmi.learner_preference.audio_level" time="0.000033667">
        </testcase>
        <testcase classname="test/cmi/scorm2004_cmi.spec.ts" name="SCORM 2004 CMI Tests &gt; CMI Spec Tests &gt; Post-Initialize Tests &gt; Field: cmi.learner_preference.audio_level &gt; Should fail to write &apos;a100&apos; to cmi.learner_preference.audio_level" time="0.000033291">
        </testcase>
        <testcase classname="test/cmi/scorm2004_cmi.spec.ts" name="SCORM 2004 CMI Tests &gt; CMI Spec Tests &gt; Post-Initialize Tests &gt; Field: cmi.learner_preference.audio_level &gt; Should fail to write &apos;-1&apos; to cmi.learner_preference.audio_level" time="0.000036375">
        </testcase>
        <testcase classname="test/cmi/scorm2004_cmi.spec.ts" name="SCORM 2004 CMI Tests &gt; CMI Spec Tests &gt; Post-Initialize Tests &gt; Field: cmi.learner_preference.language &gt; Should successfully write &apos;en&apos; to cmi.learner_preference.language" time="0.000030083">
        </testcase>
        <testcase classname="test/cmi/scorm2004_cmi.spec.ts" name="SCORM 2004 CMI Tests &gt; CMI Spec Tests &gt; Post-Initialize Tests &gt; Field: cmi.learner_preference.language &gt; Should successfully write &apos;fr&apos; to cmi.learner_preference.language" time="0.000029209">
        </testcase>
        <testcase classname="test/cmi/scorm2004_cmi.spec.ts" name="SCORM 2004 CMI Tests &gt; CMI Spec Tests &gt; Post-Initialize Tests &gt; Field: cmi.learner_preference.language &gt; Should successfully write &apos;ru&apos; to cmi.learner_preference.language" time="0.000028166">
        </testcase>
        <testcase classname="test/cmi/scorm2004_cmi.spec.ts" name="SCORM 2004 CMI Tests &gt; CMI Spec Tests &gt; Post-Initialize Tests &gt; Field: cmi.learner_preference.language &gt; Should successfully write &apos;es&apos; to cmi.learner_preference.language" time="0.000029584">
        </testcase>
        <testcase classname="test/cmi/scorm2004_cmi.spec.ts" name="SCORM 2004 CMI Tests &gt; CMI Spec Tests &gt; Post-Initialize Tests &gt; Field: cmi.learner_preference.language &gt; Should fail to write &apos;invalid&apos; to cmi.learner_preference.language" time="0.000032125">
        </testcase>
        <testcase classname="test/cmi/scorm2004_cmi.spec.ts" name="SCORM 2004 CMI Tests &gt; CMI Spec Tests &gt; Post-Initialize Tests &gt; Field: cmi.learner_preference.language &gt; Should fail to write &apos;a100&apos; to cmi.learner_preference.language" time="0.00003375">
        </testcase>
        <testcase classname="test/cmi/scorm2004_cmi.spec.ts" name="SCORM 2004 CMI Tests &gt; CMI Spec Tests &gt; Post-Initialize Tests &gt; Field: cmi.learner_preference.delivery_speed &gt; Should successfully write &apos;1&apos; to cmi.learner_preference.delivery_speed" time="0.000032792">
        </testcase>
        <testcase classname="test/cmi/scorm2004_cmi.spec.ts" name="SCORM 2004 CMI Tests &gt; CMI Spec Tests &gt; Post-Initialize Tests &gt; Field: cmi.learner_preference.delivery_speed &gt; Should successfully write &apos;50&apos; to cmi.learner_preference.delivery_speed" time="0.000028833">
        </testcase>
        <testcase classname="test/cmi/scorm2004_cmi.spec.ts" name="SCORM 2004 CMI Tests &gt; CMI Spec Tests &gt; Post-Initialize Tests &gt; Field: cmi.learner_preference.delivery_speed &gt; Should successfully write &apos;100&apos; to cmi.learner_preference.delivery_speed" time="0.000028625">
        </testcase>
        <testcase classname="test/cmi/scorm2004_cmi.spec.ts" name="SCORM 2004 CMI Tests &gt; CMI Spec Tests &gt; Post-Initialize Tests &gt; Field: cmi.learner_preference.delivery_speed &gt; Should fail to write &apos;invalid&apos; to cmi.learner_preference.delivery_speed" time="0.000032042">
        </testcase>
        <testcase classname="test/cmi/scorm2004_cmi.spec.ts" name="SCORM 2004 CMI Tests &gt; CMI Spec Tests &gt; Post-Initialize Tests &gt; Field: cmi.learner_preference.delivery_speed &gt; Should fail to write &apos;a100&apos; to cmi.learner_preference.delivery_speed" time="0.000032333">
        </testcase>
        <testcase classname="test/cmi/scorm2004_cmi.spec.ts" name="SCORM 2004 CMI Tests &gt; CMI Spec Tests &gt; Post-Initialize Tests &gt; Field: cmi.learner_preference.delivery_speed &gt; Should fail to write &apos;-1&apos; to cmi.learner_preference.delivery_speed" time="0.000043375">
        </testcase>
        <testcase classname="test/cmi/scorm2004_cmi.spec.ts" name="SCORM 2004 CMI Tests &gt; CMI Spec Tests &gt; Post-Initialize Tests &gt; Field: cmi.learner_preference.audio_captioning &gt; Should successfully write &apos;1&apos; to cmi.learner_preference.audio_captioning" time="0.000031458">
        </testcase>
        <testcase classname="test/cmi/scorm2004_cmi.spec.ts" name="SCORM 2004 CMI Tests &gt; CMI Spec Tests &gt; Post-Initialize Tests &gt; Field: cmi.learner_preference.audio_captioning &gt; Should successfully write &apos;0&apos; to cmi.learner_preference.audio_captioning" time="0.000029167">
        </testcase>
        <testcase classname="test/cmi/scorm2004_cmi.spec.ts" name="SCORM 2004 CMI Tests &gt; CMI Spec Tests &gt; Post-Initialize Tests &gt; Field: cmi.learner_preference.audio_captioning &gt; Should successfully write &apos;-1&apos; to cmi.learner_preference.audio_captioning" time="0.000028458">
        </testcase>
        <testcase classname="test/cmi/scorm2004_cmi.spec.ts" name="SCORM 2004 CMI Tests &gt; CMI Spec Tests &gt; Post-Initialize Tests &gt; Field: cmi.learner_preference.audio_captioning &gt; Should fail to write &apos;-101&apos; to cmi.learner_preference.audio_captioning" time="0.000032208">
        </testcase>
        <testcase classname="test/cmi/scorm2004_cmi.spec.ts" name="SCORM 2004 CMI Tests &gt; CMI Spec Tests &gt; Post-Initialize Tests &gt; Field: cmi.learner_preference.audio_captioning &gt; Should fail to write &apos;-0.5&apos; to cmi.learner_preference.audio_captioning" time="0.000035084">
        </testcase>
        <testcase classname="test/cmi/scorm2004_cmi.spec.ts" name="SCORM 2004 CMI Tests &gt; CMI Spec Tests &gt; Post-Initialize Tests &gt; Field: cmi.learner_preference.audio_captioning &gt; Should fail to write &apos;0.5&apos; to cmi.learner_preference.audio_captioning" time="0.000032375">
        </testcase>
        <testcase classname="test/cmi/scorm2004_cmi.spec.ts" name="SCORM 2004 CMI Tests &gt; CMI Spec Tests &gt; Post-Initialize Tests &gt; Field: cmi.learner_preference.audio_captioning &gt; Should fail to write &apos;25.1&apos; to cmi.learner_preference.audio_captioning" time="0.000031667">
        </testcase>
        <testcase classname="test/cmi/scorm2004_cmi.spec.ts" name="SCORM 2004 CMI Tests &gt; CMI Spec Tests &gt; Post-Initialize Tests &gt; Field: cmi.learner_preference.audio_captioning &gt; Should fail to write &apos;50.5&apos; to cmi.learner_preference.audio_captioning" time="0.000031833">
        </testcase>
        <testcase classname="test/cmi/scorm2004_cmi.spec.ts" name="SCORM 2004 CMI Tests &gt; CMI Spec Tests &gt; Post-Initialize Tests &gt; Field: cmi.learner_preference.audio_captioning &gt; Should fail to write &apos;75&apos; to cmi.learner_preference.audio_captioning" time="0.000032791">
        </testcase>
        <testcase classname="test/cmi/scorm2004_cmi.spec.ts" name="SCORM 2004 CMI Tests &gt; CMI Spec Tests &gt; Post-Initialize Tests &gt; Field: cmi.learner_preference.audio_captioning &gt; Should fail to write &apos;100&apos; to cmi.learner_preference.audio_captioning" time="0.000031875">
        </testcase>
        <testcase classname="test/cmi/scorm2004_cmi.spec.ts" name="SCORM 2004 CMI Tests &gt; CMI Spec Tests &gt; Post-Initialize Tests &gt; Field: cmi.objectives._children &gt; Should be able to read from cmi.objectives._children" time="0.000018959">
        </testcase>
        <testcase classname="test/cmi/scorm2004_cmi.spec.ts" name="SCORM 2004 CMI Tests &gt; CMI Spec Tests &gt; Post-Initialize Tests &gt; Field: cmi.objectives._children &gt; Should fail to write to cmi.objectives._children" time="0.00002975">
        </testcase>
        <testcase classname="test/cmi/scorm2004_cmi.spec.ts" name="SCORM 2004 CMI Tests &gt; CMI Spec Tests &gt; Post-Initialize Tests &gt; Field: cmi.objectives._count &gt; Should be able to read from cmi.objectives._count" time="0.000019334">
        </testcase>
        <testcase classname="test/cmi/scorm2004_cmi.spec.ts" name="SCORM 2004 CMI Tests &gt; CMI Spec Tests &gt; Post-Initialize Tests &gt; Field: cmi.objectives._count &gt; Should fail to write to cmi.objectives._count" time="0.000085583">
        </testcase>
        <testcase classname="test/cmi/scorm2004_cmi.spec.ts" name="SCORM 2004 CMI Tests &gt; CMI Spec Tests &gt; Post-Initialize Tests &gt; Field: cmi.score._children &gt; Should be able to read from cmi.score._children" time="0.000022167">
        </testcase>
        <testcase classname="test/cmi/scorm2004_cmi.spec.ts" name="SCORM 2004 CMI Tests &gt; CMI Spec Tests &gt; Post-Initialize Tests &gt; Field: cmi.score._children &gt; Should fail to write to cmi.score._children" time="0.000030958">
        </testcase>
        <testcase classname="test/cmi/scorm2004_cmi.spec.ts" name="SCORM 2004 CMI Tests &gt; CMI Spec Tests &gt; Post-Initialize Tests &gt; Field: cmi.score.scaled &gt; Should successfully write &apos;1&apos; to cmi.score.scaled" time="0.00003525">
        </testcase>
        <testcase classname="test/cmi/scorm2004_cmi.spec.ts" name="SCORM 2004 CMI Tests &gt; CMI Spec Tests &gt; Post-Initialize Tests &gt; Field: cmi.score.scaled &gt; Should successfully write &apos;0.5&apos; to cmi.score.scaled" time="0.000030042">
        </testcase>
        <testcase classname="test/cmi/scorm2004_cmi.spec.ts" name="SCORM 2004 CMI Tests &gt; CMI Spec Tests &gt; Post-Initialize Tests &gt; Field: cmi.score.scaled &gt; Should successfully write &apos;0&apos; to cmi.score.scaled" time="0.000029">
        </testcase>
        <testcase classname="test/cmi/scorm2004_cmi.spec.ts" name="SCORM 2004 CMI Tests &gt; CMI Spec Tests &gt; Post-Initialize Tests &gt; Field: cmi.score.scaled &gt; Should successfully write &apos;-0.5&apos; to cmi.score.scaled" time="0.000029792">
        </testcase>
        <testcase classname="test/cmi/scorm2004_cmi.spec.ts" name="SCORM 2004 CMI Tests &gt; CMI Spec Tests &gt; Post-Initialize Tests &gt; Field: cmi.score.scaled &gt; Should successfully write &apos;-1&apos; to cmi.score.scaled" time="0.000035167">
        </testcase>
        <testcase classname="test/cmi/scorm2004_cmi.spec.ts" name="SCORM 2004 CMI Tests &gt; CMI Spec Tests &gt; Post-Initialize Tests &gt; Field: cmi.score.scaled &gt; Should fail to write &apos;-101&apos; to cmi.score.scaled" time="0.000033375">
        </testcase>
        <testcase classname="test/cmi/scorm2004_cmi.spec.ts" name="SCORM 2004 CMI Tests &gt; CMI Spec Tests &gt; Post-Initialize Tests &gt; Field: cmi.score.scaled &gt; Should fail to write &apos;25.1&apos; to cmi.score.scaled" time="0.000033">
        </testcase>
        <testcase classname="test/cmi/scorm2004_cmi.spec.ts" name="SCORM 2004 CMI Tests &gt; CMI Spec Tests &gt; Post-Initialize Tests &gt; Field: cmi.score.scaled &gt; Should fail to write &apos;50.5&apos; to cmi.score.scaled" time="0.000033">
        </testcase>
        <testcase classname="test/cmi/scorm2004_cmi.spec.ts" name="SCORM 2004 CMI Tests &gt; CMI Spec Tests &gt; Post-Initialize Tests &gt; Field: cmi.score.scaled &gt; Should fail to write &apos;75&apos; to cmi.score.scaled" time="0.000032792">
        </testcase>
        <testcase classname="test/cmi/scorm2004_cmi.spec.ts" name="SCORM 2004 CMI Tests &gt; CMI Spec Tests &gt; Post-Initialize Tests &gt; Field: cmi.score.scaled &gt; Should fail to write &apos;100&apos; to cmi.score.scaled" time="0.000032625">
        </testcase>
        <testcase classname="test/cmi/scorm2004_cmi.spec.ts" name="SCORM 2004 CMI Tests &gt; CMI Spec Tests &gt; Post-Initialize Tests &gt; Field: cmi.score.raw &gt; Should successfully write &apos;1&apos; to cmi.score.raw" time="0.000031583">
        </testcase>
        <testcase classname="test/cmi/scorm2004_cmi.spec.ts" name="SCORM 2004 CMI Tests &gt; CMI Spec Tests &gt; Post-Initialize Tests &gt; Field: cmi.score.raw &gt; Should successfully write &apos;50&apos; to cmi.score.raw" time="0.000031084">
        </testcase>
        <testcase classname="test/cmi/scorm2004_cmi.spec.ts" name="SCORM 2004 CMI Tests &gt; CMI Spec Tests &gt; Post-Initialize Tests &gt; Field: cmi.score.raw &gt; Should successfully write &apos;100&apos; to cmi.score.raw" time="0.000030416">
        </testcase>
        <testcase classname="test/cmi/scorm2004_cmi.spec.ts" name="SCORM 2004 CMI Tests &gt; CMI Spec Tests &gt; Post-Initialize Tests &gt; Field: cmi.score.raw &gt; Should successfully write &apos;-10000&apos; to cmi.score.raw" time="0.000032375">
        </testcase>
        <testcase classname="test/cmi/scorm2004_cmi.spec.ts" name="SCORM 2004 CMI Tests &gt; CMI Spec Tests &gt; Post-Initialize Tests &gt; Field: cmi.score.raw &gt; Should successfully write &apos;-1&apos; to cmi.score.raw" time="0.000027833">
        </testcase>
        <testcase classname="test/cmi/scorm2004_cmi.spec.ts" name="SCORM 2004 CMI Tests &gt; CMI Spec Tests &gt; Post-Initialize Tests &gt; Field: cmi.score.raw &gt; Should successfully write &apos;10000&apos; to cmi.score.raw" time="0.000028042">
        </testcase>
        <testcase classname="test/cmi/scorm2004_cmi.spec.ts" name="SCORM 2004 CMI Tests &gt; CMI Spec Tests &gt; Post-Initialize Tests &gt; Field: cmi.score.raw &gt; Should fail to write &apos;invalid&apos; to cmi.score.raw" time="0.000032958">
        </testcase>
        <testcase classname="test/cmi/scorm2004_cmi.spec.ts" name="SCORM 2004 CMI Tests &gt; CMI Spec Tests &gt; Post-Initialize Tests &gt; Field: cmi.score.raw &gt; Should fail to write &apos;a100&apos; to cmi.score.raw" time="0.000033667">
        </testcase>
        <testcase classname="test/cmi/scorm2004_cmi.spec.ts" name="SCORM 2004 CMI Tests &gt; CMI Spec Tests &gt; Post-Initialize Tests &gt; Field: cmi.score.raw &gt; Should fail to write &apos;-100000&apos; to cmi.score.raw" time="0.00003175">
        </testcase>
        <testcase classname="test/cmi/scorm2004_cmi.spec.ts" name="SCORM 2004 CMI Tests &gt; CMI Spec Tests &gt; Post-Initialize Tests &gt; Field: cmi.score.raw &gt; Should fail to write &apos;100000&apos; to cmi.score.raw" time="0.000032333">
        </testcase>
        <testcase classname="test/cmi/scorm2004_cmi.spec.ts" name="SCORM 2004 CMI Tests &gt; CMI Spec Tests &gt; Post-Initialize Tests &gt; Field: cmi.score.min &gt; Should successfully write &apos;1&apos; to cmi.score.min" time="0.000030083">
        </testcase>
        <testcase classname="test/cmi/scorm2004_cmi.spec.ts" name="SCORM 2004 CMI Tests &gt; CMI Spec Tests &gt; Post-Initialize Tests &gt; Field: cmi.score.min &gt; Should successfully write &apos;50&apos; to cmi.score.min" time="0.000028083">
        </testcase>
        <testcase classname="test/cmi/scorm2004_cmi.spec.ts" name="SCORM 2004 CMI Tests &gt; CMI Spec Tests &gt; Post-Initialize Tests &gt; Field: cmi.score.min &gt; Should successfully write &apos;100&apos; to cmi.score.min" time="0.000028625">
        </testcase>
        <testcase classname="test/cmi/scorm2004_cmi.spec.ts" name="SCORM 2004 CMI Tests &gt; CMI Spec Tests &gt; Post-Initialize Tests &gt; Field: cmi.score.min &gt; Should successfully write &apos;-10000&apos; to cmi.score.min" time="0.000030459">
        </testcase>
        <testcase classname="test/cmi/scorm2004_cmi.spec.ts" name="SCORM 2004 CMI Tests &gt; CMI Spec Tests &gt; Post-Initialize Tests &gt; Field: cmi.score.min &gt; Should successfully write &apos;-1&apos; to cmi.score.min" time="0.000027625">
        </testcase>
        <testcase classname="test/cmi/scorm2004_cmi.spec.ts" name="SCORM 2004 CMI Tests &gt; CMI Spec Tests &gt; Post-Initialize Tests &gt; Field: cmi.score.min &gt; Should successfully write &apos;10000&apos; to cmi.score.min" time="0.000028625">
        </testcase>
        <testcase classname="test/cmi/scorm2004_cmi.spec.ts" name="SCORM 2004 CMI Tests &gt; CMI Spec Tests &gt; Post-Initialize Tests &gt; Field: cmi.score.min &gt; Should fail to write &apos;invalid&apos; to cmi.score.min" time="0.000031334">
        </testcase>
        <testcase classname="test/cmi/scorm2004_cmi.spec.ts" name="SCORM 2004 CMI Tests &gt; CMI Spec Tests &gt; Post-Initialize Tests &gt; Field: cmi.score.min &gt; Should fail to write &apos;a100&apos; to cmi.score.min" time="0.00003175">
        </testcase>
        <testcase classname="test/cmi/scorm2004_cmi.spec.ts" name="SCORM 2004 CMI Tests &gt; CMI Spec Tests &gt; Post-Initialize Tests &gt; Field: cmi.score.min &gt; Should fail to write &apos;-100000&apos; to cmi.score.min" time="0.000034375">
        </testcase>
        <testcase classname="test/cmi/scorm2004_cmi.spec.ts" name="SCORM 2004 CMI Tests &gt; CMI Spec Tests &gt; Post-Initialize Tests &gt; Field: cmi.score.min &gt; Should fail to write &apos;100000&apos; to cmi.score.min" time="0.000034958">
        </testcase>
        <testcase classname="test/cmi/scorm2004_cmi.spec.ts" name="SCORM 2004 CMI Tests &gt; CMI Spec Tests &gt; Post-Initialize Tests &gt; Field: cmi.score.max &gt; Should successfully write &apos;1&apos; to cmi.score.max" time="0.000030583">
        </testcase>
        <testcase classname="test/cmi/scorm2004_cmi.spec.ts" name="SCORM 2004 CMI Tests &gt; CMI Spec Tests &gt; Post-Initialize Tests &gt; Field: cmi.score.max &gt; Should successfully write &apos;50&apos; to cmi.score.max" time="0.000031292">
        </testcase>
        <testcase classname="test/cmi/scorm2004_cmi.spec.ts" name="SCORM 2004 CMI Tests &gt; CMI Spec Tests &gt; Post-Initialize Tests &gt; Field: cmi.score.max &gt; Should successfully write &apos;100&apos; to cmi.score.max" time="0.000029583">
        </testcase>
        <testcase classname="test/cmi/scorm2004_cmi.spec.ts" name="SCORM 2004 CMI Tests &gt; CMI Spec Tests &gt; Post-Initialize Tests &gt; Field: cmi.score.max &gt; Should successfully write &apos;-10000&apos; to cmi.score.max" time="0.000030083">
        </testcase>
        <testcase classname="test/cmi/scorm2004_cmi.spec.ts" name="SCORM 2004 CMI Tests &gt; CMI Spec Tests &gt; Post-Initialize Tests &gt; Field: cmi.score.max &gt; Should successfully write &apos;-1&apos; to cmi.score.max" time="0.000028834">
        </testcase>
        <testcase classname="test/cmi/scorm2004_cmi.spec.ts" name="SCORM 2004 CMI Tests &gt; CMI Spec Tests &gt; Post-Initialize Tests &gt; Field: cmi.score.max &gt; Should successfully write &apos;10000&apos; to cmi.score.max" time="0.000027708">
        </testcase>
        <testcase classname="test/cmi/scorm2004_cmi.spec.ts" name="SCORM 2004 CMI Tests &gt; CMI Spec Tests &gt; Post-Initialize Tests &gt; Field: cmi.score.max &gt; Should fail to write &apos;invalid&apos; to cmi.score.max" time="0.000031792">
        </testcase>
        <testcase classname="test/cmi/scorm2004_cmi.spec.ts" name="SCORM 2004 CMI Tests &gt; CMI Spec Tests &gt; Post-Initialize Tests &gt; Field: cmi.score.max &gt; Should fail to write &apos;a100&apos; to cmi.score.max" time="0.000031209">
        </testcase>
        <testcase classname="test/cmi/scorm2004_cmi.spec.ts" name="SCORM 2004 CMI Tests &gt; CMI Spec Tests &gt; Post-Initialize Tests &gt; Field: cmi.score.max &gt; Should fail to write &apos;-100000&apos; to cmi.score.max" time="0.000032458">
        </testcase>
        <testcase classname="test/cmi/scorm2004_cmi.spec.ts" name="SCORM 2004 CMI Tests &gt; CMI Spec Tests &gt; Post-Initialize Tests &gt; Field: cmi.score.max &gt; Should fail to write &apos;100000&apos; to cmi.score.max" time="0.000032958">
        </testcase>
        <testcase classname="test/cmi/scorm2004_cmi.spec.ts" name="SCORM 2004 CMI Tests &gt; CMI Spec Tests &gt; Post-Initialize Tests &gt; Field: cmi.comments_from_learner._children &gt; Should be able to read from cmi.comments_from_learner._children" time="0.000021875">
        </testcase>
        <testcase classname="test/cmi/scorm2004_cmi.spec.ts" name="SCORM 2004 CMI Tests &gt; CMI Spec Tests &gt; Post-Initialize Tests &gt; Field: cmi.comments_from_learner._children &gt; Should fail to write to cmi.comments_from_learner._children" time="0.000032334">
        </testcase>
        <testcase classname="test/cmi/scorm2004_cmi.spec.ts" name="SCORM 2004 CMI Tests &gt; CMI Spec Tests &gt; Post-Initialize Tests &gt; Field: cmi.comments_from_learner._count &gt; Should be able to read from cmi.comments_from_learner._count" time="0.000019125">
        </testcase>
        <testcase classname="test/cmi/scorm2004_cmi.spec.ts" name="SCORM 2004 CMI Tests &gt; CMI Spec Tests &gt; Post-Initialize Tests &gt; Field: cmi.comments_from_learner._count &gt; Should fail to write to cmi.comments_from_learner._count" time="0.000027417">
        </testcase>
        <testcase classname="test/cmi/scorm2004_cmi.spec.ts" name="SCORM 2004 CMI Tests &gt; CMI Spec Tests &gt; Post-Initialize Tests &gt; Field: cmi.comments_from_lms._children &gt; Should be able to read from cmi.comments_from_lms._children" time="0.000019791">
        </testcase>
        <testcase classname="test/cmi/scorm2004_cmi.spec.ts" name="SCORM 2004 CMI Tests &gt; CMI Spec Tests &gt; Post-Initialize Tests &gt; Field: cmi.comments_from_lms._children &gt; Should fail to write to cmi.comments_from_lms._children" time="0.000026209">
        </testcase>
        <testcase classname="test/cmi/scorm2004_cmi.spec.ts" name="SCORM 2004 CMI Tests &gt; CMI Spec Tests &gt; Post-Initialize Tests &gt; Field: cmi.comments_from_lms._count &gt; Should be able to read from cmi.comments_from_lms._count" time="0.000019667">
        </testcase>
        <testcase classname="test/cmi/scorm2004_cmi.spec.ts" name="SCORM 2004 CMI Tests &gt; CMI Spec Tests &gt; Post-Initialize Tests &gt; Field: cmi.comments_from_lms._count &gt; Should fail to write to cmi.comments_from_lms._count" time="0.000026">
        </testcase>
        <testcase classname="test/cmi/scorm2004_cmi.spec.ts" name="SCORM 2004 CMI Tests &gt; CMI Spec Tests &gt; Post-Initialize Tests &gt; Field: cmi.interactions._children &gt; Should be able to read from cmi.interactions._children" time="0.00002175">
        </testcase>
        <testcase classname="test/cmi/scorm2004_cmi.spec.ts" name="SCORM 2004 CMI Tests &gt; CMI Spec Tests &gt; Post-Initialize Tests &gt; Field: cmi.interactions._children &gt; Should fail to write to cmi.interactions._children" time="0.000027542">
        </testcase>
        <testcase classname="test/cmi/scorm2004_cmi.spec.ts" name="SCORM 2004 CMI Tests &gt; CMI Spec Tests &gt; Post-Initialize Tests &gt; Field: cmi.interactions._count &gt; Should be able to read from cmi.interactions._count" time="0.000023042">
        </testcase>
        <testcase classname="test/cmi/scorm2004_cmi.spec.ts" name="SCORM 2004 CMI Tests &gt; CMI Spec Tests &gt; Post-Initialize Tests &gt; Field: cmi.interactions._count &gt; Should fail to write to cmi.interactions._count" time="0.000026167">
        </testcase>
        <testcase classname="test/cmi/scorm2004_cmi.spec.ts" name="SCORM 2004 CMI Tests &gt; CMI Spec Tests &gt; Post-Initialize Tests &gt; Field: cmi.objectives._children &gt; Should be able to read from cmi.objectives._children" time="0.000017166">
        </testcase>
        <testcase classname="test/cmi/scorm2004_cmi.spec.ts" name="SCORM 2004 CMI Tests &gt; CMI Spec Tests &gt; Post-Initialize Tests &gt; Field: cmi.objectives._children &gt; Should fail to write to cmi.objectives._children" time="0.000023125">
        </testcase>
        <testcase classname="test/cmi/scorm2004_cmi.spec.ts" name="SCORM 2004 CMI Tests &gt; CMI Spec Tests &gt; Post-Initialize Tests &gt; Field: cmi.objectives._count &gt; Should be able to read from cmi.objectives._count" time="0.000017167">
        </testcase>
        <testcase classname="test/cmi/scorm2004_cmi.spec.ts" name="SCORM 2004 CMI Tests &gt; CMI Spec Tests &gt; Post-Initialize Tests &gt; Field: cmi.objectives._count &gt; Should fail to write to cmi.objectives._count" time="0.000022625">
        </testcase>
        <testcase classname="test/cmi/scorm2004_cmi.spec.ts" name="SCORM 2004 CMI Tests &gt; CMI Spec Tests &gt; Post-Initialize Tests &gt; should export JSON" time="0.000104792">
        </testcase>
        <testcase classname="test/cmi/scorm2004_cmi.spec.ts" name="SCORM 2004 CMI Tests &gt; CMI Spec Tests &gt; CMICommentsObject Tests &gt; Field: cmi.comment &gt; Should successfully write &apos;{lang=en-98} learner comment&apos; to cmi.comment" time="0.000101958">
        </testcase>
        <testcase classname="test/cmi/scorm2004_cmi.spec.ts" name="SCORM 2004 CMI Tests &gt; CMI Spec Tests &gt; CMICommentsObject Tests &gt; Field: cmi.comment &gt; Should successfully write &apos;{lang=eng-98-9} learner comment&apos; to cmi.comment" time="0.000089917">
        </testcase>
        <testcase classname="test/cmi/scorm2004_cmi.spec.ts" name="SCORM 2004 CMI Tests &gt; CMI Spec Tests &gt; CMICommentsObject Tests &gt; Field: cmi.comment &gt; Should successfully write &apos;{lang=eng-98-9fhgj}xxxxxxxxxxxxxxxxxxxxxxxxxxxxxxxxxxxxxxxxxxxxxxxxxxxxxxxxxxxxxxxxxxxxxxxxxxxxxxxxxxxxxxxxxxxxxxxxxxxxxxxxxxxxxxxxxxxxxxxxxxxxxxxxxxxxxxxxxxxxxxxxxxxxxxxxxxxxxxxxxxxxxxxxxxxxxxxxxxxxxxxxxxxxxxxxxxxxxxxxxxxxxxxxxxxxxxxxxxxxxxxxxxxxxxxxxxxxxxxxxxxxxxxxxxxxxxxxxxxxxxxxxxxxxxxxxxxxxxxxxxxxxxxxxxxxxxxxxxxxxxxxxxxxxxxxxxxxxxxxxxxxxxxxxxxxxxxxxxxxxxxxxxxxxxxxxxxxxxxxxxxxxxxxxxxxxxxxxxxxxxxxxxxxxxxxxxxxxxxxxxxxxxxxxxxxxxxxxxxxxxxxxxxxxxxxxxxxxxxxxxxxxxxxxxxxxxxxxxxxxxxxxxxxxxxxxxxxxxxxxxxxxxxxxxxxxxxxxxxxxxxxxxxxxxxxxxxxxxxxxxxxxxxxxxxxxxxxxxxxxxxxxxxxxxxxxxxxxxxxxxxxxxxxxxxxxxxxxxxxxxxxxxxxxxxxxxxxxxxxxxxxxxxxxxxxxxxxxxxxxxxxxxxxxxxxxxxxxxxxxxxxxxxxxxxxxxxxxxxxxxxxxxxxxxxxxxxxxxxxxxxxxxxxxxxxxxxxxxxxxxxxxxxxxxxxxxxxxxxxxxxxxxxxxxxxxxxxxxxxxxxxxxxxxxxxxxxxxxxxxxxxxxxxxxxxxxxxxxxxxxxxxxxxxxxxxxxxxxxxxxxxxxxxxxxxxxxxxxxxxxxxxxxxxxxxxxxxxxxxxxxxxxxxxxxxxxxxxxxxxxxxxxxxxxxxxxxxxxxxxxxxxxxxxxxxxxxxxxxxxxxxxxxxxxxxxxxxxxxxxxxxxxxxxxxxxxxxxxxxxxxxxxxxxxxxxxxxxxxxxxxxxxxxxxxxxxxxxxxxxxxxxxxxxxxxxxxxxxxxxxxxxxxxxxxxxxxxxxxxxxxxxxxxxxxxxxxxxxxxxxxxxxxxxxxxxxxxxxxxxxxxxxxxxxxxxxxxxxxxxxxxxxxxxxxxxxxxxxxxxxxxxxxxxxxxxxxxxxxxxxxxxxxxxxxxxxxxxxxxxxxxxxxxxxxxxxxxxxxxxxxxxxxxxxxxxxxxxxxxxxxxxxxxxxxxxxxxxxxxxxxxxxxxxxxxxxxxxxxxxxxxxxxxxxxxxxxxxxxxxxxxxxxxxxxxxxxxxxxxxxxxxxxxxxxxxxxxxxxxxxxxxxxxxxxxxxxxxxxxxxxxxxxxxxxxxxxxxxxxxxxxxxxxxxxxxxxxxxxxxxxxxxxxxxxxxxxxxxxxxxxxxxxxxxxxxxxxxxxxxxxxxxxxxxxxxxxxxxxxxxxxxxxxxxxxxxxxxxxxxxxxxxxxxxxxxxxxxxxxxxxxxxxxxxxxxxxxxxxxxxxxxxxxxxxxxxxxxxxxxxxxxxxxxxxxxxxxxxxxxxxxxxxxxxxxxxxxxxxxxxxxxxxxxxxxxxxxxxxxxxxxxxxxxxxxxxxxxxxxxxxxxxxxxxxxxxxxxxxxxxxxxxxxxxxxxxxxxxxxxxxxxxxxxxxxxxxxxxxxxxxxxxxxxxxxxxxxxxxxxxxxxxxxxxxxxxxxxxxxxxxxxxxxxxxxxxxxxxxxxxxxxxxxxxxxxxxxxxxxxxxxxxxxxxxxxxxxxxxxxxxxxxxxxxxxxxxxxxxxxxxxxxxxxxxxxxxxxxxxxxxxxxxxxxxxxxxxxxxxxxxxxxxxxxxxxxxxxxxxxxxxxxxxxxxxxxxxxxxxxxxxxxxxxxxxxxxxxxxxxxxxxxxxxxxxxxxxxxxxxxxxxxxxxxxxxxxxxxxxxxxxxxxxxxxxxxxxxxxxxxxxxxxxxxxxxxxxxxxxxxxxxxxxxxxxxxxxxxxxxxxxxxxxxxxxxxxxxxxxxxxxxxxxxxxxxxxxxxxxxxxxxxxxxxxxxxxxxxxxxxxxxxxxxxxxxxxxxxxxxxxxxxxxxxxxxxxxxxxxxxxxxxxxxxxxxxxxxxxxxxxxxxxxxxxxxxxxxxxxxxxxxxxxxxxxxxxxxxxxxxxxxxxxxxxxxxxxxxxxxxxxxxxxxxxxxxxxxxxxxxxxxxxxxxxxxxxxxxxxxxxxxxxxxxxxxxxxxxxxxxxxxxxxxxxxxxxxxxxxxxxxxxxxxxxxxxxxxxxxxxxxxxxxxxxxxxxxxxxxxxxxxxxxxxxxxxxxxxxxxxxxxxxxxxxxxxxxxxxxxxxxxxxxxxxxxxxxxxxxxxxxxxxxxxxxxxxxxxxxxxxxxxxxxxxxxxxxxxxxxxxxxxxxxxxxxxxxxxxxxxxxxxxxxxxxxxxxxxxxxxxxxxxxxxxxxxxxxxxxxxxxxxxxxxxxxxxxxxxxxxxxxxxxxxxxxxxxxxxxxxxxxxxxxxxxxxxxxxxxxxxxxxxxxxxxxxxxxxxxxxxxxxxxxxxxxxxxxxxxxxxxxxxxxxxxxxxxxxxxxxxxxxxxxxxxxxxxxxxxxxxxxxxxxxxxxxxxxxxxxxxxxxxxxxxxxxxxxxxxxxxxxxxxxxxxxxxxxxxxxxxxxxxxxxxxxxxxxxxxxxxxxxxxxxxxxxxxxxxxxxxxxxxxxxxxxxxxxxxxxxxxxxxxxxxxxxxxxxxxxxxxxxxxxxxxxxxxxxxxxxxxxxxxxxxxxxxxxxxxxxxxxxxxxxxxxxxxxxxxxxxxxxxxxxxxxxxxxxxxxxxxxxxxxxxxxxxxxxxxxxxxxxxxxxxxxxxxxxxxxxxxxxxxxxxxxxxxxxxxxxxxxxxxxxxxxxxxxxxxxxxxxxxxxxxxxxxxxxxxxxxxxxxxxxxxxxxxxxxxxxxxxxxxxxxxxxxxxxxxxxxxxxxxxxxxxxxxxxxxxxxxxxxxxxxxxxxxxxxxxxxxxxxxxxxxxxxxxxxxxxxxxxxxxxxxxxxxxxxxxxxxxxxxxxxxxxxxxxxxxxxxxxxxxxxxxxxxxxxxxxxxxxxxxxxxxxxxxxxxxxxxxxxxxxxxxxxxxxxxxxxxxxxxxxxxxxxxxxxxxxxxxxxxxxxxxxxxxxxxxxxxxxxxxxxxxxxxxxxxxxxxxxxxxxxxxxxxxxxxxxxxxxxxxxxxxxxxxxxxxxxxxxxxxxxxxxxxxxxxxxxxxxxxxxxxxxxxxxxxxxxxxxxxxxxxxxxxxxxxxxxxxxxxxxxxxxxxxxxxxxxxxxxxxxxxxxxxxxxxxxxxxxxxxxxxxxxxxxxxxxxxxxxxxxxxxxxxxxxxxxxxxxxxxxxxxxxxxxxxxxxxxxxxxxxxxxxxxxxxxxxxxxxxxxxxxxxxxxxxxxxxxxxxxxxxxxxxxxxxxxxxxxxxxxxxxxxxxxxxxxxxxxxxxxxxxxxxxxxxxxxxxxxxxxxxxxxxxxxxxxxxxxxxxxxxxxxxxxxxxxxxxxxxxxxxxxxxxxxxxxxxxxxxxxxxxxxxxxxxxxxxxxxxxxxxxxxxxxxxxxxxxxxxxxxxxxxxxxxxxxxxxxxxxxxxxxxxxxxxxxxxxxxxxxxxxxxxxxxxxxxxxxxxxxxxxxxxxxxxxxxxxxxxxxxxxxxxxxxxxxxxxxxxxxxxxxxxxxxxxxxxxxxxxxxxxxxxxxxxxxxxxxxxxxxxxxxxxxxxxxxxxxxxxxxxxxxxxxxxxxxxxxxxxxxxxxxxxxxxxxxxxxxxxxxxxxxxxxxxxxxxxxxxxxxxxxxxxxxxxxxxxxxxxxxxxxxxxxxxxxxxxxxxxxxxxxxxxxxxxxxxxxxxxxxxxxxxxxxxxxxxxxxxxxxxxxxxxxxxxxxxxxxxxxxxxxxxxxxxxxxxxxxxxxxxxxxxxxxxxxxxxxxxxxxxxxxxxxxxxxxxxxxxxxxxxxxxxxxxxxxxxxxxxxxxxxxxxxxxxxxxxxxxxxxxxxxxxxxxxxxxxxxxxxxxxxxxxxxxxxxxxxxxxxxxxxxxxxxx&apos; to cmi.comment" time="0.000073791">
        </testcase>
        <testcase classname="test/cmi/scorm2004_cmi.spec.ts" name="SCORM 2004 CMI Tests &gt; CMI Spec Tests &gt; CMICommentsObject Tests &gt; Field: cmi.comment &gt; Should successfully write &apos;learner comment&apos; to cmi.comment" time="0.000302042">
        </testcase>
        <testcase classname="test/cmi/scorm2004_cmi.spec.ts" name="SCORM 2004 CMI Tests &gt; CMI Spec Tests &gt; CMICommentsObject Tests &gt; Field: cmi.comment &gt; Should successfully write &apos;learner comment}&apos; to cmi.comment" time="0.000041666">
        </testcase>
        <testcase classname="test/cmi/scorm2004_cmi.spec.ts" name="SCORM 2004 CMI Tests &gt; CMI Spec Tests &gt; CMICommentsObject Tests &gt; Field: cmi.comment &gt; Should successfully write &apos;{lang=i-xx}&apos; to cmi.comment" time="0.000035916">
        </testcase>
        <testcase classname="test/cmi/scorm2004_cmi.spec.ts" name="SCORM 2004 CMI Tests &gt; CMI Spec Tests &gt; CMICommentsObject Tests &gt; Field: cmi.comment &gt; Should successfully write &apos;{lang=i}&apos; to cmi.comment" time="0.000032667">
        </testcase>
        <testcase classname="test/cmi/scorm2004_cmi.spec.ts" name="SCORM 2004 CMI Tests &gt; CMI Spec Tests &gt; CMICommentsObject Tests &gt; Field: cmi.comment &gt; Should successfully write &apos;&apos; to cmi.comment" time="0.000030042">
        </testcase>
        <testcase classname="test/cmi/scorm2004_cmi.spec.ts" name="SCORM 2004 CMI Tests &gt; CMI Spec Tests &gt; CMICommentsObject Tests &gt; Field: cmi.comment &gt; Should fail to write &apos;{lang=i-}&apos; to cmi.comment" time="0.000044417">
        </testcase>
        <testcase classname="test/cmi/scorm2004_cmi.spec.ts" name="SCORM 2004 CMI Tests &gt; CMI Spec Tests &gt; CMICommentsObject Tests &gt; Field: cmi.comment &gt; Should fail to write &apos;{lang=i-x}&apos; to cmi.comment" time="0.000035">
        </testcase>
        <testcase classname="test/cmi/scorm2004_cmi.spec.ts" name="SCORM 2004 CMI Tests &gt; CMI Spec Tests &gt; CMICommentsObject Tests &gt; Field: cmi.comment &gt; Should fail to write &apos;{lang=eng-98-9fhgj}{ learner comment&apos; to cmi.comment" time="0.000037167">
        </testcase>
        <testcase classname="test/cmi/scorm2004_cmi.spec.ts" name="SCORM 2004 CMI Tests &gt; CMI Spec Tests &gt; CMICommentsObject Tests &gt; Field: cmi.comment &gt; Should fail to write &apos;{learner comment&apos; to cmi.comment" time="0.000034208">
        </testcase>
        <testcase classname="test/cmi/scorm2004_cmi.spec.ts" name="SCORM 2004 CMI Tests &gt; CMI Spec Tests &gt; CMICommentsObject Tests &gt; Field: cmi.comment &gt; Should fail to write &apos;{lang=eng-98-9fhgj}xxxxxxxxxxxxxxxxxxxxxxxxxxxxxxxxxxxxxxxxxxxxxxxxxxxxxxxxxxxxxxxxxxxxxxxxxxxxxxxxxxxxxxxxxxxxxxxxxxxxxxxxxxxxxxxxxxxxxxxxxxxxxxxxxxxxxxxxxxxxxxxxxxxxxxxxxxxxxxxxxxxxxxxxxxxxxxxxxxxxxxxxxxxxxxxxxxxxxxxxxxxxxxxxxxxxxxxxxxxxxxxxxxxxxxxxxxxxxxxxxxxxxxxxxxxxxxxxxxxxxxxxxxxxxxxxxxxxxxxxxxxxxxxxxxxxxxxxxxxxxxxxxxxxxxxxxxxxxxxxxxxxxxxxxxxxxxxxxxxxxxxxxxxxxxxxxxxxxxxxxxxxxxxxxxxxxxxxxxxxxxxxxxxxxxxxxxxxxxxxxxxxxxxxxxxxxxxxxxxxxxxxxxxxxxxxxxxxxxxxxxxxxxxxxxxxxxxxxxxxxxxxxxxxxxxxxxxxxxxxxxxxxxxxxxxxxxxxxxxxxxxxxxxxxxxxxxxxxxxxxxxxxxxxxxxxxxxxxxxxxxxxxxxxxxxxxxxxxxxxxxxxxxxxxxxxxxxxxxxxxxxxxxxxxxxxxxxxxxxxxxxxxxxxxxxxxxxxxxxxxxxxxxxxxxxxxxxxxxxxxxxxxxxxxxxxxxxxxxxxxxxxxxxxxxxxxxxxxxxxxxxxxxxxxxxxxxxxxxxxxxxxxxxxxxxxxxxxxxxxxxxxxxxxxxxxxxxxxxxxxxxxxxxxxxxxxxxxxxxxxxxxxxxxxxxxxxxxxxxxxxxxxxxxxxxxxxxxxxxxxxxxxxxxxxxxxxxxxxxxxxxxxxxxxxxxxxxxxxxxxxxxxxxxxxxxxxxxxxxxxxxxxxxxxxxxxxxxxxxxxxxxxxxxxxxxxxxxxxxxxxxxxxxxxxxxxxxxxxxxxxxxxxxxxxxxxxxxxxxxxxxxxxxxxxxxxxxxxxxxxxxxxxxxxxxxxxxxxxxxxxxxxxxxxxxxxxxxxxxxxxxxxxxxxxxxxxxxxxxxxxxxxxxxxxxxxxxxxxxxxxxxxxxxxxxxxxxxxxxxxxxxxxxxxxxxxxxxxxxxxxxxxxxxxxxxxxxxxxxxxxxxxxxxxxxxxxxxxxxxxxxxxxxxxxxxxxxxxxxxxxxxxxxxxxxxxxxxxxxxxxxxxxxxxxxxxxxxxxxxxxxxxxxxxxxxxxxxxxxxxxxxxxxxxxxxxxxxxxxxxxxxxxxxxxxxxxxxxxxxxxxxxxxxxxxxxxxxxxxxxxxxxxxxxxxxxxxxxxxxxxxxxxxxxxxxxxxxxxxxxxxxxxxxxxxxxxxxxxxxxxxxxxxxxxxxxxxxxxxxxxxxxxxxxxxxxxxxxxxxxxxxxxxxxxxxxxxxxxxxxxxxxxxxxxxxxxxxxxxxxxxxxxxxxxxxxxxxxxxxxxxxxxxxxxxxxxxxxxxxxxxxxxxxxxxxxxxxxxxxxxxxxxxxxxxxxxxxxxxxxxxxxxxxxxxxxxxxxxxxxxxxxxxxxxxxxxxxxxxxxxxxxxxxxxxxxxxxxxxxxxxxxxxxxxxxxxxxxxxxxxxxxxxxxxxxxxxxxxxxxxxxxxxxxxxxxxxxxxxxxxxxxxxxxxxxxxxxxxxxxxxxxxxxxxxxxxxxxxxxxxxxxxxxxxxxxxxxxxxxxxxxxxxxxxxxxxxxxxxxxxxxxxxxxxxxxxxxxxxxxxxxxxxxxxxxxxxxxxxxxxxxxxxxxxxxxxxxxxxxxxxxxxxxxxxxxxxxxxxxxxxxxxxxxxxxxxxxxxxxxxxxxxxxxxxxxxxxxxxxxxxxxxxxxxxxxxxxxxxxxxxxxxxxxxxxxxxxxxxxxxxxxxxxxxxxxxxxxxxxxxxxxxxxxxxxxxxxxxxxxxxxxxxxxxxxxxxxxxxxxxxxxxxxxxxxxxxxxxxxxxxxxxxxxxxxxxxxxxxxxxxxxxxxxxxxxxxxxxxxxxxxxxxxxxxxxxxxxxxxxxxxxxxxxxxxxxxxxxxxxxxxxxxxxxxxxxxxxxxxxxxxxxxxxxxxxxxxxxxxxxxxxxxxxxxxxxxxxxxxxxxxxxxxxxxxxxxxxxxxxxxxxxxxxxxxxxxxxxxxxxxxxxxxxxxxxxxxxxxxxxxxxxxxxxxxxxxxxxxxxxxxxxxxxxxxxxxxxxxxxxxxxxxxxxxxxxxxxxxxxxxxxxxxxxxxxxxxxxxxxxxxxxxxxxxxxxxxxxxxxxxxxxxxxxxxxxxxxxxxxxxxxxxxxxxxxxxxxxxxxxxxxxxxxxxxxxxxxxxxxxxxxxxxxxxxxxxxxxxxxxxxxxxxxxxxxxxxxxxxxxxxxxxxxxxxxxxxxxxxxxxxxxxxxxxxxxxxxxxxxxxxxxxxxxxxxxxxxxxxxxxxxxxxxxxxxxxxxxxxxxxxxxxxxxxxxxxxxxxxxxxxxxxxxxxxxxxxxxxxxxxxxxxxxxxxxxxxxxxxxxxxxxxxxxxxxxxxxxxxxxxxxxxxxxxxxxxxxxxxxxxxxxxxxxxxxxxxxxxxxxxxxxxxxxxxxxxxxxxxxxxxxxxxxxxxxxxxxxxxxxxxxxxxxxxxxxxxxxxxxxxxxxxxxxxxxxxxxxxxxxxxxxxxxxxxxxxxxxxxxxxxxxxxxxxxxxxxxxxxxxxxxxxxxxxxxxxxxxxxxxxxxxxxxxxxxxxxxxxxxxxxxxxxxxxxxxxxxxxxxxxxxxxxxxxxxxxxxxxxxxxxxxxxxxxxxxxxxxxxxxxxxxxxxxxxxxxxxxxxxxxxxxxxxxxxxxxxxxxxxxxxxxxxxxxxxxxxxxxxxxxxxxxxxxxxxxxxxxxxxxxxxxxxxxxxxxxxxxxxxxxxxxxxxxxxxxxxxxxxxxxxxxxxxxxxxxxxxxxxxxxxxxxxxxxxxxxxxxxxxxxxxxxxxxxxxxxxxxxxxxxxxxxxxxxxxxxxxxxxxxxxxxxxxxxxxxxxxxxxxxxxxxxxxxxxxxxxxxxxxxxxxxxxxxxxxxxxxxxxxxxxxxxxxxxxxxxxxxxxxxxxxxxxxxxxxxxxxxxxxxxxxxxxxxxxxxxxxxxxxxxxxxxxxxxxxxxxxxxxxxxxxxxxxxxxxxxxxxxxxxxxxxxxxxxxxxxxxxxxxxxxxxxxxxxxxxxxxxxxxxxxxxxxxxxxxxxxxxxxxxxxxxxxxxxxxxxxxxxxxxxxxxxxxxxxxxxxxxxxxxxxxxxxxxxxxxxxxxxxxxxxxxxxxxxxxxxxxxxxxxxxxxxxxxxxxxxxxxxxxxxxxxxxxxxxxxxxxxxxxxxxxxxxxxxxxxxxxxxxxxxxxxxxxxxxxxxxxxxxxxxxxxxxxxxxxxxxxxxxxxxxxxxxxxxxxxxxxxxxxxxxxxxxxxxxxxxxxxxxxxxxxxxxxxxxxxxxxxxxxxxxxxxxxxxxxxxxxxxxxxxxxxxxxxxxxxxxxxxxxxxxxxxxxxxxxxxxxxxxxxxxxxxxxxxxxxxxxxxxxxxxxxxxxxxxxxxxxxxxxxxxxxxxxxxxxxxxxxxxxxxxxxxxxxxxxxxxxxxxxxxxxxxxxxxxxxxxxxxxxxxxxxxxxxxxxxxxxxxxxxxxxxxxxxxxxxxxxxxxxxxxxxxxxxxxxxxxxxxxxxxxxxxxxxxxxxxxxxxxxxxxxxxxxxxxxxxxxxxxxxxxxxxxxxxxxxxxxxxxxxxxxxxxxxxxxxxxxxxxxxxxxxxxxxxxxxxxxxxxxxxxxxxxxxxxxxxxxxxxxxxxxxxxxxxxxxxxxxxxxxxxxxxxxxxxxxxxxxxxxxxxxxxxxxxxxxxxxxxxxxxxxxxxxxxxxxxxxxxxxxxxxxxxxxxxxxxxxxxxxxxxxxxxxxxxxxxxxxxxxxxxxxxxxxxxxxxxxxxxxxxxxxxxxxxxxxxxxxxxxxxxxxxxxxxxxxxxxxxxxxxxxxxxxxxxxxxxxxxxxxxxxxxxxxxxxxxxxxxxxxxxxxxxxxxxxxxxxxxxxxxxxxxxxxxxxxxxxxxxx&apos; to cmi.comment" time="0.00008">
        </testcase>
        <testcase classname="test/cmi/scorm2004_cmi.spec.ts" name="SCORM 2004 CMI Tests &gt; CMI Spec Tests &gt; CMICommentsObject Tests &gt; Field: cmi.comment &gt; Should fail to write &apos;{lang=eng-98-9fhgj}{xxxxxxxxxxxxxxxxxxxxxxxxxxxxxxxxxxxxxxxxxxxxxxxxxxxxxxxxxxxxxxxxxxxxxxxxxxxxxxxxxxxxxxxxxxxxxxxxxxxxxxxxxxxxxxxxxxxxxxxxxxxxxxxxxxxxxxxxxxxxxxxxxxxxxxxxxxxxxxxxxxxxxxxxxxxxxxxxxxxxxxxxxxxxxxxxxxxxxxxxxxxxxxxxxxxxxxxxxxxxxxxxxxxxxxxxxxxxxxxxxxxxxxxxxxxxxxxxxxxxxxxxxxxxxxxxxxxxxxxxxxxxxxxxxxxxxxxxxxxxxxxxxxxxxxxxxxxxxxxxxxxxxxxxxxxxxxxxxxxxxxxxxxxxxxxxxxxxxxxxxxxxxxxxxxxxxxxxxxxxxxxxxxxxxxxxxxxxxxxxxxxxxxxxxxxxxxxxxxxxxxxxxxxxxxxxxxxxxxxxxxxxxxxxxxxxxxxxxxxxxxxxxxxxxxxxxxxxxxxxxxxxxxxxxxxxxxxxxxxxxxxxxxxxxxxxxxxxxxxxxxxxxxxxxxxxxxxxxxxxxxxxxxxxxxxxxxxxxxxxxxxxxxxxxxxxxxxxxxxxxxxxxxxxxxxxxxxxxxxxxxxxxxxxxxxxxxxxxxxxxxxxxxxxxxxxxxxxxxxxxxxxxxxxxxxxxxxxxxxxxxxxxxxxxxxxxxxxxxxxxxxxxxxxxxxxxxxxxxxxxxxxxxxxxxxxxxxxxxxxxxxxxxxxxxxxxxxxxxxxxxxxxxxxxxxxxxxxxxxxxxxxxxxxxxxxxxxxxxxxxxxxxxxxxxxxxxxxxxxxxxxxxxxxxxxxxxxxxxxxxxxxxxxxxxxxxxxxxxxxxxxxxxxxxxxxxxxxxxxxxxxxxxxxxxxxxxxxxxxxxxxxxxxxxxxxxxxxxxxxxxxxxxxxxxxxxxxxxxxxxxxxxxxxxxxxxxxxxxxxxxxxxxxxxxxxxxxxxxxxxxxxxxxxxxxxxxxxxxxxxxxxxxxxxxxxxxxxxxxxxxxxxxxxxxxxxxxxxxxxxxxxxxxxxxxxxxxxxxxxxxxxxxxxxxxxxxxxxxxxxxxxxxxxxxxxxxxxxxxxxxxxxxxxxxxxxxxxxxxxxxxxxxxxxxxxxxxxxxxxxxxxxxxxxxxxxxxxxxxxxxxxxxxxxxxxxxxxxxxxxxxxxxxxxxxxxxxxxxxxxxxxxxxxxxxxxxxxxxxxxxxxxxxxxxxxxxxxxxxxxxxxxxxxxxxxxxxxxxxxxxxxxxxxxxxxxxxxxxxxxxxxxxxxxxxxxxxxxxxxxxxxxxxxxxxxxxxxxxxxxxxxxxxxxxxxxxxxxxxxxxxxxxxxxxxxxxxxxxxxxxxxxxxxxxxxxxxxxxxxxxxxxxxxxxxxxxxxxxxxxxxxxxxxxxxxxxxxxxxxxxxxxxxxxxxxxxxxxxxxxxxxxxxxxxxxxxxxxxxxxxxxxxxxxxxxxxxxxxxxxxxxxxxxxxxxxxxxxxxxxxxxxxxxxxxxxxxxxxxxxxxxxxxxxxxxxxxxxxxxxxxxxxxxxxxxxxxxxxxxxxxxxxxxxxxxxxxxxxxxxxxxxxxxxxxxxxxxxxxxxxxxxxxxxxxxxxxxxxxxxxxxxxxxxxxxxxxxxxxxxxxxxxxxxxxxxxxxxxxxxxxxxxxxxxxxxxxxxxxxxxxxxxxxxxxxxxxxxxxxxxxxxxxxxxxxxxxxxxxxxxxxxxxxxxxxxxxxxxxxxxxxxxxxxxxxxxxxxxxxxxxxxxxxxxxxxxxxxxxxxxxxxxxxxxxxxxxxxxxxxxxxxxxxxxxxxxxxxxxxxxxxxxxxxxxxxxxxxxxxxxxxxxxxxxxxxxxxxxxxxxxxxxxxxxxxxxxxxxxxxxxxxxxxxxxxxxxxxxxxxxxxxxxxxxxxxxxxxxxxxxxxxxxxxxxxxxxxxxxxxxxxxxxxxxxxxxxxxxxxxxxxxxxxxxxxxxxxxxxxxxxxxxxxxxxxxxxxxxxxxxxxxxxxxxxxxxxxxxxxxxxxxxxxxxxxxxxxxxxxxxxxxxxxxxxxxxxxxxxxxxxxxxxxxxxxxxxxxxxxxxxxxxxxxxxxxxxxxxxxxxxxxxxxxxxxxxxxxxxxxxxxxxxxxxxxxxxxxxxxxxxxxxxxxxxxxxxxxxxxxxxxxxxxxxxxxxxxxxxxxxxxxxxxxxxxxxxxxxxxxxxxxxxxxxxxxxxxxxxxxxxxxxxxxxxxxxxxxxxxxxxxxxxxxxxxxxxxxxxxxxxxxxxxxxxxxxxxxxxxxxxxxxxxxxxxxxxxxxxxxxxxxxxxxxxxxxxxxxxxxxxxxxxxxxxxxxxxxxxxxxxxxxxxxxxxxxxxxxxxxxxxxxxxxxxxxxxxxxxxxxxxxxxxxxxxxxxxxxxxxxxxxxxxxxxxxxxxxxxxxxxxxxxxxxxxxxxxxxxxxxxxxxxxxxxxxxxxxxxxxxxxxxxxxxxxxxxxxxxxxxxxxxxxxxxxxxxxxxxxxxxxxxxxxxxxxxxxxxxxxxxxxxxxxxxxxxxxxxxxxxxxxxxxxxxxxxxxxxxxxxxxxxxxxxxxxxxxxxxxxxxxxxxxxxxxxxxxxxxxxxxxxxxxxxxxxxxxxxxxxxxxxxxxxxxxxxxxxxxxxxxxxxxxxxxxxxxxxxxxxxxxxxxxxxxxxxxxxxxxxxxxxxxxxxxxxxxxxxxxxxxxxxxxxxxxxxxxxxxxxxxxxxxxxxxxxxxxxxxxxxxxxxxxxxxxxxxxxxxxxxxxxxxxxxxxxxxxxxxxxxxxxxxxxxxxxxxxxxxxxxxxxxxxxxxxxxxxxxxxxxxxxxxxxxxxxxxxxxxxxxxxxxxxxxxxxxxxxxxxxxxxxxxxxxxxxxxxxxxxxxxxxxxxxxxxxxxxxxxxxxxxxxxxxxxxxxxxxxxxxxxxxxxxxxxxxxxxxxxxxxxxxxxxxxxxxxxxxxxxxxxxxxxxxxxxxxxxxxxxxxxxxxxxxxxxxxxxxxxxxxxxxxxxxxxxxxxxxxxxxxxxxxxxxxxxxxxxxxxxxxxxxxxxxxxxxxxxxxxxxxxxxxxxxxxxxxxxxxxxxxxxxxxxxxxxxxxxxxxxxxxxxxxxxxxxxxxxxxxxxxxxxxxxxxxxxxxxxxxxxxxxxxxxxxxxxxxxxxxxxxxxxxxxxxxxxxxxxxxxxxxxxxxxxxxxxxxxxxxxxxxxxxxxxxxxxxxxxxxxxxxxxxxxxxxxxxxxxxxxxxxxxxxxxxxxxxxxxxxxxxxxxxxxxxxxxxxxxxxxxxxxxxxxxxxxxxxxxxxxxxxxxxxxxxxxxxxxxxxxxxxxxxxxxxxxxxxxxxxxxxxxxxxxxxxxxxxxxxxxxxxxxxxxxxxxxxxxxxxxxxxxxxxxxxxxxxxxxxxxxxxxxxxxxxxxxxxxxxxxxxxxxxxxxxxxxxxxxxxxxxxxxxxxxxxxxxxxxxxxxxxxxxxxxxxxxxxxxxxxxxxxxxxxxxxxxxxxxxxxxxxxxxxxxxxxxxxxxxxxxxxxxxxxxxxxxxxxxxxxxxxxxxxxxxxxxxxxxxxxxxxxxxxxxxxxxxxxxxxxxxxxxxxxxxxxxxxxxxxxxxxxxxxxxxxxxxxxxxxxxxxxxxxxxxxxxxxxxxxxxxxxxxxxxxxxxxxxxxxxxxxxxxxxxxxxxxxxxxxxxxxxxxxxxxxxxxxxxxxxxxxxxxxxxxxxxxxxxxxxxxxxxxxxxxxxxxxxxxxxxxxxxxxxxxxxxxxxxxxxxxxxxxxxxxxxxxxxxxxxxxxxxxxxxxxxxxxxxxxxxxxxxxxxxxxxxxxxxxxxxxxxxxxxxxxxxxxxxxxxxxxxxxxxxxxxxxxxxxxxxxxxxxxxxxxxxxxxxxxxxxxxxxxxxxxxxxxxxxxxxxxxxxxxxxxxxxxxxxxxxxxxxxxxxxxxxxxxxxxxxxxxxxxxxxxxxxxxxxxxxxxxxxxxxxxxxxxxxxxxxxxxxxxxxxxxxxxxxxxxxxxxxxxxxxxxxxxxxxx&apos; to cmi.comment" time="0.000072167">
        </testcase>
        <testcase classname="test/cmi/scorm2004_cmi.spec.ts" name="SCORM 2004 CMI Tests &gt; CMI Spec Tests &gt; CMICommentsObject Tests &gt; Field: cmi.location &gt; Should be able to read from cmi.location" time="0.000030791">
        </testcase>
        <testcase classname="test/cmi/scorm2004_cmi.spec.ts" name="SCORM 2004 CMI Tests &gt; CMI Spec Tests &gt; CMICommentsObject Tests &gt; Field: cmi.location &gt; Should be able to write upto 250 characters to cmi.location" time="0.000059542">
        </testcase>
        <testcase classname="test/cmi/scorm2004_cmi.spec.ts" name="SCORM 2004 CMI Tests &gt; CMI Spec Tests &gt; CMICommentsObject Tests &gt; Field: cmi.location &gt; Should fail to write more than 250 characters to cmi.location" time="0.000048875">
        </testcase>
        <testcase classname="test/cmi/scorm2004_cmi.spec.ts" name="SCORM 2004 CMI Tests &gt; CMI Spec Tests &gt; CMICommentsObject Tests &gt; Field: cmi.timestamp &gt; Should be able to read from cmi.timestamp" time="0.000211083">
        </testcase>
        <testcase classname="test/cmi/scorm2004_cmi.spec.ts" name="SCORM 2004 CMI Tests &gt; CMI Spec Tests &gt; CMICommentsObject Tests &gt; Field: cmi.timestamp &gt; Should successfully write to cmi.timestamp" time="0.000119083">
        </testcase>
        <testcase classname="test/cmi/scorm2004_cmi.spec.ts" name="SCORM 2004 CMI Tests &gt; CMI Spec Tests &gt; CMICommentsObject Tests &gt; Field: cmi.timestamp &gt; Should successfully write &apos;2019-06-25&apos; to cmi.timestamp" time="0.000194459">
        </testcase>
        <testcase classname="test/cmi/scorm2004_cmi.spec.ts" name="SCORM 2004 CMI Tests &gt; CMI Spec Tests &gt; CMICommentsObject Tests &gt; Field: cmi.timestamp &gt; Should successfully write &apos;2019-06-25T23:59&apos; to cmi.timestamp" time="0.000060791">
        </testcase>
        <testcase classname="test/cmi/scorm2004_cmi.spec.ts" name="SCORM 2004 CMI Tests &gt; CMI Spec Tests &gt; CMICommentsObject Tests &gt; Field: cmi.timestamp &gt; Should successfully write &apos;2019-06-25T23:59:59.99&apos; to cmi.timestamp" time="0.000049458">
        </testcase>
        <testcase classname="test/cmi/scorm2004_cmi.spec.ts" name="SCORM 2004 CMI Tests &gt; CMI Spec Tests &gt; CMICommentsObject Tests &gt; Field: cmi.timestamp &gt; Should successfully write &apos;2019-06-25T23:59:59.999&apos; to cmi.timestamp" time="0.0000385">
        </testcase>
        <testcase classname="test/cmi/scorm2004_cmi.spec.ts" name="SCORM 2004 CMI Tests &gt; CMI Spec Tests &gt; CMICommentsObject Tests &gt; Field: cmi.timestamp &gt; Should successfully write &apos;1970-01-01&apos; to cmi.timestamp" time="0.000051">
        </testcase>
        <testcase classname="test/cmi/scorm2004_cmi.spec.ts" name="SCORM 2004 CMI Tests &gt; CMI Spec Tests &gt; CMICommentsObject Tests &gt; Field: cmi.timestamp &gt; Should fail to write &apos;2019-06-25T&apos; to cmi.timestamp" time="0.00004825">
        </testcase>
        <testcase classname="test/cmi/scorm2004_cmi.spec.ts" name="SCORM 2004 CMI Tests &gt; CMI Spec Tests &gt; CMICommentsObject Tests &gt; Field: cmi.timestamp &gt; Should fail to write &apos;2019-06-25T25:59:59.99&apos; to cmi.timestamp" time="0.0000505">
        </testcase>
        <testcase classname="test/cmi/scorm2004_cmi.spec.ts" name="SCORM 2004 CMI Tests &gt; CMI Spec Tests &gt; CMICommentsObject Tests &gt; Field: cmi.timestamp &gt; Should fail to write &apos;2019-13-31&apos; to cmi.timestamp" time="0.000037958">
        </testcase>
        <testcase classname="test/cmi/scorm2004_cmi.spec.ts" name="SCORM 2004 CMI Tests &gt; CMI Spec Tests &gt; CMICommentsObject Tests &gt; Field: cmi.timestamp &gt; Should fail to write &apos;1969-12-31&apos; to cmi.timestamp" time="0.000035125">
        </testcase>
        <testcase classname="test/cmi/scorm2004_cmi.spec.ts" name="SCORM 2004 CMI Tests &gt; CMI Spec Tests &gt; CMICommentsObject Tests &gt; Field: cmi.timestamp &gt; Should fail to write &apos;-00:00:30&apos; to cmi.timestamp" time="0.000035875">
        </testcase>
        <testcase classname="test/cmi/scorm2004_cmi.spec.ts" name="SCORM 2004 CMI Tests &gt; CMI Spec Tests &gt; CMICommentsObject Tests &gt; Field: cmi.timestamp &gt; Should fail to write &apos;0:50:30&apos; to cmi.timestamp" time="0.000034375">
        </testcase>
        <testcase classname="test/cmi/scorm2004_cmi.spec.ts" name="SCORM 2004 CMI Tests &gt; CMI Spec Tests &gt; CMICommentsObject Tests &gt; Field: cmi.timestamp &gt; Should fail to write &apos;23:00:30.&apos; to cmi.timestamp" time="0.000034958">
        </testcase>
        <testcase classname="test/cmi/scorm2004_cmi.spec.ts" name="SCORM 2004 CMI Tests &gt; CMI Spec Tests &gt; CMICommentsObject Tests &gt; should export JSON" time="0.00006575">
        </testcase>
        <testcase classname="test/cmi/scorm2004_cmi.spec.ts" name="SCORM 2004 CMI Tests &gt; CMI Spec Tests &gt; CMICommentsFromLMSObject Tests &gt; Field: cmi.comment &gt; Should successfully write &apos;{lang=en-98} learner comment&apos; to cmi.comment" time="0.000043625">
        </testcase>
        <testcase classname="test/cmi/scorm2004_cmi.spec.ts" name="SCORM 2004 CMI Tests &gt; CMI Spec Tests &gt; CMICommentsFromLMSObject Tests &gt; Field: cmi.comment &gt; Should successfully write &apos;{lang=eng-98-9} learner comment&apos; to cmi.comment" time="0.000032958">
        </testcase>
        <testcase classname="test/cmi/scorm2004_cmi.spec.ts" name="SCORM 2004 CMI Tests &gt; CMI Spec Tests &gt; CMICommentsFromLMSObject Tests &gt; Field: cmi.comment &gt; Should successfully write &apos;{lang=eng-98-9fhgj}xxxxxxxxxxxxxxxxxxxxxxxxxxxxxxxxxxxxxxxxxxxxxxxxxxxxxxxxxxxxxxxxxxxxxxxxxxxxxxxxxxxxxxxxxxxxxxxxxxxxxxxxxxxxxxxxxxxxxxxxxxxxxxxxxxxxxxxxxxxxxxxxxxxxxxxxxxxxxxxxxxxxxxxxxxxxxxxxxxxxxxxxxxxxxxxxxxxxxxxxxxxxxxxxxxxxxxxxxxxxxxxxxxxxxxxxxxxxxxxxxxxxxxxxxxxxxxxxxxxxxxxxxxxxxxxxxxxxxxxxxxxxxxxxxxxxxxxxxxxxxxxxxxxxxxxxxxxxxxxxxxxxxxxxxxxxxxxxxxxxxxxxxxxxxxxxxxxxxxxxxxxxxxxxxxxxxxxxxxxxxxxxxxxxxxxxxxxxxxxxxxxxxxxxxxxxxxxxxxxxxxxxxxxxxxxxxxxxxxxxxxxxxxxxxxxxxxxxxxxxxxxxxxxxxxxxxxxxxxxxxxxxxxxxxxxxxxxxxxxxxxxxxxxxxxxxxxxxxxxxxxxxxxxxxxxxxxxxxxxxxxxxxxxxxxxxxxxxxxxxxxxxxxxxxxxxxxxxxxxxxxxxxxxxxxxxxxxxxxxxxxxxxxxxxxxxxxxxxxxxxxxxxxxxxxxxxxxxxxxxxxxxxxxxxxxxxxxxxxxxxxxxxxxxxxxxxxxxxxxxxxxxxxxxxxxxxxxxxxxxxxxxxxxxxxxxxxxxxxxxxxxxxxxxxxxxxxxxxxxxxxxxxxxxxxxxxxxxxxxxxxxxxxxxxxxxxxxxxxxxxxxxxxxxxxxxxxxxxxxxxxxxxxxxxxxxxxxxxxxxxxxxxxxxxxxxxxxxxxxxxxxxxxxxxxxxxxxxxxxxxxxxxxxxxxxxxxxxxxxxxxxxxxxxxxxxxxxxxxxxxxxxxxxxxxxxxxxxxxxxxxxxxxxxxxxxxxxxxxxxxxxxxxxxxxxxxxxxxxxxxxxxxxxxxxxxxxxxxxxxxxxxxxxxxxxxxxxxxxxxxxxxxxxxxxxxxxxxxxxxxxxxxxxxxxxxxxxxxxxxxxxxxxxxxxxxxxxxxxxxxxxxxxxxxxxxxxxxxxxxxxxxxxxxxxxxxxxxxxxxxxxxxxxxxxxxxxxxxxxxxxxxxxxxxxxxxxxxxxxxxxxxxxxxxxxxxxxxxxxxxxxxxxxxxxxxxxxxxxxxxxxxxxxxxxxxxxxxxxxxxxxxxxxxxxxxxxxxxxxxxxxxxxxxxxxxxxxxxxxxxxxxxxxxxxxxxxxxxxxxxxxxxxxxxxxxxxxxxxxxxxxxxxxxxxxxxxxxxxxxxxxxxxxxxxxxxxxxxxxxxxxxxxxxxxxxxxxxxxxxxxxxxxxxxxxxxxxxxxxxxxxxxxxxxxxxxxxxxxxxxxxxxxxxxxxxxxxxxxxxxxxxxxxxxxxxxxxxxxxxxxxxxxxxxxxxxxxxxxxxxxxxxxxxxxxxxxxxxxxxxxxxxxxxxxxxxxxxxxxxxxxxxxxxxxxxxxxxxxxxxxxxxxxxxxxxxxxxxxxxxxxxxxxxxxxxxxxxxxxxxxxxxxxxxxxxxxxxxxxxxxxxxxxxxxxxxxxxxxxxxxxxxxxxxxxxxxxxxxxxxxxxxxxxxxxxxxxxxxxxxxxxxxxxxxxxxxxxxxxxxxxxxxxxxxxxxxxxxxxxxxxxxxxxxxxxxxxxxxxxxxxxxxxxxxxxxxxxxxxxxxxxxxxxxxxxxxxxxxxxxxxxxxxxxxxxxxxxxxxxxxxxxxxxxxxxxxxxxxxxxxxxxxxxxxxxxxxxxxxxxxxxxxxxxxxxxxxxxxxxxxxxxxxxxxxxxxxxxxxxxxxxxxxxxxxxxxxxxxxxxxxxxxxxxxxxxxxxxxxxxxxxxxxxxxxxxxxxxxxxxxxxxxxxxxxxxxxxxxxxxxxxxxxxxxxxxxxxxxxxxxxxxxxxxxxxxxxxxxxxxxxxxxxxxxxxxxxxxxxxxxxxxxxxxxxxxxxxxxxxxxxxxxxxxxxxxxxxxxxxxxxxxxxxxxxxxxxxxxxxxxxxxxxxxxxxxxxxxxxxxxxxxxxxxxxxxxxxxxxxxxxxxxxxxxxxxxxxxxxxxxxxxxxxxxxxxxxxxxxxxxxxxxxxxxxxxxxxxxxxxxxxxxxxxxxxxxxxxxxxxxxxxxxxxxxxxxxxxxxxxxxxxxxxxxxxxxxxxxxxxxxxxxxxxxxxxxxxxxxxxxxxxxxxxxxxxxxxxxxxxxxxxxxxxxxxxxxxxxxxxxxxxxxxxxxxxxxxxxxxxxxxxxxxxxxxxxxxxxxxxxxxxxxxxxxxxxxxxxxxxxxxxxxxxxxxxxxxxxxxxxxxxxxxxxxxxxxxxxxxxxxxxxxxxxxxxxxxxxxxxxxxxxxxxxxxxxxxxxxxxxxxxxxxxxxxxxxxxxxxxxxxxxxxxxxxxxxxxxxxxxxxxxxxxxxxxxxxxxxxxxxxxxxxxxxxxxxxxxxxxxxxxxxxxxxxxxxxxxxxxxxxxxxxxxxxxxxxxxxxxxxxxxxxxxxxxxxxxxxxxxxxxxxxxxxxxxxxxxxxxxxxxxxxxxxxxxxxxxxxxxxxxxxxxxxxxxxxxxxxxxxxxxxxxxxxxxxxxxxxxxxxxxxxxxxxxxxxxxxxxxxxxxxxxxxxxxxxxxxxxxxxxxxxxxxxxxxxxxxxxxxxxxxxxxxxxxxxxxxxxxxxxxxxxxxxxxxxxxxxxxxxxxxxxxxxxxxxxxxxxxxxxxxxxxxxxxxxxxxxxxxxxxxxxxxxxxxxxxxxxxxxxxxxxxxxxxxxxxxxxxxxxxxxxxxxxxxxxxxxxxxxxxxxxxxxxxxxxxxxxxxxxxxxxxxxxxxxxxxxxxxxxxxxxxxxxxxxxxxxxxxxxxxxxxxxxxxxxxxxxxxxxxxxxxxxxxxxxxxxxxxxxxxxxxxxxxxxxxxxxxxxxxxxxxxxxxxxxxxxxxxxxxxxxxxxxxxxxxxxxxxxxxxxxxxxxxxxxxxxxxxxxxxxxxxxxxxxxxxxxxxxxxxxxxxxxxxxxxxxxxxxxxxxxxxxxxxxxxxxxxxxxxxxxxxxxxxxxxxxxxxxxxxxxxxxxxxxxxxxxxxxxxxxxxxxxxxxxxxxxxxxxxxxxxxxxxxxxxxxxxxxxxxxxxxxxxxxxxxxxxxxxxxxxxxxxxxxxxxxxxxxxxxxxxxxxxxxxxxxxxxxxxxxxxxxxxxxxxxxxxxxxxxxxxxxxxxxxxxxxxxxxxxxxxxxxxxxxxxxxxxxxxxxxxxxxxxxxxxxxxxxxxxxxxxxxxxxxxxxxxxxxxxxxxxxxxxxxxxxxxxxxxxxxxxxxxxxxxxxxxxxxxxxxxxxxxxxxxxxxxxxxxxxxxxxxxxxxxxxxxxxxxxxxxxxxxxxxxxxxxxxxxxxxxxxxxxxxxxxxxxxxxxxxxxxxxxxxxxxxxxxxxxxxxxxxxxxxxxxxxxxxxxxxxxxxxxxxxxxxxxxxxxxxxxxxxxxxxxxxxxxxxxxxxxxxxxxxxxxxxxxxxxxxxxxxxxxxxxxxxxxxxxxxxxxxxxxxxxxxxxxxxxxxxxxxxxxxxxxxxxxxxxxxxxxxxxxxxxxxxxxxxxxxxxxxxxxxxxxxxxxxxxxxxxxxxxxxxxxxxxxxxxxxxxxxxxxxxxxxxxxxxxxxxxxxxxxxxxxxxxxxxxxxxxxxxxxxxxxxxxxxxxxxxxxxxxxxxxxxxxxxxxxxxxxxxxxxxxxxxxxxxxxxxxxxxxxxxxxxxxxxxxxxxxxxxxxxxxxxxxxxxxxxxxxxxxxxxxxxxxxxxxxxxxxxxxxxxxxxxxxxxxxxxxxxxxxxxxxxxxxxxxxxxxxxxxxxxxxxxxxxxxxxxxxxxxxxxxxxxxxxxxxxxxxxxxxxxxxxxxxxxxxxxxxxxxxxxxxxxxxxxxxxxxxxxxxxxxxxxxxxxxxxxxxxxxxxxxxxxxxxxxxxxxxxxxxxxxxxxxxxxxxxxxxxxxxxxxxxxxxxxxxxxxxxxxxxxxx&apos; to cmi.comment" time="0.000059291">
        </testcase>
        <testcase classname="test/cmi/scorm2004_cmi.spec.ts" name="SCORM 2004 CMI Tests &gt; CMI Spec Tests &gt; CMICommentsFromLMSObject Tests &gt; Field: cmi.comment &gt; Should successfully write &apos;learner comment&apos; to cmi.comment" time="0.000031208">
        </testcase>
        <testcase classname="test/cmi/scorm2004_cmi.spec.ts" name="SCORM 2004 CMI Tests &gt; CMI Spec Tests &gt; CMICommentsFromLMSObject Tests &gt; Field: cmi.comment &gt; Should successfully write &apos;learner comment}&apos; to cmi.comment" time="0.000029834">
        </testcase>
        <testcase classname="test/cmi/scorm2004_cmi.spec.ts" name="SCORM 2004 CMI Tests &gt; CMI Spec Tests &gt; CMICommentsFromLMSObject Tests &gt; Field: cmi.comment &gt; Should successfully write &apos;{lang=i-xx}&apos; to cmi.comment" time="0.000029542">
        </testcase>
        <testcase classname="test/cmi/scorm2004_cmi.spec.ts" name="SCORM 2004 CMI Tests &gt; CMI Spec Tests &gt; CMICommentsFromLMSObject Tests &gt; Field: cmi.comment &gt; Should successfully write &apos;{lang=i}&apos; to cmi.comment" time="0.000029208">
        </testcase>
        <testcase classname="test/cmi/scorm2004_cmi.spec.ts" name="SCORM 2004 CMI Tests &gt; CMI Spec Tests &gt; CMICommentsFromLMSObject Tests &gt; Field: cmi.comment &gt; Should successfully write &apos;&apos; to cmi.comment" time="0.000029459">
        </testcase>
        <testcase classname="test/cmi/scorm2004_cmi.spec.ts" name="SCORM 2004 CMI Tests &gt; CMI Spec Tests &gt; CMICommentsFromLMSObject Tests &gt; Field: cmi.comment &gt; Should fail to write &apos;{lang=i-}&apos; to cmi.comment" time="0.000036625">
        </testcase>
        <testcase classname="test/cmi/scorm2004_cmi.spec.ts" name="SCORM 2004 CMI Tests &gt; CMI Spec Tests &gt; CMICommentsFromLMSObject Tests &gt; Field: cmi.comment &gt; Should fail to write &apos;{lang=i-x}&apos; to cmi.comment" time="0.000034167">
        </testcase>
        <testcase classname="test/cmi/scorm2004_cmi.spec.ts" name="SCORM 2004 CMI Tests &gt; CMI Spec Tests &gt; CMICommentsFromLMSObject Tests &gt; Field: cmi.comment &gt; Should fail to write &apos;{lang=eng-98-9fhgj}{ learner comment&apos; to cmi.comment" time="0.000034375">
        </testcase>
        <testcase classname="test/cmi/scorm2004_cmi.spec.ts" name="SCORM 2004 CMI Tests &gt; CMI Spec Tests &gt; CMICommentsFromLMSObject Tests &gt; Field: cmi.comment &gt; Should fail to write &apos;{learner comment&apos; to cmi.comment" time="0.000033125">
        </testcase>
        <testcase classname="test/cmi/scorm2004_cmi.spec.ts" name="SCORM 2004 CMI Tests &gt; CMI Spec Tests &gt; CMICommentsFromLMSObject Tests &gt; Field: cmi.comment &gt; Should fail to write &apos;{lang=eng-98-9fhgj}xxxxxxxxxxxxxxxxxxxxxxxxxxxxxxxxxxxxxxxxxxxxxxxxxxxxxxxxxxxxxxxxxxxxxxxxxxxxxxxxxxxxxxxxxxxxxxxxxxxxxxxxxxxxxxxxxxxxxxxxxxxxxxxxxxxxxxxxxxxxxxxxxxxxxxxxxxxxxxxxxxxxxxxxxxxxxxxxxxxxxxxxxxxxxxxxxxxxxxxxxxxxxxxxxxxxxxxxxxxxxxxxxxxxxxxxxxxxxxxxxxxxxxxxxxxxxxxxxxxxxxxxxxxxxxxxxxxxxxxxxxxxxxxxxxxxxxxxxxxxxxxxxxxxxxxxxxxxxxxxxxxxxxxxxxxxxxxxxxxxxxxxxxxxxxxxxxxxxxxxxxxxxxxxxxxxxxxxxxxxxxxxxxxxxxxxxxxxxxxxxxxxxxxxxxxxxxxxxxxxxxxxxxxxxxxxxxxxxxxxxxxxxxxxxxxxxxxxxxxxxxxxxxxxxxxxxxxxxxxxxxxxxxxxxxxxxxxxxxxxxxxxxxxxxxxxxxxxxxxxxxxxxxxxxxxxxxxxxxxxxxxxxxxxxxxxxxxxxxxxxxxxxxxxxxxxxxxxxxxxxxxxxxxxxxxxxxxxxxxxxxxxxxxxxxxxxxxxxxxxxxxxxxxxxxxxxxxxxxxxxxxxxxxxxxxxxxxxxxxxxxxxxxxxxxxxxxxxxxxxxxxxxxxxxxxxxxxxxxxxxxxxxxxxxxxxxxxxxxxxxxxxxxxxxxxxxxxxxxxxxxxxxxxxxxxxxxxxxxxxxxxxxxxxxxxxxxxxxxxxxxxxxxxxxxxxxxxxxxxxxxxxxxxxxxxxxxxxxxxxxxxxxxxxxxxxxxxxxxxxxxxxxxxxxxxxxxxxxxxxxxxxxxxxxxxxxxxxxxxxxxxxxxxxxxxxxxxxxxxxxxxxxxxxxxxxxxxxxxxxxxxxxxxxxxxxxxxxxxxxxxxxxxxxxxxxxxxxxxxxxxxxxxxxxxxxxxxxxxxxxxxxxxxxxxxxxxxxxxxxxxxxxxxxxxxxxxxxxxxxxxxxxxxxxxxxxxxxxxxxxxxxxxxxxxxxxxxxxxxxxxxxxxxxxxxxxxxxxxxxxxxxxxxxxxxxxxxxxxxxxxxxxxxxxxxxxxxxxxxxxxxxxxxxxxxxxxxxxxxxxxxxxxxxxxxxxxxxxxxxxxxxxxxxxxxxxxxxxxxxxxxxxxxxxxxxxxxxxxxxxxxxxxxxxxxxxxxxxxxxxxxxxxxxxxxxxxxxxxxxxxxxxxxxxxxxxxxxxxxxxxxxxxxxxxxxxxxxxxxxxxxxxxxxxxxxxxxxxxxxxxxxxxxxxxxxxxxxxxxxxxxxxxxxxxxxxxxxxxxxxxxxxxxxxxxxxxxxxxxxxxxxxxxxxxxxxxxxxxxxxxxxxxxxxxxxxxxxxxxxxxxxxxxxxxxxxxxxxxxxxxxxxxxxxxxxxxxxxxxxxxxxxxxxxxxxxxxxxxxxxxxxxxxxxxxxxxxxxxxxxxxxxxxxxxxxxxxxxxxxxxxxxxxxxxxxxxxxxxxxxxxxxxxxxxxxxxxxxxxxxxxxxxxxxxxxxxxxxxxxxxxxxxxxxxxxxxxxxxxxxxxxxxxxxxxxxxxxxxxxxxxxxxxxxxxxxxxxxxxxxxxxxxxxxxxxxxxxxxxxxxxxxxxxxxxxxxxxxxxxxxxxxxxxxxxxxxxxxxxxxxxxxxxxxxxxxxxxxxxxxxxxxxxxxxxxxxxxxxxxxxxxxxxxxxxxxxxxxxxxxxxxxxxxxxxxxxxxxxxxxxxxxxxxxxxxxxxxxxxxxxxxxxxxxxxxxxxxxxxxxxxxxxxxxxxxxxxxxxxxxxxxxxxxxxxxxxxxxxxxxxxxxxxxxxxxxxxxxxxxxxxxxxxxxxxxxxxxxxxxxxxxxxxxxxxxxxxxxxxxxxxxxxxxxxxxxxxxxxxxxxxxxxxxxxxxxxxxxxxxxxxxxxxxxxxxxxxxxxxxxxxxxxxxxxxxxxxxxxxxxxxxxxxxxxxxxxxxxxxxxxxxxxxxxxxxxxxxxxxxxxxxxxxxxxxxxxxxxxxxxxxxxxxxxxxxxxxxxxxxxxxxxxxxxxxxxxxxxxxxxxxxxxxxxxxxxxxxxxxxxxxxxxxxxxxxxxxxxxxxxxxxxxxxxxxxxxxxxxxxxxxxxxxxxxxxxxxxxxxxxxxxxxxxxxxxxxxxxxxxxxxxxxxxxxxxxxxxxxxxxxxxxxxxxxxxxxxxxxxxxxxxxxxxxxxxxxxxxxxxxxxxxxxxxxxxxxxxxxxxxxxxxxxxxxxxxxxxxxxxxxxxxxxxxxxxxxxxxxxxxxxxxxxxxxxxxxxxxxxxxxxxxxxxxxxxxxxxxxxxxxxxxxxxxxxxxxxxxxxxxxxxxxxxxxxxxxxxxxxxxxxxxxxxxxxxxxxxxxxxxxxxxxxxxxxxxxxxxxxxxxxxxxxxxxxxxxxxxxxxxxxxxxxxxxxxxxxxxxxxxxxxxxxxxxxxxxxxxxxxxxxxxxxxxxxxxxxxxxxxxxxxxxxxxxxxxxxxxxxxxxxxxxxxxxxxxxxxxxxxxxxxxxxxxxxxxxxxxxxxxxxxxxxxxxxxxxxxxxxxxxxxxxxxxxxxxxxxxxxxxxxxxxxxxxxxxxxxxxxxxxxxxxxxxxxxxxxxxxxxxxxxxxxxxxxxxxxxxxxxxxxxxxxxxxxxxxxxxxxxxxxxxxxxxxxxxxxxxxxxxxxxxxxxxxxxxxxxxxxxxxxxxxxxxxxxxxxxxxxxxxxxxxxxxxxxxxxxxxxxxxxxxxxxxxxxxxxxxxxxxxxxxxxxxxxxxxxxxxxxxxxxxxxxxxxxxxxxxxxxxxxxxxxxxxxxxxxxxxxxxxxxxxxxxxxxxxxxxxxxxxxxxxxxxxxxxxxxxxxxxxxxxxxxxxxxxxxxxxxxxxxxxxxxxxxxxxxxxxxxxxxxxxxxxxxxxxxxxxxxxxxxxxxxxxxxxxxxxxxxxxxxxxxxxxxxxxxxxxxxxxxxxxxxxxxxxxxxxxxxxxxxxxxxxxxxxxxxxxxxxxxxxxxxxxxxxxxxxxxxxxxxxxxxxxxxxxxxxxxxxxxxxxxxxxxxxxxxxxxxxxxxxxxxxxxxxxxxxxxxxxxxxxxxxxxxxxxxxxxxxxxxxxxxxxxxxxxxxxxxxxxxxxxxxxxxxxxxxxxxxxxxxxxxxxxxxxxxxxxxxxxxxxxxxxxxxxxxxxxxxxxxxxxxxxxxxxxxxxxxxxxxxxxxxxxxxxxxxxxxxxxxxxxxxxxxxxxxxxxxxxxxxxxxxxxxxxxxxxxxxxxxxxxxxxxxxxxxxxxxxxxxxxxxxxxxxxxxxxxxxxxxxxxxxxxxxxxxxxxxxxxxxxxxxxxxxxxxxxxxxxxxxxxxxxxxxxxxxxxxxxxxxxxxxxxxxxxxxxxxxxxxxxxxxxxxxxxxxxxxxxxxxxxxxxxxxxxxxxxxxxxxxxxxxxxxxxxxxxxxxxxxxxxxxxxxxxxxxxxxxxxxxxxxxxxxxxxxxxxxxxxxxxxxxxxxxxxxxxxxxxxxxxxxxxxxxxxxxxxxxxxxxxxxxxxxxxxxxxxxxxxxxxxxxxxxxxxxxxxxxxxxxxxxxxxxxxxxxxxxxxxxxxxxxxxxxxxxxxxxxxxxxxxxxxxxxxxxxxxxxxxxxxxxxxxxxxxxxxxxxxxxxxxxxxxxxxxxxxxxxxxxxxxxxxxxxxxxxxxxxxxxxxxxxxxxxxxxxxxxxxxxxxxxxxxxxxxxxxxxxxxxxxxxxxxxxxxxxxxxxxxxxxxxxxxxxxxxxxxxxxxxxxxxxxxxxxxxxxxxxxxxxxxxxxxxxxxxxxxxxxxxxxxxxxxxxxxxxxxxxxxxxxxxxxxxxxxxxxxxxxxxxxxxxxxxxxxxxxxxxxxxxxxxxxxxxxxxxxxxxxxxxxxxxxxxxxxxxxxxxxxxxxxxxxxxxxxxxxxxxxxxxxxxxxxxxxxxxxxxxxxxxxxxxxxxxxxxxxxxxxxxxxxxxxxxxxxxxxxxx&apos; to cmi.comment" time="0.000066459">
        </testcase>
        <testcase classname="test/cmi/scorm2004_cmi.spec.ts" name="SCORM 2004 CMI Tests &gt; CMI Spec Tests &gt; CMICommentsFromLMSObject Tests &gt; Field: cmi.comment &gt; Should fail to write &apos;{lang=eng-98-9fhgj}{xxxxxxxxxxxxxxxxxxxxxxxxxxxxxxxxxxxxxxxxxxxxxxxxxxxxxxxxxxxxxxxxxxxxxxxxxxxxxxxxxxxxxxxxxxxxxxxxxxxxxxxxxxxxxxxxxxxxxxxxxxxxxxxxxxxxxxxxxxxxxxxxxxxxxxxxxxxxxxxxxxxxxxxxxxxxxxxxxxxxxxxxxxxxxxxxxxxxxxxxxxxxxxxxxxxxxxxxxxxxxxxxxxxxxxxxxxxxxxxxxxxxxxxxxxxxxxxxxxxxxxxxxxxxxxxxxxxxxxxxxxxxxxxxxxxxxxxxxxxxxxxxxxxxxxxxxxxxxxxxxxxxxxxxxxxxxxxxxxxxxxxxxxxxxxxxxxxxxxxxxxxxxxxxxxxxxxxxxxxxxxxxxxxxxxxxxxxxxxxxxxxxxxxxxxxxxxxxxxxxxxxxxxxxxxxxxxxxxxxxxxxxxxxxxxxxxxxxxxxxxxxxxxxxxxxxxxxxxxxxxxxxxxxxxxxxxxxxxxxxxxxxxxxxxxxxxxxxxxxxxxxxxxxxxxxxxxxxxxxxxxxxxxxxxxxxxxxxxxxxxxxxxxxxxxxxxxxxxxxxxxxxxxxxxxxxxxxxxxxxxxxxxxxxxxxxxxxxxxxxxxxxxxxxxxxxxxxxxxxxxxxxxxxxxxxxxxxxxxxxxxxxxxxxxxxxxxxxxxxxxxxxxxxxxxxxxxxxxxxxxxxxxxxxxxxxxxxxxxxxxxxxxxxxxxxxxxxxxxxxxxxxxxxxxxxxxxxxxxxxxxxxxxxxxxxxxxxxxxxxxxxxxxxxxxxxxxxxxxxxxxxxxxxxxxxxxxxxxxxxxxxxxxxxxxxxxxxxxxxxxxxxxxxxxxxxxxxxxxxxxxxxxxxxxxxxxxxxxxxxxxxxxxxxxxxxxxxxxxxxxxxxxxxxxxxxxxxxxxxxxxxxxxxxxxxxxxxxxxxxxxxxxxxxxxxxxxxxxxxxxxxxxxxxxxxxxxxxxxxxxxxxxxxxxxxxxxxxxxxxxxxxxxxxxxxxxxxxxxxxxxxxxxxxxxxxxxxxxxxxxxxxxxxxxxxxxxxxxxxxxxxxxxxxxxxxxxxxxxxxxxxxxxxxxxxxxxxxxxxxxxxxxxxxxxxxxxxxxxxxxxxxxxxxxxxxxxxxxxxxxxxxxxxxxxxxxxxxxxxxxxxxxxxxxxxxxxxxxxxxxxxxxxxxxxxxxxxxxxxxxxxxxxxxxxxxxxxxxxxxxxxxxxxxxxxxxxxxxxxxxxxxxxxxxxxxxxxxxxxxxxxxxxxxxxxxxxxxxxxxxxxxxxxxxxxxxxxxxxxxxxxxxxxxxxxxxxxxxxxxxxxxxxxxxxxxxxxxxxxxxxxxxxxxxxxxxxxxxxxxxxxxxxxxxxxxxxxxxxxxxxxxxxxxxxxxxxxxxxxxxxxxxxxxxxxxxxxxxxxxxxxxxxxxxxxxxxxxxxxxxxxxxxxxxxxxxxxxxxxxxxxxxxxxxxxxxxxxxxxxxxxxxxxxxxxxxxxxxxxxxxxxxxxxxxxxxxxxxxxxxxxxxxxxxxxxxxxxxxxxxxxxxxxxxxxxxxxxxxxxxxxxxxxxxxxxxxxxxxxxxxxxxxxxxxxxxxxxxxxxxxxxxxxxxxxxxxxxxxxxxxxxxxxxxxxxxxxxxxxxxxxxxxxxxxxxxxxxxxxxxxxxxxxxxxxxxxxxxxxxxxxxxxxxxxxxxxxxxxxxxxxxxxxxxxxxxxxxxxxxxxxxxxxxxxxxxxxxxxxxxxxxxxxxxxxxxxxxxxxxxxxxxxxxxxxxxxxxxxxxxxxxxxxxxxxxxxxxxxxxxxxxxxxxxxxxxxxxxxxxxxxxxxxxxxxxxxxxxxxxxxxxxxxxxxxxxxxxxxxxxxxxxxxxxxxxxxxxxxxxxxxxxxxxxxxxxxxxxxxxxxxxxxxxxxxxxxxxxxxxxxxxxxxxxxxxxxxxxxxxxxxxxxxxxxxxxxxxxxxxxxxxxxxxxxxxxxxxxxxxxxxxxxxxxxxxxxxxxxxxxxxxxxxxxxxxxxxxxxxxxxxxxxxxxxxxxxxxxxxxxxxxxxxxxxxxxxxxxxxxxxxxxxxxxxxxxxxxxxxxxxxxxxxxxxxxxxxxxxxxxxxxxxxxxxxxxxxxxxxxxxxxxxxxxxxxxxxxxxxxxxxxxxxxxxxxxxxxxxxxxxxxxxxxxxxxxxxxxxxxxxxxxxxxxxxxxxxxxxxxxxxxxxxxxxxxxxxxxxxxxxxxxxxxxxxxxxxxxxxxxxxxxxxxxxxxxxxxxxxxxxxxxxxxxxxxxxxxxxxxxxxxxxxxxxxxxxxxxxxxxxxxxxxxxxxxxxxxxxxxxxxxxxxxxxxxxxxxxxxxxxxxxxxxxxxxxxxxxxxxxxxxxxxxxxxxxxxxxxxxxxxxxxxxxxxxxxxxxxxxxxxxxxxxxxxxxxxxxxxxxxxxxxxxxxxxxxxxxxxxxxxxxxxxxxxxxxxxxxxxxxxxxxxxxxxxxxxxxxxxxxxxxxxxxxxxxxxxxxxxxxxxxxxxxxxxxxxxxxxxxxxxxxxxxxxxxxxxxxxxxxxxxxxxxxxxxxxxxxxxxxxxxxxxxxxxxxxxxxxxxxxxxxxxxxxxxxxxxxxxxxxxxxxxxxxxxxxxxxxxxxxxxxxxxxxxxxxxxxxxxxxxxxxxxxxxxxxxxxxxxxxxxxxxxxxxxxxxxxxxxxxxxxxxxxxxxxxxxxxxxxxxxxxxxxxxxxxxxxxxxxxxxxxxxxxxxxxxxxxxxxxxxxxxxxxxxxxxxxxxxxxxxxxxxxxxxxxxxxxxxxxxxxxxxxxxxxxxxxxxxxxxxxxxxxxxxxxxxxxxxxxxxxxxxxxxxxxxxxxxxxxxxxxxxxxxxxxxxxxxxxxxxxxxxxxxxxxxxxxxxxxxxxxxxxxxxxxxxxxxxxxxxxxxxxxxxxxxxxxxxxxxxxxxxxxxxxxxxxxxxxxxxxxxxxxxxxxxxxxxxxxxxxxxxxxxxxxxxxxxxxxxxxxxxxxxxxxxxxxxxxxxxxxxxxxxxxxxxxxxxxxxxxxxxxxxxxxxxxxxxxxxxxxxxxxxxxxxxxxxxxxxxxxxxxxxxxxxxxxxxxxxxxxxxxxxxxxxxxxxxxxxxxxxxxxxxxxxxxxxxxxxxxxxxxxxxxxxxxxxxxxxxxxxxxxxxxxxxxxxxxxxxxxxxxxxxxxxxxxxxxxxxxxxxxxxxxxxxxxxxxxxxxxxxxxxxxxxxxxxxxxxxxxxxxxxxxxxxxxxxxxxxxxxxxxxxxxxxxxxxxxxxxxxxxxxxxxxxxxxxxxxxxxxxxxxxxxxxxxxxxxxxxxxxxxxxxxxxxxxxxxxxxxxxxxxxxxxxxxxxxxxxxxxxxxxxxxxxxxxxxxxxxxxxxxxxxxxxxxxxxxxxxxxxxxxxxxxxxxxxxxxxxxxxxxxxxxxxxxxxxxxxxxxxxxxxxxxxxxxxxxxxxxxxxxxxxxxxxxxxxxxxxxxxxxxxxxxxxxxxxxxxxxxxxxxxxxxxxxxxxxxxxxxxxxxxxxxxxxxxxxxxxxxxxxxxxxxxxxxxxxxxxxxxxxxxxxxxxxxxxxxxxxxxxxxxxxxxxxxxxxxxxxxxxxxxxxxxxxxxxxxxxxxxxxxxxxxxxxxxxxxxxxxxxxxxxxxxxxxxxxxxxxxxxxxxxxxxxxxxxxxxxxxxxxxxxxxxxxxxxxxxxxxxxxxxxxxxxxxxxxxxxxxxxxxxxxxxxxxxxxxxxxxxxxxxxxxxxxxxxxxxxxxxxxxxxxxxxxxxxxxxxxxxxxxxxxxxxxxxxxxxxxxxxxxxxxxxxxxxxxxxxxxxxxxxxxxxxxxxxxxxxxxxxxxxxxxxxxxxxxxxxxxxxxxxxxxxxxxxxxxxxxxxxxxxxxxxxxxxxxxxxxxxxxxxxxxxxxxxxxxxxxxxxxxxxxxxxxxxxxxxxxxxxxxxxxxxxxxxxxxxxxxxxxxxxxxxxxxxxxxxxxxxxxxxxxxxxxxxxxxxxxxxxxxxxxxxxx&apos; to cmi.comment" time="0.000071334">
        </testcase>
        <testcase classname="test/cmi/scorm2004_cmi.spec.ts" name="SCORM 2004 CMI Tests &gt; CMI Spec Tests &gt; CMICommentsFromLMSObject Tests &gt; Field: cmi.location &gt; Should be able to read from cmi.location" time="0.000019958">
        </testcase>
        <testcase classname="test/cmi/scorm2004_cmi.spec.ts" name="SCORM 2004 CMI Tests &gt; CMI Spec Tests &gt; CMICommentsFromLMSObject Tests &gt; Field: cmi.location &gt; Should be able to write upto 250 characters to cmi.location" time="0.000034125">
        </testcase>
        <testcase classname="test/cmi/scorm2004_cmi.spec.ts" name="SCORM 2004 CMI Tests &gt; CMI Spec Tests &gt; CMICommentsFromLMSObject Tests &gt; Field: cmi.location &gt; Should fail to write more than 250 characters to cmi.location" time="0.000051542">
        </testcase>
        <testcase classname="test/cmi/scorm2004_cmi.spec.ts" name="SCORM 2004 CMI Tests &gt; CMI Spec Tests &gt; CMICommentsFromLMSObject Tests &gt; Field: cmi.timestamp &gt; Should be able to read from cmi.timestamp" time="0.000022">
        </testcase>
        <testcase classname="test/cmi/scorm2004_cmi.spec.ts" name="SCORM 2004 CMI Tests &gt; CMI Spec Tests &gt; CMICommentsFromLMSObject Tests &gt; Field: cmi.timestamp &gt; Should successfully write to cmi.timestamp" time="0.000031167">
        </testcase>
        <testcase classname="test/cmi/scorm2004_cmi.spec.ts" name="SCORM 2004 CMI Tests &gt; CMI Spec Tests &gt; CMICommentsFromLMSObject Tests &gt; Field: cmi.timestamp &gt; Should successfully write &apos;2019-06-25&apos; to cmi.timestamp" time="0.000029416">
        </testcase>
        <testcase classname="test/cmi/scorm2004_cmi.spec.ts" name="SCORM 2004 CMI Tests &gt; CMI Spec Tests &gt; CMICommentsFromLMSObject Tests &gt; Field: cmi.timestamp &gt; Should successfully write &apos;2019-06-25T23:59&apos; to cmi.timestamp" time="0.000028875">
        </testcase>
        <testcase classname="test/cmi/scorm2004_cmi.spec.ts" name="SCORM 2004 CMI Tests &gt; CMI Spec Tests &gt; CMICommentsFromLMSObject Tests &gt; Field: cmi.timestamp &gt; Should successfully write &apos;2019-06-25T23:59:59.99&apos; to cmi.timestamp" time="0.000028375">
        </testcase>
        <testcase classname="test/cmi/scorm2004_cmi.spec.ts" name="SCORM 2004 CMI Tests &gt; CMI Spec Tests &gt; CMICommentsFromLMSObject Tests &gt; Field: cmi.timestamp &gt; Should successfully write &apos;2019-06-25T23:59:59.999&apos; to cmi.timestamp" time="0.00003">
        </testcase>
        <testcase classname="test/cmi/scorm2004_cmi.spec.ts" name="SCORM 2004 CMI Tests &gt; CMI Spec Tests &gt; CMICommentsFromLMSObject Tests &gt; Field: cmi.timestamp &gt; Should successfully write &apos;1970-01-01&apos; to cmi.timestamp" time="0.000028209">
        </testcase>
        <testcase classname="test/cmi/scorm2004_cmi.spec.ts" name="SCORM 2004 CMI Tests &gt; CMI Spec Tests &gt; CMICommentsFromLMSObject Tests &gt; Field: cmi.timestamp &gt; Should fail to write &apos;2019-06-25T&apos; to cmi.timestamp" time="0.00003375">
        </testcase>
        <testcase classname="test/cmi/scorm2004_cmi.spec.ts" name="SCORM 2004 CMI Tests &gt; CMI Spec Tests &gt; CMICommentsFromLMSObject Tests &gt; Field: cmi.timestamp &gt; Should fail to write &apos;2019-06-25T25:59:59.99&apos; to cmi.timestamp" time="0.000032791">
        </testcase>
        <testcase classname="test/cmi/scorm2004_cmi.spec.ts" name="SCORM 2004 CMI Tests &gt; CMI Spec Tests &gt; CMICommentsFromLMSObject Tests &gt; Field: cmi.timestamp &gt; Should fail to write &apos;2019-13-31&apos; to cmi.timestamp" time="0.00003275">
        </testcase>
        <testcase classname="test/cmi/scorm2004_cmi.spec.ts" name="SCORM 2004 CMI Tests &gt; CMI Spec Tests &gt; CMICommentsFromLMSObject Tests &gt; Field: cmi.timestamp &gt; Should fail to write &apos;1969-12-31&apos; to cmi.timestamp" time="0.000033667">
        </testcase>
        <testcase classname="test/cmi/scorm2004_cmi.spec.ts" name="SCORM 2004 CMI Tests &gt; CMI Spec Tests &gt; CMICommentsFromLMSObject Tests &gt; Field: cmi.timestamp &gt; Should fail to write &apos;-00:00:30&apos; to cmi.timestamp" time="0.000032083">
        </testcase>
        <testcase classname="test/cmi/scorm2004_cmi.spec.ts" name="SCORM 2004 CMI Tests &gt; CMI Spec Tests &gt; CMICommentsFromLMSObject Tests &gt; Field: cmi.timestamp &gt; Should fail to write &apos;0:50:30&apos; to cmi.timestamp" time="0.000032209">
        </testcase>
        <testcase classname="test/cmi/scorm2004_cmi.spec.ts" name="SCORM 2004 CMI Tests &gt; CMI Spec Tests &gt; CMICommentsFromLMSObject Tests &gt; Field: cmi.timestamp &gt; Should fail to write &apos;23:00:30.&apos; to cmi.timestamp" time="0.000031959">
        </testcase>
        <testcase classname="test/cmi/scorm2004_cmi.spec.ts" name="SCORM 2004 CMI Tests &gt; CMI Spec Tests &gt; CMICommentsFromLMSObject Tests &gt; Field: cmi.comment &gt; Should be able to read from cmi.comment" time="0.000034917">
        </testcase>
        <testcase classname="test/cmi/scorm2004_cmi.spec.ts" name="SCORM 2004 CMI Tests &gt; CMI Spec Tests &gt; CMICommentsFromLMSObject Tests &gt; Field: cmi.comment &gt; Should fail to write to cmi.comment" time="0.00003475">
        </testcase>
        <testcase classname="test/cmi/scorm2004_cmi.spec.ts" name="SCORM 2004 CMI Tests &gt; CMI Spec Tests &gt; CMICommentsFromLMSObject Tests &gt; Field: cmi.location &gt; Should be able to read from cmi.location" time="0.000019458">
        </testcase>
        <testcase classname="test/cmi/scorm2004_cmi.spec.ts" name="SCORM 2004 CMI Tests &gt; CMI Spec Tests &gt; CMICommentsFromLMSObject Tests &gt; Field: cmi.location &gt; Should fail to write to cmi.location" time="0.000028958">
        </testcase>
        <testcase classname="test/cmi/scorm2004_cmi.spec.ts" name="SCORM 2004 CMI Tests &gt; CMI Spec Tests &gt; CMICommentsFromLMSObject Tests &gt; Field: cmi.timestamp &gt; Should be able to read from cmi.timestamp" time="0.000019917">
        </testcase>
        <testcase classname="test/cmi/scorm2004_cmi.spec.ts" name="SCORM 2004 CMI Tests &gt; CMI Spec Tests &gt; CMICommentsFromLMSObject Tests &gt; Field: cmi.timestamp &gt; Should fail to write to cmi.timestamp" time="0.000027334">
        </testcase>
        <testcase classname="test/cmi/scorm2004_cmi.spec.ts" name="SCORM 2004 CMI Tests &gt; CMI Spec Tests &gt; CMICommentsFromLMSObject Tests &gt; should export JSON" time="0.000030125">
        </testcase>
        <testcase classname="test/cmi/scorm2004_cmi.spec.ts" name="SCORM 2004 CMI Tests &gt; CMI Spec Tests &gt; CMIInteractionsObject Tests &gt; Field: cmi.id &gt; Should be able to read from cmi.id" time="0.0000225">
        </testcase>
        <testcase classname="test/cmi/scorm2004_cmi.spec.ts" name="SCORM 2004 CMI Tests &gt; CMI Spec Tests &gt; CMIInteractionsObject Tests &gt; Field: cmi.id &gt; Should successfully write to cmi.id" time="0.00006525">
        </testcase>
        <testcase classname="test/cmi/scorm2004_cmi.spec.ts" name="SCORM 2004 CMI Tests &gt; CMI Spec Tests &gt; CMIInteractionsObject Tests &gt; Field: cmi.id &gt; Should be able to read from cmi.id" time="0.000023167">
        </testcase>
        <testcase classname="test/cmi/scorm2004_cmi.spec.ts" name="SCORM 2004 CMI Tests &gt; CMI Spec Tests &gt; CMIInteractionsObject Tests &gt; Field: cmi.id &gt; Should successfully write to cmi.id" time="0.00002925">
        </testcase>
        <testcase classname="test/cmi/scorm2004_cmi.spec.ts" name="SCORM 2004 CMI Tests &gt; CMI Spec Tests &gt; CMIInteractionsObject Tests &gt; Field: cmi.timestamp &gt; Should successfully write &apos;2019-06-25&apos; to cmi.timestamp" time="0.000041958">
        </testcase>
        <testcase classname="test/cmi/scorm2004_cmi.spec.ts" name="SCORM 2004 CMI Tests &gt; CMI Spec Tests &gt; CMIInteractionsObject Tests &gt; Field: cmi.timestamp &gt; Should successfully write &apos;2019-06-25T23:59&apos; to cmi.timestamp" time="0.000027375">
        </testcase>
        <testcase classname="test/cmi/scorm2004_cmi.spec.ts" name="SCORM 2004 CMI Tests &gt; CMI Spec Tests &gt; CMIInteractionsObject Tests &gt; Field: cmi.timestamp &gt; Should successfully write &apos;2019-06-25T23:59:59.99&apos; to cmi.timestamp" time="0.000027083">
        </testcase>
        <testcase classname="test/cmi/scorm2004_cmi.spec.ts" name="SCORM 2004 CMI Tests &gt; CMI Spec Tests &gt; CMIInteractionsObject Tests &gt; Field: cmi.timestamp &gt; Should successfully write &apos;2019-06-25T23:59:59.999&apos; to cmi.timestamp" time="0.000026584">
        </testcase>
        <testcase classname="test/cmi/scorm2004_cmi.spec.ts" name="SCORM 2004 CMI Tests &gt; CMI Spec Tests &gt; CMIInteractionsObject Tests &gt; Field: cmi.timestamp &gt; Should successfully write &apos;1970-01-01&apos; to cmi.timestamp" time="0.000025542">
        </testcase>
        <testcase classname="test/cmi/scorm2004_cmi.spec.ts" name="SCORM 2004 CMI Tests &gt; CMI Spec Tests &gt; CMIInteractionsObject Tests &gt; Field: cmi.timestamp &gt; Should fail to write &apos;2019-06-25T&apos; to cmi.timestamp" time="0.00003025">
        </testcase>
        <testcase classname="test/cmi/scorm2004_cmi.spec.ts" name="SCORM 2004 CMI Tests &gt; CMI Spec Tests &gt; CMIInteractionsObject Tests &gt; Field: cmi.timestamp &gt; Should fail to write &apos;2019-06-25T25:59:59.99&apos; to cmi.timestamp" time="0.00003025">
        </testcase>
        <testcase classname="test/cmi/scorm2004_cmi.spec.ts" name="SCORM 2004 CMI Tests &gt; CMI Spec Tests &gt; CMIInteractionsObject Tests &gt; Field: cmi.timestamp &gt; Should fail to write &apos;2019-13-31&apos; to cmi.timestamp" time="0.000028625">
        </testcase>
        <testcase classname="test/cmi/scorm2004_cmi.spec.ts" name="SCORM 2004 CMI Tests &gt; CMI Spec Tests &gt; CMIInteractionsObject Tests &gt; Field: cmi.timestamp &gt; Should fail to write &apos;1969-12-31&apos; to cmi.timestamp" time="0.000030709">
        </testcase>
        <testcase classname="test/cmi/scorm2004_cmi.spec.ts" name="SCORM 2004 CMI Tests &gt; CMI Spec Tests &gt; CMIInteractionsObject Tests &gt; Field: cmi.timestamp &gt; Should fail to write &apos;-00:00:30&apos; to cmi.timestamp" time="0.000031">
        </testcase>
        <testcase classname="test/cmi/scorm2004_cmi.spec.ts" name="SCORM 2004 CMI Tests &gt; CMI Spec Tests &gt; CMIInteractionsObject Tests &gt; Field: cmi.timestamp &gt; Should fail to write &apos;0:50:30&apos; to cmi.timestamp" time="0.000031208">
        </testcase>
        <testcase classname="test/cmi/scorm2004_cmi.spec.ts" name="SCORM 2004 CMI Tests &gt; CMI Spec Tests &gt; CMIInteractionsObject Tests &gt; Field: cmi.timestamp &gt; Should fail to write &apos;23:00:30.&apos; to cmi.timestamp" time="0.000028459">
        </testcase>
        <testcase classname="test/cmi/scorm2004_cmi.spec.ts" name="SCORM 2004 CMI Tests &gt; CMI Spec Tests &gt; CMIInteractionsObject Tests &gt; Field: cmi.type &gt; Should successfully write &apos;true-false&apos; to cmi.type" time="0.000068625">
        </testcase>
        <testcase classname="test/cmi/scorm2004_cmi.spec.ts" name="SCORM 2004 CMI Tests &gt; CMI Spec Tests &gt; CMIInteractionsObject Tests &gt; Field: cmi.type &gt; Should successfully write &apos;choice&apos; to cmi.type" time="0.000066584">
        </testcase>
        <testcase classname="test/cmi/scorm2004_cmi.spec.ts" name="SCORM 2004 CMI Tests &gt; CMI Spec Tests &gt; CMIInteractionsObject Tests &gt; Field: cmi.type &gt; Should successfully write &apos;fill-in&apos; to cmi.type" time="0.000030125">
        </testcase>
        <testcase classname="test/cmi/scorm2004_cmi.spec.ts" name="SCORM 2004 CMI Tests &gt; CMI Spec Tests &gt; CMIInteractionsObject Tests &gt; Field: cmi.type &gt; Should successfully write &apos;long-fill-in&apos; to cmi.type" time="0.000032417">
        </testcase>
        <testcase classname="test/cmi/scorm2004_cmi.spec.ts" name="SCORM 2004 CMI Tests &gt; CMI Spec Tests &gt; CMIInteractionsObject Tests &gt; Field: cmi.type &gt; Should successfully write &apos;matching&apos; to cmi.type" time="0.000029208">
        </testcase>
        <testcase classname="test/cmi/scorm2004_cmi.spec.ts" name="SCORM 2004 CMI Tests &gt; CMI Spec Tests &gt; CMIInteractionsObject Tests &gt; Field: cmi.type &gt; Should successfully write &apos;performance&apos; to cmi.type" time="0.000030208">
        </testcase>
        <testcase classname="test/cmi/scorm2004_cmi.spec.ts" name="SCORM 2004 CMI Tests &gt; CMI Spec Tests &gt; CMIInteractionsObject Tests &gt; Field: cmi.type &gt; Should successfully write &apos;sequencing&apos; to cmi.type" time="0.000028417">
        </testcase>
        <testcase classname="test/cmi/scorm2004_cmi.spec.ts" name="SCORM 2004 CMI Tests &gt; CMI Spec Tests &gt; CMIInteractionsObject Tests &gt; Field: cmi.type &gt; Should successfully write &apos;likert&apos; to cmi.type" time="0.000029042">
        </testcase>
        <testcase classname="test/cmi/scorm2004_cmi.spec.ts" name="SCORM 2004 CMI Tests &gt; CMI Spec Tests &gt; CMIInteractionsObject Tests &gt; Field: cmi.type &gt; Should successfully write &apos;numeric&apos; to cmi.type" time="0.000027708">
        </testcase>
        <testcase classname="test/cmi/scorm2004_cmi.spec.ts" name="SCORM 2004 CMI Tests &gt; CMI Spec Tests &gt; CMIInteractionsObject Tests &gt; Field: cmi.type &gt; Should successfully write &apos;other&apos; to cmi.type" time="0.000027875">
        </testcase>
        <testcase classname="test/cmi/scorm2004_cmi.spec.ts" name="SCORM 2004 CMI Tests &gt; CMI Spec Tests &gt; CMIInteractionsObject Tests &gt; Field: cmi.type &gt; Should fail to write &apos;correct&apos; to cmi.type" time="0.000031875">
        </testcase>
        <testcase classname="test/cmi/scorm2004_cmi.spec.ts" name="SCORM 2004 CMI Tests &gt; CMI Spec Tests &gt; CMIInteractionsObject Tests &gt; Field: cmi.type &gt; Should fail to write &apos;wrong&apos; to cmi.type" time="0.000034958">
        </testcase>
        <testcase classname="test/cmi/scorm2004_cmi.spec.ts" name="SCORM 2004 CMI Tests &gt; CMI Spec Tests &gt; CMIInteractionsObject Tests &gt; Field: cmi.type &gt; Should fail to write &apos;logout&apos; to cmi.type" time="0.000032875">
        </testcase>
        <testcase classname="test/cmi/scorm2004_cmi.spec.ts" name="SCORM 2004 CMI Tests &gt; CMI Spec Tests &gt; CMIInteractionsObject Tests &gt; Field: cmi.objectives._count &gt; Should be able to read from cmi.objectives._count" time="0.000020417">
        </testcase>
        <testcase classname="test/cmi/scorm2004_cmi.spec.ts" name="SCORM 2004 CMI Tests &gt; CMI Spec Tests &gt; CMIInteractionsObject Tests &gt; Field: cmi.objectives._count &gt; Should fail to write to cmi.objectives._count" time="0.000028416">
        </testcase>
        <testcase classname="test/cmi/scorm2004_cmi.spec.ts" name="SCORM 2004 CMI Tests &gt; CMI Spec Tests &gt; CMIInteractionsObject Tests &gt; Field: cmi.correct_responses._count &gt; Should be able to read from cmi.correct_responses._count" time="0.000020916">
        </testcase>
        <testcase classname="test/cmi/scorm2004_cmi.spec.ts" name="SCORM 2004 CMI Tests &gt; CMI Spec Tests &gt; CMIInteractionsObject Tests &gt; Field: cmi.correct_responses._count &gt; Should fail to write to cmi.correct_responses._count" time="0.000045542">
        </testcase>
        <testcase classname="test/cmi/scorm2004_cmi.spec.ts" name="SCORM 2004 CMI Tests &gt; CMI Spec Tests &gt; CMIInteractionsObject Tests &gt; Field: cmi.weighting &gt; Should successfully write to cmi.weighting" time="0.0000565">
        </testcase>
        <testcase classname="test/cmi/scorm2004_cmi.spec.ts" name="SCORM 2004 CMI Tests &gt; CMI Spec Tests &gt; CMIInteractionsObject Tests &gt; Field: cmi.weighting &gt; Should successfully write &apos;1&apos; to cmi.weighting" time="0.000031875">
        </testcase>
        <testcase classname="test/cmi/scorm2004_cmi.spec.ts" name="SCORM 2004 CMI Tests &gt; CMI Spec Tests &gt; CMIInteractionsObject Tests &gt; Field: cmi.weighting &gt; Should successfully write &apos;50&apos; to cmi.weighting" time="0.000029709">
        </testcase>
        <testcase classname="test/cmi/scorm2004_cmi.spec.ts" name="SCORM 2004 CMI Tests &gt; CMI Spec Tests &gt; CMIInteractionsObject Tests &gt; Field: cmi.weighting &gt; Should successfully write &apos;100&apos; to cmi.weighting" time="0.00002875">
        </testcase>
        <testcase classname="test/cmi/scorm2004_cmi.spec.ts" name="SCORM 2004 CMI Tests &gt; CMI Spec Tests &gt; CMIInteractionsObject Tests &gt; Field: cmi.weighting &gt; Should successfully write &apos;-10000&apos; to cmi.weighting" time="0.000028584">
        </testcase>
        <testcase classname="test/cmi/scorm2004_cmi.spec.ts" name="SCORM 2004 CMI Tests &gt; CMI Spec Tests &gt; CMIInteractionsObject Tests &gt; Field: cmi.weighting &gt; Should successfully write &apos;-1&apos; to cmi.weighting" time="0.0000275">
        </testcase>
        <testcase classname="test/cmi/scorm2004_cmi.spec.ts" name="SCORM 2004 CMI Tests &gt; CMI Spec Tests &gt; CMIInteractionsObject Tests &gt; Field: cmi.weighting &gt; Should successfully write &apos;10000&apos; to cmi.weighting" time="0.000029708">
        </testcase>
        <testcase classname="test/cmi/scorm2004_cmi.spec.ts" name="SCORM 2004 CMI Tests &gt; CMI Spec Tests &gt; CMIInteractionsObject Tests &gt; Field: cmi.weighting &gt; Should fail to write &apos;invalid&apos; to cmi.weighting" time="0.000031667">
        </testcase>
        <testcase classname="test/cmi/scorm2004_cmi.spec.ts" name="SCORM 2004 CMI Tests &gt; CMI Spec Tests &gt; CMIInteractionsObject Tests &gt; Field: cmi.weighting &gt; Should fail to write &apos;a100&apos; to cmi.weighting" time="0.000031917">
        </testcase>
        <testcase classname="test/cmi/scorm2004_cmi.spec.ts" name="SCORM 2004 CMI Tests &gt; CMI Spec Tests &gt; CMIInteractionsObject Tests &gt; Field: cmi.weighting &gt; Should fail to write &apos;-100000&apos; to cmi.weighting" time="0.000031333">
        </testcase>
        <testcase classname="test/cmi/scorm2004_cmi.spec.ts" name="SCORM 2004 CMI Tests &gt; CMI Spec Tests &gt; CMIInteractionsObject Tests &gt; Field: cmi.weighting &gt; Should fail to write &apos;100000&apos; to cmi.weighting" time="0.000031583">
        </testcase>
        <testcase classname="test/cmi/scorm2004_cmi.spec.ts" name="SCORM 2004 CMI Tests &gt; CMI Spec Tests &gt; CMIInteractionsObject Tests &gt; Field: cmi.result &gt; Should be able to read from cmi.result" time="0.000021417">
        </testcase>
        <testcase classname="test/cmi/scorm2004_cmi.spec.ts" name="SCORM 2004 CMI Tests &gt; CMI Spec Tests &gt; CMIInteractionsObject Tests &gt; Field: cmi.result &gt; Should successfully write &apos;correct&apos; to cmi.result" time="0.000065584">
        </testcase>
        <testcase classname="test/cmi/scorm2004_cmi.spec.ts" name="SCORM 2004 CMI Tests &gt; CMI Spec Tests &gt; CMIInteractionsObject Tests &gt; Field: cmi.result &gt; Should successfully write &apos;incorrect&apos; to cmi.result" time="0.000056792">
        </testcase>
        <testcase classname="test/cmi/scorm2004_cmi.spec.ts" name="SCORM 2004 CMI Tests &gt; CMI Spec Tests &gt; CMIInteractionsObject Tests &gt; Field: cmi.result &gt; Should successfully write &apos;unanticipated&apos; to cmi.result" time="0.00002925">
        </testcase>
        <testcase classname="test/cmi/scorm2004_cmi.spec.ts" name="SCORM 2004 CMI Tests &gt; CMI Spec Tests &gt; CMIInteractionsObject Tests &gt; Field: cmi.result &gt; Should successfully write &apos;neutral&apos; to cmi.result" time="0.000028125">
        </testcase>
        <testcase classname="test/cmi/scorm2004_cmi.spec.ts" name="SCORM 2004 CMI Tests &gt; CMI Spec Tests &gt; CMIInteractionsObject Tests &gt; Field: cmi.result &gt; Should successfully write &apos;1&apos; to cmi.result" time="0.000032083">
        </testcase>
        <testcase classname="test/cmi/scorm2004_cmi.spec.ts" name="SCORM 2004 CMI Tests &gt; CMI Spec Tests &gt; CMIInteractionsObject Tests &gt; Field: cmi.result &gt; Should successfully write &apos;999&apos; to cmi.result" time="0.000029417">
        </testcase>
        <testcase classname="test/cmi/scorm2004_cmi.spec.ts" name="SCORM 2004 CMI Tests &gt; CMI Spec Tests &gt; CMIInteractionsObject Tests &gt; Field: cmi.result &gt; Should successfully write &apos;999.99999&apos; to cmi.result" time="0.000028334">
        </testcase>
        <testcase classname="test/cmi/scorm2004_cmi.spec.ts" name="SCORM 2004 CMI Tests &gt; CMI Spec Tests &gt; CMIInteractionsObject Tests &gt; Field: cmi.result &gt; Should fail to write &apos;-10000&apos; to cmi.result" time="0.000032292">
        </testcase>
        <testcase classname="test/cmi/scorm2004_cmi.spec.ts" name="SCORM 2004 CMI Tests &gt; CMI Spec Tests &gt; CMIInteractionsObject Tests &gt; Field: cmi.result &gt; Should fail to write &apos;10000&apos; to cmi.result" time="0.000033667">
        </testcase>
        <testcase classname="test/cmi/scorm2004_cmi.spec.ts" name="SCORM 2004 CMI Tests &gt; CMI Spec Tests &gt; CMIInteractionsObject Tests &gt; Field: cmi.result &gt; Should fail to write &apos;invalid&apos; to cmi.result" time="0.000033083">
        </testcase>
        <testcase classname="test/cmi/scorm2004_cmi.spec.ts" name="SCORM 2004 CMI Tests &gt; CMI Spec Tests &gt; CMIInteractionsObject Tests &gt; Field: cmi.result &gt; Should fail to write &apos;wrong&apos; to cmi.result" time="0.000032833">
        </testcase>
        <testcase classname="test/cmi/scorm2004_cmi.spec.ts" name="SCORM 2004 CMI Tests &gt; CMI Spec Tests &gt; CMIInteractionsObject Tests &gt; Field: cmi.latency &gt; Should be able to read from cmi.latency" time="0.000022084">
        </testcase>
        <testcase classname="test/cmi/scorm2004_cmi.spec.ts" name="SCORM 2004 CMI Tests &gt; CMI Spec Tests &gt; CMIInteractionsObject Tests &gt; Field: cmi.latency &gt; Should successfully write &apos;P1Y34DT23H45M15S&apos; to cmi.latency" time="0.000043792">
        </testcase>
        <testcase classname="test/cmi/scorm2004_cmi.spec.ts" name="SCORM 2004 CMI Tests &gt; CMI Spec Tests &gt; CMIInteractionsObject Tests &gt; Field: cmi.latency &gt; Should successfully write &apos;PT1M45S&apos; to cmi.latency" time="0.000032042">
        </testcase>
        <testcase classname="test/cmi/scorm2004_cmi.spec.ts" name="SCORM 2004 CMI Tests &gt; CMI Spec Tests &gt; CMIInteractionsObject Tests &gt; Field: cmi.latency &gt; Should successfully write &apos;P0S&apos; to cmi.latency" time="0.000031209">
        </testcase>
        <testcase classname="test/cmi/scorm2004_cmi.spec.ts" name="SCORM 2004 CMI Tests &gt; CMI Spec Tests &gt; CMIInteractionsObject Tests &gt; Field: cmi.latency &gt; Should successfully write &apos;PT75M&apos; to cmi.latency" time="0.000031333">
        </testcase>
        <testcase classname="test/cmi/scorm2004_cmi.spec.ts" name="SCORM 2004 CMI Tests &gt; CMI Spec Tests &gt; CMIInteractionsObject Tests &gt; Field: cmi.latency &gt; Should fail to write &apos;00:08:45&apos; to cmi.latency" time="0.000034709">
        </testcase>
        <testcase classname="test/cmi/scorm2004_cmi.spec.ts" name="SCORM 2004 CMI Tests &gt; CMI Spec Tests &gt; CMIInteractionsObject Tests &gt; Field: cmi.latency &gt; Should fail to write &apos;-P1H&apos; to cmi.latency" time="0.000035584">
        </testcase>
        <testcase classname="test/cmi/scorm2004_cmi.spec.ts" name="SCORM 2004 CMI Tests &gt; CMI Spec Tests &gt; CMIInteractionsObject Tests &gt; Field: cmi.latency &gt; Should fail to write &apos;1y45D&apos; to cmi.latency" time="0.00003425">
        </testcase>
        <testcase classname="test/cmi/scorm2004_cmi.spec.ts" name="SCORM 2004 CMI Tests &gt; CMI Spec Tests &gt; CMIInteractionsObject Tests &gt; Field: cmi.latency &gt; Should fail to write &apos;0&apos; to cmi.latency" time="0.000034083">
        </testcase>
        <testcase classname="test/cmi/scorm2004_cmi.spec.ts" name="SCORM 2004 CMI Tests &gt; CMI Spec Tests &gt; CMIInteractionsObject Tests &gt; Field: cmi.description &gt; Should successfully write &apos;{lang=en-98} learner comment&apos; to cmi.description" time="0.000075667">
        </testcase>
        <testcase classname="test/cmi/scorm2004_cmi.spec.ts" name="SCORM 2004 CMI Tests &gt; CMI Spec Tests &gt; CMIInteractionsObject Tests &gt; Field: cmi.description &gt; Should successfully write &apos;{lang=eng-98-9} learner comment&apos; to cmi.description" time="0.000067083">
        </testcase>
        <testcase classname="test/cmi/scorm2004_cmi.spec.ts" name="SCORM 2004 CMI Tests &gt; CMI Spec Tests &gt; CMIInteractionsObject Tests &gt; Field: cmi.description &gt; Should successfully write &apos;{lang=eng-98-9fhgj}xxxxxxxxxxxxxxxxxxxxxxxxxxxxxxxxxxxxxxxxxxxxxxxxxxxxxxxxxxxxxxxxxxxxxxxxxxxxxxxxxxxxxxxxxxxxxxxxxxxxxxxxxxxxxxxxxxxxxxxxxxxxxxxxxxxxxxxxxxxxxxxxxxxxxxxxxxxxxxxxxxxxxxxxxxxxxxxxxxxxxxxxxxxxxxxxxxxxxxxxxxxxxxxxxxxxxxxxxxxxxxxxxxxxxxxxxxxxxxxxxxxxxxxxxx&apos; to cmi.description" time="0.000035292">
        </testcase>
        <testcase classname="test/cmi/scorm2004_cmi.spec.ts" name="SCORM 2004 CMI Tests &gt; CMI Spec Tests &gt; CMIInteractionsObject Tests &gt; Field: cmi.description &gt; Should successfully write &apos;learner comment&apos; to cmi.description" time="0.000030875">
        </testcase>
        <testcase classname="test/cmi/scorm2004_cmi.spec.ts" name="SCORM 2004 CMI Tests &gt; CMI Spec Tests &gt; CMIInteractionsObject Tests &gt; Field: cmi.description &gt; Should successfully write &apos;learner comment}&apos; to cmi.description" time="0.000036084">
        </testcase>
        <testcase classname="test/cmi/scorm2004_cmi.spec.ts" name="SCORM 2004 CMI Tests &gt; CMI Spec Tests &gt; CMIInteractionsObject Tests &gt; Field: cmi.description &gt; Should successfully write &apos;{lang=i-xx}&apos; to cmi.description" time="0.000029583">
        </testcase>
        <testcase classname="test/cmi/scorm2004_cmi.spec.ts" name="SCORM 2004 CMI Tests &gt; CMI Spec Tests &gt; CMIInteractionsObject Tests &gt; Field: cmi.description &gt; Should successfully write &apos;{lang=i}&apos; to cmi.description" time="0.000032709">
        </testcase>
        <testcase classname="test/cmi/scorm2004_cmi.spec.ts" name="SCORM 2004 CMI Tests &gt; CMI Spec Tests &gt; CMIInteractionsObject Tests &gt; Field: cmi.description &gt; Should successfully write &apos;&apos; to cmi.description" time="0.000032666">
        </testcase>
        <testcase classname="test/cmi/scorm2004_cmi.spec.ts" name="SCORM 2004 CMI Tests &gt; CMI Spec Tests &gt; CMIInteractionsObject Tests &gt; Field: cmi.description &gt; Should fail to write &apos;{lang=i-}&apos; to cmi.description" time="0.000036292">
        </testcase>
        <testcase classname="test/cmi/scorm2004_cmi.spec.ts" name="SCORM 2004 CMI Tests &gt; CMI Spec Tests &gt; CMIInteractionsObject Tests &gt; Field: cmi.description &gt; Should fail to write &apos;{lang=i-x}&apos; to cmi.description" time="0.000036208">
        </testcase>
        <testcase classname="test/cmi/scorm2004_cmi.spec.ts" name="SCORM 2004 CMI Tests &gt; CMI Spec Tests &gt; CMIInteractionsObject Tests &gt; Field: cmi.description &gt; Should fail to write &apos;{lang=eng-98-9fhgj}{ learner comment&apos; to cmi.description" time="0.000034875">
        </testcase>
        <testcase classname="test/cmi/scorm2004_cmi.spec.ts" name="SCORM 2004 CMI Tests &gt; CMI Spec Tests &gt; CMIInteractionsObject Tests &gt; Field: cmi.description &gt; Should fail to write &apos;{learner comment&apos; to cmi.description" time="0.000034125">
        </testcase>
        <testcase classname="test/cmi/scorm2004_cmi.spec.ts" name="SCORM 2004 CMI Tests &gt; CMI Spec Tests &gt; CMIInteractionsObject Tests &gt; Field: cmi.description &gt; Should fail to write &apos;{lang=eng-98-9fhgj}xxxxxxxxxxxxxxxxxxxxxxxxxxxxxxxxxxxxxxxxxxxxxxxxxxxxxxxxxxxxxxxxxxxxxxxxxxxxxxxxxxxxxxxxxxxxxxxxxxxxxxxxxxxxxxxxxxxxxxxxxxxxxxxxxxxxxxxxxxxxxxxxxxxxxxxxxxxxxxxxxxxxxxxxxxxxxxxxxxxxxxxxxxxxxxxxxxxxxxxxxxxxxxxxxxxxxxxxxxxxxxxxxxxxxxxxxxxxxxxxxxxxxxxxxxx&apos; to cmi.description" time="0.000036667">
        </testcase>
        <testcase classname="test/cmi/scorm2004_cmi.spec.ts" name="SCORM 2004 CMI Tests &gt; CMI Spec Tests &gt; CMIInteractionsObject Tests &gt; Field: cmi.description &gt; Should fail to write &apos;{lang=eng-98-9fhgj}{xxxxxxxxxxxxxxxxxxxxxxxxxxxxxxxxxxxxxxxxxxxxxxxxxxxxxxxxxxxxxxxxxxxxxxxxxxxxxxxxxxxxxxxxxxxxxxxxxxxxxxxxxxxxxxxxxxxxxxxxxxxxxxxxxxxxxxxxxxxxxxxxxxxxxxxxxxxxxxxxxxxxxxxxxxxxxxxxxxxxxxxxxxxxxxxxxxxxxxxxxxxxxxxxxxxxxxxxxxxxxxxxxxxxxxxxxxxxxxxxxxxxxxxxx&apos; to cmi.description" time="0.000036">
        </testcase>
        <testcase classname="test/cmi/scorm2004_cmi.spec.ts" name="SCORM 2004 CMI Tests &gt; CMI Spec Tests &gt; CMIInteractionsObject Tests &gt; should export JSON" time="0.000085792">
        </testcase>
        <testcase classname="test/cmi/scorm2004_cmi.spec.ts" name="SCORM 2004 CMI Tests &gt; CMI Spec Tests &gt; CMIObjectivesObject Tests &gt; Field: cmi.id &gt; Should be able to read from cmi.id" time="0.000019583">
        </testcase>
        <testcase classname="test/cmi/scorm2004_cmi.spec.ts" name="SCORM 2004 CMI Tests &gt; CMI Spec Tests &gt; CMIObjectivesObject Tests &gt; Field: cmi.id &gt; Should successfully write to cmi.id" time="0.000058375">
        </testcase>
        <testcase classname="test/cmi/scorm2004_cmi.spec.ts" name="SCORM 2004 CMI Tests &gt; CMI Spec Tests &gt; CMIObjectivesObject Tests &gt; Field: cmi.id &gt; Should be able to read from cmi.id" time="0.000018917">
        </testcase>
        <testcase classname="test/cmi/scorm2004_cmi.spec.ts" name="SCORM 2004 CMI Tests &gt; CMI Spec Tests &gt; CMIObjectivesObject Tests &gt; Field: cmi.id &gt; Should successfully write to cmi.id" time="0.00002775">
        </testcase>
        <testcase classname="test/cmi/scorm2004_cmi.spec.ts" name="SCORM 2004 CMI Tests &gt; CMI Spec Tests &gt; CMIObjectivesObject Tests &gt; Field: cmi.success_status &gt; Should be able to read from cmi.success_status" time="0.000022208">
        </testcase>
        <testcase classname="test/cmi/scorm2004_cmi.spec.ts" name="SCORM 2004 CMI Tests &gt; CMI Spec Tests &gt; CMIObjectivesObject Tests &gt; Field: cmi.success_status &gt; Should successfully write &apos;passed&apos; to cmi.success_status" time="0.000040209">
        </testcase>
        <testcase classname="test/cmi/scorm2004_cmi.spec.ts" name="SCORM 2004 CMI Tests &gt; CMI Spec Tests &gt; CMIObjectivesObject Tests &gt; Field: cmi.success_status &gt; Should successfully write &apos;failed&apos; to cmi.success_status" time="0.000029">
        </testcase>
        <testcase classname="test/cmi/scorm2004_cmi.spec.ts" name="SCORM 2004 CMI Tests &gt; CMI Spec Tests &gt; CMIObjectivesObject Tests &gt; Field: cmi.success_status &gt; Should successfully write &apos;unknown&apos; to cmi.success_status" time="0.000027542">
        </testcase>
        <testcase classname="test/cmi/scorm2004_cmi.spec.ts" name="SCORM 2004 CMI Tests &gt; CMI Spec Tests &gt; CMIObjectivesObject Tests &gt; Field: cmi.success_status &gt; Should fail to write &apos;complete&apos; to cmi.success_status" time="0.000031792">
        </testcase>
        <testcase classname="test/cmi/scorm2004_cmi.spec.ts" name="SCORM 2004 CMI Tests &gt; CMI Spec Tests &gt; CMIObjectivesObject Tests &gt; Field: cmi.success_status &gt; Should fail to write &apos;incomplete&apos; to cmi.success_status" time="0.00002975">
        </testcase>
        <testcase classname="test/cmi/scorm2004_cmi.spec.ts" name="SCORM 2004 CMI Tests &gt; CMI Spec Tests &gt; CMIObjectivesObject Tests &gt; Field: cmi.success_status &gt; Should fail to write &apos;P&apos; to cmi.success_status" time="0.000031083">
        </testcase>
        <testcase classname="test/cmi/scorm2004_cmi.spec.ts" name="SCORM 2004 CMI Tests &gt; CMI Spec Tests &gt; CMIObjectivesObject Tests &gt; Field: cmi.success_status &gt; Should fail to write &apos;f&apos; to cmi.success_status" time="0.000030584">
        </testcase>
        <testcase classname="test/cmi/scorm2004_cmi.spec.ts" name="SCORM 2004 CMI Tests &gt; CMI Spec Tests &gt; CMIObjectivesObject Tests &gt; Field: cmi.completion_status &gt; Should be able to read from cmi.completion_status" time="0.000028583">
        </testcase>
        <testcase classname="test/cmi/scorm2004_cmi.spec.ts" name="SCORM 2004 CMI Tests &gt; CMI Spec Tests &gt; CMIObjectivesObject Tests &gt; Field: cmi.completion_status &gt; Should successfully write &apos;completed&apos; to cmi.completion_status" time="0.000041666">
        </testcase>
        <testcase classname="test/cmi/scorm2004_cmi.spec.ts" name="SCORM 2004 CMI Tests &gt; CMI Spec Tests &gt; CMIObjectivesObject Tests &gt; Field: cmi.completion_status &gt; Should successfully write &apos;incomplete&apos; to cmi.completion_status" time="0.000027958">
        </testcase>
        <testcase classname="test/cmi/scorm2004_cmi.spec.ts" name="SCORM 2004 CMI Tests &gt; CMI Spec Tests &gt; CMIObjectivesObject Tests &gt; Field: cmi.completion_status &gt; Should successfully write &apos;not attempted&apos; to cmi.completion_status" time="0.000027084">
        </testcase>
        <testcase classname="test/cmi/scorm2004_cmi.spec.ts" name="SCORM 2004 CMI Tests &gt; CMI Spec Tests &gt; CMIObjectivesObject Tests &gt; Field: cmi.completion_status &gt; Should successfully write &apos;unknown&apos; to cmi.completion_status" time="0.000026375">
        </testcase>
        <testcase classname="test/cmi/scorm2004_cmi.spec.ts" name="SCORM 2004 CMI Tests &gt; CMI Spec Tests &gt; CMIObjectivesObject Tests &gt; Field: cmi.completion_status &gt; Should fail to write &apos;complete&apos; to cmi.completion_status" time="0.000030542">
        </testcase>
        <testcase classname="test/cmi/scorm2004_cmi.spec.ts" name="SCORM 2004 CMI Tests &gt; CMI Spec Tests &gt; CMIObjectivesObject Tests &gt; Field: cmi.completion_status &gt; Should fail to write &apos;passed&apos; to cmi.completion_status" time="0.000030042">
        </testcase>
        <testcase classname="test/cmi/scorm2004_cmi.spec.ts" name="SCORM 2004 CMI Tests &gt; CMI Spec Tests &gt; CMIObjectivesObject Tests &gt; Field: cmi.completion_status &gt; Should fail to write &apos;failed&apos; to cmi.completion_status" time="0.000028541">
        </testcase>
        <testcase classname="test/cmi/scorm2004_cmi.spec.ts" name="SCORM 2004 CMI Tests &gt; CMI Spec Tests &gt; CMIObjectivesObject Tests &gt; Field: cmi.progress_measure &gt; Should successfully write &apos;0.0&apos; to cmi.progress_measure" time="0.000044458">
        </testcase>
        <testcase classname="test/cmi/scorm2004_cmi.spec.ts" name="SCORM 2004 CMI Tests &gt; CMI Spec Tests &gt; CMIObjectivesObject Tests &gt; Field: cmi.progress_measure &gt; Should successfully write &apos;0.25&apos; to cmi.progress_measure" time="0.000031125">
        </testcase>
        <testcase classname="test/cmi/scorm2004_cmi.spec.ts" name="SCORM 2004 CMI Tests &gt; CMI Spec Tests &gt; CMIObjectivesObject Tests &gt; Field: cmi.progress_measure &gt; Should successfully write &apos;0.5&apos; to cmi.progress_measure" time="0.000028416">
        </testcase>
        <testcase classname="test/cmi/scorm2004_cmi.spec.ts" name="SCORM 2004 CMI Tests &gt; CMI Spec Tests &gt; CMIObjectivesObject Tests &gt; Field: cmi.progress_measure &gt; Should successfully write &apos;1.0&apos; to cmi.progress_measure" time="0.000028125">
        </testcase>
        <testcase classname="test/cmi/scorm2004_cmi.spec.ts" name="SCORM 2004 CMI Tests &gt; CMI Spec Tests &gt; CMIObjectivesObject Tests &gt; Field: cmi.progress_measure &gt; Should fail to write &apos;-1&apos; to cmi.progress_measure" time="0.000032">
        </testcase>
        <testcase classname="test/cmi/scorm2004_cmi.spec.ts" name="SCORM 2004 CMI Tests &gt; CMI Spec Tests &gt; CMIObjectivesObject Tests &gt; Field: cmi.progress_measure &gt; Should fail to write &apos;-0.1&apos; to cmi.progress_measure" time="0.000031917">
        </testcase>
        <testcase classname="test/cmi/scorm2004_cmi.spec.ts" name="SCORM 2004 CMI Tests &gt; CMI Spec Tests &gt; CMIObjectivesObject Tests &gt; Field: cmi.progress_measure &gt; Should fail to write &apos;1.1&apos; to cmi.progress_measure" time="0.000031416">
        </testcase>
        <testcase classname="test/cmi/scorm2004_cmi.spec.ts" name="SCORM 2004 CMI Tests &gt; CMI Spec Tests &gt; CMIObjectivesObject Tests &gt; Field: cmi.progress_measure &gt; Should fail to write &apos;.25&apos; to cmi.progress_measure" time="0.000030666">
        </testcase>
        <testcase classname="test/cmi/scorm2004_cmi.spec.ts" name="SCORM 2004 CMI Tests &gt; CMI Spec Tests &gt; CMIObjectivesObject Tests &gt; Field: cmi.description &gt; Should successfully write &apos;{lang=en-98} learner comment&apos; to cmi.description" time="0.000041">
        </testcase>
        <testcase classname="test/cmi/scorm2004_cmi.spec.ts" name="SCORM 2004 CMI Tests &gt; CMI Spec Tests &gt; CMIObjectivesObject Tests &gt; Field: cmi.description &gt; Should successfully write &apos;{lang=eng-98-9} learner comment&apos; to cmi.description" time="0.000031625">
        </testcase>
        <testcase classname="test/cmi/scorm2004_cmi.spec.ts" name="SCORM 2004 CMI Tests &gt; CMI Spec Tests &gt; CMIObjectivesObject Tests &gt; Field: cmi.description &gt; Should successfully write &apos;{lang=eng-98-9fhgj}xxxxxxxxxxxxxxxxxxxxxxxxxxxxxxxxxxxxxxxxxxxxxxxxxxxxxxxxxxxxxxxxxxxxxxxxxxxxxxxxxxxxxxxxxxxxxxxxxxxxxxxxxxxxxxxxxxxxxxxxxxxxxxxxxxxxxxxxxxxxxxxxxxxxxxxxxxxxxxxxxxxxxxxxxxxxxxxxxxxxxxxxxxxxxxxxxxxxxxxxxxxxxxxxxxxxxxxxxxxxxxxxxxxxxxxxxxxxxxxxxxxxxxxxxx&apos; to cmi.description" time="0.00003625">
        </testcase>
        <testcase classname="test/cmi/scorm2004_cmi.spec.ts" name="SCORM 2004 CMI Tests &gt; CMI Spec Tests &gt; CMIObjectivesObject Tests &gt; Field: cmi.description &gt; Should successfully write &apos;learner comment&apos; to cmi.description" time="0.00003025">
        </testcase>
        <testcase classname="test/cmi/scorm2004_cmi.spec.ts" name="SCORM 2004 CMI Tests &gt; CMI Spec Tests &gt; CMIObjectivesObject Tests &gt; Field: cmi.description &gt; Should successfully write &apos;learner comment}&apos; to cmi.description" time="0.000030583">
        </testcase>
        <testcase classname="test/cmi/scorm2004_cmi.spec.ts" name="SCORM 2004 CMI Tests &gt; CMI Spec Tests &gt; CMIObjectivesObject Tests &gt; Field: cmi.description &gt; Should successfully write &apos;{lang=i-xx}&apos; to cmi.description" time="0.000031834">
        </testcase>
        <testcase classname="test/cmi/scorm2004_cmi.spec.ts" name="SCORM 2004 CMI Tests &gt; CMI Spec Tests &gt; CMIObjectivesObject Tests &gt; Field: cmi.description &gt; Should successfully write &apos;{lang=i}&apos; to cmi.description" time="0.00003075">
        </testcase>
        <testcase classname="test/cmi/scorm2004_cmi.spec.ts" name="SCORM 2004 CMI Tests &gt; CMI Spec Tests &gt; CMIObjectivesObject Tests &gt; Field: cmi.description &gt; Should successfully write &apos;&apos; to cmi.description" time="0.000029916">
        </testcase>
        <testcase classname="test/cmi/scorm2004_cmi.spec.ts" name="SCORM 2004 CMI Tests &gt; CMI Spec Tests &gt; CMIObjectivesObject Tests &gt; Field: cmi.description &gt; Should fail to write &apos;{lang=i-}&apos; to cmi.description" time="0.000033334">
        </testcase>
        <testcase classname="test/cmi/scorm2004_cmi.spec.ts" name="SCORM 2004 CMI Tests &gt; CMI Spec Tests &gt; CMIObjectivesObject Tests &gt; Field: cmi.description &gt; Should fail to write &apos;{lang=i-x}&apos; to cmi.description" time="0.000034166">
        </testcase>
        <testcase classname="test/cmi/scorm2004_cmi.spec.ts" name="SCORM 2004 CMI Tests &gt; CMI Spec Tests &gt; CMIObjectivesObject Tests &gt; Field: cmi.description &gt; Should fail to write &apos;{lang=eng-98-9fhgj}{ learner comment&apos; to cmi.description" time="0.000034917">
        </testcase>
        <testcase classname="test/cmi/scorm2004_cmi.spec.ts" name="SCORM 2004 CMI Tests &gt; CMI Spec Tests &gt; CMIObjectivesObject Tests &gt; Field: cmi.description &gt; Should fail to write &apos;{learner comment&apos; to cmi.description" time="0.000035709">
        </testcase>
        <testcase classname="test/cmi/scorm2004_cmi.spec.ts" name="SCORM 2004 CMI Tests &gt; CMI Spec Tests &gt; CMIObjectivesObject Tests &gt; Field: cmi.description &gt; Should fail to write &apos;{lang=eng-98-9fhgj}xxxxxxxxxxxxxxxxxxxxxxxxxxxxxxxxxxxxxxxxxxxxxxxxxxxxxxxxxxxxxxxxxxxxxxxxxxxxxxxxxxxxxxxxxxxxxxxxxxxxxxxxxxxxxxxxxxxxxxxxxxxxxxxxxxxxxxxxxxxxxxxxxxxxxxxxxxxxxxxxxxxxxxxxxxxxxxxxxxxxxxxxxxxxxxxxxxxxxxxxxxxxxxxxxxxxxxxxxxxxxxxxxxxxxxxxxxxxxxxxxxxxxxxxxxx&apos; to cmi.description" time="0.000055583">
        </testcase>
        <testcase classname="test/cmi/scorm2004_cmi.spec.ts" name="SCORM 2004 CMI Tests &gt; CMI Spec Tests &gt; CMIObjectivesObject Tests &gt; Field: cmi.description &gt; Should fail to write &apos;{lang=eng-98-9fhgj}{xxxxxxxxxxxxxxxxxxxxxxxxxxxxxxxxxxxxxxxxxxxxxxxxxxxxxxxxxxxxxxxxxxxxxxxxxxxxxxxxxxxxxxxxxxxxxxxxxxxxxxxxxxxxxxxxxxxxxxxxxxxxxxxxxxxxxxxxxxxxxxxxxxxxxxxxxxxxxxxxxxxxxxxxxxxxxxxxxxxxxxxxxxxxxxxxxxxxxxxxxxxxxxxxxxxxxxxxxxxxxxxxxxxxxxxxxxxxxxxxxxxxxxxxx&apos; to cmi.description" time="0.000043416">
        </testcase>
        <testcase classname="test/cmi/scorm2004_cmi.spec.ts" name="SCORM 2004 CMI Tests &gt; CMI Spec Tests &gt; CMIObjectivesObject Tests &gt; Field: cmi.score._children &gt; Should be able to read from cmi.score._children" time="0.000023958">
        </testcase>
        <testcase classname="test/cmi/scorm2004_cmi.spec.ts" name="SCORM 2004 CMI Tests &gt; CMI Spec Tests &gt; CMIObjectivesObject Tests &gt; Field: cmi.score._children &gt; Should fail to write to cmi.score._children" time="0.000041667">
        </testcase>
        <testcase classname="test/cmi/scorm2004_cmi.spec.ts" name="SCORM 2004 CMI Tests &gt; CMI Spec Tests &gt; CMIObjectivesObject Tests &gt; Field: cmi.score.scaled &gt; Should successfully write &apos;1&apos; to cmi.score.scaled" time="0.000033417">
        </testcase>
        <testcase classname="test/cmi/scorm2004_cmi.spec.ts" name="SCORM 2004 CMI Tests &gt; CMI Spec Tests &gt; CMIObjectivesObject Tests &gt; Field: cmi.score.scaled &gt; Should successfully write &apos;0.5&apos; to cmi.score.scaled" time="0.000028417">
        </testcase>
        <testcase classname="test/cmi/scorm2004_cmi.spec.ts" name="SCORM 2004 CMI Tests &gt; CMI Spec Tests &gt; CMIObjectivesObject Tests &gt; Field: cmi.score.scaled &gt; Should successfully write &apos;0&apos; to cmi.score.scaled" time="0.000031333">
        </testcase>
        <testcase classname="test/cmi/scorm2004_cmi.spec.ts" name="SCORM 2004 CMI Tests &gt; CMI Spec Tests &gt; CMIObjectivesObject Tests &gt; Field: cmi.score.scaled &gt; Should successfully write &apos;-0.5&apos; to cmi.score.scaled" time="0.000028">
        </testcase>
        <testcase classname="test/cmi/scorm2004_cmi.spec.ts" name="SCORM 2004 CMI Tests &gt; CMI Spec Tests &gt; CMIObjectivesObject Tests &gt; Field: cmi.score.scaled &gt; Should successfully write &apos;-1&apos; to cmi.score.scaled" time="0.000028208">
        </testcase>
        <testcase classname="test/cmi/scorm2004_cmi.spec.ts" name="SCORM 2004 CMI Tests &gt; CMI Spec Tests &gt; CMIObjectivesObject Tests &gt; Field: cmi.score.scaled &gt; Should fail to write &apos;-101&apos; to cmi.score.scaled" time="0.000033209">
        </testcase>
        <testcase classname="test/cmi/scorm2004_cmi.spec.ts" name="SCORM 2004 CMI Tests &gt; CMI Spec Tests &gt; CMIObjectivesObject Tests &gt; Field: cmi.score.scaled &gt; Should fail to write &apos;25.1&apos; to cmi.score.scaled" time="0.000032458">
        </testcase>
        <testcase classname="test/cmi/scorm2004_cmi.spec.ts" name="SCORM 2004 CMI Tests &gt; CMI Spec Tests &gt; CMIObjectivesObject Tests &gt; Field: cmi.score.scaled &gt; Should fail to write &apos;50.5&apos; to cmi.score.scaled" time="0.00003275">
        </testcase>
        <testcase classname="test/cmi/scorm2004_cmi.spec.ts" name="SCORM 2004 CMI Tests &gt; CMI Spec Tests &gt; CMIObjectivesObject Tests &gt; Field: cmi.score.scaled &gt; Should fail to write &apos;75&apos; to cmi.score.scaled" time="0.000031041">
        </testcase>
        <testcase classname="test/cmi/scorm2004_cmi.spec.ts" name="SCORM 2004 CMI Tests &gt; CMI Spec Tests &gt; CMIObjectivesObject Tests &gt; Field: cmi.score.scaled &gt; Should fail to write &apos;100&apos; to cmi.score.scaled" time="0.000031875">
        </testcase>
        <testcase classname="test/cmi/scorm2004_cmi.spec.ts" name="SCORM 2004 CMI Tests &gt; CMI Spec Tests &gt; CMIObjectivesObject Tests &gt; Field: cmi.score.raw &gt; Should successfully write &apos;1&apos; to cmi.score.raw" time="0.000029166">
        </testcase>
        <testcase classname="test/cmi/scorm2004_cmi.spec.ts" name="SCORM 2004 CMI Tests &gt; CMI Spec Tests &gt; CMIObjectivesObject Tests &gt; Field: cmi.score.raw &gt; Should successfully write &apos;50&apos; to cmi.score.raw" time="0.000027">
        </testcase>
        <testcase classname="test/cmi/scorm2004_cmi.spec.ts" name="SCORM 2004 CMI Tests &gt; CMI Spec Tests &gt; CMIObjectivesObject Tests &gt; Field: cmi.score.raw &gt; Should successfully write &apos;100&apos; to cmi.score.raw" time="0.000025959">
        </testcase>
        <testcase classname="test/cmi/scorm2004_cmi.spec.ts" name="SCORM 2004 CMI Tests &gt; CMI Spec Tests &gt; CMIObjectivesObject Tests &gt; Field: cmi.score.raw &gt; Should successfully write &apos;-10000&apos; to cmi.score.raw" time="0.000029209">
        </testcase>
        <testcase classname="test/cmi/scorm2004_cmi.spec.ts" name="SCORM 2004 CMI Tests &gt; CMI Spec Tests &gt; CMIObjectivesObject Tests &gt; Field: cmi.score.raw &gt; Should successfully write &apos;-1&apos; to cmi.score.raw" time="0.000026917">
        </testcase>
        <testcase classname="test/cmi/scorm2004_cmi.spec.ts" name="SCORM 2004 CMI Tests &gt; CMI Spec Tests &gt; CMIObjectivesObject Tests &gt; Field: cmi.score.raw &gt; Should successfully write &apos;10000&apos; to cmi.score.raw" time="0.000026333">
        </testcase>
        <testcase classname="test/cmi/scorm2004_cmi.spec.ts" name="SCORM 2004 CMI Tests &gt; CMI Spec Tests &gt; CMIObjectivesObject Tests &gt; Field: cmi.score.raw &gt; Should fail to write &apos;invalid&apos; to cmi.score.raw" time="0.000031667">
        </testcase>
        <testcase classname="test/cmi/scorm2004_cmi.spec.ts" name="SCORM 2004 CMI Tests &gt; CMI Spec Tests &gt; CMIObjectivesObject Tests &gt; Field: cmi.score.raw &gt; Should fail to write &apos;a100&apos; to cmi.score.raw" time="0.000031375">
        </testcase>
        <testcase classname="test/cmi/scorm2004_cmi.spec.ts" name="SCORM 2004 CMI Tests &gt; CMI Spec Tests &gt; CMIObjectivesObject Tests &gt; Field: cmi.score.raw &gt; Should fail to write &apos;-100000&apos; to cmi.score.raw" time="0.000031458">
        </testcase>
        <testcase classname="test/cmi/scorm2004_cmi.spec.ts" name="SCORM 2004 CMI Tests &gt; CMI Spec Tests &gt; CMIObjectivesObject Tests &gt; Field: cmi.score.raw &gt; Should fail to write &apos;100000&apos; to cmi.score.raw" time="0.000031875">
        </testcase>
        <testcase classname="test/cmi/scorm2004_cmi.spec.ts" name="SCORM 2004 CMI Tests &gt; CMI Spec Tests &gt; CMIObjectivesObject Tests &gt; Field: cmi.score.min &gt; Should successfully write &apos;1&apos; to cmi.score.min" time="0.000028208">
        </testcase>
        <testcase classname="test/cmi/scorm2004_cmi.spec.ts" name="SCORM 2004 CMI Tests &gt; CMI Spec Tests &gt; CMIObjectivesObject Tests &gt; Field: cmi.score.min &gt; Should successfully write &apos;50&apos; to cmi.score.min" time="0.000026833">
        </testcase>
        <testcase classname="test/cmi/scorm2004_cmi.spec.ts" name="SCORM 2004 CMI Tests &gt; CMI Spec Tests &gt; CMIObjectivesObject Tests &gt; Field: cmi.score.min &gt; Should successfully write &apos;100&apos; to cmi.score.min" time="0.000030625">
        </testcase>
        <testcase classname="test/cmi/scorm2004_cmi.spec.ts" name="SCORM 2004 CMI Tests &gt; CMI Spec Tests &gt; CMIObjectivesObject Tests &gt; Field: cmi.score.min &gt; Should successfully write &apos;-10000&apos; to cmi.score.min" time="0.000026625">
        </testcase>
        <testcase classname="test/cmi/scorm2004_cmi.spec.ts" name="SCORM 2004 CMI Tests &gt; CMI Spec Tests &gt; CMIObjectivesObject Tests &gt; Field: cmi.score.min &gt; Should successfully write &apos;-1&apos; to cmi.score.min" time="0.000026667">
        </testcase>
        <testcase classname="test/cmi/scorm2004_cmi.spec.ts" name="SCORM 2004 CMI Tests &gt; CMI Spec Tests &gt; CMIObjectivesObject Tests &gt; Field: cmi.score.min &gt; Should successfully write &apos;10000&apos; to cmi.score.min" time="0.000027917">
        </testcase>
        <testcase classname="test/cmi/scorm2004_cmi.spec.ts" name="SCORM 2004 CMI Tests &gt; CMI Spec Tests &gt; CMIObjectivesObject Tests &gt; Field: cmi.score.min &gt; Should fail to write &apos;invalid&apos; to cmi.score.min" time="0.000031625">
        </testcase>
        <testcase classname="test/cmi/scorm2004_cmi.spec.ts" name="SCORM 2004 CMI Tests &gt; CMI Spec Tests &gt; CMIObjectivesObject Tests &gt; Field: cmi.score.min &gt; Should fail to write &apos;a100&apos; to cmi.score.min" time="0.000030125">
        </testcase>
        <testcase classname="test/cmi/scorm2004_cmi.spec.ts" name="SCORM 2004 CMI Tests &gt; CMI Spec Tests &gt; CMIObjectivesObject Tests &gt; Field: cmi.score.min &gt; Should fail to write &apos;-100000&apos; to cmi.score.min" time="0.000032333">
        </testcase>
        <testcase classname="test/cmi/scorm2004_cmi.spec.ts" name="SCORM 2004 CMI Tests &gt; CMI Spec Tests &gt; CMIObjectivesObject Tests &gt; Field: cmi.score.min &gt; Should fail to write &apos;100000&apos; to cmi.score.min" time="0.000031958">
        </testcase>
        <testcase classname="test/cmi/scorm2004_cmi.spec.ts" name="SCORM 2004 CMI Tests &gt; CMI Spec Tests &gt; CMIObjectivesObject Tests &gt; Field: cmi.score.max &gt; Should successfully write &apos;1&apos; to cmi.score.max" time="0.00002875">
        </testcase>
        <testcase classname="test/cmi/scorm2004_cmi.spec.ts" name="SCORM 2004 CMI Tests &gt; CMI Spec Tests &gt; CMIObjectivesObject Tests &gt; Field: cmi.score.max &gt; Should successfully write &apos;50&apos; to cmi.score.max" time="0.000027542">
        </testcase>
        <testcase classname="test/cmi/scorm2004_cmi.spec.ts" name="SCORM 2004 CMI Tests &gt; CMI Spec Tests &gt; CMIObjectivesObject Tests &gt; Field: cmi.score.max &gt; Should successfully write &apos;100&apos; to cmi.score.max" time="0.000026708">
        </testcase>
        <testcase classname="test/cmi/scorm2004_cmi.spec.ts" name="SCORM 2004 CMI Tests &gt; CMI Spec Tests &gt; CMIObjectivesObject Tests &gt; Field: cmi.score.max &gt; Should successfully write &apos;-10000&apos; to cmi.score.max" time="0.000024792">
        </testcase>
        <testcase classname="test/cmi/scorm2004_cmi.spec.ts" name="SCORM 2004 CMI Tests &gt; CMI Spec Tests &gt; CMIObjectivesObject Tests &gt; Field: cmi.score.max &gt; Should successfully write &apos;-1&apos; to cmi.score.max" time="0.000026417">
        </testcase>
        <testcase classname="test/cmi/scorm2004_cmi.spec.ts" name="SCORM 2004 CMI Tests &gt; CMI Spec Tests &gt; CMIObjectivesObject Tests &gt; Field: cmi.score.max &gt; Should successfully write &apos;10000&apos; to cmi.score.max" time="0.000024458">
        </testcase>
        <testcase classname="test/cmi/scorm2004_cmi.spec.ts" name="SCORM 2004 CMI Tests &gt; CMI Spec Tests &gt; CMIObjectivesObject Tests &gt; Field: cmi.score.max &gt; Should fail to write &apos;invalid&apos; to cmi.score.max" time="0.000028875">
        </testcase>
        <testcase classname="test/cmi/scorm2004_cmi.spec.ts" name="SCORM 2004 CMI Tests &gt; CMI Spec Tests &gt; CMIObjectivesObject Tests &gt; Field: cmi.score.max &gt; Should fail to write &apos;a100&apos; to cmi.score.max" time="0.000027834">
        </testcase>
        <testcase classname="test/cmi/scorm2004_cmi.spec.ts" name="SCORM 2004 CMI Tests &gt; CMI Spec Tests &gt; CMIObjectivesObject Tests &gt; Field: cmi.score.max &gt; Should fail to write &apos;-100000&apos; to cmi.score.max" time="0.000030208">
        </testcase>
        <testcase classname="test/cmi/scorm2004_cmi.spec.ts" name="SCORM 2004 CMI Tests &gt; CMI Spec Tests &gt; CMIObjectivesObject Tests &gt; Field: cmi.score.max &gt; Should fail to write &apos;100000&apos; to cmi.score.max" time="0.000028167">
        </testcase>
        <testcase classname="test/cmi/scorm2004_cmi.spec.ts" name="SCORM 2004 CMI Tests &gt; CMI Spec Tests &gt; CMIObjectivesObject Tests &gt; should export JSON" time="0.000049625">
        </testcase>
        <testcase classname="test/cmi/scorm2004_cmi.spec.ts" name="SCORM 2004 CMI Tests &gt; CMI Spec Tests &gt; CMIInteractionsObjectivesObject Tests &gt; Field: cmi.id &gt; Should be able to read from cmi.id" time="0.000018417">
        </testcase>
        <testcase classname="test/cmi/scorm2004_cmi.spec.ts" name="SCORM 2004 CMI Tests &gt; CMI Spec Tests &gt; CMIInteractionsObjectivesObject Tests &gt; Field: cmi.id &gt; Should successfully write to cmi.id" time="0.00003425">
        </testcase>
        <testcase classname="test/cmi/scorm2004_cmi.spec.ts" name="SCORM 2004 CMI Tests &gt; CMI Spec Tests &gt; CMIInteractionsObjectivesObject Tests &gt; should export JSON" time="0.0000275">
        </testcase>
        <testcase classname="test/cmi/scorm2004_cmi.spec.ts" name="SCORM 2004 CMI Tests &gt; CMI Spec Tests &gt; CMIInteractionsCorrectResponsesObject Tests &gt; Field: cmi.pattern &gt; Should be able to read from cmi.pattern" time="0.000020209">
        </testcase>
        <testcase classname="test/cmi/scorm2004_cmi.spec.ts" name="SCORM 2004 CMI Tests &gt; CMI Spec Tests &gt; CMIInteractionsCorrectResponsesObject Tests &gt; Field: cmi.pattern &gt; Should successfully write to cmi.pattern" time="0.000059125">
        </testcase>
        <testcase classname="test/cmi/scorm2004_cmi.spec.ts" name="SCORM 2004 CMI Tests &gt; CMI Spec Tests &gt; CMIInteractionsCorrectResponsesObject Tests &gt; should export JSON" time="0.000024792">
        </testcase>
        <testcase classname="test/cmi/scorm2004_cmi.spec.ts" name="SCORM 2004 CMI Tests &gt; CMI Spec Tests &gt; ADL Tests &gt; ADLNav Tests &gt; Field: cmi.nav.request &gt; Should be able to read from cmi.nav.request" time="0.000027334">
        </testcase>
        <testcase classname="test/cmi/scorm2004_cmi.spec.ts" name="SCORM 2004 CMI Tests &gt; CMI Spec Tests &gt; ADL Tests &gt; ADLNav Tests &gt; Field: cmi.nav.request &gt; Should successfully write &apos;previous&apos; to cmi.nav.request" time="0.000092">
        </testcase>
        <testcase classname="test/cmi/scorm2004_cmi.spec.ts" name="SCORM 2004 CMI Tests &gt; CMI Spec Tests &gt; ADL Tests &gt; ADLNav Tests &gt; Field: cmi.nav.request &gt; Should successfully write &apos;continue&apos; to cmi.nav.request" time="0.000067958">
        </testcase>
        <testcase classname="test/cmi/scorm2004_cmi.spec.ts" name="SCORM 2004 CMI Tests &gt; CMI Spec Tests &gt; ADL Tests &gt; ADLNav Tests &gt; Field: cmi.nav.request &gt; Should successfully write &apos;exit&apos; to cmi.nav.request" time="0.000029334">
        </testcase>
        <testcase classname="test/cmi/scorm2004_cmi.spec.ts" name="SCORM 2004 CMI Tests &gt; CMI Spec Tests &gt; ADL Tests &gt; ADLNav Tests &gt; Field: cmi.nav.request &gt; Should successfully write &apos;exitAll&apos; to cmi.nav.request" time="0.000030667">
        </testcase>
        <testcase classname="test/cmi/scorm2004_cmi.spec.ts" name="SCORM 2004 CMI Tests &gt; CMI Spec Tests &gt; ADL Tests &gt; ADLNav Tests &gt; Field: cmi.nav.request &gt; Should successfully write &apos;abandon&apos; to cmi.nav.request" time="0.000033417">
        </testcase>
        <testcase classname="test/cmi/scorm2004_cmi.spec.ts" name="SCORM 2004 CMI Tests &gt; CMI Spec Tests &gt; ADL Tests &gt; ADLNav Tests &gt; Field: cmi.nav.request &gt; Should successfully write &apos;abandonAll&apos; to cmi.nav.request" time="0.000031959">
        </testcase>
        <testcase classname="test/cmi/scorm2004_cmi.spec.ts" name="SCORM 2004 CMI Tests &gt; CMI Spec Tests &gt; ADL Tests &gt; ADLNav Tests &gt; Field: cmi.nav.request &gt; Should successfully write &apos;suspendAll&apos; to cmi.nav.request" time="0.000030917">
        </testcase>
        <testcase classname="test/cmi/scorm2004_cmi.spec.ts" name="SCORM 2004 CMI Tests &gt; CMI Spec Tests &gt; ADL Tests &gt; ADLNav Tests &gt; Field: cmi.nav.request &gt; Should fail to write &apos;close&apos; to cmi.nav.request" time="0.000034125">
        </testcase>
        <testcase classname="test/cmi/scorm2004_cmi.spec.ts" name="SCORM 2004 CMI Tests &gt; CMI Spec Tests &gt; ADL Tests &gt; ADLNav Tests &gt; Field: cmi.nav.request &gt; Should fail to write &apos;quit&apos; to cmi.nav.request" time="0.000033542">
        </testcase>
        <testcase classname="test/cmi/scorm2004_cmi.spec.ts" name="SCORM 2004 CMI Tests &gt; CMI Spec Tests &gt; ADL Tests &gt; ADLNav Tests &gt; Field: cmi.nav.request &gt; Should fail to write &apos;next&apos; to cmi.nav.request" time="0.000032458">
        </testcase>
        <testcase classname="test/cmi/scorm2004_cmi.spec.ts" name="SCORM 2004 CMI Tests &gt; CMI Spec Tests &gt; ADL Tests &gt; ADLNav Tests &gt; Field: cmi.nav.request &gt; Should fail to write &apos;before&apos; to cmi.nav.request" time="0.000061834">
        </testcase>
        <testcase classname="test/cmi/scorm2004_cmi.spec.ts" name="SCORM 2004 CMI Tests &gt; CMI Spec Tests &gt; ADL Tests &gt; ADLNav Tests &gt; should export JSON" time="0.000062584">
        </testcase>
    </testsuite>
    <testsuite name="test/cmi/scorm2004_cmi_reset.spec.ts" timestamp="2025-05-05T03:31:08.063Z" hostname="jonathans-macbook-pro-2.mara-rohu.ts.net" tests="5" failures="0" errors="0" skipped="0" time="0.002078417">
        <testcase classname="test/cmi/scorm2004_cmi_reset.spec.ts" name="SCORM 2004 CMI Reset Tests &gt; reset() &gt; should reset the initialized flag to false" time="0.000824916">
        </testcase>
        <testcase classname="test/cmi/scorm2004_cmi_reset.spec.ts" name="SCORM 2004 CMI Reset Tests &gt; reset() &gt; should keep learner information but reset status information" time="0.000375083">
        </testcase>
        <testcase classname="test/cmi/scorm2004_cmi_reset.spec.ts" name="SCORM 2004 CMI Reset Tests &gt; reset() &gt; should reset learner preference values" time="0.000214084">
        </testcase>
        <testcase classname="test/cmi/scorm2004_cmi_reset.spec.ts" name="SCORM 2004 CMI Reset Tests &gt; reset() &gt; should reset collections to empty arrays" time="0.000106959">
        </testcase>
        <testcase classname="test/cmi/scorm2004_cmi_reset.spec.ts" name="SCORM 2004 CMI Reset Tests &gt; reset() &gt; should reset objectives and interactions arrays" time="0.000070416">
        </testcase>
    </testsuite>
    <testsuite name="test/cmi/scorm2004_comments.spec.ts" timestamp="2025-05-05T03:31:08.063Z" hostname="jonathans-macbook-pro-2.mara-rohu.ts.net" tests="19" failures="0" errors="0" skipped="0" time="0.00353825">
        <testcase classname="test/cmi/scorm2004_comments.spec.ts" name="SCORM 2004 Comments Tests &gt; CMICommentsFromLearner Tests &gt; Initialization Tests &gt; should initialize with default values" time="0.0005735">
        </testcase>
        <testcase classname="test/cmi/scorm2004_comments.spec.ts" name="SCORM 2004 Comments Tests &gt; CMICommentsFromLearner Tests &gt; Initialization Tests &gt; should have read-only _children property" time="0.000424042">
        </testcase>
        <testcase classname="test/cmi/scorm2004_comments.spec.ts" name="SCORM 2004 Comments Tests &gt; CMICommentsFromLearner Tests &gt; Array Operations &gt; should add and retrieve comment objects" time="0.000319125">
        </testcase>
        <testcase classname="test/cmi/scorm2004_comments.spec.ts" name="SCORM 2004 Comments Tests &gt; CMICommentsFromLearner Tests &gt; JSON Serialization &gt; should serialize to JSON correctly" time="0.000133917">
        </testcase>
        <testcase classname="test/cmi/scorm2004_comments.spec.ts" name="SCORM 2004 Comments Tests &gt; CMICommentsFromLMS Tests &gt; Initialization Tests &gt; should initialize with default values" time="0.000056208">
        </testcase>
        <testcase classname="test/cmi/scorm2004_comments.spec.ts" name="SCORM 2004 Comments Tests &gt; CMICommentsFromLMS Tests &gt; Initialization Tests &gt; should have read-only _children property" time="0.000083959">
        </testcase>
        <testcase classname="test/cmi/scorm2004_comments.spec.ts" name="SCORM 2004 Comments Tests &gt; CMICommentsFromLMS Tests &gt; Array Operations &gt; should add and retrieve comment objects" time="0.000148834">
        </testcase>
        <testcase classname="test/cmi/scorm2004_comments.spec.ts" name="SCORM 2004 Comments Tests &gt; CMICommentsFromLMS Tests &gt; JSON Serialization &gt; should serialize to JSON correctly" time="0.000116042">
        </testcase>
        <testcase classname="test/cmi/scorm2004_comments.spec.ts" name="SCORM 2004 Comments Tests &gt; CMICommentsObject Tests &gt; Initialization Tests &gt; should initialize with default values" time="0.000111">
        </testcase>
        <testcase classname="test/cmi/scorm2004_comments.spec.ts" name="SCORM 2004 Comments Tests &gt; CMICommentsObject Tests &gt; Property Tests &gt; comment &gt; should set and get comment" time="0.000055916">
        </testcase>
        <testcase classname="test/cmi/scorm2004_comments.spec.ts" name="SCORM 2004 Comments Tests &gt; CMICommentsObject Tests &gt; Property Tests &gt; comment &gt; should reject invalid comment values" time="0.000131333">
        </testcase>
        <testcase classname="test/cmi/scorm2004_comments.spec.ts" name="SCORM 2004 Comments Tests &gt; CMICommentsObject Tests &gt; Property Tests &gt; comment &gt; should reject modifications after initialization when readOnlyAfterInit is true" time="0.000069541">
        </testcase>
        <testcase classname="test/cmi/scorm2004_comments.spec.ts" name="SCORM 2004 Comments Tests &gt; CMICommentsObject Tests &gt; Property Tests &gt; location &gt; should set and get location" time="0.000054791">
        </testcase>
        <testcase classname="test/cmi/scorm2004_comments.spec.ts" name="SCORM 2004 Comments Tests &gt; CMICommentsObject Tests &gt; Property Tests &gt; location &gt; should reject invalid location values" time="0.000173166">
        </testcase>
        <testcase classname="test/cmi/scorm2004_comments.spec.ts" name="SCORM 2004 Comments Tests &gt; CMICommentsObject Tests &gt; Property Tests &gt; location &gt; should reject modifications after initialization when readOnlyAfterInit is true" time="0.000067958">
        </testcase>
        <testcase classname="test/cmi/scorm2004_comments.spec.ts" name="SCORM 2004 Comments Tests &gt; CMICommentsObject Tests &gt; Property Tests &gt; timestamp &gt; should set and get timestamp" time="0.000112916">
        </testcase>
        <testcase classname="test/cmi/scorm2004_comments.spec.ts" name="SCORM 2004 Comments Tests &gt; CMICommentsObject Tests &gt; Property Tests &gt; timestamp &gt; should reject invalid timestamp values" time="0.00005125">
        </testcase>
        <testcase classname="test/cmi/scorm2004_comments.spec.ts" name="SCORM 2004 Comments Tests &gt; CMICommentsObject Tests &gt; Property Tests &gt; timestamp &gt; should reject modifications after initialization when readOnlyAfterInit is true" time="0.000047333">
        </testcase>
        <testcase classname="test/cmi/scorm2004_comments.spec.ts" name="SCORM 2004 Comments Tests &gt; CMICommentsObject Tests &gt; JSON Serialization &gt; should serialize to JSON correctly" time="0.00005">
        </testcase>
    </testsuite>
    <testsuite name="test/cmi/scorm2004_components.spec.ts" timestamp="2025-05-05T03:31:08.064Z" hostname="jonathans-macbook-pro-2.mara-rohu.ts.net" tests="33" failures="0" errors="0" skipped="0" time="0.0069935">
        <testcase classname="test/cmi/scorm2004_components.spec.ts" name="SCORM 2004 Component Tests &gt; CMIContent Tests &gt; should initialize with default values" time="0.000583292">
        </testcase>
        <testcase classname="test/cmi/scorm2004_components.spec.ts" name="SCORM 2004 Component Tests &gt; CMIContent Tests &gt; should reset to default values" time="0.000214958">
        </testcase>
        <testcase classname="test/cmi/scorm2004_components.spec.ts" name="SCORM 2004 Component Tests &gt; CMIContent Tests &gt; should set and get location" time="0.000109125">
        </testcase>
        <testcase classname="test/cmi/scorm2004_components.spec.ts" name="SCORM 2004 Component Tests &gt; CMIContent Tests &gt; should set and get suspend_data" time="0.000051958">
        </testcase>
        <testcase classname="test/cmi/scorm2004_components.spec.ts" name="SCORM 2004 Component Tests &gt; CMIContent Tests &gt; should set and get launch_data" time="0.000043959">
        </testcase>
        <testcase classname="test/cmi/scorm2004_components.spec.ts" name="SCORM 2004 Component Tests &gt; CMILearner Tests &gt; should initialize with default values" time="0.000065666">
        </testcase>
        <testcase classname="test/cmi/scorm2004_components.spec.ts" name="SCORM 2004 Component Tests &gt; CMILearner Tests &gt; should reset to default values" time="0.000060625">
        </testcase>
        <testcase classname="test/cmi/scorm2004_components.spec.ts" name="SCORM 2004 Component Tests &gt; CMILearner Tests &gt; should set and get learner_id" time="0.000030167">
        </testcase>
        <testcase classname="test/cmi/scorm2004_components.spec.ts" name="SCORM 2004 Component Tests &gt; CMILearner Tests &gt; should set and get learner_name" time="0.00003925">
        </testcase>
        <testcase classname="test/cmi/scorm2004_components.spec.ts" name="SCORM 2004 Component Tests &gt; CMIMetadata Tests &gt; should initialize with default values" time="0.00011425">
        </testcase>
        <testcase classname="test/cmi/scorm2004_components.spec.ts" name="SCORM 2004 Component Tests &gt; CMIMetadata Tests &gt; should reset to default values" time="0.000045208">
        </testcase>
        <testcase classname="test/cmi/scorm2004_components.spec.ts" name="SCORM 2004 Component Tests &gt; CMISession Tests &gt; should initialize with default values" time="0.000054166">
        </testcase>
        <testcase classname="test/cmi/scorm2004_components.spec.ts" name="SCORM 2004 Component Tests &gt; CMISession Tests &gt; should reset to default values" time="0.000118458">
        </testcase>
        <testcase classname="test/cmi/scorm2004_components.spec.ts" name="SCORM 2004 Component Tests &gt; CMISession Tests &gt; should set and get entry" time="0.000159875">
        </testcase>
        <testcase classname="test/cmi/scorm2004_components.spec.ts" name="SCORM 2004 Component Tests &gt; CMISession Tests &gt; should set exit without error" time="0.000290125">
        </testcase>
        <testcase classname="test/cmi/scorm2004_components.spec.ts" name="SCORM 2004 Component Tests &gt; CMISession Tests &gt; should set session_time without error" time="0.0000895">
        </testcase>
        <testcase classname="test/cmi/scorm2004_components.spec.ts" name="SCORM 2004 Component Tests &gt; CMISession Tests &gt; should set and get total_time" time="0.000032625">
        </testcase>
        <testcase classname="test/cmi/scorm2004_components.spec.ts" name="SCORM 2004 Component Tests &gt; CMISession Tests &gt; should calculate current total time" time="0.000183167">
        </testcase>
        <testcase classname="test/cmi/scorm2004_components.spec.ts" name="SCORM 2004 Component Tests &gt; CMISettings Tests &gt; should initialize with default values" time="0.000121">
        </testcase>
        <testcase classname="test/cmi/scorm2004_components.spec.ts" name="SCORM 2004 Component Tests &gt; CMISettings Tests &gt; should reset to default values" time="0.000292791">
        </testcase>
        <testcase classname="test/cmi/scorm2004_components.spec.ts" name="SCORM 2004 Component Tests &gt; CMISettings Tests &gt; should set and get credit" time="0.000025">
        </testcase>
        <testcase classname="test/cmi/scorm2004_components.spec.ts" name="SCORM 2004 Component Tests &gt; CMISettings Tests &gt; should set and get mode" time="0.000023583">
        </testcase>
        <testcase classname="test/cmi/scorm2004_components.spec.ts" name="SCORM 2004 Component Tests &gt; CMISettings Tests &gt; should set and get max_time_allowed" time="0.000024417">
        </testcase>
        <testcase classname="test/cmi/scorm2004_components.spec.ts" name="SCORM 2004 Component Tests &gt; CMISettings Tests &gt; should set and get time_limit_action" time="0.0000225">
        </testcase>
        <testcase classname="test/cmi/scorm2004_components.spec.ts" name="SCORM 2004 Component Tests &gt; CMIStatus Tests &gt; should initialize with default values" time="0.000065208">
        </testcase>
        <testcase classname="test/cmi/scorm2004_components.spec.ts" name="SCORM 2004 Component Tests &gt; CMIStatus Tests &gt; should reset to default values" time="0.0001405">
        </testcase>
        <testcase classname="test/cmi/scorm2004_components.spec.ts" name="SCORM 2004 Component Tests &gt; CMIStatus Tests &gt; should set and get completion_status" time="0.000026875">
        </testcase>
        <testcase classname="test/cmi/scorm2004_components.spec.ts" name="SCORM 2004 Component Tests &gt; CMIStatus Tests &gt; should set and get progress_measure" time="0.000024875">
        </testcase>
        <testcase classname="test/cmi/scorm2004_components.spec.ts" name="SCORM 2004 Component Tests &gt; CMIStatus Tests &gt; should set and get success_status" time="0.000024666">
        </testcase>
        <testcase classname="test/cmi/scorm2004_components.spec.ts" name="SCORM 2004 Component Tests &gt; CMIThresholds Tests &gt; should initialize with default values" time="0.000049792">
        </testcase>
        <testcase classname="test/cmi/scorm2004_components.spec.ts" name="SCORM 2004 Component Tests &gt; CMIThresholds Tests &gt; should reset to default values" time="0.00006025">
        </testcase>
        <testcase classname="test/cmi/scorm2004_components.spec.ts" name="SCORM 2004 Component Tests &gt; CMIThresholds Tests &gt; should set and get completion_threshold" time="0.000023208">
        </testcase>
        <testcase classname="test/cmi/scorm2004_components.spec.ts" name="SCORM 2004 Component Tests &gt; CMIThresholds Tests &gt; should set and get scaled_passing_score" time="0.000022333">
        </testcase>
    </testsuite>
    <testsuite name="test/cmi/scorm2004_content.spec.ts" timestamp="2025-05-05T03:31:08.065Z" hostname="jonathans-macbook-pro-2.mara-rohu.ts.net" tests="8" failures="0" errors="0" skipped="0" time="0.002623917">
        <testcase classname="test/cmi/scorm2004_content.spec.ts" name="SCORM 2004 CMIContent Tests &gt; Initialization Tests &gt; should initialize with default values" time="0.000533125">
        </testcase>
        <testcase classname="test/cmi/scorm2004_content.spec.ts" name="SCORM 2004 CMIContent Tests &gt; Property Tests &gt; location &gt; should set and get location" time="0.0002075">
        </testcase>
        <testcase classname="test/cmi/scorm2004_content.spec.ts" name="SCORM 2004 CMIContent Tests &gt; Property Tests &gt; location &gt; should reject invalid location values" time="0.000389333">
        </testcase>
        <testcase classname="test/cmi/scorm2004_content.spec.ts" name="SCORM 2004 CMIContent Tests &gt; Property Tests &gt; launch_data &gt; should set and get launch_data before initialization" time="0.000053583">
        </testcase>
        <testcase classname="test/cmi/scorm2004_content.spec.ts" name="SCORM 2004 CMIContent Tests &gt; Property Tests &gt; launch_data &gt; should reject modifications to launch_data after initialization" time="0.000284667">
        </testcase>
        <testcase classname="test/cmi/scorm2004_content.spec.ts" name="SCORM 2004 CMIContent Tests &gt; Property Tests &gt; suspend_data &gt; should set and get suspend_data" time="0.000090083">
        </testcase>
        <testcase classname="test/cmi/scorm2004_content.spec.ts" name="SCORM 2004 CMIContent Tests &gt; Property Tests &gt; suspend_data &gt; should reject invalid suspend_data values" time="0.000334833">
        </testcase>
        <testcase classname="test/cmi/scorm2004_content.spec.ts" name="SCORM 2004 CMIContent Tests &gt; Method Tests &gt; reset &gt; should reset properties to default values" time="0.000080083">
        </testcase>
    </testsuite>
    <testsuite name="test/cmi/scorm2004_interactions.spec.ts" timestamp="2025-05-05T03:31:08.066Z" hostname="jonathans-macbook-pro-2.mara-rohu.ts.net" tests="16" failures="0" errors="0" skipped="0" time="0.003773458">
        <testcase classname="test/cmi/scorm2004_interactions.spec.ts" name="SCORM 2004 Interactions Tests &gt; Learner Response Tests &gt; true-false interaction type &gt; should accept &apos;true&apos; as a valid learner response" time="0.001076667">
        </testcase>
        <testcase classname="test/cmi/scorm2004_interactions.spec.ts" name="SCORM 2004 Interactions Tests &gt; Learner Response Tests &gt; true-false interaction type &gt; should accept &apos;false&apos; as a valid learner response" time="0.000129041">
        </testcase>
        <testcase classname="test/cmi/scorm2004_interactions.spec.ts" name="SCORM 2004 Interactions Tests &gt; Learner Response Tests &gt; true-false interaction type &gt; should reject invalid learner responses" time="0.000272417">
        </testcase>
        <testcase classname="test/cmi/scorm2004_interactions.spec.ts" name="SCORM 2004 Interactions Tests &gt; Learner Response Tests &gt; choice interaction type &gt; should accept a single valid choice" time="0.000144083">
        </testcase>
        <testcase classname="test/cmi/scorm2004_interactions.spec.ts" name="SCORM 2004 Interactions Tests &gt; Learner Response Tests &gt; choice interaction type &gt; should accept multiple valid choices" time="0.000127834">
        </testcase>
        <testcase classname="test/cmi/scorm2004_interactions.spec.ts" name="SCORM 2004 Interactions Tests &gt; Learner Response Tests &gt; choice interaction type &gt; should reject duplicate choices" time="0.000075667">
        </testcase>
        <testcase classname="test/cmi/scorm2004_interactions.spec.ts" name="SCORM 2004 Interactions Tests &gt; Learner Response Tests &gt; choice interaction type &gt; should reject too many choices" time="0.000134958">
        </testcase>
        <testcase classname="test/cmi/scorm2004_interactions.spec.ts" name="SCORM 2004 Interactions Tests &gt; Learner Response Tests &gt; fill-in interaction type &gt; should accept a single valid fill-in response" time="0.000117666">
        </testcase>
        <testcase classname="test/cmi/scorm2004_interactions.spec.ts" name="SCORM 2004 Interactions Tests &gt; Learner Response Tests &gt; fill-in interaction type &gt; should accept multiple valid fill-in responses" time="0.000189708">
        </testcase>
        <testcase classname="test/cmi/scorm2004_interactions.spec.ts" name="SCORM 2004 Interactions Tests &gt; Learner Response Tests &gt; fill-in interaction type &gt; should accept duplicate fill-in responses" time="0.000092">
        </testcase>
        <testcase classname="test/cmi/scorm2004_interactions.spec.ts" name="SCORM 2004 Interactions Tests &gt; Learner Response Tests &gt; fill-in interaction type &gt; should reject too many fill-in responses" time="0.000077875">
        </testcase>
        <testcase classname="test/cmi/scorm2004_interactions.spec.ts" name="SCORM 2004 Interactions Tests &gt; Learner Response Tests &gt; long-fill-in interaction type &gt; should accept a valid long-fill-in response" time="0.000090208">
        </testcase>
        <testcase classname="test/cmi/scorm2004_interactions.spec.ts" name="SCORM 2004 Interactions Tests &gt; Learner Response Tests &gt; long-fill-in interaction type &gt; should reject a response that&apos;s too long" time="0.000093875">
        </testcase>
        <testcase classname="test/cmi/scorm2004_interactions.spec.ts" name="SCORM 2004 Interactions Tests &gt; Learner Response Tests &gt; matching interaction type &gt; should accept a valid matching response" time="0.000207042">
        </testcase>
        <testcase classname="test/cmi/scorm2004_interactions.spec.ts" name="SCORM 2004 Interactions Tests &gt; Learner Response Tests &gt; matching interaction type &gt; should accept multiple valid matching responses" time="0.000075959">
        </testcase>
        <testcase classname="test/cmi/scorm2004_interactions.spec.ts" name="SCORM 2004 Interactions Tests &gt; Learner Response Tests &gt; matching interaction type &gt; should reject invalid matching responses" time="0.000210333">
        </testcase>
    </testsuite>
    <testsuite name="test/cmi/scorm2004_interactions_additional.spec.ts" timestamp="2025-05-05T03:31:08.066Z" hostname="jonathans-macbook-pro-2.mara-rohu.ts.net" tests="59" failures="0" errors="0" skipped="0" time="0.007512416">
        <testcase classname="test/cmi/scorm2004_interactions_additional.spec.ts" name="SCORM 2004 Additional Interactions Tests &gt; Learner Response Tests &gt; performance interaction type &gt; should accept a valid performance response" time="0.001081208">
        </testcase>
        <testcase classname="test/cmi/scorm2004_interactions_additional.spec.ts" name="SCORM 2004 Additional Interactions Tests &gt; Learner Response Tests &gt; performance interaction type &gt; should accept multiple valid performance responses" time="0.00015625">
        </testcase>
        <testcase classname="test/cmi/scorm2004_interactions_additional.spec.ts" name="SCORM 2004 Additional Interactions Tests &gt; Learner Response Tests &gt; performance interaction type &gt; should reject invalid performance responses" time="0.000261959">
        </testcase>
        <testcase classname="test/cmi/scorm2004_interactions_additional.spec.ts" name="SCORM 2004 Additional Interactions Tests &gt; Learner Response Tests &gt; sequencing interaction type &gt; should accept a valid sequencing response" time="0.000118958">
        </testcase>
        <testcase classname="test/cmi/scorm2004_interactions_additional.spec.ts" name="SCORM 2004 Additional Interactions Tests &gt; Learner Response Tests &gt; sequencing interaction type &gt; should accept multiple valid sequencing responses" time="0.000153834">
        </testcase>
        <testcase classname="test/cmi/scorm2004_interactions_additional.spec.ts" name="SCORM 2004 Additional Interactions Tests &gt; Learner Response Tests &gt; sequencing interaction type &gt; should reject too many sequencing responses" time="0.000088583">
        </testcase>
        <testcase classname="test/cmi/scorm2004_interactions_additional.spec.ts" name="SCORM 2004 Additional Interactions Tests &gt; Learner Response Tests &gt; likert interaction type &gt; should accept a valid likert response" time="0.000076709">
        </testcase>
        <testcase classname="test/cmi/scorm2004_interactions_additional.spec.ts" name="SCORM 2004 Additional Interactions Tests &gt; Learner Response Tests &gt; likert interaction type &gt; should reject multiple likert responses" time="0.000100916">
        </testcase>
        <testcase classname="test/cmi/scorm2004_interactions_additional.spec.ts" name="SCORM 2004 Additional Interactions Tests &gt; Learner Response Tests &gt; numeric interaction type &gt; should accept a valid numeric response" time="0.000183459">
        </testcase>
        <testcase classname="test/cmi/scorm2004_interactions_additional.spec.ts" name="SCORM 2004 Additional Interactions Tests &gt; Learner Response Tests &gt; numeric interaction type &gt; should accept a valid integer numeric response" time="0.000139">
        </testcase>
        <testcase classname="test/cmi/scorm2004_interactions_additional.spec.ts" name="SCORM 2004 Additional Interactions Tests &gt; Learner Response Tests &gt; numeric interaction type &gt; should reject multiple numeric responses" time="0.000067333">
        </testcase>
        <testcase classname="test/cmi/scorm2004_interactions_additional.spec.ts" name="SCORM 2004 Additional Interactions Tests &gt; Learner Response Tests &gt; numeric interaction type &gt; should reject invalid numeric responses" time="0.000054333">
        </testcase>
        <testcase classname="test/cmi/scorm2004_interactions_additional.spec.ts" name="SCORM 2004 Additional Interactions Tests &gt; Learner Response Tests &gt; other interaction type &gt; should accept a valid other response" time="0.000070084">
        </testcase>
        <testcase classname="test/cmi/scorm2004_interactions_additional.spec.ts" name="SCORM 2004 Additional Interactions Tests &gt; Learner Response Tests &gt; other interaction type &gt; should reject a response that&apos;s too long" time="0.0002065">
        </testcase>
        <testcase classname="test/cmi/scorm2004_interactions_additional.spec.ts" name="SCORM 2004 Additional Interactions Tests &gt; Correct Response Tests &gt; performance correct response &gt; should accept a valid performance pattern" time="0.000298709">
        </testcase>
        <testcase classname="test/cmi/scorm2004_interactions_additional.spec.ts" name="SCORM 2004 Additional Interactions Tests &gt; Correct Response Tests &gt; performance correct response &gt; should accept multiple valid performance patterns" time="0.000142709">
        </testcase>
        <testcase classname="test/cmi/scorm2004_interactions_additional.spec.ts" name="SCORM 2004 Additional Interactions Tests &gt; Correct Response Tests &gt; performance correct response &gt; should reject empty step names or answers" time="0.000110459">
        </testcase>
        <testcase classname="test/cmi/scorm2004_interactions_additional.spec.ts" name="SCORM 2004 Additional Interactions Tests &gt; Correct Response Tests &gt; performance correct response &gt; should accept identifier answers" time="0.00005875">
        </testcase>
        <testcase classname="test/cmi/scorm2004_interactions_additional.spec.ts" name="SCORM 2004 Additional Interactions Tests &gt; Correct Response Tests &gt; performance correct response &gt; should accept numeric‐range answers" time="0.000056333">
        </testcase>
        <testcase classname="test/cmi/scorm2004_interactions_additional.spec.ts" name="SCORM 2004 Additional Interactions Tests &gt; Correct Response Tests &gt; performance correct response &gt; should accept valid performance patterns" time="0.000077916">
        </testcase>
        <testcase classname="test/cmi/scorm2004_interactions_additional.spec.ts" name="SCORM 2004 Additional Interactions Tests &gt; Correct Response Tests &gt; performance correct response &gt; should reject too many components" time="0.000051083">
        </testcase>
        <testcase classname="test/cmi/scorm2004_interactions_additional.spec.ts" name="SCORM 2004 Additional Interactions Tests &gt; Correct Response Tests &gt; performance correct response &gt; should reject duplicate performance patterns" time="0.000049625">
        </testcase>
        <testcase classname="test/cmi/scorm2004_interactions_additional.spec.ts" name="SCORM 2004 Additional Interactions Tests &gt; Correct Response Tests &gt; numeric correct response &gt; should accept a valid numeric range pattern" time="0.000089917">
        </testcase>
        <testcase classname="test/cmi/scorm2004_interactions_additional.spec.ts" name="SCORM 2004 Additional Interactions Tests &gt; Correct Response Tests &gt; numeric correct response &gt; should accept a valid single numeric pattern" time="0.000105125">
        </testcase>
        <testcase classname="test/cmi/scorm2004_interactions_additional.spec.ts" name="SCORM 2004 Additional Interactions Tests &gt; Correct Response Tests &gt; numeric correct response &gt; should reject invalid numeric patterns" time="0.000136708">
        </testcase>
        <testcase classname="test/cmi/scorm2004_interactions_additional.spec.ts" name="SCORM 2004 Additional Interactions Tests &gt; Correct Response Tests &gt; true-false correct response &gt; should accept valid true-false patterns" time="0.000113333">
        </testcase>
        <testcase classname="test/cmi/scorm2004_interactions_additional.spec.ts" name="SCORM 2004 Additional Interactions Tests &gt; Correct Response Tests &gt; true-false correct response &gt; should reject invalid true-false patterns" time="0.000109416">
        </testcase>
        <testcase classname="test/cmi/scorm2004_interactions_additional.spec.ts" name="SCORM 2004 Additional Interactions Tests &gt; Correct Response Tests &gt; true-false correct response &gt; should surface the &apos;limit&apos; property for single-item types" time="0.000031833">
        </testcase>
        <testcase classname="test/cmi/scorm2004_interactions_additional.spec.ts" name="SCORM 2004 Additional Interactions Tests &gt; Correct Response Tests &gt; choice correct response &gt; should accept a valid choice pattern" time="0.000077708">
        </testcase>
        <testcase classname="test/cmi/scorm2004_interactions_additional.spec.ts" name="SCORM 2004 Additional Interactions Tests &gt; Correct Response Tests &gt; choice correct response &gt; should accept multiple valid choice patterns" time="0.000054833">
        </testcase>
        <testcase classname="test/cmi/scorm2004_interactions_additional.spec.ts" name="SCORM 2004 Additional Interactions Tests &gt; Correct Response Tests &gt; choice correct response &gt; should reject too many choices" time="0.000071459">
        </testcase>
        <testcase classname="test/cmi/scorm2004_interactions_additional.spec.ts" name="SCORM 2004 Additional Interactions Tests &gt; Correct Response Tests &gt; choice correct response &gt; should reject duplicate choice patterns" time="0.000061375">
        </testcase>
        <testcase classname="test/cmi/scorm2004_interactions_additional.spec.ts" name="SCORM 2004 Additional Interactions Tests &gt; Correct Response Tests &gt; choice correct response &gt; should reject open-ended lower bound &apos;5:&apos;" time="0.000052375">
        </testcase>
        <testcase classname="test/cmi/scorm2004_interactions_additional.spec.ts" name="SCORM 2004 Additional Interactions Tests &gt; Correct Response Tests &gt; choice correct response &gt; should accept open-ended upper bound &apos;:10&apos;" time="0.000046459">
        </testcase>
        <testcase classname="test/cmi/scorm2004_interactions_additional.spec.ts" name="SCORM 2004 Additional Interactions Tests &gt; Correct Response Tests &gt; choice correct response &gt; should reject patterns with untrimmed whitespace" time="0.000072166">
        </testcase>
        <testcase classname="test/cmi/scorm2004_interactions_additional.spec.ts" name="SCORM 2004 Additional Interactions Tests &gt; Correct Response Tests &gt; fill-in correct response &gt; should accept a valid fill-in pattern" time="0.000084875">
        </testcase>
        <testcase classname="test/cmi/scorm2004_interactions_additional.spec.ts" name="SCORM 2004 Additional Interactions Tests &gt; Correct Response Tests &gt; fill-in correct response &gt; should accept multiple valid fill-in patterns" time="0.000083916">
        </testcase>
        <testcase classname="test/cmi/scorm2004_interactions_additional.spec.ts" name="SCORM 2004 Additional Interactions Tests &gt; Correct Response Tests &gt; fill-in correct response &gt; should accept an empty fill-in pattern" time="0.000048709">
        </testcase>
        <testcase classname="test/cmi/scorm2004_interactions_additional.spec.ts" name="SCORM 2004 Additional Interactions Tests &gt; Correct Response Tests &gt; long-fill-in correct response &gt; should accept a valid long-fill-in pattern" time="0.000083625">
        </testcase>
        <testcase classname="test/cmi/scorm2004_interactions_additional.spec.ts" name="SCORM 2004 Additional Interactions Tests &gt; Correct Response Tests &gt; long-fill-in correct response &gt; should reject multiple long-fill-in patterns" time="0.00004775">
        </testcase>
        <testcase classname="test/cmi/scorm2004_interactions_additional.spec.ts" name="SCORM 2004 Additional Interactions Tests &gt; Correct Response Tests &gt; long-fill-in correct response &gt; should reject a pattern that&apos;s too long" time="0.00009375">
        </testcase>
        <testcase classname="test/cmi/scorm2004_interactions_additional.spec.ts" name="SCORM 2004 Additional Interactions Tests &gt; Correct Response Tests &gt; matching correct response &gt; should accept a valid matching pattern" time="0.0000925">
        </testcase>
        <testcase classname="test/cmi/scorm2004_interactions_additional.spec.ts" name="SCORM 2004 Additional Interactions Tests &gt; Correct Response Tests &gt; matching correct response &gt; should accept multiple valid matching patterns" time="0.000102084">
        </testcase>
        <testcase classname="test/cmi/scorm2004_interactions_additional.spec.ts" name="SCORM 2004 Additional Interactions Tests &gt; Correct Response Tests &gt; matching correct response &gt; should reject invalid matching patterns" time="0.000122084">
        </testcase>
        <testcase classname="test/cmi/scorm2004_interactions_additional.spec.ts" name="SCORM 2004 Additional Interactions Tests &gt; Correct Response Tests &gt; matching correct response &gt; should reject too many matching patterns" time="0.000069417">
        </testcase>
        <testcase classname="test/cmi/scorm2004_interactions_additional.spec.ts" name="SCORM 2004 Additional Interactions Tests &gt; Correct Response Tests &gt; matching correct response &gt; should reject duplicate matching patterns" time="0.000047292">
        </testcase>
        <testcase classname="test/cmi/scorm2004_interactions_additional.spec.ts" name="SCORM 2004 Additional Interactions Tests &gt; Correct Response Tests &gt; matching correct response &gt; should accept escaped commas or dots within identifiers" time="0.00005025">
        </testcase>
        <testcase classname="test/cmi/scorm2004_interactions_additional.spec.ts" name="SCORM 2004 Additional Interactions Tests &gt; Correct Response Tests &gt; sequencing correct response &gt; should accept a valid sequencing pattern" time="0.000053875">
        </testcase>
        <testcase classname="test/cmi/scorm2004_interactions_additional.spec.ts" name="SCORM 2004 Additional Interactions Tests &gt; Correct Response Tests &gt; sequencing correct response &gt; should accept multiple valid sequencing patterns" time="0.000055083">
        </testcase>
        <testcase classname="test/cmi/scorm2004_interactions_additional.spec.ts" name="SCORM 2004 Additional Interactions Tests &gt; Correct Response Tests &gt; sequencing correct response &gt; should reject too many sequencing patterns" time="0.000063959">
        </testcase>
        <testcase classname="test/cmi/scorm2004_interactions_additional.spec.ts" name="SCORM 2004 Additional Interactions Tests &gt; Correct Response Tests &gt; likert correct response &gt; should accept a valid likert pattern" time="0.000049791">
        </testcase>
        <testcase classname="test/cmi/scorm2004_interactions_additional.spec.ts" name="SCORM 2004 Additional Interactions Tests &gt; Correct Response Tests &gt; likert correct response &gt; should reject multiple likert patterns" time="0.000044542">
        </testcase>
        <testcase classname="test/cmi/scorm2004_interactions_additional.spec.ts" name="SCORM 2004 Additional Interactions Tests &gt; Correct Response Tests &gt; other correct response &gt; should accept a valid other pattern" time="0.000062208">
        </testcase>
        <testcase classname="test/cmi/scorm2004_interactions_additional.spec.ts" name="SCORM 2004 Additional Interactions Tests &gt; Correct Response Tests &gt; other correct response &gt; should reject multiple other patterns" time="0.000045791">
        </testcase>
        <testcase classname="test/cmi/scorm2004_interactions_additional.spec.ts" name="SCORM 2004 Additional Interactions Tests &gt; Correct Response Tests &gt; reset method for CMIInteractionsCorrectResponsesObject &gt; should reset the pattern to an empty string" time="0.000036458">
        </testcase>
        <testcase classname="test/cmi/scorm2004_interactions_additional.spec.ts" name="SCORM 2004 Additional Interactions Tests &gt; Correct Response Tests &gt; reset method for CMIInteractionsObject &gt; should reset all properties to their default values" time="0.000324542">
        </testcase>
        <testcase classname="test/cmi/scorm2004_interactions_additional.spec.ts" name="SCORM 2004 Additional Interactions Tests &gt; Correct Response Tests &gt; reset method for CMIInteractionsObjectivesObject &gt; should reset the id to an empty string" time="0.000041">
        </testcase>
        <testcase classname="test/cmi/scorm2004_interactions_additional.spec.ts" name="SCORM 2004 Additional Interactions Tests &gt; Correct Response Tests &gt; toJSON method &gt; should return a JSON object with the pattern" time="0.000235791">
        </testcase>
        <testcase classname="test/cmi/scorm2004_interactions_additional.spec.ts" name="SCORM 2004 Additional Interactions Tests &gt; Correct Response Tests &gt; without parent interaction &gt; should accept any valid pattern format" time="0.000052042">
        </testcase>
    </testsuite>
    <testsuite name="test/cmi/scorm2004_learner.spec.ts" timestamp="2025-05-05T03:31:08.069Z" hostname="jonathans-macbook-pro-2.mara-rohu.ts.net" tests="6" failures="0" errors="0" skipped="0" time="0.001938917">
        <testcase classname="test/cmi/scorm2004_learner.spec.ts" name="SCORM 2004 CMILearner Tests &gt; Initialization Tests &gt; should initialize with default values" time="0.000626291">
        </testcase>
        <testcase classname="test/cmi/scorm2004_learner.spec.ts" name="SCORM 2004 CMILearner Tests &gt; Property Tests &gt; learner_id &gt; should set and get learner_id before initialization" time="0.000081084">
        </testcase>
        <testcase classname="test/cmi/scorm2004_learner.spec.ts" name="SCORM 2004 CMILearner Tests &gt; Property Tests &gt; learner_id &gt; should reject modifications to learner_id after initialization" time="0.000424042">
        </testcase>
        <testcase classname="test/cmi/scorm2004_learner.spec.ts" name="SCORM 2004 CMILearner Tests &gt; Property Tests &gt; learner_name &gt; should set and get learner_name before initialization" time="0.000061375">
        </testcase>
        <testcase classname="test/cmi/scorm2004_learner.spec.ts" name="SCORM 2004 CMILearner Tests &gt; Property Tests &gt; learner_name &gt; should reject modifications to learner_name after initialization" time="0.000122625">
        </testcase>
        <testcase classname="test/cmi/scorm2004_learner.spec.ts" name="SCORM 2004 CMILearner Tests &gt; Method Tests &gt; reset &gt; should reset initialization flag but not properties" time="0.000075458">
        </testcase>
    </testsuite>
    <testsuite name="test/cmi/scorm2004_learner_preference.spec.ts" timestamp="2025-05-05T03:31:08.069Z" hostname="jonathans-macbook-pro-2.mara-rohu.ts.net" tests="12" failures="0" errors="0" skipped="0" time="0.007462833">
        <testcase classname="test/cmi/scorm2004_learner_preference.spec.ts" name="SCORM 2004 CMILearnerPreference Tests &gt; Initialization Tests &gt; should initialize with default values" time="0.001833666">
        </testcase>
        <testcase classname="test/cmi/scorm2004_learner_preference.spec.ts" name="SCORM 2004 CMILearnerPreference Tests &gt; Initialization Tests &gt; should have read-only _children property" time="0.000487958">
        </testcase>
        <testcase classname="test/cmi/scorm2004_learner_preference.spec.ts" name="SCORM 2004 CMILearnerPreference Tests &gt; Reset Tests &gt; should reset to default values" time="0.000341458">
        </testcase>
        <testcase classname="test/cmi/scorm2004_learner_preference.spec.ts" name="SCORM 2004 CMILearnerPreference Tests &gt; Property Tests &gt; audio_level &gt; should set and get audio_level" time="0.000092792">
        </testcase>
        <testcase classname="test/cmi/scorm2004_learner_preference.spec.ts" name="SCORM 2004 CMILearnerPreference Tests &gt; Property Tests &gt; audio_level &gt; should reject invalid audio_level values" time="0.000210292">
        </testcase>
        <testcase classname="test/cmi/scorm2004_learner_preference.spec.ts" name="SCORM 2004 CMILearnerPreference Tests &gt; Property Tests &gt; language &gt; should set and get language" time="0.000101333">
        </testcase>
        <testcase classname="test/cmi/scorm2004_learner_preference.spec.ts" name="SCORM 2004 CMILearnerPreference Tests &gt; Property Tests &gt; language &gt; should reject invalid language values" time="0.000094584">
        </testcase>
        <testcase classname="test/cmi/scorm2004_learner_preference.spec.ts" name="SCORM 2004 CMILearnerPreference Tests &gt; Property Tests &gt; delivery_speed &gt; should set and get delivery_speed" time="0.000082792">
        </testcase>
        <testcase classname="test/cmi/scorm2004_learner_preference.spec.ts" name="SCORM 2004 CMILearnerPreference Tests &gt; Property Tests &gt; delivery_speed &gt; should reject invalid delivery_speed values" time="0.000156083">
        </testcase>
        <testcase classname="test/cmi/scorm2004_learner_preference.spec.ts" name="SCORM 2004 CMILearnerPreference Tests &gt; Property Tests &gt; audio_captioning &gt; should set and get audio_captioning" time="0.000125125">
        </testcase>
        <testcase classname="test/cmi/scorm2004_learner_preference.spec.ts" name="SCORM 2004 CMILearnerPreference Tests &gt; Property Tests &gt; audio_captioning &gt; should reject invalid audio_captioning values" time="0.000133083">
        </testcase>
        <testcase classname="test/cmi/scorm2004_learner_preference.spec.ts" name="SCORM 2004 CMILearnerPreference Tests &gt; JSON Serialization &gt; should serialize to JSON correctly" time="0.003106417">
        </testcase>
    </testsuite>
    <testsuite name="test/cmi/scorm2004_metadata.spec.ts" timestamp="2025-05-05T03:31:08.070Z" hostname="jonathans-macbook-pro-2.mara-rohu.ts.net" tests="6" failures="0" errors="0" skipped="0" time="0.001660125">
        <testcase classname="test/cmi/scorm2004_metadata.spec.ts" name="SCORM 2004 CMIMetadata Tests &gt; Initialization Tests &gt; should initialize with default values" time="0.000493166">
        </testcase>
        <testcase classname="test/cmi/scorm2004_metadata.spec.ts" name="SCORM 2004 CMIMetadata Tests &gt; Property Tests &gt; _version &gt; should get _version" time="0.000053916">
        </testcase>
        <testcase classname="test/cmi/scorm2004_metadata.spec.ts" name="SCORM 2004 CMIMetadata Tests &gt; Property Tests &gt; _version &gt; should reject modifications to _version" time="0.000400875">
        </testcase>
        <testcase classname="test/cmi/scorm2004_metadata.spec.ts" name="SCORM 2004 CMIMetadata Tests &gt; Property Tests &gt; _children &gt; should get _children" time="0.000053292">
        </testcase>
        <testcase classname="test/cmi/scorm2004_metadata.spec.ts" name="SCORM 2004 CMIMetadata Tests &gt; Property Tests &gt; _children &gt; should reject modifications to _children" time="0.000117958">
        </testcase>
        <testcase classname="test/cmi/scorm2004_metadata.spec.ts" name="SCORM 2004 CMIMetadata Tests &gt; Method Tests &gt; reset &gt; should reset initialization flag but not properties" time="0.000067125">
        </testcase>
    </testsuite>
    <testsuite name="test/cmi/scorm2004_objectives.spec.ts" timestamp="2025-05-05T03:31:08.070Z" hostname="jonathans-macbook-pro-2.mara-rohu.ts.net" tests="23" failures="0" errors="0" skipped="0" time="0.004278167">
        <testcase classname="test/cmi/scorm2004_objectives.spec.ts" name="SCORM 2004 Objectives Tests &gt; CMIObjectives Tests &gt; Initialization Tests &gt; should initialize with default values" time="0.000576209">
        </testcase>
        <testcase classname="test/cmi/scorm2004_objectives.spec.ts" name="SCORM 2004 Objectives Tests &gt; CMIObjectives Tests &gt; Initialization Tests &gt; should have read-only _children property" time="0.000384041">
        </testcase>
        <testcase classname="test/cmi/scorm2004_objectives.spec.ts" name="SCORM 2004 Objectives Tests &gt; CMIObjectives Tests &gt; Array Operations &gt; should add and retrieve objective objects" time="0.00043425">
        </testcase>
        <testcase classname="test/cmi/scorm2004_objectives.spec.ts" name="SCORM 2004 Objectives Tests &gt; CMIObjectives Tests &gt; Array Operations &gt; should find objective by ID" time="0.000120084">
        </testcase>
        <testcase classname="test/cmi/scorm2004_objectives.spec.ts" name="SCORM 2004 Objectives Tests &gt; CMIObjectives Tests &gt; Array Operations &gt; should find objective by index" time="0.000118292">
        </testcase>
        <testcase classname="test/cmi/scorm2004_objectives.spec.ts" name="SCORM 2004 Objectives Tests &gt; CMIObjectives Tests &gt; Array Operations &gt; should set objective by index" time="0.000059375">
        </testcase>
        <testcase classname="test/cmi/scorm2004_objectives.spec.ts" name="SCORM 2004 Objectives Tests &gt; CMIObjectives Tests &gt; JSON Serialization &gt; should serialize to JSON correctly" time="0.000200541">
        </testcase>
        <testcase classname="test/cmi/scorm2004_objectives.spec.ts" name="SCORM 2004 Objectives Tests &gt; CMIObjectivesObject Tests &gt; Initialization Tests &gt; should initialize with default values" time="0.000117166">
        </testcase>
        <testcase classname="test/cmi/scorm2004_objectives.spec.ts" name="SCORM 2004 Objectives Tests &gt; CMIObjectivesObject Tests &gt; Property Tests &gt; id &gt; should set and get id" time="0.000107209">
        </testcase>
        <testcase classname="test/cmi/scorm2004_objectives.spec.ts" name="SCORM 2004 Objectives Tests &gt; CMIObjectivesObject Tests &gt; Property Tests &gt; id &gt; should reject invalid id values" time="0.000136375">
        </testcase>
        <testcase classname="test/cmi/scorm2004_objectives.spec.ts" name="SCORM 2004 Objectives Tests &gt; CMIObjectivesObject Tests &gt; Property Tests &gt; success_status &gt; should set and get success_status" time="0.000082791">
        </testcase>
        <testcase classname="test/cmi/scorm2004_objectives.spec.ts" name="SCORM 2004 Objectives Tests &gt; CMIObjectivesObject Tests &gt; Property Tests &gt; success_status &gt; should reject invalid success_status values" time="0.00006925">
        </testcase>
        <testcase classname="test/cmi/scorm2004_objectives.spec.ts" name="SCORM 2004 Objectives Tests &gt; CMIObjectivesObject Tests &gt; Property Tests &gt; success_status &gt; should throw dependency error if id is not set" time="0.000065416">
        </testcase>
        <testcase classname="test/cmi/scorm2004_objectives.spec.ts" name="SCORM 2004 Objectives Tests &gt; CMIObjectivesObject Tests &gt; Property Tests &gt; completion_status &gt; should set and get completion_status" time="0.000189084">
        </testcase>
        <testcase classname="test/cmi/scorm2004_objectives.spec.ts" name="SCORM 2004 Objectives Tests &gt; CMIObjectivesObject Tests &gt; Property Tests &gt; completion_status &gt; should reject invalid completion_status values" time="0.000076167">
        </testcase>
        <testcase classname="test/cmi/scorm2004_objectives.spec.ts" name="SCORM 2004 Objectives Tests &gt; CMIObjectivesObject Tests &gt; Property Tests &gt; completion_status &gt; should throw dependency error if id is not set" time="0.000053834">
        </testcase>
        <testcase classname="test/cmi/scorm2004_objectives.spec.ts" name="SCORM 2004 Objectives Tests &gt; CMIObjectivesObject Tests &gt; Property Tests &gt; progress_measure &gt; should set and get progress_measure" time="0.000115292">
        </testcase>
        <testcase classname="test/cmi/scorm2004_objectives.spec.ts" name="SCORM 2004 Objectives Tests &gt; CMIObjectivesObject Tests &gt; Property Tests &gt; progress_measure &gt; should reject invalid progress_measure values" time="0.000122083">
        </testcase>
        <testcase classname="test/cmi/scorm2004_objectives.spec.ts" name="SCORM 2004 Objectives Tests &gt; CMIObjectivesObject Tests &gt; Property Tests &gt; progress_measure &gt; should throw dependency error if id is not set" time="0.000086417">
        </testcase>
        <testcase classname="test/cmi/scorm2004_objectives.spec.ts" name="SCORM 2004 Objectives Tests &gt; CMIObjectivesObject Tests &gt; Property Tests &gt; description &gt; should set and get description" time="0.00007425">
        </testcase>
        <testcase classname="test/cmi/scorm2004_objectives.spec.ts" name="SCORM 2004 Objectives Tests &gt; CMIObjectivesObject Tests &gt; Property Tests &gt; description &gt; should reject invalid description values" time="0.000065083">
        </testcase>
        <testcase classname="test/cmi/scorm2004_objectives.spec.ts" name="SCORM 2004 Objectives Tests &gt; CMIObjectivesObject Tests &gt; Property Tests &gt; description &gt; should throw dependency error if id is not set" time="0.000054209">
        </testcase>
        <testcase classname="test/cmi/scorm2004_objectives.spec.ts" name="SCORM 2004 Objectives Tests &gt; CMIObjectivesObject Tests &gt; JSON Serialization &gt; should serialize to JSON correctly" time="0.000089833">
        </testcase>
    </testsuite>
    <testsuite name="test/cmi/scorm2004_score.spec.ts" timestamp="2025-05-05T03:31:08.071Z" hostname="jonathans-macbook-pro-2.mara-rohu.ts.net" tests="12" failures="0" errors="0" skipped="0" time="0.002974417">
        <testcase classname="test/cmi/scorm2004_score.spec.ts" name="SCORM 2004 CMIScore Tests &gt; Initialization Tests &gt; should initialize with default values" time="0.000637042">
        </testcase>
        <testcase classname="test/cmi/scorm2004_score.spec.ts" name="SCORM 2004 CMIScore Tests &gt; Initialization Tests &gt; should have read-only _children property" time="0.000415875">
        </testcase>
        <testcase classname="test/cmi/scorm2004_score.spec.ts" name="SCORM 2004 CMIScore Tests &gt; Reset Tests &gt; should reset to default values" time="0.000309333">
        </testcase>
        <testcase classname="test/cmi/scorm2004_score.spec.ts" name="SCORM 2004 CMIScore Tests &gt; Property Tests &gt; scaled &gt; should set and get scaled" time="0.000092417">
        </testcase>
        <testcase classname="test/cmi/scorm2004_score.spec.ts" name="SCORM 2004 CMIScore Tests &gt; Property Tests &gt; scaled &gt; should reject invalid scaled values" time="0.000214042">
        </testcase>
        <testcase classname="test/cmi/scorm2004_score.spec.ts" name="SCORM 2004 CMIScore Tests &gt; Property Tests &gt; raw &gt; should set and get raw" time="0.000082583">
        </testcase>
        <testcase classname="test/cmi/scorm2004_score.spec.ts" name="SCORM 2004 CMIScore Tests &gt; Property Tests &gt; raw &gt; should reject invalid raw values" time="0.00006325">
        </testcase>
        <testcase classname="test/cmi/scorm2004_score.spec.ts" name="SCORM 2004 CMIScore Tests &gt; Property Tests &gt; min &gt; should set and get min" time="0.00009725">
        </testcase>
        <testcase classname="test/cmi/scorm2004_score.spec.ts" name="SCORM 2004 CMIScore Tests &gt; Property Tests &gt; min &gt; should reject invalid min values" time="0.000192583">
        </testcase>
        <testcase classname="test/cmi/scorm2004_score.spec.ts" name="SCORM 2004 CMIScore Tests &gt; Property Tests &gt; max &gt; should set and get max" time="0.000112">
        </testcase>
        <testcase classname="test/cmi/scorm2004_score.spec.ts" name="SCORM 2004 CMIScore Tests &gt; Property Tests &gt; max &gt; should reject invalid max values" time="0.000061959">
        </testcase>
        <testcase classname="test/cmi/scorm2004_score.spec.ts" name="SCORM 2004 CMIScore Tests &gt; JSON Serialization &gt; should serialize to JSON correctly" time="0.000084167">
        </testcase>
    </testsuite>
    <testsuite name="test/cmi/scorm2004_session.spec.ts" timestamp="2025-05-05T03:31:08.071Z" hostname="jonathans-macbook-pro-2.mara-rohu.ts.net" tests="14" failures="0" errors="0" skipped="0" time="0.003165958">
        <testcase classname="test/cmi/scorm2004_session.spec.ts" name="SCORM 2004 CMISession Tests &gt; Initialization Tests &gt; should initialize with default values" time="0.000573667">
        </testcase>
        <testcase classname="test/cmi/scorm2004_session.spec.ts" name="SCORM 2004 CMISession Tests &gt; Property Tests &gt; entry &gt; should set and get entry before initialization" time="0.000063708">
        </testcase>
        <testcase classname="test/cmi/scorm2004_session.spec.ts" name="SCORM 2004 CMISession Tests &gt; Property Tests &gt; entry &gt; should reject modifications to entry after initialization" time="0.000500208">
        </testcase>
        <testcase classname="test/cmi/scorm2004_session.spec.ts" name="SCORM 2004 CMISession Tests &gt; Property Tests &gt; exit &gt; should set exit" time="0.000117917">
        </testcase>
        <testcase classname="test/cmi/scorm2004_session.spec.ts" name="SCORM 2004 CMISession Tests &gt; Property Tests &gt; exit &gt; should reject invalid exit values" time="0.000267125">
        </testcase>
        <testcase classname="test/cmi/scorm2004_session.spec.ts" name="SCORM 2004 CMISession Tests &gt; Property Tests &gt; exit &gt; should reject reading exit without jsonString" time="0.000080208">
        </testcase>
        <testcase classname="test/cmi/scorm2004_session.spec.ts" name="SCORM 2004 CMISession Tests &gt; Property Tests &gt; session_time &gt; should set session_time" time="0.0000935">
        </testcase>
        <testcase classname="test/cmi/scorm2004_session.spec.ts" name="SCORM 2004 CMISession Tests &gt; Property Tests &gt; session_time &gt; should reject invalid session_time values" time="0.000114209">
        </testcase>
        <testcase classname="test/cmi/scorm2004_session.spec.ts" name="SCORM 2004 CMISession Tests &gt; Property Tests &gt; session_time &gt; should reject reading session_time without jsonString" time="0.000128292">
        </testcase>
        <testcase classname="test/cmi/scorm2004_session.spec.ts" name="SCORM 2004 CMISession Tests &gt; Property Tests &gt; total_time &gt; should set and get total_time before initialization" time="0.000087041">
        </testcase>
        <testcase classname="test/cmi/scorm2004_session.spec.ts" name="SCORM 2004 CMISession Tests &gt; Property Tests &gt; total_time &gt; should reject modifications to total_time after initialization" time="0.000067208">
        </testcase>
        <testcase classname="test/cmi/scorm2004_session.spec.ts" name="SCORM 2004 CMISession Tests &gt; Method Tests &gt; getCurrentTotalTime &gt; should add session_time to total_time" time="0.000184209">
        </testcase>
        <testcase classname="test/cmi/scorm2004_session.spec.ts" name="SCORM 2004 CMISession Tests &gt; Method Tests &gt; getCurrentTotalTime &gt; should use session_time when start_time is not set" time="0.000101791">
        </testcase>
        <testcase classname="test/cmi/scorm2004_session.spec.ts" name="SCORM 2004 CMISession Tests &gt; Method Tests &gt; reset &gt; should reset properties to default values" time="0.000199208">
        </testcase>
    </testsuite>
    <testsuite name="test/cmi/scorm2004_settings.spec.ts" timestamp="2025-05-05T03:31:08.072Z" hostname="jonathans-macbook-pro-2.mara-rohu.ts.net" tests="10" failures="0" errors="0" skipped="0" time="0.0032955">
        <testcase classname="test/cmi/scorm2004_settings.spec.ts" name="SCORM 2004 CMISettings Tests &gt; Initialization Tests &gt; should initialize with default values" time="0.000684666">
        </testcase>
        <testcase classname="test/cmi/scorm2004_settings.spec.ts" name="SCORM 2004 CMISettings Tests &gt; Property Tests &gt; credit &gt; should set and get credit before initialization" time="0.000075333">
        </testcase>
        <testcase classname="test/cmi/scorm2004_settings.spec.ts" name="SCORM 2004 CMISettings Tests &gt; Property Tests &gt; credit &gt; should reject modifications to credit after initialization" time="0.000459375">
        </testcase>
        <testcase classname="test/cmi/scorm2004_settings.spec.ts" name="SCORM 2004 CMISettings Tests &gt; Property Tests &gt; mode &gt; should set and get mode before initialization" time="0.000052125">
        </testcase>
        <testcase classname="test/cmi/scorm2004_settings.spec.ts" name="SCORM 2004 CMISettings Tests &gt; Property Tests &gt; mode &gt; should reject modifications to mode after initialization" time="0.000076125">
        </testcase>
        <testcase classname="test/cmi/scorm2004_settings.spec.ts" name="SCORM 2004 CMISettings Tests &gt; Property Tests &gt; time_limit_action &gt; should set and get time_limit_action before initialization" time="0.00004575">
        </testcase>
        <testcase classname="test/cmi/scorm2004_settings.spec.ts" name="SCORM 2004 CMISettings Tests &gt; Property Tests &gt; time_limit_action &gt; should reject modifications to time_limit_action after initialization" time="0.000360834">
        </testcase>
        <testcase classname="test/cmi/scorm2004_settings.spec.ts" name="SCORM 2004 CMISettings Tests &gt; Property Tests &gt; max_time_allowed &gt; should set and get max_time_allowed before initialization" time="0.000107583">
        </testcase>
        <testcase classname="test/cmi/scorm2004_settings.spec.ts" name="SCORM 2004 CMISettings Tests &gt; Property Tests &gt; max_time_allowed &gt; should reject modifications to max_time_allowed after initialization" time="0.0001475">
        </testcase>
        <testcase classname="test/cmi/scorm2004_settings.spec.ts" name="SCORM 2004 CMISettings Tests &gt; Method Tests &gt; reset &gt; should reset initialization flag but not properties" time="0.0001155">
        </testcase>
    </testsuite>
    <testsuite name="test/cmi/scorm2004_status.spec.ts" timestamp="2025-05-05T03:31:08.072Z" hostname="jonathans-macbook-pro-2.mara-rohu.ts.net" tests="8" failures="0" errors="0" skipped="0" time="0.002443416">
        <testcase classname="test/cmi/scorm2004_status.spec.ts" name="SCORM 2004 CMIStatus Tests &gt; Initialization Tests &gt; should initialize with default values" time="0.000583583">
        </testcase>
        <testcase classname="test/cmi/scorm2004_status.spec.ts" name="SCORM 2004 CMIStatus Tests &gt; Property Tests &gt; completion_status &gt; should set and get completion_status" time="0.000256208">
        </testcase>
        <testcase classname="test/cmi/scorm2004_status.spec.ts" name="SCORM 2004 CMIStatus Tests &gt; Property Tests &gt; completion_status &gt; should reject invalid completion_status values" time="0.0003765">
        </testcase>
        <testcase classname="test/cmi/scorm2004_status.spec.ts" name="SCORM 2004 CMIStatus Tests &gt; Property Tests &gt; success_status &gt; should set and get success_status" time="0.00011225">
        </testcase>
        <testcase classname="test/cmi/scorm2004_status.spec.ts" name="SCORM 2004 CMIStatus Tests &gt; Property Tests &gt; success_status &gt; should reject invalid success_status values" time="0.000115791">
        </testcase>
        <testcase classname="test/cmi/scorm2004_status.spec.ts" name="SCORM 2004 CMIStatus Tests &gt; Property Tests &gt; progress_measure &gt; should set and get progress_measure" time="0.000144291">
        </testcase>
        <testcase classname="test/cmi/scorm2004_status.spec.ts" name="SCORM 2004 CMIStatus Tests &gt; Property Tests &gt; progress_measure &gt; should reject invalid progress_measure values" time="0.000177667">
        </testcase>
        <testcase classname="test/cmi/scorm2004_status.spec.ts" name="SCORM 2004 CMIStatus Tests &gt; Method Tests &gt; reset &gt; should reset properties to default values" time="0.000089208">
        </testcase>
    </testsuite>
    <testsuite name="test/cmi/scorm2004_thresholds.spec.ts" timestamp="2025-05-05T03:31:08.073Z" hostname="jonathans-macbook-pro-2.mara-rohu.ts.net" tests="6" failures="0" errors="0" skipped="0" time="0.001817792">
        <testcase classname="test/cmi/scorm2004_thresholds.spec.ts" name="SCORM 2004 CMIThresholds Tests &gt; Initialization Tests &gt; should initialize with default values" time="0.000481458">
        </testcase>
        <testcase classname="test/cmi/scorm2004_thresholds.spec.ts" name="SCORM 2004 CMIThresholds Tests &gt; Property Tests &gt; scaled_passing_score &gt; should set and get scaled_passing_score before initialization" time="0.000066542">
        </testcase>
        <testcase classname="test/cmi/scorm2004_thresholds.spec.ts" name="SCORM 2004 CMIThresholds Tests &gt; Property Tests &gt; scaled_passing_score &gt; should reject modifications to scaled_passing_score after initialization" time="0.000410583">
        </testcase>
        <testcase classname="test/cmi/scorm2004_thresholds.spec.ts" name="SCORM 2004 CMIThresholds Tests &gt; Property Tests &gt; completion_threshold &gt; should set and get completion_threshold before initialization" time="0.000063083">
        </testcase>
        <testcase classname="test/cmi/scorm2004_thresholds.spec.ts" name="SCORM 2004 CMIThresholds Tests &gt; Property Tests &gt; completion_threshold &gt; should reject modifications to completion_threshold after initialization" time="0.000122">
        </testcase>
        <testcase classname="test/cmi/scorm2004_thresholds.spec.ts" name="SCORM 2004 CMIThresholds Tests &gt; Method Tests &gt; reset &gt; should reset initialization flag but not properties" time="0.000174333">
        </testcase>
    </testsuite>
    <testsuite name="test/constants/default_settings.spec.ts" timestamp="2025-05-05T03:31:08.073Z" hostname="jonathans-macbook-pro-2.mara-rohu.ts.net" tests="14" failures="0" errors="0" skipped="0" time="0.006102541">
        <testcase classname="test/constants/default_settings.spec.ts" name="DefaultSettings &gt; responseHandler &gt; should return SCORM_TRUE and errorCode 0 for status 200 with no result" time="0.002447083">
        </testcase>
        <testcase classname="test/constants/default_settings.spec.ts" name="DefaultSettings &gt; responseHandler &gt; should return SCORM_FALSE and errorCode 101 for non-200 status with no result" time="0.000166667">
        </testcase>
        <testcase classname="test/constants/default_settings.spec.ts" name="DefaultSettings &gt; responseHandler &gt; should return the result and errorCode from the response when available" time="0.00022675">
        </testcase>
        <testcase classname="test/constants/default_settings.spec.ts" name="DefaultSettings &gt; responseHandler &gt; should derive errorCode from result when only result is provided" time="0.000126334">
        </testcase>
        <testcase classname="test/constants/default_settings.spec.ts" name="DefaultSettings &gt; responseHandler &gt; should derive errorCode 101 when result is SCORM_FALSE" time="0.000163292">
        </testcase>
        <testcase classname="test/constants/default_settings.spec.ts" name="DefaultSettings &gt; responseHandler &gt; should return SCORM_FALSE and errorCode 101 when response is undefined" time="0.000053542">
        </testcase>
        <testcase classname="test/constants/default_settings.spec.ts" name="DefaultSettings &gt; requestHandler &gt; should return the commitObject unchanged" time="0.000044958">
        </testcase>
        <testcase classname="test/constants/default_settings.spec.ts" name="DefaultSettings &gt; onLogMessage &gt; should call console.error for ERROR level" time="0.000906666">
        </testcase>
        <testcase classname="test/constants/default_settings.spec.ts" name="DefaultSettings &gt; onLogMessage &gt; should call console.error for string &apos;4&apos; level" time="0.000280958">
        </testcase>
        <testcase classname="test/constants/default_settings.spec.ts" name="DefaultSettings &gt; onLogMessage &gt; should call console.error for numeric 4 level" time="0.000234875">
        </testcase>
        <testcase classname="test/constants/default_settings.spec.ts" name="DefaultSettings &gt; onLogMessage &gt; should call console.warn for WARN level" time="0.000100125">
        </testcase>
        <testcase classname="test/constants/default_settings.spec.ts" name="DefaultSettings &gt; onLogMessage &gt; should call console.info for INFO level" time="0.000095">
        </testcase>
        <testcase classname="test/constants/default_settings.spec.ts" name="DefaultSettings &gt; onLogMessage &gt; should call console.debug for DEBUG level when available" time="0.000139583">
        </testcase>
        <testcase classname="test/constants/default_settings.spec.ts" name="DefaultSettings &gt; onLogMessage &gt; should call console.log for DEBUG level when console.debug is not available" time="0.000200916">
        </testcase>
    </testsuite>
    <testsuite name="test/facades/CrossFrameFacade.spec.ts" timestamp="2025-05-05T03:31:08.074Z" hostname="jonathans-macbook-pro-2.mara-rohu.ts.net" tests="23" failures="0" errors="0" skipped="0" time="0.03076125">
        <testcase classname="test/facades/CrossFrameFacade.spec.ts" name="CrossFrameAPI (cache-first) &gt; LMSGetValue returns cache + posts" time="0.002469334">
        </testcase>
        <testcase classname="test/facades/CrossFrameFacade.spec.ts" name="CrossFrameAPI (cache-first) &gt; LMSSetValue sync-caches and posts" time="0.000361792">
        </testcase>
        <testcase classname="test/facades/CrossFrameFacade.spec.ts" name="CrossFrameAPI (cache-first) &gt; captures error and updates lastError" time="0.004533708">
            <system-err>
CrossFrameAPI LMSGetValue error: Error: 402 Custom error
    at [90m/Users/putneyj/git/scorm-again/[39mtest/facades/CrossFrameFacade.spec.ts:42:56
    at [90mfile:///Users/putneyj/git/scorm-again/[39mnode_modules/[4m@vitest[24m/runner/dist/index.js:103:11
    at [90mfile:///Users/putneyj/git/scorm-again/[39mnode_modules/[4m@vitest[24m/runner/dist/index.js:596:26
    at [90mfile:///Users/putneyj/git/scorm-again/[39mnode_modules/[4m@vitest[24m/runner/dist/index.js:879:20
    at new Promise (&lt;anonymous&gt;)
    at runWithTimeout [90m(file:///Users/putneyj/git/scorm-again/[39mnode_modules/[4m@vitest[24m/runner/dist/index.js:852:10[90m)[39m
    at runTest [90m(file:///Users/putneyj/git/scorm-again/[39mnode_modules/[4m@vitest[24m/runner/dist/index.js:1360:12[90m)[39m
[90m    at processTicksAndRejections (node:internal/process/task_queues:95:5)[39m
    at runSuite [90m(file:///Users/putneyj/git/scorm-again/[39mnode_modules/[4m@vitest[24m/runner/dist/index.js:1507:8[90m)[39m
    at runSuite [90m(file:///Users/putneyj/git/scorm-again/[39mnode_modules/[4m@vitest[24m/runner/dist/index.js:1507:8[90m)[39m

            </system-err>
        </testcase>
        <testcase classname="test/facades/CrossFrameFacade.spec.ts" name="CrossFrameAPI (cache-first) &gt; handles timeout in _post method" time="0.001337917">
        </testcase>
        <testcase classname="test/facades/CrossFrameFacade.spec.ts" name="CrossFrameAPI (cache-first) &gt; handles _onMessage with valid response" time="0.0002835">
        </testcase>
        <testcase classname="test/facades/CrossFrameFacade.spec.ts" name="CrossFrameAPI (cache-first) &gt; handles _onMessage with error response" time="0.000340084">
        </testcase>
        <testcase classname="test/facades/CrossFrameFacade.spec.ts" name="CrossFrameAPI (cache-first) &gt; ignores _onMessage with invalid or unknown messageId" time="0.000256042">
        </testcase>
        <testcase classname="test/facades/CrossFrameFacade.spec.ts" name="CrossFrameAPI (cache-first) &gt; handles Initialize/LMSInitialize calls" time="0.000318041">
        </testcase>
        <testcase classname="test/facades/CrossFrameFacade.spec.ts" name="CrossFrameAPI (cache-first) &gt; handles Terminate/LMSFinish calls" time="0.000296708">
        </testcase>
        <testcase classname="test/facades/CrossFrameFacade.spec.ts" name="CrossFrameAPI (cache-first) &gt; handles Commit/LMSCommit calls" time="0.000303292">
        </testcase>
        <testcase classname="test/facades/CrossFrameFacade.spec.ts" name="CrossFrameAPI (cache-first) &gt; handles GetLastError/LMSGetLastError calls" time="0.000118375">
        </testcase>
        <testcase classname="test/facades/CrossFrameFacade.spec.ts" name="CrossFrameAPI (cache-first) &gt; handles function parameters in _post method" time="0.000258833">
        </testcase>
        <testcase classname="test/facades/CrossFrameFacade.spec.ts" name="CrossFrameAPI (cache-first) &gt; handles getFlattenedCMI call" time="0.0024715">
        </testcase>
        <testcase classname="test/facades/CrossFrameFacade.spec.ts" name="CrossFrameAPI (cache-first) &gt; handles getFlattenedCMI error" time="0.002961333">
            <system-err>
CrossFrameAPI Initialize error: Error: 500 Server error
    at [90m/Users/putneyj/git/scorm-again/[39mtest/facades/CrossFrameFacade.spec.ts:286:23
    at [90mfile:///Users/putneyj/git/scorm-again/[39mnode_modules/[4m@vitest[24m/runner/dist/index.js:103:11
    at [90mfile:///Users/putneyj/git/scorm-again/[39mnode_modules/[4m@vitest[24m/runner/dist/index.js:596:26
    at [90mfile:///Users/putneyj/git/scorm-again/[39mnode_modules/[4m@vitest[24m/runner/dist/index.js:879:20
    at new Promise (&lt;anonymous&gt;)
    at runWithTimeout [90m(file:///Users/putneyj/git/scorm-again/[39mnode_modules/[4m@vitest[24m/runner/dist/index.js:852:10[90m)[39m
    at runTest [90m(file:///Users/putneyj/git/scorm-again/[39mnode_modules/[4m@vitest[24m/runner/dist/index.js:1360:12[90m)[39m
    at runSuite [90m(file:///Users/putneyj/git/scorm-again/[39mnode_modules/[4m@vitest[24m/runner/dist/index.js:1507:8[90m)[39m
    at runSuite [90m(file:///Users/putneyj/git/scorm-again/[39mnode_modules/[4m@vitest[24m/runner/dist/index.js:1507:8[90m)[39m
    at runFiles [90m(file:///Users/putneyj/git/scorm-again/[39mnode_modules/[4m@vitest[24m/runner/dist/index.js:1561:3[90m)[39m
CrossFrameAPI getFlattenedCMI error: Error: 500 Server error
    at [90m/Users/putneyj/git/scorm-again/[39mtest/facades/CrossFrameFacade.spec.ts:286:23
    at [90mfile:///Users/putneyj/git/scorm-again/[39mnode_modules/[4m@vitest[24m/runner/dist/index.js:103:11
    at [90mfile:///Users/putneyj/git/scorm-again/[39mnode_modules/[4m@vitest[24m/runner/dist/index.js:596:26
    at [90mfile:///Users/putneyj/git/scorm-again/[39mnode_modules/[4m@vitest[24m/runner/dist/index.js:879:20
    at new Promise (&lt;anonymous&gt;)
    at runWithTimeout [90m(file:///Users/putneyj/git/scorm-again/[39mnode_modules/[4m@vitest[24m/runner/dist/index.js:852:10[90m)[39m
    at runTest [90m(file:///Users/putneyj/git/scorm-again/[39mnode_modules/[4m@vitest[24m/runner/dist/index.js:1360:12[90m)[39m
    at runSuite [90m(file:///Users/putneyj/git/scorm-again/[39mnode_modules/[4m@vitest[24m/runner/dist/index.js:1507:8[90m)[39m
    at runSuite [90m(file:///Users/putneyj/git/scorm-again/[39mnode_modules/[4m@vitest[24m/runner/dist/index.js:1507:8[90m)[39m
    at runFiles [90m(file:///Users/putneyj/git/scorm-again/[39mnode_modules/[4m@vitest[24m/runner/dist/index.js:1561:3[90m)[39m

            </system-err>
        </testcase>
        <testcase classname="test/facades/CrossFrameFacade.spec.ts" name="CrossFrameAPI (cache-first) &gt; updates cache when GetValue resolves successfully" time="0.004265916">
        </testcase>
        <testcase classname="test/facades/CrossFrameFacade.spec.ts" name="CrossFrameAPI (cache-first) &gt; updates lastError when GetLastError resolves successfully" time="0.002409208">
        </testcase>
        <testcase classname="test/facades/CrossFrameFacade.spec.ts" name="CrossFrameAPI (cache-first) &gt; returns empty string for unknown methods" time="0.0003225">
        </testcase>
        <testcase classname="test/facades/CrossFrameFacade.spec.ts" name="CrossFrameAPI (cache-first) &gt; handles errors without numeric codes using GENERAL error code" time="0.0055295">
            <system-err>
CrossFrameAPI LMSGetValue error: Error: Non-numeric error message
    at [90m/Users/putneyj/git/scorm-again/[39mtest/facades/CrossFrameFacade.spec.ts:351:26
    at [90mfile:///Users/putneyj/git/scorm-again/[39mnode_modules/[4m@vitest[24m/runner/dist/index.js:103:11
    at [90mfile:///Users/putneyj/git/scorm-again/[39mnode_modules/[4m@vitest[24m/runner/dist/index.js:596:26
    at [90mfile:///Users/putneyj/git/scorm-again/[39mnode_modules/[4m@vitest[24m/runner/dist/index.js:879:20
    at new Promise (&lt;anonymous&gt;)
    at runWithTimeout [90m(file:///Users/putneyj/git/scorm-again/[39mnode_modules/[4m@vitest[24m/runner/dist/index.js:852:10[90m)[39m
    at runTest [90m(file:///Users/putneyj/git/scorm-again/[39mnode_modules/[4m@vitest[24m/runner/dist/index.js:1360:12[90m)[39m
    at runSuite [90m(file:///Users/putneyj/git/scorm-again/[39mnode_modules/[4m@vitest[24m/runner/dist/index.js:1507:8[90m)[39m
    at runSuite [90m(file:///Users/putneyj/git/scorm-again/[39mnode_modules/[4m@vitest[24m/runner/dist/index.js:1507:8[90m)[39m
    at runFiles [90m(file:///Users/putneyj/git/scorm-again/[39mnode_modules/[4m@vitest[24m/runner/dist/index.js:1561:3[90m)[39m

            </system-err>
        </testcase>
        <testcase classname="test/facades/CrossFrameFacade.spec.ts" name="CrossFrameLMS &gt; processes valid call and replies" time="0.000342834">
        </testcase>
        <testcase classname="test/facades/CrossFrameFacade.spec.ts" name="CrossFrameLMS &gt; handles missing method with error" time="0.000151291">
        </testcase>
        <testcase classname="test/facades/CrossFrameFacade.spec.ts" name="CrossFrameLMS &gt; handles API method throwing an exception" time="0.000511958">
        </testcase>
        <testcase classname="test/facades/CrossFrameFacade.spec.ts" name="CrossFrameLMS &gt; handles message events correctly" time="0.000129958">
        </testcase>
        <testcase classname="test/facades/CrossFrameFacade.spec.ts" name="CrossFrameLMS &gt; ignores message events without messageId or method" time="0.000075083">
        </testcase>
    </testsuite>
    <testsuite name="test/performance/PerformanceTests.spec.ts" timestamp="2025-05-05T03:31:08.075Z" hostname="jonathans-macbook-pro-2.mara-rohu.ts.net" tests="10" failures="0" errors="0" skipped="0" time="0.190890584">
        <testcase classname="test/performance/PerformanceTests.spec.ts" name="Performance Tests &gt; SerializationService Performance &gt; should measure renderCMIToJSONString performance" time="0.002842625">
            <system-out>
Average time for renderCMIToJSONString: 0.001 ms

            </system-out>
        </testcase>
        <testcase classname="test/performance/PerformanceTests.spec.ts" name="Performance Tests &gt; SerializationService Performance &gt; should measure renderCMIToJSONObject performance" time="0.003163042">
            <system-out>
Average time for renderCMIToJSONObject: 0.003 ms

            </system-out>
        </testcase>
        <testcase classname="test/performance/PerformanceTests.spec.ts" name="Performance Tests &gt; HttpService Performance &gt; should measure HTTP request performance" time="0.000865209">
            <system-out>
Average time for HTTP request: 0.018 ms

            </system-out>
        </testcase>
        <testcase classname="test/performance/PerformanceTests.spec.ts" name="Performance Tests &gt; EventService Performance &gt; should measure event registration performance" time="0.009233583">
            <system-out>
Average time for registering 100 events: 0.082 ms

            </system-out>
        </testcase>
        <testcase classname="test/performance/PerformanceTests.spec.ts" name="Performance Tests &gt; EventService Performance &gt; should measure event triggering performance" time="0.00941925">
            <system-out>
Average time for triggering 100 event listeners: 0.084 ms

            </system-out>
        </testcase>
        <testcase classname="test/performance/PerformanceTests.spec.ts" name="Performance Tests &gt; EventService Performance &gt; should measure wildcard event matching performance" time="0.1461455">
            <system-out>
Average time for 100 wildcard event matches: 1.450 ms

            </system-out>
        </testcase>
        <testcase classname="test/performance/PerformanceTests.spec.ts" name="Performance Tests &gt; ValidationService Performance &gt; should measure validation performance for scores" time="0.007563375">
            <system-out>
Average time for 200 score validations: 0.073 ms

            </system-out>
        </testcase>
        <testcase classname="test/performance/PerformanceTests.spec.ts" name="Performance Tests &gt; Memoization Performance &gt; should measure performance improvement with memoization" time="0.004561458">
            <system-out>
Average time without memoization: 0.204 ms
Average time with memoization: 0.001 ms

            </system-out>
        </testcase>
        <testcase classname="test/performance/PerformanceTests.spec.ts" name="Performance Tests &gt; API Performance &gt; should measure SetValue performance" time="0.005616584">
            <system-out>
Average time for 4 SetValue operations: 0.023 ms

            </system-out>
        </testcase>
        <testcase classname="test/performance/PerformanceTests.spec.ts" name="Performance Tests &gt; API Performance &gt; should measure GetValue performance" time="0.000893">
            <system-out>
Average time for 4 GetValue operations: 0.005 ms

            </system-out>
        </testcase>
    </testsuite>
    <testsuite name="test/performance/StressTests.spec.ts" timestamp="2025-05-05T03:31:08.076Z" hostname="jonathans-macbook-pro-2.mara-rohu.ts.net" tests="6" failures="0" errors="0" skipped="0" time="0.021207875">
        <testcase classname="test/performance/StressTests.spec.ts" name="Stress Tests for Concurrent Operations &gt; HttpService Concurrent Requests &gt; should handle multiple concurrent HTTP requests" time="0.004209208">
            <system-out>
Average time for 5 concurrent HTTP requests: 0.096 ms

Average time for 10 concurrent HTTP requests: 0.190 ms

Average time for 20 concurrent HTTP requests: 0.240 ms

            </system-out>
        </testcase>
        <testcase classname="test/performance/StressTests.spec.ts" name="Stress Tests for Concurrent Operations &gt; EventService Concurrent Events &gt; should handle multiple concurrent event triggers" time="0.002053583">
            <system-out>
Time for 10 concurrent event triggers: 0.150 ms

Time for 20 concurrent event triggers: 0.167 ms

Time for 50 concurrent event triggers: 0.364 ms

            </system-out>
        </testcase>
        <testcase classname="test/performance/StressTests.spec.ts" name="Stress Tests for Concurrent Operations &gt; API Concurrent Operations &gt; should handle concurrent SetValue operations" time="0.007856417">
            <system-out>
Time for 10 concurrent SetValue operations: 0.753 ms

Time for 20 concurrent SetValue operations: 0.520 ms

Time for 50 concurrent SetValue operations: 1.186 ms

            </system-out>
        </testcase>
        <testcase classname="test/performance/StressTests.spec.ts" name="Stress Tests for Concurrent Operations &gt; API Concurrent Operations &gt; should handle concurrent GetValue operations" time="0.001251083">
            <system-out>
Time for 10 concurrent GetValue operations: 0.099 ms

Time for 20 concurrent GetValue operations: 0.188 ms

Time for 50 concurrent GetValue operations: 0.375 ms

            </system-out>
        </testcase>
        <testcase classname="test/performance/StressTests.spec.ts" name="Stress Tests for Concurrent Operations &gt; API Concurrent Operations &gt; should handle mixed concurrent operations (SetValue and GetValue)" time="0.001427375">
            <system-out>
Time for 10 mixed concurrent operations: 0.298 ms

Time for 20 mixed concurrent operations: 0.351 ms

Time for 50 mixed concurrent operations: 0.520 ms

            </system-out>
        </testcase>
        <testcase classname="test/performance/StressTests.spec.ts" name="Stress Tests for Concurrent Operations &gt; API Concurrent Operations &gt; should handle concurrent Commit operations" time="0.003862292">
            <system-out>
Time for 5 concurrent Commit operations: 1.047 ms

Time for 10 concurrent Commit operations: 0.898 ms

Time for 20 concurrent Commit operations: 1.472 ms

            </system-out>
        </testcase>
    </testsuite>
    <testsuite name="test/property/validation-service.property.spec.ts" timestamp="2025-05-05T03:31:08.076Z" hostname="jonathans-macbook-pro-2.mara-rohu.ts.net" tests="17" failures="0" errors="0" skipped="0" time="0.051356125">
        <testcase classname="test/property/validation-service.property.spec.ts" name="ValidationService Property-based Tests &gt; validateScore &gt; should accept any valid decimal string within range" time="0.00458125">
        </testcase>
        <testcase classname="test/property/validation-service.property.spec.ts" name="ValidationService Property-based Tests &gt; validateScore &gt; should reject any string that&apos;s not a valid decimal" time="0.003914375">
        </testcase>
        <testcase classname="test/property/validation-service.property.spec.ts" name="ValidationService Property-based Tests &gt; validateScore &gt; should reject any decimal outside the range" time="0.0031295">
        </testcase>
        <testcase classname="test/property/validation-service.property.spec.ts" name="ValidationService Property-based Tests &gt; validateScorm12Audio &gt; should accept any integer between -1 and 100" time="0.001118333">
        </testcase>
        <testcase classname="test/property/validation-service.property.spec.ts" name="ValidationService Property-based Tests &gt; validateScorm12Audio &gt; should reject any string that&apos;s not a valid integer" time="0.005321459">
        </testcase>
        <testcase classname="test/property/validation-service.property.spec.ts" name="ValidationService Property-based Tests &gt; validateScorm12Audio &gt; should reject any integer outside the range -1 to 100" time="0.002421791">
        </testcase>
        <testcase classname="test/property/validation-service.property.spec.ts" name="ValidationService Property-based Tests &gt; validateScorm12Language &gt; should accept any non-empty string up to 256 characters" time="0.005134">
        </testcase>
        <testcase classname="test/property/validation-service.property.spec.ts" name="ValidationService Property-based Tests &gt; validateScorm12Language &gt; should reject empty strings" time="0.000263125">
        </testcase>
        <testcase classname="test/property/validation-service.property.spec.ts" name="ValidationService Property-based Tests &gt; validateScorm12Language &gt; should reject any string longer than 256 characters" time="0.010842875">
        </testcase>
        <testcase classname="test/property/validation-service.property.spec.ts" name="ValidationService Property-based Tests &gt; validateScorm12Speed &gt; should accept any integer between -100 and 100" time="0.001011958">
        </testcase>
        <testcase classname="test/property/validation-service.property.spec.ts" name="ValidationService Property-based Tests &gt; validateScorm12Speed &gt; should reject any string that&apos;s not a valid integer" time="0.002225375">
        </testcase>
        <testcase classname="test/property/validation-service.property.spec.ts" name="ValidationService Property-based Tests &gt; validateScorm12Speed &gt; should reject any integer outside the range -100 to 100" time="0.002109916">
        </testcase>
        <testcase classname="test/property/validation-service.property.spec.ts" name="ValidationService Property-based Tests &gt; validateScorm12Text &gt; should accept any integer between -1 and 1" time="0.000773542">
        </testcase>
        <testcase classname="test/property/validation-service.property.spec.ts" name="ValidationService Property-based Tests &gt; validateScorm12Text &gt; should reject any string that&apos;s not a valid integer" time="0.002237208">
        </testcase>
        <testcase classname="test/property/validation-service.property.spec.ts" name="ValidationService Property-based Tests &gt; validateScorm12Text &gt; should reject any integer outside the range -1 to 1" time="0.005263917">
        </testcase>
        <testcase classname="test/property/validation-service.property.spec.ts" name="ValidationService Property-based Tests &gt; validateReadOnly &gt; should not throw an error when initialized is false" time="0.00013125">
        </testcase>
        <testcase classname="test/property/validation-service.property.spec.ts" name="ValidationService Property-based Tests &gt; validateReadOnly &gt; should throw an error when initialized is true" time="0.000055084">
        </testcase>
    </testsuite>
    <testsuite name="test/property/validation.property.spec.ts" timestamp="2025-05-05T03:31:08.077Z" hostname="jonathans-macbook-pro-2.mara-rohu.ts.net" tests="8" failures="0" errors="0" skipped="0" time="0.038331583">
        <testcase classname="test/property/validation.property.spec.ts" name="Validation Property-based Tests &gt; checkValidFormat &gt; should accept any string that matches the regex pattern" time="0.012215125">
        </testcase>
        <testcase classname="test/property/validation.property.spec.ts" name="Validation Property-based Tests &gt; checkValidFormat &gt; should reject any string that doesn&apos;t match the regex pattern" time="0.002412375">
        </testcase>
        <testcase classname="test/property/validation.property.spec.ts" name="Validation Property-based Tests &gt; checkValidFormat &gt; should handle empty strings based on allowEmptyString parameter" time="0.000142084">
        </testcase>
        <testcase classname="test/property/validation.property.spec.ts" name="Validation Property-based Tests &gt; checkValidFormat &gt; should handle non-string values appropriately" time="0.014840333">
        </testcase>
        <testcase classname="test/property/validation.property.spec.ts" name="Validation Property-based Tests &gt; checkValidRange &gt; should accept any number within the specified range" time="0.000895917">
        </testcase>
        <testcase classname="test/property/validation.property.spec.ts" name="Validation Property-based Tests &gt; checkValidRange &gt; should reject any number below the specified range" time="0.001471042">
        </testcase>
        <testcase classname="test/property/validation.property.spec.ts" name="Validation Property-based Tests &gt; checkValidRange &gt; should reject any number above the specified range" time="0.001331708">
        </testcase>
        <testcase classname="test/property/validation.property.spec.ts" name="Validation Property-based Tests &gt; checkValidRange &gt; should accept any number above the lower bound when upper bound is &apos;*&apos;" time="0.004384541">
        </testcase>
    </testsuite>
    <testsuite name="test/security/SecurityTests.spec.ts" timestamp="2025-05-05T03:31:08.077Z" hostname="jonathans-macbook-pro-2.mara-rohu.ts.net" tests="13" failures="0" errors="0" skipped="0" time="0.0042805">
        <testcase classname="test/security/SecurityTests.spec.ts" name="Security Tests for Data Validation &gt; Regex DoS (ReDoS) Tests &gt; should handle potentially catastrophic regex patterns safely" time="0.000590125">
        </testcase>
        <testcase classname="test/security/SecurityTests.spec.ts" name="Security Tests for Data Validation &gt; Regex DoS (ReDoS) Tests &gt; should handle large inputs with complex patterns efficiently" time="0.000149084">
        </testcase>
        <testcase classname="test/security/SecurityTests.spec.ts" name="Security Tests for Data Validation &gt; Type Confusion Tests &gt; should handle non-string values safely in checkValidFormat" time="0.000634417">
        </testcase>
        <testcase classname="test/security/SecurityTests.spec.ts" name="Security Tests for Data Validation &gt; Type Confusion Tests &gt; should handle invalid regex patterns safely" time="0.00054425">
        </testcase>
        <testcase classname="test/security/SecurityTests.spec.ts" name="Security Tests for Data Validation &gt; Input Validation Bypass Tests &gt; should handle empty strings safely" time="0.000153166">
        </testcase>
        <testcase classname="test/security/SecurityTests.spec.ts" name="Security Tests for Data Validation &gt; Input Validation Bypass Tests &gt; should handle special characters safely" time="0.000211208">
        </testcase>
        <testcase classname="test/security/SecurityTests.spec.ts" name="Security Tests for Data Validation &gt; Range Validation Tests &gt; should handle type coercion safely in checkValidRange" time="0.000146125">
        </testcase>
        <testcase classname="test/security/SecurityTests.spec.ts" name="Security Tests for Data Validation &gt; Range Validation Tests &gt; should handle invalid range patterns safely" time="0.000119417">
        </testcase>
        <testcase classname="test/security/SecurityTests.spec.ts" name="Security Tests for Data Validation &gt; ValidationService Security Tests &gt; should handle score validation safely with edge cases" time="0.000255833">
        </testcase>
        <testcase classname="test/security/SecurityTests.spec.ts" name="Security Tests for Data Validation &gt; ValidationService Security Tests &gt; should handle audio validation safely with edge cases" time="0.000219834">
        </testcase>
        <testcase classname="test/security/SecurityTests.spec.ts" name="Security Tests for Data Validation &gt; ValidationService Security Tests &gt; should handle language validation safely with edge cases" time="0.00014025">
        </testcase>
        <testcase classname="test/security/SecurityTests.spec.ts" name="Security Tests for Data Validation &gt; Memoization Security Tests &gt; should handle memoization cache key collisions safely" time="0.000154667">
        </testcase>
        <testcase classname="test/security/SecurityTests.spec.ts" name="Security Tests for Data Validation &gt; Memoization Security Tests &gt; should not leak sensitive information through memoization" time="0.000334666">
        </testcase>
    </testsuite>
    <testsuite name="test/services/ErrorHandlingService.spec.ts" timestamp="2025-05-05T03:31:08.078Z" hostname="jonathans-macbook-pro-2.mara-rohu.ts.net" tests="16" failures="0" errors="0" skipped="0" time="0.010428">
        <testcase classname="test/services/ErrorHandlingService.spec.ts" name="ErrorHandlingService &gt; Factory Function &gt; should create an instance of ErrorHandlingService" time="0.000846417">
        </testcase>
        <testcase classname="test/services/ErrorHandlingService.spec.ts" name="ErrorHandlingService &gt; lastErrorCode &gt; should have &apos;0&apos; as the default last error code" time="0.000157542">
        </testcase>
        <testcase classname="test/services/ErrorHandlingService.spec.ts" name="ErrorHandlingService &gt; lastErrorCode &gt; should update the last error code when setter is called" time="0.000287208">
        </testcase>
        <testcase classname="test/services/ErrorHandlingService.spec.ts" name="ErrorHandlingService &gt; throwSCORMError &gt; should set the last error code to the error number" time="0.000726666">
            <system-out>
SCORM Error 101: Error message [Element: api]

            </system-out>
        </testcase>
        <testcase classname="test/services/ErrorHandlingService.spec.ts" name="ErrorHandlingService &gt; throwSCORMError &gt; should call apiLog with the error message" time="0.000578834">
            <system-out>
SCORM Error 101: Error message [Element: api]

            </system-out>
        </testcase>
        <testcase classname="test/services/ErrorHandlingService.spec.ts" name="ErrorHandlingService &gt; throwSCORMError &gt; should use the provided message if available" time="0.000201917">
            <system-out>
SCORM Error 101: Custom error message [Element: api]

            </system-out>
        </testcase>
        <testcase classname="test/services/ErrorHandlingService.spec.ts" name="ErrorHandlingService &gt; throwSCORMError &gt; should get the error message from getLmsErrorMessageDetails if no message is provided" time="0.000206875">
            <system-out>
SCORM Error 101: Error message [Element: api]

            </system-out>
        </testcase>
        <testcase classname="test/services/ErrorHandlingService.spec.ts" name="ErrorHandlingService &gt; clearSCORMError &gt; should clear the last error code if success is not SCORM_FALSE" time="0.0000725">
        </testcase>
        <testcase classname="test/services/ErrorHandlingService.spec.ts" name="ErrorHandlingService &gt; clearSCORMError &gt; should not clear the last error code if success is SCORM_FALSE" time="0.000121583">
        </testcase>
        <testcase classname="test/services/ErrorHandlingService.spec.ts" name="ErrorHandlingService &gt; clearSCORMError &gt; should not clear the last error code if success is undefined" time="0.000071667">
        </testcase>
        <testcase classname="test/services/ErrorHandlingService.spec.ts" name="ErrorHandlingService &gt; handleValueAccessException &gt; should set the last error code from ValidationError" time="0.00014525">
        </testcase>
        <testcase classname="test/services/ErrorHandlingService.spec.ts" name="ErrorHandlingService &gt; handleValueAccessException &gt; should log the error message for Error instances" time="0.005049583">
            <system-out>
Error: General error [Element: api]
Error: General error
    at /Users/putneyj/git/scorm-again/test/services/ErrorHandlingService.spec.ts:141:21
    at file:///Users/putneyj/git/scorm-again/node_modules/@vitest/runner/dist/index.js:103:11
    at file:///Users/putneyj/git/scorm-again/node_modules/@vitest/runner/dist/index.js:596:26
    at file:///Users/putneyj/git/scorm-again/node_modules/@vitest/runner/dist/index.js:879:20
    at new Promise (&lt;anonymous&gt;)
    at runWithTimeout (file:///Users/putneyj/git/scorm-again/node_modules/@vitest/runner/dist/index.js:852:10)
    at runTest (file:///Users/putneyj/git/scorm-again/node_modules/@vitest/runner/dist/index.js:1360:12)
    at processTicksAndRejections (node:internal/process/task_queues:95:5)
    at runSuite (file:///Users/putneyj/git/scorm-again/node_modules/@vitest/runner/dist/index.js:1507:8)
    at runSuite (file:///Users/putneyj/git/scorm-again/node_modules/@vitest/runner/dist/index.js:1507:8)
SCORM Error 101: Error: General error [Element: api]

            </system-out>
        </testcase>
        <testcase classname="test/services/ErrorHandlingService.spec.ts" name="ErrorHandlingService &gt; handleValueAccessException &gt; should log the error for non-Error instances" time="0.000354583">
            <system-out>
Unknown error occurred while accessing [Element: api]
Error details: &quot;String error&quot;
SCORM Error 101: Unknown error [Element: api]

            </system-out>
        </testcase>
        <testcase classname="test/services/ErrorHandlingService.spec.ts" name="ErrorHandlingService &gt; handleValueAccessException &gt; should call throwSCORMError with GENERAL error code for non-ValidationError instances" time="0.000578792">
            <system-out>
Error: General error [Element: api]
Error: General error
    at /Users/putneyj/git/scorm-again/test/services/ErrorHandlingService.spec.ts:155:21
    at file:///Users/putneyj/git/scorm-again/node_modules/@vitest/runner/dist/index.js:103:11
    at file:///Users/putneyj/git/scorm-again/node_modules/@vitest/runner/dist/index.js:596:26
    at file:///Users/putneyj/git/scorm-again/node_modules/@vitest/runner/dist/index.js:879:20
    at new Promise (&lt;anonymous&gt;)
    at runWithTimeout (file:///Users/putneyj/git/scorm-again/node_modules/@vitest/runner/dist/index.js:852:10)
    at runTest (file:///Users/putneyj/git/scorm-again/node_modules/@vitest/runner/dist/index.js:1360:12)
    at processTicksAndRejections (node:internal/process/task_queues:95:5)
    at runSuite (file:///Users/putneyj/git/scorm-again/node_modules/@vitest/runner/dist/index.js:1507:8)
    at runSuite (file:///Users/putneyj/git/scorm-again/node_modules/@vitest/runner/dist/index.js:1507:8)
SCORM Error 101: Error: General error [Element: api]

            </system-out>
        </testcase>
        <testcase classname="test/services/ErrorHandlingService.spec.ts" name="ErrorHandlingService &gt; handleValueAccessException &gt; should return the provided return value for non-ValidationError instances" time="0.000283958">
            <system-out>
Error: General error [Element: api]
Error: General error
    at /Users/putneyj/git/scorm-again/test/services/ErrorHandlingService.spec.ts:169:21
    at file:///Users/putneyj/git/scorm-again/node_modules/@vitest/runner/dist/index.js:103:11
    at file:///Users/putneyj/git/scorm-again/node_modules/@vitest/runner/dist/index.js:596:26
    at file:///Users/putneyj/git/scorm-again/node_modules/@vitest/runner/dist/index.js:879:20
    at new Promise (&lt;anonymous&gt;)
    at runWithTimeout (file:///Users/putneyj/git/scorm-again/node_modules/@vitest/runner/dist/index.js:852:10)
    at runTest (file:///Users/putneyj/git/scorm-again/node_modules/@vitest/runner/dist/index.js:1360:12)
    at processTicksAndRejections (node:internal/process/task_queues:95:5)
    at runSuite (file:///Users/putneyj/git/scorm-again/node_modules/@vitest/runner/dist/index.js:1507:8)
    at runSuite (file:///Users/putneyj/git/scorm-again/node_modules/@vitest/runner/dist/index.js:1507:8)
SCORM Error 101: Error: General error [Element: api]

            </system-out>
        </testcase>
        <testcase classname="test/services/ErrorHandlingService.spec.ts" name="ErrorHandlingService &gt; errorCodes &gt; should return the error codes object" time="0.000072125">
        </testcase>
    </testsuite>
    <testsuite name="test/services/EventService.spec.ts" timestamp="2025-05-05T03:31:08.079Z" hostname="jonathans-macbook-pro-2.mara-rohu.ts.net" tests="19" failures="0" errors="0" skipped="0" time="0.014016333">
        <testcase classname="test/services/EventService.spec.ts" name="EventService &gt; Basic Event Registration and Triggering &gt; should register and trigger a simple event listener" time="0.010225916">
        </testcase>
        <testcase classname="test/services/EventService.spec.ts" name="EventService &gt; Basic Event Registration and Triggering &gt; should register and trigger multiple event listeners for the same event" time="0.00022725">
        </testcase>
        <testcase classname="test/services/EventService.spec.ts" name="EventService &gt; Basic Event Registration and Triggering &gt; should register and trigger event listeners with CMI element filtering" time="0.00075175">
        </testcase>
        <testcase classname="test/services/EventService.spec.ts" name="EventService &gt; Event Removal &gt; should remove a specific event listener" time="0.000312416">
        </testcase>
        <testcase classname="test/services/EventService.spec.ts" name="EventService &gt; Event Removal &gt; should clear all listeners for a specific event" time="0.000189417">
        </testcase>
        <testcase classname="test/services/EventService.spec.ts" name="EventService &gt; Event Removal &gt; should only remove the specified listener when multiple exist" time="0.000152375">
        </testcase>
        <testcase classname="test/services/EventService.spec.ts" name="EventService &gt; Wildcard Event Matching &gt; should match events with wildcard patterns" time="0.00019075">
        </testcase>
        <testcase classname="test/services/EventService.spec.ts" name="EventService &gt; Wildcard Event Matching &gt; should not match events that don&apos;t match the wildcard pattern" time="0.000125583">
        </testcase>
        <testcase classname="test/services/EventService.spec.ts" name="EventService &gt; Wildcard Event Matching &gt; should handle wildcard patterns at different positions" time="0.000144333">
        </testcase>
        <testcase classname="test/services/EventService.spec.ts" name="EventService &gt; Multiple Event Registration &gt; should register multiple events in a single call" time="0.000094209">
        </testcase>
        <testcase classname="test/services/EventService.spec.ts" name="EventService &gt; Multiple Event Registration &gt; should handle removal of multiple events registered in a single call" time="0.000072542">
        </testcase>
        <testcase classname="test/services/EventService.spec.ts" name="EventService &gt; Special Event Types &gt; should handle Sequence events correctly" time="0.000132916">
        </testcase>
        <testcase classname="test/services/EventService.spec.ts" name="EventService &gt; Special Event Types &gt; should handle CommitError events correctly" time="0.000141833">
        </testcase>
        <testcase classname="test/services/EventService.spec.ts" name="EventService &gt; Special Event Types &gt; should handle CommitSuccess events correctly" time="0.000224583">
        </testcase>
        <testcase classname="test/services/EventService.spec.ts" name="EventService &gt; Edge Cases &gt; should handle empty event names gracefully" time="0.000060916">
        </testcase>
        <testcase classname="test/services/EventService.spec.ts" name="EventService &gt; Edge Cases &gt; should handle null callbacks gracefully" time="0.000040417">
        </testcase>
        <testcase classname="test/services/EventService.spec.ts" name="EventService &gt; Edge Cases &gt; should handle undefined CMI elements gracefully" time="0.000086584">
        </testcase>
        <testcase classname="test/services/EventService.spec.ts" name="EventService &gt; Reset Functionality &gt; should clear all listeners when reset is called" time="0.000083667">
        </testcase>
        <testcase classname="test/services/EventService.spec.ts" name="EventService &gt; Reset Functionality &gt; should allow registering new listeners after reset" time="0.000078167">
        </testcase>
    </testsuite>
    <testsuite name="test/services/HttpService.spec.ts" timestamp="2025-05-05T03:31:08.079Z" hostname="jonathans-macbook-pro-2.mara-rohu.ts.net" tests="24" failures="0" errors="0" skipped="0" time="0.009009958">
        <testcase classname="test/services/HttpService.spec.ts" name="HttpService &gt; processHttpRequest &gt; should call fetch with the correct parameters" time="0.002061417">
        </testcase>
        <testcase classname="test/services/HttpService.spec.ts" name="HttpService &gt; processHttpRequest &gt; should handle immediate requests with fetch" time="0.0003775">
        </testcase>
        <testcase classname="test/services/HttpService.spec.ts" name="HttpService &gt; processHttpRequest &gt; should use sendBeacon for immediate requests when useBeaconInsteadOfFetch is &apos;on-terminate&apos;" time="0.00109875">
        </testcase>
        <testcase classname="test/services/HttpService.spec.ts" name="HttpService &gt; processHttpRequest &gt; should use sendBeacon for all requests when useBeaconInsteadOfFetch is &apos;always&apos;" time="0.000385541">
        </testcase>
        <testcase classname="test/services/HttpService.spec.ts" name="HttpService &gt; processHttpRequest &gt; should handle array params with sendBeacon" time="0.000168667">
        </testcase>
        <testcase classname="test/services/HttpService.spec.ts" name="HttpService &gt; processHttpRequest &gt; should handle sendBeacon failure" time="0.000260375">
        </testcase>
        <testcase classname="test/services/HttpService.spec.ts" name="HttpService &gt; processHttpRequest &gt; should test the mock response json method from performBeacon" time="0.000239167">
        </testcase>
        <testcase classname="test/services/HttpService.spec.ts" name="HttpService &gt; processHttpRequest &gt; should test the mock response text method from performBeacon" time="0.000093291">
        </testcase>
        <testcase classname="test/services/HttpService.spec.ts" name="HttpService &gt; processHttpRequest &gt; should test the mock response json method from performBeacon when sendBeacon fails" time="0.000164541">
        </testcase>
        <testcase classname="test/services/HttpService.spec.ts" name="HttpService &gt; processHttpRequest &gt; should test the mock response text method from performBeacon when sendBeacon fails" time="0.000096917">
        </testcase>
        <testcase classname="test/services/HttpService.spec.ts" name="HttpService &gt; processHttpRequest &gt; should call requestHandler with params" time="0.000337959">
        </testcase>
        <testcase classname="test/services/HttpService.spec.ts" name="HttpService &gt; processHttpRequest &gt; should call responseHandler with response" time="0.000179667">
        </testcase>
        <testcase classname="test/services/HttpService.spec.ts" name="HttpService &gt; processHttpRequest &gt; should call processListeners with CommitSuccess on successful response" time="0.00019525">
        </testcase>
        <testcase classname="test/services/HttpService.spec.ts" name="HttpService &gt; processHttpRequest &gt; should call processListeners with CommitError on failed response" time="0.000309667">
        </testcase>
        <testcase classname="test/services/HttpService.spec.ts" name="HttpService &gt; processHttpRequest &gt; should add errorCode when response doesn&apos;t have one but is successful" time="0.00025125">
        </testcase>
        <testcase classname="test/services/HttpService.spec.ts" name="HttpService &gt; processHttpRequest &gt; should add errorCode when response doesn&apos;t have one and is not successful" time="0.00019525">
        </testcase>
        <testcase classname="test/services/HttpService.spec.ts" name="HttpService &gt; processHttpRequest &gt; should handle response without result property" time="0.00034975">
        </testcase>
        <testcase classname="test/services/HttpService.spec.ts" name="HttpService &gt; processHttpRequest &gt; should handle when responseHandler is not a function" time="0.00028475">
        </testcase>
        <testcase classname="test/services/HttpService.spec.ts" name="HttpService &gt; processHttpRequest &gt; should handle fetch errors" time="0.000229917">
        </testcase>
        <testcase classname="test/services/HttpService.spec.ts" name="HttpService &gt; processHttpRequest &gt; should handle array params" time="0.000219875">
        </testcase>
        <testcase classname="test/services/HttpService.spec.ts" name="HttpService &gt; processHttpRequest &gt; should handle response parsing errors" time="0.000204209">
        </testcase>
        <testcase classname="test/services/HttpService.spec.ts" name="HttpService &gt; processHttpRequest &gt; should handle different content types in the request" time="0.000173334">
        </testcase>
        <testcase classname="test/services/HttpService.spec.ts" name="HttpService &gt; processHttpRequest &gt; should test _isSuccessResponse with different status codes" time="0.000123042">
        </testcase>
        <testcase classname="test/services/HttpService.spec.ts" name="HttpService &gt; updateSettings &gt; should update the settings" time="0.000185333">
        </testcase>
    </testsuite>
    <testsuite name="test/services/LoggingService.spec.ts" timestamp="2025-05-05T03:31:08.080Z" hostname="jonathans-macbook-pro-2.mara-rohu.ts.net" tests="21" failures="0" errors="0" skipped="0" time="0.005715084">
        <testcase classname="test/services/LoggingService.spec.ts" name="LoggingService &gt; Singleton Pattern &gt; should always return the same instance" time="0.000989916">
        </testcase>
        <testcase classname="test/services/LoggingService.spec.ts" name="LoggingService &gt; Log Level Management &gt; should have ERROR as the default log level" time="0.000253792">
        </testcase>
        <testcase classname="test/services/LoggingService.spec.ts" name="LoggingService &gt; Log Level Management &gt; should update the log level when setLogLevel is called" time="0.000254625">
        </testcase>
        <testcase classname="test/services/LoggingService.spec.ts" name="LoggingService &gt; Log Handler Management &gt; should use the default log handler by default" time="0.000668625">
        </testcase>
        <testcase classname="test/services/LoggingService.spec.ts" name="LoggingService &gt; Log Handler Management &gt; should use a custom log handler when set" time="0.000242292">
        </testcase>
        <testcase classname="test/services/LoggingService.spec.ts" name="LoggingService &gt; Logging Methods &gt; should call log method with correct parameters" time="0.000291625">
        </testcase>
        <testcase classname="test/services/LoggingService.spec.ts" name="LoggingService &gt; Logging Methods &gt; should call console.error when logging error messages" time="0.000179917">
        </testcase>
        <testcase classname="test/services/LoggingService.spec.ts" name="LoggingService &gt; Logging Methods &gt; should not log messages below the current log level" time="0.00009675">
        </testcase>
        <testcase classname="test/services/LoggingService.spec.ts" name="LoggingService &gt; Logging Methods &gt; should log messages at or above the current log level" time="0.000221958">
        </testcase>
        <testcase classname="test/services/LoggingService.spec.ts" name="LoggingService &gt; Default Log Handler &gt; should call console.error for ERROR level messages" time="0.000176291">
        </testcase>
        <testcase classname="test/services/LoggingService.spec.ts" name="LoggingService &gt; Default Log Handler &gt; should call console.warn for WARN level messages" time="0.000104833">
        </testcase>
        <testcase classname="test/services/LoggingService.spec.ts" name="LoggingService &gt; Default Log Handler &gt; should call console.info for INFO level messages" time="0.000099917">
        </testcase>
        <testcase classname="test/services/LoggingService.spec.ts" name="LoggingService &gt; Default Log Handler &gt; should call console.debug for DEBUG level messages if available" time="0.000143">
        </testcase>
        <testcase classname="test/services/LoggingService.spec.ts" name="LoggingService &gt; Default Log Handler &gt; should call console.log for DEBUG level messages if console.debug is not available" time="0.000265334">
        </testcase>
        <testcase classname="test/services/LoggingService.spec.ts" name="LoggingService &gt; Default Log Handler &gt; should handle string log levels in the default handler" time="0.000145375">
        </testcase>
        <testcase classname="test/services/LoggingService.spec.ts" name="LoggingService &gt; Default Log Handler &gt; should handle numeric string log levels in the default handler" time="0.000216375">
        </testcase>
        <testcase classname="test/services/LoggingService.spec.ts" name="LoggingService &gt; Numeric Level Conversion &gt; should return NONE for undefined level" time="0.000093875">
        </testcase>
        <testcase classname="test/services/LoggingService.spec.ts" name="LoggingService &gt; Numeric Level Conversion &gt; should return the same number for numeric levels" time="0.000119166">
        </testcase>
        <testcase classname="test/services/LoggingService.spec.ts" name="LoggingService &gt; Numeric Level Conversion &gt; should convert string numeric levels to numbers" time="0.000120541">
        </testcase>
        <testcase classname="test/services/LoggingService.spec.ts" name="LoggingService &gt; Numeric Level Conversion &gt; should convert string named levels to numbers" time="0.0001565">
        </testcase>
        <testcase classname="test/services/LoggingService.spec.ts" name="LoggingService &gt; Numeric Level Conversion &gt; should default to ERROR for unknown levels" time="0.000118375">
        </testcase>
    </testsuite>
    <testsuite name="test/services/OfflineStorageService.spec.ts" timestamp="2025-05-05T03:31:08.081Z" hostname="jonathans-macbook-pro-2.mara-rohu.ts.net" tests="27" failures="0" errors="0" skipped="0" time="0.007100375">
        <testcase classname="test/services/OfflineStorageService.spec.ts" name="OfflineStorageService Tests &gt; constructor &gt; should initialize with the provided settings and error codes" time="0.000620166">
        </testcase>
        <testcase classname="test/services/OfflineStorageService.spec.ts" name="OfflineStorageService Tests &gt; constructor &gt; should set up event listeners for online/offline events" time="0.000987">
        </testcase>
        <testcase classname="test/services/OfflineStorageService.spec.ts" name="OfflineStorageService Tests &gt; isDeviceOnline &gt; should return true when device is online" time="0.000148041">
        </testcase>
        <testcase classname="test/services/OfflineStorageService.spec.ts" name="OfflineStorageService Tests &gt; isDeviceOnline &gt; should return false when device is offline" time="0.000126333">
        </testcase>
        <testcase classname="test/services/OfflineStorageService.spec.ts" name="OfflineStorageService Tests &gt; storeOffline &gt; should store data offline and return success" time="0.000389208">
        </testcase>
        <testcase classname="test/services/OfflineStorageService.spec.ts" name="OfflineStorageService Tests &gt; storeOffline &gt; should handle errors during storage" time="0.000274458">
        </testcase>
        <testcase classname="test/services/OfflineStorageService.spec.ts" name="OfflineStorageService Tests &gt; getOfflineData &gt; should retrieve stored offline data" time="0.00027125">
        </testcase>
        <testcase classname="test/services/OfflineStorageService.spec.ts" name="OfflineStorageService Tests &gt; getOfflineData &gt; should return null when no data exists" time="0.00008675">
        </testcase>
        <testcase classname="test/services/OfflineStorageService.spec.ts" name="OfflineStorageService Tests &gt; getOfflineData &gt; should handle errors during retrieval" time="0.000196041">
        </testcase>
        <testcase classname="test/services/OfflineStorageService.spec.ts" name="OfflineStorageService Tests &gt; hasPendingOfflineData &gt; should return true when there is pending data for the course" time="0.00015475">
        </testcase>
        <testcase classname="test/services/OfflineStorageService.spec.ts" name="OfflineStorageService Tests &gt; hasPendingOfflineData &gt; should return false when there is no pending data for the course" time="0.000064792">
        </testcase>
        <testcase classname="test/services/OfflineStorageService.spec.ts" name="OfflineStorageService Tests &gt; syncOfflineData &gt; should not sync when already in progress" time="0.000146916">
        </testcase>
        <testcase classname="test/services/OfflineStorageService.spec.ts" name="OfflineStorageService Tests &gt; syncOfflineData &gt; should not sync when offline" time="0.000061625">
        </testcase>
        <testcase classname="test/services/OfflineStorageService.spec.ts" name="OfflineStorageService Tests &gt; syncOfflineData &gt; should return true when there is no data to sync" time="0.000171208">
        </testcase>
        <testcase classname="test/services/OfflineStorageService.spec.ts" name="OfflineStorageService Tests &gt; syncOfflineData &gt; should successfully sync offline data" time="0.000567958">
        </testcase>
        <testcase classname="test/services/OfflineStorageService.spec.ts" name="OfflineStorageService Tests &gt; syncOfflineData &gt; should handle sync failures and increment attempt count" time="0.000211291">
        </testcase>
        <testcase classname="test/services/OfflineStorageService.spec.ts" name="OfflineStorageService Tests &gt; syncOfflineData &gt; should skip items that have been attempted too many times" time="0.000155625">
        </testcase>
        <testcase classname="test/services/OfflineStorageService.spec.ts" name="OfflineStorageService Tests &gt; syncOfflineData &gt; should handle errors during the sync process" time="0.000085792">
        </testcase>
        <testcase classname="test/services/OfflineStorageService.spec.ts" name="OfflineStorageService Tests &gt; updateSettings &gt; should update the service settings" time="0.000070458">
        </testcase>
        <testcase classname="test/services/OfflineStorageService.spec.ts" name="OfflineStorageService Tests &gt; handleOnlineStatusChange &gt; should trigger sync when coming back online" time="0.000520458">
        </testcase>
        <testcase classname="test/services/OfflineStorageService.spec.ts" name="OfflineStorageService Tests &gt; handleOnlineStatusChange &gt; should log when going offline" time="0.000149583">
        </testcase>
        <testcase classname="test/services/OfflineStorageService.spec.ts" name="OfflineStorageService Tests &gt; private methods &gt; sendDataToLMS &gt; should fail when lmsCommitUrl is not set" time="0.000063625">
        </testcase>
        <testcase classname="test/services/OfflineStorageService.spec.ts" name="OfflineStorageService Tests &gt; private methods &gt; sendDataToLMS &gt; should handle network errors" time="0.0000945">
        </testcase>
        <testcase classname="test/services/OfflineStorageService.spec.ts" name="OfflineStorageService Tests &gt; private methods &gt; sendDataToLMS &gt; should apply request handler if configured" time="0.000243042">
        </testcase>
        <testcase classname="test/services/OfflineStorageService.spec.ts" name="OfflineStorageService Tests &gt; private methods &gt; sendDataToLMS &gt; should use response handler if configured" time="0.000098875">
        </testcase>
        <testcase classname="test/services/OfflineStorageService.spec.ts" name="OfflineStorageService Tests &gt; private methods &gt; getFromStorage and saveToStorage &gt; should save and retrieve data from localStorage" time="0.000076541">
        </testcase>
        <testcase classname="test/services/OfflineStorageService.spec.ts" name="OfflineStorageService Tests &gt; private methods &gt; getFromStorage and saveToStorage &gt; should handle JSON parse errors in getFromStorage" time="0.000051542">
        </testcase>
    </testsuite>
    <testsuite name="test/services/SerializationService.spec.ts" timestamp="2025-05-05T03:31:08.082Z" hostname="jonathans-macbook-pro-2.mara-rohu.ts.net" tests="11" failures="0" errors="0" skipped="0" time="0.014814625">
        <testcase classname="test/services/SerializationService.spec.ts" name="SerializationService &gt; loadFromFlattenedJSON &gt; should call loadFromJSON with unflatten for each key-value pair" time="0.011601083">
        </testcase>
        <testcase classname="test/services/SerializationService.spec.ts" name="SerializationService &gt; loadFromFlattenedJSON &gt; should not proceed if not initialized" time="0.00073825">
        </testcase>
        <testcase classname="test/services/SerializationService.spec.ts" name="SerializationService &gt; loadFromJSON &gt; should process JSON object" time="0.000309916">
        </testcase>
        <testcase classname="test/services/SerializationService.spec.ts" name="SerializationService &gt; loadFromJSON &gt; should not proceed if not initialized" time="0.000232">
        </testcase>
        <testcase classname="test/services/SerializationService.spec.ts" name="SerializationService &gt; loadFromJSON &gt; should handle array values in JSON" time="0.000311375">
        </testcase>
        <testcase classname="test/services/SerializationService.spec.ts" name="SerializationService &gt; renderCMIToJSONString &gt; should return full JSON string when sendFullCommit is true" time="0.00015725">
        </testcase>
        <testcase classname="test/services/SerializationService.spec.ts" name="SerializationService &gt; renderCMIToJSONString &gt; should replace undefined values with null when sendFullCommit is false" time="0.000069791">
        </testcase>
        <testcase classname="test/services/SerializationService.spec.ts" name="SerializationService &gt; renderCMIToJSONObject &gt; should return a JSON object representation of the CMI" time="0.000306208">
        </testcase>
        <testcase classname="test/services/SerializationService.spec.ts" name="SerializationService &gt; getCommitObject &gt; should call renderCommitObject when renderCommonCommitFields is true" time="0.000200208">
        </testcase>
        <testcase classname="test/services/SerializationService.spec.ts" name="SerializationService &gt; getCommitObject &gt; should call renderCommitCMI when renderCommonCommitFields is false" time="0.000201708">
        </testcase>
        <testcase classname="test/services/SerializationService.spec.ts" name="SerializationService &gt; getCommitObject &gt; should log debug information when log level is DEBUG" time="0.000079708">
        </testcase>
    </testsuite>
    <testsuite name="test/services/SerializationService.totalTime.spec.ts" timestamp="2025-05-05T03:31:08.083Z" hostname="jonathans-macbook-pro-2.mara-rohu.ts.net" tests="2" failures="0" errors="0" skipped="0" time="0.001931959">
        <testcase classname="test/services/SerializationService.totalTime.spec.ts" name="SerializationService - Total Time Calculation &gt; should treat alwaysSendTotalTime as a flag to include total time in commit data" time="0.001256125">
        </testcase>
        <testcase classname="test/services/SerializationService.totalTime.spec.ts" name="SerializationService - Total Time Calculation &gt; should separate the concerns of including total time and terminating the session" time="0.000182417">
        </testcase>
    </testsuite>
    <testsuite name="test/services/ValidationService.spec.ts" timestamp="2025-05-05T03:31:08.083Z" hostname="jonathans-macbook-pro-2.mara-rohu.ts.net" tests="13" failures="0" errors="0" skipped="0" time="0.003862417">
        <testcase classname="test/services/ValidationService.spec.ts" name="ValidationService &gt; validateScore &gt; should return true for valid score values" time="0.001199625">
        </testcase>
        <testcase classname="test/services/ValidationService.spec.ts" name="ValidationService &gt; validateScore &gt; should throw an error for invalid score format" time="0.000453333">
        </testcase>
        <testcase classname="test/services/ValidationService.spec.ts" name="ValidationService &gt; validateScorm12Audio &gt; should return true for valid audio values" time="0.000178833">
        </testcase>
        <testcase classname="test/services/ValidationService.spec.ts" name="ValidationService &gt; validateScorm12Audio &gt; should throw an error for invalid audio values" time="0.000170125">
        </testcase>
        <testcase classname="test/services/ValidationService.spec.ts" name="ValidationService &gt; validateScorm12Language &gt; should return true for valid language values" time="0.000051916">
        </testcase>
        <testcase classname="test/services/ValidationService.spec.ts" name="ValidationService &gt; validateScorm12Language &gt; should throw an error for invalid language values" time="0.000084">
        </testcase>
        <testcase classname="test/services/ValidationService.spec.ts" name="ValidationService &gt; validateScorm12Speed &gt; should return true for valid speed values" time="0.00004625">
        </testcase>
        <testcase classname="test/services/ValidationService.spec.ts" name="ValidationService &gt; validateScorm12Speed &gt; should throw an error for invalid speed values" time="0.000135">
        </testcase>
        <testcase classname="test/services/ValidationService.spec.ts" name="ValidationService &gt; validateScorm12Text &gt; should return true for valid text values" time="0.0000885">
        </testcase>
        <testcase classname="test/services/ValidationService.spec.ts" name="ValidationService &gt; validateScorm12Text &gt; should throw an error for invalid text values" time="0.000155041">
        </testcase>
        <testcase classname="test/services/ValidationService.spec.ts" name="ValidationService &gt; validateReadOnly &gt; should not throw an error when initialized is false" time="0.00006325">
        </testcase>
        <testcase classname="test/services/ValidationService.spec.ts" name="ValidationService &gt; validateReadOnly &gt; should throw a Scorm12ValidationError when initialized is true" time="0.000110542">
        </testcase>
        <testcase classname="test/services/ValidationService.spec.ts" name="ValidationService &gt; Singleton Instance &gt; should export a singleton instance of ValidationService" time="0.00005825">
        </testcase>
    </testsuite>
    <testsuite name="test/types/api_types.spec.ts" timestamp="2025-05-05T03:31:08.083Z" hostname="jonathans-macbook-pro-2.mara-rohu.ts.net" tests="4" failures="0" errors="0" skipped="0" time="0.004830125">
        <testcase classname="test/types/api_types.spec.ts" name="Settings Type &gt; should have correct default values" time="0.00090725">
        </testcase>
        <testcase classname="test/types/api_types.spec.ts" name="Settings Type &gt; should handle response correctly in responseHandler" time="0.001463167">
        </testcase>
        <testcase classname="test/types/api_types.spec.ts" name="Settings Type &gt; should handle request correctly in requestHandler" time="0.000068333">
        </testcase>
        <testcase classname="test/types/api_types.spec.ts" name="Settings Type &gt; should log messages correctly in onLogMessage" time="0.001841167">
            <system-out>
2 message - number
2 message - number
2 message - string
INFO message - string
1 message - number
1 message - number
1 message - string
DEBUG message - string

            </system-out>
            <system-err>
4 message - number
4 message - number
4 message - string
ERROR message - string
3 message - number
3 message - number
3 message - string
WARN message - string

            </system-err>
        </testcase>
    </testsuite>
    <testsuite name="test/utils/exceptions.spec.ts" timestamp="2025-05-05T03:31:08.084Z" hostname="jonathans-macbook-pro-2.mara-rohu.ts.net" tests="108" failures="0" errors="0" skipped="0" time="0.005223125">
        <testcase classname="test/utils/exceptions.spec.ts" name="Exception Tests &gt; ValidationException should return message string" time="0.000888958">
        </testcase>
        <testcase classname="test/utils/exceptions.spec.ts" name="Exception Tests &gt; ValidationException should return errorCode number" time="0.000116125">
        </testcase>
        <testcase classname="test/utils/exceptions.spec.ts" name="Exception Tests &gt; ValidationError: function &gt; function should return general errorCode number when not recognized" time="0.000090416">
        </testcase>
        <testcase classname="test/utils/exceptions.spec.ts" name="Exception Tests &gt; ValidationError: function &gt; function  should return general message when not recognized" time="0.000122833">
        </testcase>
        <testcase classname="test/utils/exceptions.spec.ts" name="Exception Tests &gt; ValidationError: function &gt; function should return proper errorCode number when recognized" time="0.000056916">
        </testcase>
        <testcase classname="test/utils/exceptions.spec.ts" name="Exception Tests &gt; ValidationError: function &gt; function should return proper 101 message" time="0.000041375">
        </testcase>
        <testcase classname="test/utils/exceptions.spec.ts" name="Exception Tests &gt; ValidationError: function &gt; function should return proper errorCode number when recognized" time="0.000035458">
        </testcase>
        <testcase classname="test/utils/exceptions.spec.ts" name="Exception Tests &gt; ValidationError: function &gt; function should return proper 201 message" time="0.000030125">
        </testcase>
        <testcase classname="test/utils/exceptions.spec.ts" name="Exception Tests &gt; ValidationError: function &gt; function should return proper errorCode number when recognized" time="0.000110917">
        </testcase>
        <testcase classname="test/utils/exceptions.spec.ts" name="Exception Tests &gt; ValidationError: function &gt; function should return proper 202 message" time="0.000057209">
        </testcase>
        <testcase classname="test/utils/exceptions.spec.ts" name="Exception Tests &gt; ValidationError: function &gt; function should return proper errorCode number when recognized" time="0.0000395">
        </testcase>
        <testcase classname="test/utils/exceptions.spec.ts" name="Exception Tests &gt; ValidationError: function &gt; function should return proper 203 message" time="0.000034125">
        </testcase>
        <testcase classname="test/utils/exceptions.spec.ts" name="Exception Tests &gt; ValidationError: function &gt; function should return proper errorCode number when recognized" time="0.000026708">
        </testcase>
        <testcase classname="test/utils/exceptions.spec.ts" name="Exception Tests &gt; ValidationError: function &gt; function should return proper 301 message" time="0.000177625">
        </testcase>
        <testcase classname="test/utils/exceptions.spec.ts" name="Exception Tests &gt; ValidationError: function &gt; function should return proper errorCode number when recognized" time="0.000047334">
        </testcase>
        <testcase classname="test/utils/exceptions.spec.ts" name="Exception Tests &gt; ValidationError: function &gt; function should return proper 401 message" time="0.000031458">
        </testcase>
        <testcase classname="test/utils/exceptions.spec.ts" name="Exception Tests &gt; ValidationError: function &gt; function should return proper errorCode number when recognized" time="0.000026875">
        </testcase>
        <testcase classname="test/utils/exceptions.spec.ts" name="Exception Tests &gt; ValidationError: function &gt; function should return proper 402 message" time="0.0000235">
        </testcase>
        <testcase classname="test/utils/exceptions.spec.ts" name="Exception Tests &gt; ValidationError: function &gt; function should return proper errorCode number when recognized" time="0.00002375">
        </testcase>
        <testcase classname="test/utils/exceptions.spec.ts" name="Exception Tests &gt; ValidationError: function &gt; function should return proper 403 message" time="0.000025583">
        </testcase>
        <testcase classname="test/utils/exceptions.spec.ts" name="Exception Tests &gt; ValidationError: function &gt; function should return proper errorCode number when recognized" time="0.000056833">
        </testcase>
        <testcase classname="test/utils/exceptions.spec.ts" name="Exception Tests &gt; ValidationError: function &gt; function should return proper 404 message" time="0.000024459">
        </testcase>
        <testcase classname="test/utils/exceptions.spec.ts" name="Exception Tests &gt; ValidationError: function &gt; function should return proper errorCode number when recognized" time="0.000024541">
        </testcase>
        <testcase classname="test/utils/exceptions.spec.ts" name="Exception Tests &gt; ValidationError: function &gt; function should return proper 405 message" time="0.000024417">
        </testcase>
        <testcase classname="test/utils/exceptions.spec.ts" name="Exception Tests &gt; ValidationError: function &gt; function should return proper errorCode number when recognized" time="0.000022542">
        </testcase>
        <testcase classname="test/utils/exceptions.spec.ts" name="Exception Tests &gt; ValidationError: function &gt; function should return proper 407 message" time="0.000022084">
        </testcase>
        <testcase classname="test/utils/exceptions.spec.ts" name="Exception Tests &gt; ValidationError: function &gt; function should return proper errorCode number when recognized" time="0.000021792">
        </testcase>
        <testcase classname="test/utils/exceptions.spec.ts" name="Exception Tests &gt; ValidationError: function &gt; function should return proper 408 message" time="0.000022792">
        </testcase>
        <testcase classname="test/utils/exceptions.spec.ts" name="Exception Tests &gt; ValidationError: function &gt; function should return general errorCode number when not recognized" time="0.000046583">
        </testcase>
        <testcase classname="test/utils/exceptions.spec.ts" name="Exception Tests &gt; ValidationError: function &gt; function  should return general message when not recognized" time="0.000024166">
        </testcase>
        <testcase classname="test/utils/exceptions.spec.ts" name="Exception Tests &gt; ValidationError: function &gt; function should return proper errorCode number when recognized" time="0.000024541">
        </testcase>
        <testcase classname="test/utils/exceptions.spec.ts" name="Exception Tests &gt; ValidationError: function &gt; function should return proper 101 message" time="0.000023042">
        </testcase>
        <testcase classname="test/utils/exceptions.spec.ts" name="Exception Tests &gt; ValidationError: function &gt; function should return proper errorCode number when recognized" time="0.000021792">
        </testcase>
        <testcase classname="test/utils/exceptions.spec.ts" name="Exception Tests &gt; ValidationError: function &gt; function should return proper 201 message" time="0.000021292">
        </testcase>
        <testcase classname="test/utils/exceptions.spec.ts" name="Exception Tests &gt; ValidationError: function &gt; function should return proper errorCode number when recognized" time="0.000021333">
        </testcase>
        <testcase classname="test/utils/exceptions.spec.ts" name="Exception Tests &gt; ValidationError: function &gt; function should return proper 202 message" time="0.000021">
        </testcase>
        <testcase classname="test/utils/exceptions.spec.ts" name="Exception Tests &gt; ValidationError: function &gt; function should return proper errorCode number when recognized" time="0.000020791">
        </testcase>
        <testcase classname="test/utils/exceptions.spec.ts" name="Exception Tests &gt; ValidationError: function &gt; function should return proper 203 message" time="0.000024083">
        </testcase>
        <testcase classname="test/utils/exceptions.spec.ts" name="Exception Tests &gt; ValidationError: function &gt; function should return proper errorCode number when recognized" time="0.000054458">
        </testcase>
        <testcase classname="test/utils/exceptions.spec.ts" name="Exception Tests &gt; ValidationError: function &gt; function should return proper 301 message" time="0.000026458">
        </testcase>
        <testcase classname="test/utils/exceptions.spec.ts" name="Exception Tests &gt; ValidationError: function &gt; function should return proper errorCode number when recognized" time="0.000026625">
        </testcase>
        <testcase classname="test/utils/exceptions.spec.ts" name="Exception Tests &gt; ValidationError: function &gt; function should return proper 401 message" time="0.000023084">
        </testcase>
        <testcase classname="test/utils/exceptions.spec.ts" name="Exception Tests &gt; ValidationError: function &gt; function should return proper errorCode number when recognized" time="0.000024667">
        </testcase>
        <testcase classname="test/utils/exceptions.spec.ts" name="Exception Tests &gt; ValidationError: function &gt; function should return proper 402 message" time="0.000022916">
        </testcase>
        <testcase classname="test/utils/exceptions.spec.ts" name="Exception Tests &gt; ValidationError: function &gt; function should return proper errorCode number when recognized" time="0.000022417">
        </testcase>
        <testcase classname="test/utils/exceptions.spec.ts" name="Exception Tests &gt; ValidationError: function &gt; function should return proper 403 message" time="0.000023959">
        </testcase>
        <testcase classname="test/utils/exceptions.spec.ts" name="Exception Tests &gt; ValidationError: function &gt; function should return proper errorCode number when recognized" time="0.000024583">
        </testcase>
        <testcase classname="test/utils/exceptions.spec.ts" name="Exception Tests &gt; ValidationError: function &gt; function should return proper 404 message" time="0.000022417">
        </testcase>
        <testcase classname="test/utils/exceptions.spec.ts" name="Exception Tests &gt; ValidationError: function &gt; function should return proper errorCode number when recognized" time="0.00002225">
        </testcase>
        <testcase classname="test/utils/exceptions.spec.ts" name="Exception Tests &gt; ValidationError: function &gt; function should return proper 405 message" time="0.000023584">
        </testcase>
        <testcase classname="test/utils/exceptions.spec.ts" name="Exception Tests &gt; ValidationError: function &gt; function should return proper errorCode number when recognized" time="0.000073792">
        </testcase>
        <testcase classname="test/utils/exceptions.spec.ts" name="Exception Tests &gt; ValidationError: function &gt; function should return proper 407 message" time="0.000027">
        </testcase>
        <testcase classname="test/utils/exceptions.spec.ts" name="Exception Tests &gt; ValidationError: function &gt; function should return proper errorCode number when recognized" time="0.000024458">
        </testcase>
        <testcase classname="test/utils/exceptions.spec.ts" name="Exception Tests &gt; ValidationError: function &gt; function should return proper 408 message" time="0.000022875">
        </testcase>
        <testcase classname="test/utils/exceptions.spec.ts" name="Exception Tests &gt; ValidationError: function &gt; function should return general errorCode number when not recognized" time="0.000046">
        </testcase>
        <testcase classname="test/utils/exceptions.spec.ts" name="Exception Tests &gt; ValidationError: function &gt; function  should return general message when not recognized" time="0.000024583">
        </testcase>
        <testcase classname="test/utils/exceptions.spec.ts" name="Exception Tests &gt; ValidationError: function &gt; function should return proper errorCode number when recognized" time="0.000024291">
        </testcase>
        <testcase classname="test/utils/exceptions.spec.ts" name="Exception Tests &gt; ValidationError: function &gt; function should return proper 0 message" time="0.000025833">
        </testcase>
        <testcase classname="test/utils/exceptions.spec.ts" name="Exception Tests &gt; ValidationError: function &gt; function should return proper errorCode number when recognized" time="0.00002375">
        </testcase>
        <testcase classname="test/utils/exceptions.spec.ts" name="Exception Tests &gt; ValidationError: function &gt; function should return proper 101 message" time="0.000022084">
        </testcase>
        <testcase classname="test/utils/exceptions.spec.ts" name="Exception Tests &gt; ValidationError: function &gt; function should return proper errorCode number when recognized" time="0.000024958">
        </testcase>
        <testcase classname="test/utils/exceptions.spec.ts" name="Exception Tests &gt; ValidationError: function &gt; function should return proper 102 message" time="0.000024541">
        </testcase>
        <testcase classname="test/utils/exceptions.spec.ts" name="Exception Tests &gt; ValidationError: function &gt; function should return proper errorCode number when recognized" time="0.00002225">
        </testcase>
        <testcase classname="test/utils/exceptions.spec.ts" name="Exception Tests &gt; ValidationError: function &gt; function should return proper 103 message" time="0.000023042">
        </testcase>
        <testcase classname="test/utils/exceptions.spec.ts" name="Exception Tests &gt; ValidationError: function &gt; function should return proper errorCode number when recognized" time="0.000022083">
        </testcase>
        <testcase classname="test/utils/exceptions.spec.ts" name="Exception Tests &gt; ValidationError: function &gt; function should return proper 104 message" time="0.000055667">
        </testcase>
        <testcase classname="test/utils/exceptions.spec.ts" name="Exception Tests &gt; ValidationError: function &gt; function should return proper errorCode number when recognized" time="0.000026">
        </testcase>
        <testcase classname="test/utils/exceptions.spec.ts" name="Exception Tests &gt; ValidationError: function &gt; function should return proper 111 message" time="0.000023166">
        </testcase>
        <testcase classname="test/utils/exceptions.spec.ts" name="Exception Tests &gt; ValidationError: function &gt; function should return proper errorCode number when recognized" time="0.0000225">
        </testcase>
        <testcase classname="test/utils/exceptions.spec.ts" name="Exception Tests &gt; ValidationError: function &gt; function should return proper 112 message" time="0.000021542">
        </testcase>
        <testcase classname="test/utils/exceptions.spec.ts" name="Exception Tests &gt; ValidationError: function &gt; function should return proper errorCode number when recognized" time="0.000022292">
        </testcase>
        <testcase classname="test/utils/exceptions.spec.ts" name="Exception Tests &gt; ValidationError: function &gt; function should return proper 113 message" time="0.00002325">
        </testcase>
        <testcase classname="test/utils/exceptions.spec.ts" name="Exception Tests &gt; ValidationError: function &gt; function should return proper errorCode number when recognized" time="0.000021708">
        </testcase>
        <testcase classname="test/utils/exceptions.spec.ts" name="Exception Tests &gt; ValidationError: function &gt; function should return proper 122 message" time="0.000022542">
        </testcase>
        <testcase classname="test/utils/exceptions.spec.ts" name="Exception Tests &gt; ValidationError: function &gt; function should return proper errorCode number when recognized" time="0.000022959">
        </testcase>
        <testcase classname="test/utils/exceptions.spec.ts" name="Exception Tests &gt; ValidationError: function &gt; function should return proper 123 message" time="0.000021875">
        </testcase>
        <testcase classname="test/utils/exceptions.spec.ts" name="Exception Tests &gt; ValidationError: function &gt; function should return proper errorCode number when recognized" time="0.000021416">
        </testcase>
        <testcase classname="test/utils/exceptions.spec.ts" name="Exception Tests &gt; ValidationError: function &gt; function should return proper 132 message" time="0.000022291">
        </testcase>
        <testcase classname="test/utils/exceptions.spec.ts" name="Exception Tests &gt; ValidationError: function &gt; function should return proper errorCode number when recognized" time="0.0000215">
        </testcase>
        <testcase classname="test/utils/exceptions.spec.ts" name="Exception Tests &gt; ValidationError: function &gt; function should return proper 133 message" time="0.000021458">
        </testcase>
        <testcase classname="test/utils/exceptions.spec.ts" name="Exception Tests &gt; ValidationError: function &gt; function should return proper errorCode number when recognized" time="0.000022708">
        </testcase>
        <testcase classname="test/utils/exceptions.spec.ts" name="Exception Tests &gt; ValidationError: function &gt; function should return proper 142 message" time="0.000021167">
        </testcase>
        <testcase classname="test/utils/exceptions.spec.ts" name="Exception Tests &gt; ValidationError: function &gt; function should return proper errorCode number when recognized" time="0.00002125">
        </testcase>
        <testcase classname="test/utils/exceptions.spec.ts" name="Exception Tests &gt; ValidationError: function &gt; function should return proper 143 message" time="0.000021875">
        </testcase>
        <testcase classname="test/utils/exceptions.spec.ts" name="Exception Tests &gt; ValidationError: function &gt; function should return proper errorCode number when recognized" time="0.000024417">
        </testcase>
        <testcase classname="test/utils/exceptions.spec.ts" name="Exception Tests &gt; ValidationError: function &gt; function should return proper 201 message" time="0.000021625">
        </testcase>
        <testcase classname="test/utils/exceptions.spec.ts" name="Exception Tests &gt; ValidationError: function &gt; function should return proper errorCode number when recognized" time="0.000022375">
        </testcase>
        <testcase classname="test/utils/exceptions.spec.ts" name="Exception Tests &gt; ValidationError: function &gt; function should return proper 301 message" time="0.000022417">
        </testcase>
        <testcase classname="test/utils/exceptions.spec.ts" name="Exception Tests &gt; ValidationError: function &gt; function should return proper errorCode number when recognized" time="0.000021459">
        </testcase>
        <testcase classname="test/utils/exceptions.spec.ts" name="Exception Tests &gt; ValidationError: function &gt; function should return proper 351 message" time="0.000035042">
        </testcase>
        <testcase classname="test/utils/exceptions.spec.ts" name="Exception Tests &gt; ValidationError: function &gt; function should return proper errorCode number when recognized" time="0.000023">
        </testcase>
        <testcase classname="test/utils/exceptions.spec.ts" name="Exception Tests &gt; ValidationError: function &gt; function should return proper 391 message" time="0.000022541">
        </testcase>
        <testcase classname="test/utils/exceptions.spec.ts" name="Exception Tests &gt; ValidationError: function &gt; function should return proper errorCode number when recognized" time="0.000022667">
        </testcase>
        <testcase classname="test/utils/exceptions.spec.ts" name="Exception Tests &gt; ValidationError: function &gt; function should return proper 401 message" time="0.000023416">
        </testcase>
        <testcase classname="test/utils/exceptions.spec.ts" name="Exception Tests &gt; ValidationError: function &gt; function should return proper errorCode number when recognized" time="0.000021333">
        </testcase>
        <testcase classname="test/utils/exceptions.spec.ts" name="Exception Tests &gt; ValidationError: function &gt; function should return proper 402 message" time="0.000022291">
        </testcase>
        <testcase classname="test/utils/exceptions.spec.ts" name="Exception Tests &gt; ValidationError: function &gt; function should return proper errorCode number when recognized" time="0.000022833">
        </testcase>
        <testcase classname="test/utils/exceptions.spec.ts" name="Exception Tests &gt; ValidationError: function &gt; function should return proper 403 message" time="0.000021875">
        </testcase>
        <testcase classname="test/utils/exceptions.spec.ts" name="Exception Tests &gt; ValidationError: function &gt; function should return proper errorCode number when recognized" time="0.000021708">
        </testcase>
        <testcase classname="test/utils/exceptions.spec.ts" name="Exception Tests &gt; ValidationError: function &gt; function should return proper 404 message" time="0.00002275">
        </testcase>
        <testcase classname="test/utils/exceptions.spec.ts" name="Exception Tests &gt; ValidationError: function &gt; function should return proper errorCode number when recognized" time="0.000021541">
        </testcase>
        <testcase classname="test/utils/exceptions.spec.ts" name="Exception Tests &gt; ValidationError: function &gt; function should return proper 405 message" time="0.000021584">
        </testcase>
        <testcase classname="test/utils/exceptions.spec.ts" name="Exception Tests &gt; ValidationError: function &gt; function should return proper errorCode number when recognized" time="0.000021458">
        </testcase>
        <testcase classname="test/utils/exceptions.spec.ts" name="Exception Tests &gt; ValidationError: function &gt; function should return proper 406 message" time="0.000023541">
        </testcase>
        <testcase classname="test/utils/exceptions.spec.ts" name="Exception Tests &gt; ValidationError: function &gt; function should return proper errorCode number when recognized" time="0.000021541">
        </testcase>
        <testcase classname="test/utils/exceptions.spec.ts" name="Exception Tests &gt; ValidationError: function &gt; function should return proper 407 message" time="0.00002125">
        </testcase>
        <testcase classname="test/utils/exceptions.spec.ts" name="Exception Tests &gt; ValidationError: function &gt; function should return proper errorCode number when recognized" time="0.000031">
        </testcase>
        <testcase classname="test/utils/exceptions.spec.ts" name="Exception Tests &gt; ValidationError: function &gt; function should return proper 408 message" time="0.00002175">
        </testcase>
    </testsuite>
    <testsuite name="test/utils/utilities.spec.ts" timestamp="2025-05-05T03:31:08.088Z" hostname="jonathans-macbook-pro-2.mara-rohu.ts.net" tests="44" failures="0" errors="0" skipped="0" time="0.003954375">
        <testcase classname="test/utils/utilities.spec.ts" name="Utility Tests &gt; getSecondsAsHHMMSS() &gt; 10 returns 00:00:10" time="0.000733541">
        </testcase>
        <testcase classname="test/utils/utilities.spec.ts" name="Utility Tests &gt; getSecondsAsHHMMSS() &gt; 60 returns 00:01:00" time="0.000072875">
        </testcase>
        <testcase classname="test/utils/utilities.spec.ts" name="Utility Tests &gt; getSecondsAsHHMMSS() &gt; 3600 returns 01:00:00" time="0.000089041">
        </testcase>
        <testcase classname="test/utils/utilities.spec.ts" name="Utility Tests &gt; getSecondsAsHHMMSS() &gt; 70 returns 00:01:10" time="0.000062167">
        </testcase>
        <testcase classname="test/utils/utilities.spec.ts" name="Utility Tests &gt; getSecondsAsHHMMSS() &gt; 3670 returns 01:01:10" time="0.00005025">
        </testcase>
        <testcase classname="test/utils/utilities.spec.ts" name="Utility Tests &gt; getSecondsAsHHMMSS() &gt; 90000 returns 25:00:00, check for hours greater than 24" time="0.000077333">
        </testcase>
        <testcase classname="test/utils/utilities.spec.ts" name="Utility Tests &gt; getSecondsAsHHMMSS() &gt; -3600 returns 00:00:00, negative time not allowed in SCORM session times" time="0.000035875">
        </testcase>
        <testcase classname="test/utils/utilities.spec.ts" name="Utility Tests &gt; getSecondsAsHHMMSS() &gt; Empty seconds returns 00:00:00" time="0.000032125">
        </testcase>
        <testcase classname="test/utils/utilities.spec.ts" name="Utility Tests &gt; getSecondsAsISODuration() &gt; 10 returns PT10S" time="0.000129833">
        </testcase>
        <testcase classname="test/utils/utilities.spec.ts" name="Utility Tests &gt; getSecondsAsISODuration() &gt; 60 returns PT1M" time="0.000095667">
        </testcase>
        <testcase classname="test/utils/utilities.spec.ts" name="Utility Tests &gt; getSecondsAsISODuration() &gt; 3600 returns PT1H" time="0.000042167">
        </testcase>
        <testcase classname="test/utils/utilities.spec.ts" name="Utility Tests &gt; getSecondsAsISODuration() &gt; 70 returns PT1M10S" time="0.000089667">
        </testcase>
        <testcase classname="test/utils/utilities.spec.ts" name="Utility Tests &gt; getSecondsAsISODuration() &gt; 916.88 returns PT15M16.88S" time="0.000048917">
        </testcase>
        <testcase classname="test/utils/utilities.spec.ts" name="Utility Tests &gt; getSecondsAsISODuration() &gt; 3670 returns PT1H1M10S" time="0.000167375">
        </testcase>
        <testcase classname="test/utils/utilities.spec.ts" name="Utility Tests &gt; getSecondsAsISODuration() &gt; 90000 returns P1DT1H" time="0.000043958">
        </testcase>
        <testcase classname="test/utils/utilities.spec.ts" name="Utility Tests &gt; getSecondsAsISODuration() &gt; 90061 returns P1DT1H1M1S" time="0.000072458">
        </testcase>
        <testcase classname="test/utils/utilities.spec.ts" name="Utility Tests &gt; getSecondsAsISODuration() &gt; -3600 returns PT0S, negative time not allowed in SCORM session times" time="0.000029834">
        </testcase>
        <testcase classname="test/utils/utilities.spec.ts" name="Utility Tests &gt; getSecondsAsISODuration() &gt; Empty seconds returns PT0S" time="0.000026125">
        </testcase>
        <testcase classname="test/utils/utilities.spec.ts" name="Utility Tests &gt; getTimeAsSeconds() &gt; 00:00:10 returns 10" time="0.000083083">
        </testcase>
        <testcase classname="test/utils/utilities.spec.ts" name="Utility Tests &gt; getTimeAsSeconds() &gt; 00:01:10 returns 70" time="0.000089875">
        </testcase>
        <testcase classname="test/utils/utilities.spec.ts" name="Utility Tests &gt; getTimeAsSeconds() &gt; 01:01:10 returns 3670" time="0.000030958">
        </testcase>
        <testcase classname="test/utils/utilities.spec.ts" name="Utility Tests &gt; getTimeAsSeconds() &gt; 100:00:00 returns 3670" time="0.0000275">
        </testcase>
        <testcase classname="test/utils/utilities.spec.ts" name="Utility Tests &gt; getTimeAsSeconds() &gt; -01:00:00 returns 0" time="0.000026125">
        </testcase>
        <testcase classname="test/utils/utilities.spec.ts" name="Utility Tests &gt; getTimeAsSeconds() &gt; Number value returns 0" time="0.000026625">
        </testcase>
        <testcase classname="test/utils/utilities.spec.ts" name="Utility Tests &gt; getTimeAsSeconds() &gt; boolean value returns 0" time="0.000025167">
        </testcase>
        <testcase classname="test/utils/utilities.spec.ts" name="Utility Tests &gt; getTimeAsSeconds() &gt; Empty value returns 0" time="0.000026">
        </testcase>
        <testcase classname="test/utils/utilities.spec.ts" name="Utility Tests &gt; getDurationAsSeconds() &gt; P0S returns 0" time="0.00012475">
        </testcase>
        <testcase classname="test/utils/utilities.spec.ts" name="Utility Tests &gt; getDurationAsSeconds() &gt; P70S returns 70" time="0.00003425">
        </testcase>
        <testcase classname="test/utils/utilities.spec.ts" name="Utility Tests &gt; getDurationAsSeconds() &gt; PT1M10S returns 70" time="0.000028208">
        </testcase>
        <testcase classname="test/utils/utilities.spec.ts" name="Utility Tests &gt; getDurationAsSeconds() &gt; PT15M16.88S returns 916.88" time="0.00002825">
        </testcase>
        <testcase classname="test/utils/utilities.spec.ts" name="Utility Tests &gt; getDurationAsSeconds() &gt; P1D returns 86400" time="0.000027375">
        </testcase>
        <testcase classname="test/utils/utilities.spec.ts" name="Utility Tests &gt; getDurationAsSeconds() &gt; P1Y returns number of seconds for one year from now" time="0.000027792">
        </testcase>
        <testcase classname="test/utils/utilities.spec.ts" name="Utility Tests &gt; getDurationAsSeconds() &gt; Invalid duration returns 0" time="0.000025125">
        </testcase>
        <testcase classname="test/utils/utilities.spec.ts" name="Utility Tests &gt; getDurationAsSeconds() &gt; Empty duration returns 0" time="0.0000245">
        </testcase>
        <testcase classname="test/utils/utilities.spec.ts" name="Utility Tests &gt; addTwoDurations() &gt; P1H5M30.5S plus PT15M10S equals P1H20M40.5S" time="0.000050916">
        </testcase>
        <testcase classname="test/utils/utilities.spec.ts" name="Utility Tests &gt; addTwoDurations() &gt; P1Y364D plus P2DT1H45M52S equals P731DT1H45M52S" time="0.000068875">
        </testcase>
        <testcase classname="test/utils/utilities.spec.ts" name="Utility Tests &gt; addTwoDurations() &gt; Invalid plus valid equals valid" time="0.000037917">
        </testcase>
        <testcase classname="test/utils/utilities.spec.ts" name="Utility Tests &gt; addTwoDurations() &gt; Valid plus invalid equals valid" time="0.000028875">
        </testcase>
        <testcase classname="test/utils/utilities.spec.ts" name="Utility Tests &gt; addHHMMSSTimeStrings() &gt; 01:05:30.5 plus 00:15:10 equals 01:20:40.5" time="0.000046083">
        </testcase>
        <testcase classname="test/utils/utilities.spec.ts" name="Utility Tests &gt; addHHMMSSTimeStrings() &gt; 17496:00:00 plus 49:35:52 equals 17545:35:52" time="0.000063542">
        </testcase>
        <testcase classname="test/utils/utilities.spec.ts" name="Utility Tests &gt; addHHMMSSTimeStrings() &gt; Invalid plus valid equals valid" time="0.000032792">
        </testcase>
        <testcase classname="test/utils/utilities.spec.ts" name="Utility Tests &gt; addHHMMSSTimeStrings() &gt; Valid plus invalid equals valid" time="0.000027583">
        </testcase>
        <testcase classname="test/utils/utilities.spec.ts" name="Utility Tests &gt; flatten() &gt; Should return flattened object" time="0.000189166">
        </testcase>
        <testcase classname="test/utils/utilities.spec.ts" name="Utility Tests &gt; unflatten() &gt; Should return flattened object" time="0.000177042">
        </testcase>
    </testsuite>
    <testsuite name="test/cmi/aicc/attempts.spec.ts" timestamp="2025-05-05T03:31:08.090Z" hostname="jonathans-macbook-pro-2.mara-rohu.ts.net" tests="7" failures="0" errors="0" skipped="0" time="0.002734083">
        <testcase classname="test/cmi/aicc/attempts.spec.ts" name="AICC Attempts Classes &gt; CMIAttemptRecords &gt; should initialize as a CMIArray" time="0.000579292">
        </testcase>
        <testcase classname="test/cmi/aicc/attempts.spec.ts" name="AICC Attempts Classes &gt; CMIAttemptRecordsObject &gt; should initialize with empty lesson_status and a score object" time="0.000174958">
        </testcase>
        <testcase classname="test/cmi/aicc/attempts.spec.ts" name="AICC Attempts Classes &gt; CMIAttemptRecordsObject &gt; should initialize child objects when initialize is called" time="0.000561042">
        </testcase>
        <testcase classname="test/cmi/aicc/attempts.spec.ts" name="AICC Attempts Classes &gt; CMIAttemptRecordsObject &gt; should reset child objects when reset is called" time="0.000103459">
        </testcase>
        <testcase classname="test/cmi/aicc/attempts.spec.ts" name="AICC Attempts Classes &gt; CMIAttemptRecordsObject &gt; should set lesson_status property when valid" time="0.000124917">
        </testcase>
        <testcase classname="test/cmi/aicc/attempts.spec.ts" name="AICC Attempts Classes &gt; CMIAttemptRecordsObject &gt; should not set lesson_status property when invalid" time="0.000170958">
        </testcase>
        <testcase classname="test/cmi/aicc/attempts.spec.ts" name="AICC Attempts Classes &gt; CMIAttemptRecordsObject &gt; should return a JSON representation with toJSON" time="0.00022275">
        </testcase>
    </testsuite>
    <testsuite name="test/cmi/aicc/evaluation.spec.ts" timestamp="2025-05-05T03:31:08.090Z" hostname="jonathans-macbook-pro-2.mara-rohu.ts.net" tests="14" failures="0" errors="0" skipped="0" time="0.003202666">
        <testcase classname="test/cmi/aicc/evaluation.spec.ts" name="CMIEvaluation &gt; should initialize properly" time="0.000538958">
        </testcase>
        <testcase classname="test/cmi/aicc/evaluation.spec.ts" name="CMIEvaluation &gt; should have initialized property set to false by default" time="0.000142292">
        </testcase>
        <testcase classname="test/cmi/aicc/evaluation.spec.ts" name="CMIEvaluation &gt; should call initialize on comments when initialized" time="0.00043975">
        </testcase>
        <testcase classname="test/cmi/aicc/evaluation.spec.ts" name="CMIEvaluation &gt; should reset properly" time="0.000114916">
        </testcase>
        <testcase classname="test/cmi/aicc/evaluation.spec.ts" name="CMIEvaluation &gt; should convert to JSON correctly" time="0.000311583">
        </testcase>
        <testcase classname="test/cmi/aicc/evaluation.spec.ts" name="CMIEvaluationCommentsObject &gt; should initialize with empty values" time="0.000136792">
        </testcase>
        <testcase classname="test/cmi/aicc/evaluation.spec.ts" name="CMIEvaluationCommentsObject &gt; should set and get content correctly" time="0.000106208">
        </testcase>
        <testcase classname="test/cmi/aicc/evaluation.spec.ts" name="CMIEvaluationCommentsObject &gt; should set and get location correctly" time="0.000054292">
        </testcase>
        <testcase classname="test/cmi/aicc/evaluation.spec.ts" name="CMIEvaluationCommentsObject &gt; should set and get time correctly" time="0.000059292">
        </testcase>
        <testcase classname="test/cmi/aicc/evaluation.spec.ts" name="CMIEvaluationCommentsObject &gt; should reject invalid content format" time="0.000379708">
        </testcase>
        <testcase classname="test/cmi/aicc/evaluation.spec.ts" name="CMIEvaluationCommentsObject &gt; should reject invalid location format" time="0.00006925">
        </testcase>
        <testcase classname="test/cmi/aicc/evaluation.spec.ts" name="CMIEvaluationCommentsObject &gt; should reject invalid time format" time="0.000072459">
        </testcase>
        <testcase classname="test/cmi/aicc/evaluation.spec.ts" name="CMIEvaluationCommentsObject &gt; should reset all values" time="0.000060292">
        </testcase>
        <testcase classname="test/cmi/aicc/evaluation.spec.ts" name="CMIEvaluationCommentsObject &gt; should convert to JSON correctly" time="0.00019325">
        </testcase>
    </testsuite>
    <testsuite name="test/cmi/aicc/paths.spec.ts" timestamp="2025-05-05T03:31:08.091Z" hostname="jonathans-macbook-pro-2.mara-rohu.ts.net" tests="20" failures="0" errors="0" skipped="0" time="0.004201584">
        <testcase classname="test/cmi/aicc/paths.spec.ts" name="CMIPaths &gt; should initialize properly" time="0.000615208">
        </testcase>
        <testcase classname="test/cmi/aicc/paths.spec.ts" name="CMIPaths &gt; should handle array operations" time="0.00020725">
        </testcase>
        <testcase classname="test/cmi/aicc/paths.spec.ts" name="CMIPaths &gt; should not allow setting _children" time="0.00077525">
        </testcase>
        <testcase classname="test/cmi/aicc/paths.spec.ts" name="CMIPaths &gt; should not allow setting _count" time="0.000173959">
        </testcase>
        <testcase classname="test/cmi/aicc/paths.spec.ts" name="CMIPaths &gt; should convert to JSON correctly" time="0.00021">
        </testcase>
        <testcase classname="test/cmi/aicc/paths.spec.ts" name="CMIPathsObject &gt; should initialize with empty values" time="0.000164042">
        </testcase>
        <testcase classname="test/cmi/aicc/paths.spec.ts" name="CMIPathsObject &gt; should set and get location_id correctly" time="0.000044167">
        </testcase>
        <testcase classname="test/cmi/aicc/paths.spec.ts" name="CMIPathsObject &gt; should reject invalid location_id format" time="0.00012875">
        </testcase>
        <testcase classname="test/cmi/aicc/paths.spec.ts" name="CMIPathsObject &gt; should set and get date correctly" time="0.00005825">
        </testcase>
        <testcase classname="test/cmi/aicc/paths.spec.ts" name="CMIPathsObject &gt; should reject invalid date format" time="0.000077791">
        </testcase>
        <testcase classname="test/cmi/aicc/paths.spec.ts" name="CMIPathsObject &gt; should set and get time correctly" time="0.000102584">
        </testcase>
        <testcase classname="test/cmi/aicc/paths.spec.ts" name="CMIPathsObject &gt; should reject invalid time format" time="0.000074917">
        </testcase>
        <testcase classname="test/cmi/aicc/paths.spec.ts" name="CMIPathsObject &gt; should set and get status correctly" time="0.000090292">
        </testcase>
        <testcase classname="test/cmi/aicc/paths.spec.ts" name="CMIPathsObject &gt; should reject invalid status values" time="0.000196834">
        </testcase>
        <testcase classname="test/cmi/aicc/paths.spec.ts" name="CMIPathsObject &gt; should set and get why_left correctly" time="0.000095041">
        </testcase>
        <testcase classname="test/cmi/aicc/paths.spec.ts" name="CMIPathsObject &gt; should reject invalid why_left format" time="0.000063333">
        </testcase>
        <testcase classname="test/cmi/aicc/paths.spec.ts" name="CMIPathsObject &gt; should set and get time_in_element correctly" time="0.000038292">
        </testcase>
        <testcase classname="test/cmi/aicc/paths.spec.ts" name="CMIPathsObject &gt; should reject invalid time_in_element format" time="0.000051208">
        </testcase>
        <testcase classname="test/cmi/aicc/paths.spec.ts" name="CMIPathsObject &gt; should reset all values" time="0.000098917">
        </testcase>
        <testcase classname="test/cmi/aicc/paths.spec.ts" name="CMIPathsObject &gt; should convert to JSON correctly" time="0.00034125">
        </testcase>
    </testsuite>
    <testsuite name="test/cmi/aicc/student_demographics.spec.ts" timestamp="2025-05-05T03:31:08.092Z" hostname="jonathans-macbook-pro-2.mara-rohu.ts.net" tests="17" failures="0" errors="0" skipped="0" time="0.004889">
        <testcase classname="test/cmi/aicc/student_demographics.spec.ts" name="AICC CMIStudentDemographics &gt; should set and get city" time="0.000658292">
        </testcase>
        <testcase classname="test/cmi/aicc/student_demographics.spec.ts" name="AICC CMIStudentDemographics &gt; should set and get class" time="0.000078583">
        </testcase>
        <testcase classname="test/cmi/aicc/student_demographics.spec.ts" name="AICC CMIStudentDemographics &gt; should set and get company" time="0.00008075">
        </testcase>
        <testcase classname="test/cmi/aicc/student_demographics.spec.ts" name="AICC CMIStudentDemographics &gt; should set and get country" time="0.000097667">
        </testcase>
        <testcase classname="test/cmi/aicc/student_demographics.spec.ts" name="AICC CMIStudentDemographics &gt; should set and get experience" time="0.00019125">
        </testcase>
        <testcase classname="test/cmi/aicc/student_demographics.spec.ts" name="AICC CMIStudentDemographics &gt; should set and get familiar_name" time="0.000124584">
        </testcase>
        <testcase classname="test/cmi/aicc/student_demographics.spec.ts" name="AICC CMIStudentDemographics &gt; should set and get instructor_name" time="0.000060167">
        </testcase>
        <testcase classname="test/cmi/aicc/student_demographics.spec.ts" name="AICC CMIStudentDemographics &gt; should set and get title" time="0.000045208">
        </testcase>
        <testcase classname="test/cmi/aicc/student_demographics.spec.ts" name="AICC CMIStudentDemographics &gt; should set and get native_language" time="0.000159083">
        </testcase>
        <testcase classname="test/cmi/aicc/student_demographics.spec.ts" name="AICC CMIStudentDemographics &gt; should set and get state" time="0.000535">
        </testcase>
        <testcase classname="test/cmi/aicc/student_demographics.spec.ts" name="AICC CMIStudentDemographics &gt; should set and get street_address" time="0.000168708">
        </testcase>
        <testcase classname="test/cmi/aicc/student_demographics.spec.ts" name="AICC CMIStudentDemographics &gt; should set and get telephone" time="0.000105459">
        </testcase>
        <testcase classname="test/cmi/aicc/student_demographics.spec.ts" name="AICC CMIStudentDemographics &gt; should set and get years_experience" time="0.000262042">
        </testcase>
        <testcase classname="test/cmi/aicc/student_demographics.spec.ts" name="AICC CMIStudentDemographics &gt; should not allow setting properties after initialization" time="0.000666917">
        </testcase>
        <testcase classname="test/cmi/aicc/student_demographics.spec.ts" name="AICC CMIStudentDemographics &gt; should return _children property" time="0.000071167">
        </testcase>
        <testcase classname="test/cmi/aicc/student_demographics.spec.ts" name="AICC CMIStudentDemographics &gt; should reset properly" time="0.000092583">
        </testcase>
        <testcase classname="test/cmi/aicc/student_demographics.spec.ts" name="AICC CMIStudentDemographics &gt; should convert to JSON correctly" time="0.000194292">
        </testcase>
    </testsuite>
    <testsuite name="test/cmi/aicc/student_preferences.spec.ts" timestamp="2025-05-05T03:31:08.093Z" hostname="jonathans-macbook-pro-2.mara-rohu.ts.net" tests="17" failures="0" errors="0" skipped="0" time="0.003824416">
        <testcase classname="test/cmi/aicc/student_preferences.spec.ts" name="AICCStudentPreferences &gt; should initialize with default values" time="0.0007875">
        </testcase>
        <testcase classname="test/cmi/aicc/student_preferences.spec.ts" name="AICCStudentPreferences &gt; should initialize child objects when initialize is called" time="0.000397959">
        </testcase>
        <testcase classname="test/cmi/aicc/student_preferences.spec.ts" name="AICCStudentPreferences &gt; Getters and Setters &gt; should set and get lesson_type property" time="0.000118292">
        </testcase>
        <testcase classname="test/cmi/aicc/student_preferences.spec.ts" name="AICCStudentPreferences &gt; Getters and Setters &gt; should not set lesson_type property when invalid" time="0.000159625">
        </testcase>
        <testcase classname="test/cmi/aicc/student_preferences.spec.ts" name="AICCStudentPreferences &gt; Getters and Setters &gt; should set and get text_color property" time="0.0000625">
        </testcase>
        <testcase classname="test/cmi/aicc/student_preferences.spec.ts" name="AICCStudentPreferences &gt; Getters and Setters &gt; should not set text_color property when invalid" time="0.000056167">
        </testcase>
        <testcase classname="test/cmi/aicc/student_preferences.spec.ts" name="AICCStudentPreferences &gt; Getters and Setters &gt; should set and get text_location property" time="0.00004875">
        </testcase>
        <testcase classname="test/cmi/aicc/student_preferences.spec.ts" name="AICCStudentPreferences &gt; Getters and Setters &gt; should not set text_location property when invalid" time="0.000047875">
        </testcase>
        <testcase classname="test/cmi/aicc/student_preferences.spec.ts" name="AICCStudentPreferences &gt; Getters and Setters &gt; should set and get text_size property" time="0.0000955">
        </testcase>
        <testcase classname="test/cmi/aicc/student_preferences.spec.ts" name="AICCStudentPreferences &gt; Getters and Setters &gt; should not set text_size property when invalid" time="0.000099375">
        </testcase>
        <testcase classname="test/cmi/aicc/student_preferences.spec.ts" name="AICCStudentPreferences &gt; Getters and Setters &gt; should set and get video property" time="0.000048">
        </testcase>
        <testcase classname="test/cmi/aicc/student_preferences.spec.ts" name="AICCStudentPreferences &gt; Getters and Setters &gt; should not set video property when invalid" time="0.000045">
        </testcase>
        <testcase classname="test/cmi/aicc/student_preferences.spec.ts" name="AICCStudentPreferences &gt; Getters and Setters &gt; should set and get audio property" time="0.000104791">
        </testcase>
        <testcase classname="test/cmi/aicc/student_preferences.spec.ts" name="AICCStudentPreferences &gt; Getters and Setters &gt; should set and get language property" time="0.0001545">
        </testcase>
        <testcase classname="test/cmi/aicc/student_preferences.spec.ts" name="AICCStudentPreferences &gt; Getters and Setters &gt; should set and get speed property" time="0.000110833">
        </testcase>
        <testcase classname="test/cmi/aicc/student_preferences.spec.ts" name="AICCStudentPreferences &gt; Getters and Setters &gt; should set and get text property" time="0.000045083">
        </testcase>
        <testcase classname="test/cmi/aicc/student_preferences.spec.ts" name="AICCStudentPreferences &gt; toJSON &gt; should return a JSON representation with all properties" time="0.000312042">
        </testcase>
    </testsuite>
    <testsuite name="test/cmi/aicc/tries.spec.ts" timestamp="2025-05-05T03:31:08.094Z" hostname="jonathans-macbook-pro-2.mara-rohu.ts.net" tests="13" failures="0" errors="0" skipped="0" time="0.003290833">
        <testcase classname="test/cmi/aicc/tries.spec.ts" name="CMITries &gt; should initialize properly" time="0.000631291">
        </testcase>
        <testcase classname="test/cmi/aicc/tries.spec.ts" name="CMITries &gt; should handle array operations" time="0.000214041">
        </testcase>
        <testcase classname="test/cmi/aicc/tries.spec.ts" name="CMITries &gt; should not allow setting _children" time="0.00032275">
        </testcase>
        <testcase classname="test/cmi/aicc/tries.spec.ts" name="CMITries &gt; should not allow setting _count" time="0.0001205">
        </testcase>
        <testcase classname="test/cmi/aicc/tries.spec.ts" name="CMITriesObject &gt; should initialize with empty values" time="0.000099792">
        </testcase>
        <testcase classname="test/cmi/aicc/tries.spec.ts" name="CMITriesObject &gt; should set and get status correctly" time="0.000211375">
        </testcase>
        <testcase classname="test/cmi/aicc/tries.spec.ts" name="CMITriesObject &gt; should reject invalid status values" time="0.0001075">
        </testcase>
        <testcase classname="test/cmi/aicc/tries.spec.ts" name="CMITriesObject &gt; should set and get time correctly" time="0.000060458">
        </testcase>
        <testcase classname="test/cmi/aicc/tries.spec.ts" name="CMITriesObject &gt; should reject invalid time format" time="0.000143167">
        </testcase>
        <testcase classname="test/cmi/aicc/tries.spec.ts" name="CMITriesObject &gt; should initialize score property" time="0.000056833">
        </testcase>
        <testcase classname="test/cmi/aicc/tries.spec.ts" name="CMITriesObject &gt; should initialize when API is initialized" time="0.000376">
        </testcase>
        <testcase classname="test/cmi/aicc/tries.spec.ts" name="CMITriesObject &gt; should reset all values" time="0.000108541">
        </testcase>
        <testcase classname="test/cmi/aicc/tries.spec.ts" name="CMITriesObject &gt; should convert to JSON correctly" time="0.000309542">
        </testcase>
    </testsuite>
    <testsuite name="test/cmi/common/array_reset.spec.ts" timestamp="2025-05-05T03:31:08.094Z" hostname="jonathans-macbook-pro-2.mara-rohu.ts.net" tests="6" failures="0" errors="0" skipped="0" time="0.001795708">
        <testcase classname="test/cmi/common/array_reset.spec.ts" name="CMIArray Reset Tests &gt; reset() &gt; should reset all child objects when wipe is false" time="0.000651333">
        </testcase>
        <testcase classname="test/cmi/common/array_reset.spec.ts" name="CMIArray Reset Tests &gt; reset() &gt; should wipe all child objects when wipe is true" time="0.000068833">
        </testcase>
        <testcase classname="test/cmi/common/array_reset.spec.ts" name="CMIArray Reset Tests &gt; reset() &gt; should set _initialized to false" time="0.000087458">
        </testcase>
        <testcase classname="test/cmi/common/array_reset.spec.ts" name="CMIArray Reset Tests &gt; reset() &gt; should handle empty arrays" time="0.000362708">
        </testcase>
        <testcase classname="test/cmi/common/array_reset.spec.ts" name="CMIArray Reset Tests &gt; reset() &gt; should allow adding new children after reset with wipe=true" time="0.000055625">
        </testcase>
        <testcase classname="test/cmi/common/array_reset.spec.ts" name="CMIArray Reset Tests &gt; reset() &gt; should allow adding new children after reset with wipe=false" time="0.000113333">
        </testcase>
    </testsuite>
    <testsuite name="test/cmi/common/base_cmi.spec.ts" timestamp="2025-05-05T03:31:08.095Z" hostname="jonathans-macbook-pro-2.mara-rohu.ts.net" tests="7" failures="0" errors="0" skipped="0" time="0.001958">
        <testcase classname="test/cmi/common/base_cmi.spec.ts" name="BaseCMI &gt; should initialize correctly" time="0.000624292">
        </testcase>
        <testcase classname="test/cmi/common/base_cmi.spec.ts" name="BaseCMI &gt; should reset correctly" time="0.000119708">
        </testcase>
        <testcase classname="test/cmi/common/base_cmi.spec.ts" name="BaseCMI &gt; should set start time correctly" time="0.000422458">
        </testcase>
        <testcase classname="test/cmi/common/base_cmi.spec.ts" name="BaseCMI &gt; should have jsonString property set to false by default" time="0.000046625">
        </testcase>
        <testcase classname="test/cmi/common/base_cmi.spec.ts" name="BaseRootCMI &gt; should initialize correctly" time="0.00008375">
        </testcase>
        <testcase classname="test/cmi/common/base_cmi.spec.ts" name="BaseRootCMI &gt; should reset correctly" time="0.000101167">
        </testcase>
        <testcase classname="test/cmi/common/base_cmi.spec.ts" name="BaseRootCMI &gt; should implement getCurrentTotalTime" time="0.000041709">
        </testcase>
    </testsuite>
    <testsuite name="test/cmi/common/score_reset.spec.ts" timestamp="2025-05-05T03:31:08.095Z" hostname="jonathans-macbook-pro-2.mara-rohu.ts.net" tests="5" failures="0" errors="0" skipped="0" time="0.022118666">
        <testcase classname="test/cmi/common/score_reset.spec.ts" name="CMIScore Reset Tests &gt; reset() &gt; should reset the initialized flag to false" time="0.018904875">
        </testcase>
        <testcase classname="test/cmi/common/score_reset.spec.ts" name="CMIScore Reset Tests &gt; reset() &gt; should not reset raw, min, and max values" time="0.000421333">
        </testcase>
        <testcase classname="test/cmi/common/score_reset.spec.ts" name="CMIScore Reset Tests &gt; reset() &gt; should be able to set values after reset" time="0.000193375">
        </testcase>
        <testcase classname="test/cmi/common/score_reset.spec.ts" name="CMIScore Reset Tests &gt; reset() &gt; should not affect the _children property" time="0.000084916">
        </testcase>
        <testcase classname="test/cmi/common/score_reset.spec.ts" name="CMIScore Reset Tests &gt; reset() &gt; should maintain validation rules after reset" time="0.000153459">
        </testcase>
    </testsuite>
    <testsuite name="test/cmi/scorm12/validation.spec.ts" timestamp="2025-05-05T03:31:08.095Z" hostname="jonathans-macbook-pro-2.mara-rohu.ts.net" tests="10" failures="0" errors="0" skipped="0" time="0.001901833">
        <testcase classname="test/cmi/scorm12/validation.spec.ts" name="check12ValidFormat &gt; should return true for valid format" time="0.0005205">
        </testcase>
        <testcase classname="test/cmi/scorm12/validation.spec.ts" name="check12ValidFormat &gt; should throw an error for invalid format" time="0.000176125">
        </testcase>
        <testcase classname="test/cmi/scorm12/validation.spec.ts" name="check12ValidFormat &gt; should handle empty string when allowed" time="0.000122917">
        </testcase>
        <testcase classname="test/cmi/scorm12/validation.spec.ts" name="check12ValidFormat &gt; should throw an error for empty string when not allowed" time="0.0000665">
        </testcase>
        <testcase classname="test/cmi/scorm12/validation.spec.ts" name="check12ValidRange &gt; should return true for valid range" time="0.000141958">
        </testcase>
        <testcase classname="test/cmi/scorm12/validation.spec.ts" name="check12ValidRange &gt; should throw an error for value out of range" time="0.000120167">
        </testcase>
        <testcase classname="test/cmi/scorm12/validation.spec.ts" name="check12ValidRange &gt; should throw an error for empty string when not allowed" time="0.000080583">
        </testcase>
        <testcase classname="test/cmi/scorm12/validation.spec.ts" name="check12ValidRange &gt; should handle empty string when allowed" time="0.000037209">
        </testcase>
        <testcase classname="test/cmi/scorm12/validation.spec.ts" name="check12ValidRange &gt; should handle string values within range" time="0.00008375">
        </testcase>
        <testcase classname="test/cmi/scorm12/validation.spec.ts" name="check12ValidRange &gt; should throw an error for non-numeric string values" time="0.000098833">
        </testcase>
    </testsuite>
    <testsuite name="test/cmi/scorm2004/adl.spec.ts" timestamp="2025-05-05T03:31:08.096Z" hostname="jonathans-macbook-pro-2.mara-rohu.ts.net" tests="31" failures="0" errors="0" skipped="0" time="0.00443175">
        <testcase classname="test/cmi/scorm2004/adl.spec.ts" name="ADL Classes &gt; ADL &gt; should initialize with nav and data properties" time="0.0005725">
        </testcase>
        <testcase classname="test/cmi/scorm2004/adl.spec.ts" name="ADL Classes &gt; ADL &gt; should initialize child objects when initialize is called" time="0.000498792">
        </testcase>
        <testcase classname="test/cmi/scorm2004/adl.spec.ts" name="ADL Classes &gt; ADL &gt; should reset child objects when reset is called" time="0.000178125">
        </testcase>
        <testcase classname="test/cmi/scorm2004/adl.spec.ts" name="ADL Classes &gt; ADL &gt; should return a JSON representation with toJSON" time="0.000144792">
        </testcase>
        <testcase classname="test/cmi/scorm2004/adl.spec.ts" name="ADL Classes &gt; ADLNav &gt; should initialize with request_valid property" time="0.000045541">
        </testcase>
        <testcase classname="test/cmi/scorm2004/adl.spec.ts" name="ADL Classes &gt; ADLNav &gt; should initialize child objects when initialize is called" time="0.000076167">
        </testcase>
        <testcase classname="test/cmi/scorm2004/adl.spec.ts" name="ADL Classes &gt; ADLNav &gt; should reset properties when reset is called" time="0.00012675">
        </testcase>
        <testcase classname="test/cmi/scorm2004/adl.spec.ts" name="ADL Classes &gt; ADLNav &gt; should set request property when valid" time="0.000156666">
        </testcase>
        <testcase classname="test/cmi/scorm2004/adl.spec.ts" name="ADL Classes &gt; ADLNav &gt; should not set request property when invalid" time="0.0001905">
        </testcase>
        <testcase classname="test/cmi/scorm2004/adl.spec.ts" name="ADL Classes &gt; ADLNav &gt; should return a JSON representation with toJSON" time="0.00007375">
        </testcase>
        <testcase classname="test/cmi/scorm2004/adl.spec.ts" name="ADL Classes &gt; ADLData &gt; should be an instance of CMIArray" time="0.000037917">
        </testcase>
        <testcase classname="test/cmi/scorm2004/adl.spec.ts" name="ADL Classes &gt; ADLDataObject &gt; should initialize with empty id and store properties" time="0.000060667">
        </testcase>
        <testcase classname="test/cmi/scorm2004/adl.spec.ts" name="ADL Classes &gt; ADLDataObject &gt; should set id property when valid" time="0.000062584">
        </testcase>
        <testcase classname="test/cmi/scorm2004/adl.spec.ts" name="ADL Classes &gt; ADLDataObject &gt; should not set id property when invalid" time="0.000214958">
        </testcase>
        <testcase classname="test/cmi/scorm2004/adl.spec.ts" name="ADL Classes &gt; ADLDataObject &gt; should set store property when valid" time="0.000087375">
        </testcase>
        <testcase classname="test/cmi/scorm2004/adl.spec.ts" name="ADL Classes &gt; ADLDataObject &gt; should not set store property when invalid" time="0.000088167">
        </testcase>
        <testcase classname="test/cmi/scorm2004/adl.spec.ts" name="ADL Classes &gt; ADLDataObject &gt; should reset properties when reset is called" time="0.000073083">
        </testcase>
        <testcase classname="test/cmi/scorm2004/adl.spec.ts" name="ADL Classes &gt; ADLDataObject &gt; should return a JSON representation with toJSON" time="0.000072042">
        </testcase>
        <testcase classname="test/cmi/scorm2004/adl.spec.ts" name="ADL Classes &gt; ADLNavRequestValid &gt; should initialize with default values" time="0.000260083">
        </testcase>
        <testcase classname="test/cmi/scorm2004/adl.spec.ts" name="ADL Classes &gt; ADLNavRequestValid &gt; should reset properties when reset is called" time="0.000056166">
        </testcase>
        <testcase classname="test/cmi/scorm2004/adl.spec.ts" name="ADL Classes &gt; ADLNavRequestValid &gt; should set continue property when not initialized" time="0.0000485">
        </testcase>
        <testcase classname="test/cmi/scorm2004/adl.spec.ts" name="ADL Classes &gt; ADLNavRequestValid &gt; should throw error when setting continue property after initialization" time="0.000084083">
        </testcase>
        <testcase classname="test/cmi/scorm2004/adl.spec.ts" name="ADL Classes &gt; ADLNavRequestValid &gt; should set previous property when not initialized" time="0.000049292">
        </testcase>
        <testcase classname="test/cmi/scorm2004/adl.spec.ts" name="ADL Classes &gt; ADLNavRequestValid &gt; should throw error when setting previous property after initialization" time="0.000037">
        </testcase>
        <testcase classname="test/cmi/scorm2004/adl.spec.ts" name="ADL Classes &gt; ADLNavRequestValid &gt; should set choice property when not initialized" time="0.000061875">
        </testcase>
        <testcase classname="test/cmi/scorm2004/adl.spec.ts" name="ADL Classes &gt; ADLNavRequestValid &gt; should throw error when setting choice property after initialization" time="0.000036375">
        </testcase>
        <testcase classname="test/cmi/scorm2004/adl.spec.ts" name="ADL Classes &gt; ADLNavRequestValid &gt; should throw error when setting choice property with non-object value" time="0.000033125">
        </testcase>
        <testcase classname="test/cmi/scorm2004/adl.spec.ts" name="ADL Classes &gt; ADLNavRequestValid &gt; should set jump property when not initialized" time="0.000054917">
        </testcase>
        <testcase classname="test/cmi/scorm2004/adl.spec.ts" name="ADL Classes &gt; ADLNavRequestValid &gt; should throw error when setting jump property after initialization" time="0.000040167">
        </testcase>
        <testcase classname="test/cmi/scorm2004/adl.spec.ts" name="ADL Classes &gt; ADLNavRequestValid &gt; should throw error when setting jump property with non-object value" time="0.000033792">
        </testcase>
        <testcase classname="test/cmi/scorm2004/adl.spec.ts" name="ADL Classes &gt; ADLNavRequestValid &gt; should return a JSON representation with toJSON" time="0.000070125">
        </testcase>
    </testsuite>
    <testsuite name="test/cmi/scorm2004/interactions_pattern_validation.spec.ts" timestamp="2025-05-05T03:31:08.097Z" hostname="jonathans-macbook-pro-2.mara-rohu.ts.net" tests="15" failures="0" errors="0" skipped="0" time="0.003104292">
        <testcase classname="test/cmi/scorm2004/interactions_pattern_validation.spec.ts" name="SCORM 2004 Interactions Pattern Validation &gt; Performance Pattern Validation &gt; should accept valid performance patterns" time="0.00037975">
        </testcase>
        <testcase classname="test/cmi/scorm2004/interactions_pattern_validation.spec.ts" name="SCORM 2004 Interactions Pattern Validation &gt; Performance Pattern Validation &gt; should reject performance patterns without delimiter" time="0.000566625">
        </testcase>
        <testcase classname="test/cmi/scorm2004/interactions_pattern_validation.spec.ts" name="SCORM 2004 Interactions Pattern Validation &gt; Performance Pattern Validation &gt; should reject performance patterns with empty parts" time="0.000223791">
        </testcase>
        <testcase classname="test/cmi/scorm2004/interactions_pattern_validation.spec.ts" name="SCORM 2004 Interactions Pattern Validation &gt; Performance Pattern Validation &gt; should reject performance patterns with identical parts" time="0.00012875">
        </testcase>
        <testcase classname="test/cmi/scorm2004/interactions_pattern_validation.spec.ts" name="SCORM 2004 Interactions Pattern Validation &gt; Performance Pattern Validation &gt; should validate format for both parts" time="0.000107625">
        </testcase>
        <testcase classname="test/cmi/scorm2004/interactions_pattern_validation.spec.ts" name="SCORM 2004 Interactions Pattern Validation &gt; Numeric Pattern Validation &gt; should accept valid numeric patterns" time="0.000214875">
        </testcase>
        <testcase classname="test/cmi/scorm2004/interactions_pattern_validation.spec.ts" name="SCORM 2004 Interactions Pattern Validation &gt; Numeric Pattern Validation &gt; should reject numeric patterns with too many values" time="0.000067584">
        </testcase>
        <testcase classname="test/cmi/scorm2004/interactions_pattern_validation.spec.ts" name="SCORM 2004 Interactions Pattern Validation &gt; Numeric Pattern Validation &gt; should reject numeric patterns with invalid format" time="0.000127">
        </testcase>
        <testcase classname="test/cmi/scorm2004/interactions_pattern_validation.spec.ts" name="SCORM 2004 Interactions Pattern Validation &gt; Pattern with Multiple Nodes &gt; should accept valid choice patterns with multiple nodes" time="0.0000925">
        </testcase>
        <testcase classname="test/cmi/scorm2004/interactions_pattern_validation.spec.ts" name="SCORM 2004 Interactions Pattern Validation &gt; Pattern with Multiple Nodes &gt; should reject patterns with duplicate nodes when uniqueness is required" time="0.000104291">
        </testcase>
        <testcase classname="test/cmi/scorm2004/interactions_pattern_validation.spec.ts" name="SCORM 2004 Interactions Pattern Validation &gt; Pattern with Multiple Nodes &gt; should reject empty patterns" time="0.000045208">
        </testcase>
        <testcase classname="test/cmi/scorm2004/interactions_pattern_validation.spec.ts" name="SCORM 2004 Interactions Pattern Validation &gt; Matching Pattern Validation &gt; should accept valid matching patterns" time="0.000026084">
        </testcase>
        <testcase classname="test/cmi/scorm2004/interactions_pattern_validation.spec.ts" name="SCORM 2004 Interactions Pattern Validation &gt; Matching Pattern Validation &gt; should handle escaped delimiters in matching patterns" time="0.000019541">
        </testcase>
        <testcase classname="test/cmi/scorm2004/interactions_pattern_validation.spec.ts" name="SCORM 2004 Interactions Pattern Validation &gt; Matching Pattern Validation &gt; should reject invalid matching patterns" time="0.000307375">
        </testcase>
        <testcase classname="test/cmi/scorm2004/interactions_pattern_validation.spec.ts" name="SCORM 2004 Interactions Pattern Validation &gt; Fill-in Pattern Validation &gt; should accept valid fill-in patterns" time="0.000095333">
        </testcase>
    </testsuite>
    <testsuite name="test/cmi/scorm2004/sequencing/activity.spec.ts" timestamp="2025-05-05T03:31:08.098Z" hostname="jonathans-macbook-pro-2.mara-rohu.ts.net" tests="25" failures="0" errors="0" skipped="0" time="0.005618041">
        <testcase classname="test/cmi/scorm2004/sequencing/activity.spec.ts" name="Activity &gt; constructor &gt; should initialize with default values" time="0.000937">
        </testcase>
        <testcase classname="test/cmi/scorm2004/sequencing/activity.spec.ts" name="Activity &gt; constructor &gt; should initialize with provided id and title" time="0.000066291">
        </testcase>
        <testcase classname="test/cmi/scorm2004/sequencing/activity.spec.ts" name="Activity &gt; id setter &gt; should set id when valid format is provided" time="0.000693083">
        </testcase>
        <testcase classname="test/cmi/scorm2004/sequencing/activity.spec.ts" name="Activity &gt; id setter &gt; should throw error when invalid format is provided" time="0.00025475">
        </testcase>
        <testcase classname="test/cmi/scorm2004/sequencing/activity.spec.ts" name="Activity &gt; title setter &gt; should set title when valid format is provided" time="0.000097625">
        </testcase>
        <testcase classname="test/cmi/scorm2004/sequencing/activity.spec.ts" name="Activity &gt; title setter &gt; should throw error when invalid format is provided" time="0.000103625">
        </testcase>
        <testcase classname="test/cmi/scorm2004/sequencing/activity.spec.ts" name="Activity &gt; initialize &gt; should set initialized flag" time="0.000058958">
        </testcase>
        <testcase classname="test/cmi/scorm2004/sequencing/activity.spec.ts" name="Activity &gt; initialize &gt; should initialize children" time="0.000475708">
        </testcase>
        <testcase classname="test/cmi/scorm2004/sequencing/activity.spec.ts" name="Activity &gt; reset &gt; should reset all properties to default values" time="0.000263">
        </testcase>
        <testcase classname="test/cmi/scorm2004/sequencing/activity.spec.ts" name="Activity &gt; reset &gt; should reset children" time="0.000099333">
        </testcase>
        <testcase classname="test/cmi/scorm2004/sequencing/activity.spec.ts" name="Activity &gt; addChild &gt; should add a child activity" time="0.0004215">
        </testcase>
        <testcase classname="test/cmi/scorm2004/sequencing/activity.spec.ts" name="Activity &gt; addChild &gt; should throw an error if child is not an Activity" time="0.000049875">
        </testcase>
        <testcase classname="test/cmi/scorm2004/sequencing/activity.spec.ts" name="Activity &gt; removeChild &gt; should remove a child activity" time="0.000172416">
        </testcase>
        <testcase classname="test/cmi/scorm2004/sequencing/activity.spec.ts" name="Activity &gt; removeChild &gt; should return false if child is not found" time="0.000143917">
        </testcase>
        <testcase classname="test/cmi/scorm2004/sequencing/activity.spec.ts" name="Activity &gt; incrementAttemptCount &gt; should increment the attempt count" time="0.000062083">
        </testcase>
        <testcase classname="test/cmi/scorm2004/sequencing/activity.spec.ts" name="Activity &gt; completionStatus &gt; should update isCompleted when completionStatus is set" time="0.000049625">
        </testcase>
        <testcase classname="test/cmi/scorm2004/sequencing/activity.spec.ts" name="Activity &gt; isVisible &gt; should get and set isVisible property" time="0.00005175">
        </testcase>
        <testcase classname="test/cmi/scorm2004/sequencing/activity.spec.ts" name="Activity &gt; isActive &gt; should set isActive property" time="0.000044417">
        </testcase>
        <testcase classname="test/cmi/scorm2004/sequencing/activity.spec.ts" name="Activity &gt; isSuspended &gt; should get and set isSuspended property" time="0.000045667">
        </testcase>
        <testcase classname="test/cmi/scorm2004/sequencing/activity.spec.ts" name="Activity &gt; isCompleted &gt; should get and set isCompleted property" time="0.000044875">
        </testcase>
        <testcase classname="test/cmi/scorm2004/sequencing/activity.spec.ts" name="Activity &gt; successStatus &gt; should get and set successStatus property" time="0.00005375">
        </testcase>
        <testcase classname="test/cmi/scorm2004/sequencing/activity.spec.ts" name="Activity &gt; objectiveMeasureStatus &gt; should get and set objectiveMeasureStatus property" time="0.000041166">
        </testcase>
        <testcase classname="test/cmi/scorm2004/sequencing/activity.spec.ts" name="Activity &gt; objectiveNormalizedMeasure &gt; should get and set objectiveNormalizedMeasure property" time="0.00004425">
        </testcase>
        <testcase classname="test/cmi/scorm2004/sequencing/activity.spec.ts" name="Activity &gt; parent &gt; should get parent property" time="0.000045">
        </testcase>
        <testcase classname="test/cmi/scorm2004/sequencing/activity.spec.ts" name="Activity &gt; toJSON &gt; should return a JSON representation of the activity" time="0.000384709">
        </testcase>
    </testsuite>
    <testsuite name="test/cmi/scorm2004/sequencing/activity_tree.spec.ts" timestamp="2025-05-05T03:31:08.099Z" hostname="jonathans-macbook-pro-2.mara-rohu.ts.net" tests="25" failures="0" errors="0" skipped="0" time="0.005857792">
        <testcase classname="test/cmi/scorm2004/sequencing/activity_tree.spec.ts" name="ActivityTree &gt; constructor &gt; should initialize with default values" time="0.000612333">
        </testcase>
        <testcase classname="test/cmi/scorm2004/sequencing/activity_tree.spec.ts" name="ActivityTree &gt; initialize &gt; should set initialized flag" time="0.000089667">
        </testcase>
        <testcase classname="test/cmi/scorm2004/sequencing/activity_tree.spec.ts" name="ActivityTree &gt; initialize &gt; should initialize root activity" time="0.000552333">
        </testcase>
        <testcase classname="test/cmi/scorm2004/sequencing/activity_tree.spec.ts" name="ActivityTree &gt; reset &gt; should reset properties to default values" time="0.0001335">
        </testcase>
        <testcase classname="test/cmi/scorm2004/sequencing/activity_tree.spec.ts" name="ActivityTree &gt; reset &gt; should reset root activity" time="0.000126917">
        </testcase>
        <testcase classname="test/cmi/scorm2004/sequencing/activity_tree.spec.ts" name="ActivityTree &gt; root &gt; should set and get root activity" time="0.000102541">
        </testcase>
        <testcase classname="test/cmi/scorm2004/sequencing/activity_tree.spec.ts" name="ActivityTree &gt; root &gt; should throw error if root is not an Activity" time="0.000153">
        </testcase>
        <testcase classname="test/cmi/scorm2004/sequencing/activity_tree.spec.ts" name="ActivityTree &gt; root &gt; should add root and its children to activities map" time="0.000088583">
        </testcase>
        <testcase classname="test/cmi/scorm2004/sequencing/activity_tree.spec.ts" name="ActivityTree &gt; currentActivity &gt; should set and get current activity" time="0.000146875">
        </testcase>
        <testcase classname="test/cmi/scorm2004/sequencing/activity_tree.spec.ts" name="ActivityTree &gt; currentActivity &gt; should deactivate previous current activity" time="0.000655667">
        </testcase>
        <testcase classname="test/cmi/scorm2004/sequencing/activity_tree.spec.ts" name="ActivityTree &gt; currentActivity &gt; should throw error if activity is not an Activity" time="0.000108">
        </testcase>
        <testcase classname="test/cmi/scorm2004/sequencing/activity_tree.spec.ts" name="ActivityTree &gt; suspendedActivity &gt; should set and get suspended activity" time="0.000080417">
        </testcase>
        <testcase classname="test/cmi/scorm2004/sequencing/activity_tree.spec.ts" name="ActivityTree &gt; suspendedActivity &gt; should unsuspend previous suspended activity" time="0.000069292">
        </testcase>
        <testcase classname="test/cmi/scorm2004/sequencing/activity_tree.spec.ts" name="ActivityTree &gt; suspendedActivity &gt; should throw error if activity is not an Activity" time="0.000220083">
        </testcase>
        <testcase classname="test/cmi/scorm2004/sequencing/activity_tree.spec.ts" name="ActivityTree &gt; getActivity &gt; should return activity by id" time="0.000117084">
        </testcase>
        <testcase classname="test/cmi/scorm2004/sequencing/activity_tree.spec.ts" name="ActivityTree &gt; getAllActivities &gt; should return all activities in the tree" time="0.000624833">
        </testcase>
        <testcase classname="test/cmi/scorm2004/sequencing/activity_tree.spec.ts" name="ActivityTree &gt; navigation methods &gt; getParent should return parent activity" time="0.000148167">
        </testcase>
        <testcase classname="test/cmi/scorm2004/sequencing/activity_tree.spec.ts" name="ActivityTree &gt; navigation methods &gt; getChildren should return child activities" time="0.000271375">
        </testcase>
        <testcase classname="test/cmi/scorm2004/sequencing/activity_tree.spec.ts" name="ActivityTree &gt; navigation methods &gt; getSiblings should return sibling activities" time="0.000120875">
        </testcase>
        <testcase classname="test/cmi/scorm2004/sequencing/activity_tree.spec.ts" name="ActivityTree &gt; navigation methods &gt; getNextSibling should return next sibling activity" time="0.000116459">
        </testcase>
        <testcase classname="test/cmi/scorm2004/sequencing/activity_tree.spec.ts" name="ActivityTree &gt; navigation methods &gt; getPreviousSibling should return previous sibling activity" time="0.000073916">
        </testcase>
        <testcase classname="test/cmi/scorm2004/sequencing/activity_tree.spec.ts" name="ActivityTree &gt; navigation methods &gt; getFirstChild should return first child activity" time="0.000053375">
        </testcase>
        <testcase classname="test/cmi/scorm2004/sequencing/activity_tree.spec.ts" name="ActivityTree &gt; navigation methods &gt; getLastChild should return last child activity" time="0.000058166">
        </testcase>
        <testcase classname="test/cmi/scorm2004/sequencing/activity_tree.spec.ts" name="ActivityTree &gt; navigation methods &gt; getCommonAncestor should return common ancestor activity" time="0.000079666">
        </testcase>
        <testcase classname="test/cmi/scorm2004/sequencing/activity_tree.spec.ts" name="ActivityTree &gt; toJSON &gt; should return a JSON representation of the activity tree" time="0.0002695">
        </testcase>
    </testsuite>
    <testsuite name="test/cmi/scorm2004/sequencing/rollup_rules.spec.ts" timestamp="2025-05-05T03:31:08.100Z" hostname="jonathans-macbook-pro-2.mara-rohu.ts.net" tests="34" failures="0" errors="0" skipped="0" time="0.004968375">
        <testcase classname="test/cmi/scorm2004/sequencing/rollup_rules.spec.ts" name="RollupRules &gt; RollupCondition &gt; constructor &gt; should initialize with default values" time="0.00054875">
        </testcase>
        <testcase classname="test/cmi/scorm2004/sequencing/rollup_rules.spec.ts" name="RollupRules &gt; RollupCondition &gt; constructor &gt; should initialize with provided values" time="0.000092167">
        </testcase>
        <testcase classname="test/cmi/scorm2004/sequencing/rollup_rules.spec.ts" name="RollupRules &gt; RollupCondition &gt; reset &gt; should reset initialized flag" time="0.000078625">
        </testcase>
        <testcase classname="test/cmi/scorm2004/sequencing/rollup_rules.spec.ts" name="RollupRules &gt; RollupCondition &gt; evaluate &gt; should evaluate SATISFIED condition" time="0.000169959">
        </testcase>
        <testcase classname="test/cmi/scorm2004/sequencing/rollup_rules.spec.ts" name="RollupRules &gt; RollupCondition &gt; evaluate &gt; should evaluate OBJECTIVE_MEASURE_GREATER_THAN condition" time="0.000157875">
        </testcase>
        <testcase classname="test/cmi/scorm2004/sequencing/rollup_rules.spec.ts" name="RollupRules &gt; RollupCondition &gt; evaluate &gt; should evaluate COMPLETED condition" time="0.000058625">
        </testcase>
        <testcase classname="test/cmi/scorm2004/sequencing/rollup_rules.spec.ts" name="RollupRules &gt; RollupCondition &gt; evaluate &gt; should evaluate ATTEMPTED condition" time="0.000093333">
        </testcase>
        <testcase classname="test/cmi/scorm2004/sequencing/rollup_rules.spec.ts" name="RollupRules &gt; RollupCondition &gt; evaluate &gt; should evaluate NOT_ATTEMPTED condition" time="0.000047417">
        </testcase>
        <testcase classname="test/cmi/scorm2004/sequencing/rollup_rules.spec.ts" name="RollupRules &gt; RollupCondition &gt; evaluate &gt; should evaluate ALWAYS condition" time="0.000084583">
        </testcase>
        <testcase classname="test/cmi/scorm2004/sequencing/rollup_rules.spec.ts" name="RollupRules &gt; RollupCondition &gt; toJSON &gt; should return a JSON representation of the condition" time="0.000491125">
        </testcase>
        <testcase classname="test/cmi/scorm2004/sequencing/rollup_rules.spec.ts" name="RollupRules &gt; RollupRule &gt; constructor &gt; should initialize with default values" time="0.000125458">
        </testcase>
        <testcase classname="test/cmi/scorm2004/sequencing/rollup_rules.spec.ts" name="RollupRules &gt; RollupRule &gt; constructor &gt; should initialize with provided values" time="0.000075459">
        </testcase>
        <testcase classname="test/cmi/scorm2004/sequencing/rollup_rules.spec.ts" name="RollupRules &gt; RollupRule &gt; reset &gt; should reset initialized flag and conditions" time="0.000071583">
        </testcase>
        <testcase classname="test/cmi/scorm2004/sequencing/rollup_rules.spec.ts" name="RollupRules &gt; RollupRule &gt; addCondition &gt; should add a condition to the rule" time="0.000438459">
        </testcase>
        <testcase classname="test/cmi/scorm2004/sequencing/rollup_rules.spec.ts" name="RollupRules &gt; RollupRule &gt; addCondition &gt; should throw an error if condition is not a RollupCondition" time="0.000147041">
        </testcase>
        <testcase classname="test/cmi/scorm2004/sequencing/rollup_rules.spec.ts" name="RollupRules &gt; RollupRule &gt; removeCondition &gt; should remove a condition from the rule" time="0.000141">
        </testcase>
        <testcase classname="test/cmi/scorm2004/sequencing/rollup_rules.spec.ts" name="RollupRules &gt; RollupRule &gt; removeCondition &gt; should return false if condition is not found" time="0.000031417">
        </testcase>
        <testcase classname="test/cmi/scorm2004/sequencing/rollup_rules.spec.ts" name="RollupRules &gt; RollupRule &gt; evaluate &gt; should return false if there are no children" time="0.000040667">
        </testcase>
        <testcase classname="test/cmi/scorm2004/sequencing/rollup_rules.spec.ts" name="RollupRules &gt; RollupRule &gt; evaluate &gt; should evaluate with ALL consideration" time="0.000117334">
        </testcase>
        <testcase classname="test/cmi/scorm2004/sequencing/rollup_rules.spec.ts" name="RollupRules &gt; RollupRule &gt; evaluate &gt; should evaluate with ANY consideration" time="0.000069459">
        </testcase>
        <testcase classname="test/cmi/scorm2004/sequencing/rollup_rules.spec.ts" name="RollupRules &gt; RollupRule &gt; evaluate &gt; should evaluate with NONE consideration" time="0.000091875">
        </testcase>
        <testcase classname="test/cmi/scorm2004/sequencing/rollup_rules.spec.ts" name="RollupRules &gt; RollupRule &gt; evaluate &gt; should evaluate with AT_LEAST_COUNT consideration" time="0.000064667">
        </testcase>
        <testcase classname="test/cmi/scorm2004/sequencing/rollup_rules.spec.ts" name="RollupRules &gt; RollupRule &gt; evaluate &gt; should evaluate with AT_LEAST_PERCENT consideration" time="0.0000755">
        </testcase>
        <testcase classname="test/cmi/scorm2004/sequencing/rollup_rules.spec.ts" name="RollupRules &gt; RollupRule &gt; toJSON &gt; should return a JSON representation of the rule" time="0.000158959">
        </testcase>
        <testcase classname="test/cmi/scorm2004/sequencing/rollup_rules.spec.ts" name="RollupRules &gt; RollupRules &gt; constructor &gt; should initialize with empty rules array" time="0.000045167">
        </testcase>
        <testcase classname="test/cmi/scorm2004/sequencing/rollup_rules.spec.ts" name="RollupRules &gt; RollupRules &gt; reset &gt; should reset initialized flag and rules array" time="0.000063458">
        </testcase>
        <testcase classname="test/cmi/scorm2004/sequencing/rollup_rules.spec.ts" name="RollupRules &gt; RollupRules &gt; addRule &gt; should add a rule to rules" time="0.000057125">
        </testcase>
        <testcase classname="test/cmi/scorm2004/sequencing/rollup_rules.spec.ts" name="RollupRules &gt; RollupRules &gt; addRule &gt; should throw an error if rule is not a RollupRule" time="0.00004275">
        </testcase>
        <testcase classname="test/cmi/scorm2004/sequencing/rollup_rules.spec.ts" name="RollupRules &gt; RollupRules &gt; removeRule &gt; should remove a rule from rules" time="0.000105792">
        </testcase>
        <testcase classname="test/cmi/scorm2004/sequencing/rollup_rules.spec.ts" name="RollupRules &gt; RollupRules &gt; removeRule &gt; should return false if rule is not found" time="0.000025125">
        </testcase>
        <testcase classname="test/cmi/scorm2004/sequencing/rollup_rules.spec.ts" name="RollupRules &gt; RollupRules &gt; processRollup &gt; should do nothing if activity has no children" time="0.000068292">
        </testcase>
        <testcase classname="test/cmi/scorm2004/sequencing/rollup_rules.spec.ts" name="RollupRules &gt; RollupRules &gt; processRollup &gt; should apply matching rules to set activity status" time="0.00007025">
        </testcase>
        <testcase classname="test/cmi/scorm2004/sequencing/rollup_rules.spec.ts" name="RollupRules &gt; RollupRules &gt; processRollup &gt; should use default rollup if no rules match" time="0.000081667">
        </testcase>
        <testcase classname="test/cmi/scorm2004/sequencing/rollup_rules.spec.ts" name="RollupRules &gt; RollupRules &gt; toJSON &gt; should return a JSON representation of the rules" time="0.000074334">
        </testcase>
    </testsuite>
    <testsuite name="test/cmi/scorm2004/sequencing/rollup_rules_additional.spec.ts" timestamp="2025-05-05T03:31:08.102Z" hostname="jonathans-macbook-pro-2.mara-rohu.ts.net" tests="13" failures="0" errors="0" skipped="0" time="0.002396625">
        <testcase classname="test/cmi/scorm2004/sequencing/rollup_rules_additional.spec.ts" name="Additional RollupRules Tests &gt; RollupCondition &gt; evaluate &gt; should evaluate OBJECTIVE_STATUS_KNOWN condition" time="0.000590125">
        </testcase>
        <testcase classname="test/cmi/scorm2004/sequencing/rollup_rules_additional.spec.ts" name="Additional RollupRules Tests &gt; RollupCondition &gt; evaluate &gt; should evaluate OBJECTIVE_MEASURE_KNOWN condition" time="0.000118042">
        </testcase>
        <testcase classname="test/cmi/scorm2004/sequencing/rollup_rules_additional.spec.ts" name="Additional RollupRules Tests &gt; RollupCondition &gt; evaluate &gt; should evaluate OBJECTIVE_MEASURE_LESS_THAN condition" time="0.000169">
        </testcase>
        <testcase classname="test/cmi/scorm2004/sequencing/rollup_rules_additional.spec.ts" name="Additional RollupRules Tests &gt; RollupCondition &gt; evaluate &gt; should evaluate PROGRESS_KNOWN condition" time="0.000081625">
        </testcase>
        <testcase classname="test/cmi/scorm2004/sequencing/rollup_rules_additional.spec.ts" name="Additional RollupRules Tests &gt; RollupRule &gt; setters &gt; should set action" time="0.000093542">
        </testcase>
        <testcase classname="test/cmi/scorm2004/sequencing/rollup_rules_additional.spec.ts" name="Additional RollupRules Tests &gt; RollupRule &gt; setters &gt; should set consideration" time="0.000076834">
        </testcase>
        <testcase classname="test/cmi/scorm2004/sequencing/rollup_rules_additional.spec.ts" name="Additional RollupRules Tests &gt; RollupRule &gt; setters &gt; should set minimumCount with validation" time="0.000099459">
        </testcase>
        <testcase classname="test/cmi/scorm2004/sequencing/rollup_rules_additional.spec.ts" name="Additional RollupRules Tests &gt; RollupRule &gt; setters &gt; should set minimumPercent with validation" time="0.000073708">
        </testcase>
        <testcase classname="test/cmi/scorm2004/sequencing/rollup_rules_additional.spec.ts" name="Additional RollupRules Tests &gt; RollupRules &gt; default rollup behavior &gt; should handle partial completion in default rollup" time="0.000147417">
        </testcase>
        <testcase classname="test/cmi/scorm2004/sequencing/rollup_rules_additional.spec.ts" name="Additional RollupRules Tests &gt; RollupRules &gt; default rollup behavior &gt; should handle partial success in default rollup" time="0.00012825">
        </testcase>
        <testcase classname="test/cmi/scorm2004/sequencing/rollup_rules_additional.spec.ts" name="Additional RollupRules Tests &gt; RollupRules &gt; default rollup behavior &gt; should not change status if no children have definitive status" time="0.000060458">
        </testcase>
        <testcase classname="test/cmi/scorm2004/sequencing/rollup_rules_additional.spec.ts" name="Additional RollupRules Tests &gt; RollupRules &gt; default rollup behavior &gt; should mark activity as completed when all children are completed" time="0.000049625">
        </testcase>
        <testcase classname="test/cmi/scorm2004/sequencing/rollup_rules_additional.spec.ts" name="Additional RollupRules Tests &gt; RollupRules &gt; default rollup behavior &gt; should mark activity as passed when all children are passed" time="0.000038459">
        </testcase>
    </testsuite>
    <testsuite name="test/cmi/scorm2004/sequencing/rule_condition_additional_edge_cases.spec.ts" timestamp="2025-05-05T03:31:08.102Z" hostname="jonathans-macbook-pro-2.mara-rohu.ts.net" tests="10" failures="0" errors="0" skipped="0" time="0.015011875">
        <testcase classname="test/cmi/scorm2004/sequencing/rule_condition_additional_edge_cases.spec.ts" name="RuleCondition Edge Cases &gt; constructor &gt; should initialize with default values when no parameters are provided" time="0.00275125">
        </testcase>
        <testcase classname="test/cmi/scorm2004/sequencing/rule_condition_additional_edge_cases.spec.ts" name="RuleCondition Edge Cases &gt; constructor &gt; should initialize with provided values" time="0.0010725">
        </testcase>
        <testcase classname="test/cmi/scorm2004/sequencing/rule_condition_additional_edge_cases.spec.ts" name="RuleCondition Edge Cases &gt; reset &gt; should reset all properties to their default values" time="0.000179667">
        </testcase>
        <testcase classname="test/cmi/scorm2004/sequencing/rule_condition_additional_edge_cases.spec.ts" name="RuleCondition Edge Cases &gt; evaluate &gt; should handle OBJECTIVE_MEASURE_GREATER_THAN with edge case values" time="0.000177125">
        </testcase>
        <testcase classname="test/cmi/scorm2004/sequencing/rule_condition_additional_edge_cases.spec.ts" name="RuleCondition Edge Cases &gt; evaluate &gt; should handle OBJECTIVE_MEASURE_LESS_THAN with edge case values" time="0.000078166">
        </testcase>
        <testcase classname="test/cmi/scorm2004/sequencing/rule_condition_additional_edge_cases.spec.ts" name="RuleCondition Edge Cases &gt; evaluate &gt; should handle ATTEMPT_LIMIT_EXCEEDED with edge case values" time="0.000109916">
        </testcase>
        <testcase classname="test/cmi/scorm2004/sequencing/rule_condition_additional_edge_cases.spec.ts" name="RuleCondition Edge Cases &gt; evaluate &gt; should handle missing parameters for conditions that require them" time="0.000066584">
        </testcase>
        <testcase classname="test/cmi/scorm2004/sequencing/rule_condition_additional_edge_cases.spec.ts" name="RuleCondition Edge Cases &gt; evaluate &gt; should handle non-boolean objectiveMeasureStatus values" time="0.000062">
        </testcase>
        <testcase classname="test/cmi/scorm2004/sequencing/rule_condition_additional_edge_cases.spec.ts" name="RuleCondition Edge Cases &gt; toJSON &gt; should return an object with the correct properties" time="0.000397375">
        </testcase>
        <testcase classname="test/cmi/scorm2004/sequencing/rule_condition_additional_edge_cases.spec.ts" name="RuleCondition Edge Cases &gt; toJSON &gt; should handle empty parameters" time="0.009508625">
        </testcase>
    </testsuite>
    <testsuite name="test/cmi/scorm2004/sequencing/rule_condition_setters.spec.ts" timestamp="2025-05-05T03:31:08.103Z" hostname="jonathans-macbook-pro-2.mara-rohu.ts.net" tests="6" failures="0" errors="0" skipped="0" time="0.001653">
        <testcase classname="test/cmi/scorm2004/sequencing/rule_condition_setters.spec.ts" name="RuleCondition Setters &gt; condition setter &gt; should set the condition property" time="0.000592333">
        </testcase>
        <testcase classname="test/cmi/scorm2004/sequencing/rule_condition_setters.spec.ts" name="RuleCondition Setters &gt; operator setter &gt; should set the operator property" time="0.000163208">
        </testcase>
        <testcase classname="test/cmi/scorm2004/sequencing/rule_condition_setters.spec.ts" name="RuleCondition Setters &gt; parameters setter &gt; should set the parameters property" time="0.000168917">
        </testcase>
        <testcase classname="test/cmi/scorm2004/sequencing/rule_condition_setters.spec.ts" name="RuleCondition Setters &gt; interaction between setters and evaluate &gt; should use updated condition in evaluate" time="0.000091292">
        </testcase>
        <testcase classname="test/cmi/scorm2004/sequencing/rule_condition_setters.spec.ts" name="RuleCondition Setters &gt; interaction between setters and evaluate &gt; should use updated operator in evaluate" time="0.000047792">
        </testcase>
        <testcase classname="test/cmi/scorm2004/sequencing/rule_condition_setters.spec.ts" name="RuleCondition Setters &gt; interaction between setters and evaluate &gt; should use updated parameters in evaluate" time="0.000094833">
        </testcase>
    </testsuite>
    <testsuite name="test/cmi/scorm2004/sequencing/sequencing.spec.ts" timestamp="2025-05-05T03:31:08.103Z" hostname="jonathans-macbook-pro-2.mara-rohu.ts.net" tests="57" failures="0" errors="0" skipped="0" time="0.011963209">
        <testcase classname="test/cmi/scorm2004/sequencing/sequencing.spec.ts" name="Sequencing &gt; constructor &gt; should initialize with default values" time="0.001263375">
        </testcase>
        <testcase classname="test/cmi/scorm2004/sequencing/sequencing.spec.ts" name="Sequencing &gt; initialize &gt; should initialize all components" time="0.000812917">
        </testcase>
        <testcase classname="test/cmi/scorm2004/sequencing/sequencing.spec.ts" name="Sequencing &gt; reset &gt; should reset all components" time="0.000315375">
        </testcase>
        <testcase classname="test/cmi/scorm2004/sequencing/sequencing.spec.ts" name="Sequencing &gt; property getters and setters &gt; should set and get activityTree property" time="0.000125375">
        </testcase>
        <testcase classname="test/cmi/scorm2004/sequencing/sequencing.spec.ts" name="Sequencing &gt; property getters and setters &gt; should throw error if activityTree is not an ActivityTree" time="0.000265625">
        </testcase>
        <testcase classname="test/cmi/scorm2004/sequencing/sequencing.spec.ts" name="Sequencing &gt; property getters and setters &gt; should set and get sequencingRules property" time="0.000078958">
        </testcase>
        <testcase classname="test/cmi/scorm2004/sequencing/sequencing.spec.ts" name="Sequencing &gt; property getters and setters &gt; should throw error if sequencingRules is not a SequencingRules" time="0.000068833">
        </testcase>
        <testcase classname="test/cmi/scorm2004/sequencing/sequencing.spec.ts" name="Sequencing &gt; property getters and setters &gt; should set and get sequencingControls property" time="0.000094375">
        </testcase>
        <testcase classname="test/cmi/scorm2004/sequencing/sequencing.spec.ts" name="Sequencing &gt; property getters and setters &gt; should throw error if sequencingControls is not a SequencingControls" time="0.000118">
        </testcase>
        <testcase classname="test/cmi/scorm2004/sequencing/sequencing.spec.ts" name="Sequencing &gt; property getters and setters &gt; should set and get rollupRules property" time="0.000065416">
        </testcase>
        <testcase classname="test/cmi/scorm2004/sequencing/sequencing.spec.ts" name="Sequencing &gt; property getters and setters &gt; should throw error if rollupRules is not a RollupRules" time="0.000051125">
        </testcase>
        <testcase classname="test/cmi/scorm2004/sequencing/sequencing.spec.ts" name="Sequencing &gt; property getters and setters &gt; should set and get adlNav property" time="0.000073542">
        </testcase>
        <testcase classname="test/cmi/scorm2004/sequencing/sequencing.spec.ts" name="Sequencing &gt; processNavigationRequest &gt; should return false if adlNav is null" time="0.000059875">
        </testcase>
        <testcase classname="test/cmi/scorm2004/sequencing/sequencing.spec.ts" name="Sequencing &gt; processNavigationRequest &gt; should return false if currentActivity is null" time="0.000311166">
        </testcase>
        <testcase classname="test/cmi/scorm2004/sequencing/sequencing.spec.ts" name="Sequencing &gt; processNavigationRequest &gt; should set the navigation request on adlNav" time="0.00074275">
        </testcase>
        <testcase classname="test/cmi/scorm2004/sequencing/sequencing.spec.ts" name="Sequencing &gt; processNavigationRequest &gt; should evaluate pre-condition rules" time="0.000302584">
        </testcase>
        <testcase classname="test/cmi/scorm2004/sequencing/sequencing.spec.ts" name="Sequencing &gt; processNavigationRequest &gt; should return false if pre-condition rules return SKIP" time="0.00013225">
        </testcase>
        <testcase classname="test/cmi/scorm2004/sequencing/sequencing.spec.ts" name="Sequencing &gt; processNavigationRequest &gt; should return false if pre-condition rules return DISABLED" time="0.000064625">
        </testcase>
        <testcase classname="test/cmi/scorm2004/sequencing/sequencing.spec.ts" name="Sequencing &gt; processNavigationRequest &gt; should return false if pre-condition rules return HIDE_FROM_CHOICE" time="0.0000585">
        </testcase>
        <testcase classname="test/cmi/scorm2004/sequencing/sequencing.spec.ts" name="Sequencing &gt; processNavigationRequest &gt; should return false if pre-condition rules return STOP_FORWARD_TRAVERSAL" time="0.000104125">
        </testcase>
        <testcase classname="test/cmi/scorm2004/sequencing/sequencing.spec.ts" name="Sequencing &gt; processNavigationRequest &gt; should call processContinueRequest for continue request" time="0.000104042">
        </testcase>
        <testcase classname="test/cmi/scorm2004/sequencing/sequencing.spec.ts" name="Sequencing &gt; processNavigationRequest &gt; should call processPreviousRequest for previous request" time="0.000204292">
        </testcase>
        <testcase classname="test/cmi/scorm2004/sequencing/sequencing.spec.ts" name="Sequencing &gt; processNavigationRequest &gt; should call processExitRequest for exit request" time="0.000127">
        </testcase>
        <testcase classname="test/cmi/scorm2004/sequencing/sequencing.spec.ts" name="Sequencing &gt; processNavigationRequest &gt; should call processExitAllRequest for exitAll request" time="0.000073666">
        </testcase>
        <testcase classname="test/cmi/scorm2004/sequencing/sequencing.spec.ts" name="Sequencing &gt; processNavigationRequest &gt; should call processAbandonRequest for abandon request" time="0.000122375">
        </testcase>
        <testcase classname="test/cmi/scorm2004/sequencing/sequencing.spec.ts" name="Sequencing &gt; processNavigationRequest &gt; should call processAbandonAllRequest for abandonAll request" time="0.000128125">
        </testcase>
        <testcase classname="test/cmi/scorm2004/sequencing/sequencing.spec.ts" name="Sequencing &gt; processNavigationRequest &gt; should call processSuspendAllRequest for suspendAll request" time="0.000101417">
        </testcase>
        <testcase classname="test/cmi/scorm2004/sequencing/sequencing.spec.ts" name="Sequencing &gt; processNavigationRequest &gt; should return false for choice request without implementation" time="0.000046208">
        </testcase>
        <testcase classname="test/cmi/scorm2004/sequencing/sequencing.spec.ts" name="Sequencing &gt; processNavigationRequest &gt; should throw an error for unknown request" time="0.000262708">
        </testcase>
        <testcase classname="test/cmi/scorm2004/sequencing/sequencing.spec.ts" name="Sequencing &gt; processContinueRequest &gt; should return false if forward navigation is not allowed" time="0.000061041">
        </testcase>
        <testcase classname="test/cmi/scorm2004/sequencing/sequencing.spec.ts" name="Sequencing &gt; processContinueRequest &gt; should return false if there is no next activity" time="0.000055292">
        </testcase>
        <testcase classname="test/cmi/scorm2004/sequencing/sequencing.spec.ts" name="Sequencing &gt; processContinueRequest &gt; should evaluate exit condition rules" time="0.00011925">
        </testcase>
        <testcase classname="test/cmi/scorm2004/sequencing/sequencing.spec.ts" name="Sequencing &gt; processContinueRequest &gt; should set next activity as current activity" time="0.000092459">
        </testcase>
        <testcase classname="test/cmi/scorm2004/sequencing/sequencing.spec.ts" name="Sequencing &gt; processContinueRequest &gt; should evaluate post-condition rules" time="0.0001365">
        </testcase>
        <testcase classname="test/cmi/scorm2004/sequencing/sequencing.spec.ts" name="Sequencing &gt; processContinueRequest &gt; should handle EXIT_PARENT action from exit condition rules" time="0.00012075">
        </testcase>
        <testcase classname="test/cmi/scorm2004/sequencing/sequencing.spec.ts" name="Sequencing &gt; processContinueRequest &gt; should handle EXIT_ALL action from exit condition rules" time="0.000129667">
        </testcase>
        <testcase classname="test/cmi/scorm2004/sequencing/sequencing.spec.ts" name="Sequencing &gt; processContinueRequest &gt; should handle RETRY action from post condition rules" time="0.00009375">
        </testcase>
        <testcase classname="test/cmi/scorm2004/sequencing/sequencing.spec.ts" name="Sequencing &gt; processContinueRequest &gt; should handle RETRY_ALL action from post condition rules" time="0.000114916">
        </testcase>
        <testcase classname="test/cmi/scorm2004/sequencing/sequencing.spec.ts" name="Sequencing &gt; processPreviousRequest &gt; should return false if backward navigation is not allowed" time="0.000055042">
        </testcase>
        <testcase classname="test/cmi/scorm2004/sequencing/sequencing.spec.ts" name="Sequencing &gt; processPreviousRequest &gt; should return false if there is no previous activity" time="0.000563708">
        </testcase>
        <testcase classname="test/cmi/scorm2004/sequencing/sequencing.spec.ts" name="Sequencing &gt; processPreviousRequest &gt; should evaluate exit condition rules" time="0.000475709">
        </testcase>
        <testcase classname="test/cmi/scorm2004/sequencing/sequencing.spec.ts" name="Sequencing &gt; processPreviousRequest &gt; should set previous activity as current activity" time="0.000402666">
        </testcase>
        <testcase classname="test/cmi/scorm2004/sequencing/sequencing.spec.ts" name="Sequencing &gt; processPreviousRequest &gt; should evaluate post-condition rules" time="0.000297333">
        </testcase>
        <testcase classname="test/cmi/scorm2004/sequencing/sequencing.spec.ts" name="Sequencing &gt; processPreviousRequest &gt; should handle EXIT_PARENT action from exit condition rules" time="0.000505541">
        </testcase>
        <testcase classname="test/cmi/scorm2004/sequencing/sequencing.spec.ts" name="Sequencing &gt; processExitRequest &gt; should return false if choice exit is not allowed" time="0.000124">
        </testcase>
        <testcase classname="test/cmi/scorm2004/sequencing/sequencing.spec.ts" name="Sequencing &gt; processExitRequest &gt; should return false if activity has no parent" time="0.000122917">
        </testcase>
        <testcase classname="test/cmi/scorm2004/sequencing/sequencing.spec.ts" name="Sequencing &gt; processExitRequest &gt; should set parent as current activity" time="0.00012">
        </testcase>
        <testcase classname="test/cmi/scorm2004/sequencing/sequencing.spec.ts" name="Sequencing &gt; processExitAllRequest &gt; should return false if choice exit is not allowed" time="0.000064333">
        </testcase>
        <testcase classname="test/cmi/scorm2004/sequencing/sequencing.spec.ts" name="Sequencing &gt; processExitAllRequest &gt; should set current activity to null" time="0.000104583">
        </testcase>
        <testcase classname="test/cmi/scorm2004/sequencing/sequencing.spec.ts" name="Sequencing &gt; processAbandonRequest &gt; should return false if activity has no parent" time="0.000056042">
        </testcase>
        <testcase classname="test/cmi/scorm2004/sequencing/sequencing.spec.ts" name="Sequencing &gt; processAbandonRequest &gt; should set parent as current activity without processing exit rules" time="0.000120667">
        </testcase>
        <testcase classname="test/cmi/scorm2004/sequencing/sequencing.spec.ts" name="Sequencing &gt; processAbandonAllRequest &gt; should set current activity to null without processing exit rules" time="0.000079125">
        </testcase>
        <testcase classname="test/cmi/scorm2004/sequencing/sequencing.spec.ts" name="Sequencing &gt; processSuspendAllRequest &gt; should set suspended activity and clear current activity" time="0.000110917">
        </testcase>
        <testcase classname="test/cmi/scorm2004/sequencing/sequencing.spec.ts" name="Sequencing &gt; processRollup &gt; should do nothing if root is null" time="0.000085416">
        </testcase>
        <testcase classname="test/cmi/scorm2004/sequencing/sequencing.spec.ts" name="Sequencing &gt; processRollup &gt; should process rollup for the root activity" time="0.000159542">
        </testcase>
        <testcase classname="test/cmi/scorm2004/sequencing/sequencing.spec.ts" name="Sequencing &gt; _processRollupRecursive &gt; should process rollup for children first, then for the activity" time="0.000193958">
        </testcase>
        <testcase classname="test/cmi/scorm2004/sequencing/sequencing.spec.ts" name="Sequencing &gt; toJSON &gt; should return a JSON representation of the sequencing object" time="0.000179792">
        </testcase>
    </testsuite>
    <testsuite name="test/cmi/scorm2004/sequencing/sequencing_additional.spec.ts" timestamp="2025-05-05T03:31:08.105Z" hostname="jonathans-macbook-pro-2.mara-rohu.ts.net" tests="8" failures="0" errors="0" skipped="0" time="0.003984833">
        <testcase classname="test/cmi/scorm2004/sequencing/sequencing_additional.spec.ts" name="Additional Sequencing Tests &gt; processNavigationRequest &gt; should throw an error for unknown request" time="0.001084625">
        </testcase>
        <testcase classname="test/cmi/scorm2004/sequencing/sequencing_additional.spec.ts" name="Additional Sequencing Tests &gt; processContinueRequest &gt; should handle CONTINUE post-condition action" time="0.001100125">
        </testcase>
        <testcase classname="test/cmi/scorm2004/sequencing/sequencing_additional.spec.ts" name="Additional Sequencing Tests &gt; processContinueRequest &gt; should handle PREVIOUS post-condition action" time="0.000430709">
        </testcase>
        <testcase classname="test/cmi/scorm2004/sequencing/sequencing_additional.spec.ts" name="Additional Sequencing Tests &gt; processContinueRequest &gt; should handle EXIT post-condition action" time="0.000282167">
        </testcase>
        <testcase classname="test/cmi/scorm2004/sequencing/sequencing_additional.spec.ts" name="Additional Sequencing Tests &gt; processPreviousRequest &gt; should handle CONTINUE post-condition action" time="0.00016225">
        </testcase>
        <testcase classname="test/cmi/scorm2004/sequencing/sequencing_additional.spec.ts" name="Additional Sequencing Tests &gt; processPreviousRequest &gt; should handle PREVIOUS post-condition action" time="0.000172416">
        </testcase>
        <testcase classname="test/cmi/scorm2004/sequencing/sequencing_additional.spec.ts" name="Additional Sequencing Tests &gt; processPreviousRequest &gt; should handle EXIT post-condition action" time="0.000182208">
        </testcase>
        <testcase classname="test/cmi/scorm2004/sequencing/sequencing_additional.spec.ts" name="Additional Sequencing Tests &gt; _handleExitConditionAction &gt; should return false when EXIT_PARENT is returned but activity has no parent" time="0.000056375">
        </testcase>
    </testsuite>
    <testsuite name="test/cmi/scorm2004/sequencing/sequencing_controls.spec.ts" timestamp="2025-05-05T03:31:08.106Z" hostname="jonathans-macbook-pro-2.mara-rohu.ts.net" tests="19" failures="0" errors="0" skipped="0" time="0.003147042">
        <testcase classname="test/cmi/scorm2004/sequencing/sequencing_controls.spec.ts" name="SequencingControls &gt; constructor &gt; should initialize with default values" time="0.0007235">
        </testcase>
        <testcase classname="test/cmi/scorm2004/sequencing/sequencing_controls.spec.ts" name="SequencingControls &gt; reset &gt; should reset all properties to default values" time="0.000197666">
        </testcase>
        <testcase classname="test/cmi/scorm2004/sequencing/sequencing_controls.spec.ts" name="SequencingControls &gt; property getters and setters &gt; should set and get enabled property" time="0.000080875">
        </testcase>
        <testcase classname="test/cmi/scorm2004/sequencing/sequencing_controls.spec.ts" name="SequencingControls &gt; property getters and setters &gt; should set and get choiceExit property" time="0.00004475">
        </testcase>
        <testcase classname="test/cmi/scorm2004/sequencing/sequencing_controls.spec.ts" name="SequencingControls &gt; property getters and setters &gt; should set and get flow property" time="0.000034584">
        </testcase>
        <testcase classname="test/cmi/scorm2004/sequencing/sequencing_controls.spec.ts" name="SequencingControls &gt; property getters and setters &gt; should set and get forwardOnly property" time="0.000068917">
        </testcase>
        <testcase classname="test/cmi/scorm2004/sequencing/sequencing_controls.spec.ts" name="SequencingControls &gt; property getters and setters &gt; should set and get useCurrentAttemptObjectiveInfo property" time="0.000035">
        </testcase>
        <testcase classname="test/cmi/scorm2004/sequencing/sequencing_controls.spec.ts" name="SequencingControls &gt; property getters and setters &gt; should set and get useCurrentAttemptProgressInfo property" time="0.000029917">
        </testcase>
        <testcase classname="test/cmi/scorm2004/sequencing/sequencing_controls.spec.ts" name="SequencingControls &gt; property getters and setters &gt; should set and get preventActivation property" time="0.000073875">
        </testcase>
        <testcase classname="test/cmi/scorm2004/sequencing/sequencing_controls.spec.ts" name="SequencingControls &gt; property getters and setters &gt; should set and get constrainChoice property" time="0.000090625">
        </testcase>
        <testcase classname="test/cmi/scorm2004/sequencing/sequencing_controls.spec.ts" name="SequencingControls &gt; property getters and setters &gt; should set and get rollupObjectiveSatisfied property" time="0.000034375">
        </testcase>
        <testcase classname="test/cmi/scorm2004/sequencing/sequencing_controls.spec.ts" name="SequencingControls &gt; property getters and setters &gt; should set and get rollupProgressCompletion property" time="0.000027458">
        </testcase>
        <testcase classname="test/cmi/scorm2004/sequencing/sequencing_controls.spec.ts" name="SequencingControls &gt; property getters and setters &gt; should set and get objectiveMeasureWeight property" time="0.000028167">
        </testcase>
        <testcase classname="test/cmi/scorm2004/sequencing/sequencing_controls.spec.ts" name="SequencingControls &gt; property getters and setters &gt; should not set objectiveMeasureWeight outside valid range" time="0.00017075">
        </testcase>
        <testcase classname="test/cmi/scorm2004/sequencing/sequencing_controls.spec.ts" name="SequencingControls &gt; navigation methods &gt; isChoiceNavigationAllowed should return correct value" time="0.0000745">
        </testcase>
        <testcase classname="test/cmi/scorm2004/sequencing/sequencing_controls.spec.ts" name="SequencingControls &gt; navigation methods &gt; isFlowNavigationAllowed should return correct value" time="0.00008975">
        </testcase>
        <testcase classname="test/cmi/scorm2004/sequencing/sequencing_controls.spec.ts" name="SequencingControls &gt; navigation methods &gt; isForwardNavigationAllowed should return correct value" time="0.000070875">
        </testcase>
        <testcase classname="test/cmi/scorm2004/sequencing/sequencing_controls.spec.ts" name="SequencingControls &gt; navigation methods &gt; isBackwardNavigationAllowed should return correct value" time="0.000058833">
        </testcase>
        <testcase classname="test/cmi/scorm2004/sequencing/sequencing_controls.spec.ts" name="SequencingControls &gt; toJSON &gt; should return a JSON representation of the controls" time="0.000516583">
        </testcase>
    </testsuite>
    <testsuite name="test/cmi/scorm2004/sequencing/sequencing_rule_additional_edge_cases.spec.ts" timestamp="2025-05-05T03:31:08.106Z" hostname="jonathans-macbook-pro-2.mara-rohu.ts.net" tests="14" failures="0" errors="0" skipped="0" time="0.002787125">
        <testcase classname="test/cmi/scorm2004/sequencing/sequencing_rule_additional_edge_cases.spec.ts" name="SequencingRule Edge Cases &gt; constructor &gt; should initialize with default values when no parameters are provided" time="0.000534416">
        </testcase>
        <testcase classname="test/cmi/scorm2004/sequencing/sequencing_rule_additional_edge_cases.spec.ts" name="SequencingRule Edge Cases &gt; constructor &gt; should initialize with provided values" time="0.00014225">
        </testcase>
        <testcase classname="test/cmi/scorm2004/sequencing/sequencing_rule_additional_edge_cases.spec.ts" name="SequencingRule Edge Cases &gt; reset &gt; should reset all properties to their default values" time="0.000181333">
        </testcase>
        <testcase classname="test/cmi/scorm2004/sequencing/sequencing_rule_additional_edge_cases.spec.ts" name="SequencingRule Edge Cases &gt; addCondition &gt; should add a condition to the conditions array" time="0.000061167">
        </testcase>
        <testcase classname="test/cmi/scorm2004/sequencing/sequencing_rule_additional_edge_cases.spec.ts" name="SequencingRule Edge Cases &gt; addCondition &gt; should throw an error if the condition is not a RuleCondition" time="0.000335292">
        </testcase>
        <testcase classname="test/cmi/scorm2004/sequencing/sequencing_rule_additional_edge_cases.spec.ts" name="SequencingRule Edge Cases &gt; addCondition &gt; should not add duplicate conditions" time="0.000042916">
        </testcase>
        <testcase classname="test/cmi/scorm2004/sequencing/sequencing_rule_additional_edge_cases.spec.ts" name="SequencingRule Edge Cases &gt; removeCondition &gt; should remove a condition from the conditions array" time="0.000102042">
        </testcase>
        <testcase classname="test/cmi/scorm2004/sequencing/sequencing_rule_additional_edge_cases.spec.ts" name="SequencingRule Edge Cases &gt; removeCondition &gt; should throw an error if the condition is not a RuleCondition" time="0.000066958">
        </testcase>
        <testcase classname="test/cmi/scorm2004/sequencing/sequencing_rule_additional_edge_cases.spec.ts" name="SequencingRule Edge Cases &gt; removeCondition &gt; should not throw an error if the condition is not in the array" time="0.00013525">
        </testcase>
        <testcase classname="test/cmi/scorm2004/sequencing/sequencing_rule_additional_edge_cases.spec.ts" name="SequencingRule Edge Cases &gt; evaluate &gt; should return true if there are no conditions" time="0.000101">
        </testcase>
        <testcase classname="test/cmi/scorm2004/sequencing/sequencing_rule_additional_edge_cases.spec.ts" name="SequencingRule Edge Cases &gt; evaluate &gt; should evaluate &apos;all&apos; condition combination correctly" time="0.000101792">
        </testcase>
        <testcase classname="test/cmi/scorm2004/sequencing/sequencing_rule_additional_edge_cases.spec.ts" name="SequencingRule Edge Cases &gt; evaluate &gt; should evaluate &apos;any&apos; condition combination correctly" time="0.000056167">
        </testcase>
        <testcase classname="test/cmi/scorm2004/sequencing/sequencing_rule_additional_edge_cases.spec.ts" name="SequencingRule Edge Cases &gt; evaluate &gt; should return false for invalid condition combination" time="0.000037583">
        </testcase>
        <testcase classname="test/cmi/scorm2004/sequencing/sequencing_rule_additional_edge_cases.spec.ts" name="SequencingRule Edge Cases &gt; toJSON &gt; should return an object with the correct properties" time="0.000282917">
        </testcase>
    </testsuite>
    <testsuite name="test/cmi/scorm2004/sequencing/sequencing_rules.spec.ts" timestamp="2025-05-05T03:31:08.107Z" hostname="jonathans-macbook-pro-2.mara-rohu.ts.net" tests="34" failures="0" errors="0" skipped="0" time="0.005356541">
        <testcase classname="test/cmi/scorm2004/sequencing/sequencing_rules.spec.ts" name="SequencingRules &gt; RuleCondition &gt; constructor &gt; should initialize with default values" time="0.00058375">
        </testcase>
        <testcase classname="test/cmi/scorm2004/sequencing/sequencing_rules.spec.ts" name="SequencingRules &gt; RuleCondition &gt; constructor &gt; should initialize with provided values" time="0.00010225">
        </testcase>
        <testcase classname="test/cmi/scorm2004/sequencing/sequencing_rules.spec.ts" name="SequencingRules &gt; RuleCondition &gt; reset &gt; should reset initialized flag" time="0.000073208">
        </testcase>
        <testcase classname="test/cmi/scorm2004/sequencing/sequencing_rules.spec.ts" name="SequencingRules &gt; RuleCondition &gt; evaluate &gt; should evaluate SATISFIED condition" time="0.000168375">
        </testcase>
        <testcase classname="test/cmi/scorm2004/sequencing/sequencing_rules.spec.ts" name="SequencingRules &gt; RuleCondition &gt; evaluate &gt; should evaluate OBJECTIVE_MEASURE_GREATER_THAN condition" time="0.000089583">
        </testcase>
        <testcase classname="test/cmi/scorm2004/sequencing/sequencing_rules.spec.ts" name="SequencingRules &gt; RuleCondition &gt; evaluate &gt; should evaluate COMPLETED condition" time="0.000052125">
        </testcase>
        <testcase classname="test/cmi/scorm2004/sequencing/sequencing_rules.spec.ts" name="SequencingRules &gt; RuleCondition &gt; evaluate &gt; should evaluate ALWAYS condition" time="0.000074791">
        </testcase>
        <testcase classname="test/cmi/scorm2004/sequencing/sequencing_rules.spec.ts" name="SequencingRules &gt; RuleCondition &gt; toJSON &gt; should return a JSON representation of the condition" time="0.000466375">
        </testcase>
        <testcase classname="test/cmi/scorm2004/sequencing/sequencing_rules.spec.ts" name="SequencingRules &gt; SequencingRule &gt; constructor &gt; should initialize with default values" time="0.00009275">
        </testcase>
        <testcase classname="test/cmi/scorm2004/sequencing/sequencing_rules.spec.ts" name="SequencingRules &gt; SequencingRule &gt; constructor &gt; should initialize with provided values" time="0.00011225">
        </testcase>
        <testcase classname="test/cmi/scorm2004/sequencing/sequencing_rules.spec.ts" name="SequencingRules &gt; SequencingRule &gt; reset &gt; should reset initialized flag and conditions" time="0.000080834">
        </testcase>
        <testcase classname="test/cmi/scorm2004/sequencing/sequencing_rules.spec.ts" name="SequencingRules &gt; SequencingRule &gt; addCondition &gt; should add a condition to the rule" time="0.000334833">
        </testcase>
        <testcase classname="test/cmi/scorm2004/sequencing/sequencing_rules.spec.ts" name="SequencingRules &gt; SequencingRule &gt; addCondition &gt; should throw an error if condition is not a RuleCondition" time="0.000184333">
        </testcase>
        <testcase classname="test/cmi/scorm2004/sequencing/sequencing_rules.spec.ts" name="SequencingRules &gt; SequencingRule &gt; removeCondition &gt; should remove a condition from the rule" time="0.000228834">
        </testcase>
        <testcase classname="test/cmi/scorm2004/sequencing/sequencing_rules.spec.ts" name="SequencingRules &gt; SequencingRule &gt; removeCondition &gt; should return false if condition is not found" time="0.000045042">
        </testcase>
        <testcase classname="test/cmi/scorm2004/sequencing/sequencing_rules.spec.ts" name="SequencingRules &gt; SequencingRule &gt; evaluate &gt; should return true if there are no conditions" time="0.000078167">
        </testcase>
        <testcase classname="test/cmi/scorm2004/sequencing/sequencing_rules.spec.ts" name="SequencingRules &gt; SequencingRule &gt; evaluate &gt; should evaluate conditions with AND combination" time="0.000073042">
        </testcase>
        <testcase classname="test/cmi/scorm2004/sequencing/sequencing_rules.spec.ts" name="SequencingRules &gt; SequencingRule &gt; evaluate &gt; should evaluate conditions with OR combination" time="0.000068709">
        </testcase>
        <testcase classname="test/cmi/scorm2004/sequencing/sequencing_rules.spec.ts" name="SequencingRules &gt; SequencingRule &gt; toJSON &gt; should return a JSON representation of the rule" time="0.000093834">
        </testcase>
        <testcase classname="test/cmi/scorm2004/sequencing/sequencing_rules.spec.ts" name="SequencingRules &gt; SequencingRules &gt; constructor &gt; should initialize with empty rule arrays" time="0.000485375">
        </testcase>
        <testcase classname="test/cmi/scorm2004/sequencing/sequencing_rules.spec.ts" name="SequencingRules &gt; SequencingRules &gt; reset &gt; should reset initialized flag and rule arrays" time="0.000147041">
        </testcase>
        <testcase classname="test/cmi/scorm2004/sequencing/sequencing_rules.spec.ts" name="SequencingRules &gt; SequencingRules &gt; addPreConditionRule &gt; should add a rule to preConditionRules" time="0.00010325">
        </testcase>
        <testcase classname="test/cmi/scorm2004/sequencing/sequencing_rules.spec.ts" name="SequencingRules &gt; SequencingRules &gt; addPreConditionRule &gt; should throw an error if rule is not a SequencingRule" time="0.000042333">
        </testcase>
        <testcase classname="test/cmi/scorm2004/sequencing/sequencing_rules.spec.ts" name="SequencingRules &gt; SequencingRules &gt; addExitConditionRule &gt; should add a rule to exitConditionRules" time="0.00007625">
        </testcase>
        <testcase classname="test/cmi/scorm2004/sequencing/sequencing_rules.spec.ts" name="SequencingRules &gt; SequencingRules &gt; addExitConditionRule &gt; should throw an error if rule is not a SequencingRule" time="0.000034916">
        </testcase>
        <testcase classname="test/cmi/scorm2004/sequencing/sequencing_rules.spec.ts" name="SequencingRules &gt; SequencingRules &gt; addPostConditionRule &gt; should add a rule to postConditionRules" time="0.000058875">
        </testcase>
        <testcase classname="test/cmi/scorm2004/sequencing/sequencing_rules.spec.ts" name="SequencingRules &gt; SequencingRules &gt; addPostConditionRule &gt; should throw an error if rule is not a SequencingRule" time="0.000033542">
        </testcase>
        <testcase classname="test/cmi/scorm2004/sequencing/sequencing_rules.spec.ts" name="SequencingRules &gt; SequencingRules &gt; evaluatePreConditionRules &gt; should return null if no rules match" time="0.000048625">
        </testcase>
        <testcase classname="test/cmi/scorm2004/sequencing/sequencing_rules.spec.ts" name="SequencingRules &gt; SequencingRules &gt; evaluatePreConditionRules &gt; should return the action of the first matching rule" time="0.000088375">
        </testcase>
        <testcase classname="test/cmi/scorm2004/sequencing/sequencing_rules.spec.ts" name="SequencingRules &gt; SequencingRules &gt; evaluateExitConditionRules &gt; should return null if no rules match" time="0.000046917">
        </testcase>
        <testcase classname="test/cmi/scorm2004/sequencing/sequencing_rules.spec.ts" name="SequencingRules &gt; SequencingRules &gt; evaluateExitConditionRules &gt; should return the action of the first matching rule" time="0.000035125">
        </testcase>
        <testcase classname="test/cmi/scorm2004/sequencing/sequencing_rules.spec.ts" name="SequencingRules &gt; SequencingRules &gt; evaluatePostConditionRules &gt; should return null if no rules match" time="0.000035375">
        </testcase>
        <testcase classname="test/cmi/scorm2004/sequencing/sequencing_rules.spec.ts" name="SequencingRules &gt; SequencingRules &gt; evaluatePostConditionRules &gt; should return the action of the first matching rule" time="0.00003375">
        </testcase>
        <testcase classname="test/cmi/scorm2004/sequencing/sequencing_rules.spec.ts" name="SequencingRules &gt; SequencingRules &gt; toJSON &gt; should return a JSON representation of the rules" time="0.000144">
        </testcase>
    </testsuite>
    <testsuite name="test/cmi/scorm2004/sequencing/sequencing_rules_additional.spec.ts" timestamp="2025-05-05T03:31:08.109Z" hostname="jonathans-macbook-pro-2.mara-rohu.ts.net" tests="11" failures="0" errors="0" skipped="0" time="0.002104333">
        <testcase classname="test/cmi/scorm2004/sequencing/sequencing_rules_additional.spec.ts" name="Additional SequencingRules Tests &gt; RuleCondition &gt; evaluate &gt; should evaluate OBJECTIVE_STATUS_KNOWN condition" time="0.000591625">
        </testcase>
        <testcase classname="test/cmi/scorm2004/sequencing/sequencing_rules_additional.spec.ts" name="Additional SequencingRules Tests &gt; RuleCondition &gt; evaluate &gt; should evaluate OBJECTIVE_MEASURE_KNOWN condition" time="0.000126">
        </testcase>
        <testcase classname="test/cmi/scorm2004/sequencing/sequencing_rules_additional.spec.ts" name="Additional SequencingRules Tests &gt; RuleCondition &gt; evaluate &gt; should evaluate OBJECTIVE_MEASURE_LESS_THAN condition" time="0.000165125">
        </testcase>
        <testcase classname="test/cmi/scorm2004/sequencing/sequencing_rules_additional.spec.ts" name="Additional SequencingRules Tests &gt; RuleCondition &gt; evaluate &gt; should evaluate PROGRESS_KNOWN condition" time="0.000087666">
        </testcase>
        <testcase classname="test/cmi/scorm2004/sequencing/sequencing_rules_additional.spec.ts" name="Additional SequencingRules Tests &gt; RuleCondition &gt; evaluate &gt; should evaluate ATTEMPTED condition" time="0.00010425">
        </testcase>
        <testcase classname="test/cmi/scorm2004/sequencing/sequencing_rules_additional.spec.ts" name="Additional SequencingRules Tests &gt; RuleCondition &gt; evaluate &gt; should evaluate ATTEMPT_LIMIT_EXCEEDED condition" time="0.000079042">
        </testcase>
        <testcase classname="test/cmi/scorm2004/sequencing/sequencing_rules_additional.spec.ts" name="Additional SequencingRules Tests &gt; RuleCondition &gt; evaluate &gt; should evaluate TIME_LIMIT_EXCEEDED condition" time="0.000125042">
        </testcase>
        <testcase classname="test/cmi/scorm2004/sequencing/sequencing_rules_additional.spec.ts" name="Additional SequencingRules Tests &gt; RuleCondition &gt; evaluate &gt; should evaluate OUTSIDE_AVAILABLE_TIME_RANGE condition" time="0.000035625">
        </testcase>
        <testcase classname="test/cmi/scorm2004/sequencing/sequencing_rules_additional.spec.ts" name="Additional SequencingRules Tests &gt; RuleCondition &gt; evaluate &gt; should apply NOT operator to condition result" time="0.000114542">
        </testcase>
        <testcase classname="test/cmi/scorm2004/sequencing/sequencing_rules_additional.spec.ts" name="Additional SequencingRules Tests &gt; RuleCondition &gt; evaluate &gt; should handle unknown condition types" time="0.000053625">
        </testcase>
        <testcase classname="test/cmi/scorm2004/sequencing/sequencing_rules_additional.spec.ts" name="Additional SequencingRules Tests &gt; SequencingRule &gt; evaluate &gt; should return false if conditionCombination is neither AND nor OR" time="0.000083">
        </testcase>
    </testsuite>
    <testsuite name="test/cmi/scorm2004/sequencing/sequencing_rules_additional_edge_cases.spec.ts" timestamp="2025-05-05T03:31:08.109Z" hostname="jonathans-macbook-pro-2.mara-rohu.ts.net" tests="8" failures="0" errors="0" skipped="0" time="0.002328833">
        <testcase classname="test/cmi/scorm2004/sequencing/sequencing_rules_additional_edge_cases.spec.ts" name="SequencingRules Edge Cases &gt; evaluatePreConditionRules &gt; should return null when there are no pre-condition rules" time="0.000531166">
        </testcase>
        <testcase classname="test/cmi/scorm2004/sequencing/sequencing_rules_additional_edge_cases.spec.ts" name="SequencingRules Edge Cases &gt; evaluatePreConditionRules &gt; should return the action of the first rule that evaluates to true when multiple rules match" time="0.000199958">
        </testcase>
        <testcase classname="test/cmi/scorm2004/sequencing/sequencing_rules_additional_edge_cases.spec.ts" name="SequencingRules Edge Cases &gt; evaluatePreConditionRules &gt; should handle a rule with null action" time="0.000165083">
        </testcase>
        <testcase classname="test/cmi/scorm2004/sequencing/sequencing_rules_additional_edge_cases.spec.ts" name="SequencingRules Edge Cases &gt; evaluateExitConditionRules &gt; should return null when there are no exit condition rules" time="0.000069042">
        </testcase>
        <testcase classname="test/cmi/scorm2004/sequencing/sequencing_rules_additional_edge_cases.spec.ts" name="SequencingRules Edge Cases &gt; evaluateExitConditionRules &gt; should return the action of the first rule that evaluates to true when multiple rules match" time="0.000073583">
        </testcase>
        <testcase classname="test/cmi/scorm2004/sequencing/sequencing_rules_additional_edge_cases.spec.ts" name="SequencingRules Edge Cases &gt; evaluatePostConditionRules &gt; should return null when there are no post-condition rules" time="0.000042417">
        </testcase>
        <testcase classname="test/cmi/scorm2004/sequencing/sequencing_rules_additional_edge_cases.spec.ts" name="SequencingRules Edge Cases &gt; evaluatePostConditionRules &gt; should return the action of the first rule that evaluates to true when multiple rules match" time="0.000119875">
        </testcase>
        <testcase classname="test/cmi/scorm2004/sequencing/sequencing_rules_additional_edge_cases.spec.ts" name="SequencingRules Edge Cases &gt; toJSON &gt; should return an object with the correct properties" time="0.000639375">
        </testcase>
    </testsuite>
    <testsuite name="test/cmi/scorm2004/sequencing/sequencing_rules_setters.spec.ts" timestamp="2025-05-05T03:31:08.110Z" hostname="jonathans-macbook-pro-2.mara-rohu.ts.net" tests="1" failures="0" errors="0" skipped="0" time="0.001091417">
        <testcase classname="test/cmi/scorm2004/sequencing/sequencing_rules_setters.spec.ts" name="Sequencing Rules Setters &gt; action setter &gt; should set the action property" time="0.000673917">
        </testcase>
    </testsuite>
</testsuites>
