<?xml version="1.0" encoding="UTF-8" ?>
<testsuites name="vitest tests" tests="3275" failures="0" errors="0" time="0.899158748">
    <testsuite name="test/api/AICC.spec.ts" timestamp="2025-05-05T03:40:24.952Z" hostname="jonathans-macbook-pro-2.mara-rohu.ts.net" tests="47" failures="0" errors="0" skipped="0" time="0.006601959">
        <testcase classname="test/api/AICC.spec.ts" name="AICC API Tests &gt; setCMIValue() &gt; Invalid Sets - Should Always Fail &gt; Field: cmi._version &gt; Should fail to set CMI value for cmi._version" time="0.00101125">
        </testcase>
        <testcase classname="test/api/AICC.spec.ts" name="AICC API Tests &gt; setCMIValue() &gt; Invalid Sets - Should Always Fail &gt; Field: cmi._children &gt; Should fail to set CMI value for cmi._children" time="0.000155125">
        </testcase>
        <testcase classname="test/api/AICC.spec.ts" name="AICC API Tests &gt; setCMIValue() &gt; Invalid Sets - Should Always Fail &gt; Field: cmi.core._children &gt; Should fail to set CMI value for cmi.core._children" time="0.000076416">
        </testcase>
        <testcase classname="test/api/AICC.spec.ts" name="AICC API Tests &gt; setCMIValue() &gt; Invalid Sets - Should Always Fail &gt; Field: cmi.core.score._children &gt; Should fail to set CMI value for cmi.core.score._children" time="0.000074208">
        </testcase>
        <testcase classname="test/api/AICC.spec.ts" name="AICC API Tests &gt; setCMIValue() &gt; Invalid Sets - Should Always Fail &gt; Field: cmi.objectives._children &gt; Should fail to set CMI value for cmi.objectives._children" time="0.000074041">
        </testcase>
        <testcase classname="test/api/AICC.spec.ts" name="AICC API Tests &gt; setCMIValue() &gt; Invalid Sets - Should Always Fail &gt; Field: cmi.objectives._count &gt; Should fail to set CMI value for cmi.objectives._count" time="0.000057125">
        </testcase>
        <testcase classname="test/api/AICC.spec.ts" name="AICC API Tests &gt; setCMIValue() &gt; Invalid Sets - Should Always Fail &gt; Field: cmi.interactions._children &gt; Should fail to set CMI value for cmi.interactions._children" time="0.000051709">
        </testcase>
        <testcase classname="test/api/AICC.spec.ts" name="AICC API Tests &gt; setCMIValue() &gt; Invalid Sets - Should Always Fail &gt; Field: cmi.interactions._count &gt; Should fail to set CMI value for cmi.interactions._count" time="0.00005125">
        </testcase>
        <testcase classname="test/api/AICC.spec.ts" name="AICC API Tests &gt; setCMIValue() &gt; Invalid Sets - Should Always Fail &gt; Field: cmi.interactions.0.objectives._count &gt; Should fail to set CMI value for cmi.interactions.0.objectives._count" time="0.000198875">
        </testcase>
        <testcase classname="test/api/AICC.spec.ts" name="AICC API Tests &gt; setCMIValue() &gt; Invalid Sets - Should Always Fail &gt; Field: cmi.interactions.0.correct_responses._count &gt; Should fail to set CMI value for cmi.interactions.0.correct_responses._count" time="0.00013175">
        </testcase>
        <testcase classname="test/api/AICC.spec.ts" name="AICC API Tests &gt; setCMIValue() &gt; Invalid Sets - Should Fail After Initialization &gt; Field: cmi.launch_data &gt; Should fail to set CMI value for cmi.launch_data" time="0.000101416">
        </testcase>
        <testcase classname="test/api/AICC.spec.ts" name="AICC API Tests &gt; setCMIValue() &gt; Invalid Sets - Should Fail After Initialization &gt; Field: cmi.comments_from_lms &gt; Should fail to set CMI value for cmi.comments_from_lms" time="0.00006325">
        </testcase>
        <testcase classname="test/api/AICC.spec.ts" name="AICC API Tests &gt; setCMIValue() &gt; Invalid Sets - Should Fail After Initialization &gt; Field: cmi.core.student_id &gt; Should fail to set CMI value for cmi.core.student_id" time="0.000058542">
        </testcase>
        <testcase classname="test/api/AICC.spec.ts" name="AICC API Tests &gt; setCMIValue() &gt; Invalid Sets - Should Fail After Initialization &gt; Field: cmi.core.student_name &gt; Should fail to set CMI value for cmi.core.student_name" time="0.000177958">
        </testcase>
        <testcase classname="test/api/AICC.spec.ts" name="AICC API Tests &gt; setCMIValue() &gt; Invalid Sets - Should Fail After Initialization &gt; Field: cmi.core.credit &gt; Should fail to set CMI value for cmi.core.credit" time="0.000061458">
        </testcase>
        <testcase classname="test/api/AICC.spec.ts" name="AICC API Tests &gt; setCMIValue() &gt; Invalid Sets - Should Fail After Initialization &gt; Field: cmi.core.entry &gt; Should fail to set CMI value for cmi.core.entry" time="0.000086833">
        </testcase>
        <testcase classname="test/api/AICC.spec.ts" name="AICC API Tests &gt; setCMIValue() &gt; Invalid Sets - Should Fail After Initialization &gt; Field: cmi.core.total_time &gt; Should fail to set CMI value for cmi.core.total_time" time="0.000044">
        </testcase>
        <testcase classname="test/api/AICC.spec.ts" name="AICC API Tests &gt; setCMIValue() &gt; Invalid Sets - Should Fail After Initialization &gt; Field: cmi.core.lesson_mode &gt; Should fail to set CMI value for cmi.core.lesson_mode" time="0.000039959">
        </testcase>
        <testcase classname="test/api/AICC.spec.ts" name="AICC API Tests &gt; setCMIValue() &gt; Invalid Sets - Should Fail After Initialization &gt; Field: cmi.student_data.mastery_score &gt; Should fail to set CMI value for cmi.student_data.mastery_score" time="0.000051583">
        </testcase>
        <testcase classname="test/api/AICC.spec.ts" name="AICC API Tests &gt; setCMIValue() &gt; Invalid Sets - Should Fail After Initialization &gt; Field: cmi.student_data.max_time_allowed &gt; Should fail to set CMI value for cmi.student_data.max_time_allowed" time="0.000079708">
        </testcase>
        <testcase classname="test/api/AICC.spec.ts" name="AICC API Tests &gt; setCMIValue() &gt; Invalid Sets - Should Fail After Initialization &gt; Field: cmi.student_data.time_limit_action &gt; Should fail to set CMI value for cmi.student_data.time_limit_action" time="0.000045167">
        </testcase>
        <testcase classname="test/api/AICC.spec.ts" name="AICC API Tests &gt; LMSGetValue() &gt; Invalid Properties - Should Always Fail &gt; Field: cmi.core.close &gt; Should fail to get value for cmi.core.close" time="0.000264959">
        </testcase>
        <testcase classname="test/api/AICC.spec.ts" name="AICC API Tests &gt; LMSGetValue() &gt; Invalid Properties - Should Always Fail &gt; Field: cmi.exit &gt; Should fail to get value for cmi.exit" time="0.000031917">
        </testcase>
        <testcase classname="test/api/AICC.spec.ts" name="AICC API Tests &gt; LMSGetValue() &gt; Invalid Properties - Should Always Fail &gt; Field: cmi.entry &gt; Should fail to get value for cmi.entry" time="0.000028791">
        </testcase>
        <testcase classname="test/api/AICC.spec.ts" name="AICC API Tests &gt; LMSGetValue() &gt; Write-Only Properties - Should Always Fail &gt; Field: cmi.core.exit &gt; Should fail to get value for cmi.core.exit" time="0.000061458">
        </testcase>
        <testcase classname="test/api/AICC.spec.ts" name="AICC API Tests &gt; LMSGetValue() &gt; Write-Only Properties - Should Always Fail &gt; Field: cmi.core.session_time &gt; Should fail to get value for cmi.core.session_time" time="0.000037583">
        </testcase>
        <testcase classname="test/api/AICC.spec.ts" name="AICC API Tests &gt; LMSGetValue() &gt; Write-Only Properties - Should Always Fail &gt; Field: cmi.interactions.0.id &gt; Should fail to get value for cmi.interactions.0.id" time="0.000041791">
        </testcase>
        <testcase classname="test/api/AICC.spec.ts" name="AICC API Tests &gt; LMSGetValue() &gt; Write-Only Properties - Should Always Fail &gt; Field: cmi.interactions.0.time &gt; Should fail to get value for cmi.interactions.0.time" time="0.000037625">
        </testcase>
        <testcase classname="test/api/AICC.spec.ts" name="AICC API Tests &gt; LMSGetValue() &gt; Write-Only Properties - Should Always Fail &gt; Field: cmi.interactions.0.type &gt; Should fail to get value for cmi.interactions.0.type" time="0.000038125">
        </testcase>
        <testcase classname="test/api/AICC.spec.ts" name="AICC API Tests &gt; LMSGetValue() &gt; Write-Only Properties - Should Always Fail &gt; Field: cmi.interactions.0.weighting &gt; Should fail to get value for cmi.interactions.0.weighting" time="0.000039">
        </testcase>
        <testcase classname="test/api/AICC.spec.ts" name="AICC API Tests &gt; LMSGetValue() &gt; Write-Only Properties - Should Always Fail &gt; Field: cmi.interactions.0.student_response &gt; Should fail to get value for cmi.interactions.0.student_response" time="0.000086042">
        </testcase>
        <testcase classname="test/api/AICC.spec.ts" name="AICC API Tests &gt; LMSGetValue() &gt; Write-Only Properties - Should Always Fail &gt; Field: cmi.interactions.0.result &gt; Should fail to get value for cmi.interactions.0.result" time="0.000045334">
        </testcase>
        <testcase classname="test/api/AICC.spec.ts" name="AICC API Tests &gt; LMSGetValue() &gt; Write-Only Properties - Should Always Fail &gt; Field: cmi.interactions.0.latency &gt; Should fail to get value for cmi.interactions.0.latency" time="0.000041209">
        </testcase>
        <testcase classname="test/api/AICC.spec.ts" name="AICC API Tests &gt; LMSGetValue() &gt; Write-Only Properties - Should Always Fail &gt; Field: cmi.interactions.0.correct_responses.0.pattern &gt; Should fail to get value for cmi.interactions.0.correct_responses.0.pattern" time="0.000041708">
        </testcase>
        <testcase classname="test/api/AICC.spec.ts" name="AICC API Tests &gt; LMSSetValue() &gt; Uninitialized - Should Fail &gt; Field: cmi.objectives.0.id &gt; Should fail to set value for cmi.objectives.0.id" time="0.000088041">
        </testcase>
        <testcase classname="test/api/AICC.spec.ts" name="AICC API Tests &gt; LMSSetValue() &gt; Uninitialized - Should Fail &gt; Field: cmi.interactions.0.id &gt; Should fail to set value for cmi.interactions.0.id" time="0.000057292">
        </testcase>
        <testcase classname="test/api/AICC.spec.ts" name="AICC API Tests &gt; LMSSetValue() &gt; Initialized - Should Succeed &gt; Field: cmi.objectives.0.id &gt; Should successfully set value for cmi.objectives.0.id" time="0.000099625">
        </testcase>
        <testcase classname="test/api/AICC.spec.ts" name="AICC API Tests &gt; LMSSetValue() &gt; Initialized - Should Succeed &gt; Field: cmi.interactions.0.id &gt; Should successfully set value for cmi.interactions.0.id" time="0.000040459">
        </testcase>
        <testcase classname="test/api/AICC.spec.ts" name="AICC API Tests &gt; LMSSetValue() &gt; Initialized - Should Succeed &gt; Field: cmi.evaluation.comments.0.content &gt; Should successfully set value for cmi.evaluation.comments.0.content" time="0.000117125">
        </testcase>
        <testcase classname="test/api/AICC.spec.ts" name="AICC API Tests &gt; LMSSetValue() &gt; Initialized - Should Succeed &gt; Field: cmi.student_data.tries.0.score.max &gt; Should successfully set value for cmi.student_data.tries.0.score.max" time="0.000120833">
        </testcase>
        <testcase classname="test/api/AICC.spec.ts" name="AICC API Tests &gt; LMSSetValue() &gt; Initialized - Should Succeed &gt; Field: cmi.student_data.attempt_records.0.score.max &gt; Should successfully set value for cmi.student_data.attempt_records.0.score.max" time="0.000075458">
        </testcase>
        <testcase classname="test/api/AICC.spec.ts" name="AICC API Tests &gt; LMSSetValue() &gt; Initialized - Should Succeed &gt; Field: cmi.paths.0.location_id &gt; Should successfully set value for cmi.paths.0.location_id" time="0.00007475">
        </testcase>
        <testcase classname="test/api/AICC.spec.ts" name="AICC API Tests &gt; reset() &gt; should reset all CMI values to their default state" time="0.000415833">
        </testcase>
        <testcase classname="test/api/AICC.spec.ts" name="AICC API Tests &gt; reset() &gt; should keep original settings" time="0.000080333">
        </testcase>
        <testcase classname="test/api/AICC.spec.ts" name="AICC API Tests &gt; reset() &gt; should be able to override original settings" time="0.000093416">
        </testcase>
        <testcase classname="test/api/AICC.spec.ts" name="AICC API Tests &gt; reset() &gt; should call commonReset from the superclass" time="0.000342541">
        </testcase>
        <testcase classname="test/api/AICC.spec.ts" name="AICC API Tests &gt; replaceWithAnotherScormAPI() &gt; should replace the current API with another SCORM API" time="0.000060667">
        </testcase>
    </testsuite>
    <testsuite name="test/api/BaseAPI.spec.ts" timestamp="2025-05-05T03:40:24.956Z" hostname="jonathans-macbook-pro-2.mara-rohu.ts.net" tests="82" failures="0" errors="0" skipped="0" time="0.066131708">
        <testcase classname="test/api/BaseAPI.spec.ts" name="BaseAPI &gt; setCMIValue &gt; should throw an error when called directly" time="0.001265042">
        </testcase>
        <testcase classname="test/api/BaseAPI.spec.ts" name="BaseAPI &gt; getCMIValue &gt; should throw an error when called directly" time="0.0003085">
        </testcase>
        <testcase classname="test/api/BaseAPI.spec.ts" name="BaseAPI &gt; getLmsErrorMessageDetails &gt; should throw an error when called directly" time="0.000246417">
        </testcase>
        <testcase classname="test/api/BaseAPI.spec.ts" name="BaseAPI &gt; renderCMIToJSONString &gt; should call serializationService.renderCMIToJSONString with cmi and sendFullCommit" time="0.00076525">
        </testcase>
        <testcase classname="test/api/BaseAPI.spec.ts" name="BaseAPI &gt; renderCMIToJSONObject &gt; should call serializationService.renderCMIToJSONObject with cmi and sendFullCommit" time="0.000219291">
        </testcase>
        <testcase classname="test/api/BaseAPI.spec.ts" name="BaseAPI &gt; initialize &gt; should return SCORM_FALSE when already initialized" time="0.00034375">
        </testcase>
        <testcase classname="test/api/BaseAPI.spec.ts" name="BaseAPI &gt; initialize &gt; should return SCORM_FALSE when already terminated" time="0.000186417">
        </testcase>
        <testcase classname="test/api/BaseAPI.spec.ts" name="BaseAPI &gt; initialize &gt; should return SCORM_TRUE when initialization is successful" time="0.000199959">
        </testcase>
        <testcase classname="test/api/BaseAPI.spec.ts" name="BaseAPI &gt; apiLog &gt; should call loggingService.log when message level is higher than apiLogLevel" time="0.000218208">
        </testcase>
        <testcase classname="test/api/BaseAPI.spec.ts" name="BaseAPI &gt; apiLog &gt; should not call loggingService.log when message level is lower than apiLogLevel" time="0.000123375">
        </testcase>
        <testcase classname="test/api/BaseAPI.spec.ts" name="BaseAPI &gt; settings &gt; should update apiLogLevel when settings.logLevel changes" time="0.000178417">
        </testcase>
        <testcase classname="test/api/BaseAPI.spec.ts" name="BaseAPI &gt; settings &gt; should update logHandler when settings.onLogMessage changes" time="0.000174708">
        </testcase>
        <testcase classname="test/api/BaseAPI.spec.ts" name="BaseAPI &gt; loadFromJSON &gt; should call serializationService.loadFromJSON with correct parameters" time="0.00018175">
        </testcase>
        <testcase classname="test/api/BaseAPI.spec.ts" name="BaseAPI &gt; loadFromFlattenedJSON &gt; should call serializationService.loadFromFlattenedJSON with correct parameters" time="0.000246791">
        </testcase>
        <testcase classname="test/api/BaseAPI.spec.ts" name="BaseAPI &gt; loadFromFlattenedJSON &gt; should use provided CMIElement when specified" time="0.0001145">
        </testcase>
        <testcase classname="test/api/BaseAPI.spec.ts" name="BaseAPI &gt; handleValueAccessException &gt; should set lastErrorCode and throw SCORM error for ValidationError" time="0.000219125">
        </testcase>
        <testcase classname="test/api/BaseAPI.spec.ts" name="BaseAPI &gt; handleValueAccessException &gt; should throw SCORM error with message for Error objects" time="0.000135917">
        </testcase>
        <testcase classname="test/api/BaseAPI.spec.ts" name="BaseAPI &gt; handleValueAccessException &gt; should throw SCORM error with &apos;Unknown error&apos; for non-Error objects" time="0.00019925">
        </testcase>
        <testcase classname="test/api/BaseAPI.spec.ts" name="BaseAPI &gt; _checkObjectHasProperty &gt; should return true for own properties" time="0.000106458">
        </testcase>
        <testcase classname="test/api/BaseAPI.spec.ts" name="BaseAPI &gt; _checkObjectHasProperty &gt; should return false for non-existent properties" time="0.000099">
        </testcase>
        <testcase classname="test/api/BaseAPI.spec.ts" name="BaseAPI &gt; _checkObjectHasProperty &gt; should return true for inherited properties" time="0.000117666">
        </testcase>
        <testcase classname="test/api/BaseAPI.spec.ts" name="BaseAPI &gt; _checkObjectHasProperty &gt; should return true for properties defined with Object.defineProperty" time="0.000106667">
        </testcase>
        <testcase classname="test/api/BaseAPI.spec.ts" name="BaseAPI &gt; getCommitObject &gt; should call serializationService.getCommitObject with correct parameters" time="0.000485167">
        </testcase>
        <testcase classname="test/api/BaseAPI.spec.ts" name="BaseAPI &gt; getCommitObject &gt; should pass the terminateCommit parameter to serializationService" time="0.000231708">
        </testcase>
        <testcase classname="test/api/BaseAPI.spec.ts" name="BaseAPI &gt; getFlattenedCMI &gt; should call Utilities.flatten with the result of renderCMIToJSONObject" time="0.000830834">
        </testcase>
        <testcase classname="test/api/BaseAPI.spec.ts" name="BaseAPI &gt; processHttpRequest &gt; should call httpService.processHttpRequest when online" time="0.003355291">
        </testcase>
        <testcase classname="test/api/BaseAPI.spec.ts" name="BaseAPI &gt; processHttpRequest &gt; should store data offline when offline support is enabled and device is offline" time="0.000507417">
        </testcase>
        <testcase classname="test/api/BaseAPI.spec.ts" name="BaseAPI &gt; processHttpRequest &gt; should return error when offline and params format is invalid" time="0.000202375">
        </testcase>
        <testcase classname="test/api/BaseAPI.spec.ts" name="BaseAPI &gt; scheduled commit methods &gt; scheduleCommit &gt; should create a new ScheduledCommit when no timeout exists" time="0.000200375">
        </testcase>
        <testcase classname="test/api/BaseAPI.spec.ts" name="BaseAPI &gt; scheduled commit methods &gt; scheduleCommit &gt; should not create a new ScheduledCommit when timeout already exists" time="0.000176625">
        </testcase>
        <testcase classname="test/api/BaseAPI.spec.ts" name="BaseAPI &gt; scheduled commit methods &gt; clearScheduledCommit &gt; should cancel and clear the timeout when it exists" time="0.000194042">
        </testcase>
        <testcase classname="test/api/BaseAPI.spec.ts" name="BaseAPI &gt; scheduled commit methods &gt; clearScheduledCommit &gt; should do nothing when no timeout exists" time="0.000355375">
        </testcase>
        <testcase classname="test/api/BaseAPI.spec.ts" name="BaseAPI &gt; checkState &gt; should return false and throw error when not initialized" time="0.000246958">
        </testcase>
        <testcase classname="test/api/BaseAPI.spec.ts" name="BaseAPI &gt; checkState &gt; should return false and throw error when terminated and checkTerminated is true" time="0.00016225">
        </testcase>
        <testcase classname="test/api/BaseAPI.spec.ts" name="BaseAPI &gt; checkState &gt; should return true when initialized" time="0.000143125">
        </testcase>
        <testcase classname="test/api/BaseAPI.spec.ts" name="BaseAPI &gt; checkState &gt; should return true when terminated but checkTerminated is false" time="0.0013825">
        </testcase>
        <testcase classname="test/api/BaseAPI.spec.ts" name="BaseAPI &gt; terminate &gt; should return SCORM_FALSE and throw error when not initialized" time="0.000265125">
        </testcase>
        <testcase classname="test/api/BaseAPI.spec.ts" name="BaseAPI &gt; terminate &gt; should call storeData with calculateTotalTime=true when checkState returns true" time="0.000198834">
        </testcase>
        <testcase classname="test/api/BaseAPI.spec.ts" name="BaseAPI &gt; terminate &gt; should throw SCORM error when storeData returns an error code" time="0.000166334">
        </testcase>
        <testcase classname="test/api/BaseAPI.spec.ts" name="BaseAPI &gt; terminate &gt; should reset lastErrorCode when checkTerminated is true" time="0.000148292">
        </testcase>
        <testcase classname="test/api/BaseAPI.spec.ts" name="BaseAPI &gt; terminate &gt; should attempt to sync offline data when online and offline data exists" time="0.001621666">
        </testcase>
        <testcase classname="test/api/BaseAPI.spec.ts" name="BaseAPI &gt; error information methods &gt; getLastError &gt; should return the last error code" time="0.000276375">
        </testcase>
        <testcase classname="test/api/BaseAPI.spec.ts" name="BaseAPI &gt; error information methods &gt; getErrorString &gt; should return empty string when CMIErrorCode is null" time="0.000173792">
        </testcase>
        <testcase classname="test/api/BaseAPI.spec.ts" name="BaseAPI &gt; error information methods &gt; getErrorString &gt; should return empty string when CMIErrorCode is empty" time="0.000147667">
        </testcase>
        <testcase classname="test/api/BaseAPI.spec.ts" name="BaseAPI &gt; error information methods &gt; getErrorString &gt; should call getLmsErrorMessageDetails and process listeners when CMIErrorCode is valid" time="0.000238792">
        </testcase>
        <testcase classname="test/api/BaseAPI.spec.ts" name="BaseAPI &gt; error information methods &gt; getDiagnostic &gt; should return empty string when CMIErrorCode is null" time="0.000170708">
        </testcase>
        <testcase classname="test/api/BaseAPI.spec.ts" name="BaseAPI &gt; error information methods &gt; getDiagnostic &gt; should return empty string when CMIErrorCode is empty" time="0.000148125">
        </testcase>
        <testcase classname="test/api/BaseAPI.spec.ts" name="BaseAPI &gt; error information methods &gt; getDiagnostic &gt; should call getLmsErrorMessageDetails with detail=true and process listeners when CMIErrorCode is valid" time="0.000175459">
        </testcase>
        <testcase classname="test/api/BaseAPI.spec.ts" name="BaseAPI &gt; commit &gt; should return SCORM_FALSE and throw error when not initialized" time="0.000245584">
        </testcase>
        <testcase classname="test/api/BaseAPI.spec.ts" name="BaseAPI &gt; commit &gt; should return SCORM_FALSE and throw error when terminated and checkTerminated is true" time="0.000191833">
        </testcase>
        <testcase classname="test/api/BaseAPI.spec.ts" name="BaseAPI &gt; commit &gt; should call storeData and process listeners when initialized" time="0.000264625">
        </testcase>
        <testcase classname="test/api/BaseAPI.spec.ts" name="BaseAPI &gt; commit &gt; should throw SCORM error when storeData returns an error code" time="0.000203541">
        </testcase>
        <testcase classname="test/api/BaseAPI.spec.ts" name="BaseAPI &gt; commit &gt; should reset lastErrorCode when checkTerminated is true" time="0.000165708">
        </testcase>
        <testcase classname="test/api/BaseAPI.spec.ts" name="BaseAPI &gt; commit &gt; should attempt to sync offline data when online and offline data exists" time="0.000255041">
        </testcase>
        <testcase classname="test/api/BaseAPI.spec.ts" name="BaseAPI &gt; setValue &gt; should return SCORM_FALSE and throw error when not initialized" time="0.000202833">
        </testcase>
        <testcase classname="test/api/BaseAPI.spec.ts" name="BaseAPI &gt; setValue &gt; should return SCORM_FALSE and throw error when terminated and checkTerminated is true" time="0.000165459">
        </testcase>
        <testcase classname="test/api/BaseAPI.spec.ts" name="BaseAPI &gt; setValue &gt; should call setCMIValue and process listeners when initialized" time="0.000195375">
        </testcase>
        <testcase classname="test/api/BaseAPI.spec.ts" name="BaseAPI &gt; setValue &gt; should handle exceptions from setCMIValue" time="0.001490458">
        </testcase>
        <testcase classname="test/api/BaseAPI.spec.ts" name="BaseAPI &gt; setValue &gt; should schedule commit when autocommit is enabled and no errors" time="0.00025125">
        </testcase>
        <testcase classname="test/api/BaseAPI.spec.ts" name="BaseAPI &gt; setValue &gt; should not schedule commit when autocommit is disabled" time="0.0001935">
        </testcase>
        <testcase classname="test/api/BaseAPI.spec.ts" name="BaseAPI &gt; setValue &gt; should not schedule commit when there are errors" time="0.000250917">
        </testcase>
        <testcase classname="test/api/BaseAPI.spec.ts" name="BaseAPI &gt; getValue &gt; should return empty string and throw error when not initialized" time="0.000258958">
        </testcase>
        <testcase classname="test/api/BaseAPI.spec.ts" name="BaseAPI &gt; getValue &gt; should return empty string and throw error when terminated and checkTerminated is true" time="0.000180667">
        </testcase>
        <testcase classname="test/api/BaseAPI.spec.ts" name="BaseAPI &gt; getValue &gt; should call getCMIValue and process listeners when initialized" time="0.000203125">
        </testcase>
        <testcase classname="test/api/BaseAPI.spec.ts" name="BaseAPI &gt; getValue &gt; should handle exceptions from getCMIValue" time="0.000224084">
        </testcase>
        <testcase classname="test/api/BaseAPI.spec.ts" name="BaseAPI &gt; error handling methods &gt; should set error code with throwSCORMError method" time="0.000187542">
        </testcase>
        <testcase classname="test/api/BaseAPI.spec.ts" name="BaseAPI &gt; error handling methods &gt; should clear error code with clearSCORMError method" time="0.0001695">
        </testcase>
        <testcase classname="test/api/BaseAPI.spec.ts" name="BaseAPI &gt; event handling methods &gt; should register event listeners with on method" time="0.000231125">
        </testcase>
        <testcase classname="test/api/BaseAPI.spec.ts" name="BaseAPI &gt; event handling methods &gt; should unregister event listeners with off method" time="0.00020775">
        </testcase>
        <testcase classname="test/api/BaseAPI.spec.ts" name="BaseAPI &gt; event handling methods &gt; should clear all event listeners with clear method" time="0.000192791">
        </testcase>
        <testcase classname="test/api/BaseAPI.spec.ts" name="BaseAPI &gt; event handling methods &gt; should process event listeners with processListeners method" time="0.000177042">
        </testcase>
        <testcase classname="test/api/BaseAPI.spec.ts" name="BaseAPI &gt; state checking methods &gt; should correctly identify initialized state" time="0.000178166">
        </testcase>
        <testcase classname="test/api/BaseAPI.spec.ts" name="BaseAPI &gt; state checking methods &gt; should correctly identify not initialized state" time="0.000176208">
        </testcase>
        <testcase classname="test/api/BaseAPI.spec.ts" name="BaseAPI &gt; state checking methods &gt; should correctly identify terminated state" time="0.000180666">
        </testcase>
        <testcase classname="test/api/BaseAPI.spec.ts" name="BaseAPI &gt; constructor with offline storage &gt; should not initialize offline storage service when enableOfflineSupport is false" time="0.000941584">
        </testcase>
        <testcase classname="test/api/BaseAPI.spec.ts" name="BaseAPI &gt; constructor with offline storage &gt; should initialize offline storage service when enableOfflineSupport is true" time="0.00055925">
        </testcase>
        <testcase classname="test/api/BaseAPI.spec.ts" name="BaseAPI &gt; constructor with offline storage &gt; should store courseId when provided with settings" time="0.000474084">
        </testcase>
        <testcase classname="test/api/BaseAPI.spec.ts" name="BaseAPI &gt; constructor with offline storage &gt; should not attempt to retrieve offline data when courseId is not provided" time="0.035509625">
        </testcase>
        <testcase classname="test/api/BaseAPI.spec.ts" name="BaseAPI &gt; constructor with offline storage &gt; should attempt to retrieve offline data when courseId is provided" time="0.000648">
        </testcase>
        <testcase classname="test/api/BaseAPI.spec.ts" name="BaseAPI &gt; constructor with offline storage &gt; should load data from offline storage when data is found" time="0.000626083">
        </testcase>
        <testcase classname="test/api/BaseAPI.spec.ts" name="BaseAPI &gt; constructor with offline storage &gt; should handle errors when retrieving offline data" time="0.001167416">
            <system-err>
constructor         : Error retrieving offline data: Error: Storage error

            </system-err>
        </testcase>
        <testcase classname="test/api/BaseAPI.spec.ts" name="BaseAPI &gt; constructor with offline storage &gt; should not attempt to load data when no offline data is found" time="0.000456542">
        </testcase>
    </testsuite>
    <testsuite name="test/api/ErrorCodes.spec.ts" timestamp="2025-05-05T03:40:24.962Z" hostname="jonathans-macbook-pro-2.mara-rohu.ts.net" tests="94" failures="0" errors="0" skipped="0" time="0.008789208">
        <testcase classname="test/api/ErrorCodes.spec.ts" name="Error Codes Tests &gt; SCORM 2004 Error Codes &gt; GENERAL Error Tests &gt; should correctly set and retrieve GENERAL error code" time="0.001287166">
        </testcase>
        <testcase classname="test/api/ErrorCodes.spec.ts" name="Error Codes Tests &gt; SCORM 2004 Error Codes &gt; INITIALIZATION_FAILED Error Tests &gt; should correctly set and retrieve INITIALIZATION_FAILED error code" time="0.000163375">
        </testcase>
        <testcase classname="test/api/ErrorCodes.spec.ts" name="Error Codes Tests &gt; SCORM 2004 Error Codes &gt; INITIALIZED Error Tests &gt; should correctly set and retrieve INITIALIZED error code" time="0.000078458">
        </testcase>
        <testcase classname="test/api/ErrorCodes.spec.ts" name="Error Codes Tests &gt; SCORM 2004 Error Codes &gt; TERMINATED Error Tests &gt; should correctly set and retrieve TERMINATED error code" time="0.000063542">
        </testcase>
        <testcase classname="test/api/ErrorCodes.spec.ts" name="Error Codes Tests &gt; SCORM 2004 Error Codes &gt; TERMINATION_FAILURE Error Tests &gt; should correctly set and retrieve TERMINATION_FAILURE error code" time="0.000066125">
        </testcase>
        <testcase classname="test/api/ErrorCodes.spec.ts" name="Error Codes Tests &gt; SCORM 2004 Error Codes &gt; TERMINATION_BEFORE_INIT Error Tests &gt; should correctly set and retrieve TERMINATION_BEFORE_INIT error code" time="0.000051875">
        </testcase>
        <testcase classname="test/api/ErrorCodes.spec.ts" name="Error Codes Tests &gt; SCORM 2004 Error Codes &gt; MULTIPLE_TERMINATION Error Tests &gt; should correctly set and retrieve MULTIPLE_TERMINATION error code" time="0.000050625">
        </testcase>
        <testcase classname="test/api/ErrorCodes.spec.ts" name="Error Codes Tests &gt; SCORM 2004 Error Codes &gt; RETRIEVE_BEFORE_INIT Error Tests &gt; should correctly set and retrieve RETRIEVE_BEFORE_INIT error code" time="0.000046666">
        </testcase>
        <testcase classname="test/api/ErrorCodes.spec.ts" name="Error Codes Tests &gt; SCORM 2004 Error Codes &gt; RETRIEVE_AFTER_TERM Error Tests &gt; should correctly set and retrieve RETRIEVE_AFTER_TERM error code" time="0.000307791">
        </testcase>
        <testcase classname="test/api/ErrorCodes.spec.ts" name="Error Codes Tests &gt; SCORM 2004 Error Codes &gt; STORE_BEFORE_INIT Error Tests &gt; should correctly set and retrieve STORE_BEFORE_INIT error code" time="0.000171584">
        </testcase>
        <testcase classname="test/api/ErrorCodes.spec.ts" name="Error Codes Tests &gt; SCORM 2004 Error Codes &gt; STORE_AFTER_TERM Error Tests &gt; should correctly set and retrieve STORE_AFTER_TERM error code" time="0.000055042">
        </testcase>
        <testcase classname="test/api/ErrorCodes.spec.ts" name="Error Codes Tests &gt; SCORM 2004 Error Codes &gt; COMMIT_BEFORE_INIT Error Tests &gt; should correctly set and retrieve COMMIT_BEFORE_INIT error code" time="0.000089542">
        </testcase>
        <testcase classname="test/api/ErrorCodes.spec.ts" name="Error Codes Tests &gt; SCORM 2004 Error Codes &gt; COMMIT_AFTER_TERM Error Tests &gt; should correctly set and retrieve COMMIT_AFTER_TERM error code" time="0.000053208">
        </testcase>
        <testcase classname="test/api/ErrorCodes.spec.ts" name="Error Codes Tests &gt; SCORM 2004 Error Codes &gt; ARGUMENT_ERROR Error Tests &gt; should correctly set and retrieve ARGUMENT_ERROR error code" time="0.000156875">
        </testcase>
        <testcase classname="test/api/ErrorCodes.spec.ts" name="Error Codes Tests &gt; SCORM 2004 Error Codes &gt; CHILDREN_ERROR Error Tests &gt; should correctly set and retrieve CHILDREN_ERROR error code" time="0.000049042">
        </testcase>
        <testcase classname="test/api/ErrorCodes.spec.ts" name="Error Codes Tests &gt; SCORM 2004 Error Codes &gt; COUNT_ERROR Error Tests &gt; should correctly set and retrieve COUNT_ERROR error code" time="0.000069875">
        </testcase>
        <testcase classname="test/api/ErrorCodes.spec.ts" name="Error Codes Tests &gt; SCORM 2004 Error Codes &gt; GENERAL_GET_FAILURE Error Tests &gt; should correctly set and retrieve GENERAL_GET_FAILURE error code" time="0.000038792">
        </testcase>
        <testcase classname="test/api/ErrorCodes.spec.ts" name="Error Codes Tests &gt; SCORM 2004 Error Codes &gt; GENERAL_SET_FAILURE Error Tests &gt; should correctly set and retrieve GENERAL_SET_FAILURE error code" time="0.000030959">
        </testcase>
        <testcase classname="test/api/ErrorCodes.spec.ts" name="Error Codes Tests &gt; SCORM 2004 Error Codes &gt; GENERAL_COMMIT_FAILURE Error Tests &gt; should correctly set and retrieve GENERAL_COMMIT_FAILURE error code" time="0.000029875">
        </testcase>
        <testcase classname="test/api/ErrorCodes.spec.ts" name="Error Codes Tests &gt; SCORM 2004 Error Codes &gt; UNDEFINED_DATA_MODEL Error Tests &gt; should correctly set and retrieve UNDEFINED_DATA_MODEL error code" time="0.000064542">
        </testcase>
        <testcase classname="test/api/ErrorCodes.spec.ts" name="Error Codes Tests &gt; SCORM 2004 Error Codes &gt; UNIMPLEMENTED_ELEMENT Error Tests &gt; should correctly set and retrieve UNIMPLEMENTED_ELEMENT error code" time="0.000029708">
        </testcase>
        <testcase classname="test/api/ErrorCodes.spec.ts" name="Error Codes Tests &gt; SCORM 2004 Error Codes &gt; VALUE_NOT_INITIALIZED Error Tests &gt; should correctly set and retrieve VALUE_NOT_INITIALIZED error code" time="0.000028042">
        </testcase>
        <testcase classname="test/api/ErrorCodes.spec.ts" name="Error Codes Tests &gt; SCORM 2004 Error Codes &gt; INVALID_SET_VALUE Error Tests &gt; should correctly set and retrieve INVALID_SET_VALUE error code" time="0.00002825">
        </testcase>
        <testcase classname="test/api/ErrorCodes.spec.ts" name="Error Codes Tests &gt; SCORM 2004 Error Codes &gt; READ_ONLY_ELEMENT Error Tests &gt; should correctly set and retrieve READ_ONLY_ELEMENT error code" time="0.00002775">
        </testcase>
        <testcase classname="test/api/ErrorCodes.spec.ts" name="Error Codes Tests &gt; SCORM 2004 Error Codes &gt; WRITE_ONLY_ELEMENT Error Tests &gt; should correctly set and retrieve WRITE_ONLY_ELEMENT error code" time="0.000027625">
        </testcase>
        <testcase classname="test/api/ErrorCodes.spec.ts" name="Error Codes Tests &gt; SCORM 2004 Error Codes &gt; TYPE_MISMATCH Error Tests &gt; should correctly set and retrieve TYPE_MISMATCH error code" time="0.000027917">
        </testcase>
        <testcase classname="test/api/ErrorCodes.spec.ts" name="Error Codes Tests &gt; SCORM 2004 Error Codes &gt; VALUE_OUT_OF_RANGE Error Tests &gt; should correctly set and retrieve VALUE_OUT_OF_RANGE error code" time="0.000028458">
        </testcase>
        <testcase classname="test/api/ErrorCodes.spec.ts" name="Error Codes Tests &gt; SCORM 2004 Error Codes &gt; DEPENDENCY_NOT_ESTABLISHED Error Tests &gt; should correctly set and retrieve DEPENDENCY_NOT_ESTABLISHED error code" time="0.000028791">
        </testcase>
        <testcase classname="test/api/ErrorCodes.spec.ts" name="Error Codes Tests &gt; SCORM 2004 Error Codes &gt; MULTIPLE_TERMINATIONS Error Tests &gt; should correctly set and retrieve MULTIPLE_TERMINATIONS error code" time="0.000027875">
        </testcase>
        <testcase classname="test/api/ErrorCodes.spec.ts" name="Error Codes Tests &gt; SCORM 2004 Error Codes &gt; throwSCORMError Behavior Tests &gt; should set lastErrorCode when throwException is false" time="0.000043125">
        </testcase>
        <testcase classname="test/api/ErrorCodes.spec.ts" name="Error Codes Tests &gt; SCORM 2004 Error Codes &gt; throwSCORMError Behavior Tests &gt; should not overwrite lastErrorCode with subsequent operations" time="0.000281167">
        </testcase>
        <testcase classname="test/api/ErrorCodes.spec.ts" name="Error Codes Tests &gt; SCORM 2004 Error Codes &gt; throwSCORMError Behavior Tests &gt; should clear lastErrorCode when clearSCORMError is called with &apos;true&apos;" time="0.000051625">
        </testcase>
        <testcase classname="test/api/ErrorCodes.spec.ts" name="Error Codes Tests &gt; SCORM 2004 Error Codes &gt; TYPE_MISMATCH Error Tests (Real Scenarios) &gt; should set TYPE_MISMATCH (406) error code when setting an invalid value type" time="0.000537833">
        </testcase>
        <testcase classname="test/api/ErrorCodes.spec.ts" name="Error Codes Tests &gt; SCORM 2004 Error Codes &gt; TYPE_MISMATCH Error Tests (Real Scenarios) &gt; should set TYPE_MISMATCH (406) error code when setting an invalid timestamp value" time="0.0002195">
        </testcase>
        <testcase classname="test/api/ErrorCodes.spec.ts" name="Error Codes Tests &gt; SCORM 2004 Error Codes &gt; TYPE_MISMATCH Error Tests (Real Scenarios) &gt; should set TYPE_MISMATCH (406) error code when setting an invalid numeric value" time="0.000075459">
        </testcase>
        <testcase classname="test/api/ErrorCodes.spec.ts" name="Error Codes Tests &gt; SCORM 2004 Error Codes &gt; TYPE_MISMATCH Error Tests (Real Scenarios) &gt; should set TYPE_MISMATCH (406) error code when setting an invalid format for matching interaction" time="0.00021525">
        </testcase>
        <testcase classname="test/api/ErrorCodes.spec.ts" name="Error Codes Tests &gt; SCORM 2004 Error Codes &gt; TYPE_MISMATCH Error Tests (Real Scenarios) &gt; should maintain TYPE_MISMATCH (406) error code after multiple operations" time="0.000125625">
        </testcase>
        <testcase classname="test/api/ErrorCodes.spec.ts" name="Error Codes Tests &gt; SCORM 2004 Error Codes &gt; TYPE_MISMATCH Error Tests (Real Scenarios) &gt; should not set GENERAL (101) error code instead of TYPE_MISMATCH (406) when setting an incorrect value" time="0.000174">
        </testcase>
        <testcase classname="test/api/ErrorCodes.spec.ts" name="Error Codes Tests &gt; SCORM 1.2 Error Codes &gt; GENERAL Error Tests &gt; should correctly set and retrieve GENERAL error code" time="0.000227666">
        </testcase>
        <testcase classname="test/api/ErrorCodes.spec.ts" name="Error Codes Tests &gt; SCORM 1.2 Error Codes &gt; INITIALIZATION_FAILED Error Tests &gt; should correctly set and retrieve INITIALIZATION_FAILED error code" time="0.000038584">
        </testcase>
        <testcase classname="test/api/ErrorCodes.spec.ts" name="Error Codes Tests &gt; SCORM 1.2 Error Codes &gt; INITIALIZED Error Tests &gt; should correctly set and retrieve INITIALIZED error code" time="0.000032333">
        </testcase>
        <testcase classname="test/api/ErrorCodes.spec.ts" name="Error Codes Tests &gt; SCORM 1.2 Error Codes &gt; TERMINATED Error Tests &gt; should correctly set and retrieve TERMINATED error code" time="0.0000305">
        </testcase>
        <testcase classname="test/api/ErrorCodes.spec.ts" name="Error Codes Tests &gt; SCORM 1.2 Error Codes &gt; TERMINATION_FAILURE Error Tests &gt; should correctly set and retrieve TERMINATION_FAILURE error code" time="0.000029333">
        </testcase>
        <testcase classname="test/api/ErrorCodes.spec.ts" name="Error Codes Tests &gt; SCORM 1.2 Error Codes &gt; TERMINATION_BEFORE_INIT Error Tests &gt; should correctly set and retrieve TERMINATION_BEFORE_INIT error code" time="0.000028959">
        </testcase>
        <testcase classname="test/api/ErrorCodes.spec.ts" name="Error Codes Tests &gt; SCORM 1.2 Error Codes &gt; MULTIPLE_TERMINATION Error Tests &gt; should correctly set and retrieve MULTIPLE_TERMINATION error code" time="0.000094667">
        </testcase>
        <testcase classname="test/api/ErrorCodes.spec.ts" name="Error Codes Tests &gt; SCORM 1.2 Error Codes &gt; RETRIEVE_BEFORE_INIT Error Tests &gt; should correctly set and retrieve RETRIEVE_BEFORE_INIT error code" time="0.000036458">
        </testcase>
        <testcase classname="test/api/ErrorCodes.spec.ts" name="Error Codes Tests &gt; SCORM 1.2 Error Codes &gt; RETRIEVE_AFTER_TERM Error Tests &gt; should correctly set and retrieve RETRIEVE_AFTER_TERM error code" time="0.000109792">
        </testcase>
        <testcase classname="test/api/ErrorCodes.spec.ts" name="Error Codes Tests &gt; SCORM 1.2 Error Codes &gt; STORE_BEFORE_INIT Error Tests &gt; should correctly set and retrieve STORE_BEFORE_INIT error code" time="0.000065417">
        </testcase>
        <testcase classname="test/api/ErrorCodes.spec.ts" name="Error Codes Tests &gt; SCORM 1.2 Error Codes &gt; STORE_AFTER_TERM Error Tests &gt; should correctly set and retrieve STORE_AFTER_TERM error code" time="0.000031375">
        </testcase>
        <testcase classname="test/api/ErrorCodes.spec.ts" name="Error Codes Tests &gt; SCORM 1.2 Error Codes &gt; COMMIT_BEFORE_INIT Error Tests &gt; should correctly set and retrieve COMMIT_BEFORE_INIT error code" time="0.000025667">
        </testcase>
        <testcase classname="test/api/ErrorCodes.spec.ts" name="Error Codes Tests &gt; SCORM 1.2 Error Codes &gt; COMMIT_AFTER_TERM Error Tests &gt; should correctly set and retrieve COMMIT_AFTER_TERM error code" time="0.00002525">
        </testcase>
        <testcase classname="test/api/ErrorCodes.spec.ts" name="Error Codes Tests &gt; SCORM 1.2 Error Codes &gt; ARGUMENT_ERROR Error Tests &gt; should correctly set and retrieve ARGUMENT_ERROR error code" time="0.00002525">
        </testcase>
        <testcase classname="test/api/ErrorCodes.spec.ts" name="Error Codes Tests &gt; SCORM 1.2 Error Codes &gt; CHILDREN_ERROR Error Tests &gt; should correctly set and retrieve CHILDREN_ERROR error code" time="0.000026625">
        </testcase>
        <testcase classname="test/api/ErrorCodes.spec.ts" name="Error Codes Tests &gt; SCORM 1.2 Error Codes &gt; COUNT_ERROR Error Tests &gt; should correctly set and retrieve COUNT_ERROR error code" time="0.000024958">
        </testcase>
        <testcase classname="test/api/ErrorCodes.spec.ts" name="Error Codes Tests &gt; SCORM 1.2 Error Codes &gt; GENERAL_GET_FAILURE Error Tests &gt; should correctly set and retrieve GENERAL_GET_FAILURE error code" time="0.000025875">
        </testcase>
        <testcase classname="test/api/ErrorCodes.spec.ts" name="Error Codes Tests &gt; SCORM 1.2 Error Codes &gt; GENERAL_SET_FAILURE Error Tests &gt; should correctly set and retrieve GENERAL_SET_FAILURE error code" time="0.000025125">
        </testcase>
        <testcase classname="test/api/ErrorCodes.spec.ts" name="Error Codes Tests &gt; SCORM 1.2 Error Codes &gt; GENERAL_COMMIT_FAILURE Error Tests &gt; should correctly set and retrieve GENERAL_COMMIT_FAILURE error code" time="0.000024333">
        </testcase>
        <testcase classname="test/api/ErrorCodes.spec.ts" name="Error Codes Tests &gt; SCORM 1.2 Error Codes &gt; UNDEFINED_DATA_MODEL Error Tests &gt; should correctly set and retrieve UNDEFINED_DATA_MODEL error code" time="0.000025208">
        </testcase>
        <testcase classname="test/api/ErrorCodes.spec.ts" name="Error Codes Tests &gt; SCORM 1.2 Error Codes &gt; UNIMPLEMENTED_ELEMENT Error Tests &gt; should correctly set and retrieve UNIMPLEMENTED_ELEMENT error code" time="0.000025708">
        </testcase>
        <testcase classname="test/api/ErrorCodes.spec.ts" name="Error Codes Tests &gt; SCORM 1.2 Error Codes &gt; VALUE_NOT_INITIALIZED Error Tests &gt; should correctly set and retrieve VALUE_NOT_INITIALIZED error code" time="0.000024417">
        </testcase>
        <testcase classname="test/api/ErrorCodes.spec.ts" name="Error Codes Tests &gt; SCORM 1.2 Error Codes &gt; INVALID_SET_VALUE Error Tests &gt; should correctly set and retrieve INVALID_SET_VALUE error code" time="0.000025416">
        </testcase>
        <testcase classname="test/api/ErrorCodes.spec.ts" name="Error Codes Tests &gt; SCORM 1.2 Error Codes &gt; READ_ONLY_ELEMENT Error Tests &gt; should correctly set and retrieve READ_ONLY_ELEMENT error code" time="0.000028958">
        </testcase>
        <testcase classname="test/api/ErrorCodes.spec.ts" name="Error Codes Tests &gt; SCORM 1.2 Error Codes &gt; WRITE_ONLY_ELEMENT Error Tests &gt; should correctly set and retrieve WRITE_ONLY_ELEMENT error code" time="0.000026125">
        </testcase>
        <testcase classname="test/api/ErrorCodes.spec.ts" name="Error Codes Tests &gt; SCORM 1.2 Error Codes &gt; TYPE_MISMATCH Error Tests &gt; should correctly set and retrieve TYPE_MISMATCH error code" time="0.000060584">
        </testcase>
        <testcase classname="test/api/ErrorCodes.spec.ts" name="Error Codes Tests &gt; SCORM 1.2 Error Codes &gt; VALUE_OUT_OF_RANGE Error Tests &gt; should correctly set and retrieve VALUE_OUT_OF_RANGE error code" time="0.000026709">
        </testcase>
        <testcase classname="test/api/ErrorCodes.spec.ts" name="Error Codes Tests &gt; SCORM 1.2 Error Codes &gt; DEPENDENCY_NOT_ESTABLISHED Error Tests &gt; should correctly set and retrieve DEPENDENCY_NOT_ESTABLISHED error code" time="0.000027208">
        </testcase>
        <testcase classname="test/api/ErrorCodes.spec.ts" name="Error Codes Tests &gt; AICC Error Codes &gt; GENERAL Error Tests &gt; should correctly set and retrieve GENERAL error code" time="0.000230417">
        </testcase>
        <testcase classname="test/api/ErrorCodes.spec.ts" name="Error Codes Tests &gt; AICC Error Codes &gt; INITIALIZATION_FAILED Error Tests &gt; should correctly set and retrieve INITIALIZATION_FAILED error code" time="0.000039667">
        </testcase>
        <testcase classname="test/api/ErrorCodes.spec.ts" name="Error Codes Tests &gt; AICC Error Codes &gt; INITIALIZED Error Tests &gt; should correctly set and retrieve INITIALIZED error code" time="0.000034917">
        </testcase>
        <testcase classname="test/api/ErrorCodes.spec.ts" name="Error Codes Tests &gt; AICC Error Codes &gt; TERMINATED Error Tests &gt; should correctly set and retrieve TERMINATED error code" time="0.000033792">
        </testcase>
        <testcase classname="test/api/ErrorCodes.spec.ts" name="Error Codes Tests &gt; AICC Error Codes &gt; TERMINATION_FAILURE Error Tests &gt; should correctly set and retrieve TERMINATION_FAILURE error code" time="0.000034042">
        </testcase>
        <testcase classname="test/api/ErrorCodes.spec.ts" name="Error Codes Tests &gt; AICC Error Codes &gt; TERMINATION_BEFORE_INIT Error Tests &gt; should correctly set and retrieve TERMINATION_BEFORE_INIT error code" time="0.000034375">
        </testcase>
        <testcase classname="test/api/ErrorCodes.spec.ts" name="Error Codes Tests &gt; AICC Error Codes &gt; MULTIPLE_TERMINATION Error Tests &gt; should correctly set and retrieve MULTIPLE_TERMINATION error code" time="0.000034792">
        </testcase>
        <testcase classname="test/api/ErrorCodes.spec.ts" name="Error Codes Tests &gt; AICC Error Codes &gt; RETRIEVE_BEFORE_INIT Error Tests &gt; should correctly set and retrieve RETRIEVE_BEFORE_INIT error code" time="0.000034333">
        </testcase>
        <testcase classname="test/api/ErrorCodes.spec.ts" name="Error Codes Tests &gt; AICC Error Codes &gt; RETRIEVE_AFTER_TERM Error Tests &gt; should correctly set and retrieve RETRIEVE_AFTER_TERM error code" time="0.000238709">
        </testcase>
        <testcase classname="test/api/ErrorCodes.spec.ts" name="Error Codes Tests &gt; AICC Error Codes &gt; STORE_BEFORE_INIT Error Tests &gt; should correctly set and retrieve STORE_BEFORE_INIT error code" time="0.000094917">
        </testcase>
        <testcase classname="test/api/ErrorCodes.spec.ts" name="Error Codes Tests &gt; AICC Error Codes &gt; STORE_AFTER_TERM Error Tests &gt; should correctly set and retrieve STORE_AFTER_TERM error code" time="0.000052042">
        </testcase>
        <testcase classname="test/api/ErrorCodes.spec.ts" name="Error Codes Tests &gt; AICC Error Codes &gt; COMMIT_BEFORE_INIT Error Tests &gt; should correctly set and retrieve COMMIT_BEFORE_INIT error code" time="0.000038416">
        </testcase>
        <testcase classname="test/api/ErrorCodes.spec.ts" name="Error Codes Tests &gt; AICC Error Codes &gt; COMMIT_AFTER_TERM Error Tests &gt; should correctly set and retrieve COMMIT_AFTER_TERM error code" time="0.000034917">
        </testcase>
        <testcase classname="test/api/ErrorCodes.spec.ts" name="Error Codes Tests &gt; AICC Error Codes &gt; ARGUMENT_ERROR Error Tests &gt; should correctly set and retrieve ARGUMENT_ERROR error code" time="0.000034542">
        </testcase>
        <testcase classname="test/api/ErrorCodes.spec.ts" name="Error Codes Tests &gt; AICC Error Codes &gt; CHILDREN_ERROR Error Tests &gt; should correctly set and retrieve CHILDREN_ERROR error code" time="0.000032208">
        </testcase>
        <testcase classname="test/api/ErrorCodes.spec.ts" name="Error Codes Tests &gt; AICC Error Codes &gt; COUNT_ERROR Error Tests &gt; should correctly set and retrieve COUNT_ERROR error code" time="0.000031458">
        </testcase>
        <testcase classname="test/api/ErrorCodes.spec.ts" name="Error Codes Tests &gt; AICC Error Codes &gt; GENERAL_GET_FAILURE Error Tests &gt; should correctly set and retrieve GENERAL_GET_FAILURE error code" time="0.000031417">
        </testcase>
        <testcase classname="test/api/ErrorCodes.spec.ts" name="Error Codes Tests &gt; AICC Error Codes &gt; GENERAL_SET_FAILURE Error Tests &gt; should correctly set and retrieve GENERAL_SET_FAILURE error code" time="0.000030792">
        </testcase>
        <testcase classname="test/api/ErrorCodes.spec.ts" name="Error Codes Tests &gt; AICC Error Codes &gt; GENERAL_COMMIT_FAILURE Error Tests &gt; should correctly set and retrieve GENERAL_COMMIT_FAILURE error code" time="0.000043583">
        </testcase>
        <testcase classname="test/api/ErrorCodes.spec.ts" name="Error Codes Tests &gt; AICC Error Codes &gt; UNDEFINED_DATA_MODEL Error Tests &gt; should correctly set and retrieve UNDEFINED_DATA_MODEL error code" time="0.000033833">
        </testcase>
        <testcase classname="test/api/ErrorCodes.spec.ts" name="Error Codes Tests &gt; AICC Error Codes &gt; UNIMPLEMENTED_ELEMENT Error Tests &gt; should correctly set and retrieve UNIMPLEMENTED_ELEMENT error code" time="0.000030875">
        </testcase>
        <testcase classname="test/api/ErrorCodes.spec.ts" name="Error Codes Tests &gt; AICC Error Codes &gt; VALUE_NOT_INITIALIZED Error Tests &gt; should correctly set and retrieve VALUE_NOT_INITIALIZED error code" time="0.000030791">
        </testcase>
        <testcase classname="test/api/ErrorCodes.spec.ts" name="Error Codes Tests &gt; AICC Error Codes &gt; INVALID_SET_VALUE Error Tests &gt; should correctly set and retrieve INVALID_SET_VALUE error code" time="0.000030291">
        </testcase>
        <testcase classname="test/api/ErrorCodes.spec.ts" name="Error Codes Tests &gt; AICC Error Codes &gt; READ_ONLY_ELEMENT Error Tests &gt; should correctly set and retrieve READ_ONLY_ELEMENT error code" time="0.000031041">
        </testcase>
        <testcase classname="test/api/ErrorCodes.spec.ts" name="Error Codes Tests &gt; AICC Error Codes &gt; WRITE_ONLY_ELEMENT Error Tests &gt; should correctly set and retrieve WRITE_ONLY_ELEMENT error code" time="0.000030458">
        </testcase>
        <testcase classname="test/api/ErrorCodes.spec.ts" name="Error Codes Tests &gt; AICC Error Codes &gt; TYPE_MISMATCH Error Tests &gt; should correctly set and retrieve TYPE_MISMATCH error code" time="0.000032208">
        </testcase>
        <testcase classname="test/api/ErrorCodes.spec.ts" name="Error Codes Tests &gt; AICC Error Codes &gt; VALUE_OUT_OF_RANGE Error Tests &gt; should correctly set and retrieve VALUE_OUT_OF_RANGE error code" time="0.000030833">
        </testcase>
        <testcase classname="test/api/ErrorCodes.spec.ts" name="Error Codes Tests &gt; AICC Error Codes &gt; DEPENDENCY_NOT_ESTABLISHED Error Tests &gt; should correctly set and retrieve DEPENDENCY_NOT_ESTABLISHED error code" time="0.000030875">
        </testcase>
    </testsuite>
    <testsuite name="test/api/ErrorConditions.spec.ts" timestamp="2025-05-05T03:40:24.968Z" hostname="jonathans-macbook-pro-2.mara-rohu.ts.net" tests="39" failures="0" errors="0" skipped="0" time="0.009294542">
        <testcase classname="test/api/ErrorConditions.spec.ts" name="Error Conditions Tests &gt; SCORM 2004 Error Conditions &gt; Initialization and Termination Errors &gt; should set INITIALIZED (103) error when attempting to initialize an already initialized API" time="0.001561334">
        </testcase>
        <testcase classname="test/api/ErrorConditions.spec.ts" name="Error Conditions Tests &gt; SCORM 2004 Error Conditions &gt; Initialization and Termination Errors &gt; should set TERMINATION_BEFORE_INIT (112) error when attempting to terminate before initializing" time="0.000205042">
        </testcase>
        <testcase classname="test/api/ErrorConditions.spec.ts" name="Error Conditions Tests &gt; SCORM 2004 Error Conditions &gt; Initialization and Termination Errors &gt; should set MULTIPLE_TERMINATIONS (113) error when attempting to terminate an already terminated API" time="0.000564916">
        </testcase>
        <testcase classname="test/api/ErrorConditions.spec.ts" name="Error Conditions Tests &gt; SCORM 2004 Error Conditions &gt; Data Access Errors &gt; should set RETRIEVE_BEFORE_INIT (122) error when attempting to get a value before initializing" time="0.000202958">
        </testcase>
        <testcase classname="test/api/ErrorConditions.spec.ts" name="Error Conditions Tests &gt; SCORM 2004 Error Conditions &gt; Data Access Errors &gt; should set RETRIEVE_AFTER_TERM (123) error when attempting to get a value after terminating" time="0.000155833">
        </testcase>
        <testcase classname="test/api/ErrorConditions.spec.ts" name="Error Conditions Tests &gt; SCORM 2004 Error Conditions &gt; Data Access Errors &gt; should set STORE_BEFORE_INIT (132) error when attempting to set a value before initializing" time="0.000147416">
        </testcase>
        <testcase classname="test/api/ErrorConditions.spec.ts" name="Error Conditions Tests &gt; SCORM 2004 Error Conditions &gt; Data Access Errors &gt; should set STORE_AFTER_TERM (133) error when attempting to set a value after terminating" time="0.000110083">
        </testcase>
        <testcase classname="test/api/ErrorConditions.spec.ts" name="Error Conditions Tests &gt; SCORM 2004 Error Conditions &gt; Data Access Errors &gt; should set COMMIT_BEFORE_INIT (142) error when attempting to commit before initializing" time="0.000117791">
        </testcase>
        <testcase classname="test/api/ErrorConditions.spec.ts" name="Error Conditions Tests &gt; SCORM 2004 Error Conditions &gt; Data Access Errors &gt; should set COMMIT_AFTER_TERM (143) error when attempting to commit after terminating" time="0.00038225">
        </testcase>
        <testcase classname="test/api/ErrorConditions.spec.ts" name="Error Conditions Tests &gt; SCORM 2004 Error Conditions &gt; Data Model Errors &gt; should set UNDEFINED_DATA_MODEL (401) error when attempting to access an undefined data model element" time="0.000237542">
        </testcase>
        <testcase classname="test/api/ErrorConditions.spec.ts" name="Error Conditions Tests &gt; SCORM 2004 Error Conditions &gt; Data Model Errors &gt; should set READ_ONLY_ELEMENT (404) error when attempting to set a read-only element" time="0.00025775">
        </testcase>
        <testcase classname="test/api/ErrorConditions.spec.ts" name="Error Conditions Tests &gt; SCORM 2004 Error Conditions &gt; Data Model Errors &gt; should set WRITE_ONLY_ELEMENT (405) error when attempting to get a write-only element" time="0.0003065">
        </testcase>
        <testcase classname="test/api/ErrorConditions.spec.ts" name="Error Conditions Tests &gt; SCORM 2004 Error Conditions &gt; Data Model Errors &gt; should set TYPE_MISMATCH (406) error when setting a value with incorrect data type" time="0.000134791">
        </testcase>
        <testcase classname="test/api/ErrorConditions.spec.ts" name="Error Conditions Tests &gt; SCORM 2004 Error Conditions &gt; Data Model Errors &gt; should set VALUE_OUT_OF_RANGE (407) error when setting a value outside the allowed range" time="0.000264083">
        </testcase>
        <testcase classname="test/api/ErrorConditions.spec.ts" name="Error Conditions Tests &gt; SCORM 2004 Error Conditions &gt; Data Model Errors &gt; should set DEPENDENCY_NOT_ESTABLISHED (408) error when a dependency is not met" time="0.000219708">
        </testcase>
        <testcase classname="test/api/ErrorConditions.spec.ts" name="Error Conditions Tests &gt; SCORM 1.2 Error Conditions &gt; Initialization and Termination Errors &gt; should set INITIALIZED (101) error when attempting to initialize an already initialized API" time="0.000310708">
        </testcase>
        <testcase classname="test/api/ErrorConditions.spec.ts" name="Error Conditions Tests &gt; SCORM 1.2 Error Conditions &gt; Initialization and Termination Errors &gt; should set TERMINATION_BEFORE_INIT (101) error when attempting to terminate before initializing" time="0.000097584">
        </testcase>
        <testcase classname="test/api/ErrorConditions.spec.ts" name="Error Conditions Tests &gt; SCORM 1.2 Error Conditions &gt; Initialization and Termination Errors &gt; should set MULTIPLE_TERMINATION (101) error when attempting to terminate an already terminated API" time="0.000270334">
        </testcase>
        <testcase classname="test/api/ErrorConditions.spec.ts" name="Error Conditions Tests &gt; SCORM 1.2 Error Conditions &gt; Data Access Errors &gt; should set RETRIEVE_BEFORE_INIT (301) error when attempting to get a value before initializing" time="0.000056417">
        </testcase>
        <testcase classname="test/api/ErrorConditions.spec.ts" name="Error Conditions Tests &gt; SCORM 1.2 Error Conditions &gt; Data Access Errors &gt; should set STORE_BEFORE_INIT (301) error when attempting to set a value before initializing" time="0.000086375">
        </testcase>
        <testcase classname="test/api/ErrorConditions.spec.ts" name="Error Conditions Tests &gt; SCORM 1.2 Error Conditions &gt; Data Access Errors &gt; should set COMMIT_BEFORE_INIT (301) error when attempting to commit before initializing" time="0.0000595">
        </testcase>
        <testcase classname="test/api/ErrorConditions.spec.ts" name="Error Conditions Tests &gt; SCORM 1.2 Error Conditions &gt; Data Model Errors &gt; should set UNDEFINED_DATA_MODEL (401) error when attempting to access an undefined data model element" time="0.000130708">
        </testcase>
        <testcase classname="test/api/ErrorConditions.spec.ts" name="Error Conditions Tests &gt; SCORM 1.2 Error Conditions &gt; Data Model Errors &gt; should set INVALID_SET_VALUE (402) error when setting an invalid value" time="0.000125459">
        </testcase>
        <testcase classname="test/api/ErrorConditions.spec.ts" name="Error Conditions Tests &gt; SCORM 1.2 Error Conditions &gt; Data Model Errors &gt; should set READ_ONLY_ELEMENT (403) error when attempting to set a read-only element" time="0.000148959">
        </testcase>
        <testcase classname="test/api/ErrorConditions.spec.ts" name="Error Conditions Tests &gt; SCORM 1.2 Error Conditions &gt; Data Model Errors &gt; should set WRITE_ONLY_ELEMENT (404) error when attempting to get a write-only element" time="0.000109209">
        </testcase>
        <testcase classname="test/api/ErrorConditions.spec.ts" name="Error Conditions Tests &gt; SCORM 1.2 Error Conditions &gt; Data Model Errors &gt; should set TYPE_MISMATCH (405) error when setting a value with incorrect data type" time="0.000094">
        </testcase>
        <testcase classname="test/api/ErrorConditions.spec.ts" name="Error Conditions Tests &gt; SCORM 1.2 Error Conditions &gt; Data Model Errors &gt; should set VALUE_OUT_OF_RANGE (407) error when setting a value outside the allowed range" time="0.000113625">
        </testcase>
        <testcase classname="test/api/ErrorConditions.spec.ts" name="Error Conditions Tests &gt; SCORM 1.2 Error Conditions &gt; Data Model Errors &gt; should set DEPENDENCY_NOT_ESTABLISHED (408) error when a dependency is not met" time="0.000160625">
        </testcase>
        <testcase classname="test/api/ErrorConditions.spec.ts" name="Error Conditions Tests &gt; AICC Error Conditions &gt; Initialization and Termination Errors &gt; should set INITIALIZED (101) error when attempting to initialize an already initialized API" time="0.000282667">
        </testcase>
        <testcase classname="test/api/ErrorConditions.spec.ts" name="Error Conditions Tests &gt; AICC Error Conditions &gt; Initialization and Termination Errors &gt; should set TERMINATION_BEFORE_INIT (101) error when attempting to terminate before initializing" time="0.000055417">
        </testcase>
        <testcase classname="test/api/ErrorConditions.spec.ts" name="Error Conditions Tests &gt; AICC Error Conditions &gt; Initialization and Termination Errors &gt; should set MULTIPLE_TERMINATION (101) error when attempting to terminate an already terminated API" time="0.000225625">
        </testcase>
        <testcase classname="test/api/ErrorConditions.spec.ts" name="Error Conditions Tests &gt; AICC Error Conditions &gt; Data Access Errors &gt; should set RETRIEVE_BEFORE_INIT (301) error when attempting to get a value before initializing" time="0.000055667">
        </testcase>
        <testcase classname="test/api/ErrorConditions.spec.ts" name="Error Conditions Tests &gt; AICC Error Conditions &gt; Data Access Errors &gt; should set STORE_BEFORE_INIT (301) error when attempting to set a value before initializing" time="0.00005625">
        </testcase>
        <testcase classname="test/api/ErrorConditions.spec.ts" name="Error Conditions Tests &gt; AICC Error Conditions &gt; Data Access Errors &gt; should set COMMIT_BEFORE_INIT (301) error when attempting to commit before initializing" time="0.00005675">
        </testcase>
        <testcase classname="test/api/ErrorConditions.spec.ts" name="Error Conditions Tests &gt; AICC Error Conditions &gt; Data Model Errors &gt; should set UNDEFINED_DATA_MODEL (401) error when attempting to access an undefined data model element" time="0.000060791">
        </testcase>
        <testcase classname="test/api/ErrorConditions.spec.ts" name="Error Conditions Tests &gt; AICC Error Conditions &gt; Data Model Errors &gt; should set INVALID_SET_VALUE (402) error when setting an invalid value" time="0.00008825">
        </testcase>
        <testcase classname="test/api/ErrorConditions.spec.ts" name="Error Conditions Tests &gt; AICC Error Conditions &gt; Data Model Errors &gt; should set READ_ONLY_ELEMENT (403) error when attempting to set a read-only element" time="0.000154959">
        </testcase>
        <testcase classname="test/api/ErrorConditions.spec.ts" name="Error Conditions Tests &gt; AICC Error Conditions &gt; Data Model Errors &gt; should set TYPE_MISMATCH (405) error when setting a value with incorrect data type" time="0.000083375">
        </testcase>
        <testcase classname="test/api/ErrorConditions.spec.ts" name="Error Conditions Tests &gt; AICC Error Conditions &gt; Data Model Errors &gt; should set VALUE_OUT_OF_RANGE (407) error when setting a value outside the allowed range" time="0.000115542">
        </testcase>
    </testsuite>
    <testsuite name="test/api/EventHandling.spec.ts" timestamp="2025-05-05T03:40:24.971Z" hostname="jonathans-macbook-pro-2.mara-rohu.ts.net" tests="11" failures="0" errors="0" skipped="0" time="0.018340708">
        <testcase classname="test/api/EventHandling.spec.ts" name="Event Handling &gt; Basic Event Registration &gt; should register and trigger a simple event listener" time="0.001953875">
        </testcase>
        <testcase classname="test/api/EventHandling.spec.ts" name="Event Handling &gt; Basic Event Registration &gt; should register and trigger multiple event listeners for the same event" time="0.00027425">
        </testcase>
        <testcase classname="test/api/EventHandling.spec.ts" name="Event Handling &gt; Basic Event Registration &gt; should register and trigger event listeners with CMI element filtering" time="0.001194875">
        </testcase>
        <testcase classname="test/api/EventHandling.spec.ts" name="Event Handling &gt; Event Removal &gt; should remove a specific event listener" time="0.000296458">
        </testcase>
        <testcase classname="test/api/EventHandling.spec.ts" name="Event Handling &gt; Event Removal &gt; should clear all listeners for a specific event" time="0.000167792">
        </testcase>
        <testcase classname="test/api/EventHandling.spec.ts" name="Event Handling &gt; SCORM 2004 Specific Events &gt; should trigger SequenceNext event on autoProgress" time="0.002867792">
        </testcase>
        <testcase classname="test/api/EventHandling.spec.ts" name="Event Handling &gt; SCORM 2004 Specific Events &gt; should trigger navigation events based on adl.nav.request" time="0.002882459">
        </testcase>
        <testcase classname="test/api/EventHandling.spec.ts" name="Event Handling &gt; Commit Events &gt; should trigger CommitSuccess event on successful commit" time="0.002982292">
        </testcase>
        <testcase classname="test/api/EventHandling.spec.ts" name="Event Handling &gt; Commit Events &gt; should trigger CommitError event on failed commit" time="0.002542834">
        </testcase>
        <testcase classname="test/api/EventHandling.spec.ts" name="Event Handling &gt; Wildcard Event Matching &gt; should match events with wildcard patterns" time="0.001928334">
        </testcase>
        <testcase classname="test/api/EventHandling.spec.ts" name="Event Handling &gt; Multiple Event Registration &gt; should register multiple events in a single call" time="0.000335083">
        </testcase>
    </testsuite>
    <testsuite name="test/api/Scorm12API.additional.spec.ts" timestamp="2025-05-05T03:40:24.972Z" hostname="jonathans-macbook-pro-2.mara-rohu.ts.net" tests="18" failures="0" errors="0" skipped="0" time="0.006938833">
        <testcase classname="test/api/Scorm12API.additional.spec.ts" name="SCORM 1.2 API Additional Tests &gt; lmsInitialize() &gt; should initialize the API and return SCORM_TRUE" time="0.002372833">
        </testcase>
        <testcase classname="test/api/Scorm12API.additional.spec.ts" name="SCORM 1.2 API Additional Tests &gt; lmsInitialize() &gt; should set statusSetByModule to true if lesson_status is already set" time="0.000334584">
        </testcase>
        <testcase classname="test/api/Scorm12API.additional.spec.ts" name="SCORM 1.2 API Additional Tests &gt; internalFinish() &gt; should call terminate with &apos;LMSFinish&apos; and true" time="0.000321125">
        </testcase>
        <testcase classname="test/api/Scorm12API.additional.spec.ts" name="SCORM 1.2 API Additional Tests &gt; internalFinish() &gt; should process &apos;SequenceNext&apos; listener when nav.event is &apos;continue&apos;" time="0.000171375">
        </testcase>
        <testcase classname="test/api/Scorm12API.additional.spec.ts" name="SCORM 1.2 API Additional Tests &gt; internalFinish() &gt; should process &apos;SequencePrevious&apos; listener when nav.event is not &apos;continue&apos;" time="0.000193625">
        </testcase>
        <testcase classname="test/api/Scorm12API.additional.spec.ts" name="SCORM 1.2 API Additional Tests &gt; internalFinish() &gt; should process &apos;SequenceNext&apos; listener when autoProgress is true and nav.event is empty" time="0.000124708">
        </testcase>
        <testcase classname="test/api/Scorm12API.additional.spec.ts" name="SCORM 1.2 API Additional Tests &gt; internalFinish() &gt; should not process any listeners when autoProgress is false and nav.event is empty" time="0.000235625">
        </testcase>
        <testcase classname="test/api/Scorm12API.additional.spec.ts" name="SCORM 1.2 API Additional Tests &gt; lmsGetLastError() &gt; should call getLastError with &apos;LMSGetLastError&apos;" time="0.000122667">
        </testcase>
        <testcase classname="test/api/Scorm12API.additional.spec.ts" name="SCORM 1.2 API Additional Tests &gt; lmsGetErrorString() &gt; should call getErrorString with &apos;LMSGetErrorString&apos; and the error code" time="0.000231792">
        </testcase>
        <testcase classname="test/api/Scorm12API.additional.spec.ts" name="SCORM 1.2 API Additional Tests &gt; lmsGetDiagnostic() &gt; should call getDiagnostic with &apos;LMSGetDiagnostic&apos; and the error code" time="0.00018975">
        </testcase>
        <testcase classname="test/api/Scorm12API.additional.spec.ts" name="SCORM 1.2 API Additional Tests &gt; validateCorrectResponse() &gt; should not throw an error (empty implementation)" time="0.000299792">
        </testcase>
        <testcase classname="test/api/Scorm12API.additional.spec.ts" name="SCORM 1.2 API Additional Tests &gt; getLmsErrorMessageDetails() &gt; should return basic message when detail is false" time="0.00010725">
        </testcase>
        <testcase classname="test/api/Scorm12API.additional.spec.ts" name="SCORM 1.2 API Additional Tests &gt; getLmsErrorMessageDetails() &gt; should return detail message when detail is true" time="0.000052">
        </testcase>
        <testcase classname="test/api/Scorm12API.additional.spec.ts" name="SCORM 1.2 API Additional Tests &gt; getLmsErrorMessageDetails() &gt; should handle string error codes" time="0.000166125">
        </testcase>
        <testcase classname="test/api/Scorm12API.additional.spec.ts" name="SCORM 1.2 API Additional Tests &gt; getLmsErrorMessageDetails() &gt; should return &apos;No Error&apos; for unknown error codes" time="0.000054791">
        </testcase>
        <testcase classname="test/api/Scorm12API.additional.spec.ts" name="SCORM 1.2 API Additional Tests &gt; lmsCommit() &gt; should schedule commit when asyncCommit is true" time="0.000197666">
        </testcase>
        <testcase classname="test/api/Scorm12API.additional.spec.ts" name="SCORM 1.2 API Additional Tests &gt; lmsCommit() &gt; should call commit directly when asyncCommit is false" time="0.000163416">
        </testcase>
        <testcase classname="test/api/Scorm12API.additional.spec.ts" name="SCORM 1.2 API Additional Tests &gt; lmsFinish() &gt; should call internalFinish and return SCORM_TRUE" time="0.000087916">
        </testcase>
    </testsuite>
    <testsuite name="test/api/Scorm12API.spec.ts" timestamp="2025-05-05T03:40:24.973Z" hostname="jonathans-macbook-pro-2.mara-rohu.ts.net" tests="118" failures="0" errors="0" skipped="0" time="0.024052458">
        <testcase classname="test/api/Scorm12API.spec.ts" name="SCORM 1.2 API Tests &gt; loadFromJSON() &gt; should load JSON data into the CMI object" time="0.000816625">
        </testcase>
        <testcase classname="test/api/Scorm12API.spec.ts" name="SCORM 1.2 API Tests &gt; loadFromJSON() &gt; should load nested JSON data into the CMI object" time="0.000416042">
        </testcase>
        <testcase classname="test/api/Scorm12API.spec.ts" name="SCORM 1.2 API Tests &gt; loadFromJSON() &gt; should load nested JSON data into the CMI object in a backwards compatible way with v1" time="0.000215375">
        </testcase>
        <testcase classname="test/api/Scorm12API.spec.ts" name="SCORM 1.2 API Tests &gt; loadFromJSON() &gt; should load nested cmi JSON data into the CMI object" time="0.000126334">
        </testcase>
        <testcase classname="test/api/Scorm12API.spec.ts" name="SCORM 1.2 API Tests &gt; loadFromJSON() &gt; should load nested JSON data into the CMI object in a backwards compatible way with v1" time="0.000097625">
        </testcase>
        <testcase classname="test/api/Scorm12API.spec.ts" name="SCORM 1.2 API Tests &gt; loadFromJSON() &gt; should handle empty JSON data" time="0.000154042">
        </testcase>
        <testcase classname="test/api/Scorm12API.spec.ts" name="SCORM 1.2 API Tests &gt; loadFromJSON() &gt; should not load data if API is initialized" time="0.000594791">
            <system-err>
loadFromJSON can only be called before the call to lmsInitialize.

            </system-err>
        </testcase>
        <testcase classname="test/api/Scorm12API.spec.ts" name="SCORM 1.2 API Tests &gt; LMSSetValue() &gt; Field: cmi.core.score.raw &gt; Should successfully write &apos;1&apos; to cmi.core.score.raw" time="0.000103">
        </testcase>
        <testcase classname="test/api/Scorm12API.spec.ts" name="SCORM 1.2 API Tests &gt; LMSSetValue() &gt; Field: cmi.core.score.raw &gt; Should successfully write &apos;50.25&apos; to cmi.core.score.raw" time="0.000087458">
        </testcase>
        <testcase classname="test/api/Scorm12API.spec.ts" name="SCORM 1.2 API Tests &gt; LMSSetValue() &gt; Field: cmi.core.score.raw &gt; Should successfully write &apos;70&apos; to cmi.core.score.raw" time="0.000047916">
        </testcase>
        <testcase classname="test/api/Scorm12API.spec.ts" name="SCORM 1.2 API Tests &gt; LMSSetValue() &gt; Field: cmi.core.score.raw &gt; Should successfully write &apos;100&apos; to cmi.core.score.raw" time="0.000035">
        </testcase>
        <testcase classname="test/api/Scorm12API.spec.ts" name="SCORM 1.2 API Tests &gt; LMSSetValue() &gt; Field: cmi.core.score.raw &gt; Should successfully write &apos;1&apos; to cmi.core.score.raw" time="0.000073584">
        </testcase>
        <testcase classname="test/api/Scorm12API.spec.ts" name="SCORM 1.2 API Tests &gt; LMSSetValue() &gt; Field: cmi.core.score.raw &gt; Should successfully write &apos;50.25&apos; to cmi.core.score.raw" time="0.000284709">
        </testcase>
        <testcase classname="test/api/Scorm12API.spec.ts" name="SCORM 1.2 API Tests &gt; LMSSetValue() &gt; Field: cmi.core.score.raw &gt; Should successfully write &apos;70&apos; to cmi.core.score.raw" time="0.000273542">
        </testcase>
        <testcase classname="test/api/Scorm12API.spec.ts" name="SCORM 1.2 API Tests &gt; LMSSetValue() &gt; Field: cmi.core.score.raw &gt; Should successfully write &apos;100&apos; to cmi.core.score.raw" time="0.000066708">
        </testcase>
        <testcase classname="test/api/Scorm12API.spec.ts" name="SCORM 1.2 API Tests &gt; LMSSetValue() &gt; Field: cmi.core.score.raw &gt; Should fail to write &apos;invalid&apos; to cmi.core.score.raw" time="0.000188">
        </testcase>
        <testcase classname="test/api/Scorm12API.spec.ts" name="SCORM 1.2 API Tests &gt; LMSSetValue() &gt; Field: cmi.core.score.raw &gt; Should fail to write &apos;a100&apos; to cmi.core.score.raw" time="0.000053666">
        </testcase>
        <testcase classname="test/api/Scorm12API.spec.ts" name="SCORM 1.2 API Tests &gt; LMSSetValue() &gt; Field: cmi.core.score.raw &gt; Should fail to write &apos;-1&apos; to cmi.core.score.raw" time="0.000090792">
        </testcase>
        <testcase classname="test/api/Scorm12API.spec.ts" name="SCORM 1.2 API Tests &gt; LMSSetValue() &gt; Field: cmi.core.score.raw &gt; Should fail to write &apos;101&apos; to cmi.core.score.raw" time="0.0000505">
        </testcase>
        <testcase classname="test/api/Scorm12API.spec.ts" name="SCORM 1.2 API Tests &gt; LMSSetValue() &gt; Field: cmi.core.score.raw &gt; Should fail to write &apos;-100000&apos; to cmi.core.score.raw" time="0.000070541">
        </testcase>
        <testcase classname="test/api/Scorm12API.spec.ts" name="SCORM 1.2 API Tests &gt; LMSSetValue() &gt; Field: cmi.core.score.raw &gt; Should fail to write &apos;100000&apos; to cmi.core.score.raw" time="0.000034459">
        </testcase>
        <testcase classname="test/api/Scorm12API.spec.ts" name="SCORM 1.2 API Tests &gt; LMSSetValue() &gt; Field: cmi.core.score.min &gt; Should successfully write &apos;1&apos; to cmi.core.score.min" time="0.000039292">
        </testcase>
        <testcase classname="test/api/Scorm12API.spec.ts" name="SCORM 1.2 API Tests &gt; LMSSetValue() &gt; Field: cmi.core.score.min &gt; Should successfully write &apos;50.25&apos; to cmi.core.score.min" time="0.000032">
        </testcase>
        <testcase classname="test/api/Scorm12API.spec.ts" name="SCORM 1.2 API Tests &gt; LMSSetValue() &gt; Field: cmi.core.score.min &gt; Should successfully write &apos;70&apos; to cmi.core.score.min" time="0.000034708">
        </testcase>
        <testcase classname="test/api/Scorm12API.spec.ts" name="SCORM 1.2 API Tests &gt; LMSSetValue() &gt; Field: cmi.core.score.min &gt; Should successfully write &apos;100&apos; to cmi.core.score.min" time="0.00003">
        </testcase>
        <testcase classname="test/api/Scorm12API.spec.ts" name="SCORM 1.2 API Tests &gt; LMSSetValue() &gt; Field: cmi.core.score.min &gt; Should successfully write &apos;1&apos; to cmi.core.score.min" time="0.000026542">
        </testcase>
        <testcase classname="test/api/Scorm12API.spec.ts" name="SCORM 1.2 API Tests &gt; LMSSetValue() &gt; Field: cmi.core.score.min &gt; Should successfully write &apos;50.25&apos; to cmi.core.score.min" time="0.000028458">
        </testcase>
        <testcase classname="test/api/Scorm12API.spec.ts" name="SCORM 1.2 API Tests &gt; LMSSetValue() &gt; Field: cmi.core.score.min &gt; Should successfully write &apos;70&apos; to cmi.core.score.min" time="0.000024958">
        </testcase>
        <testcase classname="test/api/Scorm12API.spec.ts" name="SCORM 1.2 API Tests &gt; LMSSetValue() &gt; Field: cmi.core.score.min &gt; Should successfully write &apos;100&apos; to cmi.core.score.min" time="0.000024875">
        </testcase>
        <testcase classname="test/api/Scorm12API.spec.ts" name="SCORM 1.2 API Tests &gt; LMSSetValue() &gt; Field: cmi.core.score.min &gt; Should fail to write &apos;invalid&apos; to cmi.core.score.min" time="0.000038292">
        </testcase>
        <testcase classname="test/api/Scorm12API.spec.ts" name="SCORM 1.2 API Tests &gt; LMSSetValue() &gt; Field: cmi.core.score.min &gt; Should fail to write &apos;a100&apos; to cmi.core.score.min" time="0.000033875">
        </testcase>
        <testcase classname="test/api/Scorm12API.spec.ts" name="SCORM 1.2 API Tests &gt; LMSSetValue() &gt; Field: cmi.core.score.min &gt; Should fail to write &apos;-1&apos; to cmi.core.score.min" time="0.000071834">
        </testcase>
        <testcase classname="test/api/Scorm12API.spec.ts" name="SCORM 1.2 API Tests &gt; LMSSetValue() &gt; Field: cmi.core.score.min &gt; Should fail to write &apos;101&apos; to cmi.core.score.min" time="0.000045375">
        </testcase>
        <testcase classname="test/api/Scorm12API.spec.ts" name="SCORM 1.2 API Tests &gt; LMSSetValue() &gt; Field: cmi.core.score.min &gt; Should fail to write &apos;-100000&apos; to cmi.core.score.min" time="0.0000365">
        </testcase>
        <testcase classname="test/api/Scorm12API.spec.ts" name="SCORM 1.2 API Tests &gt; LMSSetValue() &gt; Field: cmi.core.score.min &gt; Should fail to write &apos;100000&apos; to cmi.core.score.min" time="0.000067667">
        </testcase>
        <testcase classname="test/api/Scorm12API.spec.ts" name="SCORM 1.2 API Tests &gt; LMSSetValue() &gt; Field: cmi.core.score.max &gt; Should successfully write &apos;1&apos; to cmi.core.score.max" time="0.000079083">
        </testcase>
        <testcase classname="test/api/Scorm12API.spec.ts" name="SCORM 1.2 API Tests &gt; LMSSetValue() &gt; Field: cmi.core.score.max &gt; Should successfully write &apos;50.25&apos; to cmi.core.score.max" time="0.000046">
        </testcase>
        <testcase classname="test/api/Scorm12API.spec.ts" name="SCORM 1.2 API Tests &gt; LMSSetValue() &gt; Field: cmi.core.score.max &gt; Should successfully write &apos;70&apos; to cmi.core.score.max" time="0.000033375">
        </testcase>
        <testcase classname="test/api/Scorm12API.spec.ts" name="SCORM 1.2 API Tests &gt; LMSSetValue() &gt; Field: cmi.core.score.max &gt; Should successfully write &apos;100&apos; to cmi.core.score.max" time="0.000093375">
        </testcase>
        <testcase classname="test/api/Scorm12API.spec.ts" name="SCORM 1.2 API Tests &gt; LMSSetValue() &gt; Field: cmi.core.score.max &gt; Should successfully write &apos;1&apos; to cmi.core.score.max" time="0.000034833">
        </testcase>
        <testcase classname="test/api/Scorm12API.spec.ts" name="SCORM 1.2 API Tests &gt; LMSSetValue() &gt; Field: cmi.core.score.max &gt; Should successfully write &apos;50.25&apos; to cmi.core.score.max" time="0.000031958">
        </testcase>
        <testcase classname="test/api/Scorm12API.spec.ts" name="SCORM 1.2 API Tests &gt; LMSSetValue() &gt; Field: cmi.core.score.max &gt; Should successfully write &apos;70&apos; to cmi.core.score.max" time="0.000026667">
        </testcase>
        <testcase classname="test/api/Scorm12API.spec.ts" name="SCORM 1.2 API Tests &gt; LMSSetValue() &gt; Field: cmi.core.score.max &gt; Should successfully write &apos;100&apos; to cmi.core.score.max" time="0.000024083">
        </testcase>
        <testcase classname="test/api/Scorm12API.spec.ts" name="SCORM 1.2 API Tests &gt; LMSSetValue() &gt; Field: cmi.core.score.max &gt; Should fail to write &apos;invalid&apos; to cmi.core.score.max" time="0.000122875">
        </testcase>
        <testcase classname="test/api/Scorm12API.spec.ts" name="SCORM 1.2 API Tests &gt; LMSSetValue() &gt; Field: cmi.core.score.max &gt; Should fail to write &apos;a100&apos; to cmi.core.score.max" time="0.000117625">
        </testcase>
        <testcase classname="test/api/Scorm12API.spec.ts" name="SCORM 1.2 API Tests &gt; LMSSetValue() &gt; Field: cmi.core.score.max &gt; Should fail to write &apos;-1&apos; to cmi.core.score.max" time="0.000055917">
        </testcase>
        <testcase classname="test/api/Scorm12API.spec.ts" name="SCORM 1.2 API Tests &gt; LMSSetValue() &gt; Field: cmi.core.score.max &gt; Should fail to write &apos;101&apos; to cmi.core.score.max" time="0.000085292">
        </testcase>
        <testcase classname="test/api/Scorm12API.spec.ts" name="SCORM 1.2 API Tests &gt; LMSSetValue() &gt; Field: cmi.core.score.max &gt; Should fail to write &apos;-100000&apos; to cmi.core.score.max" time="0.000038417">
        </testcase>
        <testcase classname="test/api/Scorm12API.spec.ts" name="SCORM 1.2 API Tests &gt; LMSSetValue() &gt; Field: cmi.core.score.max &gt; Should fail to write &apos;100000&apos; to cmi.core.score.max" time="0.000028583">
        </testcase>
        <testcase classname="test/api/Scorm12API.spec.ts" name="SCORM 1.2 API Tests &gt; setCMIValue() &gt; Invalid Sets - Should Always Fail &gt; Field: cmi._version &gt; Should fail to set CMI value for cmi._version" time="0.000453708">
        </testcase>
        <testcase classname="test/api/Scorm12API.spec.ts" name="SCORM 1.2 API Tests &gt; setCMIValue() &gt; Invalid Sets - Should Always Fail &gt; Field: cmi._children &gt; Should fail to set CMI value for cmi._children" time="0.000082667">
        </testcase>
        <testcase classname="test/api/Scorm12API.spec.ts" name="SCORM 1.2 API Tests &gt; setCMIValue() &gt; Invalid Sets - Should Always Fail &gt; Field: cmi.core._children &gt; Should fail to set CMI value for cmi.core._children" time="0.000050792">
        </testcase>
        <testcase classname="test/api/Scorm12API.spec.ts" name="SCORM 1.2 API Tests &gt; setCMIValue() &gt; Invalid Sets - Should Always Fail &gt; Field: cmi.core.score._children &gt; Should fail to set CMI value for cmi.core.score._children" time="0.000054">
        </testcase>
        <testcase classname="test/api/Scorm12API.spec.ts" name="SCORM 1.2 API Tests &gt; setCMIValue() &gt; Invalid Sets - Should Always Fail &gt; Field: cmi.objectives._children &gt; Should fail to set CMI value for cmi.objectives._children" time="0.000045125">
        </testcase>
        <testcase classname="test/api/Scorm12API.spec.ts" name="SCORM 1.2 API Tests &gt; setCMIValue() &gt; Invalid Sets - Should Always Fail &gt; Field: cmi.objectives._count &gt; Should fail to set CMI value for cmi.objectives._count" time="0.000040667">
        </testcase>
        <testcase classname="test/api/Scorm12API.spec.ts" name="SCORM 1.2 API Tests &gt; setCMIValue() &gt; Invalid Sets - Should Always Fail &gt; Field: cmi.interactions._children &gt; Should fail to set CMI value for cmi.interactions._children" time="0.000035333">
        </testcase>
        <testcase classname="test/api/Scorm12API.spec.ts" name="SCORM 1.2 API Tests &gt; setCMIValue() &gt; Invalid Sets - Should Always Fail &gt; Field: cmi.interactions._count &gt; Should fail to set CMI value for cmi.interactions._count" time="0.000031625">
        </testcase>
        <testcase classname="test/api/Scorm12API.spec.ts" name="SCORM 1.2 API Tests &gt; setCMIValue() &gt; Invalid Sets - Should Always Fail &gt; Field: cmi.interactions.0.objectives._count &gt; Should fail to set CMI value for cmi.interactions.0.objectives._count" time="0.000100042">
        </testcase>
        <testcase classname="test/api/Scorm12API.spec.ts" name="SCORM 1.2 API Tests &gt; setCMIValue() &gt; Invalid Sets - Should Always Fail &gt; Field: cmi.interactions.0.correct_responses._count &gt; Should fail to set CMI value for cmi.interactions.0.correct_responses._count" time="0.000053791">
        </testcase>
        <testcase classname="test/api/Scorm12API.spec.ts" name="SCORM 1.2 API Tests &gt; setCMIValue() &gt; Invalid Sets - Should Fail After Initialization &gt; Field: cmi.launch_data &gt; Should fail to set CMI value for cmi.launch_data" time="0.000087375">
        </testcase>
        <testcase classname="test/api/Scorm12API.spec.ts" name="SCORM 1.2 API Tests &gt; setCMIValue() &gt; Invalid Sets - Should Fail After Initialization &gt; Field: cmi.comments_from_lms &gt; Should fail to set CMI value for cmi.comments_from_lms" time="0.000073875">
        </testcase>
        <testcase classname="test/api/Scorm12API.spec.ts" name="SCORM 1.2 API Tests &gt; setCMIValue() &gt; Invalid Sets - Should Fail After Initialization &gt; Field: cmi.core.student_id &gt; Should fail to set CMI value for cmi.core.student_id" time="0.000036958">
        </testcase>
        <testcase classname="test/api/Scorm12API.spec.ts" name="SCORM 1.2 API Tests &gt; setCMIValue() &gt; Invalid Sets - Should Fail After Initialization &gt; Field: cmi.core.student_name &gt; Should fail to set CMI value for cmi.core.student_name" time="0.00003">
        </testcase>
        <testcase classname="test/api/Scorm12API.spec.ts" name="SCORM 1.2 API Tests &gt; setCMIValue() &gt; Invalid Sets - Should Fail After Initialization &gt; Field: cmi.core.credit &gt; Should fail to set CMI value for cmi.core.credit" time="0.00003325">
        </testcase>
        <testcase classname="test/api/Scorm12API.spec.ts" name="SCORM 1.2 API Tests &gt; setCMIValue() &gt; Invalid Sets - Should Fail After Initialization &gt; Field: cmi.core.entry &gt; Should fail to set CMI value for cmi.core.entry" time="0.000032708">
        </testcase>
        <testcase classname="test/api/Scorm12API.spec.ts" name="SCORM 1.2 API Tests &gt; setCMIValue() &gt; Invalid Sets - Should Fail After Initialization &gt; Field: cmi.core.total_time &gt; Should fail to set CMI value for cmi.core.total_time" time="0.000031959">
        </testcase>
        <testcase classname="test/api/Scorm12API.spec.ts" name="SCORM 1.2 API Tests &gt; setCMIValue() &gt; Invalid Sets - Should Fail After Initialization &gt; Field: cmi.core.lesson_mode &gt; Should fail to set CMI value for cmi.core.lesson_mode" time="0.000030209">
        </testcase>
        <testcase classname="test/api/Scorm12API.spec.ts" name="SCORM 1.2 API Tests &gt; setCMIValue() &gt; Invalid Sets - Should Fail After Initialization &gt; Field: cmi.student_data.mastery_score &gt; Should fail to set CMI value for cmi.student_data.mastery_score" time="0.000038958">
        </testcase>
        <testcase classname="test/api/Scorm12API.spec.ts" name="SCORM 1.2 API Tests &gt; setCMIValue() &gt; Invalid Sets - Should Fail After Initialization &gt; Field: cmi.student_data.max_time_allowed &gt; Should fail to set CMI value for cmi.student_data.max_time_allowed" time="0.000032334">
        </testcase>
        <testcase classname="test/api/Scorm12API.spec.ts" name="SCORM 1.2 API Tests &gt; setCMIValue() &gt; Invalid Sets - Should Fail After Initialization &gt; Field: cmi.student_data.time_limit_action &gt; Should fail to set CMI value for cmi.student_data.time_limit_action" time="0.000031417">
        </testcase>
        <testcase classname="test/api/Scorm12API.spec.ts" name="SCORM 1.2 API Tests &gt; LMSGetValue() &gt; Invalid Properties - Should Always Fail &gt; Field: cmi.core.close &gt; Should fail to get value for cmi.core.close" time="0.000102542">
        </testcase>
        <testcase classname="test/api/Scorm12API.spec.ts" name="SCORM 1.2 API Tests &gt; LMSGetValue() &gt; Invalid Properties - Should Always Fail &gt; Field: cmi.exit &gt; Should fail to get value for cmi.exit" time="0.00003575">
        </testcase>
        <testcase classname="test/api/Scorm12API.spec.ts" name="SCORM 1.2 API Tests &gt; LMSGetValue() &gt; Invalid Properties - Should Always Fail &gt; Field: cmi.entry &gt; Should fail to get value for cmi.entry" time="0.000021708">
        </testcase>
        <testcase classname="test/api/Scorm12API.spec.ts" name="SCORM 1.2 API Tests &gt; LMSGetValue() &gt; Read and Write Properties - Should Success &gt; Field: cmi.interactions.0.objectives.0.id &gt; Should successfully get value for cmi.interactions.0.objectives.0.id" time="0.000027291">
        </testcase>
        <testcase classname="test/api/Scorm12API.spec.ts" name="SCORM 1.2 API Tests &gt; LMSGetValue() &gt; Write-Only Properties - Should Always Fail &gt; Field: cmi.core.exit &gt; Should fail to get value for cmi.core.exit" time="0.000032542">
        </testcase>
        <testcase classname="test/api/Scorm12API.spec.ts" name="SCORM 1.2 API Tests &gt; LMSGetValue() &gt; Write-Only Properties - Should Always Fail &gt; Field: cmi.core.session_time &gt; Should fail to get value for cmi.core.session_time" time="0.000030709">
        </testcase>
        <testcase classname="test/api/Scorm12API.spec.ts" name="SCORM 1.2 API Tests &gt; LMSGetValue() &gt; Write-Only Properties - Should Always Fail &gt; Field: cmi.interactions.0.id &gt; Should fail to get value for cmi.interactions.0.id" time="0.000029417">
        </testcase>
        <testcase classname="test/api/Scorm12API.spec.ts" name="SCORM 1.2 API Tests &gt; LMSGetValue() &gt; Write-Only Properties - Should Always Fail &gt; Field: cmi.interactions.0.time &gt; Should fail to get value for cmi.interactions.0.time" time="0.000028958">
        </testcase>
        <testcase classname="test/api/Scorm12API.spec.ts" name="SCORM 1.2 API Tests &gt; LMSGetValue() &gt; Write-Only Properties - Should Always Fail &gt; Field: cmi.interactions.0.type &gt; Should fail to get value for cmi.interactions.0.type" time="0.000028417">
        </testcase>
        <testcase classname="test/api/Scorm12API.spec.ts" name="SCORM 1.2 API Tests &gt; LMSGetValue() &gt; Write-Only Properties - Should Always Fail &gt; Field: cmi.interactions.0.weighting &gt; Should fail to get value for cmi.interactions.0.weighting" time="0.000062333">
        </testcase>
        <testcase classname="test/api/Scorm12API.spec.ts" name="SCORM 1.2 API Tests &gt; LMSGetValue() &gt; Write-Only Properties - Should Always Fail &gt; Field: cmi.interactions.0.student_response &gt; Should fail to get value for cmi.interactions.0.student_response" time="0.000037541">
        </testcase>
        <testcase classname="test/api/Scorm12API.spec.ts" name="SCORM 1.2 API Tests &gt; LMSGetValue() &gt; Write-Only Properties - Should Always Fail &gt; Field: cmi.interactions.0.result &gt; Should fail to get value for cmi.interactions.0.result" time="0.000028875">
        </testcase>
        <testcase classname="test/api/Scorm12API.spec.ts" name="SCORM 1.2 API Tests &gt; LMSGetValue() &gt; Write-Only Properties - Should Always Fail &gt; Field: cmi.interactions.0.latency &gt; Should fail to get value for cmi.interactions.0.latency" time="0.000040583">
        </testcase>
        <testcase classname="test/api/Scorm12API.spec.ts" name="SCORM 1.2 API Tests &gt; LMSGetValue() &gt; Write-Only Properties - Should Always Fail &gt; Field: cmi.interactions.0.correct_responses.0.pattern &gt; Should fail to get value for cmi.interactions.0.correct_responses.0.pattern" time="0.000028291">
        </testcase>
        <testcase classname="test/api/Scorm12API.spec.ts" name="SCORM 1.2 API Tests &gt; LMSSetValue() &gt; Uninitialized - Should Fail &gt; Field: cmi.objectives.0.id &gt; Should fail to set value for cmi.objectives.0.id" time="0.0000505">
        </testcase>
        <testcase classname="test/api/Scorm12API.spec.ts" name="SCORM 1.2 API Tests &gt; LMSSetValue() &gt; Uninitialized - Should Fail &gt; Field: cmi.interactions.0.id &gt; Should fail to set value for cmi.interactions.0.id" time="0.00002">
        </testcase>
        <testcase classname="test/api/Scorm12API.spec.ts" name="SCORM 1.2 API Tests &gt; LMSSetValue() &gt; Initialized - Should Succeed &gt; Field: cmi.objectives.0.id &gt; Should successfully set value for cmi.objectives.0.id" time="0.000035042">
        </testcase>
        <testcase classname="test/api/Scorm12API.spec.ts" name="SCORM 1.2 API Tests &gt; LMSSetValue() &gt; Initialized - Should Succeed &gt; Field: cmi.interactions.0.id &gt; Should successfully set value for cmi.interactions.0.id" time="0.000028916">
        </testcase>
        <testcase classname="test/api/Scorm12API.spec.ts" name="SCORM 1.2 API Tests &gt; LMSSetValue() &gt; Initialized - Should Succeed &gt; Field: cmi.interactions.0.objectives.0.id &gt; Should successfully set value for cmi.interactions.0.objectives.0.id" time="0.000077958">
        </testcase>
        <testcase classname="test/api/Scorm12API.spec.ts" name="SCORM 1.2 API Tests &gt; LMSSetValue() &gt; Initialized - Should Succeed &gt; Field: cmi.interactions.10.correct_responses.0.pattern &gt; Should successfully set value for cmi.interactions.10.correct_responses.0.pattern" time="0.000034208">
        </testcase>
        <testcase classname="test/api/Scorm12API.spec.ts" name="SCORM 1.2 API Tests &gt; replaceWithAnotherScormAPI() &gt; should replace the current API with another API" time="0.000055167">
        </testcase>
        <testcase classname="test/api/Scorm12API.spec.ts" name="SCORM 1.2 API Tests &gt; renderCommitCMI() &gt; should calculate total time when terminateCommit passed" time="0.000360208">
        </testcase>
        <testcase classname="test/api/Scorm12API.spec.ts" name="SCORM 1.2 API Tests &gt; renderCommitCMI() &gt; if the user passes, should calculate total time when terminateCommit passed" time="0.000147208">
        </testcase>
        <testcase classname="test/api/Scorm12API.spec.ts" name="SCORM 1.2 API Tests &gt; renderCommitCMI() &gt; should return flattened format when dataCommitFormat is &apos;flattened&apos;" time="0.000152875">
        </testcase>
        <testcase classname="test/api/Scorm12API.spec.ts" name="SCORM 1.2 API Tests &gt; renderCommitCMI() &gt; should return params format when dataCommitFormat is &apos;params&apos;" time="0.000361375">
        </testcase>
        <testcase classname="test/api/Scorm12API.spec.ts" name="SCORM 1.2 API Tests &gt; renderCommitObject() &gt; should render commit object with default settings and no score" time="0.000237416">
        </testcase>
        <testcase classname="test/api/Scorm12API.spec.ts" name="SCORM 1.2 API Tests &gt; renderCommitObject() &gt; should render commit object with score data" time="0.000175709">
        </testcase>
        <testcase classname="test/api/Scorm12API.spec.ts" name="SCORM 1.2 API Tests &gt; renderCommitObject() &gt; should render commit object with completion and success status" time="0.000078291">
        </testcase>
        <testcase classname="test/api/Scorm12API.spec.ts" name="SCORM 1.2 API Tests &gt; renderCommitObject() &gt; should render commit object with failed success status" time="0.000071875">
        </testcase>
        <testcase classname="test/api/Scorm12API.spec.ts" name="SCORM 1.2 API Tests &gt; renderCommitObject() &gt; should calculate total time when terminateCommit is true" time="0.000128167">
        </testcase>
        <testcase classname="test/api/Scorm12API.spec.ts" name="SCORM 1.2 API Tests &gt; storeData() &gt; should set cmi.core.lesson_status to &quot;completed&quot;" time="0.000124">
        </testcase>
        <testcase classname="test/api/Scorm12API.spec.ts" name="SCORM 1.2 API Tests &gt; storeData() &gt; should set cmi.core.lesson_status to &quot;browsed&quot;" time="0.000053792">
        </testcase>
        <testcase classname="test/api/Scorm12API.spec.ts" name="SCORM 1.2 API Tests &gt; storeData() &gt; should set cmi.core.lesson_status to &quot;browsed&quot; - Initial Status" time="0.000054375">
        </testcase>
        <testcase classname="test/api/Scorm12API.spec.ts" name="SCORM 1.2 API Tests &gt; storeData() &gt; should set cmi.core.lesson_status to &quot;passed&quot; - mastery_override: true" time="0.000065625">
        </testcase>
        <testcase classname="test/api/Scorm12API.spec.ts" name="SCORM 1.2 API Tests &gt; storeData() &gt; should set cmi.core.lesson_status to &quot;failed&quot; - mastery_override: true" time="0.000060125">
        </testcase>
        <testcase classname="test/api/Scorm12API.spec.ts" name="SCORM 1.2 API Tests &gt; storeData() &gt; should set cmi.core.lesson_status to &quot;passed&quot; - mastery_override: false" time="0.000055583">
        </testcase>
        <testcase classname="test/api/Scorm12API.spec.ts" name="SCORM 1.2 API Tests &gt; storeData() &gt; should set cmi.core.lesson_status to &quot;failed&quot; - mastery_override: false" time="0.000054833">
        </testcase>
        <testcase classname="test/api/Scorm12API.spec.ts" name="SCORM 1.2 API Tests &gt; LMSCommit Debounce Tests &gt; should debounce LMSCommit calls when autocommit is true" time="0.001762208">
        </testcase>
        <testcase classname="test/api/Scorm12API.spec.ts" name="SCORM 1.2 API Tests &gt; LMSCommit Debounce Tests &gt; should call LMSCommit only once within the debounce period" time="0.000248875">
        </testcase>
        <testcase classname="test/api/Scorm12API.spec.ts" name="SCORM 1.2 API Tests &gt; LMSCommit Debounce Tests &gt; should call LMSCommit multiple times if debounce period is exceeded" time="0.0002705">
        </testcase>
        <testcase classname="test/api/Scorm12API.spec.ts" name="SCORM 1.2 API Tests &gt; Event Handlers &gt; Should handle SetValue.cmi.core.student_name event" time="0.000370875">
        </testcase>
        <testcase classname="test/api/Scorm12API.spec.ts" name="SCORM 1.2 API Tests &gt; Event Handlers &gt; Should handle SetValue.cmi.* event" time="0.000123792">
        </testcase>
        <testcase classname="test/api/Scorm12API.spec.ts" name="SCORM 1.2 API Tests &gt; Event Handlers &gt; Should handle CommitSuccess event" time="0.000241166">
        </testcase>
        <testcase classname="test/api/Scorm12API.spec.ts" name="SCORM 1.2 API Tests &gt; Event Handlers &gt; Should clear all event listeners for CommitSuccess" time="0.000173167">
        </testcase>
        <testcase classname="test/api/Scorm12API.spec.ts" name="SCORM 1.2 API Tests &gt; Event Handlers &gt; Should clear only the specific event listener for CommitSuccess" time="0.000295625">
        </testcase>
        <testcase classname="test/api/Scorm12API.spec.ts" name="SCORM 1.2 API Tests &gt; Event Handlers &gt; Should handle CommitError event" time="0.000112458">
        </testcase>
        <testcase classname="test/api/Scorm12API.spec.ts" name="SCORM 1.2 API Tests &gt; Event Handlers &gt; Should handle CommitError event when offline" time="0.00010125">
        </testcase>
        <testcase classname="test/api/Scorm12API.spec.ts" name="SCORM 1.2 API Tests &gt; Test issues from users &gt; Should be able to load the JSON data from issue #587" time="0.008288875">
        </testcase>
    </testsuite>
    <testsuite name="test/api/Scorm2004API.additional.spec.ts" timestamp="2025-05-05T03:40:24.979Z" hostname="jonathans-macbook-pro-2.mara-rohu.ts.net" tests="24" failures="0" errors="0" skipped="0" time="0.006984667">
        <testcase classname="test/api/Scorm2004API.additional.spec.ts" name="SCORM 2004 API Additional Tests &gt; lmsGetValue() &gt; should handle adl.nav.request_valid.choice with target" time="0.001277875">
        </testcase>
        <testcase classname="test/api/Scorm2004API.additional.spec.ts" name="SCORM 2004 API Additional Tests &gt; lmsGetValue() &gt; should handle adl.nav.request_valid.jump with target" time="0.000114208">
        </testcase>
        <testcase classname="test/api/Scorm2004API.additional.spec.ts" name="SCORM 2004 API Additional Tests &gt; lmsGetValue() &gt; should return false for invalid target in adl.nav.request_valid.choice" time="0.000141708">
        </testcase>
        <testcase classname="test/api/Scorm2004API.additional.spec.ts" name="SCORM 2004 API Additional Tests &gt; lmsGetValue() &gt; should use scoItemIdValidator if provided" time="0.000423625">
        </testcase>
        <testcase classname="test/api/Scorm2004API.additional.spec.ts" name="SCORM 2004 API Additional Tests &gt; checkDuplicateChoiceResponse() &gt; should throw an error when a duplicate choice response is found" time="0.000198833">
        </testcase>
        <testcase classname="test/api/Scorm2004API.additional.spec.ts" name="SCORM 2004 API Additional Tests &gt; checkDuplicateChoiceResponse() &gt; should not throw an error when no duplicate choice response is found" time="0.000067166">
        </testcase>
        <testcase classname="test/api/Scorm2004API.additional.spec.ts" name="SCORM 2004 API Additional Tests &gt; checkDuplicateChoiceResponse() &gt; should not check for duplicates if interaction type is not choice" time="0.000063209">
        </testcase>
        <testcase classname="test/api/Scorm2004API.additional.spec.ts" name="SCORM 2004 API Additional Tests &gt; storeData() &gt; should execute navigation request JavaScript when navRequest is true and result.navRequest is provided" time="0.000722375">
        </testcase>
        <testcase classname="test/api/Scorm2004API.additional.spec.ts" name="SCORM 2004 API Additional Tests &gt; storeData() &gt; should not execute navigation request JavaScript when navRequest is false" time="0.000444625">
        </testcase>
        <testcase classname="test/api/Scorm2004API.additional.spec.ts" name="SCORM 2004 API Additional Tests &gt; storeData() &gt; should not execute navigation request JavaScript when result.navRequest is empty" time="0.000192792">
        </testcase>
        <testcase classname="test/api/Scorm2004API.additional.spec.ts" name="SCORM 2004 API Additional Tests &gt; validateCorrectResponse() &gt; should validate a correct response pattern for true-false interaction" time="0.000466084">
        </testcase>
        <testcase classname="test/api/Scorm2004API.additional.spec.ts" name="SCORM 2004 API Additional Tests &gt; validateCorrectResponse() &gt; should throw an error for duplicate pattern in correct responses" time="0.000310542">
        </testcase>
        <testcase classname="test/api/Scorm2004API.additional.spec.ts" name="SCORM 2004 API Additional Tests &gt; validateCorrectResponse() &gt; should throw an error when correct_responses limit is reached" time="0.000169208">
        </testcase>
        <testcase classname="test/api/Scorm2004API.additional.spec.ts" name="SCORM 2004 API Additional Tests &gt; checkValidResponseType() &gt; should throw an error when the number of nodes exceeds the maximum allowed" time="0.000194042">
        </testcase>
        <testcase classname="test/api/Scorm2004API.additional.spec.ts" name="SCORM 2004 API Additional Tests &gt; checkValidResponseType() &gt; should call checkCorrectResponseValue when the number of nodes is valid" time="0.000114709">
        </testcase>
        <testcase classname="test/api/Scorm2004API.additional.spec.ts" name="SCORM 2004 API Additional Tests &gt; checkCorrectResponseValue() &gt; should throw an error when the response type is not found" time="0.000458209">
        </testcase>
        <testcase classname="test/api/Scorm2004API.additional.spec.ts" name="SCORM 2004 API Additional Tests &gt; checkCorrectResponseValue() &gt; should throw an error when using delimiter2 and the first value doesn&apos;t match the format regex" time="0.000144958">
        </testcase>
        <testcase classname="test/api/Scorm2004API.additional.spec.ts" name="SCORM 2004 API Additional Tests &gt; checkCorrectResponseValue() &gt; should throw an error when using delimiter2 and the second value doesn&apos;t match format2 regex" time="0.000138625">
        </testcase>
        <testcase classname="test/api/Scorm2004API.additional.spec.ts" name="SCORM 2004 API Additional Tests &gt; checkCorrectResponseValue() &gt; should throw an error when using delimiter2 and the values array doesn&apos;t have exactly 2 elements" time="0.000133625">
        </testcase>
        <testcase classname="test/api/Scorm2004API.additional.spec.ts" name="SCORM 2004 API Additional Tests &gt; checkCorrectResponseValue() &gt; should throw an error when interaction_type is numeric and nodes.length &gt; 1 and first value &gt; second value" time="0.000138375">
        </testcase>
        <testcase classname="test/api/Scorm2004API.additional.spec.ts" name="SCORM 2004 API Additional Tests &gt; checkCorrectResponseValue() &gt; should throw an error when response.unique is true and a duplicate value is found" time="0.000117375">
        </testcase>
        <testcase classname="test/api/Scorm2004API.additional.spec.ts" name="SCORM 2004 API Additional Tests &gt; createCorrectResponsesObject() &gt; should throw an error when interaction is undefined" time="0.000083875">
        </testcase>
        <testcase classname="test/api/Scorm2004API.additional.spec.ts" name="SCORM 2004 API Additional Tests &gt; createCorrectResponsesObject() &gt; should throw an error when interaction doesn&apos;t have a type" time="0.000126041">
        </testcase>
        <testcase classname="test/api/Scorm2004API.additional.spec.ts" name="SCORM 2004 API Additional Tests &gt; createCorrectResponsesObject() &gt; should throw an error when the response type is incorrect" time="0.000077292">
        </testcase>
    </testsuite>
    <testsuite name="test/api/Scorm2004API.spec.ts" timestamp="2025-05-05T03:40:24.981Z" hostname="jonathans-macbook-pro-2.mara-rohu.ts.net" tests="174" failures="0" errors="0" skipped="0" time="0.067558708">
        <testcase classname="test/api/Scorm2004API.spec.ts" name="SCORM 2004 API Tests &gt; SetValue() &gt; Field: cmi.score.scaled &gt; Should successfully write &apos;1&apos; to cmi.score.scaled" time="0.002693584">
        </testcase>
        <testcase classname="test/api/Scorm2004API.spec.ts" name="SCORM 2004 API Tests &gt; SetValue() &gt; Field: cmi.score.scaled &gt; Should successfully write &apos;0.5&apos; to cmi.score.scaled" time="0.000290666">
        </testcase>
        <testcase classname="test/api/Scorm2004API.spec.ts" name="SCORM 2004 API Tests &gt; SetValue() &gt; Field: cmi.score.scaled &gt; Should successfully write &apos;0&apos; to cmi.score.scaled" time="0.000134125">
        </testcase>
        <testcase classname="test/api/Scorm2004API.spec.ts" name="SCORM 2004 API Tests &gt; SetValue() &gt; Field: cmi.score.scaled &gt; Should successfully write &apos;-0.5&apos; to cmi.score.scaled" time="0.000160917">
        </testcase>
        <testcase classname="test/api/Scorm2004API.spec.ts" name="SCORM 2004 API Tests &gt; SetValue() &gt; Field: cmi.score.scaled &gt; Should successfully write &apos;-1&apos; to cmi.score.scaled" time="0.000195375">
        </testcase>
        <testcase classname="test/api/Scorm2004API.spec.ts" name="SCORM 2004 API Tests &gt; SetValue() &gt; Field: cmi.score.scaled &gt; Should fail to write &apos;-101&apos; to cmi.score.scaled" time="0.000301375">
        </testcase>
        <testcase classname="test/api/Scorm2004API.spec.ts" name="SCORM 2004 API Tests &gt; SetValue() &gt; Field: cmi.score.scaled &gt; Should fail to write &apos;25.1&apos; to cmi.score.scaled" time="0.000114667">
        </testcase>
        <testcase classname="test/api/Scorm2004API.spec.ts" name="SCORM 2004 API Tests &gt; SetValue() &gt; Field: cmi.score.scaled &gt; Should fail to write &apos;50.5&apos; to cmi.score.scaled" time="0.000095708">
        </testcase>
        <testcase classname="test/api/Scorm2004API.spec.ts" name="SCORM 2004 API Tests &gt; SetValue() &gt; Field: cmi.score.scaled &gt; Should fail to write &apos;75&apos; to cmi.score.scaled" time="0.000206833">
        </testcase>
        <testcase classname="test/api/Scorm2004API.spec.ts" name="SCORM 2004 API Tests &gt; SetValue() &gt; Field: cmi.score.scaled &gt; Should fail to write &apos;100&apos; to cmi.score.scaled" time="0.0001665">
        </testcase>
        <testcase classname="test/api/Scorm2004API.spec.ts" name="SCORM 2004 API Tests &gt; SetValue() &gt; Field: cmi.score.raw &gt; Should successfully write &apos;1&apos; to cmi.score.raw" time="0.000161375">
        </testcase>
        <testcase classname="test/api/Scorm2004API.spec.ts" name="SCORM 2004 API Tests &gt; SetValue() &gt; Field: cmi.score.raw &gt; Should successfully write &apos;50&apos; to cmi.score.raw" time="0.000096792">
        </testcase>
        <testcase classname="test/api/Scorm2004API.spec.ts" name="SCORM 2004 API Tests &gt; SetValue() &gt; Field: cmi.score.raw &gt; Should successfully write &apos;100&apos; to cmi.score.raw" time="0.00007875">
        </testcase>
        <testcase classname="test/api/Scorm2004API.spec.ts" name="SCORM 2004 API Tests &gt; SetValue() &gt; Field: cmi.score.raw &gt; Should successfully write &apos;-10000&apos; to cmi.score.raw" time="0.000234917">
        </testcase>
        <testcase classname="test/api/Scorm2004API.spec.ts" name="SCORM 2004 API Tests &gt; SetValue() &gt; Field: cmi.score.raw &gt; Should successfully write &apos;-1&apos; to cmi.score.raw" time="0.000087625">
        </testcase>
        <testcase classname="test/api/Scorm2004API.spec.ts" name="SCORM 2004 API Tests &gt; SetValue() &gt; Field: cmi.score.raw &gt; Should successfully write &apos;10000&apos; to cmi.score.raw" time="0.000152">
        </testcase>
        <testcase classname="test/api/Scorm2004API.spec.ts" name="SCORM 2004 API Tests &gt; SetValue() &gt; Field: cmi.score.raw &gt; Should fail to write &apos;invalid&apos; to cmi.score.raw" time="0.000102792">
        </testcase>
        <testcase classname="test/api/Scorm2004API.spec.ts" name="SCORM 2004 API Tests &gt; SetValue() &gt; Field: cmi.score.raw &gt; Should fail to write &apos;a100&apos; to cmi.score.raw" time="0.00010775">
        </testcase>
        <testcase classname="test/api/Scorm2004API.spec.ts" name="SCORM 2004 API Tests &gt; SetValue() &gt; Field: cmi.score.raw &gt; Should fail to write &apos;-100000&apos; to cmi.score.raw" time="0.0000725">
        </testcase>
        <testcase classname="test/api/Scorm2004API.spec.ts" name="SCORM 2004 API Tests &gt; SetValue() &gt; Field: cmi.score.raw &gt; Should fail to write &apos;100000&apos; to cmi.score.raw" time="0.000116875">
        </testcase>
        <testcase classname="test/api/Scorm2004API.spec.ts" name="SCORM 2004 API Tests &gt; SetValue() &gt; Field: cmi.score.min &gt; Should successfully write &apos;1&apos; to cmi.score.min" time="0.000081">
        </testcase>
        <testcase classname="test/api/Scorm2004API.spec.ts" name="SCORM 2004 API Tests &gt; SetValue() &gt; Field: cmi.score.min &gt; Should successfully write &apos;50&apos; to cmi.score.min" time="0.000063542">
        </testcase>
        <testcase classname="test/api/Scorm2004API.spec.ts" name="SCORM 2004 API Tests &gt; SetValue() &gt; Field: cmi.score.min &gt; Should successfully write &apos;100&apos; to cmi.score.min" time="0.000062166">
        </testcase>
        <testcase classname="test/api/Scorm2004API.spec.ts" name="SCORM 2004 API Tests &gt; SetValue() &gt; Field: cmi.score.min &gt; Should successfully write &apos;-10000&apos; to cmi.score.min" time="0.000061125">
        </testcase>
        <testcase classname="test/api/Scorm2004API.spec.ts" name="SCORM 2004 API Tests &gt; SetValue() &gt; Field: cmi.score.min &gt; Should successfully write &apos;-1&apos; to cmi.score.min" time="0.000067792">
        </testcase>
        <testcase classname="test/api/Scorm2004API.spec.ts" name="SCORM 2004 API Tests &gt; SetValue() &gt; Field: cmi.score.min &gt; Should successfully write &apos;10000&apos; to cmi.score.min" time="0.000067542">
        </testcase>
        <testcase classname="test/api/Scorm2004API.spec.ts" name="SCORM 2004 API Tests &gt; SetValue() &gt; Field: cmi.score.min &gt; Should fail to write &apos;invalid&apos; to cmi.score.min" time="0.000086541">
        </testcase>
        <testcase classname="test/api/Scorm2004API.spec.ts" name="SCORM 2004 API Tests &gt; SetValue() &gt; Field: cmi.score.min &gt; Should fail to write &apos;a100&apos; to cmi.score.min" time="0.000077375">
        </testcase>
        <testcase classname="test/api/Scorm2004API.spec.ts" name="SCORM 2004 API Tests &gt; SetValue() &gt; Field: cmi.score.min &gt; Should fail to write &apos;-100000&apos; to cmi.score.min" time="0.00007575">
        </testcase>
        <testcase classname="test/api/Scorm2004API.spec.ts" name="SCORM 2004 API Tests &gt; SetValue() &gt; Field: cmi.score.min &gt; Should fail to write &apos;100000&apos; to cmi.score.min" time="0.000107958">
        </testcase>
        <testcase classname="test/api/Scorm2004API.spec.ts" name="SCORM 2004 API Tests &gt; SetValue() &gt; Field: cmi.score.max &gt; Should successfully write &apos;1&apos; to cmi.score.max" time="0.000078625">
        </testcase>
        <testcase classname="test/api/Scorm2004API.spec.ts" name="SCORM 2004 API Tests &gt; SetValue() &gt; Field: cmi.score.max &gt; Should successfully write &apos;50&apos; to cmi.score.max" time="0.00007225">
        </testcase>
        <testcase classname="test/api/Scorm2004API.spec.ts" name="SCORM 2004 API Tests &gt; SetValue() &gt; Field: cmi.score.max &gt; Should successfully write &apos;100&apos; to cmi.score.max" time="0.000069417">
        </testcase>
        <testcase classname="test/api/Scorm2004API.spec.ts" name="SCORM 2004 API Tests &gt; SetValue() &gt; Field: cmi.score.max &gt; Should successfully write &apos;-10000&apos; to cmi.score.max" time="0.000066959">
        </testcase>
        <testcase classname="test/api/Scorm2004API.spec.ts" name="SCORM 2004 API Tests &gt; SetValue() &gt; Field: cmi.score.max &gt; Should successfully write &apos;-1&apos; to cmi.score.max" time="0.000066791">
        </testcase>
        <testcase classname="test/api/Scorm2004API.spec.ts" name="SCORM 2004 API Tests &gt; SetValue() &gt; Field: cmi.score.max &gt; Should successfully write &apos;10000&apos; to cmi.score.max" time="0.000066666">
        </testcase>
        <testcase classname="test/api/Scorm2004API.spec.ts" name="SCORM 2004 API Tests &gt; SetValue() &gt; Field: cmi.score.max &gt; Should fail to write &apos;invalid&apos; to cmi.score.max" time="0.000075625">
        </testcase>
        <testcase classname="test/api/Scorm2004API.spec.ts" name="SCORM 2004 API Tests &gt; SetValue() &gt; Field: cmi.score.max &gt; Should fail to write &apos;a100&apos; to cmi.score.max" time="0.000075208">
        </testcase>
        <testcase classname="test/api/Scorm2004API.spec.ts" name="SCORM 2004 API Tests &gt; SetValue() &gt; Field: cmi.score.max &gt; Should fail to write &apos;-100000&apos; to cmi.score.max" time="0.000073292">
        </testcase>
        <testcase classname="test/api/Scorm2004API.spec.ts" name="SCORM 2004 API Tests &gt; SetValue() &gt; Field: cmi.score.max &gt; Should fail to write &apos;100000&apos; to cmi.score.max" time="0.000077666">
        </testcase>
        <testcase classname="test/api/Scorm2004API.spec.ts" name="SCORM 2004 API Tests &gt; setCMIValue() &gt; Invalid Sets - Should Always Fail &gt; Field: cmi._version &gt; Should fail to set CMI value for cmi._version" time="0.000470625">
        </testcase>
        <testcase classname="test/api/Scorm2004API.spec.ts" name="SCORM 2004 API Tests &gt; setCMIValue() &gt; Invalid Sets - Should Always Fail &gt; Field: cmi._children &gt; Should fail to set CMI value for cmi._children" time="0.00012575">
        </testcase>
        <testcase classname="test/api/Scorm2004API.spec.ts" name="SCORM 2004 API Tests &gt; setCMIValue() &gt; Invalid Sets - Should Always Fail &gt; Field: cmi.comments_from_learner._children &gt; Should fail to set CMI value for cmi.comments_from_learner._children" time="0.000101625">
        </testcase>
        <testcase classname="test/api/Scorm2004API.spec.ts" name="SCORM 2004 API Tests &gt; setCMIValue() &gt; Invalid Sets - Should Always Fail &gt; Field: cmi.comments_from_learner._count &gt; Should fail to set CMI value for cmi.comments_from_learner._count" time="0.000096333">
        </testcase>
        <testcase classname="test/api/Scorm2004API.spec.ts" name="SCORM 2004 API Tests &gt; setCMIValue() &gt; Invalid Sets - Should Always Fail &gt; Field: cmi.comments_from_lms._children &gt; Should fail to set CMI value for cmi.comments_from_lms._children" time="0.000135542">
        </testcase>
        <testcase classname="test/api/Scorm2004API.spec.ts" name="SCORM 2004 API Tests &gt; setCMIValue() &gt; Invalid Sets - Should Always Fail &gt; Field: cmi.comments_from_lms._count &gt; Should fail to set CMI value for cmi.comments_from_lms._count" time="0.000084666">
        </testcase>
        <testcase classname="test/api/Scorm2004API.spec.ts" name="SCORM 2004 API Tests &gt; setCMIValue() &gt; Invalid Sets - Should Always Fail &gt; Field: cmi.interactions._children &gt; Should fail to set CMI value for cmi.interactions._children" time="0.000084625">
        </testcase>
        <testcase classname="test/api/Scorm2004API.spec.ts" name="SCORM 2004 API Tests &gt; setCMIValue() &gt; Invalid Sets - Should Always Fail &gt; Field: cmi.interactions._count &gt; Should fail to set CMI value for cmi.interactions._count" time="0.000081625">
        </testcase>
        <testcase classname="test/api/Scorm2004API.spec.ts" name="SCORM 2004 API Tests &gt; setCMIValue() &gt; Invalid Sets - Should Always Fail &gt; Field: cmi.interactions.0.objectives._count &gt; Should fail to set CMI value for cmi.interactions.0.objectives._count" time="0.000153541">
        </testcase>
        <testcase classname="test/api/Scorm2004API.spec.ts" name="SCORM 2004 API Tests &gt; setCMIValue() &gt; Invalid Sets - Should Always Fail &gt; Field: cmi.interactions.0.correct_responses._count &gt; Should fail to set CMI value for cmi.interactions.0.correct_responses._count" time="0.000104167">
        </testcase>
        <testcase classname="test/api/Scorm2004API.spec.ts" name="SCORM 2004 API Tests &gt; setCMIValue() &gt; Invalid Sets - Should Always Fail &gt; Field: cmi.learner_preference._children &gt; Should fail to set CMI value for cmi.learner_preference._children" time="0.00013675">
        </testcase>
        <testcase classname="test/api/Scorm2004API.spec.ts" name="SCORM 2004 API Tests &gt; setCMIValue() &gt; Invalid Sets - Should Always Fail &gt; Field: cmi.objectives._children &gt; Should fail to set CMI value for cmi.objectives._children" time="0.000091792">
        </testcase>
        <testcase classname="test/api/Scorm2004API.spec.ts" name="SCORM 2004 API Tests &gt; setCMIValue() &gt; Invalid Sets - Should Always Fail &gt; Field: cmi.objectives._count &gt; Should fail to set CMI value for cmi.objectives._count" time="0.000083917">
        </testcase>
        <testcase classname="test/api/Scorm2004API.spec.ts" name="SCORM 2004 API Tests &gt; setCMIValue() &gt; Invalid Sets - Should Always Fail &gt; Field: cmi.objectives.0.score._children &gt; Should fail to set CMI value for cmi.objectives.0.score._children" time="0.000131375">
        </testcase>
        <testcase classname="test/api/Scorm2004API.spec.ts" name="SCORM 2004 API Tests &gt; setCMIValue() &gt; Invalid Sets - Should Always Fail &gt; Field: cmi.score._children &gt; Should fail to set CMI value for cmi.score._children" time="0.000077833">
        </testcase>
        <testcase classname="test/api/Scorm2004API.spec.ts" name="SCORM 2004 API Tests &gt; setCMIValue() &gt; Setting cmi.objectives.n.* should update globalObjectives if it exists &gt; should update globalObjectives if it exists" time="0.000698792">
        </testcase>
        <testcase classname="test/api/Scorm2004API.spec.ts" name="SCORM 2004 API Tests &gt; setCMIValue() &gt; Invalid Sets - Should Fail After Initialization &gt; Field: cmi.completion_threshold &gt; Should fail to set CMI value for cmi.completion_threshold" time="0.00011175">
        </testcase>
        <testcase classname="test/api/Scorm2004API.spec.ts" name="SCORM 2004 API Tests &gt; setCMIValue() &gt; Invalid Sets - Should Fail After Initialization &gt; Field: cmi.credit &gt; Should fail to set CMI value for cmi.credit" time="0.00009275">
        </testcase>
        <testcase classname="test/api/Scorm2004API.spec.ts" name="SCORM 2004 API Tests &gt; setCMIValue() &gt; Invalid Sets - Should Fail After Initialization &gt; Field: cmi.entry &gt; Should fail to set CMI value for cmi.entry" time="0.000088875">
        </testcase>
        <testcase classname="test/api/Scorm2004API.spec.ts" name="SCORM 2004 API Tests &gt; setCMIValue() &gt; Invalid Sets - Should Fail After Initialization &gt; Field: cmi.launch_data &gt; Should fail to set CMI value for cmi.launch_data" time="0.000085958">
        </testcase>
        <testcase classname="test/api/Scorm2004API.spec.ts" name="SCORM 2004 API Tests &gt; setCMIValue() &gt; Invalid Sets - Should Fail After Initialization &gt; Field: cmi.learner_id &gt; Should fail to set CMI value for cmi.learner_id" time="0.000123958">
        </testcase>
        <testcase classname="test/api/Scorm2004API.spec.ts" name="SCORM 2004 API Tests &gt; setCMIValue() &gt; Invalid Sets - Should Fail After Initialization &gt; Field: cmi.learner_name &gt; Should fail to set CMI value for cmi.learner_name" time="0.000087708">
        </testcase>
        <testcase classname="test/api/Scorm2004API.spec.ts" name="SCORM 2004 API Tests &gt; setCMIValue() &gt; Invalid Sets - Should Fail After Initialization &gt; Field: cmi.max_time_allowed &gt; Should fail to set CMI value for cmi.max_time_allowed" time="0.000084583">
        </testcase>
        <testcase classname="test/api/Scorm2004API.spec.ts" name="SCORM 2004 API Tests &gt; setCMIValue() &gt; Invalid Sets - Should Fail After Initialization &gt; Field: cmi.mode &gt; Should fail to set CMI value for cmi.mode" time="0.000085875">
        </testcase>
        <testcase classname="test/api/Scorm2004API.spec.ts" name="SCORM 2004 API Tests &gt; setCMIValue() &gt; Invalid Sets - Should Fail After Initialization &gt; Field: cmi.scaled_passing_score &gt; Should fail to set CMI value for cmi.scaled_passing_score" time="0.000084">
        </testcase>
        <testcase classname="test/api/Scorm2004API.spec.ts" name="SCORM 2004 API Tests &gt; setCMIValue() &gt; Invalid Sets - Should Fail After Initialization &gt; Field: cmi.time_limit_action &gt; Should fail to set CMI value for cmi.time_limit_action" time="0.000082541">
        </testcase>
        <testcase classname="test/api/Scorm2004API.spec.ts" name="SCORM 2004 API Tests &gt; setCMIValue() &gt; Invalid Sets - Should Fail After Initialization &gt; Field: cmi.total_time &gt; Should fail to set CMI value for cmi.total_time" time="0.000083958">
        </testcase>
        <testcase classname="test/api/Scorm2004API.spec.ts" name="SCORM 2004 API Tests &gt; setCMIValue() &gt; Invalid Sets - Should Fail After Initialization &gt; Field: cmi.comments_from_lms.0.comment &gt; Should fail to set CMI value for cmi.comments_from_lms.0.comment" time="0.000133">
        </testcase>
        <testcase classname="test/api/Scorm2004API.spec.ts" name="SCORM 2004 API Tests &gt; setCMIValue() &gt; Invalid Sets - Should Fail After Initialization &gt; Field: cmi.comments_from_lms.0.location &gt; Should fail to set CMI value for cmi.comments_from_lms.0.location" time="0.000101541">
        </testcase>
        <testcase classname="test/api/Scorm2004API.spec.ts" name="SCORM 2004 API Tests &gt; setCMIValue() &gt; Invalid Sets - Should Fail After Initialization &gt; Field: cmi.comments_from_lms.0.timestamp &gt; Should fail to set CMI value for cmi.comments_from_lms.0.timestamp" time="0.000086375">
        </testcase>
        <testcase classname="test/api/Scorm2004API.spec.ts" name="SCORM 2004 API Tests &gt; GetValue() &gt; Invalid Properties - Should Always Fail &gt; Field: cmi.core.close &gt; Should fail to get value for cmi.core.close" time="0.00016325">
        </testcase>
        <testcase classname="test/api/Scorm2004API.spec.ts" name="SCORM 2004 API Tests &gt; GetValue() &gt; Invalid Properties - Should Always Fail &gt; Field: cmi.core.exit &gt; Should fail to get value for cmi.core.exit" time="0.00009225">
        </testcase>
        <testcase classname="test/api/Scorm2004API.spec.ts" name="SCORM 2004 API Tests &gt; GetValue() &gt; Invalid Properties - Should Always Fail &gt; Field: cmi.core.entry &gt; Should fail to get value for cmi.core.entry" time="0.00015375">
        </testcase>
        <testcase classname="test/api/Scorm2004API.spec.ts" name="SCORM 2004 API Tests &gt; GetValue() &gt; Write-Only Properties - Should Always Fail &gt; Field: cmi.exit &gt; Should fail to get value for cmi.exit" time="0.000093708">
        </testcase>
        <testcase classname="test/api/Scorm2004API.spec.ts" name="SCORM 2004 API Tests &gt; GetValue() &gt; Write-Only Properties - Should Always Fail &gt; Field: cmi.session_time &gt; Should fail to get value for cmi.session_time" time="0.000084459">
        </testcase>
        <testcase classname="test/api/Scorm2004API.spec.ts" name="SCORM 2004 API Tests &gt; SetValue() &gt; Uninitialized - Should Fail &gt; Field: cmi.objectives.0.id &gt; Should fail to set value for cmi.objectives.0.id" time="0.000125875">
        </testcase>
        <testcase classname="test/api/Scorm2004API.spec.ts" name="SCORM 2004 API Tests &gt; SetValue() &gt; Uninitialized - Should Fail &gt; Field: cmi.interactions.0.id &gt; Should fail to set value for cmi.interactions.0.id" time="0.000066375">
        </testcase>
        <testcase classname="test/api/Scorm2004API.spec.ts" name="SCORM 2004 API Tests &gt; SetValue() &gt; Uninitialized - Should Fail &gt; Field: cmi.comments_from_learner.0.comment &gt; Should fail to set value for cmi.comments_from_learner.0.comment" time="0.000066333">
        </testcase>
        <testcase classname="test/api/Scorm2004API.spec.ts" name="SCORM 2004 API Tests &gt; SetValue() &gt; Uninitialized - Should Fail &gt; Field: cmi.comments_from_lms.0.comment &gt; Should fail to set value for cmi.comments_from_lms.0.comment" time="0.0000665">
        </testcase>
        <testcase classname="test/api/Scorm2004API.spec.ts" name="SCORM 2004 API Tests &gt; SetValue() &gt; Uninitialized - Should Fail &gt; Field: adl.data.0.store &gt; Should fail to set value for adl.data.0.store" time="0.000069333">
        </testcase>
        <testcase classname="test/api/Scorm2004API.spec.ts" name="SCORM 2004 API Tests &gt; SetValue() &gt; Initialized - Should Succeed &gt; Field: adl.data.0.store &gt; Should successfully set value for adl.data.0.store" time="0.000151875">
        </testcase>
        <testcase classname="test/api/Scorm2004API.spec.ts" name="SCORM 2004 API Tests &gt; SetValue() &gt; Initialized - Should Succeed &gt; Field: cmi.objectives.0.id &gt; Should successfully set value for cmi.objectives.0.id" time="0.000101125">
        </testcase>
        <testcase classname="test/api/Scorm2004API.spec.ts" name="SCORM 2004 API Tests &gt; SetValue() &gt; Initialized - Should Succeed &gt; Field: cmi.interactions.0.id &gt; Should successfully set value for cmi.interactions.0.id" time="0.000091083">
        </testcase>
        <testcase classname="test/api/Scorm2004API.spec.ts" name="SCORM 2004 API Tests &gt; SetValue() &gt; Initialized - Should Succeed &gt; Field: cmi.comments_from_learner.0.comment &gt; Should successfully set value for cmi.comments_from_learner.0.comment" time="0.0001045">
        </testcase>
        <testcase classname="test/api/Scorm2004API.spec.ts" name="SCORM 2004 API Tests &gt; SetValue() &gt; Initialized - Should Succeed &gt; Field: cmi.comments_from_learner.0.location &gt; Should successfully set value for cmi.comments_from_learner.0.location" time="0.000081625">
        </testcase>
        <testcase classname="test/api/Scorm2004API.spec.ts" name="SCORM 2004 API Tests &gt; SetValue() &gt; Initialized - Should Succeed &gt; Field: cmi.comments_from_learner.0.timestamp &gt; Should successfully set value for cmi.comments_from_learner.0.timestamp" time="0.0001345">
        </testcase>
        <testcase classname="test/api/Scorm2004API.spec.ts" name="SCORM 2004 API Tests &gt; SetValue() &gt; Initialized - Should Succeed &gt; should allow cmi.interactions.0.correct_responses.0.pattern to be set - T/F" time="0.000307833">
        </testcase>
        <testcase classname="test/api/Scorm2004API.spec.ts" name="SCORM 2004 API Tests &gt; SetValue() &gt; Initialized - Should Succeed &gt; should allow cmi.interactions.10.correct_responses.0.pattern to be set - T/F" time="0.000137125">
        </testcase>
        <testcase classname="test/api/Scorm2004API.spec.ts" name="SCORM 2004 API Tests &gt; SetValue() &gt; Initialized - Should Succeed &gt; should allow cmi.interactions.0.correct_responses.0.pattern to be set - choice" time="0.000108958">
        </testcase>
        <testcase classname="test/api/Scorm2004API.spec.ts" name="SCORM 2004 API Tests &gt; SetValue() &gt; Initialized - Should Succeed &gt; should allow cmi.interactions.0.correct_responses.0.pattern to be set - choice for SCORM 2004 4th Edition" time="0.000151667">
        </testcase>
        <testcase classname="test/api/Scorm2004API.spec.ts" name="SCORM 2004 API Tests &gt; SetValue() &gt; Initialized - Should Succeed &gt; should allow cmi.interactions.0.objectives.0.id to be set" time="0.00012625">
        </testcase>
        <testcase classname="test/api/Scorm2004API.spec.ts" name="SCORM 2004 API Tests &gt; SetValue() &gt; Initialized - Should Succeed &gt; should allow cmi.interactions.0.learner_response to be set" time="0.000241792">
        </testcase>
        <testcase classname="test/api/Scorm2004API.spec.ts" name="SCORM 2004 API Tests &gt; SetValue() &gt; Initialized - Should Succeed &gt; should allow cmi.interactions.0.learner_response to be set for SCORM 2004 4th Edition" time="0.000122791">
        </testcase>
        <testcase classname="test/api/Scorm2004API.spec.ts" name="SCORM 2004 API Tests &gt; SetValue() &gt; Initialized - Should Succeed &gt; should allow `long-fill-in` cmi.interactions.0.learner_response to be set to 4000 characters" time="0.000146834">
        </testcase>
        <testcase classname="test/api/Scorm2004API.spec.ts" name="SCORM 2004 API Tests &gt; SetValue() &gt; Initialized - Should Fail &gt; Field: cmi.interactions.0.learner_response &gt; Should fail to set value for cmi.interactions.0.learner_response" time="0.0000825">
        </testcase>
        <testcase classname="test/api/Scorm2004API.spec.ts" name="SCORM 2004 API Tests &gt; SetValue() &gt; Initialized - Should Fail &gt; Field: cmi.interactions.0.type &gt; Should fail to set value for cmi.interactions.0.type" time="0.000075416">
        </testcase>
        <testcase classname="test/api/Scorm2004API.spec.ts" name="SCORM 2004 API Tests &gt; SetValue() &gt; Initialized - Should Fail &gt; Field: cmi.interactions.0.type &gt; Should fail to set value for cmi.interactions.0.type" time="0.000077333">
        </testcase>
        <testcase classname="test/api/Scorm2004API.spec.ts" name="SCORM 2004 API Tests &gt; SetValue() &gt; Initialized - Should Fail &gt; Field: cmi.interactions.0.description &gt; Should fail to set value for cmi.interactions.0.description" time="0.000086292">
        </testcase>
        <testcase classname="test/api/Scorm2004API.spec.ts" name="SCORM 2004 API Tests &gt; SetValue() &gt; Initialized - Should Fail &gt; Field: cmi.interactions.0.timestamp &gt; Should fail to set value for cmi.interactions.0.timestamp" time="0.000083167">
        </testcase>
        <testcase classname="test/api/Scorm2004API.spec.ts" name="SCORM 2004 API Tests &gt; SetValue() &gt; Initialized - Should Fail &gt; Field: cmi.interactions.0.weighting &gt; Should fail to set value for cmi.interactions.0.weighting" time="0.000082334">
        </testcase>
        <testcase classname="test/api/Scorm2004API.spec.ts" name="SCORM 2004 API Tests &gt; SetValue() &gt; Initialized - Should Fail &gt; Field: cmi.interactions.0.learner_response &gt; Should fail to set value for cmi.interactions.0.learner_response" time="0.00007525">
        </testcase>
        <testcase classname="test/api/Scorm2004API.spec.ts" name="SCORM 2004 API Tests &gt; SetValue() &gt; Initialized - Should Fail &gt; Field: cmi.interactions.0.latency &gt; Should fail to set value for cmi.interactions.0.latency" time="0.000082958">
        </testcase>
        <testcase classname="test/api/Scorm2004API.spec.ts" name="SCORM 2004 API Tests &gt; SetValue() &gt; Initialized - Should Fail &gt; Field: cmi.objectives.0.success_status &gt; Should fail to set value for cmi.objectives.0.success_status" time="0.000079125">
        </testcase>
        <testcase classname="test/api/Scorm2004API.spec.ts" name="SCORM 2004 API Tests &gt; SetValue() &gt; Initialized - Should Fail &gt; Field: cmi.objectives.0.completion_status &gt; Should fail to set value for cmi.objectives.0.completion_status" time="0.000076292">
        </testcase>
        <testcase classname="test/api/Scorm2004API.spec.ts" name="SCORM 2004 API Tests &gt; SetValue() &gt; Initialized - Should Fail &gt; Field: cmi.objectives.0.progress_measure &gt; Should fail to set value for cmi.objectives.0.progress_measure" time="0.000074625">
        </testcase>
        <testcase classname="test/api/Scorm2004API.spec.ts" name="SCORM 2004 API Tests &gt; SetValue() &gt; Initialized - Should Fail &gt; Field: cmi.objectives.0.description &gt; Should fail to set value for cmi.objectives.0.description" time="0.000083833">
        </testcase>
        <testcase classname="test/api/Scorm2004API.spec.ts" name="SCORM 2004 API Tests &gt; SetValue() &gt; Initialized - Should Fail &gt; Field: cmi.comments_from_lms.0.comment &gt; Should fail to set value for cmi.comments_from_lms.0.comment" time="0.000086417">
        </testcase>
        <testcase classname="test/api/Scorm2004API.spec.ts" name="SCORM 2004 API Tests &gt; SetValue() &gt; Initialized - Should Fail &gt; Field: cmi.comments_from_lms.0.location &gt; Should fail to set value for cmi.comments_from_lms.0.location" time="0.000081917">
        </testcase>
        <testcase classname="test/api/Scorm2004API.spec.ts" name="SCORM 2004 API Tests &gt; SetValue() &gt; Initialized - Should Fail &gt; Field: cmi.comments_from_lms.0.timestamp &gt; Should fail to set value for cmi.comments_from_lms.0.timestamp" time="0.000110875">
        </testcase>
        <testcase classname="test/api/Scorm2004API.spec.ts" name="SCORM 2004 API Tests &gt; SetValue() &gt; Initialized - Should Fail &gt; Field: cmi.unknown &gt; Should fail to set value for cmi.unknown" time="0.000071709">
        </testcase>
        <testcase classname="test/api/Scorm2004API.spec.ts" name="SCORM 2004 API Tests &gt; reset() &gt; should reset all CMI values to their default state" time="0.000524125">
        </testcase>
        <testcase classname="test/api/Scorm2004API.spec.ts" name="SCORM 2004 API Tests &gt; reset() &gt; should keep original settings" time="0.000126667">
        </testcase>
        <testcase classname="test/api/Scorm2004API.spec.ts" name="SCORM 2004 API Tests &gt; reset() &gt; should be able to override original settings" time="0.000126417">
        </testcase>
        <testcase classname="test/api/Scorm2004API.spec.ts" name="SCORM 2004 API Tests &gt; reset() &gt; should call commonReset from the superclass" time="0.00026325">
        </testcase>
        <testcase classname="test/api/Scorm2004API.spec.ts" name="SCORM 2004 API Tests &gt; Scorm2004API.Finish &gt; lmsFinish() &gt; should call internalFinish and return SCORM_TRUE" time="0.000214709">
        </testcase>
        <testcase classname="test/api/Scorm2004API.spec.ts" name="SCORM 2004 API Tests &gt; Scorm2004API.Finish &gt; internalFinish() &gt; should call terminate with &apos;Terminate&apos; and true" time="0.000353">
        </testcase>
        <testcase classname="test/api/Scorm2004API.spec.ts" name="SCORM 2004 API Tests &gt; Scorm2004API.Finish &gt; internalFinish() &gt; should process the correct navigation action based on adl.nav.request = previous" time="0.000223583">
        </testcase>
        <testcase classname="test/api/Scorm2004API.spec.ts" name="SCORM 2004 API Tests &gt; Scorm2004API.Finish &gt; internalFinish() &gt; should process the correct navigation action based on adl.nav.request = continue" time="0.00019325">
        </testcase>
        <testcase classname="test/api/Scorm2004API.spec.ts" name="SCORM 2004 API Tests &gt; Scorm2004API.Finish &gt; internalFinish() &gt; should process the correct navigation action based on adl.nav.request = choice" time="0.000101292">
        </testcase>
        <testcase classname="test/api/Scorm2004API.spec.ts" name="SCORM 2004 API Tests &gt; Scorm2004API.Finish &gt; internalFinish() &gt; should process the correct navigation action based on adl.nav.request = jump" time="0.000098458">
        </testcase>
        <testcase classname="test/api/Scorm2004API.spec.ts" name="SCORM 2004 API Tests &gt; Scorm2004API.Finish &gt; internalFinish() &gt; should process the correct navigation action based on adl.nav.request = {target=next-sco}choice" time="0.00010175">
        </testcase>
        <testcase classname="test/api/Scorm2004API.spec.ts" name="SCORM 2004 API Tests &gt; Scorm2004API.Finish &gt; internalFinish() &gt; should process the correct navigation action based on adl.nav.request = exit" time="0.000091958">
        </testcase>
        <testcase classname="test/api/Scorm2004API.spec.ts" name="SCORM 2004 API Tests &gt; Scorm2004API.Finish &gt; internalFinish() &gt; should process the correct navigation action based on adl.nav.request = exitAll" time="0.000093792">
        </testcase>
        <testcase classname="test/api/Scorm2004API.spec.ts" name="SCORM 2004 API Tests &gt; Scorm2004API.Finish &gt; internalFinish() &gt; should process the correct navigation action based on adl.nav.request = abandon" time="0.000155375">
        </testcase>
        <testcase classname="test/api/Scorm2004API.spec.ts" name="SCORM 2004 API Tests &gt; Scorm2004API.Finish &gt; internalFinish() &gt; should process the correct navigation action based on adl.nav.request = abandonAll" time="0.000098084">
        </testcase>
        <testcase classname="test/api/Scorm2004API.spec.ts" name="SCORM 2004 API Tests &gt; Scorm2004API.Finish &gt; internalFinish() &gt; should process &apos;SequenceNext&apos; if adl.nav.request is &apos;_none_&apos; and autoProgress is true" time="0.019610375">
        </testcase>
        <testcase classname="test/api/Scorm2004API.spec.ts" name="SCORM 2004 API Tests &gt; Scorm2004API.Finish &gt; internalFinish() &gt; should not process any action if adl.nav.request is &apos;_none_&apos; and autoProgress is false" time="0.00023325">
        </testcase>
        <testcase classname="test/api/Scorm2004API.spec.ts" name="SCORM 2004 API Tests &gt; Scorm2004API.Finish &gt; internalFinish() &gt; should return the result of terminate" time="0.000139208">
        </testcase>
        <testcase classname="test/api/Scorm2004API.spec.ts" name="SCORM 2004 API Tests &gt; lmsCommit() &gt; should call commit and return SCORM_TRUE" time="0.000131625">
        </testcase>
        <testcase classname="test/api/Scorm2004API.spec.ts" name="SCORM 2004 API Tests &gt; loadFromFlattenedJSON() &gt; should load data, even if out of order" time="0.008698917">
        </testcase>
        <testcase classname="test/api/Scorm2004API.spec.ts" name="SCORM 2004 API Tests &gt; renderCommitCMI() &gt; should calculate total time when terminateCommit passed" time="0.000641417">
        </testcase>
        <testcase classname="test/api/Scorm2004API.spec.ts" name="SCORM 2004 API Tests &gt; renderCommitCMI() &gt; should return flattened format when dataCommitFormat is &apos;flattened&apos;" time="0.000208">
        </testcase>
        <testcase classname="test/api/Scorm2004API.spec.ts" name="SCORM 2004 API Tests &gt; renderCommitCMI() &gt; should return params format when dataCommitFormat is &apos;params&apos;" time="0.000288292">
        </testcase>
        <testcase classname="test/api/Scorm2004API.spec.ts" name="SCORM 2004 API Tests &gt; renderCommitCMI() &gt; should return JSON format when dataCommitFormat is &apos;json&apos;" time="0.0001515">
        </testcase>
        <testcase classname="test/api/Scorm2004API.spec.ts" name="SCORM 2004 API Tests &gt; renderCommitCMI() &gt; should include total_time if terminateCommit is true" time="0.0001925">
        </testcase>
        <testcase classname="test/api/Scorm2004API.spec.ts" name="SCORM 2004 API Tests &gt; renderCommitCMI() &gt; should not include total_time if terminateCommit is false" time="0.000135417">
        </testcase>
        <testcase classname="test/api/Scorm2004API.spec.ts" name="SCORM 2004 API Tests &gt; renderCommitObject() &gt; should render commit object with default settings and no score" time="0.000224834">
        </testcase>
        <testcase classname="test/api/Scorm2004API.spec.ts" name="SCORM 2004 API Tests &gt; renderCommitObject() &gt; should render commit object with score data" time="0.0002425">
        </testcase>
        <testcase classname="test/api/Scorm2004API.spec.ts" name="SCORM 2004 API Tests &gt; renderCommitObject() &gt; should render commit object with completion and success status" time="0.000360209">
        </testcase>
        <testcase classname="test/api/Scorm2004API.spec.ts" name="SCORM 2004 API Tests &gt; renderCommitObject() &gt; should render commit object with failed success status" time="0.000332125">
        </testcase>
        <testcase classname="test/api/Scorm2004API.spec.ts" name="SCORM 2004 API Tests &gt; renderCommitObject() &gt; should calculate total time when terminateCommit is true" time="0.000172375">
        </testcase>
        <testcase classname="test/api/Scorm2004API.spec.ts" name="SCORM 2004 API Tests &gt; lmsGetDiagnostic() &gt; should return diagnostic information for a given error code" time="0.000131583">
        </testcase>
        <testcase classname="test/api/Scorm2004API.spec.ts" name="SCORM 2004 API Tests &gt; lmsGetDiagnostic() &gt; should return an empty string for an unknown error code" time="0.000091291">
        </testcase>
        <testcase classname="test/api/Scorm2004API.spec.ts" name="SCORM 2004 API Tests &gt; lmsGetErrorString() &gt; should return the error string for a given error code" time="0.000094667">
        </testcase>
        <testcase classname="test/api/Scorm2004API.spec.ts" name="SCORM 2004 API Tests &gt; lmsGetErrorString() &gt; should return an empty string for an unknown error code" time="0.000078083">
        </testcase>
        <testcase classname="test/api/Scorm2004API.spec.ts" name="SCORM 2004 API Tests &gt; replaceWithAnotherScormAPI() &gt; should replace the current API with another API" time="0.000107875">
        </testcase>
        <testcase classname="test/api/Scorm2004API.spec.ts" name="SCORM 2004 API Tests &gt; checkCorrectResponseValue() &gt; should properly handle the true-false response type for unknown value" time="0.000109292">
        </testcase>
        <testcase classname="test/api/Scorm2004API.spec.ts" name="SCORM 2004 API Tests &gt; checkCorrectResponseValue() &gt; should properly handle the true-false response type for correct value" time="0.000078542">
        </testcase>
        <testcase classname="test/api/Scorm2004API.spec.ts" name="SCORM 2004 API Tests &gt; checkCorrectResponseValue() &gt; should properly handle the choice response type for value over 4000 characters" time="0.000100333">
        </testcase>
        <testcase classname="test/api/Scorm2004API.spec.ts" name="SCORM 2004 API Tests &gt; checkCorrectResponseValue() &gt; should properly handle the choice response type for correct value" time="0.000075917">
        </testcase>
        <testcase classname="test/api/Scorm2004API.spec.ts" name="SCORM 2004 API Tests &gt; checkCorrectResponseValue() &gt; should properly handle the fill-in response type for correct value" time="0.000163167">
        </testcase>
        <testcase classname="test/api/Scorm2004API.spec.ts" name="SCORM 2004 API Tests &gt; checkCorrectResponseValue() &gt; should properly handle the long-fill-in response type for correct value" time="0.000108083">
        </testcase>
        <testcase classname="test/api/Scorm2004API.spec.ts" name="SCORM 2004 API Tests &gt; checkCorrectResponseValue() &gt; should properly handle the matching response type for correct value" time="0.000110125">
        </testcase>
        <testcase classname="test/api/Scorm2004API.spec.ts" name="SCORM 2004 API Tests &gt; removeCorrectResponsePrefixes() &gt; should remove the prefix from the string" time="0.000082458">
        </testcase>
        <testcase classname="test/api/Scorm2004API.spec.ts" name="SCORM 2004 API Tests &gt; removeCorrectResponsePrefixes() &gt; should return the original string if no prefix is present" time="0.000069709">
        </testcase>
        <testcase classname="test/api/Scorm2004API.spec.ts" name="SCORM 2004 API Tests &gt; removeCorrectResponsePrefixes() &gt; should handle empty strings correctly" time="0.0000715">
        </testcase>
        <testcase classname="test/api/Scorm2004API.spec.ts" name="SCORM 2004 API Tests &gt; removeCorrectResponsePrefixes() &gt; should handle multiple prefixes correctly" time="0.000099125">
        </testcase>
        <testcase classname="test/api/Scorm2004API.spec.ts" name="SCORM 2004 API Tests &gt; removeCorrectResponsePrefixes() &gt; should throw an error for invalid order_matters value" time="0.000158167">
        </testcase>
        <testcase classname="test/api/Scorm2004API.spec.ts" name="SCORM 2004 API Tests &gt; removeCorrectResponsePrefixes() &gt; should throw an error for invalid case_matters value" time="0.000072708">
        </testcase>
        <testcase classname="test/api/Scorm2004API.spec.ts" name="SCORM 2004 API Tests &gt; removeCorrectResponsePrefixes() &gt; should ignore an unknown prefix" time="0.000071417">
        </testcase>
        <testcase classname="test/api/Scorm2004API.spec.ts" name="SCORM 2004 API Tests &gt; removeCorrectResponsePrefixes() &gt; should throw an error with an invalid language code" time="0.000117708">
        </testcase>
        <testcase classname="test/api/Scorm2004API.spec.ts" name="SCORM 2004 API Tests &gt; getChildElement() &gt; should handle missing interaction type" time="0.000127042">
        </testcase>
        <testcase classname="test/api/Scorm2004API.spec.ts" name="SCORM 2004 API Tests &gt; getChildElement() &gt; should call throwSCORMError with the correct arguments in createCorrectResponsesObject" time="0.0001795">
        </testcase>
        <testcase classname="test/api/Scorm2004API.spec.ts" name="SCORM 2004 API Tests &gt; storeData() &gt; should set cmi.completion_status to &quot;completed&quot;" time="0.000219416">
        </testcase>
        <testcase classname="test/api/Scorm2004API.spec.ts" name="SCORM 2004 API Tests &gt; storeData() &gt; should set cmi.completion_status to &quot;incomplete&quot;" time="0.000103417">
        </testcase>
        <testcase classname="test/api/Scorm2004API.spec.ts" name="SCORM 2004 API Tests &gt; storeData() &gt; should set cmi.success_status to &quot;passed&quot;" time="0.000094417">
        </testcase>
        <testcase classname="test/api/Scorm2004API.spec.ts" name="SCORM 2004 API Tests &gt; storeData() &gt; should set cmi.success_status to &quot;failed&quot;" time="0.000088959">
        </testcase>
        <testcase classname="test/api/Scorm2004API.spec.ts" name="SCORM 2004 API Tests &gt; Event Handlers &gt; Should handle SetValue.cmi.learner_id event" time="0.000186125">
        </testcase>
        <testcase classname="test/api/Scorm2004API.spec.ts" name="SCORM 2004 API Tests &gt; Event Handlers &gt; Should handle SetValue.cmi.* event" time="0.000113667">
        </testcase>
        <testcase classname="test/api/Scorm2004API.spec.ts" name="SCORM 2004 API Tests &gt; Event Handlers &gt; Should handle CommitSuccess event" time="0.000790375">
        </testcase>
        <testcase classname="test/api/Scorm2004API.spec.ts" name="SCORM 2004 API Tests &gt; Event Handlers &gt; Should clear all event listeners for CommitSuccess" time="0.009868417">
        </testcase>
        <testcase classname="test/api/Scorm2004API.spec.ts" name="SCORM 2004 API Tests &gt; Event Handlers &gt; Should clear only the specific event listener for CommitSuccess" time="0.00112425">
        </testcase>
        <testcase classname="test/api/Scorm2004API.spec.ts" name="SCORM 2004 API Tests &gt; Event Handlers &gt; Should handle CommitError event" time="0.000235959">
        </testcase>
        <testcase classname="test/api/Scorm2004API.spec.ts" name="SCORM 2004 API Tests &gt; Event Handlers &gt; Should handle CommitError event when offline" time="0.000579958">
        </testcase>
    </testsuite>
    <testsuite name="test/api/SequencingConfiguration.spec.ts" timestamp="2025-05-05T03:40:24.990Z" hostname="jonathans-macbook-pro-2.mara-rohu.ts.net" tests="5" failures="0" errors="0" skipped="0" time="0.004979792">
        <testcase classname="test/api/SequencingConfiguration.spec.ts" name="Sequencing Configuration &gt; Activity Tree Configuration &gt; should configure the activity tree based on settings" time="0.003019">
        </testcase>
        <testcase classname="test/api/SequencingConfiguration.spec.ts" name="Sequencing Configuration &gt; Activity Tree Configuration &gt; should configure activity properties" time="0.000189917">
        </testcase>
        <testcase classname="test/api/SequencingConfiguration.spec.ts" name="Sequencing Configuration &gt; Sequencing Rules Configuration &gt; should configure sequencing rules based on settings" time="0.000442708">
        </testcase>
        <testcase classname="test/api/SequencingConfiguration.spec.ts" name="Sequencing Configuration &gt; Sequencing Controls Configuration &gt; should configure sequencing controls based on settings" time="0.000235792">
        </testcase>
        <testcase classname="test/api/SequencingConfiguration.spec.ts" name="Sequencing Configuration &gt; Rollup Rules Configuration &gt; should configure rollup rules based on settings" time="0.000250083">
        </testcase>
    </testsuite>
    <testsuite name="test/cmi/aicc_cmi.spec.ts" timestamp="2025-05-05T03:40:24.991Z" hostname="jonathans-macbook-pro-2.mara-rohu.ts.net" tests="499" failures="0" errors="0" skipped="0" time="0.040919209">
        <testcase classname="test/cmi/aicc_cmi.spec.ts" name="AICC CMI Tests &gt; CMI Spec Tests &gt; Pre-Initialize Tests &gt; Field: cmi._version &gt; Should be able to read from cmi._version" time="0.000808333">
        </testcase>
        <testcase classname="test/cmi/aicc_cmi.spec.ts" name="AICC CMI Tests &gt; CMI Spec Tests &gt; Pre-Initialize Tests &gt; Field: cmi._version &gt; Should fail to write to cmi._version" time="0.0005555">
        </testcase>
        <testcase classname="test/cmi/aicc_cmi.spec.ts" name="AICC CMI Tests &gt; CMI Spec Tests &gt; Pre-Initialize Tests &gt; Field: cmi._children &gt; Should be able to read from cmi._children" time="0.0000615">
        </testcase>
        <testcase classname="test/cmi/aicc_cmi.spec.ts" name="AICC CMI Tests &gt; CMI Spec Tests &gt; Pre-Initialize Tests &gt; Field: cmi._children &gt; Should fail to write to cmi._children" time="0.000140666">
        </testcase>
        <testcase classname="test/cmi/aicc_cmi.spec.ts" name="AICC CMI Tests &gt; CMI Spec Tests &gt; Pre-Initialize Tests &gt; Field: cmi.suspend_data &gt; Should be able to read from cmi.suspend_data" time="0.000063041">
        </testcase>
        <testcase classname="test/cmi/aicc_cmi.spec.ts" name="AICC CMI Tests &gt; CMI Spec Tests &gt; Pre-Initialize Tests &gt; Field: cmi.suspend_data &gt; Should be able to write upto 4096 characters to cmi.suspend_data" time="0.000367833">
        </testcase>
        <testcase classname="test/cmi/aicc_cmi.spec.ts" name="AICC CMI Tests &gt; CMI Spec Tests &gt; Pre-Initialize Tests &gt; Field: cmi.suspend_data &gt; Should fail to write more than 4096 characters to cmi.suspend_data" time="0.000096208">
        </testcase>
        <testcase classname="test/cmi/aicc_cmi.spec.ts" name="AICC CMI Tests &gt; CMI Spec Tests &gt; Pre-Initialize Tests &gt; Field: cmi.launch_data &gt; Should be able to read from cmi.launch_data" time="0.00004425">
        </testcase>
        <testcase classname="test/cmi/aicc_cmi.spec.ts" name="AICC CMI Tests &gt; CMI Spec Tests &gt; Pre-Initialize Tests &gt; Field: cmi.launch_data &gt; Should successfully write to cmi.launch_data" time="0.0001265">
        </testcase>
        <testcase classname="test/cmi/aicc_cmi.spec.ts" name="AICC CMI Tests &gt; CMI Spec Tests &gt; Pre-Initialize Tests &gt; Field: cmi.comments &gt; Should be able to read from cmi.comments" time="0.000104625">
        </testcase>
        <testcase classname="test/cmi/aicc_cmi.spec.ts" name="AICC CMI Tests &gt; CMI Spec Tests &gt; Pre-Initialize Tests &gt; Field: cmi.comments &gt; Should be able to write upto 4096 characters to cmi.comments" time="0.000079875">
        </testcase>
        <testcase classname="test/cmi/aicc_cmi.spec.ts" name="AICC CMI Tests &gt; CMI Spec Tests &gt; Pre-Initialize Tests &gt; Field: cmi.comments &gt; Should fail to write more than 4096 characters to cmi.comments" time="0.000071709">
        </testcase>
        <testcase classname="test/cmi/aicc_cmi.spec.ts" name="AICC CMI Tests &gt; CMI Spec Tests &gt; Pre-Initialize Tests &gt; Field: cmi.comments_from_lms &gt; Should be able to read from cmi.comments_from_lms" time="0.000036916">
        </testcase>
        <testcase classname="test/cmi/aicc_cmi.spec.ts" name="AICC CMI Tests &gt; CMI Spec Tests &gt; Pre-Initialize Tests &gt; Field: cmi.comments_from_lms &gt; Should successfully write to cmi.comments_from_lms" time="0.000178542">
        </testcase>
        <testcase classname="test/cmi/aicc_cmi.spec.ts" name="AICC CMI Tests &gt; CMI Spec Tests &gt; Pre-Initialize Tests &gt; Field: cmi.core._children &gt; Should be able to read from cmi.core._children" time="0.000052">
        </testcase>
        <testcase classname="test/cmi/aicc_cmi.spec.ts" name="AICC CMI Tests &gt; CMI Spec Tests &gt; Pre-Initialize Tests &gt; Field: cmi.core._children &gt; Should fail to write to cmi.core._children" time="0.000061083">
        </testcase>
        <testcase classname="test/cmi/aicc_cmi.spec.ts" name="AICC CMI Tests &gt; CMI Spec Tests &gt; Pre-Initialize Tests &gt; Field: cmi.core.student_id &gt; Should be able to read from cmi.core.student_id" time="0.000033708">
        </testcase>
        <testcase classname="test/cmi/aicc_cmi.spec.ts" name="AICC CMI Tests &gt; CMI Spec Tests &gt; Pre-Initialize Tests &gt; Field: cmi.core.student_id &gt; Should successfully write to cmi.core.student_id" time="0.000052166">
        </testcase>
        <testcase classname="test/cmi/aicc_cmi.spec.ts" name="AICC CMI Tests &gt; CMI Spec Tests &gt; Pre-Initialize Tests &gt; Field: cmi.core.student_name &gt; Should be able to read from cmi.core.student_name" time="0.000030459">
        </testcase>
        <testcase classname="test/cmi/aicc_cmi.spec.ts" name="AICC CMI Tests &gt; CMI Spec Tests &gt; Pre-Initialize Tests &gt; Field: cmi.core.student_name &gt; Should successfully write to cmi.core.student_name" time="0.000057208">
        </testcase>
        <testcase classname="test/cmi/aicc_cmi.spec.ts" name="AICC CMI Tests &gt; CMI Spec Tests &gt; Pre-Initialize Tests &gt; Field: cmi.core.lesson_location &gt; Should be able to read from cmi.core.lesson_location" time="0.000031459">
        </testcase>
        <testcase classname="test/cmi/aicc_cmi.spec.ts" name="AICC CMI Tests &gt; CMI Spec Tests &gt; Pre-Initialize Tests &gt; Field: cmi.core.lesson_location &gt; Should be able to write upto 255 characters to cmi.core.lesson_location" time="0.00010475">
        </testcase>
        <testcase classname="test/cmi/aicc_cmi.spec.ts" name="AICC CMI Tests &gt; CMI Spec Tests &gt; Pre-Initialize Tests &gt; Field: cmi.core.lesson_location &gt; Should fail to write more than 255 characters to cmi.core.lesson_location" time="0.000061792">
        </testcase>
        <testcase classname="test/cmi/aicc_cmi.spec.ts" name="AICC CMI Tests &gt; CMI Spec Tests &gt; Pre-Initialize Tests &gt; Field: cmi.core.credit &gt; Should be able to read from cmi.core.credit" time="0.00003475">
        </testcase>
        <testcase classname="test/cmi/aicc_cmi.spec.ts" name="AICC CMI Tests &gt; CMI Spec Tests &gt; Pre-Initialize Tests &gt; Field: cmi.core.credit &gt; Should successfully write to cmi.core.credit" time="0.000049417">
        </testcase>
        <testcase classname="test/cmi/aicc_cmi.spec.ts" name="AICC CMI Tests &gt; CMI Spec Tests &gt; Pre-Initialize Tests &gt; Field: cmi.core.lesson_status &gt; Should be able to read from cmi.core.lesson_status" time="0.00003825">
        </testcase>
        <testcase classname="test/cmi/aicc_cmi.spec.ts" name="AICC CMI Tests &gt; CMI Spec Tests &gt; Pre-Initialize Tests &gt; Field: cmi.core.lesson_status &gt; Should successfully write &apos;passed&apos; to cmi.core.lesson_status" time="0.000086584">
        </testcase>
        <testcase classname="test/cmi/aicc_cmi.spec.ts" name="AICC CMI Tests &gt; CMI Spec Tests &gt; Pre-Initialize Tests &gt; Field: cmi.core.lesson_status &gt; Should successfully write &apos;completed&apos; to cmi.core.lesson_status" time="0.000096875">
        </testcase>
        <testcase classname="test/cmi/aicc_cmi.spec.ts" name="AICC CMI Tests &gt; CMI Spec Tests &gt; Pre-Initialize Tests &gt; Field: cmi.core.lesson_status &gt; Should successfully write &apos;failed&apos; to cmi.core.lesson_status" time="0.000051083">
        </testcase>
        <testcase classname="test/cmi/aicc_cmi.spec.ts" name="AICC CMI Tests &gt; CMI Spec Tests &gt; Pre-Initialize Tests &gt; Field: cmi.core.lesson_status &gt; Should successfully write &apos;incomplete&apos; to cmi.core.lesson_status" time="0.00004625">
        </testcase>
        <testcase classname="test/cmi/aicc_cmi.spec.ts" name="AICC CMI Tests &gt; CMI Spec Tests &gt; Pre-Initialize Tests &gt; Field: cmi.core.lesson_status &gt; Should successfully write &apos;browsed&apos; to cmi.core.lesson_status" time="0.000046917">
        </testcase>
        <testcase classname="test/cmi/aicc_cmi.spec.ts" name="AICC CMI Tests &gt; CMI Spec Tests &gt; Pre-Initialize Tests &gt; Field: cmi.core.lesson_status &gt; Should fail to write &apos;Passed&apos; to cmi.core.lesson_status" time="0.000057">
        </testcase>
        <testcase classname="test/cmi/aicc_cmi.spec.ts" name="AICC CMI Tests &gt; CMI Spec Tests &gt; Pre-Initialize Tests &gt; Field: cmi.core.lesson_status &gt; Should fail to write &apos;P&apos; to cmi.core.lesson_status" time="0.000045166">
        </testcase>
        <testcase classname="test/cmi/aicc_cmi.spec.ts" name="AICC CMI Tests &gt; CMI Spec Tests &gt; Pre-Initialize Tests &gt; Field: cmi.core.lesson_status &gt; Should fail to write &apos;F&apos; to cmi.core.lesson_status" time="0.000075542">
        </testcase>
        <testcase classname="test/cmi/aicc_cmi.spec.ts" name="AICC CMI Tests &gt; CMI Spec Tests &gt; Pre-Initialize Tests &gt; Field: cmi.core.lesson_status &gt; Should fail to write &apos;p&apos; to cmi.core.lesson_status" time="0.0000525">
        </testcase>
        <testcase classname="test/cmi/aicc_cmi.spec.ts" name="AICC CMI Tests &gt; CMI Spec Tests &gt; Pre-Initialize Tests &gt; Field: cmi.core.lesson_status &gt; Should fail to write &apos;true&apos; to cmi.core.lesson_status" time="0.000044291">
        </testcase>
        <testcase classname="test/cmi/aicc_cmi.spec.ts" name="AICC CMI Tests &gt; CMI Spec Tests &gt; Pre-Initialize Tests &gt; Field: cmi.core.lesson_status &gt; Should fail to write &apos;false&apos; to cmi.core.lesson_status" time="0.000043583">
        </testcase>
        <testcase classname="test/cmi/aicc_cmi.spec.ts" name="AICC CMI Tests &gt; CMI Spec Tests &gt; Pre-Initialize Tests &gt; Field: cmi.core.lesson_status &gt; Should fail to write &apos;complete&apos; to cmi.core.lesson_status" time="0.0000475">
        </testcase>
        <testcase classname="test/cmi/aicc_cmi.spec.ts" name="AICC CMI Tests &gt; CMI Spec Tests &gt; Pre-Initialize Tests &gt; Field: cmi.core.entry &gt; Should be able to read from cmi.core.entry" time="0.000078166">
        </testcase>
        <testcase classname="test/cmi/aicc_cmi.spec.ts" name="AICC CMI Tests &gt; CMI Spec Tests &gt; Pre-Initialize Tests &gt; Field: cmi.core.entry &gt; Should successfully write to cmi.core.entry" time="0.000048083">
        </testcase>
        <testcase classname="test/cmi/aicc_cmi.spec.ts" name="AICC CMI Tests &gt; CMI Spec Tests &gt; Pre-Initialize Tests &gt; Field: cmi.core.total_time &gt; Should be able to read from cmi.core.total_time" time="0.000030375">
        </testcase>
        <testcase classname="test/cmi/aicc_cmi.spec.ts" name="AICC CMI Tests &gt; CMI Spec Tests &gt; Pre-Initialize Tests &gt; Field: cmi.core.total_time &gt; Should successfully write to cmi.core.total_time" time="0.000044">
        </testcase>
        <testcase classname="test/cmi/aicc_cmi.spec.ts" name="AICC CMI Tests &gt; CMI Spec Tests &gt; Pre-Initialize Tests &gt; Field: cmi.core.lesson_mode &gt; Should be able to read from cmi.core.lesson_mode" time="0.00002775">
        </testcase>
        <testcase classname="test/cmi/aicc_cmi.spec.ts" name="AICC CMI Tests &gt; CMI Spec Tests &gt; Pre-Initialize Tests &gt; Field: cmi.core.lesson_mode &gt; Should successfully write to cmi.core.lesson_mode" time="0.000056792">
        </testcase>
        <testcase classname="test/cmi/aicc_cmi.spec.ts" name="AICC CMI Tests &gt; CMI Spec Tests &gt; Pre-Initialize Tests &gt; Field: cmi.core.exit &gt; Should successfully write to cmi.core.exit" time="0.000070042">
        </testcase>
        <testcase classname="test/cmi/aicc_cmi.spec.ts" name="AICC CMI Tests &gt; CMI Spec Tests &gt; Pre-Initialize Tests &gt; Field: cmi.core.exit &gt; Should successfully write &apos;time-out&apos; to cmi.core.exit" time="0.00005425">
        </testcase>
        <testcase classname="test/cmi/aicc_cmi.spec.ts" name="AICC CMI Tests &gt; CMI Spec Tests &gt; Pre-Initialize Tests &gt; Field: cmi.core.exit &gt; Should successfully write &apos;suspend&apos; to cmi.core.exit" time="0.000046667">
        </testcase>
        <testcase classname="test/cmi/aicc_cmi.spec.ts" name="AICC CMI Tests &gt; CMI Spec Tests &gt; Pre-Initialize Tests &gt; Field: cmi.core.exit &gt; Should successfully write &apos;logout&apos; to cmi.core.exit" time="0.000096458">
        </testcase>
        <testcase classname="test/cmi/aicc_cmi.spec.ts" name="AICC CMI Tests &gt; CMI Spec Tests &gt; Pre-Initialize Tests &gt; Field: cmi.core.exit &gt; Should successfully write &apos;&apos; to cmi.core.exit" time="0.000044666">
        </testcase>
        <testcase classname="test/cmi/aicc_cmi.spec.ts" name="AICC CMI Tests &gt; CMI Spec Tests &gt; Pre-Initialize Tests &gt; Field: cmi.core.exit &gt; Should fail to write &apos;close&apos; to cmi.core.exit" time="0.000045583">
        </testcase>
        <testcase classname="test/cmi/aicc_cmi.spec.ts" name="AICC CMI Tests &gt; CMI Spec Tests &gt; Pre-Initialize Tests &gt; Field: cmi.core.exit &gt; Should fail to write &apos;exit&apos; to cmi.core.exit" time="0.000043125">
        </testcase>
        <testcase classname="test/cmi/aicc_cmi.spec.ts" name="AICC CMI Tests &gt; CMI Spec Tests &gt; Pre-Initialize Tests &gt; Field: cmi.core.exit &gt; Should fail to write &apos;crash&apos; to cmi.core.exit" time="0.000042833">
        </testcase>
        <testcase classname="test/cmi/aicc_cmi.spec.ts" name="AICC CMI Tests &gt; CMI Spec Tests &gt; Pre-Initialize Tests &gt; Field: cmi.core.session_time &gt; Should fail to read from cmi.core.session_time" time="0.000082">
        </testcase>
        <testcase classname="test/cmi/aicc_cmi.spec.ts" name="AICC CMI Tests &gt; CMI Spec Tests &gt; Pre-Initialize Tests &gt; Field: cmi.core.session_time &gt; Should successfully write to cmi.core.session_time" time="0.0000755">
        </testcase>
        <testcase classname="test/cmi/aicc_cmi.spec.ts" name="AICC CMI Tests &gt; CMI Spec Tests &gt; Pre-Initialize Tests &gt; Field: cmi.core.session_time &gt; Should successfully write &apos;10:06:57&apos; to cmi.core.session_time" time="0.000056708">
        </testcase>
        <testcase classname="test/cmi/aicc_cmi.spec.ts" name="AICC CMI Tests &gt; CMI Spec Tests &gt; Pre-Initialize Tests &gt; Field: cmi.core.session_time &gt; Should successfully write &apos;00:00:01.56&apos; to cmi.core.session_time" time="0.000040833">
        </testcase>
        <testcase classname="test/cmi/aicc_cmi.spec.ts" name="AICC CMI Tests &gt; CMI Spec Tests &gt; Pre-Initialize Tests &gt; Field: cmi.core.session_time &gt; Should successfully write &apos;23:59:59&apos; to cmi.core.session_time" time="0.000040708">
        </testcase>
        <testcase classname="test/cmi/aicc_cmi.spec.ts" name="AICC CMI Tests &gt; CMI Spec Tests &gt; Pre-Initialize Tests &gt; Field: cmi.core.session_time &gt; Should successfully write &apos;47:59:59&apos; to cmi.core.session_time" time="0.000040875">
        </testcase>
        <testcase classname="test/cmi/aicc_cmi.spec.ts" name="AICC CMI Tests &gt; CMI Spec Tests &gt; Pre-Initialize Tests &gt; Field: cmi.core.session_time &gt; Should fail to write &apos;06:5:13&apos; to cmi.core.session_time" time="0.000042042">
        </testcase>
        <testcase classname="test/cmi/aicc_cmi.spec.ts" name="AICC CMI Tests &gt; CMI Spec Tests &gt; Pre-Initialize Tests &gt; Field: cmi.core.session_time &gt; Should fail to write &apos;23:59:59.123&apos; to cmi.core.session_time" time="0.000040875">
        </testcase>
        <testcase classname="test/cmi/aicc_cmi.spec.ts" name="AICC CMI Tests &gt; CMI Spec Tests &gt; Pre-Initialize Tests &gt; Field: cmi.core.session_time &gt; Should fail to write &apos;P1DT23H59M59S&apos; to cmi.core.session_time" time="0.00007625">
        </testcase>
        <testcase classname="test/cmi/aicc_cmi.spec.ts" name="AICC CMI Tests &gt; CMI Spec Tests &gt; Pre-Initialize Tests &gt; Field: cmi.core.score._children &gt; Should be able to read from cmi.core.score._children" time="0.00003275">
        </testcase>
        <testcase classname="test/cmi/aicc_cmi.spec.ts" name="AICC CMI Tests &gt; CMI Spec Tests &gt; Pre-Initialize Tests &gt; Field: cmi.core.score._children &gt; Should fail to write to cmi.core.score._children" time="0.000049792">
        </testcase>
        <testcase classname="test/cmi/aicc_cmi.spec.ts" name="AICC CMI Tests &gt; CMI Spec Tests &gt; Pre-Initialize Tests &gt; Field: cmi.core.score.raw &gt; Should successfully write &apos;1&apos; to cmi.core.score.raw" time="0.000100209">
        </testcase>
        <testcase classname="test/cmi/aicc_cmi.spec.ts" name="AICC CMI Tests &gt; CMI Spec Tests &gt; Pre-Initialize Tests &gt; Field: cmi.core.score.raw &gt; Should successfully write &apos;50.25&apos; to cmi.core.score.raw" time="0.000058209">
        </testcase>
        <testcase classname="test/cmi/aicc_cmi.spec.ts" name="AICC CMI Tests &gt; CMI Spec Tests &gt; Pre-Initialize Tests &gt; Field: cmi.core.score.raw &gt; Should successfully write &apos;70&apos; to cmi.core.score.raw" time="0.000039">
        </testcase>
        <testcase classname="test/cmi/aicc_cmi.spec.ts" name="AICC CMI Tests &gt; CMI Spec Tests &gt; Pre-Initialize Tests &gt; Field: cmi.core.score.raw &gt; Should successfully write &apos;100&apos; to cmi.core.score.raw" time="0.000035541">
        </testcase>
        <testcase classname="test/cmi/aicc_cmi.spec.ts" name="AICC CMI Tests &gt; CMI Spec Tests &gt; Pre-Initialize Tests &gt; Field: cmi.core.score.raw &gt; Should successfully write &apos;1&apos; to cmi.core.score.raw" time="0.0000815">
        </testcase>
        <testcase classname="test/cmi/aicc_cmi.spec.ts" name="AICC CMI Tests &gt; CMI Spec Tests &gt; Pre-Initialize Tests &gt; Field: cmi.core.score.raw &gt; Should successfully write &apos;50.25&apos; to cmi.core.score.raw" time="0.00003475">
        </testcase>
        <testcase classname="test/cmi/aicc_cmi.spec.ts" name="AICC CMI Tests &gt; CMI Spec Tests &gt; Pre-Initialize Tests &gt; Field: cmi.core.score.raw &gt; Should successfully write &apos;70&apos; to cmi.core.score.raw" time="0.000033291">
        </testcase>
        <testcase classname="test/cmi/aicc_cmi.spec.ts" name="AICC CMI Tests &gt; CMI Spec Tests &gt; Pre-Initialize Tests &gt; Field: cmi.core.score.raw &gt; Should successfully write &apos;100&apos; to cmi.core.score.raw" time="0.000037625">
        </testcase>
        <testcase classname="test/cmi/aicc_cmi.spec.ts" name="AICC CMI Tests &gt; CMI Spec Tests &gt; Pre-Initialize Tests &gt; Field: cmi.core.score.raw &gt; Should fail to write &apos;invalid&apos; to cmi.core.score.raw" time="0.000038959">
        </testcase>
        <testcase classname="test/cmi/aicc_cmi.spec.ts" name="AICC CMI Tests &gt; CMI Spec Tests &gt; Pre-Initialize Tests &gt; Field: cmi.core.score.raw &gt; Should fail to write &apos;a100&apos; to cmi.core.score.raw" time="0.000039083">
        </testcase>
        <testcase classname="test/cmi/aicc_cmi.spec.ts" name="AICC CMI Tests &gt; CMI Spec Tests &gt; Pre-Initialize Tests &gt; Field: cmi.core.score.raw &gt; Should fail to write &apos;-1&apos; to cmi.core.score.raw" time="0.000037417">
        </testcase>
        <testcase classname="test/cmi/aicc_cmi.spec.ts" name="AICC CMI Tests &gt; CMI Spec Tests &gt; Pre-Initialize Tests &gt; Field: cmi.core.score.raw &gt; Should fail to write &apos;101&apos; to cmi.core.score.raw" time="0.000037709">
        </testcase>
        <testcase classname="test/cmi/aicc_cmi.spec.ts" name="AICC CMI Tests &gt; CMI Spec Tests &gt; Pre-Initialize Tests &gt; Field: cmi.core.score.raw &gt; Should fail to write &apos;-100000&apos; to cmi.core.score.raw" time="0.000044084">
        </testcase>
        <testcase classname="test/cmi/aicc_cmi.spec.ts" name="AICC CMI Tests &gt; CMI Spec Tests &gt; Pre-Initialize Tests &gt; Field: cmi.core.score.raw &gt; Should fail to write &apos;100000&apos; to cmi.core.score.raw" time="0.000037167">
        </testcase>
        <testcase classname="test/cmi/aicc_cmi.spec.ts" name="AICC CMI Tests &gt; CMI Spec Tests &gt; Pre-Initialize Tests &gt; Field: cmi.core.score.min &gt; Should successfully write &apos;1&apos; to cmi.core.score.min" time="0.000042875">
        </testcase>
        <testcase classname="test/cmi/aicc_cmi.spec.ts" name="AICC CMI Tests &gt; CMI Spec Tests &gt; Pre-Initialize Tests &gt; Field: cmi.core.score.min &gt; Should successfully write &apos;50.25&apos; to cmi.core.score.min" time="0.000036208">
        </testcase>
        <testcase classname="test/cmi/aicc_cmi.spec.ts" name="AICC CMI Tests &gt; CMI Spec Tests &gt; Pre-Initialize Tests &gt; Field: cmi.core.score.min &gt; Should successfully write &apos;70&apos; to cmi.core.score.min" time="0.000034417">
        </testcase>
        <testcase classname="test/cmi/aicc_cmi.spec.ts" name="AICC CMI Tests &gt; CMI Spec Tests &gt; Pre-Initialize Tests &gt; Field: cmi.core.score.min &gt; Should successfully write &apos;100&apos; to cmi.core.score.min" time="0.000033917">
        </testcase>
        <testcase classname="test/cmi/aicc_cmi.spec.ts" name="AICC CMI Tests &gt; CMI Spec Tests &gt; Pre-Initialize Tests &gt; Field: cmi.core.score.min &gt; Should successfully write &apos;1&apos; to cmi.core.score.min" time="0.000035459">
        </testcase>
        <testcase classname="test/cmi/aicc_cmi.spec.ts" name="AICC CMI Tests &gt; CMI Spec Tests &gt; Pre-Initialize Tests &gt; Field: cmi.core.score.min &gt; Should successfully write &apos;50.25&apos; to cmi.core.score.min" time="0.000033375">
        </testcase>
        <testcase classname="test/cmi/aicc_cmi.spec.ts" name="AICC CMI Tests &gt; CMI Spec Tests &gt; Pre-Initialize Tests &gt; Field: cmi.core.score.min &gt; Should successfully write &apos;70&apos; to cmi.core.score.min" time="0.000032542">
        </testcase>
        <testcase classname="test/cmi/aicc_cmi.spec.ts" name="AICC CMI Tests &gt; CMI Spec Tests &gt; Pre-Initialize Tests &gt; Field: cmi.core.score.min &gt; Should successfully write &apos;100&apos; to cmi.core.score.min" time="0.000033708">
        </testcase>
        <testcase classname="test/cmi/aicc_cmi.spec.ts" name="AICC CMI Tests &gt; CMI Spec Tests &gt; Pre-Initialize Tests &gt; Field: cmi.core.score.min &gt; Should fail to write &apos;invalid&apos; to cmi.core.score.min" time="0.000038375">
        </testcase>
        <testcase classname="test/cmi/aicc_cmi.spec.ts" name="AICC CMI Tests &gt; CMI Spec Tests &gt; Pre-Initialize Tests &gt; Field: cmi.core.score.min &gt; Should fail to write &apos;a100&apos; to cmi.core.score.min" time="0.000036791">
        </testcase>
        <testcase classname="test/cmi/aicc_cmi.spec.ts" name="AICC CMI Tests &gt; CMI Spec Tests &gt; Pre-Initialize Tests &gt; Field: cmi.core.score.min &gt; Should fail to write &apos;-1&apos; to cmi.core.score.min" time="0.000036875">
        </testcase>
        <testcase classname="test/cmi/aicc_cmi.spec.ts" name="AICC CMI Tests &gt; CMI Spec Tests &gt; Pre-Initialize Tests &gt; Field: cmi.core.score.min &gt; Should fail to write &apos;101&apos; to cmi.core.score.min" time="0.00003775">
        </testcase>
        <testcase classname="test/cmi/aicc_cmi.spec.ts" name="AICC CMI Tests &gt; CMI Spec Tests &gt; Pre-Initialize Tests &gt; Field: cmi.core.score.min &gt; Should fail to write &apos;-100000&apos; to cmi.core.score.min" time="0.000045292">
        </testcase>
        <testcase classname="test/cmi/aicc_cmi.spec.ts" name="AICC CMI Tests &gt; CMI Spec Tests &gt; Pre-Initialize Tests &gt; Field: cmi.core.score.min &gt; Should fail to write &apos;100000&apos; to cmi.core.score.min" time="0.000038375">
        </testcase>
        <testcase classname="test/cmi/aicc_cmi.spec.ts" name="AICC CMI Tests &gt; CMI Spec Tests &gt; Pre-Initialize Tests &gt; Field: cmi.core.score.max &gt; Should successfully write &apos;1&apos; to cmi.core.score.max" time="0.000042792">
        </testcase>
        <testcase classname="test/cmi/aicc_cmi.spec.ts" name="AICC CMI Tests &gt; CMI Spec Tests &gt; Pre-Initialize Tests &gt; Field: cmi.core.score.max &gt; Should successfully write &apos;50.25&apos; to cmi.core.score.max" time="0.000035459">
        </testcase>
        <testcase classname="test/cmi/aicc_cmi.spec.ts" name="AICC CMI Tests &gt; CMI Spec Tests &gt; Pre-Initialize Tests &gt; Field: cmi.core.score.max &gt; Should successfully write &apos;70&apos; to cmi.core.score.max" time="0.000036292">
        </testcase>
        <testcase classname="test/cmi/aicc_cmi.spec.ts" name="AICC CMI Tests &gt; CMI Spec Tests &gt; Pre-Initialize Tests &gt; Field: cmi.core.score.max &gt; Should successfully write &apos;100&apos; to cmi.core.score.max" time="0.000034083">
        </testcase>
        <testcase classname="test/cmi/aicc_cmi.spec.ts" name="AICC CMI Tests &gt; CMI Spec Tests &gt; Pre-Initialize Tests &gt; Field: cmi.core.score.max &gt; Should successfully write &apos;1&apos; to cmi.core.score.max" time="0.000034083">
        </testcase>
        <testcase classname="test/cmi/aicc_cmi.spec.ts" name="AICC CMI Tests &gt; CMI Spec Tests &gt; Pre-Initialize Tests &gt; Field: cmi.core.score.max &gt; Should successfully write &apos;50.25&apos; to cmi.core.score.max" time="0.000033917">
        </testcase>
        <testcase classname="test/cmi/aicc_cmi.spec.ts" name="AICC CMI Tests &gt; CMI Spec Tests &gt; Pre-Initialize Tests &gt; Field: cmi.core.score.max &gt; Should successfully write &apos;70&apos; to cmi.core.score.max" time="0.000034125">
        </testcase>
        <testcase classname="test/cmi/aicc_cmi.spec.ts" name="AICC CMI Tests &gt; CMI Spec Tests &gt; Pre-Initialize Tests &gt; Field: cmi.core.score.max &gt; Should successfully write &apos;100&apos; to cmi.core.score.max" time="0.000032666">
        </testcase>
        <testcase classname="test/cmi/aicc_cmi.spec.ts" name="AICC CMI Tests &gt; CMI Spec Tests &gt; Pre-Initialize Tests &gt; Field: cmi.core.score.max &gt; Should fail to write &apos;invalid&apos; to cmi.core.score.max" time="0.000036625">
        </testcase>
        <testcase classname="test/cmi/aicc_cmi.spec.ts" name="AICC CMI Tests &gt; CMI Spec Tests &gt; Pre-Initialize Tests &gt; Field: cmi.core.score.max &gt; Should fail to write &apos;a100&apos; to cmi.core.score.max" time="0.000037125">
        </testcase>
        <testcase classname="test/cmi/aicc_cmi.spec.ts" name="AICC CMI Tests &gt; CMI Spec Tests &gt; Pre-Initialize Tests &gt; Field: cmi.core.score.max &gt; Should fail to write &apos;-1&apos; to cmi.core.score.max" time="0.000040208">
        </testcase>
        <testcase classname="test/cmi/aicc_cmi.spec.ts" name="AICC CMI Tests &gt; CMI Spec Tests &gt; Pre-Initialize Tests &gt; Field: cmi.core.score.max &gt; Should fail to write &apos;101&apos; to cmi.core.score.max" time="0.000036875">
        </testcase>
        <testcase classname="test/cmi/aicc_cmi.spec.ts" name="AICC CMI Tests &gt; CMI Spec Tests &gt; Pre-Initialize Tests &gt; Field: cmi.core.score.max &gt; Should fail to write &apos;-100000&apos; to cmi.core.score.max" time="0.000036541">
        </testcase>
        <testcase classname="test/cmi/aicc_cmi.spec.ts" name="AICC CMI Tests &gt; CMI Spec Tests &gt; Pre-Initialize Tests &gt; Field: cmi.core.score.max &gt; Should fail to write &apos;100000&apos; to cmi.core.score.max" time="0.000037125">
        </testcase>
        <testcase classname="test/cmi/aicc_cmi.spec.ts" name="AICC CMI Tests &gt; CMI Spec Tests &gt; Pre-Initialize Tests &gt; Field: cmi.objectives._children &gt; Should be able to read from cmi.objectives._children" time="0.000030083">
        </testcase>
        <testcase classname="test/cmi/aicc_cmi.spec.ts" name="AICC CMI Tests &gt; CMI Spec Tests &gt; Pre-Initialize Tests &gt; Field: cmi.objectives._children &gt; Should fail to write to cmi.objectives._children" time="0.000106542">
        </testcase>
        <testcase classname="test/cmi/aicc_cmi.spec.ts" name="AICC CMI Tests &gt; CMI Spec Tests &gt; Pre-Initialize Tests &gt; Field: cmi.objectives._count &gt; Should be able to read from cmi.objectives._count" time="0.000027334">
        </testcase>
        <testcase classname="test/cmi/aicc_cmi.spec.ts" name="AICC CMI Tests &gt; CMI Spec Tests &gt; Pre-Initialize Tests &gt; Field: cmi.objectives._count &gt; Should fail to write to cmi.objectives._count" time="0.000057208">
        </testcase>
        <testcase classname="test/cmi/aicc_cmi.spec.ts" name="AICC CMI Tests &gt; CMI Spec Tests &gt; Pre-Initialize Tests &gt; Field: cmi.student_data._children &gt; Should be able to read from cmi.student_data._children" time="0.0000295">
        </testcase>
        <testcase classname="test/cmi/aicc_cmi.spec.ts" name="AICC CMI Tests &gt; CMI Spec Tests &gt; Pre-Initialize Tests &gt; Field: cmi.student_data._children &gt; Should fail to write to cmi.student_data._children" time="0.000097375">
        </testcase>
        <testcase classname="test/cmi/aicc_cmi.spec.ts" name="AICC CMI Tests &gt; CMI Spec Tests &gt; Pre-Initialize Tests &gt; Field: cmi.student_data.mastery_score &gt; Should be able to read from cmi.student_data.mastery_score" time="0.000032958">
        </testcase>
        <testcase classname="test/cmi/aicc_cmi.spec.ts" name="AICC CMI Tests &gt; CMI Spec Tests &gt; Pre-Initialize Tests &gt; Field: cmi.student_data.mastery_score &gt; Should successfully write to cmi.student_data.mastery_score" time="0.00004825">
        </testcase>
        <testcase classname="test/cmi/aicc_cmi.spec.ts" name="AICC CMI Tests &gt; CMI Spec Tests &gt; Pre-Initialize Tests &gt; Field: cmi.student_data.max_time_allowed &gt; Should be able to read from cmi.student_data.max_time_allowed" time="0.000028625">
        </testcase>
        <testcase classname="test/cmi/aicc_cmi.spec.ts" name="AICC CMI Tests &gt; CMI Spec Tests &gt; Pre-Initialize Tests &gt; Field: cmi.student_data.max_time_allowed &gt; Should successfully write to cmi.student_data.max_time_allowed" time="0.000040167">
        </testcase>
        <testcase classname="test/cmi/aicc_cmi.spec.ts" name="AICC CMI Tests &gt; CMI Spec Tests &gt; Pre-Initialize Tests &gt; Field: cmi.student_data.time_limit_action &gt; Should be able to read from cmi.student_data.time_limit_action" time="0.000025667">
        </testcase>
        <testcase classname="test/cmi/aicc_cmi.spec.ts" name="AICC CMI Tests &gt; CMI Spec Tests &gt; Pre-Initialize Tests &gt; Field: cmi.student_data.time_limit_action &gt; Should successfully write to cmi.student_data.time_limit_action" time="0.000037375">
        </testcase>
        <testcase classname="test/cmi/aicc_cmi.spec.ts" name="AICC CMI Tests &gt; CMI Spec Tests &gt; Pre-Initialize Tests &gt; Field: cmi.student_data.tries_during_lesson &gt; Should be able to read from cmi.student_data.tries_during_lesson" time="0.00002975">
        </testcase>
        <testcase classname="test/cmi/aicc_cmi.spec.ts" name="AICC CMI Tests &gt; CMI Spec Tests &gt; Pre-Initialize Tests &gt; Field: cmi.student_data.tries_during_lesson &gt; Should successfully write to cmi.student_data.tries_during_lesson" time="0.000038792">
        </testcase>
        <testcase classname="test/cmi/aicc_cmi.spec.ts" name="AICC CMI Tests &gt; CMI Spec Tests &gt; Pre-Initialize Tests &gt; Field: cmi.student_preference._children &gt; Should be able to read from cmi.student_preference._children" time="0.000027208">
        </testcase>
        <testcase classname="test/cmi/aicc_cmi.spec.ts" name="AICC CMI Tests &gt; CMI Spec Tests &gt; Pre-Initialize Tests &gt; Field: cmi.student_preference._children &gt; Should fail to write to cmi.student_preference._children" time="0.000053042">
        </testcase>
        <testcase classname="test/cmi/aicc_cmi.spec.ts" name="AICC CMI Tests &gt; CMI Spec Tests &gt; Pre-Initialize Tests &gt; Field: cmi.student_preference.audio &gt; Should successfully write &apos;1&apos; to cmi.student_preference.audio" time="0.000070542">
        </testcase>
        <testcase classname="test/cmi/aicc_cmi.spec.ts" name="AICC CMI Tests &gt; CMI Spec Tests &gt; Pre-Initialize Tests &gt; Field: cmi.student_preference.audio &gt; Should successfully write &apos;50&apos; to cmi.student_preference.audio" time="0.000044958">
        </testcase>
        <testcase classname="test/cmi/aicc_cmi.spec.ts" name="AICC CMI Tests &gt; CMI Spec Tests &gt; Pre-Initialize Tests &gt; Field: cmi.student_preference.audio &gt; Should successfully write &apos;100&apos; to cmi.student_preference.audio" time="0.000036541">
        </testcase>
        <testcase classname="test/cmi/aicc_cmi.spec.ts" name="AICC CMI Tests &gt; CMI Spec Tests &gt; Pre-Initialize Tests &gt; Field: cmi.student_preference.audio &gt; Should successfully write &apos;-1&apos; to cmi.student_preference.audio" time="0.000035041">
        </testcase>
        <testcase classname="test/cmi/aicc_cmi.spec.ts" name="AICC CMI Tests &gt; CMI Spec Tests &gt; Pre-Initialize Tests &gt; Field: cmi.student_preference.audio &gt; Should fail to write &apos;invalid&apos; to cmi.student_preference.audio" time="0.000038334">
        </testcase>
        <testcase classname="test/cmi/aicc_cmi.spec.ts" name="AICC CMI Tests &gt; CMI Spec Tests &gt; Pre-Initialize Tests &gt; Field: cmi.student_preference.audio &gt; Should fail to write &apos;a100&apos; to cmi.student_preference.audio" time="0.000035791">
        </testcase>
        <testcase classname="test/cmi/aicc_cmi.spec.ts" name="AICC CMI Tests &gt; CMI Spec Tests &gt; Pre-Initialize Tests &gt; Field: cmi.student_preference.audio &gt; Should fail to write &apos;-2&apos; to cmi.student_preference.audio" time="0.000039208">
        </testcase>
        <testcase classname="test/cmi/aicc_cmi.spec.ts" name="AICC CMI Tests &gt; CMI Spec Tests &gt; Pre-Initialize Tests &gt; Field: cmi.student_preference.language &gt; Should be able to read from cmi.student_preference.language" time="0.000026833">
        </testcase>
        <testcase classname="test/cmi/aicc_cmi.spec.ts" name="AICC CMI Tests &gt; CMI Spec Tests &gt; Pre-Initialize Tests &gt; Field: cmi.student_preference.language &gt; Should be able to write upto 255 characters to cmi.student_preference.language" time="0.000050625">
        </testcase>
        <testcase classname="test/cmi/aicc_cmi.spec.ts" name="AICC CMI Tests &gt; CMI Spec Tests &gt; Pre-Initialize Tests &gt; Field: cmi.student_preference.language &gt; Should fail to write more than 255 characters to cmi.student_preference.language" time="0.000049">
        </testcase>
        <testcase classname="test/cmi/aicc_cmi.spec.ts" name="AICC CMI Tests &gt; CMI Spec Tests &gt; Pre-Initialize Tests &gt; Field: cmi.student_preference.speed &gt; Should successfully write &apos;1&apos; to cmi.student_preference.speed" time="0.000046541">
        </testcase>
        <testcase classname="test/cmi/aicc_cmi.spec.ts" name="AICC CMI Tests &gt; CMI Spec Tests &gt; Pre-Initialize Tests &gt; Field: cmi.student_preference.speed &gt; Should successfully write &apos;50&apos; to cmi.student_preference.speed" time="0.000034458">
        </testcase>
        <testcase classname="test/cmi/aicc_cmi.spec.ts" name="AICC CMI Tests &gt; CMI Spec Tests &gt; Pre-Initialize Tests &gt; Field: cmi.student_preference.speed &gt; Should successfully write &apos;100&apos; to cmi.student_preference.speed" time="0.000033292">
        </testcase>
        <testcase classname="test/cmi/aicc_cmi.spec.ts" name="AICC CMI Tests &gt; CMI Spec Tests &gt; Pre-Initialize Tests &gt; Field: cmi.student_preference.speed &gt; Should successfully write &apos;-1&apos; to cmi.student_preference.speed" time="0.000035709">
        </testcase>
        <testcase classname="test/cmi/aicc_cmi.spec.ts" name="AICC CMI Tests &gt; CMI Spec Tests &gt; Pre-Initialize Tests &gt; Field: cmi.student_preference.speed &gt; Should successfully write &apos;-50&apos; to cmi.student_preference.speed" time="0.000037292">
        </testcase>
        <testcase classname="test/cmi/aicc_cmi.spec.ts" name="AICC CMI Tests &gt; CMI Spec Tests &gt; Pre-Initialize Tests &gt; Field: cmi.student_preference.speed &gt; Should successfully write &apos;-100&apos; to cmi.student_preference.speed" time="0.000042542">
        </testcase>
        <testcase classname="test/cmi/aicc_cmi.spec.ts" name="AICC CMI Tests &gt; CMI Spec Tests &gt; Pre-Initialize Tests &gt; Field: cmi.student_preference.speed &gt; Should fail to write &apos;invalid&apos; to cmi.student_preference.speed" time="0.000036916">
        </testcase>
        <testcase classname="test/cmi/aicc_cmi.spec.ts" name="AICC CMI Tests &gt; CMI Spec Tests &gt; Pre-Initialize Tests &gt; Field: cmi.student_preference.speed &gt; Should fail to write &apos;a100&apos; to cmi.student_preference.speed" time="0.000036125">
        </testcase>
        <testcase classname="test/cmi/aicc_cmi.spec.ts" name="AICC CMI Tests &gt; CMI Spec Tests &gt; Pre-Initialize Tests &gt; Field: cmi.student_preference.speed &gt; Should fail to write &apos;-101&apos; to cmi.student_preference.speed" time="0.000037416">
        </testcase>
        <testcase classname="test/cmi/aicc_cmi.spec.ts" name="AICC CMI Tests &gt; CMI Spec Tests &gt; Pre-Initialize Tests &gt; Field: cmi.student_preference.speed &gt; Should fail to write &apos;101&apos; to cmi.student_preference.speed" time="0.0000365">
        </testcase>
        <testcase classname="test/cmi/aicc_cmi.spec.ts" name="AICC CMI Tests &gt; CMI Spec Tests &gt; Pre-Initialize Tests &gt; Field: cmi.student_preference.speed &gt; Should fail to write &apos;-100000&apos; to cmi.student_preference.speed" time="0.000038125">
        </testcase>
        <testcase classname="test/cmi/aicc_cmi.spec.ts" name="AICC CMI Tests &gt; CMI Spec Tests &gt; Pre-Initialize Tests &gt; Field: cmi.student_preference.speed &gt; Should fail to write &apos;100000&apos; to cmi.student_preference.speed" time="0.000037">
        </testcase>
        <testcase classname="test/cmi/aicc_cmi.spec.ts" name="AICC CMI Tests &gt; CMI Spec Tests &gt; Pre-Initialize Tests &gt; Field: cmi.student_preference.text &gt; Should successfully write &apos;1&apos; to cmi.student_preference.text" time="0.000049959">
        </testcase>
        <testcase classname="test/cmi/aicc_cmi.spec.ts" name="AICC CMI Tests &gt; CMI Spec Tests &gt; Pre-Initialize Tests &gt; Field: cmi.student_preference.text &gt; Should successfully write &apos;0&apos; to cmi.student_preference.text" time="0.000033792">
        </testcase>
        <testcase classname="test/cmi/aicc_cmi.spec.ts" name="AICC CMI Tests &gt; CMI Spec Tests &gt; Pre-Initialize Tests &gt; Field: cmi.student_preference.text &gt; Should successfully write &apos;-1&apos; to cmi.student_preference.text" time="0.000038334">
        </testcase>
        <testcase classname="test/cmi/aicc_cmi.spec.ts" name="AICC CMI Tests &gt; CMI Spec Tests &gt; Pre-Initialize Tests &gt; Field: cmi.student_preference.text &gt; Should fail to write &apos;-101&apos; to cmi.student_preference.text" time="0.000037708">
        </testcase>
        <testcase classname="test/cmi/aicc_cmi.spec.ts" name="AICC CMI Tests &gt; CMI Spec Tests &gt; Pre-Initialize Tests &gt; Field: cmi.student_preference.text &gt; Should fail to write &apos;-0.5&apos; to cmi.student_preference.text" time="0.0000365">
        </testcase>
        <testcase classname="test/cmi/aicc_cmi.spec.ts" name="AICC CMI Tests &gt; CMI Spec Tests &gt; Pre-Initialize Tests &gt; Field: cmi.student_preference.text &gt; Should fail to write &apos;0.5&apos; to cmi.student_preference.text" time="0.000037458">
        </testcase>
        <testcase classname="test/cmi/aicc_cmi.spec.ts" name="AICC CMI Tests &gt; CMI Spec Tests &gt; Pre-Initialize Tests &gt; Field: cmi.student_preference.text &gt; Should fail to write &apos;25.1&apos; to cmi.student_preference.text" time="0.000036708">
        </testcase>
        <testcase classname="test/cmi/aicc_cmi.spec.ts" name="AICC CMI Tests &gt; CMI Spec Tests &gt; Pre-Initialize Tests &gt; Field: cmi.student_preference.text &gt; Should fail to write &apos;50.5&apos; to cmi.student_preference.text" time="0.00004375">
        </testcase>
        <testcase classname="test/cmi/aicc_cmi.spec.ts" name="AICC CMI Tests &gt; CMI Spec Tests &gt; Pre-Initialize Tests &gt; Field: cmi.student_preference.text &gt; Should fail to write &apos;75&apos; to cmi.student_preference.text" time="0.000038333">
        </testcase>
        <testcase classname="test/cmi/aicc_cmi.spec.ts" name="AICC CMI Tests &gt; CMI Spec Tests &gt; Pre-Initialize Tests &gt; Field: cmi.student_preference.text &gt; Should fail to write &apos;100&apos; to cmi.student_preference.text" time="0.000036583">
        </testcase>
        <testcase classname="test/cmi/aicc_cmi.spec.ts" name="AICC CMI Tests &gt; CMI Spec Tests &gt; Pre-Initialize Tests &gt; Field: cmi.interactions._children &gt; Should be able to read from cmi.interactions._children" time="0.000026">
        </testcase>
        <testcase classname="test/cmi/aicc_cmi.spec.ts" name="AICC CMI Tests &gt; CMI Spec Tests &gt; Pre-Initialize Tests &gt; Field: cmi.interactions._children &gt; Should fail to write to cmi.interactions._children" time="0.0000715">
        </testcase>
        <testcase classname="test/cmi/aicc_cmi.spec.ts" name="AICC CMI Tests &gt; CMI Spec Tests &gt; Pre-Initialize Tests &gt; Field: cmi.interactions._count &gt; Should be able to read from cmi.interactions._count" time="0.000028125">
        </testcase>
        <testcase classname="test/cmi/aicc_cmi.spec.ts" name="AICC CMI Tests &gt; CMI Spec Tests &gt; Pre-Initialize Tests &gt; Field: cmi.interactions._count &gt; Should fail to write to cmi.interactions._count" time="0.000036917">
        </testcase>
        <testcase classname="test/cmi/aicc_cmi.spec.ts" name="AICC CMI Tests &gt; CMI Spec Tests &gt; Post-Initialize Tests &gt; Field: cmi._version &gt; Should be able to read from cmi._version" time="0.000105458">
        </testcase>
        <testcase classname="test/cmi/aicc_cmi.spec.ts" name="AICC CMI Tests &gt; CMI Spec Tests &gt; Post-Initialize Tests &gt; Field: cmi._version &gt; Should fail to write to cmi._version" time="0.0000845">
        </testcase>
        <testcase classname="test/cmi/aicc_cmi.spec.ts" name="AICC CMI Tests &gt; CMI Spec Tests &gt; Post-Initialize Tests &gt; Field: cmi._children &gt; Should be able to read from cmi._children" time="0.000033209">
        </testcase>
        <testcase classname="test/cmi/aicc_cmi.spec.ts" name="AICC CMI Tests &gt; CMI Spec Tests &gt; Post-Initialize Tests &gt; Field: cmi._children &gt; Should fail to write to cmi._children" time="0.000049958">
        </testcase>
        <testcase classname="test/cmi/aicc_cmi.spec.ts" name="AICC CMI Tests &gt; CMI Spec Tests &gt; Post-Initialize Tests &gt; Field: cmi.suspend_data &gt; Should be able to read from cmi.suspend_data" time="0.000035708">
        </testcase>
        <testcase classname="test/cmi/aicc_cmi.spec.ts" name="AICC CMI Tests &gt; CMI Spec Tests &gt; Post-Initialize Tests &gt; Field: cmi.suspend_data &gt; Should be able to write upto 4096 characters to cmi.suspend_data" time="0.000070292">
        </testcase>
        <testcase classname="test/cmi/aicc_cmi.spec.ts" name="AICC CMI Tests &gt; CMI Spec Tests &gt; Post-Initialize Tests &gt; Field: cmi.suspend_data &gt; Should fail to write more than 4096 characters to cmi.suspend_data" time="0.00006225">
        </testcase>
        <testcase classname="test/cmi/aicc_cmi.spec.ts" name="AICC CMI Tests &gt; CMI Spec Tests &gt; Post-Initialize Tests &gt; Field: cmi.launch_data &gt; Should be able to read from cmi.launch_data" time="0.00002475">
        </testcase>
        <testcase classname="test/cmi/aicc_cmi.spec.ts" name="AICC CMI Tests &gt; CMI Spec Tests &gt; Post-Initialize Tests &gt; Field: cmi.launch_data &gt; Should fail to write to cmi.launch_data" time="0.000041666">
        </testcase>
        <testcase classname="test/cmi/aicc_cmi.spec.ts" name="AICC CMI Tests &gt; CMI Spec Tests &gt; Post-Initialize Tests &gt; Field: cmi.comments &gt; Should be able to read from cmi.comments" time="0.000024625">
        </testcase>
        <testcase classname="test/cmi/aicc_cmi.spec.ts" name="AICC CMI Tests &gt; CMI Spec Tests &gt; Post-Initialize Tests &gt; Field: cmi.comments &gt; Should be able to write upto 4096 characters to cmi.comments" time="0.000048292">
        </testcase>
        <testcase classname="test/cmi/aicc_cmi.spec.ts" name="AICC CMI Tests &gt; CMI Spec Tests &gt; Post-Initialize Tests &gt; Field: cmi.comments &gt; Should fail to write more than 4096 characters to cmi.comments" time="0.000052417">
        </testcase>
        <testcase classname="test/cmi/aicc_cmi.spec.ts" name="AICC CMI Tests &gt; CMI Spec Tests &gt; Post-Initialize Tests &gt; Field: cmi.comments_from_lms &gt; Should be able to read from cmi.comments_from_lms" time="0.000026708">
        </testcase>
        <testcase classname="test/cmi/aicc_cmi.spec.ts" name="AICC CMI Tests &gt; CMI Spec Tests &gt; Post-Initialize Tests &gt; Field: cmi.comments_from_lms &gt; Should fail to write to cmi.comments_from_lms" time="0.000034542">
        </testcase>
        <testcase classname="test/cmi/aicc_cmi.spec.ts" name="AICC CMI Tests &gt; CMI Spec Tests &gt; Post-Initialize Tests &gt; Field: cmi.core._children &gt; Should be able to read from cmi.core._children" time="0.000035125">
        </testcase>
        <testcase classname="test/cmi/aicc_cmi.spec.ts" name="AICC CMI Tests &gt; CMI Spec Tests &gt; Post-Initialize Tests &gt; Field: cmi.core._children &gt; Should fail to write to cmi.core._children" time="0.00003675">
        </testcase>
        <testcase classname="test/cmi/aicc_cmi.spec.ts" name="AICC CMI Tests &gt; CMI Spec Tests &gt; Post-Initialize Tests &gt; Field: cmi.core.student_id &gt; Should be able to read from cmi.core.student_id" time="0.000023709">
        </testcase>
        <testcase classname="test/cmi/aicc_cmi.spec.ts" name="AICC CMI Tests &gt; CMI Spec Tests &gt; Post-Initialize Tests &gt; Field: cmi.core.student_id &gt; Should fail to write to cmi.core.student_id" time="0.000030917">
        </testcase>
        <testcase classname="test/cmi/aicc_cmi.spec.ts" name="AICC CMI Tests &gt; CMI Spec Tests &gt; Post-Initialize Tests &gt; Field: cmi.core.student_name &gt; Should be able to read from cmi.core.student_name" time="0.000022375">
        </testcase>
        <testcase classname="test/cmi/aicc_cmi.spec.ts" name="AICC CMI Tests &gt; CMI Spec Tests &gt; Post-Initialize Tests &gt; Field: cmi.core.student_name &gt; Should fail to write to cmi.core.student_name" time="0.000030458">
        </testcase>
        <testcase classname="test/cmi/aicc_cmi.spec.ts" name="AICC CMI Tests &gt; CMI Spec Tests &gt; Post-Initialize Tests &gt; Field: cmi.core.lesson_location &gt; Should be able to read from cmi.core.lesson_location" time="0.000086042">
        </testcase>
        <testcase classname="test/cmi/aicc_cmi.spec.ts" name="AICC CMI Tests &gt; CMI Spec Tests &gt; Post-Initialize Tests &gt; Field: cmi.core.lesson_location &gt; Should be able to write upto 255 characters to cmi.core.lesson_location" time="0.000041542">
        </testcase>
        <testcase classname="test/cmi/aicc_cmi.spec.ts" name="AICC CMI Tests &gt; CMI Spec Tests &gt; Post-Initialize Tests &gt; Field: cmi.core.lesson_location &gt; Should fail to write more than 255 characters to cmi.core.lesson_location" time="0.000041458">
        </testcase>
        <testcase classname="test/cmi/aicc_cmi.spec.ts" name="AICC CMI Tests &gt; CMI Spec Tests &gt; Post-Initialize Tests &gt; Field: cmi.core.credit &gt; Should be able to read from cmi.core.credit" time="0.000026166">
        </testcase>
        <testcase classname="test/cmi/aicc_cmi.spec.ts" name="AICC CMI Tests &gt; CMI Spec Tests &gt; Post-Initialize Tests &gt; Field: cmi.core.credit &gt; Should fail to write to cmi.core.credit" time="0.000034625">
        </testcase>
        <testcase classname="test/cmi/aicc_cmi.spec.ts" name="AICC CMI Tests &gt; CMI Spec Tests &gt; Post-Initialize Tests &gt; Field: cmi.core.lesson_status &gt; Should be able to read from cmi.core.lesson_status" time="0.00002425">
        </testcase>
        <testcase classname="test/cmi/aicc_cmi.spec.ts" name="AICC CMI Tests &gt; CMI Spec Tests &gt; Post-Initialize Tests &gt; Field: cmi.core.lesson_status &gt; Should successfully write &apos;passed&apos; to cmi.core.lesson_status" time="0.000057917">
        </testcase>
        <testcase classname="test/cmi/aicc_cmi.spec.ts" name="AICC CMI Tests &gt; CMI Spec Tests &gt; Post-Initialize Tests &gt; Field: cmi.core.lesson_status &gt; Should successfully write &apos;completed&apos; to cmi.core.lesson_status" time="0.000052459">
        </testcase>
        <testcase classname="test/cmi/aicc_cmi.spec.ts" name="AICC CMI Tests &gt; CMI Spec Tests &gt; Post-Initialize Tests &gt; Field: cmi.core.lesson_status &gt; Should successfully write &apos;failed&apos; to cmi.core.lesson_status" time="0.000033333">
        </testcase>
        <testcase classname="test/cmi/aicc_cmi.spec.ts" name="AICC CMI Tests &gt; CMI Spec Tests &gt; Post-Initialize Tests &gt; Field: cmi.core.lesson_status &gt; Should successfully write &apos;incomplete&apos; to cmi.core.lesson_status" time="0.000033833">
        </testcase>
        <testcase classname="test/cmi/aicc_cmi.spec.ts" name="AICC CMI Tests &gt; CMI Spec Tests &gt; Post-Initialize Tests &gt; Field: cmi.core.lesson_status &gt; Should successfully write &apos;browsed&apos; to cmi.core.lesson_status" time="0.000034459">
        </testcase>
        <testcase classname="test/cmi/aicc_cmi.spec.ts" name="AICC CMI Tests &gt; CMI Spec Tests &gt; Post-Initialize Tests &gt; Field: cmi.core.lesson_status &gt; Should fail to write &apos;Passed&apos; to cmi.core.lesson_status" time="0.000038">
        </testcase>
        <testcase classname="test/cmi/aicc_cmi.spec.ts" name="AICC CMI Tests &gt; CMI Spec Tests &gt; Post-Initialize Tests &gt; Field: cmi.core.lesson_status &gt; Should fail to write &apos;P&apos; to cmi.core.lesson_status" time="0.000036875">
        </testcase>
        <testcase classname="test/cmi/aicc_cmi.spec.ts" name="AICC CMI Tests &gt; CMI Spec Tests &gt; Post-Initialize Tests &gt; Field: cmi.core.lesson_status &gt; Should fail to write &apos;F&apos; to cmi.core.lesson_status" time="0.000036084">
        </testcase>
        <testcase classname="test/cmi/aicc_cmi.spec.ts" name="AICC CMI Tests &gt; CMI Spec Tests &gt; Post-Initialize Tests &gt; Field: cmi.core.lesson_status &gt; Should fail to write &apos;p&apos; to cmi.core.lesson_status" time="0.000038584">
        </testcase>
        <testcase classname="test/cmi/aicc_cmi.spec.ts" name="AICC CMI Tests &gt; CMI Spec Tests &gt; Post-Initialize Tests &gt; Field: cmi.core.lesson_status &gt; Should fail to write &apos;true&apos; to cmi.core.lesson_status" time="0.000037041">
        </testcase>
        <testcase classname="test/cmi/aicc_cmi.spec.ts" name="AICC CMI Tests &gt; CMI Spec Tests &gt; Post-Initialize Tests &gt; Field: cmi.core.lesson_status &gt; Should fail to write &apos;false&apos; to cmi.core.lesson_status" time="0.000036666">
        </testcase>
        <testcase classname="test/cmi/aicc_cmi.spec.ts" name="AICC CMI Tests &gt; CMI Spec Tests &gt; Post-Initialize Tests &gt; Field: cmi.core.lesson_status &gt; Should fail to write &apos;complete&apos; to cmi.core.lesson_status" time="0.0000345">
        </testcase>
        <testcase classname="test/cmi/aicc_cmi.spec.ts" name="AICC CMI Tests &gt; CMI Spec Tests &gt; Post-Initialize Tests &gt; Field: cmi.core.entry &gt; Should be able to read from cmi.core.entry" time="0.000023458">
        </testcase>
        <testcase classname="test/cmi/aicc_cmi.spec.ts" name="AICC CMI Tests &gt; CMI Spec Tests &gt; Post-Initialize Tests &gt; Field: cmi.core.entry &gt; Should fail to write to cmi.core.entry" time="0.000032542">
        </testcase>
        <testcase classname="test/cmi/aicc_cmi.spec.ts" name="AICC CMI Tests &gt; CMI Spec Tests &gt; Post-Initialize Tests &gt; Field: cmi.core.total_time &gt; Should be able to read from cmi.core.total_time" time="0.000022166">
        </testcase>
        <testcase classname="test/cmi/aicc_cmi.spec.ts" name="AICC CMI Tests &gt; CMI Spec Tests &gt; Post-Initialize Tests &gt; Field: cmi.core.total_time &gt; Should fail to write to cmi.core.total_time" time="0.000029625">
        </testcase>
        <testcase classname="test/cmi/aicc_cmi.spec.ts" name="AICC CMI Tests &gt; CMI Spec Tests &gt; Post-Initialize Tests &gt; Field: cmi.core.lesson_mode &gt; Should be able to read from cmi.core.lesson_mode" time="0.000021042">
        </testcase>
        <testcase classname="test/cmi/aicc_cmi.spec.ts" name="AICC CMI Tests &gt; CMI Spec Tests &gt; Post-Initialize Tests &gt; Field: cmi.core.lesson_mode &gt; Should fail to write to cmi.core.lesson_mode" time="0.00002975">
        </testcase>
        <testcase classname="test/cmi/aicc_cmi.spec.ts" name="AICC CMI Tests &gt; CMI Spec Tests &gt; Post-Initialize Tests &gt; Field: cmi.core.exit &gt; Should successfully write to cmi.core.exit" time="0.0000345">
        </testcase>
        <testcase classname="test/cmi/aicc_cmi.spec.ts" name="AICC CMI Tests &gt; CMI Spec Tests &gt; Post-Initialize Tests &gt; Field: cmi.core.exit &gt; Should successfully write &apos;time-out&apos; to cmi.core.exit" time="0.000033375">
        </testcase>
        <testcase classname="test/cmi/aicc_cmi.spec.ts" name="AICC CMI Tests &gt; CMI Spec Tests &gt; Post-Initialize Tests &gt; Field: cmi.core.exit &gt; Should successfully write &apos;suspend&apos; to cmi.core.exit" time="0.000030833">
        </testcase>
        <testcase classname="test/cmi/aicc_cmi.spec.ts" name="AICC CMI Tests &gt; CMI Spec Tests &gt; Post-Initialize Tests &gt; Field: cmi.core.exit &gt; Should successfully write &apos;logout&apos; to cmi.core.exit" time="0.000064083">
        </testcase>
        <testcase classname="test/cmi/aicc_cmi.spec.ts" name="AICC CMI Tests &gt; CMI Spec Tests &gt; Post-Initialize Tests &gt; Field: cmi.core.exit &gt; Should successfully write &apos;&apos; to cmi.core.exit" time="0.000035167">
        </testcase>
        <testcase classname="test/cmi/aicc_cmi.spec.ts" name="AICC CMI Tests &gt; CMI Spec Tests &gt; Post-Initialize Tests &gt; Field: cmi.core.exit &gt; Should fail to write &apos;close&apos; to cmi.core.exit" time="0.00003725">
        </testcase>
        <testcase classname="test/cmi/aicc_cmi.spec.ts" name="AICC CMI Tests &gt; CMI Spec Tests &gt; Post-Initialize Tests &gt; Field: cmi.core.exit &gt; Should fail to write &apos;exit&apos; to cmi.core.exit" time="0.000036708">
        </testcase>
        <testcase classname="test/cmi/aicc_cmi.spec.ts" name="AICC CMI Tests &gt; CMI Spec Tests &gt; Post-Initialize Tests &gt; Field: cmi.core.exit &gt; Should fail to write &apos;crash&apos; to cmi.core.exit" time="0.000079458">
        </testcase>
        <testcase classname="test/cmi/aicc_cmi.spec.ts" name="AICC CMI Tests &gt; CMI Spec Tests &gt; Post-Initialize Tests &gt; Field: cmi.core.session_time &gt; Should fail to read from cmi.core.session_time" time="0.000035958">
        </testcase>
        <testcase classname="test/cmi/aicc_cmi.spec.ts" name="AICC CMI Tests &gt; CMI Spec Tests &gt; Post-Initialize Tests &gt; Field: cmi.core.session_time &gt; Should successfully write to cmi.core.session_time" time="0.000033459">
        </testcase>
        <testcase classname="test/cmi/aicc_cmi.spec.ts" name="AICC CMI Tests &gt; CMI Spec Tests &gt; Post-Initialize Tests &gt; Field: cmi.core.session_time &gt; Should successfully write &apos;10:06:57&apos; to cmi.core.session_time" time="0.000032791">
        </testcase>
        <testcase classname="test/cmi/aicc_cmi.spec.ts" name="AICC CMI Tests &gt; CMI Spec Tests &gt; Post-Initialize Tests &gt; Field: cmi.core.session_time &gt; Should successfully write &apos;00:00:01.56&apos; to cmi.core.session_time" time="0.000031375">
        </testcase>
        <testcase classname="test/cmi/aicc_cmi.spec.ts" name="AICC CMI Tests &gt; CMI Spec Tests &gt; Post-Initialize Tests &gt; Field: cmi.core.session_time &gt; Should successfully write &apos;23:59:59&apos; to cmi.core.session_time" time="0.000032">
        </testcase>
        <testcase classname="test/cmi/aicc_cmi.spec.ts" name="AICC CMI Tests &gt; CMI Spec Tests &gt; Post-Initialize Tests &gt; Field: cmi.core.session_time &gt; Should successfully write &apos;47:59:59&apos; to cmi.core.session_time" time="0.000034">
        </testcase>
        <testcase classname="test/cmi/aicc_cmi.spec.ts" name="AICC CMI Tests &gt; CMI Spec Tests &gt; Post-Initialize Tests &gt; Field: cmi.core.session_time &gt; Should fail to write &apos;06:5:13&apos; to cmi.core.session_time" time="0.000036083">
        </testcase>
        <testcase classname="test/cmi/aicc_cmi.spec.ts" name="AICC CMI Tests &gt; CMI Spec Tests &gt; Post-Initialize Tests &gt; Field: cmi.core.session_time &gt; Should fail to write &apos;23:59:59.123&apos; to cmi.core.session_time" time="0.00003525">
        </testcase>
        <testcase classname="test/cmi/aicc_cmi.spec.ts" name="AICC CMI Tests &gt; CMI Spec Tests &gt; Post-Initialize Tests &gt; Field: cmi.core.session_time &gt; Should fail to write &apos;P1DT23H59M59S&apos; to cmi.core.session_time" time="0.000038042">
        </testcase>
        <testcase classname="test/cmi/aicc_cmi.spec.ts" name="AICC CMI Tests &gt; CMI Spec Tests &gt; Post-Initialize Tests &gt; Field: cmi.core.score._children &gt; Should be able to read from cmi.core.score._children" time="0.000024083">
        </testcase>
        <testcase classname="test/cmi/aicc_cmi.spec.ts" name="AICC CMI Tests &gt; CMI Spec Tests &gt; Post-Initialize Tests &gt; Field: cmi.core.score._children &gt; Should fail to write to cmi.core.score._children" time="0.000033791">
        </testcase>
        <testcase classname="test/cmi/aicc_cmi.spec.ts" name="AICC CMI Tests &gt; CMI Spec Tests &gt; Post-Initialize Tests &gt; Field: cmi.core.score.raw &gt; Should successfully write &apos;1&apos; to cmi.core.score.raw" time="0.000033667">
        </testcase>
        <testcase classname="test/cmi/aicc_cmi.spec.ts" name="AICC CMI Tests &gt; CMI Spec Tests &gt; Post-Initialize Tests &gt; Field: cmi.core.score.raw &gt; Should successfully write &apos;50.25&apos; to cmi.core.score.raw" time="0.004195583">
        </testcase>
        <testcase classname="test/cmi/aicc_cmi.spec.ts" name="AICC CMI Tests &gt; CMI Spec Tests &gt; Post-Initialize Tests &gt; Field: cmi.core.score.raw &gt; Should successfully write &apos;70&apos; to cmi.core.score.raw" time="0.000100375">
        </testcase>
        <testcase classname="test/cmi/aicc_cmi.spec.ts" name="AICC CMI Tests &gt; CMI Spec Tests &gt; Post-Initialize Tests &gt; Field: cmi.core.score.raw &gt; Should successfully write &apos;100&apos; to cmi.core.score.raw" time="0.000044917">
        </testcase>
        <testcase classname="test/cmi/aicc_cmi.spec.ts" name="AICC CMI Tests &gt; CMI Spec Tests &gt; Post-Initialize Tests &gt; Field: cmi.core.score.raw &gt; Should successfully write &apos;1&apos; to cmi.core.score.raw" time="0.000037542">
        </testcase>
        <testcase classname="test/cmi/aicc_cmi.spec.ts" name="AICC CMI Tests &gt; CMI Spec Tests &gt; Post-Initialize Tests &gt; Field: cmi.core.score.raw &gt; Should successfully write &apos;50.25&apos; to cmi.core.score.raw" time="0.000030541">
        </testcase>
        <testcase classname="test/cmi/aicc_cmi.spec.ts" name="AICC CMI Tests &gt; CMI Spec Tests &gt; Post-Initialize Tests &gt; Field: cmi.core.score.raw &gt; Should successfully write &apos;70&apos; to cmi.core.score.raw" time="0.000039584">
        </testcase>
        <testcase classname="test/cmi/aicc_cmi.spec.ts" name="AICC CMI Tests &gt; CMI Spec Tests &gt; Post-Initialize Tests &gt; Field: cmi.core.score.raw &gt; Should successfully write &apos;100&apos; to cmi.core.score.raw" time="0.000028834">
        </testcase>
        <testcase classname="test/cmi/aicc_cmi.spec.ts" name="AICC CMI Tests &gt; CMI Spec Tests &gt; Post-Initialize Tests &gt; Field: cmi.core.score.raw &gt; Should fail to write &apos;invalid&apos; to cmi.core.score.raw" time="0.000061208">
        </testcase>
        <testcase classname="test/cmi/aicc_cmi.spec.ts" name="AICC CMI Tests &gt; CMI Spec Tests &gt; Post-Initialize Tests &gt; Field: cmi.core.score.raw &gt; Should fail to write &apos;a100&apos; to cmi.core.score.raw" time="0.000046084">
        </testcase>
        <testcase classname="test/cmi/aicc_cmi.spec.ts" name="AICC CMI Tests &gt; CMI Spec Tests &gt; Post-Initialize Tests &gt; Field: cmi.core.score.raw &gt; Should fail to write &apos;-1&apos; to cmi.core.score.raw" time="0.000037875">
        </testcase>
        <testcase classname="test/cmi/aicc_cmi.spec.ts" name="AICC CMI Tests &gt; CMI Spec Tests &gt; Post-Initialize Tests &gt; Field: cmi.core.score.raw &gt; Should fail to write &apos;101&apos; to cmi.core.score.raw" time="0.00003925">
        </testcase>
        <testcase classname="test/cmi/aicc_cmi.spec.ts" name="AICC CMI Tests &gt; CMI Spec Tests &gt; Post-Initialize Tests &gt; Field: cmi.core.score.raw &gt; Should fail to write &apos;-100000&apos; to cmi.core.score.raw" time="0.000035208">
        </testcase>
        <testcase classname="test/cmi/aicc_cmi.spec.ts" name="AICC CMI Tests &gt; CMI Spec Tests &gt; Post-Initialize Tests &gt; Field: cmi.core.score.raw &gt; Should fail to write &apos;100000&apos; to cmi.core.score.raw" time="0.000035042">
        </testcase>
        <testcase classname="test/cmi/aicc_cmi.spec.ts" name="AICC CMI Tests &gt; CMI Spec Tests &gt; Post-Initialize Tests &gt; Field: cmi.core.score.min &gt; Should successfully write &apos;1&apos; to cmi.core.score.min" time="0.000033542">
        </testcase>
        <testcase classname="test/cmi/aicc_cmi.spec.ts" name="AICC CMI Tests &gt; CMI Spec Tests &gt; Post-Initialize Tests &gt; Field: cmi.core.score.min &gt; Should successfully write &apos;50.25&apos; to cmi.core.score.min" time="0.000030375">
        </testcase>
        <testcase classname="test/cmi/aicc_cmi.spec.ts" name="AICC CMI Tests &gt; CMI Spec Tests &gt; Post-Initialize Tests &gt; Field: cmi.core.score.min &gt; Should successfully write &apos;70&apos; to cmi.core.score.min" time="0.000026167">
        </testcase>
        <testcase classname="test/cmi/aicc_cmi.spec.ts" name="AICC CMI Tests &gt; CMI Spec Tests &gt; Post-Initialize Tests &gt; Field: cmi.core.score.min &gt; Should successfully write &apos;100&apos; to cmi.core.score.min" time="0.000025625">
        </testcase>
        <testcase classname="test/cmi/aicc_cmi.spec.ts" name="AICC CMI Tests &gt; CMI Spec Tests &gt; Post-Initialize Tests &gt; Field: cmi.core.score.min &gt; Should successfully write &apos;1&apos; to cmi.core.score.min" time="0.000025667">
        </testcase>
        <testcase classname="test/cmi/aicc_cmi.spec.ts" name="AICC CMI Tests &gt; CMI Spec Tests &gt; Post-Initialize Tests &gt; Field: cmi.core.score.min &gt; Should successfully write &apos;50.25&apos; to cmi.core.score.min" time="0.000026458">
        </testcase>
        <testcase classname="test/cmi/aicc_cmi.spec.ts" name="AICC CMI Tests &gt; CMI Spec Tests &gt; Post-Initialize Tests &gt; Field: cmi.core.score.min &gt; Should successfully write &apos;70&apos; to cmi.core.score.min" time="0.000026291">
        </testcase>
        <testcase classname="test/cmi/aicc_cmi.spec.ts" name="AICC CMI Tests &gt; CMI Spec Tests &gt; Post-Initialize Tests &gt; Field: cmi.core.score.min &gt; Should successfully write &apos;100&apos; to cmi.core.score.min" time="0.000026708">
        </testcase>
        <testcase classname="test/cmi/aicc_cmi.spec.ts" name="AICC CMI Tests &gt; CMI Spec Tests &gt; Post-Initialize Tests &gt; Field: cmi.core.score.min &gt; Should fail to write &apos;invalid&apos; to cmi.core.score.min" time="0.000034542">
        </testcase>
        <testcase classname="test/cmi/aicc_cmi.spec.ts" name="AICC CMI Tests &gt; CMI Spec Tests &gt; Post-Initialize Tests &gt; Field: cmi.core.score.min &gt; Should fail to write &apos;a100&apos; to cmi.core.score.min" time="0.000034417">
        </testcase>
        <testcase classname="test/cmi/aicc_cmi.spec.ts" name="AICC CMI Tests &gt; CMI Spec Tests &gt; Post-Initialize Tests &gt; Field: cmi.core.score.min &gt; Should fail to write &apos;-1&apos; to cmi.core.score.min" time="0.00003425">
        </testcase>
        <testcase classname="test/cmi/aicc_cmi.spec.ts" name="AICC CMI Tests &gt; CMI Spec Tests &gt; Post-Initialize Tests &gt; Field: cmi.core.score.min &gt; Should fail to write &apos;101&apos; to cmi.core.score.min" time="0.000036583">
        </testcase>
        <testcase classname="test/cmi/aicc_cmi.spec.ts" name="AICC CMI Tests &gt; CMI Spec Tests &gt; Post-Initialize Tests &gt; Field: cmi.core.score.min &gt; Should fail to write &apos;-100000&apos; to cmi.core.score.min" time="0.00003325">
        </testcase>
        <testcase classname="test/cmi/aicc_cmi.spec.ts" name="AICC CMI Tests &gt; CMI Spec Tests &gt; Post-Initialize Tests &gt; Field: cmi.core.score.min &gt; Should fail to write &apos;100000&apos; to cmi.core.score.min" time="0.000033375">
        </testcase>
        <testcase classname="test/cmi/aicc_cmi.spec.ts" name="AICC CMI Tests &gt; CMI Spec Tests &gt; Post-Initialize Tests &gt; Field: cmi.core.score.max &gt; Should successfully write &apos;1&apos; to cmi.core.score.max" time="0.000029">
        </testcase>
        <testcase classname="test/cmi/aicc_cmi.spec.ts" name="AICC CMI Tests &gt; CMI Spec Tests &gt; Post-Initialize Tests &gt; Field: cmi.core.score.max &gt; Should successfully write &apos;50.25&apos; to cmi.core.score.max" time="0.000028542">
        </testcase>
        <testcase classname="test/cmi/aicc_cmi.spec.ts" name="AICC CMI Tests &gt; CMI Spec Tests &gt; Post-Initialize Tests &gt; Field: cmi.core.score.max &gt; Should successfully write &apos;70&apos; to cmi.core.score.max" time="0.0000265">
        </testcase>
        <testcase classname="test/cmi/aicc_cmi.spec.ts" name="AICC CMI Tests &gt; CMI Spec Tests &gt; Post-Initialize Tests &gt; Field: cmi.core.score.max &gt; Should successfully write &apos;100&apos; to cmi.core.score.max" time="0.000035083">
        </testcase>
        <testcase classname="test/cmi/aicc_cmi.spec.ts" name="AICC CMI Tests &gt; CMI Spec Tests &gt; Post-Initialize Tests &gt; Field: cmi.core.score.max &gt; Should successfully write &apos;1&apos; to cmi.core.score.max" time="0.000025959">
        </testcase>
        <testcase classname="test/cmi/aicc_cmi.spec.ts" name="AICC CMI Tests &gt; CMI Spec Tests &gt; Post-Initialize Tests &gt; Field: cmi.core.score.max &gt; Should successfully write &apos;50.25&apos; to cmi.core.score.max" time="0.00002475">
        </testcase>
        <testcase classname="test/cmi/aicc_cmi.spec.ts" name="AICC CMI Tests &gt; CMI Spec Tests &gt; Post-Initialize Tests &gt; Field: cmi.core.score.max &gt; Should successfully write &apos;70&apos; to cmi.core.score.max" time="0.000025334">
        </testcase>
        <testcase classname="test/cmi/aicc_cmi.spec.ts" name="AICC CMI Tests &gt; CMI Spec Tests &gt; Post-Initialize Tests &gt; Field: cmi.core.score.max &gt; Should successfully write &apos;100&apos; to cmi.core.score.max" time="0.000024958">
        </testcase>
        <testcase classname="test/cmi/aicc_cmi.spec.ts" name="AICC CMI Tests &gt; CMI Spec Tests &gt; Post-Initialize Tests &gt; Field: cmi.core.score.max &gt; Should fail to write &apos;invalid&apos; to cmi.core.score.max" time="0.000034375">
        </testcase>
        <testcase classname="test/cmi/aicc_cmi.spec.ts" name="AICC CMI Tests &gt; CMI Spec Tests &gt; Post-Initialize Tests &gt; Field: cmi.core.score.max &gt; Should fail to write &apos;a100&apos; to cmi.core.score.max" time="0.00003325">
        </testcase>
        <testcase classname="test/cmi/aicc_cmi.spec.ts" name="AICC CMI Tests &gt; CMI Spec Tests &gt; Post-Initialize Tests &gt; Field: cmi.core.score.max &gt; Should fail to write &apos;-1&apos; to cmi.core.score.max" time="0.000032291">
        </testcase>
        <testcase classname="test/cmi/aicc_cmi.spec.ts" name="AICC CMI Tests &gt; CMI Spec Tests &gt; Post-Initialize Tests &gt; Field: cmi.core.score.max &gt; Should fail to write &apos;101&apos; to cmi.core.score.max" time="0.000032875">
        </testcase>
        <testcase classname="test/cmi/aicc_cmi.spec.ts" name="AICC CMI Tests &gt; CMI Spec Tests &gt; Post-Initialize Tests &gt; Field: cmi.core.score.max &gt; Should fail to write &apos;-100000&apos; to cmi.core.score.max" time="0.000035916">
        </testcase>
        <testcase classname="test/cmi/aicc_cmi.spec.ts" name="AICC CMI Tests &gt; CMI Spec Tests &gt; Post-Initialize Tests &gt; Field: cmi.core.score.max &gt; Should fail to write &apos;100000&apos; to cmi.core.score.max" time="0.000032459">
        </testcase>
        <testcase classname="test/cmi/aicc_cmi.spec.ts" name="AICC CMI Tests &gt; CMI Spec Tests &gt; Post-Initialize Tests &gt; Field: cmi.objectives._children &gt; Should be able to read from cmi.objectives._children" time="0.000035333">
        </testcase>
        <testcase classname="test/cmi/aicc_cmi.spec.ts" name="AICC CMI Tests &gt; CMI Spec Tests &gt; Post-Initialize Tests &gt; Field: cmi.objectives._children &gt; Should fail to write to cmi.objectives._children" time="0.000099917">
        </testcase>
        <testcase classname="test/cmi/aicc_cmi.spec.ts" name="AICC CMI Tests &gt; CMI Spec Tests &gt; Post-Initialize Tests &gt; Field: cmi.objectives._count &gt; Should be able to read from cmi.objectives._count" time="0.000024167">
        </testcase>
        <testcase classname="test/cmi/aicc_cmi.spec.ts" name="AICC CMI Tests &gt; CMI Spec Tests &gt; Post-Initialize Tests &gt; Field: cmi.objectives._count &gt; Should fail to write to cmi.objectives._count" time="0.000035209">
        </testcase>
        <testcase classname="test/cmi/aicc_cmi.spec.ts" name="AICC CMI Tests &gt; CMI Spec Tests &gt; Post-Initialize Tests &gt; Field: cmi.student_data._children &gt; Should be able to read from cmi.student_data._children" time="0.00002275">
        </testcase>
        <testcase classname="test/cmi/aicc_cmi.spec.ts" name="AICC CMI Tests &gt; CMI Spec Tests &gt; Post-Initialize Tests &gt; Field: cmi.student_data._children &gt; Should fail to write to cmi.student_data._children" time="0.00003125">
        </testcase>
        <testcase classname="test/cmi/aicc_cmi.spec.ts" name="AICC CMI Tests &gt; CMI Spec Tests &gt; Post-Initialize Tests &gt; Field: cmi.student_data.mastery_score &gt; Should be able to read from cmi.student_data.mastery_score" time="0.000020625">
        </testcase>
        <testcase classname="test/cmi/aicc_cmi.spec.ts" name="AICC CMI Tests &gt; CMI Spec Tests &gt; Post-Initialize Tests &gt; Field: cmi.student_data.mastery_score &gt; Should fail to write to cmi.student_data.mastery_score" time="0.000029208">
        </testcase>
        <testcase classname="test/cmi/aicc_cmi.spec.ts" name="AICC CMI Tests &gt; CMI Spec Tests &gt; Post-Initialize Tests &gt; Field: cmi.student_data.max_time_allowed &gt; Should be able to read from cmi.student_data.max_time_allowed" time="0.000019667">
        </testcase>
        <testcase classname="test/cmi/aicc_cmi.spec.ts" name="AICC CMI Tests &gt; CMI Spec Tests &gt; Post-Initialize Tests &gt; Field: cmi.student_data.max_time_allowed &gt; Should fail to write to cmi.student_data.max_time_allowed" time="0.00002725">
        </testcase>
        <testcase classname="test/cmi/aicc_cmi.spec.ts" name="AICC CMI Tests &gt; CMI Spec Tests &gt; Post-Initialize Tests &gt; Field: cmi.student_data.time_limit_action &gt; Should be able to read from cmi.student_data.time_limit_action" time="0.00002">
        </testcase>
        <testcase classname="test/cmi/aicc_cmi.spec.ts" name="AICC CMI Tests &gt; CMI Spec Tests &gt; Post-Initialize Tests &gt; Field: cmi.student_data.time_limit_action &gt; Should fail to write to cmi.student_data.time_limit_action" time="0.00002675">
        </testcase>
        <testcase classname="test/cmi/aicc_cmi.spec.ts" name="AICC CMI Tests &gt; CMI Spec Tests &gt; Post-Initialize Tests &gt; Field: cmi.student_data.tries_during_lesson &gt; Should be able to read from cmi.student_data.tries_during_lesson" time="0.000020209">
        </testcase>
        <testcase classname="test/cmi/aicc_cmi.spec.ts" name="AICC CMI Tests &gt; CMI Spec Tests &gt; Post-Initialize Tests &gt; Field: cmi.student_data.tries_during_lesson &gt; Should fail to write to cmi.student_data.tries_during_lesson" time="0.000068">
        </testcase>
        <testcase classname="test/cmi/aicc_cmi.spec.ts" name="AICC CMI Tests &gt; CMI Spec Tests &gt; Post-Initialize Tests &gt; Field: cmi.student_preference._children &gt; Should be able to read from cmi.student_preference._children" time="0.000023583">
        </testcase>
        <testcase classname="test/cmi/aicc_cmi.spec.ts" name="AICC CMI Tests &gt; CMI Spec Tests &gt; Post-Initialize Tests &gt; Field: cmi.student_preference._children &gt; Should fail to write to cmi.student_preference._children" time="0.000030292">
        </testcase>
        <testcase classname="test/cmi/aicc_cmi.spec.ts" name="AICC CMI Tests &gt; CMI Spec Tests &gt; Post-Initialize Tests &gt; Field: cmi.student_preference.audio &gt; Should successfully write &apos;1&apos; to cmi.student_preference.audio" time="0.000038292">
        </testcase>
        <testcase classname="test/cmi/aicc_cmi.spec.ts" name="AICC CMI Tests &gt; CMI Spec Tests &gt; Post-Initialize Tests &gt; Field: cmi.student_preference.audio &gt; Should successfully write &apos;50&apos; to cmi.student_preference.audio" time="0.000035209">
        </testcase>
        <testcase classname="test/cmi/aicc_cmi.spec.ts" name="AICC CMI Tests &gt; CMI Spec Tests &gt; Post-Initialize Tests &gt; Field: cmi.student_preference.audio &gt; Should successfully write &apos;100&apos; to cmi.student_preference.audio" time="0.000030667">
        </testcase>
        <testcase classname="test/cmi/aicc_cmi.spec.ts" name="AICC CMI Tests &gt; CMI Spec Tests &gt; Post-Initialize Tests &gt; Field: cmi.student_preference.audio &gt; Should successfully write &apos;-1&apos; to cmi.student_preference.audio" time="0.000029583">
        </testcase>
        <testcase classname="test/cmi/aicc_cmi.spec.ts" name="AICC CMI Tests &gt; CMI Spec Tests &gt; Post-Initialize Tests &gt; Field: cmi.student_preference.audio &gt; Should fail to write &apos;invalid&apos; to cmi.student_preference.audio" time="0.00003425">
        </testcase>
        <testcase classname="test/cmi/aicc_cmi.spec.ts" name="AICC CMI Tests &gt; CMI Spec Tests &gt; Post-Initialize Tests &gt; Field: cmi.student_preference.audio &gt; Should fail to write &apos;a100&apos; to cmi.student_preference.audio" time="0.000032917">
        </testcase>
        <testcase classname="test/cmi/aicc_cmi.spec.ts" name="AICC CMI Tests &gt; CMI Spec Tests &gt; Post-Initialize Tests &gt; Field: cmi.student_preference.audio &gt; Should fail to write &apos;-2&apos; to cmi.student_preference.audio" time="0.000033416">
        </testcase>
        <testcase classname="test/cmi/aicc_cmi.spec.ts" name="AICC CMI Tests &gt; CMI Spec Tests &gt; Post-Initialize Tests &gt; Field: cmi.student_preference.language &gt; Should be able to read from cmi.student_preference.language" time="0.000024125">
        </testcase>
        <testcase classname="test/cmi/aicc_cmi.spec.ts" name="AICC CMI Tests &gt; CMI Spec Tests &gt; Post-Initialize Tests &gt; Field: cmi.student_preference.language &gt; Should be able to write upto 255 characters to cmi.student_preference.language" time="0.000034958">
        </testcase>
        <testcase classname="test/cmi/aicc_cmi.spec.ts" name="AICC CMI Tests &gt; CMI Spec Tests &gt; Post-Initialize Tests &gt; Field: cmi.student_preference.language &gt; Should fail to write more than 255 characters to cmi.student_preference.language" time="0.000038625">
        </testcase>
        <testcase classname="test/cmi/aicc_cmi.spec.ts" name="AICC CMI Tests &gt; CMI Spec Tests &gt; Post-Initialize Tests &gt; Field: cmi.student_preference.speed &gt; Should successfully write &apos;1&apos; to cmi.student_preference.speed" time="0.00003025">
        </testcase>
        <testcase classname="test/cmi/aicc_cmi.spec.ts" name="AICC CMI Tests &gt; CMI Spec Tests &gt; Post-Initialize Tests &gt; Field: cmi.student_preference.speed &gt; Should successfully write &apos;50&apos; to cmi.student_preference.speed" time="0.000029667">
        </testcase>
        <testcase classname="test/cmi/aicc_cmi.spec.ts" name="AICC CMI Tests &gt; CMI Spec Tests &gt; Post-Initialize Tests &gt; Field: cmi.student_preference.speed &gt; Should successfully write &apos;100&apos; to cmi.student_preference.speed" time="0.000033">
        </testcase>
        <testcase classname="test/cmi/aicc_cmi.spec.ts" name="AICC CMI Tests &gt; CMI Spec Tests &gt; Post-Initialize Tests &gt; Field: cmi.student_preference.speed &gt; Should successfully write &apos;-1&apos; to cmi.student_preference.speed" time="0.0000335">
        </testcase>
        <testcase classname="test/cmi/aicc_cmi.spec.ts" name="AICC CMI Tests &gt; CMI Spec Tests &gt; Post-Initialize Tests &gt; Field: cmi.student_preference.speed &gt; Should successfully write &apos;-50&apos; to cmi.student_preference.speed" time="0.00003">
        </testcase>
        <testcase classname="test/cmi/aicc_cmi.spec.ts" name="AICC CMI Tests &gt; CMI Spec Tests &gt; Post-Initialize Tests &gt; Field: cmi.student_preference.speed &gt; Should successfully write &apos;-100&apos; to cmi.student_preference.speed" time="0.000030042">
        </testcase>
        <testcase classname="test/cmi/aicc_cmi.spec.ts" name="AICC CMI Tests &gt; CMI Spec Tests &gt; Post-Initialize Tests &gt; Field: cmi.student_preference.speed &gt; Should fail to write &apos;invalid&apos; to cmi.student_preference.speed" time="0.000032041">
        </testcase>
        <testcase classname="test/cmi/aicc_cmi.spec.ts" name="AICC CMI Tests &gt; CMI Spec Tests &gt; Post-Initialize Tests &gt; Field: cmi.student_preference.speed &gt; Should fail to write &apos;a100&apos; to cmi.student_preference.speed" time="0.000031583">
        </testcase>
        <testcase classname="test/cmi/aicc_cmi.spec.ts" name="AICC CMI Tests &gt; CMI Spec Tests &gt; Post-Initialize Tests &gt; Field: cmi.student_preference.speed &gt; Should fail to write &apos;-101&apos; to cmi.student_preference.speed" time="0.00003325">
        </testcase>
        <testcase classname="test/cmi/aicc_cmi.spec.ts" name="AICC CMI Tests &gt; CMI Spec Tests &gt; Post-Initialize Tests &gt; Field: cmi.student_preference.speed &gt; Should fail to write &apos;101&apos; to cmi.student_preference.speed" time="0.000032875">
        </testcase>
        <testcase classname="test/cmi/aicc_cmi.spec.ts" name="AICC CMI Tests &gt; CMI Spec Tests &gt; Post-Initialize Tests &gt; Field: cmi.student_preference.speed &gt; Should fail to write &apos;-100000&apos; to cmi.student_preference.speed" time="0.000032583">
        </testcase>
        <testcase classname="test/cmi/aicc_cmi.spec.ts" name="AICC CMI Tests &gt; CMI Spec Tests &gt; Post-Initialize Tests &gt; Field: cmi.student_preference.speed &gt; Should fail to write &apos;100000&apos; to cmi.student_preference.speed" time="0.000032417">
        </testcase>
        <testcase classname="test/cmi/aicc_cmi.spec.ts" name="AICC CMI Tests &gt; CMI Spec Tests &gt; Post-Initialize Tests &gt; Field: cmi.student_preference.text &gt; Should successfully write &apos;1&apos; to cmi.student_preference.text" time="0.000030208">
        </testcase>
        <testcase classname="test/cmi/aicc_cmi.spec.ts" name="AICC CMI Tests &gt; CMI Spec Tests &gt; Post-Initialize Tests &gt; Field: cmi.student_preference.text &gt; Should successfully write &apos;0&apos; to cmi.student_preference.text" time="0.000029">
        </testcase>
        <testcase classname="test/cmi/aicc_cmi.spec.ts" name="AICC CMI Tests &gt; CMI Spec Tests &gt; Post-Initialize Tests &gt; Field: cmi.student_preference.text &gt; Should successfully write &apos;-1&apos; to cmi.student_preference.text" time="0.000031833">
        </testcase>
        <testcase classname="test/cmi/aicc_cmi.spec.ts" name="AICC CMI Tests &gt; CMI Spec Tests &gt; Post-Initialize Tests &gt; Field: cmi.student_preference.text &gt; Should fail to write &apos;-101&apos; to cmi.student_preference.text" time="0.000032875">
        </testcase>
        <testcase classname="test/cmi/aicc_cmi.spec.ts" name="AICC CMI Tests &gt; CMI Spec Tests &gt; Post-Initialize Tests &gt; Field: cmi.student_preference.text &gt; Should fail to write &apos;-0.5&apos; to cmi.student_preference.text" time="0.000031833">
        </testcase>
        <testcase classname="test/cmi/aicc_cmi.spec.ts" name="AICC CMI Tests &gt; CMI Spec Tests &gt; Post-Initialize Tests &gt; Field: cmi.student_preference.text &gt; Should fail to write &apos;0.5&apos; to cmi.student_preference.text" time="0.000030958">
        </testcase>
        <testcase classname="test/cmi/aicc_cmi.spec.ts" name="AICC CMI Tests &gt; CMI Spec Tests &gt; Post-Initialize Tests &gt; Field: cmi.student_preference.text &gt; Should fail to write &apos;25.1&apos; to cmi.student_preference.text" time="0.000031417">
        </testcase>
        <testcase classname="test/cmi/aicc_cmi.spec.ts" name="AICC CMI Tests &gt; CMI Spec Tests &gt; Post-Initialize Tests &gt; Field: cmi.student_preference.text &gt; Should fail to write &apos;50.5&apos; to cmi.student_preference.text" time="0.000032084">
        </testcase>
        <testcase classname="test/cmi/aicc_cmi.spec.ts" name="AICC CMI Tests &gt; CMI Spec Tests &gt; Post-Initialize Tests &gt; Field: cmi.student_preference.text &gt; Should fail to write &apos;75&apos; to cmi.student_preference.text" time="0.000033042">
        </testcase>
        <testcase classname="test/cmi/aicc_cmi.spec.ts" name="AICC CMI Tests &gt; CMI Spec Tests &gt; Post-Initialize Tests &gt; Field: cmi.student_preference.text &gt; Should fail to write &apos;100&apos; to cmi.student_preference.text" time="0.000032042">
        </testcase>
        <testcase classname="test/cmi/aicc_cmi.spec.ts" name="AICC CMI Tests &gt; CMI Spec Tests &gt; Post-Initialize Tests &gt; Field: cmi.interactions._children &gt; Should be able to read from cmi.interactions._children" time="0.000020375">
        </testcase>
        <testcase classname="test/cmi/aicc_cmi.spec.ts" name="AICC CMI Tests &gt; CMI Spec Tests &gt; Post-Initialize Tests &gt; Field: cmi.interactions._children &gt; Should fail to write to cmi.interactions._children" time="0.000029042">
        </testcase>
        <testcase classname="test/cmi/aicc_cmi.spec.ts" name="AICC CMI Tests &gt; CMI Spec Tests &gt; Post-Initialize Tests &gt; Field: cmi.interactions._count &gt; Should be able to read from cmi.interactions._count" time="0.000020458">
        </testcase>
        <testcase classname="test/cmi/aicc_cmi.spec.ts" name="AICC CMI Tests &gt; CMI Spec Tests &gt; Post-Initialize Tests &gt; Field: cmi.interactions._count &gt; Should fail to write to cmi.interactions._count" time="0.00002725">
        </testcase>
        <testcase classname="test/cmi/aicc_cmi.spec.ts" name="AICC CMI Tests &gt; CMI Spec Tests &gt; Post-Initialize Tests &gt; should export JSON" time="0.000402625">
        </testcase>
        <testcase classname="test/cmi/aicc_cmi.spec.ts" name="AICC CMI Tests &gt; CMI Spec Tests &gt; CMITriesObject Tests &gt; Field: cmi.status &gt; Should be able to read from cmi.status" time="0.000025">
        </testcase>
        <testcase classname="test/cmi/aicc_cmi.spec.ts" name="AICC CMI Tests &gt; CMI Spec Tests &gt; CMITriesObject Tests &gt; Field: cmi.status &gt; Should be able to read from cmi.status" time="0.00002">
        </testcase>
        <testcase classname="test/cmi/aicc_cmi.spec.ts" name="AICC CMI Tests &gt; CMI Spec Tests &gt; CMITriesObject Tests &gt; Field: cmi.status &gt; Should successfully write &apos;passed&apos; to cmi.status" time="0.0000535">
        </testcase>
        <testcase classname="test/cmi/aicc_cmi.spec.ts" name="AICC CMI Tests &gt; CMI Spec Tests &gt; CMITriesObject Tests &gt; Field: cmi.status &gt; Should successfully write &apos;completed&apos; to cmi.status" time="0.000031458">
        </testcase>
        <testcase classname="test/cmi/aicc_cmi.spec.ts" name="AICC CMI Tests &gt; CMI Spec Tests &gt; CMITriesObject Tests &gt; Field: cmi.status &gt; Should successfully write &apos;failed&apos; to cmi.status" time="0.000029167">
        </testcase>
        <testcase classname="test/cmi/aicc_cmi.spec.ts" name="AICC CMI Tests &gt; CMI Spec Tests &gt; CMITriesObject Tests &gt; Field: cmi.status &gt; Should successfully write &apos;incomplete&apos; to cmi.status" time="0.0000295">
        </testcase>
        <testcase classname="test/cmi/aicc_cmi.spec.ts" name="AICC CMI Tests &gt; CMI Spec Tests &gt; CMITriesObject Tests &gt; Field: cmi.status &gt; Should successfully write &apos;browsed&apos; to cmi.status" time="0.000028334">
        </testcase>
        <testcase classname="test/cmi/aicc_cmi.spec.ts" name="AICC CMI Tests &gt; CMI Spec Tests &gt; CMITriesObject Tests &gt; Field: cmi.status &gt; Should successfully write &apos;not attempted&apos; to cmi.status" time="0.000031708">
        </testcase>
        <testcase classname="test/cmi/aicc_cmi.spec.ts" name="AICC CMI Tests &gt; CMI Spec Tests &gt; CMITriesObject Tests &gt; Field: cmi.status &gt; Should fail to write &apos;Passed&apos; to cmi.status" time="0.0000365">
        </testcase>
        <testcase classname="test/cmi/aicc_cmi.spec.ts" name="AICC CMI Tests &gt; CMI Spec Tests &gt; CMITriesObject Tests &gt; Field: cmi.status &gt; Should fail to write &apos;P&apos; to cmi.status" time="0.000033417">
        </testcase>
        <testcase classname="test/cmi/aicc_cmi.spec.ts" name="AICC CMI Tests &gt; CMI Spec Tests &gt; CMITriesObject Tests &gt; Field: cmi.status &gt; Should fail to write &apos;F&apos; to cmi.status" time="0.000032958">
        </testcase>
        <testcase classname="test/cmi/aicc_cmi.spec.ts" name="AICC CMI Tests &gt; CMI Spec Tests &gt; CMITriesObject Tests &gt; Field: cmi.status &gt; Should fail to write &apos;p&apos; to cmi.status" time="0.000034041">
        </testcase>
        <testcase classname="test/cmi/aicc_cmi.spec.ts" name="AICC CMI Tests &gt; CMI Spec Tests &gt; CMITriesObject Tests &gt; Field: cmi.status &gt; Should fail to write &apos;true&apos; to cmi.status" time="0.000031625">
        </testcase>
        <testcase classname="test/cmi/aicc_cmi.spec.ts" name="AICC CMI Tests &gt; CMI Spec Tests &gt; CMITriesObject Tests &gt; Field: cmi.status &gt; Should fail to write &apos;false&apos; to cmi.status" time="0.000032375">
        </testcase>
        <testcase classname="test/cmi/aicc_cmi.spec.ts" name="AICC CMI Tests &gt; CMI Spec Tests &gt; CMITriesObject Tests &gt; Field: cmi.status &gt; Should fail to write &apos;complete&apos; to cmi.status" time="0.000032458">
        </testcase>
        <testcase classname="test/cmi/aicc_cmi.spec.ts" name="AICC CMI Tests &gt; CMI Spec Tests &gt; CMITriesObject Tests &gt; Field: cmi.time &gt; Should be able to read from cmi.time" time="0.000020459">
        </testcase>
        <testcase classname="test/cmi/aicc_cmi.spec.ts" name="AICC CMI Tests &gt; CMI Spec Tests &gt; CMITriesObject Tests &gt; Field: cmi.time &gt; Should successfully write to cmi.time" time="0.000053166">
        </testcase>
        <testcase classname="test/cmi/aicc_cmi.spec.ts" name="AICC CMI Tests &gt; CMI Spec Tests &gt; CMITriesObject Tests &gt; Field: cmi.time &gt; Should successfully write &apos;10:06:57&apos; to cmi.time" time="0.000066666">
        </testcase>
        <testcase classname="test/cmi/aicc_cmi.spec.ts" name="AICC CMI Tests &gt; CMI Spec Tests &gt; CMITriesObject Tests &gt; Field: cmi.time &gt; Should successfully write &apos;23:59:59&apos; to cmi.time" time="0.000029625">
        </testcase>
        <testcase classname="test/cmi/aicc_cmi.spec.ts" name="AICC CMI Tests &gt; CMI Spec Tests &gt; CMITriesObject Tests &gt; Field: cmi.time &gt; Should successfully write &apos;00:00:00&apos; to cmi.time" time="0.000029959">
        </testcase>
        <testcase classname="test/cmi/aicc_cmi.spec.ts" name="AICC CMI Tests &gt; CMI Spec Tests &gt; CMITriesObject Tests &gt; Field: cmi.time &gt; Should fail to write &apos;47:59:59&apos; to cmi.time" time="0.000034416">
        </testcase>
        <testcase classname="test/cmi/aicc_cmi.spec.ts" name="AICC CMI Tests &gt; CMI Spec Tests &gt; CMITriesObject Tests &gt; Field: cmi.time &gt; Should fail to write &apos;00:00:01.56&apos; to cmi.time" time="0.000032334">
        </testcase>
        <testcase classname="test/cmi/aicc_cmi.spec.ts" name="AICC CMI Tests &gt; CMI Spec Tests &gt; CMITriesObject Tests &gt; Field: cmi.time &gt; Should fail to write &apos;06:5:13&apos; to cmi.time" time="0.000031875">
        </testcase>
        <testcase classname="test/cmi/aicc_cmi.spec.ts" name="AICC CMI Tests &gt; CMI Spec Tests &gt; CMITriesObject Tests &gt; Field: cmi.time &gt; Should fail to write &apos;23:59:59.123&apos; to cmi.time" time="0.000081083">
        </testcase>
        <testcase classname="test/cmi/aicc_cmi.spec.ts" name="AICC CMI Tests &gt; CMI Spec Tests &gt; CMITriesObject Tests &gt; Field: cmi.time &gt; Should fail to write &apos;P1DT23H59M59S&apos; to cmi.time" time="0.00003825">
        </testcase>
        <testcase classname="test/cmi/aicc_cmi.spec.ts" name="AICC CMI Tests &gt; CMI Spec Tests &gt; CMITriesObject Tests &gt; Field: cmi.score._children &gt; Should be able to read from cmi.score._children" time="0.000021">
        </testcase>
        <testcase classname="test/cmi/aicc_cmi.spec.ts" name="AICC CMI Tests &gt; CMI Spec Tests &gt; CMITriesObject Tests &gt; Field: cmi.score._children &gt; Should fail to write to cmi.score._children" time="0.000032125">
        </testcase>
        <testcase classname="test/cmi/aicc_cmi.spec.ts" name="AICC CMI Tests &gt; CMI Spec Tests &gt; CMITriesObject Tests &gt; Field: cmi.score.raw &gt; Should successfully write &apos;1&apos; to cmi.score.raw" time="0.00003275">
        </testcase>
        <testcase classname="test/cmi/aicc_cmi.spec.ts" name="AICC CMI Tests &gt; CMI Spec Tests &gt; CMITriesObject Tests &gt; Field: cmi.score.raw &gt; Should successfully write &apos;50.25&apos; to cmi.score.raw" time="0.00003125">
        </testcase>
        <testcase classname="test/cmi/aicc_cmi.spec.ts" name="AICC CMI Tests &gt; CMI Spec Tests &gt; CMITriesObject Tests &gt; Field: cmi.score.raw &gt; Should successfully write &apos;70&apos; to cmi.score.raw" time="0.000029208">
        </testcase>
        <testcase classname="test/cmi/aicc_cmi.spec.ts" name="AICC CMI Tests &gt; CMI Spec Tests &gt; CMITriesObject Tests &gt; Field: cmi.score.raw &gt; Should successfully write &apos;100&apos; to cmi.score.raw" time="0.000029292">
        </testcase>
        <testcase classname="test/cmi/aicc_cmi.spec.ts" name="AICC CMI Tests &gt; CMI Spec Tests &gt; CMITriesObject Tests &gt; Field: cmi.score.raw &gt; Should successfully write &apos;1&apos; to cmi.score.raw" time="0.00002825">
        </testcase>
        <testcase classname="test/cmi/aicc_cmi.spec.ts" name="AICC CMI Tests &gt; CMI Spec Tests &gt; CMITriesObject Tests &gt; Field: cmi.score.raw &gt; Should successfully write &apos;50.25&apos; to cmi.score.raw" time="0.000028541">
        </testcase>
        <testcase classname="test/cmi/aicc_cmi.spec.ts" name="AICC CMI Tests &gt; CMI Spec Tests &gt; CMITriesObject Tests &gt; Field: cmi.score.raw &gt; Should successfully write &apos;70&apos; to cmi.score.raw" time="0.000030542">
        </testcase>
        <testcase classname="test/cmi/aicc_cmi.spec.ts" name="AICC CMI Tests &gt; CMI Spec Tests &gt; CMITriesObject Tests &gt; Field: cmi.score.raw &gt; Should successfully write &apos;100&apos; to cmi.score.raw" time="0.000028125">
        </testcase>
        <testcase classname="test/cmi/aicc_cmi.spec.ts" name="AICC CMI Tests &gt; CMI Spec Tests &gt; CMITriesObject Tests &gt; Field: cmi.score.raw &gt; Should fail to write &apos;invalid&apos; to cmi.score.raw" time="0.000033292">
        </testcase>
        <testcase classname="test/cmi/aicc_cmi.spec.ts" name="AICC CMI Tests &gt; CMI Spec Tests &gt; CMITriesObject Tests &gt; Field: cmi.score.raw &gt; Should fail to write &apos;a100&apos; to cmi.score.raw" time="0.000034">
        </testcase>
        <testcase classname="test/cmi/aicc_cmi.spec.ts" name="AICC CMI Tests &gt; CMI Spec Tests &gt; CMITriesObject Tests &gt; Field: cmi.score.raw &gt; Should fail to write &apos;-1&apos; to cmi.score.raw" time="0.000032375">
        </testcase>
        <testcase classname="test/cmi/aicc_cmi.spec.ts" name="AICC CMI Tests &gt; CMI Spec Tests &gt; CMITriesObject Tests &gt; Field: cmi.score.raw &gt; Should fail to write &apos;101&apos; to cmi.score.raw" time="0.000032">
        </testcase>
        <testcase classname="test/cmi/aicc_cmi.spec.ts" name="AICC CMI Tests &gt; CMI Spec Tests &gt; CMITriesObject Tests &gt; Field: cmi.score.raw &gt; Should fail to write &apos;-100000&apos; to cmi.score.raw" time="0.000032792">
        </testcase>
        <testcase classname="test/cmi/aicc_cmi.spec.ts" name="AICC CMI Tests &gt; CMI Spec Tests &gt; CMITriesObject Tests &gt; Field: cmi.score.raw &gt; Should fail to write &apos;100000&apos; to cmi.score.raw" time="0.000032666">
        </testcase>
        <testcase classname="test/cmi/aicc_cmi.spec.ts" name="AICC CMI Tests &gt; CMI Spec Tests &gt; CMITriesObject Tests &gt; Field: cmi.score.min &gt; Should successfully write &apos;1&apos; to cmi.score.min" time="0.000028792">
        </testcase>
        <testcase classname="test/cmi/aicc_cmi.spec.ts" name="AICC CMI Tests &gt; CMI Spec Tests &gt; CMITriesObject Tests &gt; Field: cmi.score.min &gt; Should successfully write &apos;50.25&apos; to cmi.score.min" time="0.000029417">
        </testcase>
        <testcase classname="test/cmi/aicc_cmi.spec.ts" name="AICC CMI Tests &gt; CMI Spec Tests &gt; CMITriesObject Tests &gt; Field: cmi.score.min &gt; Should successfully write &apos;70&apos; to cmi.score.min" time="0.000029167">
        </testcase>
        <testcase classname="test/cmi/aicc_cmi.spec.ts" name="AICC CMI Tests &gt; CMI Spec Tests &gt; CMITriesObject Tests &gt; Field: cmi.score.min &gt; Should successfully write &apos;100&apos; to cmi.score.min" time="0.000039708">
        </testcase>
        <testcase classname="test/cmi/aicc_cmi.spec.ts" name="AICC CMI Tests &gt; CMI Spec Tests &gt; CMITriesObject Tests &gt; Field: cmi.score.min &gt; Should successfully write &apos;1&apos; to cmi.score.min" time="0.000028834">
        </testcase>
        <testcase classname="test/cmi/aicc_cmi.spec.ts" name="AICC CMI Tests &gt; CMI Spec Tests &gt; CMITriesObject Tests &gt; Field: cmi.score.min &gt; Should successfully write &apos;50.25&apos; to cmi.score.min" time="0.00003025">
        </testcase>
        <testcase classname="test/cmi/aicc_cmi.spec.ts" name="AICC CMI Tests &gt; CMI Spec Tests &gt; CMITriesObject Tests &gt; Field: cmi.score.min &gt; Should successfully write &apos;70&apos; to cmi.score.min" time="0.000028166">
        </testcase>
        <testcase classname="test/cmi/aicc_cmi.spec.ts" name="AICC CMI Tests &gt; CMI Spec Tests &gt; CMITriesObject Tests &gt; Field: cmi.score.min &gt; Should successfully write &apos;100&apos; to cmi.score.min" time="0.000028458">
        </testcase>
        <testcase classname="test/cmi/aicc_cmi.spec.ts" name="AICC CMI Tests &gt; CMI Spec Tests &gt; CMITriesObject Tests &gt; Field: cmi.score.min &gt; Should fail to write &apos;invalid&apos; to cmi.score.min" time="0.000031541">
        </testcase>
        <testcase classname="test/cmi/aicc_cmi.spec.ts" name="AICC CMI Tests &gt; CMI Spec Tests &gt; CMITriesObject Tests &gt; Field: cmi.score.min &gt; Should fail to write &apos;a100&apos; to cmi.score.min" time="0.000032958">
        </testcase>
        <testcase classname="test/cmi/aicc_cmi.spec.ts" name="AICC CMI Tests &gt; CMI Spec Tests &gt; CMITriesObject Tests &gt; Field: cmi.score.min &gt; Should fail to write &apos;-1&apos; to cmi.score.min" time="0.000045417">
        </testcase>
        <testcase classname="test/cmi/aicc_cmi.spec.ts" name="AICC CMI Tests &gt; CMI Spec Tests &gt; CMITriesObject Tests &gt; Field: cmi.score.min &gt; Should fail to write &apos;101&apos; to cmi.score.min" time="0.000032291">
        </testcase>
        <testcase classname="test/cmi/aicc_cmi.spec.ts" name="AICC CMI Tests &gt; CMI Spec Tests &gt; CMITriesObject Tests &gt; Field: cmi.score.min &gt; Should fail to write &apos;-100000&apos; to cmi.score.min" time="0.00003175">
        </testcase>
        <testcase classname="test/cmi/aicc_cmi.spec.ts" name="AICC CMI Tests &gt; CMI Spec Tests &gt; CMITriesObject Tests &gt; Field: cmi.score.min &gt; Should fail to write &apos;100000&apos; to cmi.score.min" time="0.000031833">
        </testcase>
        <testcase classname="test/cmi/aicc_cmi.spec.ts" name="AICC CMI Tests &gt; CMI Spec Tests &gt; CMITriesObject Tests &gt; Field: cmi.score.max &gt; Should successfully write &apos;1&apos; to cmi.score.max" time="0.000049542">
        </testcase>
        <testcase classname="test/cmi/aicc_cmi.spec.ts" name="AICC CMI Tests &gt; CMI Spec Tests &gt; CMITriesObject Tests &gt; Field: cmi.score.max &gt; Should successfully write &apos;50.25&apos; to cmi.score.max" time="0.000031208">
        </testcase>
        <testcase classname="test/cmi/aicc_cmi.spec.ts" name="AICC CMI Tests &gt; CMI Spec Tests &gt; CMITriesObject Tests &gt; Field: cmi.score.max &gt; Should successfully write &apos;70&apos; to cmi.score.max" time="0.000028959">
        </testcase>
        <testcase classname="test/cmi/aicc_cmi.spec.ts" name="AICC CMI Tests &gt; CMI Spec Tests &gt; CMITriesObject Tests &gt; Field: cmi.score.max &gt; Should successfully write &apos;100&apos; to cmi.score.max" time="0.000028125">
        </testcase>
        <testcase classname="test/cmi/aicc_cmi.spec.ts" name="AICC CMI Tests &gt; CMI Spec Tests &gt; CMITriesObject Tests &gt; Field: cmi.score.max &gt; Should successfully write &apos;1&apos; to cmi.score.max" time="0.000028459">
        </testcase>
        <testcase classname="test/cmi/aicc_cmi.spec.ts" name="AICC CMI Tests &gt; CMI Spec Tests &gt; CMITriesObject Tests &gt; Field: cmi.score.max &gt; Should successfully write &apos;50.25&apos; to cmi.score.max" time="0.000028083">
        </testcase>
        <testcase classname="test/cmi/aicc_cmi.spec.ts" name="AICC CMI Tests &gt; CMI Spec Tests &gt; CMITriesObject Tests &gt; Field: cmi.score.max &gt; Should successfully write &apos;70&apos; to cmi.score.max" time="0.000029208">
        </testcase>
        <testcase classname="test/cmi/aicc_cmi.spec.ts" name="AICC CMI Tests &gt; CMI Spec Tests &gt; CMITriesObject Tests &gt; Field: cmi.score.max &gt; Should successfully write &apos;100&apos; to cmi.score.max" time="0.0000285">
        </testcase>
        <testcase classname="test/cmi/aicc_cmi.spec.ts" name="AICC CMI Tests &gt; CMI Spec Tests &gt; CMITriesObject Tests &gt; Field: cmi.score.max &gt; Should fail to write &apos;invalid&apos; to cmi.score.max" time="0.000033667">
        </testcase>
        <testcase classname="test/cmi/aicc_cmi.spec.ts" name="AICC CMI Tests &gt; CMI Spec Tests &gt; CMITriesObject Tests &gt; Field: cmi.score.max &gt; Should fail to write &apos;a100&apos; to cmi.score.max" time="0.000032333">
        </testcase>
        <testcase classname="test/cmi/aicc_cmi.spec.ts" name="AICC CMI Tests &gt; CMI Spec Tests &gt; CMITriesObject Tests &gt; Field: cmi.score.max &gt; Should fail to write &apos;-1&apos; to cmi.score.max" time="0.000032667">
        </testcase>
        <testcase classname="test/cmi/aicc_cmi.spec.ts" name="AICC CMI Tests &gt; CMI Spec Tests &gt; CMITriesObject Tests &gt; Field: cmi.score.max &gt; Should fail to write &apos;101&apos; to cmi.score.max" time="0.000032084">
        </testcase>
        <testcase classname="test/cmi/aicc_cmi.spec.ts" name="AICC CMI Tests &gt; CMI Spec Tests &gt; CMITriesObject Tests &gt; Field: cmi.score.max &gt; Should fail to write &apos;-100000&apos; to cmi.score.max" time="0.000032542">
        </testcase>
        <testcase classname="test/cmi/aicc_cmi.spec.ts" name="AICC CMI Tests &gt; CMI Spec Tests &gt; CMITriesObject Tests &gt; Field: cmi.score.max &gt; Should fail to write &apos;100000&apos; to cmi.score.max" time="0.0000315">
        </testcase>
        <testcase classname="test/cmi/aicc_cmi.spec.ts" name="AICC CMI Tests &gt; CMI Spec Tests &gt; CMITriesObject Tests &gt; should export JSON" time="0.000037167">
        </testcase>
        <testcase classname="test/cmi/aicc_cmi.spec.ts" name="AICC CMI Tests &gt; CMI Spec Tests &gt; CMIPathsObject Tests &gt; Field: cmi.location_id &gt; Should be able to read from cmi.location_id" time="0.00002575">
        </testcase>
        <testcase classname="test/cmi/aicc_cmi.spec.ts" name="AICC CMI Tests &gt; CMI Spec Tests &gt; CMIPathsObject Tests &gt; Field: cmi.location_id &gt; Should be able to write upto 255 characters to cmi.location_id" time="0.000042083">
        </testcase>
        <testcase classname="test/cmi/aicc_cmi.spec.ts" name="AICC CMI Tests &gt; CMI Spec Tests &gt; CMIPathsObject Tests &gt; Field: cmi.location_id &gt; Should fail to write more than 255 characters to cmi.location_id" time="0.000039833">
        </testcase>
        <testcase classname="test/cmi/aicc_cmi.spec.ts" name="AICC CMI Tests &gt; CMI Spec Tests &gt; CMIPathsObject Tests &gt; Field: cmi.date &gt; Should be able to read from cmi.date" time="0.000022416">
        </testcase>
        <testcase classname="test/cmi/aicc_cmi.spec.ts" name="AICC CMI Tests &gt; CMI Spec Tests &gt; CMIPathsObject Tests &gt; Field: cmi.date &gt; Should successfully write to cmi.date" time="0.000035916">
        </testcase>
        <testcase classname="test/cmi/aicc_cmi.spec.ts" name="AICC CMI Tests &gt; CMI Spec Tests &gt; CMIPathsObject Tests &gt; Field: cmi.time &gt; Should successfully write &apos;10:06:57&apos; to cmi.time" time="0.000035042">
        </testcase>
        <testcase classname="test/cmi/aicc_cmi.spec.ts" name="AICC CMI Tests &gt; CMI Spec Tests &gt; CMIPathsObject Tests &gt; Field: cmi.time &gt; Should successfully write &apos;23:59:59&apos; to cmi.time" time="0.000028166">
        </testcase>
        <testcase classname="test/cmi/aicc_cmi.spec.ts" name="AICC CMI Tests &gt; CMI Spec Tests &gt; CMIPathsObject Tests &gt; Field: cmi.time &gt; Should successfully write &apos;00:00:00&apos; to cmi.time" time="0.000027667">
        </testcase>
        <testcase classname="test/cmi/aicc_cmi.spec.ts" name="AICC CMI Tests &gt; CMI Spec Tests &gt; CMIPathsObject Tests &gt; Field: cmi.time &gt; Should fail to write &apos;47:59:59&apos; to cmi.time" time="0.000032375">
        </testcase>
        <testcase classname="test/cmi/aicc_cmi.spec.ts" name="AICC CMI Tests &gt; CMI Spec Tests &gt; CMIPathsObject Tests &gt; Field: cmi.time &gt; Should fail to write &apos;00:00:01.56&apos; to cmi.time" time="0.000031875">
        </testcase>
        <testcase classname="test/cmi/aicc_cmi.spec.ts" name="AICC CMI Tests &gt; CMI Spec Tests &gt; CMIPathsObject Tests &gt; Field: cmi.time &gt; Should fail to write &apos;06:5:13&apos; to cmi.time" time="0.000031083">
        </testcase>
        <testcase classname="test/cmi/aicc_cmi.spec.ts" name="AICC CMI Tests &gt; CMI Spec Tests &gt; CMIPathsObject Tests &gt; Field: cmi.time &gt; Should fail to write &apos;23:59:59.123&apos; to cmi.time" time="0.000031291">
        </testcase>
        <testcase classname="test/cmi/aicc_cmi.spec.ts" name="AICC CMI Tests &gt; CMI Spec Tests &gt; CMIPathsObject Tests &gt; Field: cmi.time &gt; Should fail to write &apos;P1DT23H59M59S&apos; to cmi.time" time="0.000031458">
        </testcase>
        <testcase classname="test/cmi/aicc_cmi.spec.ts" name="AICC CMI Tests &gt; CMI Spec Tests &gt; CMIPathsObject Tests &gt; Field: cmi.status &gt; Should successfully write &apos;passed&apos; to cmi.status" time="0.000034625">
        </testcase>
        <testcase classname="test/cmi/aicc_cmi.spec.ts" name="AICC CMI Tests &gt; CMI Spec Tests &gt; CMIPathsObject Tests &gt; Field: cmi.status &gt; Should successfully write &apos;completed&apos; to cmi.status" time="0.000028625">
        </testcase>
        <testcase classname="test/cmi/aicc_cmi.spec.ts" name="AICC CMI Tests &gt; CMI Spec Tests &gt; CMIPathsObject Tests &gt; Field: cmi.status &gt; Should successfully write &apos;failed&apos; to cmi.status" time="0.000030333">
        </testcase>
        <testcase classname="test/cmi/aicc_cmi.spec.ts" name="AICC CMI Tests &gt; CMI Spec Tests &gt; CMIPathsObject Tests &gt; Field: cmi.status &gt; Should successfully write &apos;incomplete&apos; to cmi.status" time="0.000027417">
        </testcase>
        <testcase classname="test/cmi/aicc_cmi.spec.ts" name="AICC CMI Tests &gt; CMI Spec Tests &gt; CMIPathsObject Tests &gt; Field: cmi.status &gt; Should successfully write &apos;browsed&apos; to cmi.status" time="0.000027667">
        </testcase>
        <testcase classname="test/cmi/aicc_cmi.spec.ts" name="AICC CMI Tests &gt; CMI Spec Tests &gt; CMIPathsObject Tests &gt; Field: cmi.status &gt; Should fail to write &apos;Passed&apos; to cmi.status" time="0.000031292">
        </testcase>
        <testcase classname="test/cmi/aicc_cmi.spec.ts" name="AICC CMI Tests &gt; CMI Spec Tests &gt; CMIPathsObject Tests &gt; Field: cmi.status &gt; Should fail to write &apos;P&apos; to cmi.status" time="0.000031125">
        </testcase>
        <testcase classname="test/cmi/aicc_cmi.spec.ts" name="AICC CMI Tests &gt; CMI Spec Tests &gt; CMIPathsObject Tests &gt; Field: cmi.status &gt; Should fail to write &apos;F&apos; to cmi.status" time="0.000031334">
        </testcase>
        <testcase classname="test/cmi/aicc_cmi.spec.ts" name="AICC CMI Tests &gt; CMI Spec Tests &gt; CMIPathsObject Tests &gt; Field: cmi.status &gt; Should fail to write &apos;p&apos; to cmi.status" time="0.000031417">
        </testcase>
        <testcase classname="test/cmi/aicc_cmi.spec.ts" name="AICC CMI Tests &gt; CMI Spec Tests &gt; CMIPathsObject Tests &gt; Field: cmi.status &gt; Should fail to write &apos;true&apos; to cmi.status" time="0.000030833">
        </testcase>
        <testcase classname="test/cmi/aicc_cmi.spec.ts" name="AICC CMI Tests &gt; CMI Spec Tests &gt; CMIPathsObject Tests &gt; Field: cmi.status &gt; Should fail to write &apos;false&apos; to cmi.status" time="0.000031">
        </testcase>
        <testcase classname="test/cmi/aicc_cmi.spec.ts" name="AICC CMI Tests &gt; CMI Spec Tests &gt; CMIPathsObject Tests &gt; Field: cmi.status &gt; Should fail to write &apos;complete&apos; to cmi.status" time="0.000030667">
        </testcase>
        <testcase classname="test/cmi/aicc_cmi.spec.ts" name="AICC CMI Tests &gt; CMI Spec Tests &gt; CMIPathsObject Tests &gt; Field: cmi.why_left &gt; Should be able to read from cmi.why_left" time="0.000026">
        </testcase>
        <testcase classname="test/cmi/aicc_cmi.spec.ts" name="AICC CMI Tests &gt; CMI Spec Tests &gt; CMIPathsObject Tests &gt; Field: cmi.why_left &gt; Should be able to write upto 255 characters to cmi.why_left" time="0.00003925">
        </testcase>
        <testcase classname="test/cmi/aicc_cmi.spec.ts" name="AICC CMI Tests &gt; CMI Spec Tests &gt; CMIPathsObject Tests &gt; Field: cmi.why_left &gt; Should fail to write more than 255 characters to cmi.why_left" time="0.00003475">
        </testcase>
        <testcase classname="test/cmi/aicc_cmi.spec.ts" name="AICC CMI Tests &gt; CMI Spec Tests &gt; CMIPathsObject Tests &gt; Field: cmi.time_in_element &gt; Should successfully write &apos;10:06:57&apos; to cmi.time_in_element" time="0.000037917">
        </testcase>
        <testcase classname="test/cmi/aicc_cmi.spec.ts" name="AICC CMI Tests &gt; CMI Spec Tests &gt; CMIPathsObject Tests &gt; Field: cmi.time_in_element &gt; Should successfully write &apos;23:59:59&apos; to cmi.time_in_element" time="0.000028458">
        </testcase>
        <testcase classname="test/cmi/aicc_cmi.spec.ts" name="AICC CMI Tests &gt; CMI Spec Tests &gt; CMIPathsObject Tests &gt; Field: cmi.time_in_element &gt; Should successfully write &apos;00:00:00&apos; to cmi.time_in_element" time="0.000045">
        </testcase>
        <testcase classname="test/cmi/aicc_cmi.spec.ts" name="AICC CMI Tests &gt; CMI Spec Tests &gt; CMIPathsObject Tests &gt; Field: cmi.time_in_element &gt; Should fail to write &apos;47:59:59&apos; to cmi.time_in_element" time="0.000033291">
        </testcase>
        <testcase classname="test/cmi/aicc_cmi.spec.ts" name="AICC CMI Tests &gt; CMI Spec Tests &gt; CMIPathsObject Tests &gt; Field: cmi.time_in_element &gt; Should fail to write &apos;00:00:01.56&apos; to cmi.time_in_element" time="0.000031167">
        </testcase>
        <testcase classname="test/cmi/aicc_cmi.spec.ts" name="AICC CMI Tests &gt; CMI Spec Tests &gt; CMIPathsObject Tests &gt; Field: cmi.time_in_element &gt; Should fail to write &apos;06:5:13&apos; to cmi.time_in_element" time="0.000031167">
        </testcase>
        <testcase classname="test/cmi/aicc_cmi.spec.ts" name="AICC CMI Tests &gt; CMI Spec Tests &gt; CMIPathsObject Tests &gt; Field: cmi.time_in_element &gt; Should fail to write &apos;23:59:59.123&apos; to cmi.time_in_element" time="0.000033708">
        </testcase>
        <testcase classname="test/cmi/aicc_cmi.spec.ts" name="AICC CMI Tests &gt; CMI Spec Tests &gt; CMIPathsObject Tests &gt; Field: cmi.time_in_element &gt; Should fail to write &apos;P1DT23H59M59S&apos; to cmi.time_in_element" time="0.000030958">
        </testcase>
        <testcase classname="test/cmi/aicc_cmi.spec.ts" name="AICC CMI Tests &gt; CMI Spec Tests &gt; CMIPathsObject Tests &gt; should export JSON" time="0.000048084">
        </testcase>
        <testcase classname="test/cmi/aicc_cmi.spec.ts" name="AICC CMI Tests &gt; CMI Spec Tests &gt; CMIStudentDemographicsObject Tests &gt; Field: cmi.city &gt; Should be able to read from cmi.city" time="0.000021459">
        </testcase>
        <testcase classname="test/cmi/aicc_cmi.spec.ts" name="AICC CMI Tests &gt; CMI Spec Tests &gt; CMIStudentDemographicsObject Tests &gt; Field: cmi.city &gt; Should fail to write to cmi.city" time="0.000037333">
        </testcase>
        <testcase classname="test/cmi/aicc_cmi.spec.ts" name="AICC CMI Tests &gt; CMI Spec Tests &gt; CMIStudentDemographicsObject Tests &gt; Field: cmi.class &gt; Should be able to read from cmi.class" time="0.000019375">
        </testcase>
        <testcase classname="test/cmi/aicc_cmi.spec.ts" name="AICC CMI Tests &gt; CMI Spec Tests &gt; CMIStudentDemographicsObject Tests &gt; Field: cmi.class &gt; Should fail to write to cmi.class" time="0.000033833">
        </testcase>
        <testcase classname="test/cmi/aicc_cmi.spec.ts" name="AICC CMI Tests &gt; CMI Spec Tests &gt; CMIStudentDemographicsObject Tests &gt; Field: cmi.company &gt; Should be able to read from cmi.company" time="0.000020334">
        </testcase>
        <testcase classname="test/cmi/aicc_cmi.spec.ts" name="AICC CMI Tests &gt; CMI Spec Tests &gt; CMIStudentDemographicsObject Tests &gt; Field: cmi.company &gt; Should fail to write to cmi.company" time="0.000032959">
        </testcase>
        <testcase classname="test/cmi/aicc_cmi.spec.ts" name="AICC CMI Tests &gt; CMI Spec Tests &gt; CMIStudentDemographicsObject Tests &gt; Field: cmi.country &gt; Should be able to read from cmi.country" time="0.000020375">
        </testcase>
        <testcase classname="test/cmi/aicc_cmi.spec.ts" name="AICC CMI Tests &gt; CMI Spec Tests &gt; CMIStudentDemographicsObject Tests &gt; Field: cmi.country &gt; Should fail to write to cmi.country" time="0.000038584">
        </testcase>
        <testcase classname="test/cmi/aicc_cmi.spec.ts" name="AICC CMI Tests &gt; CMI Spec Tests &gt; CMIStudentDemographicsObject Tests &gt; Field: cmi.experience &gt; Should be able to read from cmi.experience" time="0.000020041">
        </testcase>
        <testcase classname="test/cmi/aicc_cmi.spec.ts" name="AICC CMI Tests &gt; CMI Spec Tests &gt; CMIStudentDemographicsObject Tests &gt; Field: cmi.experience &gt; Should fail to write to cmi.experience" time="0.00003125">
        </testcase>
        <testcase classname="test/cmi/aicc_cmi.spec.ts" name="AICC CMI Tests &gt; CMI Spec Tests &gt; CMIStudentDemographicsObject Tests &gt; Field: cmi.familiar_name &gt; Should be able to read from cmi.familiar_name" time="0.000019042">
        </testcase>
        <testcase classname="test/cmi/aicc_cmi.spec.ts" name="AICC CMI Tests &gt; CMI Spec Tests &gt; CMIStudentDemographicsObject Tests &gt; Field: cmi.familiar_name &gt; Should fail to write to cmi.familiar_name" time="0.000041792">
        </testcase>
        <testcase classname="test/cmi/aicc_cmi.spec.ts" name="AICC CMI Tests &gt; CMI Spec Tests &gt; CMIStudentDemographicsObject Tests &gt; Field: cmi.instructor_name &gt; Should be able to read from cmi.instructor_name" time="0.000019625">
        </testcase>
        <testcase classname="test/cmi/aicc_cmi.spec.ts" name="AICC CMI Tests &gt; CMI Spec Tests &gt; CMIStudentDemographicsObject Tests &gt; Field: cmi.instructor_name &gt; Should fail to write to cmi.instructor_name" time="0.000030167">
        </testcase>
        <testcase classname="test/cmi/aicc_cmi.spec.ts" name="AICC CMI Tests &gt; CMI Spec Tests &gt; CMIStudentDemographicsObject Tests &gt; Field: cmi.title &gt; Should be able to read from cmi.title" time="0.000018209">
        </testcase>
        <testcase classname="test/cmi/aicc_cmi.spec.ts" name="AICC CMI Tests &gt; CMI Spec Tests &gt; CMIStudentDemographicsObject Tests &gt; Field: cmi.title &gt; Should fail to write to cmi.title" time="0.000029667">
        </testcase>
        <testcase classname="test/cmi/aicc_cmi.spec.ts" name="AICC CMI Tests &gt; CMI Spec Tests &gt; CMIStudentDemographicsObject Tests &gt; Field: cmi.native_language &gt; Should be able to read from cmi.native_language" time="0.000018709">
        </testcase>
        <testcase classname="test/cmi/aicc_cmi.spec.ts" name="AICC CMI Tests &gt; CMI Spec Tests &gt; CMIStudentDemographicsObject Tests &gt; Field: cmi.native_language &gt; Should fail to write to cmi.native_language" time="0.00003075">
        </testcase>
        <testcase classname="test/cmi/aicc_cmi.spec.ts" name="AICC CMI Tests &gt; CMI Spec Tests &gt; CMIStudentDemographicsObject Tests &gt; Field: cmi.state &gt; Should be able to read from cmi.state" time="0.000018542">
        </testcase>
        <testcase classname="test/cmi/aicc_cmi.spec.ts" name="AICC CMI Tests &gt; CMI Spec Tests &gt; CMIStudentDemographicsObject Tests &gt; Field: cmi.state &gt; Should fail to write to cmi.state" time="0.000030417">
        </testcase>
        <testcase classname="test/cmi/aicc_cmi.spec.ts" name="AICC CMI Tests &gt; CMI Spec Tests &gt; CMIStudentDemographicsObject Tests &gt; Field: cmi.street_address &gt; Should be able to read from cmi.street_address" time="0.000018083">
        </testcase>
        <testcase classname="test/cmi/aicc_cmi.spec.ts" name="AICC CMI Tests &gt; CMI Spec Tests &gt; CMIStudentDemographicsObject Tests &gt; Field: cmi.street_address &gt; Should fail to write to cmi.street_address" time="0.000030667">
        </testcase>
        <testcase classname="test/cmi/aicc_cmi.spec.ts" name="AICC CMI Tests &gt; CMI Spec Tests &gt; CMIStudentDemographicsObject Tests &gt; Field: cmi.telephone &gt; Should be able to read from cmi.telephone" time="0.000018583">
        </testcase>
        <testcase classname="test/cmi/aicc_cmi.spec.ts" name="AICC CMI Tests &gt; CMI Spec Tests &gt; CMIStudentDemographicsObject Tests &gt; Field: cmi.telephone &gt; Should fail to write to cmi.telephone" time="0.000029292">
        </testcase>
        <testcase classname="test/cmi/aicc_cmi.spec.ts" name="AICC CMI Tests &gt; CMI Spec Tests &gt; CMIStudentDemographicsObject Tests &gt; Field: cmi.years_experience &gt; Should be able to read from cmi.years_experience" time="0.000018625">
        </testcase>
        <testcase classname="test/cmi/aicc_cmi.spec.ts" name="AICC CMI Tests &gt; CMI Spec Tests &gt; CMIStudentDemographicsObject Tests &gt; Field: cmi.years_experience &gt; Should fail to write to cmi.years_experience" time="0.00003125">
        </testcase>
        <testcase classname="test/cmi/aicc_cmi.spec.ts" name="AICC CMI Tests &gt; CMI Spec Tests &gt; CMIStudentDemographicsObject Tests &gt; Field: cmi.city &gt; Should be able to read from cmi.city" time="0.000018625">
        </testcase>
        <testcase classname="test/cmi/aicc_cmi.spec.ts" name="AICC CMI Tests &gt; CMI Spec Tests &gt; CMIStudentDemographicsObject Tests &gt; Field: cmi.city &gt; Should successfully write to cmi.city" time="0.000029583">
        </testcase>
        <testcase classname="test/cmi/aicc_cmi.spec.ts" name="AICC CMI Tests &gt; CMI Spec Tests &gt; CMIStudentDemographicsObject Tests &gt; Field: cmi.class &gt; Should be able to read from cmi.class" time="0.000019">
        </testcase>
        <testcase classname="test/cmi/aicc_cmi.spec.ts" name="AICC CMI Tests &gt; CMI Spec Tests &gt; CMIStudentDemographicsObject Tests &gt; Field: cmi.class &gt; Should successfully write to cmi.class" time="0.00002775">
        </testcase>
        <testcase classname="test/cmi/aicc_cmi.spec.ts" name="AICC CMI Tests &gt; CMI Spec Tests &gt; CMIStudentDemographicsObject Tests &gt; Field: cmi.company &gt; Should be able to read from cmi.company" time="0.000020958">
        </testcase>
        <testcase classname="test/cmi/aicc_cmi.spec.ts" name="AICC CMI Tests &gt; CMI Spec Tests &gt; CMIStudentDemographicsObject Tests &gt; Field: cmi.company &gt; Should successfully write to cmi.company" time="0.000027292">
        </testcase>
        <testcase classname="test/cmi/aicc_cmi.spec.ts" name="AICC CMI Tests &gt; CMI Spec Tests &gt; CMIStudentDemographicsObject Tests &gt; Field: cmi.country &gt; Should be able to read from cmi.country" time="0.000018375">
        </testcase>
        <testcase classname="test/cmi/aicc_cmi.spec.ts" name="AICC CMI Tests &gt; CMI Spec Tests &gt; CMIStudentDemographicsObject Tests &gt; Field: cmi.country &gt; Should successfully write to cmi.country" time="0.000027042">
        </testcase>
        <testcase classname="test/cmi/aicc_cmi.spec.ts" name="AICC CMI Tests &gt; CMI Spec Tests &gt; CMIStudentDemographicsObject Tests &gt; Field: cmi.experience &gt; Should be able to read from cmi.experience" time="0.00001825">
        </testcase>
        <testcase classname="test/cmi/aicc_cmi.spec.ts" name="AICC CMI Tests &gt; CMI Spec Tests &gt; CMIStudentDemographicsObject Tests &gt; Field: cmi.experience &gt; Should successfully write to cmi.experience" time="0.000026666">
        </testcase>
        <testcase classname="test/cmi/aicc_cmi.spec.ts" name="AICC CMI Tests &gt; CMI Spec Tests &gt; CMIStudentDemographicsObject Tests &gt; Field: cmi.familiar_name &gt; Should be able to read from cmi.familiar_name" time="0.000019042">
        </testcase>
        <testcase classname="test/cmi/aicc_cmi.spec.ts" name="AICC CMI Tests &gt; CMI Spec Tests &gt; CMIStudentDemographicsObject Tests &gt; Field: cmi.familiar_name &gt; Should successfully write to cmi.familiar_name" time="0.000026459">
        </testcase>
        <testcase classname="test/cmi/aicc_cmi.spec.ts" name="AICC CMI Tests &gt; CMI Spec Tests &gt; CMIStudentDemographicsObject Tests &gt; Field: cmi.instructor_name &gt; Should be able to read from cmi.instructor_name" time="0.000018708">
        </testcase>
        <testcase classname="test/cmi/aicc_cmi.spec.ts" name="AICC CMI Tests &gt; CMI Spec Tests &gt; CMIStudentDemographicsObject Tests &gt; Field: cmi.instructor_name &gt; Should successfully write to cmi.instructor_name" time="0.00002625">
        </testcase>
        <testcase classname="test/cmi/aicc_cmi.spec.ts" name="AICC CMI Tests &gt; CMI Spec Tests &gt; CMIStudentDemographicsObject Tests &gt; Field: cmi.title &gt; Should be able to read from cmi.title" time="0.000018958">
        </testcase>
        <testcase classname="test/cmi/aicc_cmi.spec.ts" name="AICC CMI Tests &gt; CMI Spec Tests &gt; CMIStudentDemographicsObject Tests &gt; Field: cmi.title &gt; Should successfully write to cmi.title" time="0.000026208">
        </testcase>
        <testcase classname="test/cmi/aicc_cmi.spec.ts" name="AICC CMI Tests &gt; CMI Spec Tests &gt; CMIStudentDemographicsObject Tests &gt; Field: cmi.native_language &gt; Should be able to read from cmi.native_language" time="0.00001825">
        </testcase>
        <testcase classname="test/cmi/aicc_cmi.spec.ts" name="AICC CMI Tests &gt; CMI Spec Tests &gt; CMIStudentDemographicsObject Tests &gt; Field: cmi.native_language &gt; Should successfully write to cmi.native_language" time="0.000026208">
        </testcase>
        <testcase classname="test/cmi/aicc_cmi.spec.ts" name="AICC CMI Tests &gt; CMI Spec Tests &gt; CMIStudentDemographicsObject Tests &gt; Field: cmi.state &gt; Should be able to read from cmi.state" time="0.000018083">
        </testcase>
        <testcase classname="test/cmi/aicc_cmi.spec.ts" name="AICC CMI Tests &gt; CMI Spec Tests &gt; CMIStudentDemographicsObject Tests &gt; Field: cmi.state &gt; Should successfully write to cmi.state" time="0.000033458">
        </testcase>
        <testcase classname="test/cmi/aicc_cmi.spec.ts" name="AICC CMI Tests &gt; CMI Spec Tests &gt; CMIStudentDemographicsObject Tests &gt; Field: cmi.street_address &gt; Should be able to read from cmi.street_address" time="0.000019375">
        </testcase>
        <testcase classname="test/cmi/aicc_cmi.spec.ts" name="AICC CMI Tests &gt; CMI Spec Tests &gt; CMIStudentDemographicsObject Tests &gt; Field: cmi.street_address &gt; Should successfully write to cmi.street_address" time="0.000026333">
        </testcase>
        <testcase classname="test/cmi/aicc_cmi.spec.ts" name="AICC CMI Tests &gt; CMI Spec Tests &gt; CMIStudentDemographicsObject Tests &gt; Field: cmi.telephone &gt; Should be able to read from cmi.telephone" time="0.000019042">
        </testcase>
        <testcase classname="test/cmi/aicc_cmi.spec.ts" name="AICC CMI Tests &gt; CMI Spec Tests &gt; CMIStudentDemographicsObject Tests &gt; Field: cmi.telephone &gt; Should successfully write to cmi.telephone" time="0.00002825">
        </testcase>
        <testcase classname="test/cmi/aicc_cmi.spec.ts" name="AICC CMI Tests &gt; CMI Spec Tests &gt; CMIStudentDemographicsObject Tests &gt; Field: cmi.years_experience &gt; Should be able to read from cmi.years_experience" time="0.000018042">
        </testcase>
        <testcase classname="test/cmi/aicc_cmi.spec.ts" name="AICC CMI Tests &gt; CMI Spec Tests &gt; CMIStudentDemographicsObject Tests &gt; Field: cmi.years_experience &gt; Should successfully write to cmi.years_experience" time="0.000026833">
        </testcase>
        <testcase classname="test/cmi/aicc_cmi.spec.ts" name="AICC CMI Tests &gt; CMI Spec Tests &gt; CMIEvaluationCommentsObject Tests &gt; Field: cmi.content &gt; Should be able to read from cmi.content" time="0.000020458">
        </testcase>
        <testcase classname="test/cmi/aicc_cmi.spec.ts" name="AICC CMI Tests &gt; CMI Spec Tests &gt; CMIEvaluationCommentsObject Tests &gt; Field: cmi.content &gt; Should be able to write upto 255 characters to cmi.content" time="0.000038125">
        </testcase>
        <testcase classname="test/cmi/aicc_cmi.spec.ts" name="AICC CMI Tests &gt; CMI Spec Tests &gt; CMIEvaluationCommentsObject Tests &gt; Field: cmi.content &gt; Should fail to write more than 255 characters to cmi.content" time="0.000032083">
        </testcase>
        <testcase classname="test/cmi/aicc_cmi.spec.ts" name="AICC CMI Tests &gt; CMI Spec Tests &gt; CMIEvaluationCommentsObject Tests &gt; Field: cmi.location &gt; Should be able to read from cmi.location" time="0.000019417">
        </testcase>
        <testcase classname="test/cmi/aicc_cmi.spec.ts" name="AICC CMI Tests &gt; CMI Spec Tests &gt; CMIEvaluationCommentsObject Tests &gt; Field: cmi.location &gt; Should be able to write upto 255 characters to cmi.location" time="0.00003675">
        </testcase>
        <testcase classname="test/cmi/aicc_cmi.spec.ts" name="AICC CMI Tests &gt; CMI Spec Tests &gt; CMIEvaluationCommentsObject Tests &gt; Field: cmi.location &gt; Should fail to write more than 255 characters to cmi.location" time="0.000029667">
        </testcase>
        <testcase classname="test/cmi/aicc_cmi.spec.ts" name="AICC CMI Tests &gt; CMI Spec Tests &gt; CMIEvaluationCommentsObject Tests &gt; Field: cmi.time &gt; Should be able to read from cmi.time" time="0.000018792">
        </testcase>
        <testcase classname="test/cmi/aicc_cmi.spec.ts" name="AICC CMI Tests &gt; CMI Spec Tests &gt; CMIEvaluationCommentsObject Tests &gt; Field: cmi.time &gt; Should successfully write to cmi.time" time="0.000034083">
        </testcase>
        <testcase classname="test/cmi/aicc_cmi.spec.ts" name="AICC CMI Tests &gt; CMI Spec Tests &gt; CMIEvaluationCommentsObject Tests &gt; Field: cmi.time &gt; Should successfully write &apos;10:06:57&apos; to cmi.time" time="0.000025792">
        </testcase>
        <testcase classname="test/cmi/aicc_cmi.spec.ts" name="AICC CMI Tests &gt; CMI Spec Tests &gt; CMIEvaluationCommentsObject Tests &gt; Field: cmi.time &gt; Should successfully write &apos;23:59:59&apos; to cmi.time" time="0.000025292">
        </testcase>
        <testcase classname="test/cmi/aicc_cmi.spec.ts" name="AICC CMI Tests &gt; CMI Spec Tests &gt; CMIEvaluationCommentsObject Tests &gt; Field: cmi.time &gt; Should successfully write &apos;00:00:00&apos; to cmi.time" time="0.000024583">
        </testcase>
        <testcase classname="test/cmi/aicc_cmi.spec.ts" name="AICC CMI Tests &gt; CMI Spec Tests &gt; CMIEvaluationCommentsObject Tests &gt; Field: cmi.time &gt; Should fail to write &apos;47:59:59&apos; to cmi.time" time="0.000028875">
        </testcase>
        <testcase classname="test/cmi/aicc_cmi.spec.ts" name="AICC CMI Tests &gt; CMI Spec Tests &gt; CMIEvaluationCommentsObject Tests &gt; Field: cmi.time &gt; Should fail to write &apos;00:00:01.56&apos; to cmi.time" time="0.000028625">
        </testcase>
        <testcase classname="test/cmi/aicc_cmi.spec.ts" name="AICC CMI Tests &gt; CMI Spec Tests &gt; CMIEvaluationCommentsObject Tests &gt; Field: cmi.time &gt; Should fail to write &apos;06:5:13&apos; to cmi.time" time="0.000028208">
        </testcase>
        <testcase classname="test/cmi/aicc_cmi.spec.ts" name="AICC CMI Tests &gt; CMI Spec Tests &gt; CMIEvaluationCommentsObject Tests &gt; Field: cmi.time &gt; Should fail to write &apos;23:59:59.123&apos; to cmi.time" time="0.000028584">
        </testcase>
        <testcase classname="test/cmi/aicc_cmi.spec.ts" name="AICC CMI Tests &gt; CMI Spec Tests &gt; CMIEvaluationCommentsObject Tests &gt; Field: cmi.time &gt; Should fail to write &apos;P1DT23H59M59S&apos; to cmi.time" time="0.000028125">
        </testcase>
        <testcase classname="test/cmi/aicc_cmi.spec.ts" name="AICC CMI Tests &gt; CMI Spec Tests &gt; CMIEvaluationCommentsObject Tests &gt; should export JSON" time="0.0000285">
        </testcase>
        <testcase classname="test/cmi/aicc_cmi.spec.ts" name="AICC CMI Tests &gt; CMI Spec Tests &gt; NAV Tests &gt; Field: cmi.event &gt; Should successfully write &apos;previous&apos; to cmi.event" time="0.0000535">
        </testcase>
        <testcase classname="test/cmi/aicc_cmi.spec.ts" name="AICC CMI Tests &gt; CMI Spec Tests &gt; NAV Tests &gt; Field: cmi.event &gt; Should successfully write &apos;continue&apos; to cmi.event" time="0.000042875">
        </testcase>
        <testcase classname="test/cmi/aicc_cmi.spec.ts" name="AICC CMI Tests &gt; CMI Spec Tests &gt; NAV Tests &gt; Field: cmi.event &gt; Should fail to write &apos;P&apos; to cmi.event" time="0.000033167">
        </testcase>
        <testcase classname="test/cmi/aicc_cmi.spec.ts" name="AICC CMI Tests &gt; CMI Spec Tests &gt; NAV Tests &gt; Field: cmi.event &gt; Should fail to write &apos;f&apos; to cmi.event" time="0.000031959">
        </testcase>
        <testcase classname="test/cmi/aicc_cmi.spec.ts" name="AICC CMI Tests &gt; CMI Spec Tests &gt; NAV Tests &gt; Field: cmi.event &gt; Should fail to write &apos;complete&apos; to cmi.event" time="0.000033709">
        </testcase>
        <testcase classname="test/cmi/aicc_cmi.spec.ts" name="AICC CMI Tests &gt; CMI Spec Tests &gt; NAV Tests &gt; Field: cmi.event &gt; Should fail to write &apos;started&apos; to cmi.event" time="0.000034041">
        </testcase>
        <testcase classname="test/cmi/aicc_cmi.spec.ts" name="AICC CMI Tests &gt; CMI Spec Tests &gt; NAV Tests &gt; Field: cmi.event &gt; Should fail to write &apos;in progress&apos; to cmi.event" time="0.000031417">
        </testcase>
        <testcase classname="test/cmi/aicc_cmi.spec.ts" name="AICC CMI Tests &gt; CMI Spec Tests &gt; NAV Tests &gt; should export JSON" time="0.000037">
        </testcase>
    </testsuite>
    <testsuite name="test/cmi/scorm12_cmi.spec.ts" timestamp="2025-05-05T03:40:25.014Z" hostname="jonathans-macbook-pro-2.mara-rohu.ts.net" tests="482" failures="0" errors="0" skipped="0" time="0.043784875">
        <testcase classname="test/cmi/scorm12_cmi.spec.ts" name="SCORM 1.2 CMI Tests &gt; getCurrentTotalTime() &gt; Should return 00:15:45 with a starting time of 00:00:00 and a session time of 00:15:45" time="0.000817875">
        </testcase>
        <testcase classname="test/cmi/scorm12_cmi.spec.ts" name="SCORM 1.2 CMI Tests &gt; getCurrentTotalTime() &gt; Should return 00:16:45 with a starting time of 00:01:00 and a session time of 00:15:45" time="0.000082958">
        </testcase>
        <testcase classname="test/cmi/scorm12_cmi.spec.ts" name="SCORM 1.2 CMI Tests &gt; getCurrentTotalTime() &gt; Should return 00:01:00 with a starting time of 00:01:00 and a session time of 00:00:00" time="0.000128667">
        </testcase>
        <testcase classname="test/cmi/scorm12_cmi.spec.ts" name="SCORM 1.2 CMI Tests &gt; getCurrentTotalTime() &gt; Should return 38:01:00 with a starting time of 25:01:00 and a session time of 13:00:00" time="0.000070625">
        </testcase>
        <testcase classname="test/cmi/scorm12_cmi.spec.ts" name="SCORM 1.2 CMI Tests &gt; getCurrentTotalTime() &gt; Should return 61:02:01 with a starting time of 48:01:45 and a session time of 13:00:16" time="0.00008925">
        </testcase>
        <testcase classname="test/cmi/scorm12_cmi.spec.ts" name="SCORM 1.2 CMI Tests &gt; CMI Spec Tests &gt; Pre-Initialize Tests &gt; Field: cmi._version &gt; Should be able to read from cmi._version" time="0.000050625">
        </testcase>
        <testcase classname="test/cmi/scorm12_cmi.spec.ts" name="SCORM 1.2 CMI Tests &gt; CMI Spec Tests &gt; Pre-Initialize Tests &gt; Field: cmi._version &gt; Should fail to write to cmi._version" time="0.000434084">
        </testcase>
        <testcase classname="test/cmi/scorm12_cmi.spec.ts" name="SCORM 1.2 CMI Tests &gt; CMI Spec Tests &gt; Pre-Initialize Tests &gt; Field: cmi._children &gt; Should be able to read from cmi._children" time="0.0000415">
        </testcase>
        <testcase classname="test/cmi/scorm12_cmi.spec.ts" name="SCORM 1.2 CMI Tests &gt; CMI Spec Tests &gt; Pre-Initialize Tests &gt; Field: cmi._children &gt; Should fail to write to cmi._children" time="0.000122834">
        </testcase>
        <testcase classname="test/cmi/scorm12_cmi.spec.ts" name="SCORM 1.2 CMI Tests &gt; CMI Spec Tests &gt; Pre-Initialize Tests &gt; Field: cmi.suspend_data &gt; Should be able to read from cmi.suspend_data" time="0.000060292">
        </testcase>
        <testcase classname="test/cmi/scorm12_cmi.spec.ts" name="SCORM 1.2 CMI Tests &gt; CMI Spec Tests &gt; Pre-Initialize Tests &gt; Field: cmi.suspend_data &gt; Should be able to write upto 4096 characters to cmi.suspend_data" time="0.000315375">
        </testcase>
        <testcase classname="test/cmi/scorm12_cmi.spec.ts" name="SCORM 1.2 CMI Tests &gt; CMI Spec Tests &gt; Pre-Initialize Tests &gt; Field: cmi.suspend_data &gt; Should fail to write more than 4096 characters to cmi.suspend_data" time="0.000087791">
        </testcase>
        <testcase classname="test/cmi/scorm12_cmi.spec.ts" name="SCORM 1.2 CMI Tests &gt; CMI Spec Tests &gt; Pre-Initialize Tests &gt; Field: cmi.launch_data &gt; Should be able to read from cmi.launch_data" time="0.00003925">
        </testcase>
        <testcase classname="test/cmi/scorm12_cmi.spec.ts" name="SCORM 1.2 CMI Tests &gt; CMI Spec Tests &gt; Pre-Initialize Tests &gt; Field: cmi.launch_data &gt; Should successfully write to cmi.launch_data" time="0.00019525">
        </testcase>
        <testcase classname="test/cmi/scorm12_cmi.spec.ts" name="SCORM 1.2 CMI Tests &gt; CMI Spec Tests &gt; Pre-Initialize Tests &gt; Field: cmi.comments &gt; Should be able to read from cmi.comments" time="0.00008275">
        </testcase>
        <testcase classname="test/cmi/scorm12_cmi.spec.ts" name="SCORM 1.2 CMI Tests &gt; CMI Spec Tests &gt; Pre-Initialize Tests &gt; Field: cmi.comments &gt; Should be able to write upto 4096 characters to cmi.comments" time="0.000074625">
        </testcase>
        <testcase classname="test/cmi/scorm12_cmi.spec.ts" name="SCORM 1.2 CMI Tests &gt; CMI Spec Tests &gt; Pre-Initialize Tests &gt; Field: cmi.comments &gt; Should fail to write more than 4096 characters to cmi.comments" time="0.000069416">
        </testcase>
        <testcase classname="test/cmi/scorm12_cmi.spec.ts" name="SCORM 1.2 CMI Tests &gt; CMI Spec Tests &gt; Pre-Initialize Tests &gt; Field: cmi.comments_from_lms &gt; Should be able to read from cmi.comments_from_lms" time="0.00003175">
        </testcase>
        <testcase classname="test/cmi/scorm12_cmi.spec.ts" name="SCORM 1.2 CMI Tests &gt; CMI Spec Tests &gt; Pre-Initialize Tests &gt; Field: cmi.comments_from_lms &gt; Should successfully write to cmi.comments_from_lms" time="0.00004925">
        </testcase>
        <testcase classname="test/cmi/scorm12_cmi.spec.ts" name="SCORM 1.2 CMI Tests &gt; CMI Spec Tests &gt; Pre-Initialize Tests &gt; Field: cmi.core._children &gt; Should be able to read from cmi.core._children" time="0.000068042">
        </testcase>
        <testcase classname="test/cmi/scorm12_cmi.spec.ts" name="SCORM 1.2 CMI Tests &gt; CMI Spec Tests &gt; Pre-Initialize Tests &gt; Field: cmi.core._children &gt; Should fail to write to cmi.core._children" time="0.000051875">
        </testcase>
        <testcase classname="test/cmi/scorm12_cmi.spec.ts" name="SCORM 1.2 CMI Tests &gt; CMI Spec Tests &gt; Pre-Initialize Tests &gt; Field: cmi.core.student_id &gt; Should be able to read from cmi.core.student_id" time="0.0000285">
        </testcase>
        <testcase classname="test/cmi/scorm12_cmi.spec.ts" name="SCORM 1.2 CMI Tests &gt; CMI Spec Tests &gt; Pre-Initialize Tests &gt; Field: cmi.core.student_id &gt; Should successfully write to cmi.core.student_id" time="0.000048083">
        </testcase>
        <testcase classname="test/cmi/scorm12_cmi.spec.ts" name="SCORM 1.2 CMI Tests &gt; CMI Spec Tests &gt; Pre-Initialize Tests &gt; Field: cmi.core.student_name &gt; Should be able to read from cmi.core.student_name" time="0.000027833">
        </testcase>
        <testcase classname="test/cmi/scorm12_cmi.spec.ts" name="SCORM 1.2 CMI Tests &gt; CMI Spec Tests &gt; Pre-Initialize Tests &gt; Field: cmi.core.student_name &gt; Should successfully write to cmi.core.student_name" time="0.000047625">
        </testcase>
        <testcase classname="test/cmi/scorm12_cmi.spec.ts" name="SCORM 1.2 CMI Tests &gt; CMI Spec Tests &gt; Pre-Initialize Tests &gt; Field: cmi.core.lesson_location &gt; Should be able to read from cmi.core.lesson_location" time="0.000030625">
        </testcase>
        <testcase classname="test/cmi/scorm12_cmi.spec.ts" name="SCORM 1.2 CMI Tests &gt; CMI Spec Tests &gt; Pre-Initialize Tests &gt; Field: cmi.core.lesson_location &gt; Should be able to write upto 255 characters to cmi.core.lesson_location" time="0.000061">
        </testcase>
        <testcase classname="test/cmi/scorm12_cmi.spec.ts" name="SCORM 1.2 CMI Tests &gt; CMI Spec Tests &gt; Pre-Initialize Tests &gt; Field: cmi.core.lesson_location &gt; Should fail to write more than 255 characters to cmi.core.lesson_location" time="0.000062">
        </testcase>
        <testcase classname="test/cmi/scorm12_cmi.spec.ts" name="SCORM 1.2 CMI Tests &gt; CMI Spec Tests &gt; Pre-Initialize Tests &gt; Field: cmi.core.credit &gt; Should be able to read from cmi.core.credit" time="0.00003025">
        </testcase>
        <testcase classname="test/cmi/scorm12_cmi.spec.ts" name="SCORM 1.2 CMI Tests &gt; CMI Spec Tests &gt; Pre-Initialize Tests &gt; Field: cmi.core.credit &gt; Should successfully write to cmi.core.credit" time="0.000048291">
        </testcase>
        <testcase classname="test/cmi/scorm12_cmi.spec.ts" name="SCORM 1.2 CMI Tests &gt; CMI Spec Tests &gt; Pre-Initialize Tests &gt; Field: cmi.core.lesson_status &gt; Should be able to read from cmi.core.lesson_status" time="0.00003275">
        </testcase>
        <testcase classname="test/cmi/scorm12_cmi.spec.ts" name="SCORM 1.2 CMI Tests &gt; CMI Spec Tests &gt; Pre-Initialize Tests &gt; Field: cmi.core.lesson_status &gt; Should successfully write &apos;passed&apos; to cmi.core.lesson_status" time="0.000085417">
        </testcase>
        <testcase classname="test/cmi/scorm12_cmi.spec.ts" name="SCORM 1.2 CMI Tests &gt; CMI Spec Tests &gt; Pre-Initialize Tests &gt; Field: cmi.core.lesson_status &gt; Should successfully write &apos;completed&apos; to cmi.core.lesson_status" time="0.000159917">
        </testcase>
        <testcase classname="test/cmi/scorm12_cmi.spec.ts" name="SCORM 1.2 CMI Tests &gt; CMI Spec Tests &gt; Pre-Initialize Tests &gt; Field: cmi.core.lesson_status &gt; Should successfully write &apos;failed&apos; to cmi.core.lesson_status" time="0.000051042">
        </testcase>
        <testcase classname="test/cmi/scorm12_cmi.spec.ts" name="SCORM 1.2 CMI Tests &gt; CMI Spec Tests &gt; Pre-Initialize Tests &gt; Field: cmi.core.lesson_status &gt; Should successfully write &apos;incomplete&apos; to cmi.core.lesson_status" time="0.000044417">
        </testcase>
        <testcase classname="test/cmi/scorm12_cmi.spec.ts" name="SCORM 1.2 CMI Tests &gt; CMI Spec Tests &gt; Pre-Initialize Tests &gt; Field: cmi.core.lesson_status &gt; Should successfully write &apos;browsed&apos; to cmi.core.lesson_status" time="0.000043541">
        </testcase>
        <testcase classname="test/cmi/scorm12_cmi.spec.ts" name="SCORM 1.2 CMI Tests &gt; CMI Spec Tests &gt; Pre-Initialize Tests &gt; Field: cmi.core.lesson_status &gt; Should fail to write &apos;Passed&apos; to cmi.core.lesson_status" time="0.000058292">
        </testcase>
        <testcase classname="test/cmi/scorm12_cmi.spec.ts" name="SCORM 1.2 CMI Tests &gt; CMI Spec Tests &gt; Pre-Initialize Tests &gt; Field: cmi.core.lesson_status &gt; Should fail to write &apos;P&apos; to cmi.core.lesson_status" time="0.000047834">
        </testcase>
        <testcase classname="test/cmi/scorm12_cmi.spec.ts" name="SCORM 1.2 CMI Tests &gt; CMI Spec Tests &gt; Pre-Initialize Tests &gt; Field: cmi.core.lesson_status &gt; Should fail to write &apos;F&apos; to cmi.core.lesson_status" time="0.000072959">
        </testcase>
        <testcase classname="test/cmi/scorm12_cmi.spec.ts" name="SCORM 1.2 CMI Tests &gt; CMI Spec Tests &gt; Pre-Initialize Tests &gt; Field: cmi.core.lesson_status &gt; Should fail to write &apos;p&apos; to cmi.core.lesson_status" time="0.000050833">
        </testcase>
        <testcase classname="test/cmi/scorm12_cmi.spec.ts" name="SCORM 1.2 CMI Tests &gt; CMI Spec Tests &gt; Pre-Initialize Tests &gt; Field: cmi.core.lesson_status &gt; Should fail to write &apos;true&apos; to cmi.core.lesson_status" time="0.000044875">
        </testcase>
        <testcase classname="test/cmi/scorm12_cmi.spec.ts" name="SCORM 1.2 CMI Tests &gt; CMI Spec Tests &gt; Pre-Initialize Tests &gt; Field: cmi.core.lesson_status &gt; Should fail to write &apos;false&apos; to cmi.core.lesson_status" time="0.000082458">
        </testcase>
        <testcase classname="test/cmi/scorm12_cmi.spec.ts" name="SCORM 1.2 CMI Tests &gt; CMI Spec Tests &gt; Pre-Initialize Tests &gt; Field: cmi.core.lesson_status &gt; Should fail to write &apos;complete&apos; to cmi.core.lesson_status" time="0.000048334">
        </testcase>
        <testcase classname="test/cmi/scorm12_cmi.spec.ts" name="SCORM 1.2 CMI Tests &gt; CMI Spec Tests &gt; Pre-Initialize Tests &gt; Field: cmi.core.entry &gt; Should be able to read from cmi.core.entry" time="0.000031666">
        </testcase>
        <testcase classname="test/cmi/scorm12_cmi.spec.ts" name="SCORM 1.2 CMI Tests &gt; CMI Spec Tests &gt; Pre-Initialize Tests &gt; Field: cmi.core.entry &gt; Should successfully write to cmi.core.entry" time="0.000044917">
        </testcase>
        <testcase classname="test/cmi/scorm12_cmi.spec.ts" name="SCORM 1.2 CMI Tests &gt; CMI Spec Tests &gt; Pre-Initialize Tests &gt; Field: cmi.core.total_time &gt; Should be able to read from cmi.core.total_time" time="0.000032208">
        </testcase>
        <testcase classname="test/cmi/scorm12_cmi.spec.ts" name="SCORM 1.2 CMI Tests &gt; CMI Spec Tests &gt; Pre-Initialize Tests &gt; Field: cmi.core.total_time &gt; Should successfully write to cmi.core.total_time" time="0.0000515">
        </testcase>
        <testcase classname="test/cmi/scorm12_cmi.spec.ts" name="SCORM 1.2 CMI Tests &gt; CMI Spec Tests &gt; Pre-Initialize Tests &gt; Field: cmi.core.lesson_mode &gt; Should be able to read from cmi.core.lesson_mode" time="0.00002925">
        </testcase>
        <testcase classname="test/cmi/scorm12_cmi.spec.ts" name="SCORM 1.2 CMI Tests &gt; CMI Spec Tests &gt; Pre-Initialize Tests &gt; Field: cmi.core.lesson_mode &gt; Should successfully write to cmi.core.lesson_mode" time="0.000043167">
        </testcase>
        <testcase classname="test/cmi/scorm12_cmi.spec.ts" name="SCORM 1.2 CMI Tests &gt; CMI Spec Tests &gt; Pre-Initialize Tests &gt; Field: cmi.core.exit &gt; Should successfully write to cmi.core.exit" time="0.000065917">
        </testcase>
        <testcase classname="test/cmi/scorm12_cmi.spec.ts" name="SCORM 1.2 CMI Tests &gt; CMI Spec Tests &gt; Pre-Initialize Tests &gt; Field: cmi.core.exit &gt; Should successfully write &apos;time-out&apos; to cmi.core.exit" time="0.000064875">
        </testcase>
        <testcase classname="test/cmi/scorm12_cmi.spec.ts" name="SCORM 1.2 CMI Tests &gt; CMI Spec Tests &gt; Pre-Initialize Tests &gt; Field: cmi.core.exit &gt; Should successfully write &apos;suspend&apos; to cmi.core.exit" time="0.000041459">
        </testcase>
        <testcase classname="test/cmi/scorm12_cmi.spec.ts" name="SCORM 1.2 CMI Tests &gt; CMI Spec Tests &gt; Pre-Initialize Tests &gt; Field: cmi.core.exit &gt; Should successfully write &apos;logout&apos; to cmi.core.exit" time="0.000091916">
        </testcase>
        <testcase classname="test/cmi/scorm12_cmi.spec.ts" name="SCORM 1.2 CMI Tests &gt; CMI Spec Tests &gt; Pre-Initialize Tests &gt; Field: cmi.core.exit &gt; Should successfully write &apos;&apos; to cmi.core.exit" time="0.000044333">
        </testcase>
        <testcase classname="test/cmi/scorm12_cmi.spec.ts" name="SCORM 1.2 CMI Tests &gt; CMI Spec Tests &gt; Pre-Initialize Tests &gt; Field: cmi.core.exit &gt; Should fail to write &apos;close&apos; to cmi.core.exit" time="0.000044958">
        </testcase>
        <testcase classname="test/cmi/scorm12_cmi.spec.ts" name="SCORM 1.2 CMI Tests &gt; CMI Spec Tests &gt; Pre-Initialize Tests &gt; Field: cmi.core.exit &gt; Should fail to write &apos;exit&apos; to cmi.core.exit" time="0.000042">
        </testcase>
        <testcase classname="test/cmi/scorm12_cmi.spec.ts" name="SCORM 1.2 CMI Tests &gt; CMI Spec Tests &gt; Pre-Initialize Tests &gt; Field: cmi.core.exit &gt; Should fail to write &apos;crash&apos; to cmi.core.exit" time="0.000044417">
        </testcase>
        <testcase classname="test/cmi/scorm12_cmi.spec.ts" name="SCORM 1.2 CMI Tests &gt; CMI Spec Tests &gt; Pre-Initialize Tests &gt; Field: cmi.core.session_time &gt; Should fail to read from cmi.core.session_time" time="0.000071417">
        </testcase>
        <testcase classname="test/cmi/scorm12_cmi.spec.ts" name="SCORM 1.2 CMI Tests &gt; CMI Spec Tests &gt; Pre-Initialize Tests &gt; Field: cmi.core.session_time &gt; Should successfully write to cmi.core.session_time" time="0.000048625">
        </testcase>
        <testcase classname="test/cmi/scorm12_cmi.spec.ts" name="SCORM 1.2 CMI Tests &gt; CMI Spec Tests &gt; Pre-Initialize Tests &gt; Field: cmi.core.session_time &gt; Should successfully write &apos;10:06:57&apos; to cmi.core.session_time" time="0.000043875">
        </testcase>
        <testcase classname="test/cmi/scorm12_cmi.spec.ts" name="SCORM 1.2 CMI Tests &gt; CMI Spec Tests &gt; Pre-Initialize Tests &gt; Field: cmi.core.session_time &gt; Should successfully write &apos;00:00:01.56&apos; to cmi.core.session_time" time="0.0000725">
        </testcase>
        <testcase classname="test/cmi/scorm12_cmi.spec.ts" name="SCORM 1.2 CMI Tests &gt; CMI Spec Tests &gt; Pre-Initialize Tests &gt; Field: cmi.core.session_time &gt; Should successfully write &apos;23:59:59&apos; to cmi.core.session_time" time="0.00004325">
        </testcase>
        <testcase classname="test/cmi/scorm12_cmi.spec.ts" name="SCORM 1.2 CMI Tests &gt; CMI Spec Tests &gt; Pre-Initialize Tests &gt; Field: cmi.core.session_time &gt; Should successfully write &apos;47:59:59&apos; to cmi.core.session_time" time="0.000043792">
        </testcase>
        <testcase classname="test/cmi/scorm12_cmi.spec.ts" name="SCORM 1.2 CMI Tests &gt; CMI Spec Tests &gt; Pre-Initialize Tests &gt; Field: cmi.core.session_time &gt; Should fail to write &apos;06:5:13&apos; to cmi.core.session_time" time="0.000042584">
        </testcase>
        <testcase classname="test/cmi/scorm12_cmi.spec.ts" name="SCORM 1.2 CMI Tests &gt; CMI Spec Tests &gt; Pre-Initialize Tests &gt; Field: cmi.core.session_time &gt; Should fail to write &apos;23:59:59.123&apos; to cmi.core.session_time" time="0.000042125">
        </testcase>
        <testcase classname="test/cmi/scorm12_cmi.spec.ts" name="SCORM 1.2 CMI Tests &gt; CMI Spec Tests &gt; Pre-Initialize Tests &gt; Field: cmi.core.session_time &gt; Should fail to write &apos;P1DT23H59M59S&apos; to cmi.core.session_time" time="0.000050875">
        </testcase>
        <testcase classname="test/cmi/scorm12_cmi.spec.ts" name="SCORM 1.2 CMI Tests &gt; CMI Spec Tests &gt; Pre-Initialize Tests &gt; Field: cmi.core.score._children &gt; Should be able to read from cmi.core.score._children" time="0.0000335">
        </testcase>
        <testcase classname="test/cmi/scorm12_cmi.spec.ts" name="SCORM 1.2 CMI Tests &gt; CMI Spec Tests &gt; Pre-Initialize Tests &gt; Field: cmi.core.score._children &gt; Should fail to write to cmi.core.score._children" time="0.00005875">
        </testcase>
        <testcase classname="test/cmi/scorm12_cmi.spec.ts" name="SCORM 1.2 CMI Tests &gt; CMI Spec Tests &gt; Pre-Initialize Tests &gt; Field: cmi.core.score.raw &gt; Should be able to read from cmi.core.score.raw" time="0.000030041">
        </testcase>
        <testcase classname="test/cmi/scorm12_cmi.spec.ts" name="SCORM 1.2 CMI Tests &gt; CMI Spec Tests &gt; Pre-Initialize Tests &gt; Field: cmi.core.score.raw &gt; Should successfully write &apos;1&apos; to cmi.core.score.raw" time="0.000096">
        </testcase>
        <testcase classname="test/cmi/scorm12_cmi.spec.ts" name="SCORM 1.2 CMI Tests &gt; CMI Spec Tests &gt; Pre-Initialize Tests &gt; Field: cmi.core.score.raw &gt; Should successfully write &apos;50.25&apos; to cmi.core.score.raw" time="0.000061">
        </testcase>
        <testcase classname="test/cmi/scorm12_cmi.spec.ts" name="SCORM 1.2 CMI Tests &gt; CMI Spec Tests &gt; Pre-Initialize Tests &gt; Field: cmi.core.score.raw &gt; Should successfully write &apos;70&apos; to cmi.core.score.raw" time="0.000040708">
        </testcase>
        <testcase classname="test/cmi/scorm12_cmi.spec.ts" name="SCORM 1.2 CMI Tests &gt; CMI Spec Tests &gt; Pre-Initialize Tests &gt; Field: cmi.core.score.raw &gt; Should successfully write &apos;100&apos; to cmi.core.score.raw" time="0.000037792">
        </testcase>
        <testcase classname="test/cmi/scorm12_cmi.spec.ts" name="SCORM 1.2 CMI Tests &gt; CMI Spec Tests &gt; Pre-Initialize Tests &gt; Field: cmi.core.score.raw &gt; Should successfully write &apos;1&apos; to cmi.core.score.raw" time="0.000046042">
        </testcase>
        <testcase classname="test/cmi/scorm12_cmi.spec.ts" name="SCORM 1.2 CMI Tests &gt; CMI Spec Tests &gt; Pre-Initialize Tests &gt; Field: cmi.core.score.raw &gt; Should successfully write &apos;50.25&apos; to cmi.core.score.raw" time="0.000037958">
        </testcase>
        <testcase classname="test/cmi/scorm12_cmi.spec.ts" name="SCORM 1.2 CMI Tests &gt; CMI Spec Tests &gt; Pre-Initialize Tests &gt; Field: cmi.core.score.raw &gt; Should successfully write &apos;70&apos; to cmi.core.score.raw" time="0.000037209">
        </testcase>
        <testcase classname="test/cmi/scorm12_cmi.spec.ts" name="SCORM 1.2 CMI Tests &gt; CMI Spec Tests &gt; Pre-Initialize Tests &gt; Field: cmi.core.score.raw &gt; Should successfully write &apos;100&apos; to cmi.core.score.raw" time="0.000036958">
        </testcase>
        <testcase classname="test/cmi/scorm12_cmi.spec.ts" name="SCORM 1.2 CMI Tests &gt; CMI Spec Tests &gt; Pre-Initialize Tests &gt; Field: cmi.core.score.raw &gt; Should fail to write &apos;invalid&apos; to cmi.core.score.raw" time="0.000044208">
        </testcase>
        <testcase classname="test/cmi/scorm12_cmi.spec.ts" name="SCORM 1.2 CMI Tests &gt; CMI Spec Tests &gt; Pre-Initialize Tests &gt; Field: cmi.core.score.raw &gt; Should fail to write &apos;a100&apos; to cmi.core.score.raw" time="0.000050791">
        </testcase>
        <testcase classname="test/cmi/scorm12_cmi.spec.ts" name="SCORM 1.2 CMI Tests &gt; CMI Spec Tests &gt; Pre-Initialize Tests &gt; Field: cmi.core.score.raw &gt; Should fail to write &apos;-1&apos; to cmi.core.score.raw" time="0.000041">
        </testcase>
        <testcase classname="test/cmi/scorm12_cmi.spec.ts" name="SCORM 1.2 CMI Tests &gt; CMI Spec Tests &gt; Pre-Initialize Tests &gt; Field: cmi.core.score.raw &gt; Should fail to write &apos;101&apos; to cmi.core.score.raw" time="0.000041375">
        </testcase>
        <testcase classname="test/cmi/scorm12_cmi.spec.ts" name="SCORM 1.2 CMI Tests &gt; CMI Spec Tests &gt; Pre-Initialize Tests &gt; Field: cmi.core.score.raw &gt; Should fail to write &apos;-100000&apos; to cmi.core.score.raw" time="0.000037625">
        </testcase>
        <testcase classname="test/cmi/scorm12_cmi.spec.ts" name="SCORM 1.2 CMI Tests &gt; CMI Spec Tests &gt; Pre-Initialize Tests &gt; Field: cmi.core.score.raw &gt; Should fail to write &apos;100000&apos; to cmi.core.score.raw" time="0.000037417">
        </testcase>
        <testcase classname="test/cmi/scorm12_cmi.spec.ts" name="SCORM 1.2 CMI Tests &gt; CMI Spec Tests &gt; Pre-Initialize Tests &gt; Field: cmi.core.score.min &gt; Should be able to read from cmi.core.score.min" time="0.000029125">
        </testcase>
        <testcase classname="test/cmi/scorm12_cmi.spec.ts" name="SCORM 1.2 CMI Tests &gt; CMI Spec Tests &gt; Pre-Initialize Tests &gt; Field: cmi.core.score.min &gt; Should successfully write &apos;1&apos; to cmi.core.score.min" time="0.000042667">
        </testcase>
        <testcase classname="test/cmi/scorm12_cmi.spec.ts" name="SCORM 1.2 CMI Tests &gt; CMI Spec Tests &gt; Pre-Initialize Tests &gt; Field: cmi.core.score.min &gt; Should successfully write &apos;50.25&apos; to cmi.core.score.min" time="0.000035875">
        </testcase>
        <testcase classname="test/cmi/scorm12_cmi.spec.ts" name="SCORM 1.2 CMI Tests &gt; CMI Spec Tests &gt; Pre-Initialize Tests &gt; Field: cmi.core.score.min &gt; Should successfully write &apos;70&apos; to cmi.core.score.min" time="0.000034667">
        </testcase>
        <testcase classname="test/cmi/scorm12_cmi.spec.ts" name="SCORM 1.2 CMI Tests &gt; CMI Spec Tests &gt; Pre-Initialize Tests &gt; Field: cmi.core.score.min &gt; Should successfully write &apos;100&apos; to cmi.core.score.min" time="0.000034125">
        </testcase>
        <testcase classname="test/cmi/scorm12_cmi.spec.ts" name="SCORM 1.2 CMI Tests &gt; CMI Spec Tests &gt; Pre-Initialize Tests &gt; Field: cmi.core.score.min &gt; Should successfully write &apos;1&apos; to cmi.core.score.min" time="0.000035792">
        </testcase>
        <testcase classname="test/cmi/scorm12_cmi.spec.ts" name="SCORM 1.2 CMI Tests &gt; CMI Spec Tests &gt; Pre-Initialize Tests &gt; Field: cmi.core.score.min &gt; Should successfully write &apos;50.25&apos; to cmi.core.score.min" time="0.000033542">
        </testcase>
        <testcase classname="test/cmi/scorm12_cmi.spec.ts" name="SCORM 1.2 CMI Tests &gt; CMI Spec Tests &gt; Pre-Initialize Tests &gt; Field: cmi.core.score.min &gt; Should successfully write &apos;70&apos; to cmi.core.score.min" time="0.000032958">
        </testcase>
        <testcase classname="test/cmi/scorm12_cmi.spec.ts" name="SCORM 1.2 CMI Tests &gt; CMI Spec Tests &gt; Pre-Initialize Tests &gt; Field: cmi.core.score.min &gt; Should successfully write &apos;100&apos; to cmi.core.score.min" time="0.000041417">
        </testcase>
        <testcase classname="test/cmi/scorm12_cmi.spec.ts" name="SCORM 1.2 CMI Tests &gt; CMI Spec Tests &gt; Pre-Initialize Tests &gt; Field: cmi.core.score.min &gt; Should fail to write &apos;invalid&apos; to cmi.core.score.min" time="0.000038">
        </testcase>
        <testcase classname="test/cmi/scorm12_cmi.spec.ts" name="SCORM 1.2 CMI Tests &gt; CMI Spec Tests &gt; Pre-Initialize Tests &gt; Field: cmi.core.score.min &gt; Should fail to write &apos;a100&apos; to cmi.core.score.min" time="0.000037458">
        </testcase>
        <testcase classname="test/cmi/scorm12_cmi.spec.ts" name="SCORM 1.2 CMI Tests &gt; CMI Spec Tests &gt; Pre-Initialize Tests &gt; Field: cmi.core.score.min &gt; Should fail to write &apos;-1&apos; to cmi.core.score.min" time="0.00003775">
        </testcase>
        <testcase classname="test/cmi/scorm12_cmi.spec.ts" name="SCORM 1.2 CMI Tests &gt; CMI Spec Tests &gt; Pre-Initialize Tests &gt; Field: cmi.core.score.min &gt; Should fail to write &apos;101&apos; to cmi.core.score.min" time="0.000040875">
        </testcase>
        <testcase classname="test/cmi/scorm12_cmi.spec.ts" name="SCORM 1.2 CMI Tests &gt; CMI Spec Tests &gt; Pre-Initialize Tests &gt; Field: cmi.core.score.min &gt; Should fail to write &apos;-100000&apos; to cmi.core.score.min" time="0.000037583">
        </testcase>
        <testcase classname="test/cmi/scorm12_cmi.spec.ts" name="SCORM 1.2 CMI Tests &gt; CMI Spec Tests &gt; Pre-Initialize Tests &gt; Field: cmi.core.score.min &gt; Should fail to write &apos;100000&apos; to cmi.core.score.min" time="0.000037958">
        </testcase>
        <testcase classname="test/cmi/scorm12_cmi.spec.ts" name="SCORM 1.2 CMI Tests &gt; CMI Spec Tests &gt; Pre-Initialize Tests &gt; Field: cmi.core.score.max &gt; Should be able to read from cmi.core.score.max" time="0.000032959">
        </testcase>
        <testcase classname="test/cmi/scorm12_cmi.spec.ts" name="SCORM 1.2 CMI Tests &gt; CMI Spec Tests &gt; Pre-Initialize Tests &gt; Field: cmi.core.score.max &gt; Should successfully write &apos;1&apos; to cmi.core.score.max" time="0.000043167">
        </testcase>
        <testcase classname="test/cmi/scorm12_cmi.spec.ts" name="SCORM 1.2 CMI Tests &gt; CMI Spec Tests &gt; Pre-Initialize Tests &gt; Field: cmi.core.score.max &gt; Should successfully write &apos;50.25&apos; to cmi.core.score.max" time="0.000034708">
        </testcase>
        <testcase classname="test/cmi/scorm12_cmi.spec.ts" name="SCORM 1.2 CMI Tests &gt; CMI Spec Tests &gt; Pre-Initialize Tests &gt; Field: cmi.core.score.max &gt; Should successfully write &apos;70&apos; to cmi.core.score.max" time="0.000034125">
        </testcase>
        <testcase classname="test/cmi/scorm12_cmi.spec.ts" name="SCORM 1.2 CMI Tests &gt; CMI Spec Tests &gt; Pre-Initialize Tests &gt; Field: cmi.core.score.max &gt; Should successfully write &apos;100&apos; to cmi.core.score.max" time="0.000035125">
        </testcase>
        <testcase classname="test/cmi/scorm12_cmi.spec.ts" name="SCORM 1.2 CMI Tests &gt; CMI Spec Tests &gt; Pre-Initialize Tests &gt; Field: cmi.core.score.max &gt; Should successfully write &apos;1&apos; to cmi.core.score.max" time="0.000033083">
        </testcase>
        <testcase classname="test/cmi/scorm12_cmi.spec.ts" name="SCORM 1.2 CMI Tests &gt; CMI Spec Tests &gt; Pre-Initialize Tests &gt; Field: cmi.core.score.max &gt; Should successfully write &apos;50.25&apos; to cmi.core.score.max" time="0.000033584">
        </testcase>
        <testcase classname="test/cmi/scorm12_cmi.spec.ts" name="SCORM 1.2 CMI Tests &gt; CMI Spec Tests &gt; Pre-Initialize Tests &gt; Field: cmi.core.score.max &gt; Should successfully write &apos;70&apos; to cmi.core.score.max" time="0.000033167">
        </testcase>
        <testcase classname="test/cmi/scorm12_cmi.spec.ts" name="SCORM 1.2 CMI Tests &gt; CMI Spec Tests &gt; Pre-Initialize Tests &gt; Field: cmi.core.score.max &gt; Should successfully write &apos;100&apos; to cmi.core.score.max" time="0.00003275">
        </testcase>
        <testcase classname="test/cmi/scorm12_cmi.spec.ts" name="SCORM 1.2 CMI Tests &gt; CMI Spec Tests &gt; Pre-Initialize Tests &gt; Field: cmi.core.score.max &gt; Should fail to write &apos;invalid&apos; to cmi.core.score.max" time="0.000036667">
        </testcase>
        <testcase classname="test/cmi/scorm12_cmi.spec.ts" name="SCORM 1.2 CMI Tests &gt; CMI Spec Tests &gt; Pre-Initialize Tests &gt; Field: cmi.core.score.max &gt; Should fail to write &apos;a100&apos; to cmi.core.score.max" time="0.000040167">
        </testcase>
        <testcase classname="test/cmi/scorm12_cmi.spec.ts" name="SCORM 1.2 CMI Tests &gt; CMI Spec Tests &gt; Pre-Initialize Tests &gt; Field: cmi.core.score.max &gt; Should fail to write &apos;-1&apos; to cmi.core.score.max" time="0.000038084">
        </testcase>
        <testcase classname="test/cmi/scorm12_cmi.spec.ts" name="SCORM 1.2 CMI Tests &gt; CMI Spec Tests &gt; Pre-Initialize Tests &gt; Field: cmi.core.score.max &gt; Should fail to write &apos;101&apos; to cmi.core.score.max" time="0.000045625">
        </testcase>
        <testcase classname="test/cmi/scorm12_cmi.spec.ts" name="SCORM 1.2 CMI Tests &gt; CMI Spec Tests &gt; Pre-Initialize Tests &gt; Field: cmi.core.score.max &gt; Should fail to write &apos;-100000&apos; to cmi.core.score.max" time="0.000038042">
        </testcase>
        <testcase classname="test/cmi/scorm12_cmi.spec.ts" name="SCORM 1.2 CMI Tests &gt; CMI Spec Tests &gt; Pre-Initialize Tests &gt; Field: cmi.core.score.max &gt; Should fail to write &apos;100000&apos; to cmi.core.score.max" time="0.000036458">
        </testcase>
        <testcase classname="test/cmi/scorm12_cmi.spec.ts" name="SCORM 1.2 CMI Tests &gt; CMI Spec Tests &gt; Pre-Initialize Tests &gt; Field: cmi.objectives._children &gt; Should be able to read from cmi.objectives._children" time="0.000028292">
        </testcase>
        <testcase classname="test/cmi/scorm12_cmi.spec.ts" name="SCORM 1.2 CMI Tests &gt; CMI Spec Tests &gt; Pre-Initialize Tests &gt; Field: cmi.objectives._children &gt; Should fail to write to cmi.objectives._children" time="0.000107625">
        </testcase>
        <testcase classname="test/cmi/scorm12_cmi.spec.ts" name="SCORM 1.2 CMI Tests &gt; CMI Spec Tests &gt; Pre-Initialize Tests &gt; Field: cmi.objectives._count &gt; Should be able to read from cmi.objectives._count" time="0.000031667">
        </testcase>
        <testcase classname="test/cmi/scorm12_cmi.spec.ts" name="SCORM 1.2 CMI Tests &gt; CMI Spec Tests &gt; Pre-Initialize Tests &gt; Field: cmi.objectives._count &gt; Should fail to write to cmi.objectives._count" time="0.002056">
        </testcase>
        <testcase classname="test/cmi/scorm12_cmi.spec.ts" name="SCORM 1.2 CMI Tests &gt; CMI Spec Tests &gt; Pre-Initialize Tests &gt; Field: cmi.student_data._children &gt; Should be able to read from cmi.student_data._children" time="0.000083209">
        </testcase>
        <testcase classname="test/cmi/scorm12_cmi.spec.ts" name="SCORM 1.2 CMI Tests &gt; CMI Spec Tests &gt; Pre-Initialize Tests &gt; Field: cmi.student_data._children &gt; Should fail to write to cmi.student_data._children" time="0.000148959">
        </testcase>
        <testcase classname="test/cmi/scorm12_cmi.spec.ts" name="SCORM 1.2 CMI Tests &gt; CMI Spec Tests &gt; Pre-Initialize Tests &gt; Field: cmi.student_data.mastery_score &gt; Should be able to read from cmi.student_data.mastery_score" time="0.00003675">
        </testcase>
        <testcase classname="test/cmi/scorm12_cmi.spec.ts" name="SCORM 1.2 CMI Tests &gt; CMI Spec Tests &gt; Pre-Initialize Tests &gt; Field: cmi.student_data.mastery_score &gt; Should successfully write to cmi.student_data.mastery_score" time="0.000072833">
        </testcase>
        <testcase classname="test/cmi/scorm12_cmi.spec.ts" name="SCORM 1.2 CMI Tests &gt; CMI Spec Tests &gt; Pre-Initialize Tests &gt; Field: cmi.student_data.max_time_allowed &gt; Should be able to read from cmi.student_data.max_time_allowed" time="0.000138667">
        </testcase>
        <testcase classname="test/cmi/scorm12_cmi.spec.ts" name="SCORM 1.2 CMI Tests &gt; CMI Spec Tests &gt; Pre-Initialize Tests &gt; Field: cmi.student_data.max_time_allowed &gt; Should successfully write to cmi.student_data.max_time_allowed" time="0.000082542">
        </testcase>
        <testcase classname="test/cmi/scorm12_cmi.spec.ts" name="SCORM 1.2 CMI Tests &gt; CMI Spec Tests &gt; Pre-Initialize Tests &gt; Field: cmi.student_data.time_limit_action &gt; Should be able to read from cmi.student_data.time_limit_action" time="0.000041083">
        </testcase>
        <testcase classname="test/cmi/scorm12_cmi.spec.ts" name="SCORM 1.2 CMI Tests &gt; CMI Spec Tests &gt; Pre-Initialize Tests &gt; Field: cmi.student_data.time_limit_action &gt; Should successfully write to cmi.student_data.time_limit_action" time="0.000051958">
        </testcase>
        <testcase classname="test/cmi/scorm12_cmi.spec.ts" name="SCORM 1.2 CMI Tests &gt; CMI Spec Tests &gt; Pre-Initialize Tests &gt; Field: cmi.student_preference._children &gt; Should be able to read from cmi.student_preference._children" time="0.000032792">
        </testcase>
        <testcase classname="test/cmi/scorm12_cmi.spec.ts" name="SCORM 1.2 CMI Tests &gt; CMI Spec Tests &gt; Pre-Initialize Tests &gt; Field: cmi.student_preference._children &gt; Should fail to write to cmi.student_preference._children" time="0.000088667">
        </testcase>
        <testcase classname="test/cmi/scorm12_cmi.spec.ts" name="SCORM 1.2 CMI Tests &gt; CMI Spec Tests &gt; Pre-Initialize Tests &gt; Field: cmi.student_preference.audio &gt; Should be able to read from cmi.student_preference.audio" time="0.000041291">
        </testcase>
        <testcase classname="test/cmi/scorm12_cmi.spec.ts" name="SCORM 1.2 CMI Tests &gt; CMI Spec Tests &gt; Pre-Initialize Tests &gt; Field: cmi.student_preference.audio &gt; Should successfully write &apos;1&apos; to cmi.student_preference.audio" time="0.000102792">
        </testcase>
        <testcase classname="test/cmi/scorm12_cmi.spec.ts" name="SCORM 1.2 CMI Tests &gt; CMI Spec Tests &gt; Pre-Initialize Tests &gt; Field: cmi.student_preference.audio &gt; Should successfully write &apos;50&apos; to cmi.student_preference.audio" time="0.000067709">
        </testcase>
        <testcase classname="test/cmi/scorm12_cmi.spec.ts" name="SCORM 1.2 CMI Tests &gt; CMI Spec Tests &gt; Pre-Initialize Tests &gt; Field: cmi.student_preference.audio &gt; Should successfully write &apos;100&apos; to cmi.student_preference.audio" time="0.000043583">
        </testcase>
        <testcase classname="test/cmi/scorm12_cmi.spec.ts" name="SCORM 1.2 CMI Tests &gt; CMI Spec Tests &gt; Pre-Initialize Tests &gt; Field: cmi.student_preference.audio &gt; Should successfully write &apos;-1&apos; to cmi.student_preference.audio" time="0.000044041">
        </testcase>
        <testcase classname="test/cmi/scorm12_cmi.spec.ts" name="SCORM 1.2 CMI Tests &gt; CMI Spec Tests &gt; Pre-Initialize Tests &gt; Field: cmi.student_preference.audio &gt; Should fail to write &apos;invalid&apos; to cmi.student_preference.audio" time="0.000044875">
        </testcase>
        <testcase classname="test/cmi/scorm12_cmi.spec.ts" name="SCORM 1.2 CMI Tests &gt; CMI Spec Tests &gt; Pre-Initialize Tests &gt; Field: cmi.student_preference.audio &gt; Should fail to write &apos;a100&apos; to cmi.student_preference.audio" time="0.000046084">
        </testcase>
        <testcase classname="test/cmi/scorm12_cmi.spec.ts" name="SCORM 1.2 CMI Tests &gt; CMI Spec Tests &gt; Pre-Initialize Tests &gt; Field: cmi.student_preference.audio &gt; Should fail to write &apos;-2&apos; to cmi.student_preference.audio" time="0.000040875">
        </testcase>
        <testcase classname="test/cmi/scorm12_cmi.spec.ts" name="SCORM 1.2 CMI Tests &gt; CMI Spec Tests &gt; Pre-Initialize Tests &gt; Field: cmi.student_preference.language &gt; Should be able to read from cmi.student_preference.language" time="0.00003">
        </testcase>
        <testcase classname="test/cmi/scorm12_cmi.spec.ts" name="SCORM 1.2 CMI Tests &gt; CMI Spec Tests &gt; Pre-Initialize Tests &gt; Field: cmi.student_preference.language &gt; Should be able to write upto 255 characters to cmi.student_preference.language" time="0.000057209">
        </testcase>
        <testcase classname="test/cmi/scorm12_cmi.spec.ts" name="SCORM 1.2 CMI Tests &gt; CMI Spec Tests &gt; Pre-Initialize Tests &gt; Field: cmi.student_preference.language &gt; Should fail to write more than 255 characters to cmi.student_preference.language" time="0.000051708">
        </testcase>
        <testcase classname="test/cmi/scorm12_cmi.spec.ts" name="SCORM 1.2 CMI Tests &gt; CMI Spec Tests &gt; Pre-Initialize Tests &gt; Field: cmi.student_preference.speed &gt; Should be able to read from cmi.student_preference.speed" time="0.000028542">
        </testcase>
        <testcase classname="test/cmi/scorm12_cmi.spec.ts" name="SCORM 1.2 CMI Tests &gt; CMI Spec Tests &gt; Pre-Initialize Tests &gt; Field: cmi.student_preference.speed &gt; Should successfully write &apos;1&apos; to cmi.student_preference.speed" time="0.000052417">
        </testcase>
        <testcase classname="test/cmi/scorm12_cmi.spec.ts" name="SCORM 1.2 CMI Tests &gt; CMI Spec Tests &gt; Pre-Initialize Tests &gt; Field: cmi.student_preference.speed &gt; Should successfully write &apos;50&apos; to cmi.student_preference.speed" time="0.000037">
        </testcase>
        <testcase classname="test/cmi/scorm12_cmi.spec.ts" name="SCORM 1.2 CMI Tests &gt; CMI Spec Tests &gt; Pre-Initialize Tests &gt; Field: cmi.student_preference.speed &gt; Should successfully write &apos;100&apos; to cmi.student_preference.speed" time="0.000034208">
        </testcase>
        <testcase classname="test/cmi/scorm12_cmi.spec.ts" name="SCORM 1.2 CMI Tests &gt; CMI Spec Tests &gt; Pre-Initialize Tests &gt; Field: cmi.student_preference.speed &gt; Should successfully write &apos;-1&apos; to cmi.student_preference.speed" time="0.0000345">
        </testcase>
        <testcase classname="test/cmi/scorm12_cmi.spec.ts" name="SCORM 1.2 CMI Tests &gt; CMI Spec Tests &gt; Pre-Initialize Tests &gt; Field: cmi.student_preference.speed &gt; Should successfully write &apos;-50&apos; to cmi.student_preference.speed" time="0.000035208">
        </testcase>
        <testcase classname="test/cmi/scorm12_cmi.spec.ts" name="SCORM 1.2 CMI Tests &gt; CMI Spec Tests &gt; Pre-Initialize Tests &gt; Field: cmi.student_preference.speed &gt; Should successfully write &apos;-100&apos; to cmi.student_preference.speed" time="0.000033167">
        </testcase>
        <testcase classname="test/cmi/scorm12_cmi.spec.ts" name="SCORM 1.2 CMI Tests &gt; CMI Spec Tests &gt; Pre-Initialize Tests &gt; Field: cmi.student_preference.speed &gt; Should fail to write &apos;invalid&apos; to cmi.student_preference.speed" time="0.000039">
        </testcase>
        <testcase classname="test/cmi/scorm12_cmi.spec.ts" name="SCORM 1.2 CMI Tests &gt; CMI Spec Tests &gt; Pre-Initialize Tests &gt; Field: cmi.student_preference.speed &gt; Should fail to write &apos;a100&apos; to cmi.student_preference.speed" time="0.000035959">
        </testcase>
        <testcase classname="test/cmi/scorm12_cmi.spec.ts" name="SCORM 1.2 CMI Tests &gt; CMI Spec Tests &gt; Pre-Initialize Tests &gt; Field: cmi.student_preference.speed &gt; Should fail to write &apos;-101&apos; to cmi.student_preference.speed" time="0.000036708">
        </testcase>
        <testcase classname="test/cmi/scorm12_cmi.spec.ts" name="SCORM 1.2 CMI Tests &gt; CMI Spec Tests &gt; Pre-Initialize Tests &gt; Field: cmi.student_preference.speed &gt; Should fail to write &apos;101&apos; to cmi.student_preference.speed" time="0.000036958">
        </testcase>
        <testcase classname="test/cmi/scorm12_cmi.spec.ts" name="SCORM 1.2 CMI Tests &gt; CMI Spec Tests &gt; Pre-Initialize Tests &gt; Field: cmi.student_preference.speed &gt; Should fail to write &apos;-100000&apos; to cmi.student_preference.speed" time="0.000036125">
        </testcase>
        <testcase classname="test/cmi/scorm12_cmi.spec.ts" name="SCORM 1.2 CMI Tests &gt; CMI Spec Tests &gt; Pre-Initialize Tests &gt; Field: cmi.student_preference.speed &gt; Should fail to write &apos;100000&apos; to cmi.student_preference.speed" time="0.000035959">
        </testcase>
        <testcase classname="test/cmi/scorm12_cmi.spec.ts" name="SCORM 1.2 CMI Tests &gt; CMI Spec Tests &gt; Pre-Initialize Tests &gt; Field: cmi.student_preference.text &gt; Should be able to read from cmi.student_preference.text" time="0.000026542">
        </testcase>
        <testcase classname="test/cmi/scorm12_cmi.spec.ts" name="SCORM 1.2 CMI Tests &gt; CMI Spec Tests &gt; Pre-Initialize Tests &gt; Field: cmi.student_preference.text &gt; Should successfully write &apos;1&apos; to cmi.student_preference.text" time="0.000047625">
        </testcase>
        <testcase classname="test/cmi/scorm12_cmi.spec.ts" name="SCORM 1.2 CMI Tests &gt; CMI Spec Tests &gt; Pre-Initialize Tests &gt; Field: cmi.student_preference.text &gt; Should successfully write &apos;0&apos; to cmi.student_preference.text" time="0.000040084">
        </testcase>
        <testcase classname="test/cmi/scorm12_cmi.spec.ts" name="SCORM 1.2 CMI Tests &gt; CMI Spec Tests &gt; Pre-Initialize Tests &gt; Field: cmi.student_preference.text &gt; Should successfully write &apos;-1&apos; to cmi.student_preference.text" time="0.000033834">
        </testcase>
        <testcase classname="test/cmi/scorm12_cmi.spec.ts" name="SCORM 1.2 CMI Tests &gt; CMI Spec Tests &gt; Pre-Initialize Tests &gt; Field: cmi.student_preference.text &gt; Should fail to write &apos;-101&apos; to cmi.student_preference.text" time="0.000036583">
        </testcase>
        <testcase classname="test/cmi/scorm12_cmi.spec.ts" name="SCORM 1.2 CMI Tests &gt; CMI Spec Tests &gt; Pre-Initialize Tests &gt; Field: cmi.student_preference.text &gt; Should fail to write &apos;-0.5&apos; to cmi.student_preference.text" time="0.000035709">
        </testcase>
        <testcase classname="test/cmi/scorm12_cmi.spec.ts" name="SCORM 1.2 CMI Tests &gt; CMI Spec Tests &gt; Pre-Initialize Tests &gt; Field: cmi.student_preference.text &gt; Should fail to write &apos;0.5&apos; to cmi.student_preference.text" time="0.000049625">
        </testcase>
        <testcase classname="test/cmi/scorm12_cmi.spec.ts" name="SCORM 1.2 CMI Tests &gt; CMI Spec Tests &gt; Pre-Initialize Tests &gt; Field: cmi.student_preference.text &gt; Should fail to write &apos;25.1&apos; to cmi.student_preference.text" time="0.000038917">
        </testcase>
        <testcase classname="test/cmi/scorm12_cmi.spec.ts" name="SCORM 1.2 CMI Tests &gt; CMI Spec Tests &gt; Pre-Initialize Tests &gt; Field: cmi.student_preference.text &gt; Should fail to write &apos;50.5&apos; to cmi.student_preference.text" time="0.000035417">
        </testcase>
        <testcase classname="test/cmi/scorm12_cmi.spec.ts" name="SCORM 1.2 CMI Tests &gt; CMI Spec Tests &gt; Pre-Initialize Tests &gt; Field: cmi.student_preference.text &gt; Should fail to write &apos;75&apos; to cmi.student_preference.text" time="0.000038083">
        </testcase>
        <testcase classname="test/cmi/scorm12_cmi.spec.ts" name="SCORM 1.2 CMI Tests &gt; CMI Spec Tests &gt; Pre-Initialize Tests &gt; Field: cmi.student_preference.text &gt; Should fail to write &apos;100&apos; to cmi.student_preference.text" time="0.000035625">
        </testcase>
        <testcase classname="test/cmi/scorm12_cmi.spec.ts" name="SCORM 1.2 CMI Tests &gt; CMI Spec Tests &gt; Pre-Initialize Tests &gt; Field: cmi.interactions._children &gt; Should be able to read from cmi.interactions._children" time="0.000026916">
        </testcase>
        <testcase classname="test/cmi/scorm12_cmi.spec.ts" name="SCORM 1.2 CMI Tests &gt; CMI Spec Tests &gt; Pre-Initialize Tests &gt; Field: cmi.interactions._children &gt; Should fail to write to cmi.interactions._children" time="0.000080625">
        </testcase>
        <testcase classname="test/cmi/scorm12_cmi.spec.ts" name="SCORM 1.2 CMI Tests &gt; CMI Spec Tests &gt; Pre-Initialize Tests &gt; Field: cmi.interactions._count &gt; Should be able to read from cmi.interactions._count" time="0.000025791">
        </testcase>
        <testcase classname="test/cmi/scorm12_cmi.spec.ts" name="SCORM 1.2 CMI Tests &gt; CMI Spec Tests &gt; Pre-Initialize Tests &gt; Field: cmi.interactions._count &gt; Should fail to write to cmi.interactions._count" time="0.000036375">
        </testcase>
        <testcase classname="test/cmi/scorm12_cmi.spec.ts" name="SCORM 1.2 CMI Tests &gt; CMI Spec Tests &gt; Post-Initialize Tests &gt; Field: cmi._version &gt; Should be able to read from cmi._version" time="0.000030583">
        </testcase>
        <testcase classname="test/cmi/scorm12_cmi.spec.ts" name="SCORM 1.2 CMI Tests &gt; CMI Spec Tests &gt; Post-Initialize Tests &gt; Field: cmi._version &gt; Should fail to write to cmi._version" time="0.000038625">
        </testcase>
        <testcase classname="test/cmi/scorm12_cmi.spec.ts" name="SCORM 1.2 CMI Tests &gt; CMI Spec Tests &gt; Post-Initialize Tests &gt; Field: cmi._children &gt; Should be able to read from cmi._children" time="0.0000225">
        </testcase>
        <testcase classname="test/cmi/scorm12_cmi.spec.ts" name="SCORM 1.2 CMI Tests &gt; CMI Spec Tests &gt; Post-Initialize Tests &gt; Field: cmi._children &gt; Should fail to write to cmi._children" time="0.000032375">
        </testcase>
        <testcase classname="test/cmi/scorm12_cmi.spec.ts" name="SCORM 1.2 CMI Tests &gt; CMI Spec Tests &gt; Post-Initialize Tests &gt; Field: cmi.suspend_data &gt; Should be able to read from cmi.suspend_data" time="0.000025833">
        </testcase>
        <testcase classname="test/cmi/scorm12_cmi.spec.ts" name="SCORM 1.2 CMI Tests &gt; CMI Spec Tests &gt; Post-Initialize Tests &gt; Field: cmi.suspend_data &gt; Should be able to write upto 4096 characters to cmi.suspend_data" time="0.00004575">
        </testcase>
        <testcase classname="test/cmi/scorm12_cmi.spec.ts" name="SCORM 1.2 CMI Tests &gt; CMI Spec Tests &gt; Post-Initialize Tests &gt; Field: cmi.suspend_data &gt; Should fail to write more than 4096 characters to cmi.suspend_data" time="0.000127084">
        </testcase>
        <testcase classname="test/cmi/scorm12_cmi.spec.ts" name="SCORM 1.2 CMI Tests &gt; CMI Spec Tests &gt; Post-Initialize Tests &gt; Field: cmi.suspend_data &gt; Should successfully write to cmi.suspend_data" time="0.000036666">
        </testcase>
        <testcase classname="test/cmi/scorm12_cmi.spec.ts" name="SCORM 1.2 CMI Tests &gt; CMI Spec Tests &gt; Post-Initialize Tests &gt; Field: cmi.core.suspend_data &gt; Should be able to read from cmi.core.suspend_data" time="0.00002875">
        </testcase>
        <testcase classname="test/cmi/scorm12_cmi.spec.ts" name="SCORM 1.2 CMI Tests &gt; CMI Spec Tests &gt; Post-Initialize Tests &gt; Field: cmi.core.suspend_data &gt; Should be able to write upto 4096 characters to cmi.core.suspend_data" time="0.000040791">
        </testcase>
        <testcase classname="test/cmi/scorm12_cmi.spec.ts" name="SCORM 1.2 CMI Tests &gt; CMI Spec Tests &gt; Post-Initialize Tests &gt; Field: cmi.core.suspend_data &gt; Should fail to write more than 4096 characters to cmi.core.suspend_data" time="0.000083458">
        </testcase>
        <testcase classname="test/cmi/scorm12_cmi.spec.ts" name="SCORM 1.2 CMI Tests &gt; CMI Spec Tests &gt; Post-Initialize Tests &gt; Field: cmi.core.suspend_data &gt; Should successfully write to cmi.core.suspend_data" time="0.000033">
        </testcase>
        <testcase classname="test/cmi/scorm12_cmi.spec.ts" name="SCORM 1.2 CMI Tests &gt; CMI Spec Tests &gt; Post-Initialize Tests &gt; Field: cmi.launch_data &gt; Should be able to read from cmi.launch_data" time="0.000024208">
        </testcase>
        <testcase classname="test/cmi/scorm12_cmi.spec.ts" name="SCORM 1.2 CMI Tests &gt; CMI Spec Tests &gt; Post-Initialize Tests &gt; Field: cmi.launch_data &gt; Should fail to write to cmi.launch_data" time="0.000036584">
        </testcase>
        <testcase classname="test/cmi/scorm12_cmi.spec.ts" name="SCORM 1.2 CMI Tests &gt; CMI Spec Tests &gt; Post-Initialize Tests &gt; Field: cmi.comments &gt; Should be able to read from cmi.comments" time="0.000022875">
        </testcase>
        <testcase classname="test/cmi/scorm12_cmi.spec.ts" name="SCORM 1.2 CMI Tests &gt; CMI Spec Tests &gt; Post-Initialize Tests &gt; Field: cmi.comments &gt; Should be able to write upto 4096 characters to cmi.comments" time="0.000042167">
        </testcase>
        <testcase classname="test/cmi/scorm12_cmi.spec.ts" name="SCORM 1.2 CMI Tests &gt; CMI Spec Tests &gt; Post-Initialize Tests &gt; Field: cmi.comments &gt; Should fail to write more than 4096 characters to cmi.comments" time="0.000048917">
        </testcase>
        <testcase classname="test/cmi/scorm12_cmi.spec.ts" name="SCORM 1.2 CMI Tests &gt; CMI Spec Tests &gt; Post-Initialize Tests &gt; Field: cmi.comments_from_lms &gt; Should be able to read from cmi.comments_from_lms" time="0.000022458">
        </testcase>
        <testcase classname="test/cmi/scorm12_cmi.spec.ts" name="SCORM 1.2 CMI Tests &gt; CMI Spec Tests &gt; Post-Initialize Tests &gt; Field: cmi.comments_from_lms &gt; Should fail to write to cmi.comments_from_lms" time="0.000033333">
        </testcase>
        <testcase classname="test/cmi/scorm12_cmi.spec.ts" name="SCORM 1.2 CMI Tests &gt; CMI Spec Tests &gt; Post-Initialize Tests &gt; Field: cmi.core._children &gt; Should be able to read from cmi.core._children" time="0.000022792">
        </testcase>
        <testcase classname="test/cmi/scorm12_cmi.spec.ts" name="SCORM 1.2 CMI Tests &gt; CMI Spec Tests &gt; Post-Initialize Tests &gt; Field: cmi.core._children &gt; Should fail to write to cmi.core._children" time="0.0000295">
        </testcase>
        <testcase classname="test/cmi/scorm12_cmi.spec.ts" name="SCORM 1.2 CMI Tests &gt; CMI Spec Tests &gt; Post-Initialize Tests &gt; Field: cmi.core.student_id &gt; Should be able to read from cmi.core.student_id" time="0.000021625">
        </testcase>
        <testcase classname="test/cmi/scorm12_cmi.spec.ts" name="SCORM 1.2 CMI Tests &gt; CMI Spec Tests &gt; Post-Initialize Tests &gt; Field: cmi.core.student_id &gt; Should fail to write to cmi.core.student_id" time="0.000029292">
        </testcase>
        <testcase classname="test/cmi/scorm12_cmi.spec.ts" name="SCORM 1.2 CMI Tests &gt; CMI Spec Tests &gt; Post-Initialize Tests &gt; Field: cmi.core.student_name &gt; Should be able to read from cmi.core.student_name" time="0.000074875">
        </testcase>
        <testcase classname="test/cmi/scorm12_cmi.spec.ts" name="SCORM 1.2 CMI Tests &gt; CMI Spec Tests &gt; Post-Initialize Tests &gt; Field: cmi.core.student_name &gt; Should fail to write to cmi.core.student_name" time="0.000030042">
        </testcase>
        <testcase classname="test/cmi/scorm12_cmi.spec.ts" name="SCORM 1.2 CMI Tests &gt; CMI Spec Tests &gt; Post-Initialize Tests &gt; Field: cmi.core.lesson_location &gt; Should be able to read from cmi.core.lesson_location" time="0.000021625">
        </testcase>
        <testcase classname="test/cmi/scorm12_cmi.spec.ts" name="SCORM 1.2 CMI Tests &gt; CMI Spec Tests &gt; Post-Initialize Tests &gt; Field: cmi.core.lesson_location &gt; Should be able to write upto 255 characters to cmi.core.lesson_location" time="0.000035792">
        </testcase>
        <testcase classname="test/cmi/scorm12_cmi.spec.ts" name="SCORM 1.2 CMI Tests &gt; CMI Spec Tests &gt; Post-Initialize Tests &gt; Field: cmi.core.lesson_location &gt; Should fail to write more than 255 characters to cmi.core.lesson_location" time="0.000035167">
        </testcase>
        <testcase classname="test/cmi/scorm12_cmi.spec.ts" name="SCORM 1.2 CMI Tests &gt; CMI Spec Tests &gt; Post-Initialize Tests &gt; Field: cmi.core.credit &gt; Should be able to read from cmi.core.credit" time="0.000058">
        </testcase>
        <testcase classname="test/cmi/scorm12_cmi.spec.ts" name="SCORM 1.2 CMI Tests &gt; CMI Spec Tests &gt; Post-Initialize Tests &gt; Field: cmi.core.credit &gt; Should fail to write to cmi.core.credit" time="0.000030417">
        </testcase>
        <testcase classname="test/cmi/scorm12_cmi.spec.ts" name="SCORM 1.2 CMI Tests &gt; CMI Spec Tests &gt; Post-Initialize Tests &gt; Field: cmi.core.lesson_status &gt; Should be able to read from cmi.core.lesson_status" time="0.00002175">
        </testcase>
        <testcase classname="test/cmi/scorm12_cmi.spec.ts" name="SCORM 1.2 CMI Tests &gt; CMI Spec Tests &gt; Post-Initialize Tests &gt; Field: cmi.core.lesson_status &gt; Should successfully write to cmi.core.lesson_status" time="0.000036666">
        </testcase>
        <testcase classname="test/cmi/scorm12_cmi.spec.ts" name="SCORM 1.2 CMI Tests &gt; CMI Spec Tests &gt; Post-Initialize Tests &gt; Field: cmi.core.lesson_status &gt; Should successfully write &apos;passed&apos; to cmi.core.lesson_status" time="0.000068709">
        </testcase>
        <testcase classname="test/cmi/scorm12_cmi.spec.ts" name="SCORM 1.2 CMI Tests &gt; CMI Spec Tests &gt; Post-Initialize Tests &gt; Field: cmi.core.lesson_status &gt; Should successfully write &apos;completed&apos; to cmi.core.lesson_status" time="0.000035208">
        </testcase>
        <testcase classname="test/cmi/scorm12_cmi.spec.ts" name="SCORM 1.2 CMI Tests &gt; CMI Spec Tests &gt; Post-Initialize Tests &gt; Field: cmi.core.lesson_status &gt; Should successfully write &apos;failed&apos; to cmi.core.lesson_status" time="0.000032709">
        </testcase>
        <testcase classname="test/cmi/scorm12_cmi.spec.ts" name="SCORM 1.2 CMI Tests &gt; CMI Spec Tests &gt; Post-Initialize Tests &gt; Field: cmi.core.lesson_status &gt; Should successfully write &apos;incomplete&apos; to cmi.core.lesson_status" time="0.000032125">
        </testcase>
        <testcase classname="test/cmi/scorm12_cmi.spec.ts" name="SCORM 1.2 CMI Tests &gt; CMI Spec Tests &gt; Post-Initialize Tests &gt; Field: cmi.core.lesson_status &gt; Should successfully write &apos;browsed&apos; to cmi.core.lesson_status" time="0.000031917">
        </testcase>
        <testcase classname="test/cmi/scorm12_cmi.spec.ts" name="SCORM 1.2 CMI Tests &gt; CMI Spec Tests &gt; Post-Initialize Tests &gt; Field: cmi.core.lesson_status &gt; Should successfully write &apos;not attempted&apos; to cmi.core.lesson_status" time="0.000030667">
        </testcase>
        <testcase classname="test/cmi/scorm12_cmi.spec.ts" name="SCORM 1.2 CMI Tests &gt; CMI Spec Tests &gt; Post-Initialize Tests &gt; Field: cmi.core.lesson_status &gt; Should fail to write &apos;Passed&apos; to cmi.core.lesson_status" time="0.000039">
        </testcase>
        <testcase classname="test/cmi/scorm12_cmi.spec.ts" name="SCORM 1.2 CMI Tests &gt; CMI Spec Tests &gt; Post-Initialize Tests &gt; Field: cmi.core.lesson_status &gt; Should fail to write &apos;P&apos; to cmi.core.lesson_status" time="0.000035834">
        </testcase>
        <testcase classname="test/cmi/scorm12_cmi.spec.ts" name="SCORM 1.2 CMI Tests &gt; CMI Spec Tests &gt; Post-Initialize Tests &gt; Field: cmi.core.lesson_status &gt; Should fail to write &apos;F&apos; to cmi.core.lesson_status" time="0.000035041">
        </testcase>
        <testcase classname="test/cmi/scorm12_cmi.spec.ts" name="SCORM 1.2 CMI Tests &gt; CMI Spec Tests &gt; Post-Initialize Tests &gt; Field: cmi.core.lesson_status &gt; Should fail to write &apos;p&apos; to cmi.core.lesson_status" time="0.000035167">
        </testcase>
        <testcase classname="test/cmi/scorm12_cmi.spec.ts" name="SCORM 1.2 CMI Tests &gt; CMI Spec Tests &gt; Post-Initialize Tests &gt; Field: cmi.core.lesson_status &gt; Should fail to write &apos;true&apos; to cmi.core.lesson_status" time="0.000034833">
        </testcase>
        <testcase classname="test/cmi/scorm12_cmi.spec.ts" name="SCORM 1.2 CMI Tests &gt; CMI Spec Tests &gt; Post-Initialize Tests &gt; Field: cmi.core.lesson_status &gt; Should fail to write &apos;false&apos; to cmi.core.lesson_status" time="0.000035167">
        </testcase>
        <testcase classname="test/cmi/scorm12_cmi.spec.ts" name="SCORM 1.2 CMI Tests &gt; CMI Spec Tests &gt; Post-Initialize Tests &gt; Field: cmi.core.lesson_status &gt; Should fail to write &apos;complete&apos; to cmi.core.lesson_status" time="0.000037083">
        </testcase>
        <testcase classname="test/cmi/scorm12_cmi.spec.ts" name="SCORM 1.2 CMI Tests &gt; CMI Spec Tests &gt; Post-Initialize Tests &gt; Field: cmi.core.lesson_status &gt; Should successfully write &apos;passed&apos; to cmi.core.lesson_status" time="0.000049542">
        </testcase>
        <testcase classname="test/cmi/scorm12_cmi.spec.ts" name="SCORM 1.2 CMI Tests &gt; CMI Spec Tests &gt; Post-Initialize Tests &gt; Field: cmi.core.lesson_status &gt; Should successfully write &apos;completed&apos; to cmi.core.lesson_status" time="0.00004775">
        </testcase>
        <testcase classname="test/cmi/scorm12_cmi.spec.ts" name="SCORM 1.2 CMI Tests &gt; CMI Spec Tests &gt; Post-Initialize Tests &gt; Field: cmi.core.lesson_status &gt; Should successfully write &apos;failed&apos; to cmi.core.lesson_status" time="0.0000295">
        </testcase>
        <testcase classname="test/cmi/scorm12_cmi.spec.ts" name="SCORM 1.2 CMI Tests &gt; CMI Spec Tests &gt; Post-Initialize Tests &gt; Field: cmi.core.lesson_status &gt; Should successfully write &apos;incomplete&apos; to cmi.core.lesson_status" time="0.000028208">
        </testcase>
        <testcase classname="test/cmi/scorm12_cmi.spec.ts" name="SCORM 1.2 CMI Tests &gt; CMI Spec Tests &gt; Post-Initialize Tests &gt; Field: cmi.core.lesson_status &gt; Should successfully write &apos;browsed&apos; to cmi.core.lesson_status" time="0.000027875">
        </testcase>
        <testcase classname="test/cmi/scorm12_cmi.spec.ts" name="SCORM 1.2 CMI Tests &gt; CMI Spec Tests &gt; Post-Initialize Tests &gt; Field: cmi.core.lesson_status &gt; Should fail to write &apos;Passed&apos; to cmi.core.lesson_status" time="0.000031917">
        </testcase>
        <testcase classname="test/cmi/scorm12_cmi.spec.ts" name="SCORM 1.2 CMI Tests &gt; CMI Spec Tests &gt; Post-Initialize Tests &gt; Field: cmi.core.lesson_status &gt; Should fail to write &apos;P&apos; to cmi.core.lesson_status" time="0.000030458">
        </testcase>
        <testcase classname="test/cmi/scorm12_cmi.spec.ts" name="SCORM 1.2 CMI Tests &gt; CMI Spec Tests &gt; Post-Initialize Tests &gt; Field: cmi.core.lesson_status &gt; Should fail to write &apos;F&apos; to cmi.core.lesson_status" time="0.000032875">
        </testcase>
        <testcase classname="test/cmi/scorm12_cmi.spec.ts" name="SCORM 1.2 CMI Tests &gt; CMI Spec Tests &gt; Post-Initialize Tests &gt; Field: cmi.core.lesson_status &gt; Should fail to write &apos;p&apos; to cmi.core.lesson_status" time="0.000031042">
        </testcase>
        <testcase classname="test/cmi/scorm12_cmi.spec.ts" name="SCORM 1.2 CMI Tests &gt; CMI Spec Tests &gt; Post-Initialize Tests &gt; Field: cmi.core.lesson_status &gt; Should fail to write &apos;true&apos; to cmi.core.lesson_status" time="0.000030958">
        </testcase>
        <testcase classname="test/cmi/scorm12_cmi.spec.ts" name="SCORM 1.2 CMI Tests &gt; CMI Spec Tests &gt; Post-Initialize Tests &gt; Field: cmi.core.lesson_status &gt; Should fail to write &apos;false&apos; to cmi.core.lesson_status" time="0.0000305">
        </testcase>
        <testcase classname="test/cmi/scorm12_cmi.spec.ts" name="SCORM 1.2 CMI Tests &gt; CMI Spec Tests &gt; Post-Initialize Tests &gt; Field: cmi.core.lesson_status &gt; Should fail to write &apos;complete&apos; to cmi.core.lesson_status" time="0.000031959">
        </testcase>
        <testcase classname="test/cmi/scorm12_cmi.spec.ts" name="SCORM 1.2 CMI Tests &gt; CMI Spec Tests &gt; Post-Initialize Tests &gt; Field: cmi.core.lesson_status &gt; Should fail to write &apos;not attempted&apos; to cmi.core.lesson_status" time="0.000036041">
        </testcase>
        <testcase classname="test/cmi/scorm12_cmi.spec.ts" name="SCORM 1.2 CMI Tests &gt; CMI Spec Tests &gt; Post-Initialize Tests &gt; Field: cmi.core.entry &gt; Should be able to read from cmi.core.entry" time="0.000024291">
        </testcase>
        <testcase classname="test/cmi/scorm12_cmi.spec.ts" name="SCORM 1.2 CMI Tests &gt; CMI Spec Tests &gt; Post-Initialize Tests &gt; Field: cmi.core.entry &gt; Should fail to write to cmi.core.entry" time="0.000036125">
        </testcase>
        <testcase classname="test/cmi/scorm12_cmi.spec.ts" name="SCORM 1.2 CMI Tests &gt; CMI Spec Tests &gt; Post-Initialize Tests &gt; Field: cmi.core.total_time &gt; Should be able to read from cmi.core.total_time" time="0.00002175">
        </testcase>
        <testcase classname="test/cmi/scorm12_cmi.spec.ts" name="SCORM 1.2 CMI Tests &gt; CMI Spec Tests &gt; Post-Initialize Tests &gt; Field: cmi.core.total_time &gt; Should fail to write to cmi.core.total_time" time="0.00003075">
        </testcase>
        <testcase classname="test/cmi/scorm12_cmi.spec.ts" name="SCORM 1.2 CMI Tests &gt; CMI Spec Tests &gt; Post-Initialize Tests &gt; Field: cmi.core.lesson_mode &gt; Should be able to read from cmi.core.lesson_mode" time="0.000022125">
        </testcase>
        <testcase classname="test/cmi/scorm12_cmi.spec.ts" name="SCORM 1.2 CMI Tests &gt; CMI Spec Tests &gt; Post-Initialize Tests &gt; Field: cmi.core.lesson_mode &gt; Should fail to write to cmi.core.lesson_mode" time="0.000030833">
        </testcase>
        <testcase classname="test/cmi/scorm12_cmi.spec.ts" name="SCORM 1.2 CMI Tests &gt; CMI Spec Tests &gt; Post-Initialize Tests &gt; Field: cmi.core.exit &gt; Should successfully write to cmi.core.exit" time="0.000034">
        </testcase>
        <testcase classname="test/cmi/scorm12_cmi.spec.ts" name="SCORM 1.2 CMI Tests &gt; CMI Spec Tests &gt; Post-Initialize Tests &gt; Field: cmi.core.exit &gt; Should successfully write &apos;time-out&apos; to cmi.core.exit" time="0.0000315">
        </testcase>
        <testcase classname="test/cmi/scorm12_cmi.spec.ts" name="SCORM 1.2 CMI Tests &gt; CMI Spec Tests &gt; Post-Initialize Tests &gt; Field: cmi.core.exit &gt; Should successfully write &apos;suspend&apos; to cmi.core.exit" time="0.000030834">
        </testcase>
        <testcase classname="test/cmi/scorm12_cmi.spec.ts" name="SCORM 1.2 CMI Tests &gt; CMI Spec Tests &gt; Post-Initialize Tests &gt; Field: cmi.core.exit &gt; Should successfully write &apos;logout&apos; to cmi.core.exit" time="0.000030792">
        </testcase>
        <testcase classname="test/cmi/scorm12_cmi.spec.ts" name="SCORM 1.2 CMI Tests &gt; CMI Spec Tests &gt; Post-Initialize Tests &gt; Field: cmi.core.exit &gt; Should successfully write &apos;&apos; to cmi.core.exit" time="0.000045209">
        </testcase>
        <testcase classname="test/cmi/scorm12_cmi.spec.ts" name="SCORM 1.2 CMI Tests &gt; CMI Spec Tests &gt; Post-Initialize Tests &gt; Field: cmi.core.exit &gt; Should fail to write &apos;close&apos; to cmi.core.exit" time="0.000035792">
        </testcase>
        <testcase classname="test/cmi/scorm12_cmi.spec.ts" name="SCORM 1.2 CMI Tests &gt; CMI Spec Tests &gt; Post-Initialize Tests &gt; Field: cmi.core.exit &gt; Should fail to write &apos;exit&apos; to cmi.core.exit" time="0.000035">
        </testcase>
        <testcase classname="test/cmi/scorm12_cmi.spec.ts" name="SCORM 1.2 CMI Tests &gt; CMI Spec Tests &gt; Post-Initialize Tests &gt; Field: cmi.core.exit &gt; Should fail to write &apos;crash&apos; to cmi.core.exit" time="0.000034291">
        </testcase>
        <testcase classname="test/cmi/scorm12_cmi.spec.ts" name="SCORM 1.2 CMI Tests &gt; CMI Spec Tests &gt; Post-Initialize Tests &gt; Field: cmi.core.session_time &gt; Should fail to read from cmi.core.session_time" time="0.00003425">
        </testcase>
        <testcase classname="test/cmi/scorm12_cmi.spec.ts" name="SCORM 1.2 CMI Tests &gt; CMI Spec Tests &gt; Post-Initialize Tests &gt; Field: cmi.core.session_time &gt; Should successfully write to cmi.core.session_time" time="0.000033">
        </testcase>
        <testcase classname="test/cmi/scorm12_cmi.spec.ts" name="SCORM 1.2 CMI Tests &gt; CMI Spec Tests &gt; Post-Initialize Tests &gt; Field: cmi.core.session_time &gt; Should successfully write &apos;10:06:57&apos; to cmi.core.session_time" time="0.000033584">
        </testcase>
        <testcase classname="test/cmi/scorm12_cmi.spec.ts" name="SCORM 1.2 CMI Tests &gt; CMI Spec Tests &gt; Post-Initialize Tests &gt; Field: cmi.core.session_time &gt; Should successfully write &apos;00:00:01.56&apos; to cmi.core.session_time" time="0.000030875">
        </testcase>
        <testcase classname="test/cmi/scorm12_cmi.spec.ts" name="SCORM 1.2 CMI Tests &gt; CMI Spec Tests &gt; Post-Initialize Tests &gt; Field: cmi.core.session_time &gt; Should successfully write &apos;23:59:59&apos; to cmi.core.session_time" time="0.000030708">
        </testcase>
        <testcase classname="test/cmi/scorm12_cmi.spec.ts" name="SCORM 1.2 CMI Tests &gt; CMI Spec Tests &gt; Post-Initialize Tests &gt; Field: cmi.core.session_time &gt; Should successfully write &apos;47:59:59&apos; to cmi.core.session_time" time="0.000082042">
        </testcase>
        <testcase classname="test/cmi/scorm12_cmi.spec.ts" name="SCORM 1.2 CMI Tests &gt; CMI Spec Tests &gt; Post-Initialize Tests &gt; Field: cmi.core.session_time &gt; Should fail to write &apos;06:5:13&apos; to cmi.core.session_time" time="0.000037375">
        </testcase>
        <testcase classname="test/cmi/scorm12_cmi.spec.ts" name="SCORM 1.2 CMI Tests &gt; CMI Spec Tests &gt; Post-Initialize Tests &gt; Field: cmi.core.session_time &gt; Should fail to write &apos;23:59:59.123&apos; to cmi.core.session_time" time="0.000034792">
        </testcase>
        <testcase classname="test/cmi/scorm12_cmi.spec.ts" name="SCORM 1.2 CMI Tests &gt; CMI Spec Tests &gt; Post-Initialize Tests &gt; Field: cmi.core.session_time &gt; Should fail to write &apos;P1DT23H59M59S&apos; to cmi.core.session_time" time="0.019119917">
        </testcase>
        <testcase classname="test/cmi/scorm12_cmi.spec.ts" name="SCORM 1.2 CMI Tests &gt; CMI Spec Tests &gt; Post-Initialize Tests &gt; Field: cmi.core.score._children &gt; Should be able to read from cmi.core.score._children" time="0.000080917">
        </testcase>
        <testcase classname="test/cmi/scorm12_cmi.spec.ts" name="SCORM 1.2 CMI Tests &gt; CMI Spec Tests &gt; Post-Initialize Tests &gt; Field: cmi.core.score._children &gt; Should fail to write to cmi.core.score._children" time="0.000068542">
        </testcase>
        <testcase classname="test/cmi/scorm12_cmi.spec.ts" name="SCORM 1.2 CMI Tests &gt; CMI Spec Tests &gt; Post-Initialize Tests &gt; Field: cmi.core.score.raw &gt; Should successfully write &apos;1&apos; to cmi.core.score.raw" time="0.000055875">
        </testcase>
        <testcase classname="test/cmi/scorm12_cmi.spec.ts" name="SCORM 1.2 CMI Tests &gt; CMI Spec Tests &gt; Post-Initialize Tests &gt; Field: cmi.core.score.raw &gt; Should successfully write &apos;50.25&apos; to cmi.core.score.raw" time="0.000039333">
        </testcase>
        <testcase classname="test/cmi/scorm12_cmi.spec.ts" name="SCORM 1.2 CMI Tests &gt; CMI Spec Tests &gt; Post-Initialize Tests &gt; Field: cmi.core.score.raw &gt; Should successfully write &apos;70&apos; to cmi.core.score.raw" time="0.000029334">
        </testcase>
        <testcase classname="test/cmi/scorm12_cmi.spec.ts" name="SCORM 1.2 CMI Tests &gt; CMI Spec Tests &gt; Post-Initialize Tests &gt; Field: cmi.core.score.raw &gt; Should successfully write &apos;100&apos; to cmi.core.score.raw" time="0.000028208">
        </testcase>
        <testcase classname="test/cmi/scorm12_cmi.spec.ts" name="SCORM 1.2 CMI Tests &gt; CMI Spec Tests &gt; Post-Initialize Tests &gt; Field: cmi.core.score.raw &gt; Should successfully write &apos;1&apos; to cmi.core.score.raw" time="0.0000265">
        </testcase>
        <testcase classname="test/cmi/scorm12_cmi.spec.ts" name="SCORM 1.2 CMI Tests &gt; CMI Spec Tests &gt; Post-Initialize Tests &gt; Field: cmi.core.score.raw &gt; Should successfully write &apos;50.25&apos; to cmi.core.score.raw" time="0.00002675">
        </testcase>
        <testcase classname="test/cmi/scorm12_cmi.spec.ts" name="SCORM 1.2 CMI Tests &gt; CMI Spec Tests &gt; Post-Initialize Tests &gt; Field: cmi.core.score.raw &gt; Should successfully write &apos;70&apos; to cmi.core.score.raw" time="0.000027584">
        </testcase>
        <testcase classname="test/cmi/scorm12_cmi.spec.ts" name="SCORM 1.2 CMI Tests &gt; CMI Spec Tests &gt; Post-Initialize Tests &gt; Field: cmi.core.score.raw &gt; Should successfully write &apos;100&apos; to cmi.core.score.raw" time="0.000028084">
        </testcase>
        <testcase classname="test/cmi/scorm12_cmi.spec.ts" name="SCORM 1.2 CMI Tests &gt; CMI Spec Tests &gt; Post-Initialize Tests &gt; Field: cmi.core.score.raw &gt; Should fail to write &apos;invalid&apos; to cmi.core.score.raw" time="0.000043833">
        </testcase>
        <testcase classname="test/cmi/scorm12_cmi.spec.ts" name="SCORM 1.2 CMI Tests &gt; CMI Spec Tests &gt; Post-Initialize Tests &gt; Field: cmi.core.score.raw &gt; Should fail to write &apos;a100&apos; to cmi.core.score.raw" time="0.000038875">
        </testcase>
        <testcase classname="test/cmi/scorm12_cmi.spec.ts" name="SCORM 1.2 CMI Tests &gt; CMI Spec Tests &gt; Post-Initialize Tests &gt; Field: cmi.core.score.raw &gt; Should fail to write &apos;-1&apos; to cmi.core.score.raw" time="0.00003475">
        </testcase>
        <testcase classname="test/cmi/scorm12_cmi.spec.ts" name="SCORM 1.2 CMI Tests &gt; CMI Spec Tests &gt; Post-Initialize Tests &gt; Field: cmi.core.score.raw &gt; Should fail to write &apos;101&apos; to cmi.core.score.raw" time="0.000039792">
        </testcase>
        <testcase classname="test/cmi/scorm12_cmi.spec.ts" name="SCORM 1.2 CMI Tests &gt; CMI Spec Tests &gt; Post-Initialize Tests &gt; Field: cmi.core.score.raw &gt; Should fail to write &apos;-100000&apos; to cmi.core.score.raw" time="0.000034042">
        </testcase>
        <testcase classname="test/cmi/scorm12_cmi.spec.ts" name="SCORM 1.2 CMI Tests &gt; CMI Spec Tests &gt; Post-Initialize Tests &gt; Field: cmi.core.score.raw &gt; Should fail to write &apos;100000&apos; to cmi.core.score.raw" time="0.000035833">
        </testcase>
        <testcase classname="test/cmi/scorm12_cmi.spec.ts" name="SCORM 1.2 CMI Tests &gt; CMI Spec Tests &gt; Post-Initialize Tests &gt; Field: cmi.core.score.min &gt; Should successfully write &apos;1&apos; to cmi.core.score.min" time="0.00002775">
        </testcase>
        <testcase classname="test/cmi/scorm12_cmi.spec.ts" name="SCORM 1.2 CMI Tests &gt; CMI Spec Tests &gt; Post-Initialize Tests &gt; Field: cmi.core.score.min &gt; Should successfully write &apos;50.25&apos; to cmi.core.score.min" time="0.000029417">
        </testcase>
        <testcase classname="test/cmi/scorm12_cmi.spec.ts" name="SCORM 1.2 CMI Tests &gt; CMI Spec Tests &gt; Post-Initialize Tests &gt; Field: cmi.core.score.min &gt; Should successfully write &apos;70&apos; to cmi.core.score.min" time="0.000026167">
        </testcase>
        <testcase classname="test/cmi/scorm12_cmi.spec.ts" name="SCORM 1.2 CMI Tests &gt; CMI Spec Tests &gt; Post-Initialize Tests &gt; Field: cmi.core.score.min &gt; Should successfully write &apos;100&apos; to cmi.core.score.min" time="0.000026083">
        </testcase>
        <testcase classname="test/cmi/scorm12_cmi.spec.ts" name="SCORM 1.2 CMI Tests &gt; CMI Spec Tests &gt; Post-Initialize Tests &gt; Field: cmi.core.score.min &gt; Should successfully write &apos;1&apos; to cmi.core.score.min" time="0.000025875">
        </testcase>
        <testcase classname="test/cmi/scorm12_cmi.spec.ts" name="SCORM 1.2 CMI Tests &gt; CMI Spec Tests &gt; Post-Initialize Tests &gt; Field: cmi.core.score.min &gt; Should successfully write &apos;50.25&apos; to cmi.core.score.min" time="0.0000255">
        </testcase>
        <testcase classname="test/cmi/scorm12_cmi.spec.ts" name="SCORM 1.2 CMI Tests &gt; CMI Spec Tests &gt; Post-Initialize Tests &gt; Field: cmi.core.score.min &gt; Should successfully write &apos;70&apos; to cmi.core.score.min" time="0.000025375">
        </testcase>
        <testcase classname="test/cmi/scorm12_cmi.spec.ts" name="SCORM 1.2 CMI Tests &gt; CMI Spec Tests &gt; Post-Initialize Tests &gt; Field: cmi.core.score.min &gt; Should successfully write &apos;100&apos; to cmi.core.score.min" time="0.000026375">
        </testcase>
        <testcase classname="test/cmi/scorm12_cmi.spec.ts" name="SCORM 1.2 CMI Tests &gt; CMI Spec Tests &gt; Post-Initialize Tests &gt; Field: cmi.core.score.min &gt; Should fail to write &apos;invalid&apos; to cmi.core.score.min" time="0.000035209">
        </testcase>
        <testcase classname="test/cmi/scorm12_cmi.spec.ts" name="SCORM 1.2 CMI Tests &gt; CMI Spec Tests &gt; Post-Initialize Tests &gt; Field: cmi.core.score.min &gt; Should fail to write &apos;a100&apos; to cmi.core.score.min" time="0.000042958">
        </testcase>
        <testcase classname="test/cmi/scorm12_cmi.spec.ts" name="SCORM 1.2 CMI Tests &gt; CMI Spec Tests &gt; Post-Initialize Tests &gt; Field: cmi.core.score.min &gt; Should fail to write &apos;-1&apos; to cmi.core.score.min" time="0.000033916">
        </testcase>
        <testcase classname="test/cmi/scorm12_cmi.spec.ts" name="SCORM 1.2 CMI Tests &gt; CMI Spec Tests &gt; Post-Initialize Tests &gt; Field: cmi.core.score.min &gt; Should fail to write &apos;101&apos; to cmi.core.score.min" time="0.000034417">
        </testcase>
        <testcase classname="test/cmi/scorm12_cmi.spec.ts" name="SCORM 1.2 CMI Tests &gt; CMI Spec Tests &gt; Post-Initialize Tests &gt; Field: cmi.core.score.min &gt; Should fail to write &apos;-100000&apos; to cmi.core.score.min" time="0.000033541">
        </testcase>
        <testcase classname="test/cmi/scorm12_cmi.spec.ts" name="SCORM 1.2 CMI Tests &gt; CMI Spec Tests &gt; Post-Initialize Tests &gt; Field: cmi.core.score.min &gt; Should fail to write &apos;100000&apos; to cmi.core.score.min" time="0.000032833">
        </testcase>
        <testcase classname="test/cmi/scorm12_cmi.spec.ts" name="SCORM 1.2 CMI Tests &gt; CMI Spec Tests &gt; Post-Initialize Tests &gt; Field: cmi.core.score.max &gt; Should successfully write &apos;1&apos; to cmi.core.score.max" time="0.000073916">
        </testcase>
        <testcase classname="test/cmi/scorm12_cmi.spec.ts" name="SCORM 1.2 CMI Tests &gt; CMI Spec Tests &gt; Post-Initialize Tests &gt; Field: cmi.core.score.max &gt; Should successfully write &apos;50.25&apos; to cmi.core.score.max" time="0.000029208">
        </testcase>
        <testcase classname="test/cmi/scorm12_cmi.spec.ts" name="SCORM 1.2 CMI Tests &gt; CMI Spec Tests &gt; Post-Initialize Tests &gt; Field: cmi.core.score.max &gt; Should successfully write &apos;70&apos; to cmi.core.score.max" time="0.000025875">
        </testcase>
        <testcase classname="test/cmi/scorm12_cmi.spec.ts" name="SCORM 1.2 CMI Tests &gt; CMI Spec Tests &gt; Post-Initialize Tests &gt; Field: cmi.core.score.max &gt; Should successfully write &apos;100&apos; to cmi.core.score.max" time="0.000025375">
        </testcase>
        <testcase classname="test/cmi/scorm12_cmi.spec.ts" name="SCORM 1.2 CMI Tests &gt; CMI Spec Tests &gt; Post-Initialize Tests &gt; Field: cmi.core.score.max &gt; Should successfully write &apos;1&apos; to cmi.core.score.max" time="0.000024792">
        </testcase>
        <testcase classname="test/cmi/scorm12_cmi.spec.ts" name="SCORM 1.2 CMI Tests &gt; CMI Spec Tests &gt; Post-Initialize Tests &gt; Field: cmi.core.score.max &gt; Should successfully write &apos;50.25&apos; to cmi.core.score.max" time="0.000025333">
        </testcase>
        <testcase classname="test/cmi/scorm12_cmi.spec.ts" name="SCORM 1.2 CMI Tests &gt; CMI Spec Tests &gt; Post-Initialize Tests &gt; Field: cmi.core.score.max &gt; Should successfully write &apos;70&apos; to cmi.core.score.max" time="0.000025125">
        </testcase>
        <testcase classname="test/cmi/scorm12_cmi.spec.ts" name="SCORM 1.2 CMI Tests &gt; CMI Spec Tests &gt; Post-Initialize Tests &gt; Field: cmi.core.score.max &gt; Should successfully write &apos;100&apos; to cmi.core.score.max" time="0.000025084">
        </testcase>
        <testcase classname="test/cmi/scorm12_cmi.spec.ts" name="SCORM 1.2 CMI Tests &gt; CMI Spec Tests &gt; Post-Initialize Tests &gt; Field: cmi.core.score.max &gt; Should fail to write &apos;invalid&apos; to cmi.core.score.max" time="0.000034459">
        </testcase>
        <testcase classname="test/cmi/scorm12_cmi.spec.ts" name="SCORM 1.2 CMI Tests &gt; CMI Spec Tests &gt; Post-Initialize Tests &gt; Field: cmi.core.score.max &gt; Should fail to write &apos;a100&apos; to cmi.core.score.max" time="0.000034541">
        </testcase>
        <testcase classname="test/cmi/scorm12_cmi.spec.ts" name="SCORM 1.2 CMI Tests &gt; CMI Spec Tests &gt; Post-Initialize Tests &gt; Field: cmi.core.score.max &gt; Should fail to write &apos;-1&apos; to cmi.core.score.max" time="0.0000345">
        </testcase>
        <testcase classname="test/cmi/scorm12_cmi.spec.ts" name="SCORM 1.2 CMI Tests &gt; CMI Spec Tests &gt; Post-Initialize Tests &gt; Field: cmi.core.score.max &gt; Should fail to write &apos;101&apos; to cmi.core.score.max" time="0.000034417">
        </testcase>
        <testcase classname="test/cmi/scorm12_cmi.spec.ts" name="SCORM 1.2 CMI Tests &gt; CMI Spec Tests &gt; Post-Initialize Tests &gt; Field: cmi.core.score.max &gt; Should fail to write &apos;-100000&apos; to cmi.core.score.max" time="0.000035291">
        </testcase>
        <testcase classname="test/cmi/scorm12_cmi.spec.ts" name="SCORM 1.2 CMI Tests &gt; CMI Spec Tests &gt; Post-Initialize Tests &gt; Field: cmi.core.score.max &gt; Should fail to write &apos;100000&apos; to cmi.core.score.max" time="0.000034167">
        </testcase>
        <testcase classname="test/cmi/scorm12_cmi.spec.ts" name="SCORM 1.2 CMI Tests &gt; CMI Spec Tests &gt; Post-Initialize Tests &gt; Field: cmi.objectives._children &gt; Should be able to read from cmi.objectives._children" time="0.000024417">
        </testcase>
        <testcase classname="test/cmi/scorm12_cmi.spec.ts" name="SCORM 1.2 CMI Tests &gt; CMI Spec Tests &gt; Post-Initialize Tests &gt; Field: cmi.objectives._children &gt; Should fail to write to cmi.objectives._children" time="0.000038667">
        </testcase>
        <testcase classname="test/cmi/scorm12_cmi.spec.ts" name="SCORM 1.2 CMI Tests &gt; CMI Spec Tests &gt; Post-Initialize Tests &gt; Field: cmi.objectives._count &gt; Should be able to read from cmi.objectives._count" time="0.000023209">
        </testcase>
        <testcase classname="test/cmi/scorm12_cmi.spec.ts" name="SCORM 1.2 CMI Tests &gt; CMI Spec Tests &gt; Post-Initialize Tests &gt; Field: cmi.objectives._count &gt; Should fail to write to cmi.objectives._count" time="0.000028875">
        </testcase>
        <testcase classname="test/cmi/scorm12_cmi.spec.ts" name="SCORM 1.2 CMI Tests &gt; CMI Spec Tests &gt; Post-Initialize Tests &gt; Field: cmi.student_data._children &gt; Should be able to read from cmi.student_data._children" time="0.000022">
        </testcase>
        <testcase classname="test/cmi/scorm12_cmi.spec.ts" name="SCORM 1.2 CMI Tests &gt; CMI Spec Tests &gt; Post-Initialize Tests &gt; Field: cmi.student_data._children &gt; Should fail to write to cmi.student_data._children" time="0.000029417">
        </testcase>
        <testcase classname="test/cmi/scorm12_cmi.spec.ts" name="SCORM 1.2 CMI Tests &gt; CMI Spec Tests &gt; Post-Initialize Tests &gt; Field: cmi.student_data.mastery_score &gt; Should be able to read from cmi.student_data.mastery_score" time="0.000020375">
        </testcase>
        <testcase classname="test/cmi/scorm12_cmi.spec.ts" name="SCORM 1.2 CMI Tests &gt; CMI Spec Tests &gt; Post-Initialize Tests &gt; Field: cmi.student_data.mastery_score &gt; Should fail to write to cmi.student_data.mastery_score" time="0.000028042">
        </testcase>
        <testcase classname="test/cmi/scorm12_cmi.spec.ts" name="SCORM 1.2 CMI Tests &gt; CMI Spec Tests &gt; Post-Initialize Tests &gt; Field: cmi.student_data.max_time_allowed &gt; Should be able to read from cmi.student_data.max_time_allowed" time="0.000019542">
        </testcase>
        <testcase classname="test/cmi/scorm12_cmi.spec.ts" name="SCORM 1.2 CMI Tests &gt; CMI Spec Tests &gt; Post-Initialize Tests &gt; Field: cmi.student_data.max_time_allowed &gt; Should fail to write to cmi.student_data.max_time_allowed" time="0.000027458">
        </testcase>
        <testcase classname="test/cmi/scorm12_cmi.spec.ts" name="SCORM 1.2 CMI Tests &gt; CMI Spec Tests &gt; Post-Initialize Tests &gt; Field: cmi.student_data.time_limit_action &gt; Should be able to read from cmi.student_data.time_limit_action" time="0.000021417">
        </testcase>
        <testcase classname="test/cmi/scorm12_cmi.spec.ts" name="SCORM 1.2 CMI Tests &gt; CMI Spec Tests &gt; Post-Initialize Tests &gt; Field: cmi.student_data.time_limit_action &gt; Should fail to write to cmi.student_data.time_limit_action" time="0.000026583">
        </testcase>
        <testcase classname="test/cmi/scorm12_cmi.spec.ts" name="SCORM 1.2 CMI Tests &gt; CMI Spec Tests &gt; Post-Initialize Tests &gt; Field: cmi.student_preference._children &gt; Should be able to read from cmi.student_preference._children" time="0.000021833">
        </testcase>
        <testcase classname="test/cmi/scorm12_cmi.spec.ts" name="SCORM 1.2 CMI Tests &gt; CMI Spec Tests &gt; Post-Initialize Tests &gt; Field: cmi.student_preference._children &gt; Should fail to write to cmi.student_preference._children" time="0.000029833">
        </testcase>
        <testcase classname="test/cmi/scorm12_cmi.spec.ts" name="SCORM 1.2 CMI Tests &gt; CMI Spec Tests &gt; Post-Initialize Tests &gt; Field: cmi.student_preference.audio &gt; Should successfully write &apos;1&apos; to cmi.student_preference.audio" time="0.000034208">
        </testcase>
        <testcase classname="test/cmi/scorm12_cmi.spec.ts" name="SCORM 1.2 CMI Tests &gt; CMI Spec Tests &gt; Post-Initialize Tests &gt; Field: cmi.student_preference.audio &gt; Should successfully write &apos;50&apos; to cmi.student_preference.audio" time="0.000031417">
        </testcase>
        <testcase classname="test/cmi/scorm12_cmi.spec.ts" name="SCORM 1.2 CMI Tests &gt; CMI Spec Tests &gt; Post-Initialize Tests &gt; Field: cmi.student_preference.audio &gt; Should successfully write &apos;100&apos; to cmi.student_preference.audio" time="0.000029791">
        </testcase>
        <testcase classname="test/cmi/scorm12_cmi.spec.ts" name="SCORM 1.2 CMI Tests &gt; CMI Spec Tests &gt; Post-Initialize Tests &gt; Field: cmi.student_preference.audio &gt; Should successfully write &apos;-1&apos; to cmi.student_preference.audio" time="0.00002925">
        </testcase>
        <testcase classname="test/cmi/scorm12_cmi.spec.ts" name="SCORM 1.2 CMI Tests &gt; CMI Spec Tests &gt; Post-Initialize Tests &gt; Field: cmi.student_preference.audio &gt; Should fail to write &apos;invalid&apos; to cmi.student_preference.audio" time="0.000034917">
        </testcase>
        <testcase classname="test/cmi/scorm12_cmi.spec.ts" name="SCORM 1.2 CMI Tests &gt; CMI Spec Tests &gt; Post-Initialize Tests &gt; Field: cmi.student_preference.audio &gt; Should fail to write &apos;a100&apos; to cmi.student_preference.audio" time="0.0000325">
        </testcase>
        <testcase classname="test/cmi/scorm12_cmi.spec.ts" name="SCORM 1.2 CMI Tests &gt; CMI Spec Tests &gt; Post-Initialize Tests &gt; Field: cmi.student_preference.audio &gt; Should fail to write &apos;-2&apos; to cmi.student_preference.audio" time="0.000034792">
        </testcase>
        <testcase classname="test/cmi/scorm12_cmi.spec.ts" name="SCORM 1.2 CMI Tests &gt; CMI Spec Tests &gt; Post-Initialize Tests &gt; Field: cmi.student_preference.language &gt; Should be able to read from cmi.student_preference.language" time="0.000022542">
        </testcase>
        <testcase classname="test/cmi/scorm12_cmi.spec.ts" name="SCORM 1.2 CMI Tests &gt; CMI Spec Tests &gt; Post-Initialize Tests &gt; Field: cmi.student_preference.language &gt; Should be able to write upto 255 characters to cmi.student_preference.language" time="0.000035083">
        </testcase>
        <testcase classname="test/cmi/scorm12_cmi.spec.ts" name="SCORM 1.2 CMI Tests &gt; CMI Spec Tests &gt; Post-Initialize Tests &gt; Field: cmi.student_preference.language &gt; Should fail to write more than 255 characters to cmi.student_preference.language" time="0.00006925">
        </testcase>
        <testcase classname="test/cmi/scorm12_cmi.spec.ts" name="SCORM 1.2 CMI Tests &gt; CMI Spec Tests &gt; Post-Initialize Tests &gt; Field: cmi.student_preference.speed &gt; Should successfully write &apos;1&apos; to cmi.student_preference.speed" time="0.000031792">
        </testcase>
        <testcase classname="test/cmi/scorm12_cmi.spec.ts" name="SCORM 1.2 CMI Tests &gt; CMI Spec Tests &gt; Post-Initialize Tests &gt; Field: cmi.student_preference.speed &gt; Should successfully write &apos;50&apos; to cmi.student_preference.speed" time="0.000032209">
        </testcase>
        <testcase classname="test/cmi/scorm12_cmi.spec.ts" name="SCORM 1.2 CMI Tests &gt; CMI Spec Tests &gt; Post-Initialize Tests &gt; Field: cmi.student_preference.speed &gt; Should successfully write &apos;100&apos; to cmi.student_preference.speed" time="0.000033541">
        </testcase>
        <testcase classname="test/cmi/scorm12_cmi.spec.ts" name="SCORM 1.2 CMI Tests &gt; CMI Spec Tests &gt; Post-Initialize Tests &gt; Field: cmi.student_preference.speed &gt; Should successfully write &apos;-1&apos; to cmi.student_preference.speed" time="0.000033084">
        </testcase>
        <testcase classname="test/cmi/scorm12_cmi.spec.ts" name="SCORM 1.2 CMI Tests &gt; CMI Spec Tests &gt; Post-Initialize Tests &gt; Field: cmi.student_preference.speed &gt; Should successfully write &apos;-50&apos; to cmi.student_preference.speed" time="0.000029458">
        </testcase>
        <testcase classname="test/cmi/scorm12_cmi.spec.ts" name="SCORM 1.2 CMI Tests &gt; CMI Spec Tests &gt; Post-Initialize Tests &gt; Field: cmi.student_preference.speed &gt; Should successfully write &apos;-100&apos; to cmi.student_preference.speed" time="0.000029292">
        </testcase>
        <testcase classname="test/cmi/scorm12_cmi.spec.ts" name="SCORM 1.2 CMI Tests &gt; CMI Spec Tests &gt; Post-Initialize Tests &gt; Field: cmi.student_preference.speed &gt; Should fail to write &apos;invalid&apos; to cmi.student_preference.speed" time="0.000032417">
        </testcase>
        <testcase classname="test/cmi/scorm12_cmi.spec.ts" name="SCORM 1.2 CMI Tests &gt; CMI Spec Tests &gt; Post-Initialize Tests &gt; Field: cmi.student_preference.speed &gt; Should fail to write &apos;a100&apos; to cmi.student_preference.speed" time="0.000034417">
        </testcase>
        <testcase classname="test/cmi/scorm12_cmi.spec.ts" name="SCORM 1.2 CMI Tests &gt; CMI Spec Tests &gt; Post-Initialize Tests &gt; Field: cmi.student_preference.speed &gt; Should fail to write &apos;-101&apos; to cmi.student_preference.speed" time="0.0000335">
        </testcase>
        <testcase classname="test/cmi/scorm12_cmi.spec.ts" name="SCORM 1.2 CMI Tests &gt; CMI Spec Tests &gt; Post-Initialize Tests &gt; Field: cmi.student_preference.speed &gt; Should fail to write &apos;101&apos; to cmi.student_preference.speed" time="0.000032417">
        </testcase>
        <testcase classname="test/cmi/scorm12_cmi.spec.ts" name="SCORM 1.2 CMI Tests &gt; CMI Spec Tests &gt; Post-Initialize Tests &gt; Field: cmi.student_preference.speed &gt; Should fail to write &apos;-100000&apos; to cmi.student_preference.speed" time="0.000032125">
        </testcase>
        <testcase classname="test/cmi/scorm12_cmi.spec.ts" name="SCORM 1.2 CMI Tests &gt; CMI Spec Tests &gt; Post-Initialize Tests &gt; Field: cmi.student_preference.speed &gt; Should fail to write &apos;100000&apos; to cmi.student_preference.speed" time="0.000032166">
        </testcase>
        <testcase classname="test/cmi/scorm12_cmi.spec.ts" name="SCORM 1.2 CMI Tests &gt; CMI Spec Tests &gt; Post-Initialize Tests &gt; Field: cmi.student_preference.text &gt; Should successfully write &apos;1&apos; to cmi.student_preference.text" time="0.000030209">
        </testcase>
        <testcase classname="test/cmi/scorm12_cmi.spec.ts" name="SCORM 1.2 CMI Tests &gt; CMI Spec Tests &gt; Post-Initialize Tests &gt; Field: cmi.student_preference.text &gt; Should successfully write &apos;0&apos; to cmi.student_preference.text" time="0.000029042">
        </testcase>
        <testcase classname="test/cmi/scorm12_cmi.spec.ts" name="SCORM 1.2 CMI Tests &gt; CMI Spec Tests &gt; Post-Initialize Tests &gt; Field: cmi.student_preference.text &gt; Should successfully write &apos;-1&apos; to cmi.student_preference.text" time="0.000028958">
        </testcase>
        <testcase classname="test/cmi/scorm12_cmi.spec.ts" name="SCORM 1.2 CMI Tests &gt; CMI Spec Tests &gt; Post-Initialize Tests &gt; Field: cmi.student_preference.text &gt; Should fail to write &apos;-101&apos; to cmi.student_preference.text" time="0.000032542">
        </testcase>
        <testcase classname="test/cmi/scorm12_cmi.spec.ts" name="SCORM 1.2 CMI Tests &gt; CMI Spec Tests &gt; Post-Initialize Tests &gt; Field: cmi.student_preference.text &gt; Should fail to write &apos;-0.5&apos; to cmi.student_preference.text" time="0.0000325">
        </testcase>
        <testcase classname="test/cmi/scorm12_cmi.spec.ts" name="SCORM 1.2 CMI Tests &gt; CMI Spec Tests &gt; Post-Initialize Tests &gt; Field: cmi.student_preference.text &gt; Should fail to write &apos;0.5&apos; to cmi.student_preference.text" time="0.000031542">
        </testcase>
        <testcase classname="test/cmi/scorm12_cmi.spec.ts" name="SCORM 1.2 CMI Tests &gt; CMI Spec Tests &gt; Post-Initialize Tests &gt; Field: cmi.student_preference.text &gt; Should fail to write &apos;25.1&apos; to cmi.student_preference.text" time="0.000031833">
        </testcase>
        <testcase classname="test/cmi/scorm12_cmi.spec.ts" name="SCORM 1.2 CMI Tests &gt; CMI Spec Tests &gt; Post-Initialize Tests &gt; Field: cmi.student_preference.text &gt; Should fail to write &apos;50.5&apos; to cmi.student_preference.text" time="0.000033458">
        </testcase>
        <testcase classname="test/cmi/scorm12_cmi.spec.ts" name="SCORM 1.2 CMI Tests &gt; CMI Spec Tests &gt; Post-Initialize Tests &gt; Field: cmi.student_preference.text &gt; Should fail to write &apos;75&apos; to cmi.student_preference.text" time="0.000032375">
        </testcase>
        <testcase classname="test/cmi/scorm12_cmi.spec.ts" name="SCORM 1.2 CMI Tests &gt; CMI Spec Tests &gt; Post-Initialize Tests &gt; Field: cmi.student_preference.text &gt; Should fail to write &apos;100&apos; to cmi.student_preference.text" time="0.000030916">
        </testcase>
        <testcase classname="test/cmi/scorm12_cmi.spec.ts" name="SCORM 1.2 CMI Tests &gt; CMI Spec Tests &gt; Post-Initialize Tests &gt; Field: cmi.interactions._children &gt; Should be able to read from cmi.interactions._children" time="0.000020875">
        </testcase>
        <testcase classname="test/cmi/scorm12_cmi.spec.ts" name="SCORM 1.2 CMI Tests &gt; CMI Spec Tests &gt; Post-Initialize Tests &gt; Field: cmi.interactions._children &gt; Should fail to write to cmi.interactions._children" time="0.000027708">
        </testcase>
        <testcase classname="test/cmi/scorm12_cmi.spec.ts" name="SCORM 1.2 CMI Tests &gt; CMI Spec Tests &gt; Post-Initialize Tests &gt; Field: cmi.interactions._count &gt; Should be able to read from cmi.interactions._count" time="0.000019791">
        </testcase>
        <testcase classname="test/cmi/scorm12_cmi.spec.ts" name="SCORM 1.2 CMI Tests &gt; CMI Spec Tests &gt; Post-Initialize Tests &gt; Field: cmi.interactions._count &gt; Should fail to write to cmi.interactions._count" time="0.000038041">
        </testcase>
        <testcase classname="test/cmi/scorm12_cmi.spec.ts" name="SCORM 1.2 CMI Tests &gt; CMI Spec Tests &gt; Post-Initialize Tests &gt; should export JSON" time="0.000212417">
        </testcase>
        <testcase classname="test/cmi/scorm12_cmi.spec.ts" name="SCORM 1.2 CMI Tests &gt; CMI Spec Tests &gt; CMIInteractionsObject Tests &gt; Field: cmi.id &gt; Should fail to read from cmi.id" time="0.000034833">
        </testcase>
        <testcase classname="test/cmi/scorm12_cmi.spec.ts" name="SCORM 1.2 CMI Tests &gt; CMI Spec Tests &gt; CMIInteractionsObject Tests &gt; Field: cmi.id &gt; Should successfully write to cmi.id" time="0.000052041">
        </testcase>
        <testcase classname="test/cmi/scorm12_cmi.spec.ts" name="SCORM 1.2 CMI Tests &gt; CMI Spec Tests &gt; CMIInteractionsObject Tests &gt; Field: cmi.id &gt; Should fail to read from cmi.id" time="0.000028708">
        </testcase>
        <testcase classname="test/cmi/scorm12_cmi.spec.ts" name="SCORM 1.2 CMI Tests &gt; CMI Spec Tests &gt; CMIInteractionsObject Tests &gt; Field: cmi.id &gt; Should successfully write to cmi.id" time="0.00003075">
        </testcase>
        <testcase classname="test/cmi/scorm12_cmi.spec.ts" name="SCORM 1.2 CMI Tests &gt; CMI Spec Tests &gt; CMIInteractionsObject Tests &gt; Field: cmi.time &gt; Should fail to read from cmi.time" time="0.000026834">
        </testcase>
        <testcase classname="test/cmi/scorm12_cmi.spec.ts" name="SCORM 1.2 CMI Tests &gt; CMI Spec Tests &gt; CMIInteractionsObject Tests &gt; Field: cmi.time &gt; Should successfully write to cmi.time" time="0.000054375">
        </testcase>
        <testcase classname="test/cmi/scorm12_cmi.spec.ts" name="SCORM 1.2 CMI Tests &gt; CMI Spec Tests &gt; CMIInteractionsObject Tests &gt; Field: cmi.time &gt; Should successfully write &apos;10:06:57&apos; to cmi.time" time="0.000047625">
        </testcase>
        <testcase classname="test/cmi/scorm12_cmi.spec.ts" name="SCORM 1.2 CMI Tests &gt; CMI Spec Tests &gt; CMIInteractionsObject Tests &gt; Field: cmi.time &gt; Should successfully write &apos;23:59:59&apos; to cmi.time" time="0.000028833">
        </testcase>
        <testcase classname="test/cmi/scorm12_cmi.spec.ts" name="SCORM 1.2 CMI Tests &gt; CMI Spec Tests &gt; CMIInteractionsObject Tests &gt; Field: cmi.time &gt; Should successfully write &apos;00:00:00&apos; to cmi.time" time="0.000029167">
        </testcase>
        <testcase classname="test/cmi/scorm12_cmi.spec.ts" name="SCORM 1.2 CMI Tests &gt; CMI Spec Tests &gt; CMIInteractionsObject Tests &gt; Field: cmi.time &gt; Should fail to write &apos;47:59:59&apos; to cmi.time" time="0.000033584">
        </testcase>
        <testcase classname="test/cmi/scorm12_cmi.spec.ts" name="SCORM 1.2 CMI Tests &gt; CMI Spec Tests &gt; CMIInteractionsObject Tests &gt; Field: cmi.time &gt; Should fail to write &apos;00:00:01.56&apos; to cmi.time" time="0.000033083">
        </testcase>
        <testcase classname="test/cmi/scorm12_cmi.spec.ts" name="SCORM 1.2 CMI Tests &gt; CMI Spec Tests &gt; CMIInteractionsObject Tests &gt; Field: cmi.time &gt; Should fail to write &apos;06:5:13&apos; to cmi.time" time="0.000032125">
        </testcase>
        <testcase classname="test/cmi/scorm12_cmi.spec.ts" name="SCORM 1.2 CMI Tests &gt; CMI Spec Tests &gt; CMIInteractionsObject Tests &gt; Field: cmi.time &gt; Should fail to write &apos;23:59:59.123&apos; to cmi.time" time="0.000032583">
        </testcase>
        <testcase classname="test/cmi/scorm12_cmi.spec.ts" name="SCORM 1.2 CMI Tests &gt; CMI Spec Tests &gt; CMIInteractionsObject Tests &gt; Field: cmi.time &gt; Should fail to write &apos;P1DT23H59M59S&apos; to cmi.time" time="0.000031833">
        </testcase>
        <testcase classname="test/cmi/scorm12_cmi.spec.ts" name="SCORM 1.2 CMI Tests &gt; CMI Spec Tests &gt; CMIInteractionsObject Tests &gt; Field: cmi.type &gt; Should fail to read from cmi.type" time="0.000027125">
        </testcase>
        <testcase classname="test/cmi/scorm12_cmi.spec.ts" name="SCORM 1.2 CMI Tests &gt; CMI Spec Tests &gt; CMIInteractionsObject Tests &gt; Field: cmi.type &gt; Should successfully write to cmi.type" time="0.000061042">
        </testcase>
        <testcase classname="test/cmi/scorm12_cmi.spec.ts" name="SCORM 1.2 CMI Tests &gt; CMI Spec Tests &gt; CMIInteractionsObject Tests &gt; Field: cmi.type &gt; Should successfully write &apos;true-false&apos; to cmi.type" time="0.000034">
        </testcase>
        <testcase classname="test/cmi/scorm12_cmi.spec.ts" name="SCORM 1.2 CMI Tests &gt; CMI Spec Tests &gt; CMIInteractionsObject Tests &gt; Field: cmi.type &gt; Should successfully write &apos;choice&apos; to cmi.type" time="0.000056083">
        </testcase>
        <testcase classname="test/cmi/scorm12_cmi.spec.ts" name="SCORM 1.2 CMI Tests &gt; CMI Spec Tests &gt; CMIInteractionsObject Tests &gt; Field: cmi.type &gt; Should successfully write &apos;fill-in&apos; to cmi.type" time="0.000028833">
        </testcase>
        <testcase classname="test/cmi/scorm12_cmi.spec.ts" name="SCORM 1.2 CMI Tests &gt; CMI Spec Tests &gt; CMIInteractionsObject Tests &gt; Field: cmi.type &gt; Should successfully write &apos;matching&apos; to cmi.type" time="0.000029208">
        </testcase>
        <testcase classname="test/cmi/scorm12_cmi.spec.ts" name="SCORM 1.2 CMI Tests &gt; CMI Spec Tests &gt; CMIInteractionsObject Tests &gt; Field: cmi.type &gt; Should successfully write &apos;performance&apos; to cmi.type" time="0.000029">
        </testcase>
        <testcase classname="test/cmi/scorm12_cmi.spec.ts" name="SCORM 1.2 CMI Tests &gt; CMI Spec Tests &gt; CMIInteractionsObject Tests &gt; Field: cmi.type &gt; Should successfully write &apos;sequencing&apos; to cmi.type" time="0.00002875">
        </testcase>
        <testcase classname="test/cmi/scorm12_cmi.spec.ts" name="SCORM 1.2 CMI Tests &gt; CMI Spec Tests &gt; CMIInteractionsObject Tests &gt; Field: cmi.type &gt; Should successfully write &apos;likert&apos; to cmi.type" time="0.000028584">
        </testcase>
        <testcase classname="test/cmi/scorm12_cmi.spec.ts" name="SCORM 1.2 CMI Tests &gt; CMI Spec Tests &gt; CMIInteractionsObject Tests &gt; Field: cmi.type &gt; Should successfully write &apos;numeric&apos; to cmi.type" time="0.000039208">
        </testcase>
        <testcase classname="test/cmi/scorm12_cmi.spec.ts" name="SCORM 1.2 CMI Tests &gt; CMI Spec Tests &gt; CMIInteractionsObject Tests &gt; Field: cmi.type &gt; Should fail to write &apos;correct&apos; to cmi.type" time="0.000036">
        </testcase>
        <testcase classname="test/cmi/scorm12_cmi.spec.ts" name="SCORM 1.2 CMI Tests &gt; CMI Spec Tests &gt; CMIInteractionsObject Tests &gt; Field: cmi.type &gt; Should fail to write &apos;wrong&apos; to cmi.type" time="0.000032709">
        </testcase>
        <testcase classname="test/cmi/scorm12_cmi.spec.ts" name="SCORM 1.2 CMI Tests &gt; CMI Spec Tests &gt; CMIInteractionsObject Tests &gt; Field: cmi.type &gt; Should fail to write &apos;logout&apos; to cmi.type" time="0.000033209">
        </testcase>
        <testcase classname="test/cmi/scorm12_cmi.spec.ts" name="SCORM 1.2 CMI Tests &gt; CMI Spec Tests &gt; CMIInteractionsObject Tests &gt; Field: cmi.objectives._count &gt; Should be able to read from cmi.objectives._count" time="0.000018417">
        </testcase>
        <testcase classname="test/cmi/scorm12_cmi.spec.ts" name="SCORM 1.2 CMI Tests &gt; CMI Spec Tests &gt; CMIInteractionsObject Tests &gt; Field: cmi.objectives._count &gt; Should fail to write to cmi.objectives._count" time="0.000026208">
        </testcase>
        <testcase classname="test/cmi/scorm12_cmi.spec.ts" name="SCORM 1.2 CMI Tests &gt; CMI Spec Tests &gt; CMIInteractionsObject Tests &gt; Field: cmi.correct_responses._count &gt; Should be able to read from cmi.correct_responses._count" time="0.000020917">
        </testcase>
        <testcase classname="test/cmi/scorm12_cmi.spec.ts" name="SCORM 1.2 CMI Tests &gt; CMI Spec Tests &gt; CMIInteractionsObject Tests &gt; Field: cmi.correct_responses._count &gt; Should fail to write to cmi.correct_responses._count" time="0.000029541">
        </testcase>
        <testcase classname="test/cmi/scorm12_cmi.spec.ts" name="SCORM 1.2 CMI Tests &gt; CMI Spec Tests &gt; CMIInteractionsObject Tests &gt; Field: cmi.weighting &gt; Should fail to read from cmi.weighting" time="0.00002875">
        </testcase>
        <testcase classname="test/cmi/scorm12_cmi.spec.ts" name="SCORM 1.2 CMI Tests &gt; CMI Spec Tests &gt; CMIInteractionsObject Tests &gt; Field: cmi.weighting &gt; Should successfully write to cmi.weighting" time="0.000041709">
        </testcase>
        <testcase classname="test/cmi/scorm12_cmi.spec.ts" name="SCORM 1.2 CMI Tests &gt; CMI Spec Tests &gt; CMIInteractionsObject Tests &gt; Field: cmi.weighting &gt; Should successfully write &apos;1&apos; to cmi.weighting" time="0.000042542">
        </testcase>
        <testcase classname="test/cmi/scorm12_cmi.spec.ts" name="SCORM 1.2 CMI Tests &gt; CMI Spec Tests &gt; CMIInteractionsObject Tests &gt; Field: cmi.weighting &gt; Should successfully write &apos;50&apos; to cmi.weighting" time="0.000029792">
        </testcase>
        <testcase classname="test/cmi/scorm12_cmi.spec.ts" name="SCORM 1.2 CMI Tests &gt; CMI Spec Tests &gt; CMIInteractionsObject Tests &gt; Field: cmi.weighting &gt; Should successfully write &apos;100&apos; to cmi.weighting" time="0.000029125">
        </testcase>
        <testcase classname="test/cmi/scorm12_cmi.spec.ts" name="SCORM 1.2 CMI Tests &gt; CMI Spec Tests &gt; CMIInteractionsObject Tests &gt; Field: cmi.weighting &gt; Should successfully write &apos;-1&apos; to cmi.weighting" time="0.000030875">
        </testcase>
        <testcase classname="test/cmi/scorm12_cmi.spec.ts" name="SCORM 1.2 CMI Tests &gt; CMI Spec Tests &gt; CMIInteractionsObject Tests &gt; Field: cmi.weighting &gt; Should successfully write &apos;-50&apos; to cmi.weighting" time="0.000030417">
        </testcase>
        <testcase classname="test/cmi/scorm12_cmi.spec.ts" name="SCORM 1.2 CMI Tests &gt; CMI Spec Tests &gt; CMIInteractionsObject Tests &gt; Field: cmi.weighting &gt; Should successfully write &apos;-100&apos; to cmi.weighting" time="0.000029375">
        </testcase>
        <testcase classname="test/cmi/scorm12_cmi.spec.ts" name="SCORM 1.2 CMI Tests &gt; CMI Spec Tests &gt; CMIInteractionsObject Tests &gt; Field: cmi.weighting &gt; Should fail to write &apos;invalid&apos; to cmi.weighting" time="0.000031541">
        </testcase>
        <testcase classname="test/cmi/scorm12_cmi.spec.ts" name="SCORM 1.2 CMI Tests &gt; CMI Spec Tests &gt; CMIInteractionsObject Tests &gt; Field: cmi.weighting &gt; Should fail to write &apos;a100&apos; to cmi.weighting" time="0.000032167">
        </testcase>
        <testcase classname="test/cmi/scorm12_cmi.spec.ts" name="SCORM 1.2 CMI Tests &gt; CMI Spec Tests &gt; CMIInteractionsObject Tests &gt; Field: cmi.weighting &gt; Should fail to write &apos;-101&apos; to cmi.weighting" time="0.000032833">
        </testcase>
        <testcase classname="test/cmi/scorm12_cmi.spec.ts" name="SCORM 1.2 CMI Tests &gt; CMI Spec Tests &gt; CMIInteractionsObject Tests &gt; Field: cmi.weighting &gt; Should fail to write &apos;101&apos; to cmi.weighting" time="0.000032792">
        </testcase>
        <testcase classname="test/cmi/scorm12_cmi.spec.ts" name="SCORM 1.2 CMI Tests &gt; CMI Spec Tests &gt; CMIInteractionsObject Tests &gt; Field: cmi.weighting &gt; Should fail to write &apos;-100000&apos; to cmi.weighting" time="0.000033542">
        </testcase>
        <testcase classname="test/cmi/scorm12_cmi.spec.ts" name="SCORM 1.2 CMI Tests &gt; CMI Spec Tests &gt; CMIInteractionsObject Tests &gt; Field: cmi.weighting &gt; Should fail to write &apos;100000&apos; to cmi.weighting" time="0.000031958">
        </testcase>
        <testcase classname="test/cmi/scorm12_cmi.spec.ts" name="SCORM 1.2 CMI Tests &gt; CMI Spec Tests &gt; CMIInteractionsObject Tests &gt; Field: cmi.student_response &gt; Should fail to read from cmi.student_response" time="0.000028167">
        </testcase>
        <testcase classname="test/cmi/scorm12_cmi.spec.ts" name="SCORM 1.2 CMI Tests &gt; CMI Spec Tests &gt; CMIInteractionsObject Tests &gt; Field: cmi.student_response &gt; Should successfully write to cmi.student_response" time="0.000036625">
        </testcase>
        <testcase classname="test/cmi/scorm12_cmi.spec.ts" name="SCORM 1.2 CMI Tests &gt; CMI Spec Tests &gt; CMIInteractionsObject Tests &gt; Field: cmi.result &gt; Should fail to read from cmi.result" time="0.000027542">
        </testcase>
        <testcase classname="test/cmi/scorm12_cmi.spec.ts" name="SCORM 1.2 CMI Tests &gt; CMI Spec Tests &gt; CMIInteractionsObject Tests &gt; Field: cmi.result &gt; Should successfully write to cmi.result" time="0.000057875">
        </testcase>
        <testcase classname="test/cmi/scorm12_cmi.spec.ts" name="SCORM 1.2 CMI Tests &gt; CMI Spec Tests &gt; CMIInteractionsObject Tests &gt; Field: cmi.result &gt; Should successfully write &apos;correct&apos; to cmi.result" time="0.000030667">
        </testcase>
        <testcase classname="test/cmi/scorm12_cmi.spec.ts" name="SCORM 1.2 CMI Tests &gt; CMI Spec Tests &gt; CMIInteractionsObject Tests &gt; Field: cmi.result &gt; Should successfully write &apos;wrong&apos; to cmi.result" time="0.000054542">
        </testcase>
        <testcase classname="test/cmi/scorm12_cmi.spec.ts" name="SCORM 1.2 CMI Tests &gt; CMI Spec Tests &gt; CMIInteractionsObject Tests &gt; Field: cmi.result &gt; Should successfully write &apos;unanticipated&apos; to cmi.result" time="0.00002875">
        </testcase>
        <testcase classname="test/cmi/scorm12_cmi.spec.ts" name="SCORM 1.2 CMI Tests &gt; CMI Spec Tests &gt; CMIInteractionsObject Tests &gt; Field: cmi.result &gt; Should successfully write &apos;neutral&apos; to cmi.result" time="0.000029584">
        </testcase>
        <testcase classname="test/cmi/scorm12_cmi.spec.ts" name="SCORM 1.2 CMI Tests &gt; CMI Spec Tests &gt; CMIInteractionsObject Tests &gt; Field: cmi.result &gt; Should successfully write &apos;1&apos; to cmi.result" time="0.000028042">
        </testcase>
        <testcase classname="test/cmi/scorm12_cmi.spec.ts" name="SCORM 1.2 CMI Tests &gt; CMI Spec Tests &gt; CMIInteractionsObject Tests &gt; Field: cmi.result &gt; Should successfully write &apos;999&apos; to cmi.result" time="0.000028459">
        </testcase>
        <testcase classname="test/cmi/scorm12_cmi.spec.ts" name="SCORM 1.2 CMI Tests &gt; CMI Spec Tests &gt; CMIInteractionsObject Tests &gt; Field: cmi.result &gt; Should successfully write &apos;999.99999&apos; to cmi.result" time="0.000028">
        </testcase>
        <testcase classname="test/cmi/scorm12_cmi.spec.ts" name="SCORM 1.2 CMI Tests &gt; CMI Spec Tests &gt; CMIInteractionsObject Tests &gt; Field: cmi.result &gt; Should fail to write &apos;-10000&apos; to cmi.result" time="0.000031667">
        </testcase>
        <testcase classname="test/cmi/scorm12_cmi.spec.ts" name="SCORM 1.2 CMI Tests &gt; CMI Spec Tests &gt; CMIInteractionsObject Tests &gt; Field: cmi.result &gt; Should fail to write &apos;10000&apos; to cmi.result" time="0.000033125">
        </testcase>
        <testcase classname="test/cmi/scorm12_cmi.spec.ts" name="SCORM 1.2 CMI Tests &gt; CMI Spec Tests &gt; CMIInteractionsObject Tests &gt; Field: cmi.result &gt; Should fail to write &apos;invalid&apos; to cmi.result" time="0.000031334">
        </testcase>
        <testcase classname="test/cmi/scorm12_cmi.spec.ts" name="SCORM 1.2 CMI Tests &gt; CMI Spec Tests &gt; CMIInteractionsObject Tests &gt; Field: cmi.result &gt; Should fail to write &apos;incorrect&apos; to cmi.result" time="0.000031791">
        </testcase>
        <testcase classname="test/cmi/scorm12_cmi.spec.ts" name="SCORM 1.2 CMI Tests &gt; CMI Spec Tests &gt; CMIInteractionsObject Tests &gt; Field: cmi.latency &gt; Should fail to read from cmi.latency" time="0.000068333">
        </testcase>
        <testcase classname="test/cmi/scorm12_cmi.spec.ts" name="SCORM 1.2 CMI Tests &gt; CMI Spec Tests &gt; CMIInteractionsObject Tests &gt; Field: cmi.latency &gt; Should successfully write to cmi.latency" time="0.000038167">
        </testcase>
        <testcase classname="test/cmi/scorm12_cmi.spec.ts" name="SCORM 1.2 CMI Tests &gt; CMI Spec Tests &gt; CMIInteractionsObject Tests &gt; Field: cmi.latency &gt; Should successfully write &apos;10:06:57&apos; to cmi.latency" time="0.0000285">
        </testcase>
        <testcase classname="test/cmi/scorm12_cmi.spec.ts" name="SCORM 1.2 CMI Tests &gt; CMI Spec Tests &gt; CMIInteractionsObject Tests &gt; Field: cmi.latency &gt; Should successfully write &apos;00:00:01.56&apos; to cmi.latency" time="0.000027875">
        </testcase>
        <testcase classname="test/cmi/scorm12_cmi.spec.ts" name="SCORM 1.2 CMI Tests &gt; CMI Spec Tests &gt; CMIInteractionsObject Tests &gt; Field: cmi.latency &gt; Should successfully write &apos;23:59:59&apos; to cmi.latency" time="0.000047083">
        </testcase>
        <testcase classname="test/cmi/scorm12_cmi.spec.ts" name="SCORM 1.2 CMI Tests &gt; CMI Spec Tests &gt; CMIInteractionsObject Tests &gt; Field: cmi.latency &gt; Should successfully write &apos;47:59:59&apos; to cmi.latency" time="0.000027833">
        </testcase>
        <testcase classname="test/cmi/scorm12_cmi.spec.ts" name="SCORM 1.2 CMI Tests &gt; CMI Spec Tests &gt; CMIInteractionsObject Tests &gt; Field: cmi.latency &gt; Should fail to write &apos;06:5:13&apos; to cmi.latency" time="0.000031625">
        </testcase>
        <testcase classname="test/cmi/scorm12_cmi.spec.ts" name="SCORM 1.2 CMI Tests &gt; CMI Spec Tests &gt; CMIInteractionsObject Tests &gt; Field: cmi.latency &gt; Should fail to write &apos;23:59:59.123&apos; to cmi.latency" time="0.000031125">
        </testcase>
        <testcase classname="test/cmi/scorm12_cmi.spec.ts" name="SCORM 1.2 CMI Tests &gt; CMI Spec Tests &gt; CMIInteractionsObject Tests &gt; Field: cmi.latency &gt; Should fail to write &apos;P1DT23H59M59S&apos; to cmi.latency" time="0.00003175">
        </testcase>
        <testcase classname="test/cmi/scorm12_cmi.spec.ts" name="SCORM 1.2 CMI Tests &gt; CMI Spec Tests &gt; CMIInteractionsObject Tests &gt; should export JSON" time="0.000062583">
        </testcase>
        <testcase classname="test/cmi/scorm12_cmi.spec.ts" name="SCORM 1.2 CMI Tests &gt; CMI Spec Tests &gt; CMIInteractionsObjectivesObject Tests &gt; Field: cmi.id &gt; Should be able to read from cmi.id" time="0.000020375">
        </testcase>
        <testcase classname="test/cmi/scorm12_cmi.spec.ts" name="SCORM 1.2 CMI Tests &gt; CMI Spec Tests &gt; CMIInteractionsObjectivesObject Tests &gt; Field: cmi.id &gt; Should successfully write to cmi.id" time="0.000048375">
        </testcase>
        <testcase classname="test/cmi/scorm12_cmi.spec.ts" name="SCORM 1.2 CMI Tests &gt; CMI Spec Tests &gt; CMIInteractionsObjectivesObject Tests &gt; should export JSON" time="0.000024792">
        </testcase>
        <testcase classname="test/cmi/scorm12_cmi.spec.ts" name="SCORM 1.2 CMI Tests &gt; CMI Spec Tests &gt; CMIInteractionsCorrectResponsesObject Tests &gt; Field: cmi.pattern &gt; Should fail to read from cmi.pattern" time="0.000036083">
        </testcase>
        <testcase classname="test/cmi/scorm12_cmi.spec.ts" name="SCORM 1.2 CMI Tests &gt; CMI Spec Tests &gt; CMIInteractionsCorrectResponsesObject Tests &gt; Field: cmi.pattern &gt; Should successfully write to cmi.pattern" time="0.000034958">
        </testcase>
        <testcase classname="test/cmi/scorm12_cmi.spec.ts" name="SCORM 1.2 CMI Tests &gt; CMI Spec Tests &gt; CMIInteractionsCorrectResponsesObject Tests &gt; should export JSON" time="0.000023333">
        </testcase>
        <testcase classname="test/cmi/scorm12_cmi.spec.ts" name="SCORM 1.2 CMI Tests &gt; CMI Spec Tests &gt; CMIObjectivesObject Tests &gt; Field: cmi.id &gt; Should be able to read from cmi.id" time="0.000020042">
        </testcase>
        <testcase classname="test/cmi/scorm12_cmi.spec.ts" name="SCORM 1.2 CMI Tests &gt; CMI Spec Tests &gt; CMIObjectivesObject Tests &gt; Field: cmi.id &gt; Should successfully write to cmi.id" time="0.0000335">
        </testcase>
        <testcase classname="test/cmi/scorm12_cmi.spec.ts" name="SCORM 1.2 CMI Tests &gt; CMI Spec Tests &gt; CMIObjectivesObject Tests &gt; Field: cmi.status &gt; Should be able to read from cmi.status" time="0.000020584">
        </testcase>
        <testcase classname="test/cmi/scorm12_cmi.spec.ts" name="SCORM 1.2 CMI Tests &gt; CMI Spec Tests &gt; CMIObjectivesObject Tests &gt; Field: cmi.status &gt; Should successfully write &apos;passed&apos; to cmi.status" time="0.000036666">
        </testcase>
        <testcase classname="test/cmi/scorm12_cmi.spec.ts" name="SCORM 1.2 CMI Tests &gt; CMI Spec Tests &gt; CMIObjectivesObject Tests &gt; Field: cmi.status &gt; Should successfully write &apos;completed&apos; to cmi.status" time="0.00002925">
        </testcase>
        <testcase classname="test/cmi/scorm12_cmi.spec.ts" name="SCORM 1.2 CMI Tests &gt; CMI Spec Tests &gt; CMIObjectivesObject Tests &gt; Field: cmi.status &gt; Should successfully write &apos;failed&apos; to cmi.status" time="0.000029292">
        </testcase>
        <testcase classname="test/cmi/scorm12_cmi.spec.ts" name="SCORM 1.2 CMI Tests &gt; CMI Spec Tests &gt; CMIObjectivesObject Tests &gt; Field: cmi.status &gt; Should successfully write &apos;incomplete&apos; to cmi.status" time="0.000028125">
        </testcase>
        <testcase classname="test/cmi/scorm12_cmi.spec.ts" name="SCORM 1.2 CMI Tests &gt; CMI Spec Tests &gt; CMIObjectivesObject Tests &gt; Field: cmi.status &gt; Should successfully write &apos;browsed&apos; to cmi.status" time="0.000027792">
        </testcase>
        <testcase classname="test/cmi/scorm12_cmi.spec.ts" name="SCORM 1.2 CMI Tests &gt; CMI Spec Tests &gt; CMIObjectivesObject Tests &gt; Field: cmi.status &gt; Should successfully write &apos;not attempted&apos; to cmi.status" time="0.000028084">
        </testcase>
        <testcase classname="test/cmi/scorm12_cmi.spec.ts" name="SCORM 1.2 CMI Tests &gt; CMI Spec Tests &gt; CMIObjectivesObject Tests &gt; Field: cmi.status &gt; Should fail to write &apos;Passed&apos; to cmi.status" time="0.000031375">
        </testcase>
        <testcase classname="test/cmi/scorm12_cmi.spec.ts" name="SCORM 1.2 CMI Tests &gt; CMI Spec Tests &gt; CMIObjectivesObject Tests &gt; Field: cmi.status &gt; Should fail to write &apos;P&apos; to cmi.status" time="0.000032416">
        </testcase>
        <testcase classname="test/cmi/scorm12_cmi.spec.ts" name="SCORM 1.2 CMI Tests &gt; CMI Spec Tests &gt; CMIObjectivesObject Tests &gt; Field: cmi.status &gt; Should fail to write &apos;F&apos; to cmi.status" time="0.000031541">
        </testcase>
        <testcase classname="test/cmi/scorm12_cmi.spec.ts" name="SCORM 1.2 CMI Tests &gt; CMI Spec Tests &gt; CMIObjectivesObject Tests &gt; Field: cmi.status &gt; Should fail to write &apos;p&apos; to cmi.status" time="0.000033041">
        </testcase>
        <testcase classname="test/cmi/scorm12_cmi.spec.ts" name="SCORM 1.2 CMI Tests &gt; CMI Spec Tests &gt; CMIObjectivesObject Tests &gt; Field: cmi.status &gt; Should fail to write &apos;true&apos; to cmi.status" time="0.000042333">
        </testcase>
        <testcase classname="test/cmi/scorm12_cmi.spec.ts" name="SCORM 1.2 CMI Tests &gt; CMI Spec Tests &gt; CMIObjectivesObject Tests &gt; Field: cmi.status &gt; Should fail to write &apos;false&apos; to cmi.status" time="0.000030542">
        </testcase>
        <testcase classname="test/cmi/scorm12_cmi.spec.ts" name="SCORM 1.2 CMI Tests &gt; CMI Spec Tests &gt; CMIObjectivesObject Tests &gt; Field: cmi.status &gt; Should fail to write &apos;complete&apos; to cmi.status" time="0.000032084">
        </testcase>
        <testcase classname="test/cmi/scorm12_cmi.spec.ts" name="SCORM 1.2 CMI Tests &gt; CMI Spec Tests &gt; CMIObjectivesObject Tests &gt; Field: cmi.score._children &gt; Should be able to read from cmi.score._children" time="0.000020833">
        </testcase>
        <testcase classname="test/cmi/scorm12_cmi.spec.ts" name="SCORM 1.2 CMI Tests &gt; CMI Spec Tests &gt; CMIObjectivesObject Tests &gt; Field: cmi.score._children &gt; Should fail to write to cmi.score._children" time="0.000028542">
        </testcase>
        <testcase classname="test/cmi/scorm12_cmi.spec.ts" name="SCORM 1.2 CMI Tests &gt; CMI Spec Tests &gt; CMIObjectivesObject Tests &gt; Field: cmi.score.raw &gt; Should be able to read from cmi.score.raw" time="0.000021834">
        </testcase>
        <testcase classname="test/cmi/scorm12_cmi.spec.ts" name="SCORM 1.2 CMI Tests &gt; CMI Spec Tests &gt; CMIObjectivesObject Tests &gt; Field: cmi.score.raw &gt; Should successfully write &apos;1&apos; to cmi.score.raw" time="0.000032375">
        </testcase>
        <testcase classname="test/cmi/scorm12_cmi.spec.ts" name="SCORM 1.2 CMI Tests &gt; CMI Spec Tests &gt; CMIObjectivesObject Tests &gt; Field: cmi.score.raw &gt; Should successfully write &apos;50.25&apos; to cmi.score.raw" time="0.000030291">
        </testcase>
        <testcase classname="test/cmi/scorm12_cmi.spec.ts" name="SCORM 1.2 CMI Tests &gt; CMI Spec Tests &gt; CMIObjectivesObject Tests &gt; Field: cmi.score.raw &gt; Should successfully write &apos;70&apos; to cmi.score.raw" time="0.000030167">
        </testcase>
        <testcase classname="test/cmi/scorm12_cmi.spec.ts" name="SCORM 1.2 CMI Tests &gt; CMI Spec Tests &gt; CMIObjectivesObject Tests &gt; Field: cmi.score.raw &gt; Should successfully write &apos;100&apos; to cmi.score.raw" time="0.000028875">
        </testcase>
        <testcase classname="test/cmi/scorm12_cmi.spec.ts" name="SCORM 1.2 CMI Tests &gt; CMI Spec Tests &gt; CMIObjectivesObject Tests &gt; Field: cmi.score.raw &gt; Should successfully write &apos;1&apos; to cmi.score.raw" time="0.000029125">
        </testcase>
        <testcase classname="test/cmi/scorm12_cmi.spec.ts" name="SCORM 1.2 CMI Tests &gt; CMI Spec Tests &gt; CMIObjectivesObject Tests &gt; Field: cmi.score.raw &gt; Should successfully write &apos;50.25&apos; to cmi.score.raw" time="0.000032417">
        </testcase>
        <testcase classname="test/cmi/scorm12_cmi.spec.ts" name="SCORM 1.2 CMI Tests &gt; CMI Spec Tests &gt; CMIObjectivesObject Tests &gt; Field: cmi.score.raw &gt; Should successfully write &apos;70&apos; to cmi.score.raw" time="0.000029875">
        </testcase>
        <testcase classname="test/cmi/scorm12_cmi.spec.ts" name="SCORM 1.2 CMI Tests &gt; CMI Spec Tests &gt; CMIObjectivesObject Tests &gt; Field: cmi.score.raw &gt; Should successfully write &apos;100&apos; to cmi.score.raw" time="0.000035375">
        </testcase>
        <testcase classname="test/cmi/scorm12_cmi.spec.ts" name="SCORM 1.2 CMI Tests &gt; CMI Spec Tests &gt; CMIObjectivesObject Tests &gt; Field: cmi.score.raw &gt; Should fail to write &apos;invalid&apos; to cmi.score.raw" time="0.000035083">
        </testcase>
        <testcase classname="test/cmi/scorm12_cmi.spec.ts" name="SCORM 1.2 CMI Tests &gt; CMI Spec Tests &gt; CMIObjectivesObject Tests &gt; Field: cmi.score.raw &gt; Should fail to write &apos;a100&apos; to cmi.score.raw" time="0.0000355">
        </testcase>
        <testcase classname="test/cmi/scorm12_cmi.spec.ts" name="SCORM 1.2 CMI Tests &gt; CMI Spec Tests &gt; CMIObjectivesObject Tests &gt; Field: cmi.score.raw &gt; Should fail to write &apos;-1&apos; to cmi.score.raw" time="0.000032375">
        </testcase>
        <testcase classname="test/cmi/scorm12_cmi.spec.ts" name="SCORM 1.2 CMI Tests &gt; CMI Spec Tests &gt; CMIObjectivesObject Tests &gt; Field: cmi.score.raw &gt; Should fail to write &apos;101&apos; to cmi.score.raw" time="0.000047875">
        </testcase>
        <testcase classname="test/cmi/scorm12_cmi.spec.ts" name="SCORM 1.2 CMI Tests &gt; CMI Spec Tests &gt; CMIObjectivesObject Tests &gt; Field: cmi.score.raw &gt; Should fail to write &apos;-100000&apos; to cmi.score.raw" time="0.000034125">
        </testcase>
        <testcase classname="test/cmi/scorm12_cmi.spec.ts" name="SCORM 1.2 CMI Tests &gt; CMI Spec Tests &gt; CMIObjectivesObject Tests &gt; Field: cmi.score.raw &gt; Should fail to write &apos;100000&apos; to cmi.score.raw" time="0.000035583">
        </testcase>
        <testcase classname="test/cmi/scorm12_cmi.spec.ts" name="SCORM 1.2 CMI Tests &gt; CMI Spec Tests &gt; CMIObjectivesObject Tests &gt; Field: cmi.score.min &gt; Should be able to read from cmi.score.min" time="0.000024334">
        </testcase>
        <testcase classname="test/cmi/scorm12_cmi.spec.ts" name="SCORM 1.2 CMI Tests &gt; CMI Spec Tests &gt; CMIObjectivesObject Tests &gt; Field: cmi.score.min &gt; Should successfully write &apos;1&apos; to cmi.score.min" time="0.000030333">
        </testcase>
        <testcase classname="test/cmi/scorm12_cmi.spec.ts" name="SCORM 1.2 CMI Tests &gt; CMI Spec Tests &gt; CMIObjectivesObject Tests &gt; Field: cmi.score.min &gt; Should successfully write &apos;50.25&apos; to cmi.score.min" time="0.000029833">
        </testcase>
        <testcase classname="test/cmi/scorm12_cmi.spec.ts" name="SCORM 1.2 CMI Tests &gt; CMI Spec Tests &gt; CMIObjectivesObject Tests &gt; Field: cmi.score.min &gt; Should successfully write &apos;70&apos; to cmi.score.min" time="0.000029667">
        </testcase>
        <testcase classname="test/cmi/scorm12_cmi.spec.ts" name="SCORM 1.2 CMI Tests &gt; CMI Spec Tests &gt; CMIObjectivesObject Tests &gt; Field: cmi.score.min &gt; Should successfully write &apos;100&apos; to cmi.score.min" time="0.000028917">
        </testcase>
        <testcase classname="test/cmi/scorm12_cmi.spec.ts" name="SCORM 1.2 CMI Tests &gt; CMI Spec Tests &gt; CMIObjectivesObject Tests &gt; Field: cmi.score.min &gt; Should successfully write &apos;1&apos; to cmi.score.min" time="0.000031125">
        </testcase>
        <testcase classname="test/cmi/scorm12_cmi.spec.ts" name="SCORM 1.2 CMI Tests &gt; CMI Spec Tests &gt; CMIObjectivesObject Tests &gt; Field: cmi.score.min &gt; Should successfully write &apos;50.25&apos; to cmi.score.min" time="0.000028375">
        </testcase>
        <testcase classname="test/cmi/scorm12_cmi.spec.ts" name="SCORM 1.2 CMI Tests &gt; CMI Spec Tests &gt; CMIObjectivesObject Tests &gt; Field: cmi.score.min &gt; Should successfully write &apos;70&apos; to cmi.score.min" time="0.00002775">
        </testcase>
        <testcase classname="test/cmi/scorm12_cmi.spec.ts" name="SCORM 1.2 CMI Tests &gt; CMI Spec Tests &gt; CMIObjectivesObject Tests &gt; Field: cmi.score.min &gt; Should successfully write &apos;100&apos; to cmi.score.min" time="0.000028375">
        </testcase>
        <testcase classname="test/cmi/scorm12_cmi.spec.ts" name="SCORM 1.2 CMI Tests &gt; CMI Spec Tests &gt; CMIObjectivesObject Tests &gt; Field: cmi.score.min &gt; Should fail to write &apos;invalid&apos; to cmi.score.min" time="0.000033375">
        </testcase>
        <testcase classname="test/cmi/scorm12_cmi.spec.ts" name="SCORM 1.2 CMI Tests &gt; CMI Spec Tests &gt; CMIObjectivesObject Tests &gt; Field: cmi.score.min &gt; Should fail to write &apos;a100&apos; to cmi.score.min" time="0.000032583">
        </testcase>
        <testcase classname="test/cmi/scorm12_cmi.spec.ts" name="SCORM 1.2 CMI Tests &gt; CMI Spec Tests &gt; CMIObjectivesObject Tests &gt; Field: cmi.score.min &gt; Should fail to write &apos;-1&apos; to cmi.score.min" time="0.000034208">
        </testcase>
        <testcase classname="test/cmi/scorm12_cmi.spec.ts" name="SCORM 1.2 CMI Tests &gt; CMI Spec Tests &gt; CMIObjectivesObject Tests &gt; Field: cmi.score.min &gt; Should fail to write &apos;101&apos; to cmi.score.min" time="0.00003425">
        </testcase>
        <testcase classname="test/cmi/scorm12_cmi.spec.ts" name="SCORM 1.2 CMI Tests &gt; CMI Spec Tests &gt; CMIObjectivesObject Tests &gt; Field: cmi.score.min &gt; Should fail to write &apos;-100000&apos; to cmi.score.min" time="0.000033417">
        </testcase>
        <testcase classname="test/cmi/scorm12_cmi.spec.ts" name="SCORM 1.2 CMI Tests &gt; CMI Spec Tests &gt; CMIObjectivesObject Tests &gt; Field: cmi.score.min &gt; Should fail to write &apos;100000&apos; to cmi.score.min" time="0.000031375">
        </testcase>
        <testcase classname="test/cmi/scorm12_cmi.spec.ts" name="SCORM 1.2 CMI Tests &gt; CMI Spec Tests &gt; CMIObjectivesObject Tests &gt; Field: cmi.score.max &gt; Should be able to read from cmi.score.max" time="0.000021042">
        </testcase>
        <testcase classname="test/cmi/scorm12_cmi.spec.ts" name="SCORM 1.2 CMI Tests &gt; CMI Spec Tests &gt; CMIObjectivesObject Tests &gt; Field: cmi.score.max &gt; Should successfully write &apos;1&apos; to cmi.score.max" time="0.000029042">
        </testcase>
        <testcase classname="test/cmi/scorm12_cmi.spec.ts" name="SCORM 1.2 CMI Tests &gt; CMI Spec Tests &gt; CMIObjectivesObject Tests &gt; Field: cmi.score.max &gt; Should successfully write &apos;50.25&apos; to cmi.score.max" time="0.000029334">
        </testcase>
        <testcase classname="test/cmi/scorm12_cmi.spec.ts" name="SCORM 1.2 CMI Tests &gt; CMI Spec Tests &gt; CMIObjectivesObject Tests &gt; Field: cmi.score.max &gt; Should successfully write &apos;70&apos; to cmi.score.max" time="0.000031">
        </testcase>
        <testcase classname="test/cmi/scorm12_cmi.spec.ts" name="SCORM 1.2 CMI Tests &gt; CMI Spec Tests &gt; CMIObjectivesObject Tests &gt; Field: cmi.score.max &gt; Should successfully write &apos;100&apos; to cmi.score.max" time="0.00002825">
        </testcase>
        <testcase classname="test/cmi/scorm12_cmi.spec.ts" name="SCORM 1.2 CMI Tests &gt; CMI Spec Tests &gt; CMIObjectivesObject Tests &gt; Field: cmi.score.max &gt; Should successfully write &apos;1&apos; to cmi.score.max" time="0.000027917">
        </testcase>
        <testcase classname="test/cmi/scorm12_cmi.spec.ts" name="SCORM 1.2 CMI Tests &gt; CMI Spec Tests &gt; CMIObjectivesObject Tests &gt; Field: cmi.score.max &gt; Should successfully write &apos;50.25&apos; to cmi.score.max" time="0.000028292">
        </testcase>
        <testcase classname="test/cmi/scorm12_cmi.spec.ts" name="SCORM 1.2 CMI Tests &gt; CMI Spec Tests &gt; CMIObjectivesObject Tests &gt; Field: cmi.score.max &gt; Should successfully write &apos;70&apos; to cmi.score.max" time="0.0000295">
        </testcase>
        <testcase classname="test/cmi/scorm12_cmi.spec.ts" name="SCORM 1.2 CMI Tests &gt; CMI Spec Tests &gt; CMIObjectivesObject Tests &gt; Field: cmi.score.max &gt; Should successfully write &apos;100&apos; to cmi.score.max" time="0.000027917">
        </testcase>
        <testcase classname="test/cmi/scorm12_cmi.spec.ts" name="SCORM 1.2 CMI Tests &gt; CMI Spec Tests &gt; CMIObjectivesObject Tests &gt; Field: cmi.score.max &gt; Should fail to write &apos;invalid&apos; to cmi.score.max" time="0.000032041">
        </testcase>
        <testcase classname="test/cmi/scorm12_cmi.spec.ts" name="SCORM 1.2 CMI Tests &gt; CMI Spec Tests &gt; CMIObjectivesObject Tests &gt; Field: cmi.score.max &gt; Should fail to write &apos;a100&apos; to cmi.score.max" time="0.000032042">
        </testcase>
        <testcase classname="test/cmi/scorm12_cmi.spec.ts" name="SCORM 1.2 CMI Tests &gt; CMI Spec Tests &gt; CMIObjectivesObject Tests &gt; Field: cmi.score.max &gt; Should fail to write &apos;-1&apos; to cmi.score.max" time="0.000031459">
        </testcase>
        <testcase classname="test/cmi/scorm12_cmi.spec.ts" name="SCORM 1.2 CMI Tests &gt; CMI Spec Tests &gt; CMIObjectivesObject Tests &gt; Field: cmi.score.max &gt; Should fail to write &apos;101&apos; to cmi.score.max" time="0.000032542">
        </testcase>
        <testcase classname="test/cmi/scorm12_cmi.spec.ts" name="SCORM 1.2 CMI Tests &gt; CMI Spec Tests &gt; CMIObjectivesObject Tests &gt; Field: cmi.score.max &gt; Should fail to write &apos;-100000&apos; to cmi.score.max" time="0.00003275">
        </testcase>
        <testcase classname="test/cmi/scorm12_cmi.spec.ts" name="SCORM 1.2 CMI Tests &gt; CMI Spec Tests &gt; CMIObjectivesObject Tests &gt; Field: cmi.score.max &gt; Should fail to write &apos;100000&apos; to cmi.score.max" time="0.000032125">
        </testcase>
        <testcase classname="test/cmi/scorm12_cmi.spec.ts" name="SCORM 1.2 CMI Tests &gt; CMI Spec Tests &gt; CMIObjectivesObject Tests &gt; should export JSON" time="0.000033583">
        </testcase>
    </testsuite>
    <testsuite name="test/cmi/scorm12_cmi_reset.spec.ts" timestamp="2025-05-05T03:40:25.034Z" hostname="jonathans-macbook-pro-2.mara-rohu.ts.net" tests="6" failures="0" errors="0" skipped="0" time="0.001937167">
        <testcase classname="test/cmi/scorm12_cmi_reset.spec.ts" name="SCORM 1.2 CMI Reset Tests &gt; reset() &gt; should reset the initialized flag to false" time="0.000709458">
        </testcase>
        <testcase classname="test/cmi/scorm12_cmi_reset.spec.ts" name="SCORM 1.2 CMI Reset Tests &gt; reset() &gt; should clear launch_data and comments on reset" time="0.000177583">
        </testcase>
        <testcase classname="test/cmi/scorm12_cmi_reset.spec.ts" name="SCORM 1.2 CMI Reset Tests &gt; reset() &gt; should keep some core properties and reset others after reset" time="0.000290959">
        </testcase>
        <testcase classname="test/cmi/scorm12_cmi_reset.spec.ts" name="SCORM 1.2 CMI Reset Tests &gt; reset() &gt; should keep student data and preferences after reset" time="0.000128625">
        </testcase>
        <testcase classname="test/cmi/scorm12_cmi_reset.spec.ts" name="SCORM 1.2 CMI Reset Tests &gt; reset() &gt; should not affect comments_from_lms" time="0.000054042">
        </testcase>
        <testcase classname="test/cmi/scorm12_cmi_reset.spec.ts" name="SCORM 1.2 CMI Reset Tests &gt; reset() &gt; should reset arrays to empty arrays but not null" time="0.0001305">
        </testcase>
    </testsuite>
    <testsuite name="test/cmi/scorm12_interactions_reset.spec.ts" timestamp="2025-05-05T03:40:25.035Z" hostname="jonathans-macbook-pro-2.mara-rohu.ts.net" tests="3" failures="0" errors="0" skipped="0" time="0.001880125">
        <testcase classname="test/cmi/scorm12_interactions_reset.spec.ts" name="SCORM 1.2 Interactions Reset Tests &gt; CMIInteractionsObject reset method &gt; should reset all properties to their default values" time="0.001264">
        </testcase>
        <testcase classname="test/cmi/scorm12_interactions_reset.spec.ts" name="SCORM 1.2 Interactions Reset Tests &gt; CMIInteractionsObjectivesObject reset method &gt; should reset the id to an empty string" time="0.000066084">
        </testcase>
        <testcase classname="test/cmi/scorm12_interactions_reset.spec.ts" name="SCORM 1.2 Interactions Reset Tests &gt; CMIInteractionsCorrectResponsesObject reset method &gt; should reset the pattern to an empty string" time="0.000129292">
        </testcase>
    </testsuite>
    <testsuite name="test/cmi/scorm12_objectives_reset.spec.ts" timestamp="2025-05-05T03:40:25.035Z" hostname="jonathans-macbook-pro-2.mara-rohu.ts.net" tests="1" failures="0" errors="0" skipped="0" time="0.00143375">
        <testcase classname="test/cmi/scorm12_objectives_reset.spec.ts" name="SCORM 1.2 Objectives Reset Tests &gt; CMIObjectivesObject reset method &gt; should reset all properties to their default values" time="0.001011208">
        </testcase>
    </testsuite>
    <testsuite name="test/cmi/scorm2004_adl.spec.ts" timestamp="2025-05-05T03:40:25.035Z" hostname="jonathans-macbook-pro-2.mara-rohu.ts.net" tests="29" failures="0" errors="0" skipped="0" time="0.007159458">
        <testcase classname="test/cmi/scorm2004_adl.spec.ts" name="SCORM 2004 ADL Tests &gt; ADL Class Tests &gt; should initialize with default values" time="0.000619459">
        </testcase>
        <testcase classname="test/cmi/scorm2004_adl.spec.ts" name="SCORM 2004 ADL Tests &gt; ADL Class Tests &gt; should reset to default values" time="0.000251625">
        </testcase>
        <testcase classname="test/cmi/scorm2004_adl.spec.ts" name="SCORM 2004 ADL Tests &gt; ADL Class Tests &gt; should export to JSON correctly" time="0.000153417">
        </testcase>
        <testcase classname="test/cmi/scorm2004_adl.spec.ts" name="SCORM 2004 ADL Tests &gt; ADLNav Class Tests &gt; should initialize with default values" time="0.000062042">
        </testcase>
        <testcase classname="test/cmi/scorm2004_adl.spec.ts" name="SCORM 2004 ADL Tests &gt; ADLNav Class Tests &gt; should reset to default values" time="0.000041042">
        </testcase>
        <testcase classname="test/cmi/scorm2004_adl.spec.ts" name="SCORM 2004 ADL Tests &gt; ADLNav Class Tests &gt; should accept valid request values" time="0.000771208">
        </testcase>
        <testcase classname="test/cmi/scorm2004_adl.spec.ts" name="SCORM 2004 ADL Tests &gt; ADLNav Class Tests &gt; should reject invalid request values" time="0.000215666">
        </testcase>
        <testcase classname="test/cmi/scorm2004_adl.spec.ts" name="SCORM 2004 ADL Tests &gt; ADLNav Class Tests &gt; should export to JSON correctly" time="0.000041291">
        </testcase>
        <testcase classname="test/cmi/scorm2004_adl.spec.ts" name="SCORM 2004 ADL Tests &gt; ADLNavRequestValid Class Tests &gt; should initialize with default values" time="0.000314209">
        </testcase>
        <testcase classname="test/cmi/scorm2004_adl.spec.ts" name="SCORM 2004 ADL Tests &gt; ADLNavRequestValid Class Tests &gt; should reset to default values" time="0.000108333">
        </testcase>
        <testcase classname="test/cmi/scorm2004_adl.spec.ts" name="SCORM 2004 ADL Tests &gt; ADLNavRequestValid Class Tests &gt; should accept valid continue values" time="0.0001455">
        </testcase>
        <testcase classname="test/cmi/scorm2004_adl.spec.ts" name="SCORM 2004 ADL Tests &gt; ADLNavRequestValid Class Tests &gt; should accept valid previous values" time="0.000163125">
        </testcase>
        <testcase classname="test/cmi/scorm2004_adl.spec.ts" name="SCORM 2004 ADL Tests &gt; ADLNavRequestValid Class Tests &gt; should accept valid choice values" time="0.000221958">
        </testcase>
        <testcase classname="test/cmi/scorm2004_adl.spec.ts" name="SCORM 2004 ADL Tests &gt; ADLNavRequestValid Class Tests &gt; should accept valid jump values" time="0.0003245">
        </testcase>
        <testcase classname="test/cmi/scorm2004_adl.spec.ts" name="SCORM 2004 ADL Tests &gt; ADLNavRequestValid Class Tests &gt; should reject invalid jump values" time="0.000112709">
        </testcase>
        <testcase classname="test/cmi/scorm2004_adl.spec.ts" name="SCORM 2004 ADL Tests &gt; ADLNavRequestValid Class Tests &gt; should reject setting choice after initialization" time="0.000092125">
        </testcase>
        <testcase classname="test/cmi/scorm2004_adl.spec.ts" name="SCORM 2004 ADL Tests &gt; ADLNavRequestValid Class Tests &gt; should reject setting jump after initialization" time="0.000090416">
        </testcase>
        <testcase classname="test/cmi/scorm2004_adl.spec.ts" name="SCORM 2004 ADL Tests &gt; ADLNavRequestValid Class Tests &gt; should export to JSON correctly" time="0.000085625">
        </testcase>
        <testcase classname="test/cmi/scorm2004_adl.spec.ts" name="SCORM 2004 ADL Tests &gt; ADLData Class Tests &gt; should initialize with default values" time="0.000045917">
        </testcase>
        <testcase classname="test/cmi/scorm2004_adl.spec.ts" name="SCORM 2004 ADL Tests &gt; ADLDataObject Class Tests &gt; should initialize with default values" time="0.00009025">
        </testcase>
        <testcase classname="test/cmi/scorm2004_adl.spec.ts" name="SCORM 2004 ADL Tests &gt; ADLDataObject Class Tests &gt; should set and get id correctly" time="0.000058708">
        </testcase>
        <testcase classname="test/cmi/scorm2004_adl.spec.ts" name="SCORM 2004 ADL Tests &gt; ADLDataObject Class Tests &gt; should set and get store correctly" time="0.000451208">
        </testcase>
        <testcase classname="test/cmi/scorm2004_adl.spec.ts" name="SCORM 2004 ADL Tests &gt; ADLDataObject Class Tests &gt; should reset correctly" time="0.000083417">
        </testcase>
        <testcase classname="test/cmi/scorm2004_adl.spec.ts" name="SCORM 2004 ADL Tests &gt; ADLDataObject Class Tests &gt; should handle toJSON correctly" time="0.000070958">
        </testcase>
        <testcase classname="test/cmi/scorm2004_adl.spec.ts" name="SCORM 2004 ADL Tests &gt; ADL Initialize and Sequencing Tests &gt; should initialize ADL and its children" time="0.000116833">
        </testcase>
        <testcase classname="test/cmi/scorm2004_adl.spec.ts" name="SCORM 2004 ADL Tests &gt; ADL Initialize and Sequencing Tests &gt; should handle sequencing assignment" time="0.000185">
        </testcase>
        <testcase classname="test/cmi/scorm2004_adl.spec.ts" name="SCORM 2004 ADL Tests &gt; ADL Initialize and Sequencing Tests &gt; should handle null sequencing assignment" time="0.000045708">
        </testcase>
        <testcase classname="test/cmi/scorm2004_adl.spec.ts" name="SCORM 2004 ADL Tests &gt; ADL Initialize and Sequencing Tests &gt; should reset ADLNav and clear sequencing" time="0.000048958">
        </testcase>
        <testcase classname="test/cmi/scorm2004_adl.spec.ts" name="SCORM 2004 ADL Tests &gt; ADL Initialize and Sequencing Tests &gt; should process navigation request when sequencing is set" time="0.000641916">
        </testcase>
    </testsuite>
    <testsuite name="test/cmi/scorm2004_cmi.spec.ts" timestamp="2025-05-05T03:40:25.036Z" hostname="jonathans-macbook-pro-2.mara-rohu.ts.net" tests="599" failures="0" errors="0" skipped="0" time="0.052738958">
        <testcase classname="test/cmi/scorm2004_cmi.spec.ts" name="SCORM 2004 CMI Tests &gt; getCurrentTotalTime() &gt; Should return PT15M45S with a starting time of PT0S and a session time of PT15M45S" time="0.000876375">
        </testcase>
        <testcase classname="test/cmi/scorm2004_cmi.spec.ts" name="SCORM 2004 CMI Tests &gt; getCurrentTotalTime() &gt; Should return PT16M45S with a starting time of PT60S and a session time of PT15M45S" time="0.000087125">
        </testcase>
        <testcase classname="test/cmi/scorm2004_cmi.spec.ts" name="SCORM 2004 CMI Tests &gt; getCurrentTotalTime() &gt; Should return PT1M with a starting time of PT60S and a session time of PT0S" time="0.000138333">
        </testcase>
        <testcase classname="test/cmi/scorm2004_cmi.spec.ts" name="SCORM 2004 CMI Tests &gt; getCurrentTotalTime() &gt; Should return P1DT14H1M with a starting time of PT25H1M0S and a session time of PT13H" time="0.000118375">
        </testcase>
        <testcase classname="test/cmi/scorm2004_cmi.spec.ts" name="SCORM 2004 CMI Tests &gt; getCurrentTotalTime() &gt; Should return P2DT13H2M1S with a starting time of PT48H1M45S and a session time of PT13H16S" time="0.000062833">
        </testcase>
        <testcase classname="test/cmi/scorm2004_cmi.spec.ts" name="SCORM 2004 CMI Tests &gt; CMI Spec Tests &gt; Pre-Initialize Tests &gt; Field: cmi._version &gt; Should be able to read from cmi._version" time="0.000057875">
        </testcase>
        <testcase classname="test/cmi/scorm2004_cmi.spec.ts" name="SCORM 2004 CMI Tests &gt; CMI Spec Tests &gt; Pre-Initialize Tests &gt; Field: cmi._version &gt; Should fail to write to cmi._version" time="0.000439958">
        </testcase>
        <testcase classname="test/cmi/scorm2004_cmi.spec.ts" name="SCORM 2004 CMI Tests &gt; CMI Spec Tests &gt; Pre-Initialize Tests &gt; Field: cmi._children &gt; Should be able to read from cmi._children" time="0.0000455">
        </testcase>
        <testcase classname="test/cmi/scorm2004_cmi.spec.ts" name="SCORM 2004 CMI Tests &gt; CMI Spec Tests &gt; Pre-Initialize Tests &gt; Field: cmi._children &gt; Should fail to write to cmi._children" time="0.000134625">
        </testcase>
        <testcase classname="test/cmi/scorm2004_cmi.spec.ts" name="SCORM 2004 CMI Tests &gt; CMI Spec Tests &gt; Pre-Initialize Tests &gt; Field: cmi.completion_status &gt; Should successfully write &apos;completed&apos; to cmi.completion_status" time="0.000367125">
        </testcase>
        <testcase classname="test/cmi/scorm2004_cmi.spec.ts" name="SCORM 2004 CMI Tests &gt; CMI Spec Tests &gt; Pre-Initialize Tests &gt; Field: cmi.completion_status &gt; Should successfully write &apos;incomplete&apos; to cmi.completion_status" time="0.000079167">
        </testcase>
        <testcase classname="test/cmi/scorm2004_cmi.spec.ts" name="SCORM 2004 CMI Tests &gt; CMI Spec Tests &gt; Pre-Initialize Tests &gt; Field: cmi.completion_status &gt; Should successfully write &apos;not attempted&apos; to cmi.completion_status" time="0.000055625">
        </testcase>
        <testcase classname="test/cmi/scorm2004_cmi.spec.ts" name="SCORM 2004 CMI Tests &gt; CMI Spec Tests &gt; Pre-Initialize Tests &gt; Field: cmi.completion_status &gt; Should successfully write &apos;unknown&apos; to cmi.completion_status" time="0.00005325">
        </testcase>
        <testcase classname="test/cmi/scorm2004_cmi.spec.ts" name="SCORM 2004 CMI Tests &gt; CMI Spec Tests &gt; Pre-Initialize Tests &gt; Field: cmi.completion_status &gt; Should fail to write &apos;complete&apos; to cmi.completion_status" time="0.000181333">
        </testcase>
        <testcase classname="test/cmi/scorm2004_cmi.spec.ts" name="SCORM 2004 CMI Tests &gt; CMI Spec Tests &gt; Pre-Initialize Tests &gt; Field: cmi.completion_status &gt; Should fail to write &apos;passed&apos; to cmi.completion_status" time="0.000065833">
        </testcase>
        <testcase classname="test/cmi/scorm2004_cmi.spec.ts" name="SCORM 2004 CMI Tests &gt; CMI Spec Tests &gt; Pre-Initialize Tests &gt; Field: cmi.completion_status &gt; Should fail to write &apos;failed&apos; to cmi.completion_status" time="0.000096709">
        </testcase>
        <testcase classname="test/cmi/scorm2004_cmi.spec.ts" name="SCORM 2004 CMI Tests &gt; CMI Spec Tests &gt; Pre-Initialize Tests &gt; Field: cmi.completion_threshold &gt; Should be able to read from cmi.completion_threshold" time="0.000051333">
        </testcase>
        <testcase classname="test/cmi/scorm2004_cmi.spec.ts" name="SCORM 2004 CMI Tests &gt; CMI Spec Tests &gt; Pre-Initialize Tests &gt; Field: cmi.completion_threshold &gt; Should successfully write to cmi.completion_threshold" time="0.000066833">
        </testcase>
        <testcase classname="test/cmi/scorm2004_cmi.spec.ts" name="SCORM 2004 CMI Tests &gt; CMI Spec Tests &gt; Pre-Initialize Tests &gt; Field: cmi.credit &gt; Should be able to read from cmi.credit" time="0.000034416">
        </testcase>
        <testcase classname="test/cmi/scorm2004_cmi.spec.ts" name="SCORM 2004 CMI Tests &gt; CMI Spec Tests &gt; Pre-Initialize Tests &gt; Field: cmi.credit &gt; Should successfully write to cmi.credit" time="0.000120958">
        </testcase>
        <testcase classname="test/cmi/scorm2004_cmi.spec.ts" name="SCORM 2004 CMI Tests &gt; CMI Spec Tests &gt; Pre-Initialize Tests &gt; Field: cmi.entry &gt; Should be able to read from cmi.entry" time="0.000034834">
        </testcase>
        <testcase classname="test/cmi/scorm2004_cmi.spec.ts" name="SCORM 2004 CMI Tests &gt; CMI Spec Tests &gt; Pre-Initialize Tests &gt; Field: cmi.entry &gt; Should successfully write to cmi.entry" time="0.000054625">
        </testcase>
        <testcase classname="test/cmi/scorm2004_cmi.spec.ts" name="SCORM 2004 CMI Tests &gt; CMI Spec Tests &gt; Pre-Initialize Tests &gt; Field: cmi.exit &gt; Should fail to read from cmi.exit" time="0.000076334">
        </testcase>
        <testcase classname="test/cmi/scorm2004_cmi.spec.ts" name="SCORM 2004 CMI Tests &gt; CMI Spec Tests &gt; Pre-Initialize Tests &gt; Field: cmi.exit &gt; Should successfully write to cmi.exit" time="0.000080167">
        </testcase>
        <testcase classname="test/cmi/scorm2004_cmi.spec.ts" name="SCORM 2004 CMI Tests &gt; CMI Spec Tests &gt; Pre-Initialize Tests &gt; Field: cmi.exit &gt; Should successfully write &apos;time-out&apos; to cmi.exit" time="0.000048917">
        </testcase>
        <testcase classname="test/cmi/scorm2004_cmi.spec.ts" name="SCORM 2004 CMI Tests &gt; CMI Spec Tests &gt; Pre-Initialize Tests &gt; Field: cmi.exit &gt; Should successfully write &apos;suspend&apos; to cmi.exit" time="0.000059917">
        </testcase>
        <testcase classname="test/cmi/scorm2004_cmi.spec.ts" name="SCORM 2004 CMI Tests &gt; CMI Spec Tests &gt; Pre-Initialize Tests &gt; Field: cmi.exit &gt; Should successfully write &apos;logout&apos; to cmi.exit" time="0.00004375">
        </testcase>
        <testcase classname="test/cmi/scorm2004_cmi.spec.ts" name="SCORM 2004 CMI Tests &gt; CMI Spec Tests &gt; Pre-Initialize Tests &gt; Field: cmi.exit &gt; Should successfully write &apos;normal&apos; to cmi.exit" time="0.000041708">
        </testcase>
        <testcase classname="test/cmi/scorm2004_cmi.spec.ts" name="SCORM 2004 CMI Tests &gt; CMI Spec Tests &gt; Pre-Initialize Tests &gt; Field: cmi.exit &gt; Should successfully write &apos;&apos; to cmi.exit" time="0.000077">
        </testcase>
        <testcase classname="test/cmi/scorm2004_cmi.spec.ts" name="SCORM 2004 CMI Tests &gt; CMI Spec Tests &gt; Pre-Initialize Tests &gt; Field: cmi.exit &gt; Should fail to write &apos;close&apos; to cmi.exit" time="0.000049042">
        </testcase>
        <testcase classname="test/cmi/scorm2004_cmi.spec.ts" name="SCORM 2004 CMI Tests &gt; CMI Spec Tests &gt; Pre-Initialize Tests &gt; Field: cmi.exit &gt; Should fail to write &apos;exit&apos; to cmi.exit" time="0.000045958">
        </testcase>
        <testcase classname="test/cmi/scorm2004_cmi.spec.ts" name="SCORM 2004 CMI Tests &gt; CMI Spec Tests &gt; Pre-Initialize Tests &gt; Field: cmi.exit &gt; Should fail to write &apos;crash&apos; to cmi.exit" time="0.000043917">
        </testcase>
        <testcase classname="test/cmi/scorm2004_cmi.spec.ts" name="SCORM 2004 CMI Tests &gt; CMI Spec Tests &gt; Pre-Initialize Tests &gt; Field: cmi.launch_data &gt; Should be able to read from cmi.launch_data" time="0.0000375">
        </testcase>
        <testcase classname="test/cmi/scorm2004_cmi.spec.ts" name="SCORM 2004 CMI Tests &gt; CMI Spec Tests &gt; Pre-Initialize Tests &gt; Field: cmi.launch_data &gt; Should successfully write to cmi.launch_data" time="0.00005075">
        </testcase>
        <testcase classname="test/cmi/scorm2004_cmi.spec.ts" name="SCORM 2004 CMI Tests &gt; CMI Spec Tests &gt; Pre-Initialize Tests &gt; Field: cmi.learner_id &gt; Should be able to read from cmi.learner_id" time="0.000037792">
        </testcase>
        <testcase classname="test/cmi/scorm2004_cmi.spec.ts" name="SCORM 2004 CMI Tests &gt; CMI Spec Tests &gt; Pre-Initialize Tests &gt; Field: cmi.learner_id &gt; Should successfully write to cmi.learner_id" time="0.000047292">
        </testcase>
        <testcase classname="test/cmi/scorm2004_cmi.spec.ts" name="SCORM 2004 CMI Tests &gt; CMI Spec Tests &gt; Pre-Initialize Tests &gt; Field: cmi.learner_name &gt; Should be able to read from cmi.learner_name" time="0.000031709">
        </testcase>
        <testcase classname="test/cmi/scorm2004_cmi.spec.ts" name="SCORM 2004 CMI Tests &gt; CMI Spec Tests &gt; Pre-Initialize Tests &gt; Field: cmi.learner_name &gt; Should successfully write to cmi.learner_name" time="0.000046042">
        </testcase>
        <testcase classname="test/cmi/scorm2004_cmi.spec.ts" name="SCORM 2004 CMI Tests &gt; CMI Spec Tests &gt; Pre-Initialize Tests &gt; Field: cmi.location &gt; Should be able to read from cmi.location" time="0.000035708">
        </testcase>
        <testcase classname="test/cmi/scorm2004_cmi.spec.ts" name="SCORM 2004 CMI Tests &gt; CMI Spec Tests &gt; Pre-Initialize Tests &gt; Field: cmi.location &gt; Should be able to write upto 1000 characters to cmi.location" time="0.000075">
        </testcase>
        <testcase classname="test/cmi/scorm2004_cmi.spec.ts" name="SCORM 2004 CMI Tests &gt; CMI Spec Tests &gt; Pre-Initialize Tests &gt; Field: cmi.location &gt; Should fail to write more than 1000 characters to cmi.location" time="0.000074417">
        </testcase>
        <testcase classname="test/cmi/scorm2004_cmi.spec.ts" name="SCORM 2004 CMI Tests &gt; CMI Spec Tests &gt; Pre-Initialize Tests &gt; Field: cmi.max_time_allowed &gt; Should be able to read from cmi.max_time_allowed" time="0.000032834">
        </testcase>
        <testcase classname="test/cmi/scorm2004_cmi.spec.ts" name="SCORM 2004 CMI Tests &gt; CMI Spec Tests &gt; Pre-Initialize Tests &gt; Field: cmi.max_time_allowed &gt; Should successfully write to cmi.max_time_allowed" time="0.000063875">
        </testcase>
        <testcase classname="test/cmi/scorm2004_cmi.spec.ts" name="SCORM 2004 CMI Tests &gt; CMI Spec Tests &gt; Pre-Initialize Tests &gt; Field: cmi.mode &gt; Should be able to read from cmi.mode" time="0.000031625">
        </testcase>
        <testcase classname="test/cmi/scorm2004_cmi.spec.ts" name="SCORM 2004 CMI Tests &gt; CMI Spec Tests &gt; Pre-Initialize Tests &gt; Field: cmi.mode &gt; Should successfully write to cmi.mode" time="0.000047417">
        </testcase>
        <testcase classname="test/cmi/scorm2004_cmi.spec.ts" name="SCORM 2004 CMI Tests &gt; CMI Spec Tests &gt; Pre-Initialize Tests &gt; Field: cmi.max_time_allowed &gt; Should be able to read from cmi.max_time_allowed" time="0.00002875">
        </testcase>
        <testcase classname="test/cmi/scorm2004_cmi.spec.ts" name="SCORM 2004 CMI Tests &gt; CMI Spec Tests &gt; Pre-Initialize Tests &gt; Field: cmi.max_time_allowed &gt; Should successfully write to cmi.max_time_allowed" time="0.000048291">
        </testcase>
        <testcase classname="test/cmi/scorm2004_cmi.spec.ts" name="SCORM 2004 CMI Tests &gt; CMI Spec Tests &gt; Pre-Initialize Tests &gt; Field: cmi.progress_measure &gt; Should successfully write &apos;0.0&apos; to cmi.progress_measure" time="0.000138792">
        </testcase>
        <testcase classname="test/cmi/scorm2004_cmi.spec.ts" name="SCORM 2004 CMI Tests &gt; CMI Spec Tests &gt; Pre-Initialize Tests &gt; Field: cmi.progress_measure &gt; Should successfully write &apos;0.25&apos; to cmi.progress_measure" time="0.000108458">
        </testcase>
        <testcase classname="test/cmi/scorm2004_cmi.spec.ts" name="SCORM 2004 CMI Tests &gt; CMI Spec Tests &gt; Pre-Initialize Tests &gt; Field: cmi.progress_measure &gt; Should successfully write &apos;0.5&apos; to cmi.progress_measure" time="0.000045292">
        </testcase>
        <testcase classname="test/cmi/scorm2004_cmi.spec.ts" name="SCORM 2004 CMI Tests &gt; CMI Spec Tests &gt; Pre-Initialize Tests &gt; Field: cmi.progress_measure &gt; Should successfully write &apos;1.0&apos; to cmi.progress_measure" time="0.0000425">
        </testcase>
        <testcase classname="test/cmi/scorm2004_cmi.spec.ts" name="SCORM 2004 CMI Tests &gt; CMI Spec Tests &gt; Pre-Initialize Tests &gt; Field: cmi.progress_measure &gt; Should fail to write &apos;-1&apos; to cmi.progress_measure" time="0.000049958">
        </testcase>
        <testcase classname="test/cmi/scorm2004_cmi.spec.ts" name="SCORM 2004 CMI Tests &gt; CMI Spec Tests &gt; Pre-Initialize Tests &gt; Field: cmi.progress_measure &gt; Should fail to write &apos;-0.1&apos; to cmi.progress_measure" time="0.00004775">
        </testcase>
        <testcase classname="test/cmi/scorm2004_cmi.spec.ts" name="SCORM 2004 CMI Tests &gt; CMI Spec Tests &gt; Pre-Initialize Tests &gt; Field: cmi.progress_measure &gt; Should fail to write &apos;1.1&apos; to cmi.progress_measure" time="0.000047541">
        </testcase>
        <testcase classname="test/cmi/scorm2004_cmi.spec.ts" name="SCORM 2004 CMI Tests &gt; CMI Spec Tests &gt; Pre-Initialize Tests &gt; Field: cmi.progress_measure &gt; Should fail to write &apos;.25&apos; to cmi.progress_measure" time="0.000044042">
        </testcase>
        <testcase classname="test/cmi/scorm2004_cmi.spec.ts" name="SCORM 2004 CMI Tests &gt; CMI Spec Tests &gt; Pre-Initialize Tests &gt; Field: cmi.scaled_passing_score &gt; Should be able to read from cmi.scaled_passing_score" time="0.00003375">
        </testcase>
        <testcase classname="test/cmi/scorm2004_cmi.spec.ts" name="SCORM 2004 CMI Tests &gt; CMI Spec Tests &gt; Pre-Initialize Tests &gt; Field: cmi.scaled_passing_score &gt; Should successfully write to cmi.scaled_passing_score" time="0.000051917">
        </testcase>
        <testcase classname="test/cmi/scorm2004_cmi.spec.ts" name="SCORM 2004 CMI Tests &gt; CMI Spec Tests &gt; Pre-Initialize Tests &gt; Field: cmi.session_time &gt; Should fail to read from cmi.session_time" time="0.000057917">
        </testcase>
        <testcase classname="test/cmi/scorm2004_cmi.spec.ts" name="SCORM 2004 CMI Tests &gt; CMI Spec Tests &gt; Pre-Initialize Tests &gt; Field: cmi.session_time &gt; Should successfully write to cmi.session_time" time="0.000043458">
        </testcase>
        <testcase classname="test/cmi/scorm2004_cmi.spec.ts" name="SCORM 2004 CMI Tests &gt; CMI Spec Tests &gt; Pre-Initialize Tests &gt; Field: cmi.session_time &gt; Should successfully write &apos;P1Y34DT23H45M15S&apos; to cmi.session_time" time="0.000041333">
        </testcase>
        <testcase classname="test/cmi/scorm2004_cmi.spec.ts" name="SCORM 2004 CMI Tests &gt; CMI Spec Tests &gt; Pre-Initialize Tests &gt; Field: cmi.session_time &gt; Should successfully write &apos;PT1M45S&apos; to cmi.session_time" time="0.000076875">
        </testcase>
        <testcase classname="test/cmi/scorm2004_cmi.spec.ts" name="SCORM 2004 CMI Tests &gt; CMI Spec Tests &gt; Pre-Initialize Tests &gt; Field: cmi.session_time &gt; Should successfully write &apos;P0S&apos; to cmi.session_time" time="0.000051834">
        </testcase>
        <testcase classname="test/cmi/scorm2004_cmi.spec.ts" name="SCORM 2004 CMI Tests &gt; CMI Spec Tests &gt; Pre-Initialize Tests &gt; Field: cmi.session_time &gt; Should successfully write &apos;PT75M&apos; to cmi.session_time" time="0.000042291">
        </testcase>
        <testcase classname="test/cmi/scorm2004_cmi.spec.ts" name="SCORM 2004 CMI Tests &gt; CMI Spec Tests &gt; Pre-Initialize Tests &gt; Field: cmi.session_time &gt; Should fail to write &apos;00:08:45&apos; to cmi.session_time" time="0.000051792">
        </testcase>
        <testcase classname="test/cmi/scorm2004_cmi.spec.ts" name="SCORM 2004 CMI Tests &gt; CMI Spec Tests &gt; Pre-Initialize Tests &gt; Field: cmi.session_time &gt; Should fail to write &apos;-P1H&apos; to cmi.session_time" time="0.000043042">
        </testcase>
        <testcase classname="test/cmi/scorm2004_cmi.spec.ts" name="SCORM 2004 CMI Tests &gt; CMI Spec Tests &gt; Pre-Initialize Tests &gt; Field: cmi.session_time &gt; Should fail to write &apos;1y45D&apos; to cmi.session_time" time="0.000040709">
        </testcase>
        <testcase classname="test/cmi/scorm2004_cmi.spec.ts" name="SCORM 2004 CMI Tests &gt; CMI Spec Tests &gt; Pre-Initialize Tests &gt; Field: cmi.session_time &gt; Should fail to write &apos;0&apos; to cmi.session_time" time="0.000040583">
        </testcase>
        <testcase classname="test/cmi/scorm2004_cmi.spec.ts" name="SCORM 2004 CMI Tests &gt; CMI Spec Tests &gt; Pre-Initialize Tests &gt; Field: cmi.success_status &gt; Should be able to read from cmi.success_status" time="0.000036458">
        </testcase>
        <testcase classname="test/cmi/scorm2004_cmi.spec.ts" name="SCORM 2004 CMI Tests &gt; CMI Spec Tests &gt; Pre-Initialize Tests &gt; Field: cmi.success_status &gt; Should successfully write &apos;passed&apos; to cmi.success_status" time="0.000061167">
        </testcase>
        <testcase classname="test/cmi/scorm2004_cmi.spec.ts" name="SCORM 2004 CMI Tests &gt; CMI Spec Tests &gt; Pre-Initialize Tests &gt; Field: cmi.success_status &gt; Should successfully write &apos;failed&apos; to cmi.success_status" time="0.000046375">
        </testcase>
        <testcase classname="test/cmi/scorm2004_cmi.spec.ts" name="SCORM 2004 CMI Tests &gt; CMI Spec Tests &gt; Pre-Initialize Tests &gt; Field: cmi.success_status &gt; Should successfully write &apos;unknown&apos; to cmi.success_status" time="0.000042208">
        </testcase>
        <testcase classname="test/cmi/scorm2004_cmi.spec.ts" name="SCORM 2004 CMI Tests &gt; CMI Spec Tests &gt; Pre-Initialize Tests &gt; Field: cmi.success_status &gt; Should fail to write &apos;complete&apos; to cmi.success_status" time="0.000037167">
        </testcase>
        <testcase classname="test/cmi/scorm2004_cmi.spec.ts" name="SCORM 2004 CMI Tests &gt; CMI Spec Tests &gt; Pre-Initialize Tests &gt; Field: cmi.success_status &gt; Should fail to write &apos;incomplete&apos; to cmi.success_status" time="0.00003925">
        </testcase>
        <testcase classname="test/cmi/scorm2004_cmi.spec.ts" name="SCORM 2004 CMI Tests &gt; CMI Spec Tests &gt; Pre-Initialize Tests &gt; Field: cmi.success_status &gt; Should fail to write &apos;P&apos; to cmi.success_status" time="0.000036458">
        </testcase>
        <testcase classname="test/cmi/scorm2004_cmi.spec.ts" name="SCORM 2004 CMI Tests &gt; CMI Spec Tests &gt; Pre-Initialize Tests &gt; Field: cmi.success_status &gt; Should fail to write &apos;f&apos; to cmi.success_status" time="0.000036">
        </testcase>
        <testcase classname="test/cmi/scorm2004_cmi.spec.ts" name="SCORM 2004 CMI Tests &gt; CMI Spec Tests &gt; Pre-Initialize Tests &gt; Field: cmi.suspend_data &gt; Should be able to read from cmi.suspend_data" time="0.00003">
        </testcase>
        <testcase classname="test/cmi/scorm2004_cmi.spec.ts" name="SCORM 2004 CMI Tests &gt; CMI Spec Tests &gt; Pre-Initialize Tests &gt; Field: cmi.suspend_data &gt; Should be able to write upto 64000 characters to cmi.suspend_data" time="0.00021675">
        </testcase>
        <testcase classname="test/cmi/scorm2004_cmi.spec.ts" name="SCORM 2004 CMI Tests &gt; CMI Spec Tests &gt; Pre-Initialize Tests &gt; Field: cmi.suspend_data &gt; Should fail to write more than 64000 characters to cmi.suspend_data" time="0.000252791">
        </testcase>
        <testcase classname="test/cmi/scorm2004_cmi.spec.ts" name="SCORM 2004 CMI Tests &gt; CMI Spec Tests &gt; Pre-Initialize Tests &gt; Field: cmi.time_limit_action &gt; Should be able to read from cmi.time_limit_action" time="0.000031542">
        </testcase>
        <testcase classname="test/cmi/scorm2004_cmi.spec.ts" name="SCORM 2004 CMI Tests &gt; CMI Spec Tests &gt; Pre-Initialize Tests &gt; Field: cmi.time_limit_action &gt; Should successfully write to cmi.time_limit_action" time="0.000042458">
        </testcase>
        <testcase classname="test/cmi/scorm2004_cmi.spec.ts" name="SCORM 2004 CMI Tests &gt; CMI Spec Tests &gt; Pre-Initialize Tests &gt; Field: cmi.total_time &gt; Should be able to read from cmi.total_time" time="0.000031958">
        </testcase>
        <testcase classname="test/cmi/scorm2004_cmi.spec.ts" name="SCORM 2004 CMI Tests &gt; CMI Spec Tests &gt; Pre-Initialize Tests &gt; Field: cmi.total_time &gt; Should successfully write to cmi.total_time" time="0.0000335">
        </testcase>
        <testcase classname="test/cmi/scorm2004_cmi.spec.ts" name="SCORM 2004 CMI Tests &gt; CMI Spec Tests &gt; Pre-Initialize Tests &gt; Field: cmi.learner_preference._children &gt; Should be able to read from cmi.learner_preference._children" time="0.000027375">
        </testcase>
        <testcase classname="test/cmi/scorm2004_cmi.spec.ts" name="SCORM 2004 CMI Tests &gt; CMI Spec Tests &gt; Pre-Initialize Tests &gt; Field: cmi.learner_preference._children &gt; Should fail to write to cmi.learner_preference._children" time="0.000047166">
        </testcase>
        <testcase classname="test/cmi/scorm2004_cmi.spec.ts" name="SCORM 2004 CMI Tests &gt; CMI Spec Tests &gt; Pre-Initialize Tests &gt; Field: cmi.learner_preference.audio_level &gt; Should successfully write &apos;1&apos; to cmi.learner_preference.audio_level" time="0.000048208">
        </testcase>
        <testcase classname="test/cmi/scorm2004_cmi.spec.ts" name="SCORM 2004 CMI Tests &gt; CMI Spec Tests &gt; Pre-Initialize Tests &gt; Field: cmi.learner_preference.audio_level &gt; Should successfully write &apos;50&apos; to cmi.learner_preference.audio_level" time="0.000036417">
        </testcase>
        <testcase classname="test/cmi/scorm2004_cmi.spec.ts" name="SCORM 2004 CMI Tests &gt; CMI Spec Tests &gt; Pre-Initialize Tests &gt; Field: cmi.learner_preference.audio_level &gt; Should successfully write &apos;100&apos; to cmi.learner_preference.audio_level" time="0.000034208">
        </testcase>
        <testcase classname="test/cmi/scorm2004_cmi.spec.ts" name="SCORM 2004 CMI Tests &gt; CMI Spec Tests &gt; Pre-Initialize Tests &gt; Field: cmi.learner_preference.audio_level &gt; Should fail to write &apos;invalid&apos; to cmi.learner_preference.audio_level" time="0.000037833">
        </testcase>
        <testcase classname="test/cmi/scorm2004_cmi.spec.ts" name="SCORM 2004 CMI Tests &gt; CMI Spec Tests &gt; Pre-Initialize Tests &gt; Field: cmi.learner_preference.audio_level &gt; Should fail to write &apos;a100&apos; to cmi.learner_preference.audio_level" time="0.000036375">
        </testcase>
        <testcase classname="test/cmi/scorm2004_cmi.spec.ts" name="SCORM 2004 CMI Tests &gt; CMI Spec Tests &gt; Pre-Initialize Tests &gt; Field: cmi.learner_preference.audio_level &gt; Should fail to write &apos;-1&apos; to cmi.learner_preference.audio_level" time="0.000037458">
        </testcase>
        <testcase classname="test/cmi/scorm2004_cmi.spec.ts" name="SCORM 2004 CMI Tests &gt; CMI Spec Tests &gt; Pre-Initialize Tests &gt; Field: cmi.learner_preference.language &gt; Should successfully write &apos;en&apos; to cmi.learner_preference.language" time="0.00005775">
        </testcase>
        <testcase classname="test/cmi/scorm2004_cmi.spec.ts" name="SCORM 2004 CMI Tests &gt; CMI Spec Tests &gt; Pre-Initialize Tests &gt; Field: cmi.learner_preference.language &gt; Should successfully write &apos;fr&apos; to cmi.learner_preference.language" time="0.000061417">
        </testcase>
        <testcase classname="test/cmi/scorm2004_cmi.spec.ts" name="SCORM 2004 CMI Tests &gt; CMI Spec Tests &gt; Pre-Initialize Tests &gt; Field: cmi.learner_preference.language &gt; Should successfully write &apos;ru&apos; to cmi.learner_preference.language" time="0.000033958">
        </testcase>
        <testcase classname="test/cmi/scorm2004_cmi.spec.ts" name="SCORM 2004 CMI Tests &gt; CMI Spec Tests &gt; Pre-Initialize Tests &gt; Field: cmi.learner_preference.language &gt; Should successfully write &apos;es&apos; to cmi.learner_preference.language" time="0.000032334">
        </testcase>
        <testcase classname="test/cmi/scorm2004_cmi.spec.ts" name="SCORM 2004 CMI Tests &gt; CMI Spec Tests &gt; Pre-Initialize Tests &gt; Field: cmi.learner_preference.language &gt; Should fail to write &apos;invalid&apos; to cmi.learner_preference.language" time="0.000036834">
        </testcase>
        <testcase classname="test/cmi/scorm2004_cmi.spec.ts" name="SCORM 2004 CMI Tests &gt; CMI Spec Tests &gt; Pre-Initialize Tests &gt; Field: cmi.learner_preference.language &gt; Should fail to write &apos;a100&apos; to cmi.learner_preference.language" time="0.000035875">
        </testcase>
        <testcase classname="test/cmi/scorm2004_cmi.spec.ts" name="SCORM 2004 CMI Tests &gt; CMI Spec Tests &gt; Pre-Initialize Tests &gt; Field: cmi.learner_preference.delivery_speed &gt; Should successfully write &apos;1&apos; to cmi.learner_preference.delivery_speed" time="0.00004625">
        </testcase>
        <testcase classname="test/cmi/scorm2004_cmi.spec.ts" name="SCORM 2004 CMI Tests &gt; CMI Spec Tests &gt; Pre-Initialize Tests &gt; Field: cmi.learner_preference.delivery_speed &gt; Should successfully write &apos;50&apos; to cmi.learner_preference.delivery_speed" time="0.000034833">
        </testcase>
        <testcase classname="test/cmi/scorm2004_cmi.spec.ts" name="SCORM 2004 CMI Tests &gt; CMI Spec Tests &gt; Pre-Initialize Tests &gt; Field: cmi.learner_preference.delivery_speed &gt; Should successfully write &apos;100&apos; to cmi.learner_preference.delivery_speed" time="0.000035958">
        </testcase>
        <testcase classname="test/cmi/scorm2004_cmi.spec.ts" name="SCORM 2004 CMI Tests &gt; CMI Spec Tests &gt; Pre-Initialize Tests &gt; Field: cmi.learner_preference.delivery_speed &gt; Should fail to write &apos;invalid&apos; to cmi.learner_preference.delivery_speed" time="0.000036333">
        </testcase>
        <testcase classname="test/cmi/scorm2004_cmi.spec.ts" name="SCORM 2004 CMI Tests &gt; CMI Spec Tests &gt; Pre-Initialize Tests &gt; Field: cmi.learner_preference.delivery_speed &gt; Should fail to write &apos;a100&apos; to cmi.learner_preference.delivery_speed" time="0.000035292">
        </testcase>
        <testcase classname="test/cmi/scorm2004_cmi.spec.ts" name="SCORM 2004 CMI Tests &gt; CMI Spec Tests &gt; Pre-Initialize Tests &gt; Field: cmi.learner_preference.delivery_speed &gt; Should fail to write &apos;-1&apos; to cmi.learner_preference.delivery_speed" time="0.000037333">
        </testcase>
        <testcase classname="test/cmi/scorm2004_cmi.spec.ts" name="SCORM 2004 CMI Tests &gt; CMI Spec Tests &gt; Pre-Initialize Tests &gt; Field: cmi.learner_preference.audio_captioning &gt; Should successfully write &apos;1&apos; to cmi.learner_preference.audio_captioning" time="0.000050708">
        </testcase>
        <testcase classname="test/cmi/scorm2004_cmi.spec.ts" name="SCORM 2004 CMI Tests &gt; CMI Spec Tests &gt; Pre-Initialize Tests &gt; Field: cmi.learner_preference.audio_captioning &gt; Should successfully write &apos;0&apos; to cmi.learner_preference.audio_captioning" time="0.00004575">
        </testcase>
        <testcase classname="test/cmi/scorm2004_cmi.spec.ts" name="SCORM 2004 CMI Tests &gt; CMI Spec Tests &gt; Pre-Initialize Tests &gt; Field: cmi.learner_preference.audio_captioning &gt; Should successfully write &apos;-1&apos; to cmi.learner_preference.audio_captioning" time="0.000033625">
        </testcase>
        <testcase classname="test/cmi/scorm2004_cmi.spec.ts" name="SCORM 2004 CMI Tests &gt; CMI Spec Tests &gt; Pre-Initialize Tests &gt; Field: cmi.learner_preference.audio_captioning &gt; Should fail to write &apos;-101&apos; to cmi.learner_preference.audio_captioning" time="0.000036875">
        </testcase>
        <testcase classname="test/cmi/scorm2004_cmi.spec.ts" name="SCORM 2004 CMI Tests &gt; CMI Spec Tests &gt; Pre-Initialize Tests &gt; Field: cmi.learner_preference.audio_captioning &gt; Should fail to write &apos;-0.5&apos; to cmi.learner_preference.audio_captioning" time="0.000035542">
        </testcase>
        <testcase classname="test/cmi/scorm2004_cmi.spec.ts" name="SCORM 2004 CMI Tests &gt; CMI Spec Tests &gt; Pre-Initialize Tests &gt; Field: cmi.learner_preference.audio_captioning &gt; Should fail to write &apos;0.5&apos; to cmi.learner_preference.audio_captioning" time="0.000035667">
        </testcase>
        <testcase classname="test/cmi/scorm2004_cmi.spec.ts" name="SCORM 2004 CMI Tests &gt; CMI Spec Tests &gt; Pre-Initialize Tests &gt; Field: cmi.learner_preference.audio_captioning &gt; Should fail to write &apos;25.1&apos; to cmi.learner_preference.audio_captioning" time="0.000067541">
        </testcase>
        <testcase classname="test/cmi/scorm2004_cmi.spec.ts" name="SCORM 2004 CMI Tests &gt; CMI Spec Tests &gt; Pre-Initialize Tests &gt; Field: cmi.learner_preference.audio_captioning &gt; Should fail to write &apos;50.5&apos; to cmi.learner_preference.audio_captioning" time="0.000035833">
        </testcase>
        <testcase classname="test/cmi/scorm2004_cmi.spec.ts" name="SCORM 2004 CMI Tests &gt; CMI Spec Tests &gt; Pre-Initialize Tests &gt; Field: cmi.learner_preference.audio_captioning &gt; Should fail to write &apos;75&apos; to cmi.learner_preference.audio_captioning" time="0.000043791">
        </testcase>
        <testcase classname="test/cmi/scorm2004_cmi.spec.ts" name="SCORM 2004 CMI Tests &gt; CMI Spec Tests &gt; Pre-Initialize Tests &gt; Field: cmi.learner_preference.audio_captioning &gt; Should fail to write &apos;100&apos; to cmi.learner_preference.audio_captioning" time="0.000037584">
        </testcase>
        <testcase classname="test/cmi/scorm2004_cmi.spec.ts" name="SCORM 2004 CMI Tests &gt; CMI Spec Tests &gt; Pre-Initialize Tests &gt; Field: cmi.objectives._children &gt; Should be able to read from cmi.objectives._children" time="0.000030583">
        </testcase>
        <testcase classname="test/cmi/scorm2004_cmi.spec.ts" name="SCORM 2004 CMI Tests &gt; CMI Spec Tests &gt; Pre-Initialize Tests &gt; Field: cmi.objectives._children &gt; Should fail to write to cmi.objectives._children" time="0.000051833">
        </testcase>
        <testcase classname="test/cmi/scorm2004_cmi.spec.ts" name="SCORM 2004 CMI Tests &gt; CMI Spec Tests &gt; Pre-Initialize Tests &gt; Field: cmi.objectives._count &gt; Should be able to read from cmi.objectives._count" time="0.00002675">
        </testcase>
        <testcase classname="test/cmi/scorm2004_cmi.spec.ts" name="SCORM 2004 CMI Tests &gt; CMI Spec Tests &gt; Pre-Initialize Tests &gt; Field: cmi.objectives._count &gt; Should fail to write to cmi.objectives._count" time="0.000096125">
        </testcase>
        <testcase classname="test/cmi/scorm2004_cmi.spec.ts" name="SCORM 2004 CMI Tests &gt; CMI Spec Tests &gt; Pre-Initialize Tests &gt; Field: cmi.score._children &gt; Should be able to read from cmi.score._children" time="0.000028375">
        </testcase>
        <testcase classname="test/cmi/scorm2004_cmi.spec.ts" name="SCORM 2004 CMI Tests &gt; CMI Spec Tests &gt; Pre-Initialize Tests &gt; Field: cmi.score._children &gt; Should fail to write to cmi.score._children" time="0.000056292">
        </testcase>
        <testcase classname="test/cmi/scorm2004_cmi.spec.ts" name="SCORM 2004 CMI Tests &gt; CMI Spec Tests &gt; Pre-Initialize Tests &gt; Field: cmi.score.scaled &gt; Should successfully write &apos;1&apos; to cmi.score.scaled" time="0.000046167">
        </testcase>
        <testcase classname="test/cmi/scorm2004_cmi.spec.ts" name="SCORM 2004 CMI Tests &gt; CMI Spec Tests &gt; Pre-Initialize Tests &gt; Field: cmi.score.scaled &gt; Should successfully write &apos;0.5&apos; to cmi.score.scaled" time="0.000034917">
        </testcase>
        <testcase classname="test/cmi/scorm2004_cmi.spec.ts" name="SCORM 2004 CMI Tests &gt; CMI Spec Tests &gt; Pre-Initialize Tests &gt; Field: cmi.score.scaled &gt; Should successfully write &apos;0&apos; to cmi.score.scaled" time="0.000041083">
        </testcase>
        <testcase classname="test/cmi/scorm2004_cmi.spec.ts" name="SCORM 2004 CMI Tests &gt; CMI Spec Tests &gt; Pre-Initialize Tests &gt; Field: cmi.score.scaled &gt; Should successfully write &apos;-0.5&apos; to cmi.score.scaled" time="0.000041375">
        </testcase>
        <testcase classname="test/cmi/scorm2004_cmi.spec.ts" name="SCORM 2004 CMI Tests &gt; CMI Spec Tests &gt; Pre-Initialize Tests &gt; Field: cmi.score.scaled &gt; Should successfully write &apos;-1&apos; to cmi.score.scaled" time="0.0000365">
        </testcase>
        <testcase classname="test/cmi/scorm2004_cmi.spec.ts" name="SCORM 2004 CMI Tests &gt; CMI Spec Tests &gt; Pre-Initialize Tests &gt; Field: cmi.score.scaled &gt; Should fail to write &apos;-101&apos; to cmi.score.scaled" time="0.000042166">
        </testcase>
        <testcase classname="test/cmi/scorm2004_cmi.spec.ts" name="SCORM 2004 CMI Tests &gt; CMI Spec Tests &gt; Pre-Initialize Tests &gt; Field: cmi.score.scaled &gt; Should fail to write &apos;25.1&apos; to cmi.score.scaled" time="0.000039875">
        </testcase>
        <testcase classname="test/cmi/scorm2004_cmi.spec.ts" name="SCORM 2004 CMI Tests &gt; CMI Spec Tests &gt; Pre-Initialize Tests &gt; Field: cmi.score.scaled &gt; Should fail to write &apos;50.5&apos; to cmi.score.scaled" time="0.000039042">
        </testcase>
        <testcase classname="test/cmi/scorm2004_cmi.spec.ts" name="SCORM 2004 CMI Tests &gt; CMI Spec Tests &gt; Pre-Initialize Tests &gt; Field: cmi.score.scaled &gt; Should fail to write &apos;75&apos; to cmi.score.scaled" time="0.000040083">
        </testcase>
        <testcase classname="test/cmi/scorm2004_cmi.spec.ts" name="SCORM 2004 CMI Tests &gt; CMI Spec Tests &gt; Pre-Initialize Tests &gt; Field: cmi.score.scaled &gt; Should fail to write &apos;100&apos; to cmi.score.scaled" time="0.000040958">
        </testcase>
        <testcase classname="test/cmi/scorm2004_cmi.spec.ts" name="SCORM 2004 CMI Tests &gt; CMI Spec Tests &gt; Pre-Initialize Tests &gt; Field: cmi.score.raw &gt; Should successfully write &apos;1&apos; to cmi.score.raw" time="0.000056917">
        </testcase>
        <testcase classname="test/cmi/scorm2004_cmi.spec.ts" name="SCORM 2004 CMI Tests &gt; CMI Spec Tests &gt; Pre-Initialize Tests &gt; Field: cmi.score.raw &gt; Should successfully write &apos;50&apos; to cmi.score.raw" time="0.0000355">
        </testcase>
        <testcase classname="test/cmi/scorm2004_cmi.spec.ts" name="SCORM 2004 CMI Tests &gt; CMI Spec Tests &gt; Pre-Initialize Tests &gt; Field: cmi.score.raw &gt; Should successfully write &apos;100&apos; to cmi.score.raw" time="0.000037084">
        </testcase>
        <testcase classname="test/cmi/scorm2004_cmi.spec.ts" name="SCORM 2004 CMI Tests &gt; CMI Spec Tests &gt; Pre-Initialize Tests &gt; Field: cmi.score.raw &gt; Should successfully write &apos;-10000&apos; to cmi.score.raw" time="0.000034959">
        </testcase>
        <testcase classname="test/cmi/scorm2004_cmi.spec.ts" name="SCORM 2004 CMI Tests &gt; CMI Spec Tests &gt; Pre-Initialize Tests &gt; Field: cmi.score.raw &gt; Should successfully write &apos;-1&apos; to cmi.score.raw" time="0.000039417">
        </testcase>
        <testcase classname="test/cmi/scorm2004_cmi.spec.ts" name="SCORM 2004 CMI Tests &gt; CMI Spec Tests &gt; Pre-Initialize Tests &gt; Field: cmi.score.raw &gt; Should successfully write &apos;10000&apos; to cmi.score.raw" time="0.000039458">
        </testcase>
        <testcase classname="test/cmi/scorm2004_cmi.spec.ts" name="SCORM 2004 CMI Tests &gt; CMI Spec Tests &gt; Pre-Initialize Tests &gt; Field: cmi.score.raw &gt; Should fail to write &apos;invalid&apos; to cmi.score.raw" time="0.000040375">
        </testcase>
        <testcase classname="test/cmi/scorm2004_cmi.spec.ts" name="SCORM 2004 CMI Tests &gt; CMI Spec Tests &gt; Pre-Initialize Tests &gt; Field: cmi.score.raw &gt; Should fail to write &apos;a100&apos; to cmi.score.raw" time="0.000038791">
        </testcase>
        <testcase classname="test/cmi/scorm2004_cmi.spec.ts" name="SCORM 2004 CMI Tests &gt; CMI Spec Tests &gt; Pre-Initialize Tests &gt; Field: cmi.score.raw &gt; Should fail to write &apos;-100000&apos; to cmi.score.raw" time="0.000038042">
        </testcase>
        <testcase classname="test/cmi/scorm2004_cmi.spec.ts" name="SCORM 2004 CMI Tests &gt; CMI Spec Tests &gt; Pre-Initialize Tests &gt; Field: cmi.score.raw &gt; Should fail to write &apos;100000&apos; to cmi.score.raw" time="0.00004025">
        </testcase>
        <testcase classname="test/cmi/scorm2004_cmi.spec.ts" name="SCORM 2004 CMI Tests &gt; CMI Spec Tests &gt; Pre-Initialize Tests &gt; Field: cmi.score.min &gt; Should successfully write &apos;1&apos; to cmi.score.min" time="0.000052792">
        </testcase>
        <testcase classname="test/cmi/scorm2004_cmi.spec.ts" name="SCORM 2004 CMI Tests &gt; CMI Spec Tests &gt; Pre-Initialize Tests &gt; Field: cmi.score.min &gt; Should successfully write &apos;50&apos; to cmi.score.min" time="0.000040583">
        </testcase>
        <testcase classname="test/cmi/scorm2004_cmi.spec.ts" name="SCORM 2004 CMI Tests &gt; CMI Spec Tests &gt; Pre-Initialize Tests &gt; Field: cmi.score.min &gt; Should successfully write &apos;100&apos; to cmi.score.min" time="0.000035083">
        </testcase>
        <testcase classname="test/cmi/scorm2004_cmi.spec.ts" name="SCORM 2004 CMI Tests &gt; CMI Spec Tests &gt; Pre-Initialize Tests &gt; Field: cmi.score.min &gt; Should successfully write &apos;-10000&apos; to cmi.score.min" time="0.000034791">
        </testcase>
        <testcase classname="test/cmi/scorm2004_cmi.spec.ts" name="SCORM 2004 CMI Tests &gt; CMI Spec Tests &gt; Pre-Initialize Tests &gt; Field: cmi.score.min &gt; Should successfully write &apos;-1&apos; to cmi.score.min" time="0.000035">
        </testcase>
        <testcase classname="test/cmi/scorm2004_cmi.spec.ts" name="SCORM 2004 CMI Tests &gt; CMI Spec Tests &gt; Pre-Initialize Tests &gt; Field: cmi.score.min &gt; Should successfully write &apos;10000&apos; to cmi.score.min" time="0.000033542">
        </testcase>
        <testcase classname="test/cmi/scorm2004_cmi.spec.ts" name="SCORM 2004 CMI Tests &gt; CMI Spec Tests &gt; Pre-Initialize Tests &gt; Field: cmi.score.min &gt; Should fail to write &apos;invalid&apos; to cmi.score.min" time="0.018095208">
        </testcase>
        <testcase classname="test/cmi/scorm2004_cmi.spec.ts" name="SCORM 2004 CMI Tests &gt; CMI Spec Tests &gt; Pre-Initialize Tests &gt; Field: cmi.score.min &gt; Should fail to write &apos;a100&apos; to cmi.score.min" time="0.000122583">
        </testcase>
        <testcase classname="test/cmi/scorm2004_cmi.spec.ts" name="SCORM 2004 CMI Tests &gt; CMI Spec Tests &gt; Pre-Initialize Tests &gt; Field: cmi.score.min &gt; Should fail to write &apos;-100000&apos; to cmi.score.min" time="0.000060709">
        </testcase>
        <testcase classname="test/cmi/scorm2004_cmi.spec.ts" name="SCORM 2004 CMI Tests &gt; CMI Spec Tests &gt; Pre-Initialize Tests &gt; Field: cmi.score.min &gt; Should fail to write &apos;100000&apos; to cmi.score.min" time="0.000045708">
        </testcase>
        <testcase classname="test/cmi/scorm2004_cmi.spec.ts" name="SCORM 2004 CMI Tests &gt; CMI Spec Tests &gt; Pre-Initialize Tests &gt; Field: cmi.score.max &gt; Should successfully write &apos;1&apos; to cmi.score.max" time="0.000055375">
        </testcase>
        <testcase classname="test/cmi/scorm2004_cmi.spec.ts" name="SCORM 2004 CMI Tests &gt; CMI Spec Tests &gt; Pre-Initialize Tests &gt; Field: cmi.score.max &gt; Should successfully write &apos;50&apos; to cmi.score.max" time="0.000051">
        </testcase>
        <testcase classname="test/cmi/scorm2004_cmi.spec.ts" name="SCORM 2004 CMI Tests &gt; CMI Spec Tests &gt; Pre-Initialize Tests &gt; Field: cmi.score.max &gt; Should successfully write &apos;100&apos; to cmi.score.max" time="0.000038292">
        </testcase>
        <testcase classname="test/cmi/scorm2004_cmi.spec.ts" name="SCORM 2004 CMI Tests &gt; CMI Spec Tests &gt; Pre-Initialize Tests &gt; Field: cmi.score.max &gt; Should successfully write &apos;-10000&apos; to cmi.score.max" time="0.000035916">
        </testcase>
        <testcase classname="test/cmi/scorm2004_cmi.spec.ts" name="SCORM 2004 CMI Tests &gt; CMI Spec Tests &gt; Pre-Initialize Tests &gt; Field: cmi.score.max &gt; Should successfully write &apos;-1&apos; to cmi.score.max" time="0.000067708">
        </testcase>
        <testcase classname="test/cmi/scorm2004_cmi.spec.ts" name="SCORM 2004 CMI Tests &gt; CMI Spec Tests &gt; Pre-Initialize Tests &gt; Field: cmi.score.max &gt; Should successfully write &apos;10000&apos; to cmi.score.max" time="0.00003475">
        </testcase>
        <testcase classname="test/cmi/scorm2004_cmi.spec.ts" name="SCORM 2004 CMI Tests &gt; CMI Spec Tests &gt; Pre-Initialize Tests &gt; Field: cmi.score.max &gt; Should fail to write &apos;invalid&apos; to cmi.score.max" time="0.00003725">
        </testcase>
        <testcase classname="test/cmi/scorm2004_cmi.spec.ts" name="SCORM 2004 CMI Tests &gt; CMI Spec Tests &gt; Pre-Initialize Tests &gt; Field: cmi.score.max &gt; Should fail to write &apos;a100&apos; to cmi.score.max" time="0.000034792">
        </testcase>
        <testcase classname="test/cmi/scorm2004_cmi.spec.ts" name="SCORM 2004 CMI Tests &gt; CMI Spec Tests &gt; Pre-Initialize Tests &gt; Field: cmi.score.max &gt; Should fail to write &apos;-100000&apos; to cmi.score.max" time="0.000034">
        </testcase>
        <testcase classname="test/cmi/scorm2004_cmi.spec.ts" name="SCORM 2004 CMI Tests &gt; CMI Spec Tests &gt; Pre-Initialize Tests &gt; Field: cmi.score.max &gt; Should fail to write &apos;100000&apos; to cmi.score.max" time="0.000090958">
        </testcase>
        <testcase classname="test/cmi/scorm2004_cmi.spec.ts" name="SCORM 2004 CMI Tests &gt; CMI Spec Tests &gt; Pre-Initialize Tests &gt; Field: cmi.comments_from_learner._children &gt; Should be able to read from cmi.comments_from_learner._children" time="0.000036708">
        </testcase>
        <testcase classname="test/cmi/scorm2004_cmi.spec.ts" name="SCORM 2004 CMI Tests &gt; CMI Spec Tests &gt; Pre-Initialize Tests &gt; Field: cmi.comments_from_learner._children &gt; Should fail to write to cmi.comments_from_learner._children" time="0.000104209">
        </testcase>
        <testcase classname="test/cmi/scorm2004_cmi.spec.ts" name="SCORM 2004 CMI Tests &gt; CMI Spec Tests &gt; Pre-Initialize Tests &gt; Field: cmi.comments_from_learner._count &gt; Should be able to read from cmi.comments_from_learner._count" time="0.000025708">
        </testcase>
        <testcase classname="test/cmi/scorm2004_cmi.spec.ts" name="SCORM 2004 CMI Tests &gt; CMI Spec Tests &gt; Pre-Initialize Tests &gt; Field: cmi.comments_from_learner._count &gt; Should fail to write to cmi.comments_from_learner._count" time="0.000078666">
        </testcase>
        <testcase classname="test/cmi/scorm2004_cmi.spec.ts" name="SCORM 2004 CMI Tests &gt; CMI Spec Tests &gt; Pre-Initialize Tests &gt; Field: cmi.comments_from_lms._children &gt; Should be able to read from cmi.comments_from_lms._children" time="0.000025041">
        </testcase>
        <testcase classname="test/cmi/scorm2004_cmi.spec.ts" name="SCORM 2004 CMI Tests &gt; CMI Spec Tests &gt; Pre-Initialize Tests &gt; Field: cmi.comments_from_lms._children &gt; Should fail to write to cmi.comments_from_lms._children" time="0.000038042">
        </testcase>
        <testcase classname="test/cmi/scorm2004_cmi.spec.ts" name="SCORM 2004 CMI Tests &gt; CMI Spec Tests &gt; Pre-Initialize Tests &gt; Field: cmi.comments_from_lms._count &gt; Should be able to read from cmi.comments_from_lms._count" time="0.000023917">
        </testcase>
        <testcase classname="test/cmi/scorm2004_cmi.spec.ts" name="SCORM 2004 CMI Tests &gt; CMI Spec Tests &gt; Pre-Initialize Tests &gt; Field: cmi.comments_from_lms._count &gt; Should fail to write to cmi.comments_from_lms._count" time="0.000036292">
        </testcase>
        <testcase classname="test/cmi/scorm2004_cmi.spec.ts" name="SCORM 2004 CMI Tests &gt; CMI Spec Tests &gt; Pre-Initialize Tests &gt; Field: cmi.interactions._children &gt; Should be able to read from cmi.interactions._children" time="0.000026458">
        </testcase>
        <testcase classname="test/cmi/scorm2004_cmi.spec.ts" name="SCORM 2004 CMI Tests &gt; CMI Spec Tests &gt; Pre-Initialize Tests &gt; Field: cmi.interactions._children &gt; Should fail to write to cmi.interactions._children" time="0.000032625">
        </testcase>
        <testcase classname="test/cmi/scorm2004_cmi.spec.ts" name="SCORM 2004 CMI Tests &gt; CMI Spec Tests &gt; Pre-Initialize Tests &gt; Field: cmi.interactions._count &gt; Should be able to read from cmi.interactions._count" time="0.000021416">
        </testcase>
        <testcase classname="test/cmi/scorm2004_cmi.spec.ts" name="SCORM 2004 CMI Tests &gt; CMI Spec Tests &gt; Pre-Initialize Tests &gt; Field: cmi.interactions._count &gt; Should fail to write to cmi.interactions._count" time="0.000029625">
        </testcase>
        <testcase classname="test/cmi/scorm2004_cmi.spec.ts" name="SCORM 2004 CMI Tests &gt; CMI Spec Tests &gt; Pre-Initialize Tests &gt; Field: cmi.objectives._children &gt; Should be able to read from cmi.objectives._children" time="0.000021375">
        </testcase>
        <testcase classname="test/cmi/scorm2004_cmi.spec.ts" name="SCORM 2004 CMI Tests &gt; CMI Spec Tests &gt; Pre-Initialize Tests &gt; Field: cmi.objectives._children &gt; Should fail to write to cmi.objectives._children" time="0.000029083">
        </testcase>
        <testcase classname="test/cmi/scorm2004_cmi.spec.ts" name="SCORM 2004 CMI Tests &gt; CMI Spec Tests &gt; Pre-Initialize Tests &gt; Field: cmi.objectives._count &gt; Should be able to read from cmi.objectives._count" time="0.000021084">
        </testcase>
        <testcase classname="test/cmi/scorm2004_cmi.spec.ts" name="SCORM 2004 CMI Tests &gt; CMI Spec Tests &gt; Pre-Initialize Tests &gt; Field: cmi.objectives._count &gt; Should fail to write to cmi.objectives._count" time="0.000029083">
        </testcase>
        <testcase classname="test/cmi/scorm2004_cmi.spec.ts" name="SCORM 2004 CMI Tests &gt; CMI Spec Tests &gt; Pre-Initialize Tests &gt; should export JSON" time="0.00023775">
        </testcase>
        <testcase classname="test/cmi/scorm2004_cmi.spec.ts" name="SCORM 2004 CMI Tests &gt; CMI Spec Tests &gt; Post-Initialize Tests &gt; Field: cmi._version &gt; Should be able to read from cmi._version" time="0.000025042">
        </testcase>
        <testcase classname="test/cmi/scorm2004_cmi.spec.ts" name="SCORM 2004 CMI Tests &gt; CMI Spec Tests &gt; Post-Initialize Tests &gt; Field: cmi._version &gt; Should fail to write to cmi._version" time="0.000078083">
        </testcase>
        <testcase classname="test/cmi/scorm2004_cmi.spec.ts" name="SCORM 2004 CMI Tests &gt; CMI Spec Tests &gt; Post-Initialize Tests &gt; Field: cmi._children &gt; Should be able to read from cmi._children" time="0.000022208">
        </testcase>
        <testcase classname="test/cmi/scorm2004_cmi.spec.ts" name="SCORM 2004 CMI Tests &gt; CMI Spec Tests &gt; Post-Initialize Tests &gt; Field: cmi._children &gt; Should fail to write to cmi._children" time="0.000042666">
        </testcase>
        <testcase classname="test/cmi/scorm2004_cmi.spec.ts" name="SCORM 2004 CMI Tests &gt; CMI Spec Tests &gt; Post-Initialize Tests &gt; Field: cmi.completion_status &gt; Should successfully write &apos;completed&apos; to cmi.completion_status" time="0.000043709">
        </testcase>
        <testcase classname="test/cmi/scorm2004_cmi.spec.ts" name="SCORM 2004 CMI Tests &gt; CMI Spec Tests &gt; Post-Initialize Tests &gt; Field: cmi.completion_status &gt; Should successfully write &apos;incomplete&apos; to cmi.completion_status" time="0.000033041">
        </testcase>
        <testcase classname="test/cmi/scorm2004_cmi.spec.ts" name="SCORM 2004 CMI Tests &gt; CMI Spec Tests &gt; Post-Initialize Tests &gt; Field: cmi.completion_status &gt; Should successfully write &apos;not attempted&apos; to cmi.completion_status" time="0.000031083">
        </testcase>
        <testcase classname="test/cmi/scorm2004_cmi.spec.ts" name="SCORM 2004 CMI Tests &gt; CMI Spec Tests &gt; Post-Initialize Tests &gt; Field: cmi.completion_status &gt; Should successfully write &apos;unknown&apos; to cmi.completion_status" time="0.000029875">
        </testcase>
        <testcase classname="test/cmi/scorm2004_cmi.spec.ts" name="SCORM 2004 CMI Tests &gt; CMI Spec Tests &gt; Post-Initialize Tests &gt; Field: cmi.completion_status &gt; Should fail to write &apos;complete&apos; to cmi.completion_status" time="0.000036334">
        </testcase>
        <testcase classname="test/cmi/scorm2004_cmi.spec.ts" name="SCORM 2004 CMI Tests &gt; CMI Spec Tests &gt; Post-Initialize Tests &gt; Field: cmi.completion_status &gt; Should fail to write &apos;passed&apos; to cmi.completion_status" time="0.000033667">
        </testcase>
        <testcase classname="test/cmi/scorm2004_cmi.spec.ts" name="SCORM 2004 CMI Tests &gt; CMI Spec Tests &gt; Post-Initialize Tests &gt; Field: cmi.completion_status &gt; Should fail to write &apos;failed&apos; to cmi.completion_status" time="0.000033166">
        </testcase>
        <testcase classname="test/cmi/scorm2004_cmi.spec.ts" name="SCORM 2004 CMI Tests &gt; CMI Spec Tests &gt; Post-Initialize Tests &gt; Field: cmi.completion_threshold &gt; Should be able to read from cmi.completion_threshold" time="0.000022167">
        </testcase>
        <testcase classname="test/cmi/scorm2004_cmi.spec.ts" name="SCORM 2004 CMI Tests &gt; CMI Spec Tests &gt; Post-Initialize Tests &gt; Field: cmi.completion_threshold &gt; Should fail to write to cmi.completion_threshold" time="0.000090959">
        </testcase>
        <testcase classname="test/cmi/scorm2004_cmi.spec.ts" name="SCORM 2004 CMI Tests &gt; CMI Spec Tests &gt; Post-Initialize Tests &gt; Field: cmi.credit &gt; Should be able to read from cmi.credit" time="0.000024417">
        </testcase>
        <testcase classname="test/cmi/scorm2004_cmi.spec.ts" name="SCORM 2004 CMI Tests &gt; CMI Spec Tests &gt; Post-Initialize Tests &gt; Field: cmi.credit &gt; Should fail to write to cmi.credit" time="0.000031584">
        </testcase>
        <testcase classname="test/cmi/scorm2004_cmi.spec.ts" name="SCORM 2004 CMI Tests &gt; CMI Spec Tests &gt; Post-Initialize Tests &gt; Field: cmi.entry &gt; Should be able to read from cmi.entry" time="0.000020292">
        </testcase>
        <testcase classname="test/cmi/scorm2004_cmi.spec.ts" name="SCORM 2004 CMI Tests &gt; CMI Spec Tests &gt; Post-Initialize Tests &gt; Field: cmi.entry &gt; Should fail to write to cmi.entry" time="0.000027625">
        </testcase>
        <testcase classname="test/cmi/scorm2004_cmi.spec.ts" name="SCORM 2004 CMI Tests &gt; CMI Spec Tests &gt; Post-Initialize Tests &gt; Field: cmi.exit &gt; Should fail to read from cmi.exit" time="0.000029291">
        </testcase>
        <testcase classname="test/cmi/scorm2004_cmi.spec.ts" name="SCORM 2004 CMI Tests &gt; CMI Spec Tests &gt; Post-Initialize Tests &gt; Field: cmi.exit &gt; Should successfully write to cmi.exit" time="0.000032041">
        </testcase>
        <testcase classname="test/cmi/scorm2004_cmi.spec.ts" name="SCORM 2004 CMI Tests &gt; CMI Spec Tests &gt; Post-Initialize Tests &gt; Field: cmi.exit &gt; Should successfully write &apos;time-out&apos; to cmi.exit" time="0.000029792">
        </testcase>
        <testcase classname="test/cmi/scorm2004_cmi.spec.ts" name="SCORM 2004 CMI Tests &gt; CMI Spec Tests &gt; Post-Initialize Tests &gt; Field: cmi.exit &gt; Should successfully write &apos;suspend&apos; to cmi.exit" time="0.000033083">
        </testcase>
        <testcase classname="test/cmi/scorm2004_cmi.spec.ts" name="SCORM 2004 CMI Tests &gt; CMI Spec Tests &gt; Post-Initialize Tests &gt; Field: cmi.exit &gt; Should successfully write &apos;logout&apos; to cmi.exit" time="0.000032291">
        </testcase>
        <testcase classname="test/cmi/scorm2004_cmi.spec.ts" name="SCORM 2004 CMI Tests &gt; CMI Spec Tests &gt; Post-Initialize Tests &gt; Field: cmi.exit &gt; Should successfully write &apos;normal&apos; to cmi.exit" time="0.000029083">
        </testcase>
        <testcase classname="test/cmi/scorm2004_cmi.spec.ts" name="SCORM 2004 CMI Tests &gt; CMI Spec Tests &gt; Post-Initialize Tests &gt; Field: cmi.exit &gt; Should successfully write &apos;&apos; to cmi.exit" time="0.000029083">
        </testcase>
        <testcase classname="test/cmi/scorm2004_cmi.spec.ts" name="SCORM 2004 CMI Tests &gt; CMI Spec Tests &gt; Post-Initialize Tests &gt; Field: cmi.exit &gt; Should fail to write &apos;close&apos; to cmi.exit" time="0.000044625">
        </testcase>
        <testcase classname="test/cmi/scorm2004_cmi.spec.ts" name="SCORM 2004 CMI Tests &gt; CMI Spec Tests &gt; Post-Initialize Tests &gt; Field: cmi.exit &gt; Should fail to write &apos;exit&apos; to cmi.exit" time="0.000032417">
        </testcase>
        <testcase classname="test/cmi/scorm2004_cmi.spec.ts" name="SCORM 2004 CMI Tests &gt; CMI Spec Tests &gt; Post-Initialize Tests &gt; Field: cmi.exit &gt; Should fail to write &apos;crash&apos; to cmi.exit" time="0.000031875">
        </testcase>
        <testcase classname="test/cmi/scorm2004_cmi.spec.ts" name="SCORM 2004 CMI Tests &gt; CMI Spec Tests &gt; Post-Initialize Tests &gt; Field: cmi.launch_data &gt; Should be able to read from cmi.launch_data" time="0.000020375">
        </testcase>
        <testcase classname="test/cmi/scorm2004_cmi.spec.ts" name="SCORM 2004 CMI Tests &gt; CMI Spec Tests &gt; Post-Initialize Tests &gt; Field: cmi.launch_data &gt; Should fail to write to cmi.launch_data" time="0.00003">
        </testcase>
        <testcase classname="test/cmi/scorm2004_cmi.spec.ts" name="SCORM 2004 CMI Tests &gt; CMI Spec Tests &gt; Post-Initialize Tests &gt; Field: cmi.learner_id &gt; Should be able to read from cmi.learner_id" time="0.000019625">
        </testcase>
        <testcase classname="test/cmi/scorm2004_cmi.spec.ts" name="SCORM 2004 CMI Tests &gt; CMI Spec Tests &gt; Post-Initialize Tests &gt; Field: cmi.learner_id &gt; Should fail to write to cmi.learner_id" time="0.000027541">
        </testcase>
        <testcase classname="test/cmi/scorm2004_cmi.spec.ts" name="SCORM 2004 CMI Tests &gt; CMI Spec Tests &gt; Post-Initialize Tests &gt; Field: cmi.learner_name &gt; Should be able to read from cmi.learner_name" time="0.000018833">
        </testcase>
        <testcase classname="test/cmi/scorm2004_cmi.spec.ts" name="SCORM 2004 CMI Tests &gt; CMI Spec Tests &gt; Post-Initialize Tests &gt; Field: cmi.learner_name &gt; Should fail to write to cmi.learner_name" time="0.000027291">
        </testcase>
        <testcase classname="test/cmi/scorm2004_cmi.spec.ts" name="SCORM 2004 CMI Tests &gt; CMI Spec Tests &gt; Post-Initialize Tests &gt; Field: cmi.location &gt; Should be able to read from cmi.location" time="0.000019875">
        </testcase>
        <testcase classname="test/cmi/scorm2004_cmi.spec.ts" name="SCORM 2004 CMI Tests &gt; CMI Spec Tests &gt; Post-Initialize Tests &gt; Field: cmi.location &gt; Should be able to write upto 1000 characters to cmi.location" time="0.000035958">
        </testcase>
        <testcase classname="test/cmi/scorm2004_cmi.spec.ts" name="SCORM 2004 CMI Tests &gt; CMI Spec Tests &gt; Post-Initialize Tests &gt; Field: cmi.location &gt; Should fail to write more than 1000 characters to cmi.location" time="0.00003725">
        </testcase>
        <testcase classname="test/cmi/scorm2004_cmi.spec.ts" name="SCORM 2004 CMI Tests &gt; CMI Spec Tests &gt; Post-Initialize Tests &gt; Field: cmi.max_time_allowed &gt; Should be able to read from cmi.max_time_allowed" time="0.00001975">
        </testcase>
        <testcase classname="test/cmi/scorm2004_cmi.spec.ts" name="SCORM 2004 CMI Tests &gt; CMI Spec Tests &gt; Post-Initialize Tests &gt; Field: cmi.max_time_allowed &gt; Should fail to write to cmi.max_time_allowed" time="0.000027375">
        </testcase>
        <testcase classname="test/cmi/scorm2004_cmi.spec.ts" name="SCORM 2004 CMI Tests &gt; CMI Spec Tests &gt; Post-Initialize Tests &gt; Field: cmi.mode &gt; Should be able to read from cmi.mode" time="0.000019458">
        </testcase>
        <testcase classname="test/cmi/scorm2004_cmi.spec.ts" name="SCORM 2004 CMI Tests &gt; CMI Spec Tests &gt; Post-Initialize Tests &gt; Field: cmi.mode &gt; Should fail to write to cmi.mode" time="0.00002775">
        </testcase>
        <testcase classname="test/cmi/scorm2004_cmi.spec.ts" name="SCORM 2004 CMI Tests &gt; CMI Spec Tests &gt; Post-Initialize Tests &gt; Field: cmi.max_time_allowed &gt; Should be able to read from cmi.max_time_allowed" time="0.000020417">
        </testcase>
        <testcase classname="test/cmi/scorm2004_cmi.spec.ts" name="SCORM 2004 CMI Tests &gt; CMI Spec Tests &gt; Post-Initialize Tests &gt; Field: cmi.max_time_allowed &gt; Should fail to write to cmi.max_time_allowed" time="0.000028166">
        </testcase>
        <testcase classname="test/cmi/scorm2004_cmi.spec.ts" name="SCORM 2004 CMI Tests &gt; CMI Spec Tests &gt; Post-Initialize Tests &gt; Field: cmi.progress_measure &gt; Should successfully write &apos;0.0&apos; to cmi.progress_measure" time="0.0000355">
        </testcase>
        <testcase classname="test/cmi/scorm2004_cmi.spec.ts" name="SCORM 2004 CMI Tests &gt; CMI Spec Tests &gt; Post-Initialize Tests &gt; Field: cmi.progress_measure &gt; Should successfully write &apos;0.25&apos; to cmi.progress_measure" time="0.00003125">
        </testcase>
        <testcase classname="test/cmi/scorm2004_cmi.spec.ts" name="SCORM 2004 CMI Tests &gt; CMI Spec Tests &gt; Post-Initialize Tests &gt; Field: cmi.progress_measure &gt; Should successfully write &apos;0.5&apos; to cmi.progress_measure" time="0.000029583">
        </testcase>
        <testcase classname="test/cmi/scorm2004_cmi.spec.ts" name="SCORM 2004 CMI Tests &gt; CMI Spec Tests &gt; Post-Initialize Tests &gt; Field: cmi.progress_measure &gt; Should successfully write &apos;1.0&apos; to cmi.progress_measure" time="0.000030166">
        </testcase>
        <testcase classname="test/cmi/scorm2004_cmi.spec.ts" name="SCORM 2004 CMI Tests &gt; CMI Spec Tests &gt; Post-Initialize Tests &gt; Field: cmi.progress_measure &gt; Should fail to write &apos;-1&apos; to cmi.progress_measure" time="0.000035667">
        </testcase>
        <testcase classname="test/cmi/scorm2004_cmi.spec.ts" name="SCORM 2004 CMI Tests &gt; CMI Spec Tests &gt; Post-Initialize Tests &gt; Field: cmi.progress_measure &gt; Should fail to write &apos;-0.1&apos; to cmi.progress_measure" time="0.00003375">
        </testcase>
        <testcase classname="test/cmi/scorm2004_cmi.spec.ts" name="SCORM 2004 CMI Tests &gt; CMI Spec Tests &gt; Post-Initialize Tests &gt; Field: cmi.progress_measure &gt; Should fail to write &apos;1.1&apos; to cmi.progress_measure" time="0.000033125">
        </testcase>
        <testcase classname="test/cmi/scorm2004_cmi.spec.ts" name="SCORM 2004 CMI Tests &gt; CMI Spec Tests &gt; Post-Initialize Tests &gt; Field: cmi.progress_measure &gt; Should fail to write &apos;.25&apos; to cmi.progress_measure" time="0.000032583">
        </testcase>
        <testcase classname="test/cmi/scorm2004_cmi.spec.ts" name="SCORM 2004 CMI Tests &gt; CMI Spec Tests &gt; Post-Initialize Tests &gt; Field: cmi.scaled_passing_score &gt; Should be able to read from cmi.scaled_passing_score" time="0.000020292">
        </testcase>
        <testcase classname="test/cmi/scorm2004_cmi.spec.ts" name="SCORM 2004 CMI Tests &gt; CMI Spec Tests &gt; Post-Initialize Tests &gt; Field: cmi.scaled_passing_score &gt; Should fail to write to cmi.scaled_passing_score" time="0.000028834">
        </testcase>
        <testcase classname="test/cmi/scorm2004_cmi.spec.ts" name="SCORM 2004 CMI Tests &gt; CMI Spec Tests &gt; Post-Initialize Tests &gt; Field: cmi.session_time &gt; Should fail to read from cmi.session_time" time="0.000028042">
        </testcase>
        <testcase classname="test/cmi/scorm2004_cmi.spec.ts" name="SCORM 2004 CMI Tests &gt; CMI Spec Tests &gt; Post-Initialize Tests &gt; Field: cmi.session_time &gt; Should successfully write to cmi.session_time" time="0.000030084">
        </testcase>
        <testcase classname="test/cmi/scorm2004_cmi.spec.ts" name="SCORM 2004 CMI Tests &gt; CMI Spec Tests &gt; Post-Initialize Tests &gt; Field: cmi.session_time &gt; Should successfully write &apos;P1Y34DT23H45M15S&apos; to cmi.session_time" time="0.000029458">
        </testcase>
        <testcase classname="test/cmi/scorm2004_cmi.spec.ts" name="SCORM 2004 CMI Tests &gt; CMI Spec Tests &gt; Post-Initialize Tests &gt; Field: cmi.session_time &gt; Should successfully write &apos;PT1M45S&apos; to cmi.session_time" time="0.000028541">
        </testcase>
        <testcase classname="test/cmi/scorm2004_cmi.spec.ts" name="SCORM 2004 CMI Tests &gt; CMI Spec Tests &gt; Post-Initialize Tests &gt; Field: cmi.session_time &gt; Should successfully write &apos;P0S&apos; to cmi.session_time" time="0.000029667">
        </testcase>
        <testcase classname="test/cmi/scorm2004_cmi.spec.ts" name="SCORM 2004 CMI Tests &gt; CMI Spec Tests &gt; Post-Initialize Tests &gt; Field: cmi.session_time &gt; Should successfully write &apos;PT75M&apos; to cmi.session_time" time="0.000040625">
        </testcase>
        <testcase classname="test/cmi/scorm2004_cmi.spec.ts" name="SCORM 2004 CMI Tests &gt; CMI Spec Tests &gt; Post-Initialize Tests &gt; Field: cmi.session_time &gt; Should fail to write &apos;00:08:45&apos; to cmi.session_time" time="0.000034083">
        </testcase>
        <testcase classname="test/cmi/scorm2004_cmi.spec.ts" name="SCORM 2004 CMI Tests &gt; CMI Spec Tests &gt; Post-Initialize Tests &gt; Field: cmi.session_time &gt; Should fail to write &apos;-P1H&apos; to cmi.session_time" time="0.000033125">
        </testcase>
        <testcase classname="test/cmi/scorm2004_cmi.spec.ts" name="SCORM 2004 CMI Tests &gt; CMI Spec Tests &gt; Post-Initialize Tests &gt; Field: cmi.session_time &gt; Should fail to write &apos;1y45D&apos; to cmi.session_time" time="0.000032042">
        </testcase>
        <testcase classname="test/cmi/scorm2004_cmi.spec.ts" name="SCORM 2004 CMI Tests &gt; CMI Spec Tests &gt; Post-Initialize Tests &gt; Field: cmi.session_time &gt; Should fail to write &apos;0&apos; to cmi.session_time" time="0.000032459">
        </testcase>
        <testcase classname="test/cmi/scorm2004_cmi.spec.ts" name="SCORM 2004 CMI Tests &gt; CMI Spec Tests &gt; Post-Initialize Tests &gt; Field: cmi.success_status &gt; Should be able to read from cmi.success_status" time="0.000021541">
        </testcase>
        <testcase classname="test/cmi/scorm2004_cmi.spec.ts" name="SCORM 2004 CMI Tests &gt; CMI Spec Tests &gt; Post-Initialize Tests &gt; Field: cmi.success_status &gt; Should successfully write &apos;passed&apos; to cmi.success_status" time="0.000029833">
        </testcase>
        <testcase classname="test/cmi/scorm2004_cmi.spec.ts" name="SCORM 2004 CMI Tests &gt; CMI Spec Tests &gt; Post-Initialize Tests &gt; Field: cmi.success_status &gt; Should successfully write &apos;failed&apos; to cmi.success_status" time="0.000029125">
        </testcase>
        <testcase classname="test/cmi/scorm2004_cmi.spec.ts" name="SCORM 2004 CMI Tests &gt; CMI Spec Tests &gt; Post-Initialize Tests &gt; Field: cmi.success_status &gt; Should successfully write &apos;unknown&apos; to cmi.success_status" time="0.000028334">
        </testcase>
        <testcase classname="test/cmi/scorm2004_cmi.spec.ts" name="SCORM 2004 CMI Tests &gt; CMI Spec Tests &gt; Post-Initialize Tests &gt; Field: cmi.success_status &gt; Should fail to write &apos;complete&apos; to cmi.success_status" time="0.000033584">
        </testcase>
        <testcase classname="test/cmi/scorm2004_cmi.spec.ts" name="SCORM 2004 CMI Tests &gt; CMI Spec Tests &gt; Post-Initialize Tests &gt; Field: cmi.success_status &gt; Should fail to write &apos;incomplete&apos; to cmi.success_status" time="0.00003175">
        </testcase>
        <testcase classname="test/cmi/scorm2004_cmi.spec.ts" name="SCORM 2004 CMI Tests &gt; CMI Spec Tests &gt; Post-Initialize Tests &gt; Field: cmi.success_status &gt; Should fail to write &apos;P&apos; to cmi.success_status" time="0.000032125">
        </testcase>
        <testcase classname="test/cmi/scorm2004_cmi.spec.ts" name="SCORM 2004 CMI Tests &gt; CMI Spec Tests &gt; Post-Initialize Tests &gt; Field: cmi.success_status &gt; Should fail to write &apos;f&apos; to cmi.success_status" time="0.000033833">
        </testcase>
        <testcase classname="test/cmi/scorm2004_cmi.spec.ts" name="SCORM 2004 CMI Tests &gt; CMI Spec Tests &gt; Post-Initialize Tests &gt; Field: cmi.suspend_data &gt; Should be able to read from cmi.suspend_data" time="0.000020541">
        </testcase>
        <testcase classname="test/cmi/scorm2004_cmi.spec.ts" name="SCORM 2004 CMI Tests &gt; CMI Spec Tests &gt; Post-Initialize Tests &gt; Field: cmi.suspend_data &gt; Should be able to write upto 64000 characters to cmi.suspend_data" time="0.000038416">
        </testcase>
        <testcase classname="test/cmi/scorm2004_cmi.spec.ts" name="SCORM 2004 CMI Tests &gt; CMI Spec Tests &gt; Post-Initialize Tests &gt; Field: cmi.suspend_data &gt; Should fail to write more than 64000 characters to cmi.suspend_data" time="0.000233083">
        </testcase>
        <testcase classname="test/cmi/scorm2004_cmi.spec.ts" name="SCORM 2004 CMI Tests &gt; CMI Spec Tests &gt; Post-Initialize Tests &gt; Field: cmi.time_limit_action &gt; Should be able to read from cmi.time_limit_action" time="0.000021042">
        </testcase>
        <testcase classname="test/cmi/scorm2004_cmi.spec.ts" name="SCORM 2004 CMI Tests &gt; CMI Spec Tests &gt; Post-Initialize Tests &gt; Field: cmi.time_limit_action &gt; Should fail to write to cmi.time_limit_action" time="0.000027583">
        </testcase>
        <testcase classname="test/cmi/scorm2004_cmi.spec.ts" name="SCORM 2004 CMI Tests &gt; CMI Spec Tests &gt; Post-Initialize Tests &gt; Field: cmi.total_time &gt; Should be able to read from cmi.total_time" time="0.000020625">
        </testcase>
        <testcase classname="test/cmi/scorm2004_cmi.spec.ts" name="SCORM 2004 CMI Tests &gt; CMI Spec Tests &gt; Post-Initialize Tests &gt; Field: cmi.total_time &gt; Should fail to write to cmi.total_time" time="0.000027083">
        </testcase>
        <testcase classname="test/cmi/scorm2004_cmi.spec.ts" name="SCORM 2004 CMI Tests &gt; CMI Spec Tests &gt; Post-Initialize Tests &gt; Field: cmi.learner_preference._children &gt; Should be able to read from cmi.learner_preference._children" time="0.000020834">
        </testcase>
        <testcase classname="test/cmi/scorm2004_cmi.spec.ts" name="SCORM 2004 CMI Tests &gt; CMI Spec Tests &gt; Post-Initialize Tests &gt; Field: cmi.learner_preference._children &gt; Should fail to write to cmi.learner_preference._children" time="0.000026833">
        </testcase>
        <testcase classname="test/cmi/scorm2004_cmi.spec.ts" name="SCORM 2004 CMI Tests &gt; CMI Spec Tests &gt; Post-Initialize Tests &gt; Field: cmi.learner_preference.audio_level &gt; Should successfully write &apos;1&apos; to cmi.learner_preference.audio_level" time="0.000031459">
        </testcase>
        <testcase classname="test/cmi/scorm2004_cmi.spec.ts" name="SCORM 2004 CMI Tests &gt; CMI Spec Tests &gt; Post-Initialize Tests &gt; Field: cmi.learner_preference.audio_level &gt; Should successfully write &apos;50&apos; to cmi.learner_preference.audio_level" time="0.00003025">
        </testcase>
        <testcase classname="test/cmi/scorm2004_cmi.spec.ts" name="SCORM 2004 CMI Tests &gt; CMI Spec Tests &gt; Post-Initialize Tests &gt; Field: cmi.learner_preference.audio_level &gt; Should successfully write &apos;100&apos; to cmi.learner_preference.audio_level" time="0.0000305">
        </testcase>
        <testcase classname="test/cmi/scorm2004_cmi.spec.ts" name="SCORM 2004 CMI Tests &gt; CMI Spec Tests &gt; Post-Initialize Tests &gt; Field: cmi.learner_preference.audio_level &gt; Should fail to write &apos;invalid&apos; to cmi.learner_preference.audio_level" time="0.000032417">
        </testcase>
        <testcase classname="test/cmi/scorm2004_cmi.spec.ts" name="SCORM 2004 CMI Tests &gt; CMI Spec Tests &gt; Post-Initialize Tests &gt; Field: cmi.learner_preference.audio_level &gt; Should fail to write &apos;a100&apos; to cmi.learner_preference.audio_level" time="0.000039458">
        </testcase>
        <testcase classname="test/cmi/scorm2004_cmi.spec.ts" name="SCORM 2004 CMI Tests &gt; CMI Spec Tests &gt; Post-Initialize Tests &gt; Field: cmi.learner_preference.audio_level &gt; Should fail to write &apos;-1&apos; to cmi.learner_preference.audio_level" time="0.000033583">
        </testcase>
        <testcase classname="test/cmi/scorm2004_cmi.spec.ts" name="SCORM 2004 CMI Tests &gt; CMI Spec Tests &gt; Post-Initialize Tests &gt; Field: cmi.learner_preference.language &gt; Should successfully write &apos;en&apos; to cmi.learner_preference.language" time="0.0000305">
        </testcase>
        <testcase classname="test/cmi/scorm2004_cmi.spec.ts" name="SCORM 2004 CMI Tests &gt; CMI Spec Tests &gt; Post-Initialize Tests &gt; Field: cmi.learner_preference.language &gt; Should successfully write &apos;fr&apos; to cmi.learner_preference.language" time="0.0000305">
        </testcase>
        <testcase classname="test/cmi/scorm2004_cmi.spec.ts" name="SCORM 2004 CMI Tests &gt; CMI Spec Tests &gt; Post-Initialize Tests &gt; Field: cmi.learner_preference.language &gt; Should successfully write &apos;ru&apos; to cmi.learner_preference.language" time="0.000028166">
        </testcase>
        <testcase classname="test/cmi/scorm2004_cmi.spec.ts" name="SCORM 2004 CMI Tests &gt; CMI Spec Tests &gt; Post-Initialize Tests &gt; Field: cmi.learner_preference.language &gt; Should successfully write &apos;es&apos; to cmi.learner_preference.language" time="0.000029333">
        </testcase>
        <testcase classname="test/cmi/scorm2004_cmi.spec.ts" name="SCORM 2004 CMI Tests &gt; CMI Spec Tests &gt; Post-Initialize Tests &gt; Field: cmi.learner_preference.language &gt; Should fail to write &apos;invalid&apos; to cmi.learner_preference.language" time="0.000032708">
        </testcase>
        <testcase classname="test/cmi/scorm2004_cmi.spec.ts" name="SCORM 2004 CMI Tests &gt; CMI Spec Tests &gt; Post-Initialize Tests &gt; Field: cmi.learner_preference.language &gt; Should fail to write &apos;a100&apos; to cmi.learner_preference.language" time="0.000032041">
        </testcase>
        <testcase classname="test/cmi/scorm2004_cmi.spec.ts" name="SCORM 2004 CMI Tests &gt; CMI Spec Tests &gt; Post-Initialize Tests &gt; Field: cmi.learner_preference.delivery_speed &gt; Should successfully write &apos;1&apos; to cmi.learner_preference.delivery_speed" time="0.000030041">
        </testcase>
        <testcase classname="test/cmi/scorm2004_cmi.spec.ts" name="SCORM 2004 CMI Tests &gt; CMI Spec Tests &gt; Post-Initialize Tests &gt; Field: cmi.learner_preference.delivery_speed &gt; Should successfully write &apos;50&apos; to cmi.learner_preference.delivery_speed" time="0.000028875">
        </testcase>
        <testcase classname="test/cmi/scorm2004_cmi.spec.ts" name="SCORM 2004 CMI Tests &gt; CMI Spec Tests &gt; Post-Initialize Tests &gt; Field: cmi.learner_preference.delivery_speed &gt; Should successfully write &apos;100&apos; to cmi.learner_preference.delivery_speed" time="0.000028584">
        </testcase>
        <testcase classname="test/cmi/scorm2004_cmi.spec.ts" name="SCORM 2004 CMI Tests &gt; CMI Spec Tests &gt; Post-Initialize Tests &gt; Field: cmi.learner_preference.delivery_speed &gt; Should fail to write &apos;invalid&apos; to cmi.learner_preference.delivery_speed" time="0.000032208">
        </testcase>
        <testcase classname="test/cmi/scorm2004_cmi.spec.ts" name="SCORM 2004 CMI Tests &gt; CMI Spec Tests &gt; Post-Initialize Tests &gt; Field: cmi.learner_preference.delivery_speed &gt; Should fail to write &apos;a100&apos; to cmi.learner_preference.delivery_speed" time="0.000032834">
        </testcase>
        <testcase classname="test/cmi/scorm2004_cmi.spec.ts" name="SCORM 2004 CMI Tests &gt; CMI Spec Tests &gt; Post-Initialize Tests &gt; Field: cmi.learner_preference.delivery_speed &gt; Should fail to write &apos;-1&apos; to cmi.learner_preference.delivery_speed" time="0.000032">
        </testcase>
        <testcase classname="test/cmi/scorm2004_cmi.spec.ts" name="SCORM 2004 CMI Tests &gt; CMI Spec Tests &gt; Post-Initialize Tests &gt; Field: cmi.learner_preference.audio_captioning &gt; Should successfully write &apos;1&apos; to cmi.learner_preference.audio_captioning" time="0.00003">
        </testcase>
        <testcase classname="test/cmi/scorm2004_cmi.spec.ts" name="SCORM 2004 CMI Tests &gt; CMI Spec Tests &gt; Post-Initialize Tests &gt; Field: cmi.learner_preference.audio_captioning &gt; Should successfully write &apos;0&apos; to cmi.learner_preference.audio_captioning" time="0.000030333">
        </testcase>
        <testcase classname="test/cmi/scorm2004_cmi.spec.ts" name="SCORM 2004 CMI Tests &gt; CMI Spec Tests &gt; Post-Initialize Tests &gt; Field: cmi.learner_preference.audio_captioning &gt; Should successfully write &apos;-1&apos; to cmi.learner_preference.audio_captioning" time="0.000028709">
        </testcase>
        <testcase classname="test/cmi/scorm2004_cmi.spec.ts" name="SCORM 2004 CMI Tests &gt; CMI Spec Tests &gt; Post-Initialize Tests &gt; Field: cmi.learner_preference.audio_captioning &gt; Should fail to write &apos;-101&apos; to cmi.learner_preference.audio_captioning" time="0.000032625">
        </testcase>
        <testcase classname="test/cmi/scorm2004_cmi.spec.ts" name="SCORM 2004 CMI Tests &gt; CMI Spec Tests &gt; Post-Initialize Tests &gt; Field: cmi.learner_preference.audio_captioning &gt; Should fail to write &apos;-0.5&apos; to cmi.learner_preference.audio_captioning" time="0.000032042">
        </testcase>
        <testcase classname="test/cmi/scorm2004_cmi.spec.ts" name="SCORM 2004 CMI Tests &gt; CMI Spec Tests &gt; Post-Initialize Tests &gt; Field: cmi.learner_preference.audio_captioning &gt; Should fail to write &apos;0.5&apos; to cmi.learner_preference.audio_captioning" time="0.0000325">
        </testcase>
        <testcase classname="test/cmi/scorm2004_cmi.spec.ts" name="SCORM 2004 CMI Tests &gt; CMI Spec Tests &gt; Post-Initialize Tests &gt; Field: cmi.learner_preference.audio_captioning &gt; Should fail to write &apos;25.1&apos; to cmi.learner_preference.audio_captioning" time="0.0000315">
        </testcase>
        <testcase classname="test/cmi/scorm2004_cmi.spec.ts" name="SCORM 2004 CMI Tests &gt; CMI Spec Tests &gt; Post-Initialize Tests &gt; Field: cmi.learner_preference.audio_captioning &gt; Should fail to write &apos;50.5&apos; to cmi.learner_preference.audio_captioning" time="0.000031375">
        </testcase>
        <testcase classname="test/cmi/scorm2004_cmi.spec.ts" name="SCORM 2004 CMI Tests &gt; CMI Spec Tests &gt; Post-Initialize Tests &gt; Field: cmi.learner_preference.audio_captioning &gt; Should fail to write &apos;75&apos; to cmi.learner_preference.audio_captioning" time="0.000032416">
        </testcase>
        <testcase classname="test/cmi/scorm2004_cmi.spec.ts" name="SCORM 2004 CMI Tests &gt; CMI Spec Tests &gt; Post-Initialize Tests &gt; Field: cmi.learner_preference.audio_captioning &gt; Should fail to write &apos;100&apos; to cmi.learner_preference.audio_captioning" time="0.000031375">
        </testcase>
        <testcase classname="test/cmi/scorm2004_cmi.spec.ts" name="SCORM 2004 CMI Tests &gt; CMI Spec Tests &gt; Post-Initialize Tests &gt; Field: cmi.objectives._children &gt; Should be able to read from cmi.objectives._children" time="0.000018208">
        </testcase>
        <testcase classname="test/cmi/scorm2004_cmi.spec.ts" name="SCORM 2004 CMI Tests &gt; CMI Spec Tests &gt; Post-Initialize Tests &gt; Field: cmi.objectives._children &gt; Should fail to write to cmi.objectives._children" time="0.000025459">
        </testcase>
        <testcase classname="test/cmi/scorm2004_cmi.spec.ts" name="SCORM 2004 CMI Tests &gt; CMI Spec Tests &gt; Post-Initialize Tests &gt; Field: cmi.objectives._count &gt; Should be able to read from cmi.objectives._count" time="0.000016708">
        </testcase>
        <testcase classname="test/cmi/scorm2004_cmi.spec.ts" name="SCORM 2004 CMI Tests &gt; CMI Spec Tests &gt; Post-Initialize Tests &gt; Field: cmi.objectives._count &gt; Should fail to write to cmi.objectives._count" time="0.000087">
        </testcase>
        <testcase classname="test/cmi/scorm2004_cmi.spec.ts" name="SCORM 2004 CMI Tests &gt; CMI Spec Tests &gt; Post-Initialize Tests &gt; Field: cmi.score._children &gt; Should be able to read from cmi.score._children" time="0.000020542">
        </testcase>
        <testcase classname="test/cmi/scorm2004_cmi.spec.ts" name="SCORM 2004 CMI Tests &gt; CMI Spec Tests &gt; Post-Initialize Tests &gt; Field: cmi.score._children &gt; Should fail to write to cmi.score._children" time="0.000029167">
        </testcase>
        <testcase classname="test/cmi/scorm2004_cmi.spec.ts" name="SCORM 2004 CMI Tests &gt; CMI Spec Tests &gt; Post-Initialize Tests &gt; Field: cmi.score.scaled &gt; Should successfully write &apos;1&apos; to cmi.score.scaled" time="0.000031333">
        </testcase>
        <testcase classname="test/cmi/scorm2004_cmi.spec.ts" name="SCORM 2004 CMI Tests &gt; CMI Spec Tests &gt; Post-Initialize Tests &gt; Field: cmi.score.scaled &gt; Should successfully write &apos;0.5&apos; to cmi.score.scaled" time="0.000028708">
        </testcase>
        <testcase classname="test/cmi/scorm2004_cmi.spec.ts" name="SCORM 2004 CMI Tests &gt; CMI Spec Tests &gt; Post-Initialize Tests &gt; Field: cmi.score.scaled &gt; Should successfully write &apos;0&apos; to cmi.score.scaled" time="0.00003075">
        </testcase>
        <testcase classname="test/cmi/scorm2004_cmi.spec.ts" name="SCORM 2004 CMI Tests &gt; CMI Spec Tests &gt; Post-Initialize Tests &gt; Field: cmi.score.scaled &gt; Should successfully write &apos;-0.5&apos; to cmi.score.scaled" time="0.000029125">
        </testcase>
        <testcase classname="test/cmi/scorm2004_cmi.spec.ts" name="SCORM 2004 CMI Tests &gt; CMI Spec Tests &gt; Post-Initialize Tests &gt; Field: cmi.score.scaled &gt; Should successfully write &apos;-1&apos; to cmi.score.scaled" time="0.000035042">
        </testcase>
        <testcase classname="test/cmi/scorm2004_cmi.spec.ts" name="SCORM 2004 CMI Tests &gt; CMI Spec Tests &gt; Post-Initialize Tests &gt; Field: cmi.score.scaled &gt; Should fail to write &apos;-101&apos; to cmi.score.scaled" time="0.000036291">
        </testcase>
        <testcase classname="test/cmi/scorm2004_cmi.spec.ts" name="SCORM 2004 CMI Tests &gt; CMI Spec Tests &gt; Post-Initialize Tests &gt; Field: cmi.score.scaled &gt; Should fail to write &apos;25.1&apos; to cmi.score.scaled" time="0.000035">
        </testcase>
        <testcase classname="test/cmi/scorm2004_cmi.spec.ts" name="SCORM 2004 CMI Tests &gt; CMI Spec Tests &gt; Post-Initialize Tests &gt; Field: cmi.score.scaled &gt; Should fail to write &apos;50.5&apos; to cmi.score.scaled" time="0.000034">
        </testcase>
        <testcase classname="test/cmi/scorm2004_cmi.spec.ts" name="SCORM 2004 CMI Tests &gt; CMI Spec Tests &gt; Post-Initialize Tests &gt; Field: cmi.score.scaled &gt; Should fail to write &apos;75&apos; to cmi.score.scaled" time="0.000035125">
        </testcase>
        <testcase classname="test/cmi/scorm2004_cmi.spec.ts" name="SCORM 2004 CMI Tests &gt; CMI Spec Tests &gt; Post-Initialize Tests &gt; Field: cmi.score.scaled &gt; Should fail to write &apos;100&apos; to cmi.score.scaled" time="0.000034291">
        </testcase>
        <testcase classname="test/cmi/scorm2004_cmi.spec.ts" name="SCORM 2004 CMI Tests &gt; CMI Spec Tests &gt; Post-Initialize Tests &gt; Field: cmi.score.raw &gt; Should successfully write &apos;1&apos; to cmi.score.raw" time="0.000033708">
        </testcase>
        <testcase classname="test/cmi/scorm2004_cmi.spec.ts" name="SCORM 2004 CMI Tests &gt; CMI Spec Tests &gt; Post-Initialize Tests &gt; Field: cmi.score.raw &gt; Should successfully write &apos;50&apos; to cmi.score.raw" time="0.000032542">
        </testcase>
        <testcase classname="test/cmi/scorm2004_cmi.spec.ts" name="SCORM 2004 CMI Tests &gt; CMI Spec Tests &gt; Post-Initialize Tests &gt; Field: cmi.score.raw &gt; Should successfully write &apos;100&apos; to cmi.score.raw" time="0.000030875">
        </testcase>
        <testcase classname="test/cmi/scorm2004_cmi.spec.ts" name="SCORM 2004 CMI Tests &gt; CMI Spec Tests &gt; Post-Initialize Tests &gt; Field: cmi.score.raw &gt; Should successfully write &apos;-10000&apos; to cmi.score.raw" time="0.000033542">
        </testcase>
        <testcase classname="test/cmi/scorm2004_cmi.spec.ts" name="SCORM 2004 CMI Tests &gt; CMI Spec Tests &gt; Post-Initialize Tests &gt; Field: cmi.score.raw &gt; Should successfully write &apos;-1&apos; to cmi.score.raw" time="0.000032">
        </testcase>
        <testcase classname="test/cmi/scorm2004_cmi.spec.ts" name="SCORM 2004 CMI Tests &gt; CMI Spec Tests &gt; Post-Initialize Tests &gt; Field: cmi.score.raw &gt; Should successfully write &apos;10000&apos; to cmi.score.raw" time="0.000029917">
        </testcase>
        <testcase classname="test/cmi/scorm2004_cmi.spec.ts" name="SCORM 2004 CMI Tests &gt; CMI Spec Tests &gt; Post-Initialize Tests &gt; Field: cmi.score.raw &gt; Should fail to write &apos;invalid&apos; to cmi.score.raw" time="0.000035084">
        </testcase>
        <testcase classname="test/cmi/scorm2004_cmi.spec.ts" name="SCORM 2004 CMI Tests &gt; CMI Spec Tests &gt; Post-Initialize Tests &gt; Field: cmi.score.raw &gt; Should fail to write &apos;a100&apos; to cmi.score.raw" time="0.000033417">
        </testcase>
        <testcase classname="test/cmi/scorm2004_cmi.spec.ts" name="SCORM 2004 CMI Tests &gt; CMI Spec Tests &gt; Post-Initialize Tests &gt; Field: cmi.score.raw &gt; Should fail to write &apos;-100000&apos; to cmi.score.raw" time="0.0000335">
        </testcase>
        <testcase classname="test/cmi/scorm2004_cmi.spec.ts" name="SCORM 2004 CMI Tests &gt; CMI Spec Tests &gt; Post-Initialize Tests &gt; Field: cmi.score.raw &gt; Should fail to write &apos;100000&apos; to cmi.score.raw" time="0.000033958">
        </testcase>
        <testcase classname="test/cmi/scorm2004_cmi.spec.ts" name="SCORM 2004 CMI Tests &gt; CMI Spec Tests &gt; Post-Initialize Tests &gt; Field: cmi.score.min &gt; Should successfully write &apos;1&apos; to cmi.score.min" time="0.000031333">
        </testcase>
        <testcase classname="test/cmi/scorm2004_cmi.spec.ts" name="SCORM 2004 CMI Tests &gt; CMI Spec Tests &gt; Post-Initialize Tests &gt; Field: cmi.score.min &gt; Should successfully write &apos;50&apos; to cmi.score.min" time="0.0000305">
        </testcase>
        <testcase classname="test/cmi/scorm2004_cmi.spec.ts" name="SCORM 2004 CMI Tests &gt; CMI Spec Tests &gt; Post-Initialize Tests &gt; Field: cmi.score.min &gt; Should successfully write &apos;100&apos; to cmi.score.min" time="0.000028917">
        </testcase>
        <testcase classname="test/cmi/scorm2004_cmi.spec.ts" name="SCORM 2004 CMI Tests &gt; CMI Spec Tests &gt; Post-Initialize Tests &gt; Field: cmi.score.min &gt; Should successfully write &apos;-10000&apos; to cmi.score.min" time="0.000032917">
        </testcase>
        <testcase classname="test/cmi/scorm2004_cmi.spec.ts" name="SCORM 2004 CMI Tests &gt; CMI Spec Tests &gt; Post-Initialize Tests &gt; Field: cmi.score.min &gt; Should successfully write &apos;-1&apos; to cmi.score.min" time="0.000028541">
        </testcase>
        <testcase classname="test/cmi/scorm2004_cmi.spec.ts" name="SCORM 2004 CMI Tests &gt; CMI Spec Tests &gt; Post-Initialize Tests &gt; Field: cmi.score.min &gt; Should successfully write &apos;10000&apos; to cmi.score.min" time="0.000029416">
        </testcase>
        <testcase classname="test/cmi/scorm2004_cmi.spec.ts" name="SCORM 2004 CMI Tests &gt; CMI Spec Tests &gt; Post-Initialize Tests &gt; Field: cmi.score.min &gt; Should fail to write &apos;invalid&apos; to cmi.score.min" time="0.000036083">
        </testcase>
        <testcase classname="test/cmi/scorm2004_cmi.spec.ts" name="SCORM 2004 CMI Tests &gt; CMI Spec Tests &gt; Post-Initialize Tests &gt; Field: cmi.score.min &gt; Should fail to write &apos;a100&apos; to cmi.score.min" time="0.000033209">
        </testcase>
        <testcase classname="test/cmi/scorm2004_cmi.spec.ts" name="SCORM 2004 CMI Tests &gt; CMI Spec Tests &gt; Post-Initialize Tests &gt; Field: cmi.score.min &gt; Should fail to write &apos;-100000&apos; to cmi.score.min" time="0.0000335">
        </testcase>
        <testcase classname="test/cmi/scorm2004_cmi.spec.ts" name="SCORM 2004 CMI Tests &gt; CMI Spec Tests &gt; Post-Initialize Tests &gt; Field: cmi.score.min &gt; Should fail to write &apos;100000&apos; to cmi.score.min" time="0.000032">
        </testcase>
        <testcase classname="test/cmi/scorm2004_cmi.spec.ts" name="SCORM 2004 CMI Tests &gt; CMI Spec Tests &gt; Post-Initialize Tests &gt; Field: cmi.score.max &gt; Should successfully write &apos;1&apos; to cmi.score.max" time="0.00003125">
        </testcase>
        <testcase classname="test/cmi/scorm2004_cmi.spec.ts" name="SCORM 2004 CMI Tests &gt; CMI Spec Tests &gt; Post-Initialize Tests &gt; Field: cmi.score.max &gt; Should successfully write &apos;50&apos; to cmi.score.max" time="0.000029958">
        </testcase>
        <testcase classname="test/cmi/scorm2004_cmi.spec.ts" name="SCORM 2004 CMI Tests &gt; CMI Spec Tests &gt; Post-Initialize Tests &gt; Field: cmi.score.max &gt; Should successfully write &apos;100&apos; to cmi.score.max" time="0.000030042">
        </testcase>
        <testcase classname="test/cmi/scorm2004_cmi.spec.ts" name="SCORM 2004 CMI Tests &gt; CMI Spec Tests &gt; Post-Initialize Tests &gt; Field: cmi.score.max &gt; Should successfully write &apos;-10000&apos; to cmi.score.max" time="0.000032875">
        </testcase>
        <testcase classname="test/cmi/scorm2004_cmi.spec.ts" name="SCORM 2004 CMI Tests &gt; CMI Spec Tests &gt; Post-Initialize Tests &gt; Field: cmi.score.max &gt; Should successfully write &apos;-1&apos; to cmi.score.max" time="0.0000305">
        </testcase>
        <testcase classname="test/cmi/scorm2004_cmi.spec.ts" name="SCORM 2004 CMI Tests &gt; CMI Spec Tests &gt; Post-Initialize Tests &gt; Field: cmi.score.max &gt; Should successfully write &apos;10000&apos; to cmi.score.max" time="0.000030666">
        </testcase>
        <testcase classname="test/cmi/scorm2004_cmi.spec.ts" name="SCORM 2004 CMI Tests &gt; CMI Spec Tests &gt; Post-Initialize Tests &gt; Field: cmi.score.max &gt; Should fail to write &apos;invalid&apos; to cmi.score.max" time="0.000034">
        </testcase>
        <testcase classname="test/cmi/scorm2004_cmi.spec.ts" name="SCORM 2004 CMI Tests &gt; CMI Spec Tests &gt; Post-Initialize Tests &gt; Field: cmi.score.max &gt; Should fail to write &apos;a100&apos; to cmi.score.max" time="0.000033">
        </testcase>
        <testcase classname="test/cmi/scorm2004_cmi.spec.ts" name="SCORM 2004 CMI Tests &gt; CMI Spec Tests &gt; Post-Initialize Tests &gt; Field: cmi.score.max &gt; Should fail to write &apos;-100000&apos; to cmi.score.max" time="0.000033042">
        </testcase>
        <testcase classname="test/cmi/scorm2004_cmi.spec.ts" name="SCORM 2004 CMI Tests &gt; CMI Spec Tests &gt; Post-Initialize Tests &gt; Field: cmi.score.max &gt; Should fail to write &apos;100000&apos; to cmi.score.max" time="0.000036375">
        </testcase>
        <testcase classname="test/cmi/scorm2004_cmi.spec.ts" name="SCORM 2004 CMI Tests &gt; CMI Spec Tests &gt; Post-Initialize Tests &gt; Field: cmi.comments_from_learner._children &gt; Should be able to read from cmi.comments_from_learner._children" time="0.000023084">
        </testcase>
        <testcase classname="test/cmi/scorm2004_cmi.spec.ts" name="SCORM 2004 CMI Tests &gt; CMI Spec Tests &gt; Post-Initialize Tests &gt; Field: cmi.comments_from_learner._children &gt; Should fail to write to cmi.comments_from_learner._children" time="0.000032708">
        </testcase>
        <testcase classname="test/cmi/scorm2004_cmi.spec.ts" name="SCORM 2004 CMI Tests &gt; CMI Spec Tests &gt; Post-Initialize Tests &gt; Field: cmi.comments_from_learner._count &gt; Should be able to read from cmi.comments_from_learner._count" time="0.000021417">
        </testcase>
        <testcase classname="test/cmi/scorm2004_cmi.spec.ts" name="SCORM 2004 CMI Tests &gt; CMI Spec Tests &gt; Post-Initialize Tests &gt; Field: cmi.comments_from_learner._count &gt; Should fail to write to cmi.comments_from_learner._count" time="0.000028042">
        </testcase>
        <testcase classname="test/cmi/scorm2004_cmi.spec.ts" name="SCORM 2004 CMI Tests &gt; CMI Spec Tests &gt; Post-Initialize Tests &gt; Field: cmi.comments_from_lms._children &gt; Should be able to read from cmi.comments_from_lms._children" time="0.000021459">
        </testcase>
        <testcase classname="test/cmi/scorm2004_cmi.spec.ts" name="SCORM 2004 CMI Tests &gt; CMI Spec Tests &gt; Post-Initialize Tests &gt; Field: cmi.comments_from_lms._children &gt; Should fail to write to cmi.comments_from_lms._children" time="0.00002725">
        </testcase>
        <testcase classname="test/cmi/scorm2004_cmi.spec.ts" name="SCORM 2004 CMI Tests &gt; CMI Spec Tests &gt; Post-Initialize Tests &gt; Field: cmi.comments_from_lms._count &gt; Should be able to read from cmi.comments_from_lms._count" time="0.00002075">
        </testcase>
        <testcase classname="test/cmi/scorm2004_cmi.spec.ts" name="SCORM 2004 CMI Tests &gt; CMI Spec Tests &gt; Post-Initialize Tests &gt; Field: cmi.comments_from_lms._count &gt; Should fail to write to cmi.comments_from_lms._count" time="0.000026792">
        </testcase>
        <testcase classname="test/cmi/scorm2004_cmi.spec.ts" name="SCORM 2004 CMI Tests &gt; CMI Spec Tests &gt; Post-Initialize Tests &gt; Field: cmi.interactions._children &gt; Should be able to read from cmi.interactions._children" time="0.000023917">
        </testcase>
        <testcase classname="test/cmi/scorm2004_cmi.spec.ts" name="SCORM 2004 CMI Tests &gt; CMI Spec Tests &gt; Post-Initialize Tests &gt; Field: cmi.interactions._children &gt; Should fail to write to cmi.interactions._children" time="0.000028333">
        </testcase>
        <testcase classname="test/cmi/scorm2004_cmi.spec.ts" name="SCORM 2004 CMI Tests &gt; CMI Spec Tests &gt; Post-Initialize Tests &gt; Field: cmi.interactions._count &gt; Should be able to read from cmi.interactions._count" time="0.000021625">
        </testcase>
        <testcase classname="test/cmi/scorm2004_cmi.spec.ts" name="SCORM 2004 CMI Tests &gt; CMI Spec Tests &gt; Post-Initialize Tests &gt; Field: cmi.interactions._count &gt; Should fail to write to cmi.interactions._count" time="0.00002575">
        </testcase>
        <testcase classname="test/cmi/scorm2004_cmi.spec.ts" name="SCORM 2004 CMI Tests &gt; CMI Spec Tests &gt; Post-Initialize Tests &gt; Field: cmi.objectives._children &gt; Should be able to read from cmi.objectives._children" time="0.000018459">
        </testcase>
        <testcase classname="test/cmi/scorm2004_cmi.spec.ts" name="SCORM 2004 CMI Tests &gt; CMI Spec Tests &gt; Post-Initialize Tests &gt; Field: cmi.objectives._children &gt; Should fail to write to cmi.objectives._children" time="0.000024125">
        </testcase>
        <testcase classname="test/cmi/scorm2004_cmi.spec.ts" name="SCORM 2004 CMI Tests &gt; CMI Spec Tests &gt; Post-Initialize Tests &gt; Field: cmi.objectives._count &gt; Should be able to read from cmi.objectives._count" time="0.000017833">
        </testcase>
        <testcase classname="test/cmi/scorm2004_cmi.spec.ts" name="SCORM 2004 CMI Tests &gt; CMI Spec Tests &gt; Post-Initialize Tests &gt; Field: cmi.objectives._count &gt; Should fail to write to cmi.objectives._count" time="0.000025042">
        </testcase>
        <testcase classname="test/cmi/scorm2004_cmi.spec.ts" name="SCORM 2004 CMI Tests &gt; CMI Spec Tests &gt; Post-Initialize Tests &gt; should export JSON" time="0.000091417">
        </testcase>
        <testcase classname="test/cmi/scorm2004_cmi.spec.ts" name="SCORM 2004 CMI Tests &gt; CMI Spec Tests &gt; CMICommentsObject Tests &gt; Field: cmi.comment &gt; Should successfully write &apos;{lang=en-98} learner comment&apos; to cmi.comment" time="0.000090584">
        </testcase>
        <testcase classname="test/cmi/scorm2004_cmi.spec.ts" name="SCORM 2004 CMI Tests &gt; CMI Spec Tests &gt; CMICommentsObject Tests &gt; Field: cmi.comment &gt; Should successfully write &apos;{lang=eng-98-9} learner comment&apos; to cmi.comment" time="0.0000865">
        </testcase>
        <testcase classname="test/cmi/scorm2004_cmi.spec.ts" name="SCORM 2004 CMI Tests &gt; CMI Spec Tests &gt; CMICommentsObject Tests &gt; Field: cmi.comment &gt; Should successfully write &apos;{lang=eng-98-9fhgj}xxxxxxxxxxxxxxxxxxxxxxxxxxxxxxxxxxxxxxxxxxxxxxxxxxxxxxxxxxxxxxxxxxxxxxxxxxxxxxxxxxxxxxxxxxxxxxxxxxxxxxxxxxxxxxxxxxxxxxxxxxxxxxxxxxxxxxxxxxxxxxxxxxxxxxxxxxxxxxxxxxxxxxxxxxxxxxxxxxxxxxxxxxxxxxxxxxxxxxxxxxxxxxxxxxxxxxxxxxxxxxxxxxxxxxxxxxxxxxxxxxxxxxxxxxxxxxxxxxxxxxxxxxxxxxxxxxxxxxxxxxxxxxxxxxxxxxxxxxxxxxxxxxxxxxxxxxxxxxxxxxxxxxxxxxxxxxxxxxxxxxxxxxxxxxxxxxxxxxxxxxxxxxxxxxxxxxxxxxxxxxxxxxxxxxxxxxxxxxxxxxxxxxxxxxxxxxxxxxxxxxxxxxxxxxxxxxxxxxxxxxxxxxxxxxxxxxxxxxxxxxxxxxxxxxxxxxxxxxxxxxxxxxxxxxxxxxxxxxxxxxxxxxxxxxxxxxxxxxxxxxxxxxxxxxxxxxxxxxxxxxxxxxxxxxxxxxxxxxxxxxxxxxxxxxxxxxxxxxxxxxxxxxxxxxxxxxxxxxxxxxxxxxxxxxxxxxxxxxxxxxxxxxxxxxxxxxxxxxxxxxxxxxxxxxxxxxxxxxxxxxxxxxxxxxxxxxxxxxxxxxxxxxxxxxxxxxxxxxxxxxxxxxxxxxxxxxxxxxxxxxxxxxxxxxxxxxxxxxxxxxxxxxxxxxxxxxxxxxxxxxxxxxxxxxxxxxxxxxxxxxxxxxxxxxxxxxxxxxxxxxxxxxxxxxxxxxxxxxxxxxxxxxxxxxxxxxxxxxxxxxxxxxxxxxxxxxxxxxxxxxxxxxxxxxxxxxxxxxxxxxxxxxxxxxxxxxxxxxxxxxxxxxxxxxxxxxxxxxxxxxxxxxxxxxxxxxxxxxxxxxxxxxxxxxxxxxxxxxxxxxxxxxxxxxxxxxxxxxxxxxxxxxxxxxxxxxxxxxxxxxxxxxxxxxxxxxxxxxxxxxxxxxxxxxxxxxxxxxxxxxxxxxxxxxxxxxxxxxxxxxxxxxxxxxxxxxxxxxxxxxxxxxxxxxxxxxxxxxxxxxxxxxxxxxxxxxxxxxxxxxxxxxxxxxxxxxxxxxxxxxxxxxxxxxxxxxxxxxxxxxxxxxxxxxxxxxxxxxxxxxxxxxxxxxxxxxxxxxxxxxxxxxxxxxxxxxxxxxxxxxxxxxxxxxxxxxxxxxxxxxxxxxxxxxxxxxxxxxxxxxxxxxxxxxxxxxxxxxxxxxxxxxxxxxxxxxxxxxxxxxxxxxxxxxxxxxxxxxxxxxxxxxxxxxxxxxxxxxxxxxxxxxxxxxxxxxxxxxxxxxxxxxxxxxxxxxxxxxxxxxxxxxxxxxxxxxxxxxxxxxxxxxxxxxxxxxxxxxxxxxxxxxxxxxxxxxxxxxxxxxxxxxxxxxxxxxxxxxxxxxxxxxxxxxxxxxxxxxxxxxxxxxxxxxxxxxxxxxxxxxxxxxxxxxxxxxxxxxxxxxxxxxxxxxxxxxxxxxxxxxxxxxxxxxxxxxxxxxxxxxxxxxxxxxxxxxxxxxxxxxxxxxxxxxxxxxxxxxxxxxxxxxxxxxxxxxxxxxxxxxxxxxxxxxxxxxxxxxxxxxxxxxxxxxxxxxxxxxxxxxxxxxxxxxxxxxxxxxxxxxxxxxxxxxxxxxxxxxxxxxxxxxxxxxxxxxxxxxxxxxxxxxxxxxxxxxxxxxxxxxxxxxxxxxxxxxxxxxxxxxxxxxxxxxxxxxxxxxxxxxxxxxxxxxxxxxxxxxxxxxxxxxxxxxxxxxxxxxxxxxxxxxxxxxxxxxxxxxxxxxxxxxxxxxxxxxxxxxxxxxxxxxxxxxxxxxxxxxxxxxxxxxxxxxxxxxxxxxxxxxxxxxxxxxxxxxxxxxxxxxxxxxxxxxxxxxxxxxxxxxxxxxxxxxxxxxxxxxxxxxxxxxxxxxxxxxxxxxxxxxxxxxxxxxxxxxxxxxxxxxxxxxxxxxxxxxxxxxxxxxxxxxxxxxxxxxxxxxxxxxxxxxxxxxxxxxxxxxxxxxxxxxxxxxxxxxxxxxxxxxxxxxxxxxxxxxxxxxxxxxxxxxxxxxxxxxxxxxxxxxxxxxxxxxxxxxxxxxxxxxxxxxxxxxxxxxxxxxxxxxxxxxxxxxxxxxxxxxxxxxxxxxxxxxxxxxxxxxxxxxxxxxxxxxxxxxxxxxxxxxxxxxxxxxxxxxxxxxxxxxxxxxxxxxxxxxxxxxxxxxxxxxxxxxxxxxxxxxxxxxxxxxxxxxxxxxxxxxxxxxxxxxxxxxxxxxxxxxxxxxxxxxxxxxxxxxxxxxxxxxxxxxxxxxxxxxxxxxxxxxxxxxxxxxxxxxxxxxxxxxxxxxxxxxxxxxxxxxxxxxxxxxxxxxxxxxxxxxxxxxxxxxxxxxxxxxxxxxxxxxxxxxxxxxxxxxxxxxxxxxxxxxxxxxxxxxxxxxxxxxxxxxxxxxxxxxxxxxxxxxxxxxxxxxxxxxxxxxxxxxxxxxxxxxxxxxxxxxxxxxxxxxxxxxxxxxxxxxxxxxxxxxxxxxxxxxxxxxxxxxxxxxxxxxxxxxxxxxxxxxxxxxxxxxxxxxxxxxxxxxxxxxxxxxxxxxxxxxxxxxxxxxxxxxxxxxxxxxxxxxxxxxxxxxxxxxxxxxxxxxxxxxxxxxxxxxxxxxxxxxxxxxxxxxxxxxxxxxxxxxxxxxxxxxxxxxxxxxxxxxxxxxxxxxxxxxxxxxxxxxxxxxxxxxxxxxxxxxxxxxxxxxxxxxxxxxxxxxxxxxxxxxxxxxxxxxxxxxxxxxxxxxxxxxxxxxxxxxxxxxxxxxxxxxxxxxxxxxxxxxxxxxxxxxxxxxxxxxxxxxxxxxxxxxxxxxxxxxxxxxxxxxxxxxxxxxxxxxxxxxxxxxxxxxxxxxxxxxxxxxxxxxxxxxxxxxxxxxxxxxxxxxxxxxxxxxxxxxxxxxxxxxxxxxxxxxxxxxxxxxxxxxxxxxxxxxxxxxxxxxxxxxxxxxxxxxxxxxxxxxxxxxxxxxxxxxxxxxxxxxxxxxxxxxxxxxxxxxxxxxxxxxxxxxxxxxxxxxxxxxxxxxxxxxxxxxxxxxxxxxxxxxxxxxxxxxxxxxxxxxxxxxxxxxxxxxxxxxxxxxxxxxxxxxxxxxxxxxxxxxxxxxxxxxxxxxxxxxxxxxxxxxxxxxxxxxxxxxxxxxxxxxxxxxxxxxxxxxxxxxxxxxxxxxxxxxxxxxxxxxxxxxxxxxxxxxxxxxxxxxxxxxxxxxxxxxxxxxxxxxxxxxxxxxxxxxxxxxxxxxxxxxxxxxxxxxxxxxxxxxxxxxxxxxxxxxxxxxxxxxxxxxxxxxxxxxxxxxxxxxxxxxxxxxxxxxxxxxxxxxxxxxxxxxxxxxxxxxxxxxxxxxxxxxxxxxxxxxxxxxxxxxxxxxxxxxxxxxxxxxxxxxxxxxxxxxxxxxxxxxxxxxxxxxxxxxxxxxxxxxxxxxxxxxxxxxxxxxxxxxxxxxxxxxxxxxxxxxxxxxxxxxxxxxxxxxxxxxxxxxxxxxxxxxxxxxxxxxxxxxxxxxxxxxxxxxxxxxxxxxxxxxxxxxxxxxxxxxxxxxxxxxxxxxxxxxxxxxxxxxxxxxxxxxxxxxxxxxxxxxxxxxxxxxxxxxxxxxxxxxxxxxxxxxxxxxxxxxxxxxxxxxxxxxxxxxxxxxxxxxxxxxxxxxxxxxxxxxxxxxxxxxxxxxxxxxxxxxxxxxxxxxxxxxxxxxxxxxxxxxxxxxxxxxxxxxxxxxxxxxxxxxxxxxxxxxxxxxxxxxxxxxxxxxxxxxxxxxxxxxxxxxxxxxxxxxxxxxxxxxxxxxxxxxxxxxxxxxxxxxxxxxxxxxxxxxxxxxxxxxxxxxxxxxxxxxxxxxxxxxxxxxxxxxxxxxxxxxxxxxxxxxxxxxxxxxxxxxxxxxxxxxxxxxxxxxxxxxxxxxxxxxxxxxxxxxxxxxxx&apos; to cmi.comment" time="0.000068125">
        </testcase>
        <testcase classname="test/cmi/scorm2004_cmi.spec.ts" name="SCORM 2004 CMI Tests &gt; CMI Spec Tests &gt; CMICommentsObject Tests &gt; Field: cmi.comment &gt; Should successfully write &apos;learner comment&apos; to cmi.comment" time="0.00003175">
        </testcase>
        <testcase classname="test/cmi/scorm2004_cmi.spec.ts" name="SCORM 2004 CMI Tests &gt; CMI Spec Tests &gt; CMICommentsObject Tests &gt; Field: cmi.comment &gt; Should successfully write &apos;learner comment}&apos; to cmi.comment" time="0.0000305">
        </testcase>
        <testcase classname="test/cmi/scorm2004_cmi.spec.ts" name="SCORM 2004 CMI Tests &gt; CMI Spec Tests &gt; CMICommentsObject Tests &gt; Field: cmi.comment &gt; Should successfully write &apos;{lang=i-xx}&apos; to cmi.comment" time="0.000029458">
        </testcase>
        <testcase classname="test/cmi/scorm2004_cmi.spec.ts" name="SCORM 2004 CMI Tests &gt; CMI Spec Tests &gt; CMICommentsObject Tests &gt; Field: cmi.comment &gt; Should successfully write &apos;{lang=i}&apos; to cmi.comment" time="0.000029667">
        </testcase>
        <testcase classname="test/cmi/scorm2004_cmi.spec.ts" name="SCORM 2004 CMI Tests &gt; CMI Spec Tests &gt; CMICommentsObject Tests &gt; Field: cmi.comment &gt; Should successfully write &apos;&apos; to cmi.comment" time="0.000028125">
        </testcase>
        <testcase classname="test/cmi/scorm2004_cmi.spec.ts" name="SCORM 2004 CMI Tests &gt; CMI Spec Tests &gt; CMICommentsObject Tests &gt; Field: cmi.comment &gt; Should fail to write &apos;{lang=i-}&apos; to cmi.comment" time="0.000033834">
        </testcase>
        <testcase classname="test/cmi/scorm2004_cmi.spec.ts" name="SCORM 2004 CMI Tests &gt; CMI Spec Tests &gt; CMICommentsObject Tests &gt; Field: cmi.comment &gt; Should fail to write &apos;{lang=i-x}&apos; to cmi.comment" time="0.000032917">
        </testcase>
        <testcase classname="test/cmi/scorm2004_cmi.spec.ts" name="SCORM 2004 CMI Tests &gt; CMI Spec Tests &gt; CMICommentsObject Tests &gt; Field: cmi.comment &gt; Should fail to write &apos;{lang=eng-98-9fhgj}{ learner comment&apos; to cmi.comment" time="0.000034833">
        </testcase>
        <testcase classname="test/cmi/scorm2004_cmi.spec.ts" name="SCORM 2004 CMI Tests &gt; CMI Spec Tests &gt; CMICommentsObject Tests &gt; Field: cmi.comment &gt; Should fail to write &apos;{learner comment&apos; to cmi.comment" time="0.000034458">
        </testcase>
        <testcase classname="test/cmi/scorm2004_cmi.spec.ts" name="SCORM 2004 CMI Tests &gt; CMI Spec Tests &gt; CMICommentsObject Tests &gt; Field: cmi.comment &gt; Should fail to write &apos;{lang=eng-98-9fhgj}xxxxxxxxxxxxxxxxxxxxxxxxxxxxxxxxxxxxxxxxxxxxxxxxxxxxxxxxxxxxxxxxxxxxxxxxxxxxxxxxxxxxxxxxxxxxxxxxxxxxxxxxxxxxxxxxxxxxxxxxxxxxxxxxxxxxxxxxxxxxxxxxxxxxxxxxxxxxxxxxxxxxxxxxxxxxxxxxxxxxxxxxxxxxxxxxxxxxxxxxxxxxxxxxxxxxxxxxxxxxxxxxxxxxxxxxxxxxxxxxxxxxxxxxxxxxxxxxxxxxxxxxxxxxxxxxxxxxxxxxxxxxxxxxxxxxxxxxxxxxxxxxxxxxxxxxxxxxxxxxxxxxxxxxxxxxxxxxxxxxxxxxxxxxxxxxxxxxxxxxxxxxxxxxxxxxxxxxxxxxxxxxxxxxxxxxxxxxxxxxxxxxxxxxxxxxxxxxxxxxxxxxxxxxxxxxxxxxxxxxxxxxxxxxxxxxxxxxxxxxxxxxxxxxxxxxxxxxxxxxxxxxxxxxxxxxxxxxxxxxxxxxxxxxxxxxxxxxxxxxxxxxxxxxxxxxxxxxxxxxxxxxxxxxxxxxxxxxxxxxxxxxxxxxxxxxxxxxxxxxxxxxxxxxxxxxxxxxxxxxxxxxxxxxxxxxxxxxxxxxxxxxxxxxxxxxxxxxxxxxxxxxxxxxxxxxxxxxxxxxxxxxxxxxxxxxxxxxxxxxxxxxxxxxxxxxxxxxxxxxxxxxxxxxxxxxxxxxxxxxxxxxxxxxxxxxxxxxxxxxxxxxxxxxxxxxxxxxxxxxxxxxxxxxxxxxxxxxxxxxxxxxxxxxxxxxxxxxxxxxxxxxxxxxxxxxxxxxxxxxxxxxxxxxxxxxxxxxxxxxxxxxxxxxxxxxxxxxxxxxxxxxxxxxxxxxxxxxxxxxxxxxxxxxxxxxxxxxxxxxxxxxxxxxxxxxxxxxxxxxxxxxxxxxxxxxxxxxxxxxxxxxxxxxxxxxxxxxxxxxxxxxxxxxxxxxxxxxxxxxxxxxxxxxxxxxxxxxxxxxxxxxxxxxxxxxxxxxxxxxxxxxxxxxxxxxxxxxxxxxxxxxxxxxxxxxxxxxxxxxxxxxxxxxxxxxxxxxxxxxxxxxxxxxxxxxxxxxxxxxxxxxxxxxxxxxxxxxxxxxxxxxxxxxxxxxxxxxxxxxxxxxxxxxxxxxxxxxxxxxxxxxxxxxxxxxxxxxxxxxxxxxxxxxxxxxxxxxxxxxxxxxxxxxxxxxxxxxxxxxxxxxxxxxxxxxxxxxxxxxxxxxxxxxxxxxxxxxxxxxxxxxxxxxxxxxxxxxxxxxxxxxxxxxxxxxxxxxxxxxxxxxxxxxxxxxxxxxxxxxxxxxxxxxxxxxxxxxxxxxxxxxxxxxxxxxxxxxxxxxxxxxxxxxxxxxxxxxxxxxxxxxxxxxxxxxxxxxxxxxxxxxxxxxxxxxxxxxxxxxxxxxxxxxxxxxxxxxxxxxxxxxxxxxxxxxxxxxxxxxxxxxxxxxxxxxxxxxxxxxxxxxxxxxxxxxxxxxxxxxxxxxxxxxxxxxxxxxxxxxxxxxxxxxxxxxxxxxxxxxxxxxxxxxxxxxxxxxxxxxxxxxxxxxxxxxxxxxxxxxxxxxxxxxxxxxxxxxxxxxxxxxxxxxxxxxxxxxxxxxxxxxxxxxxxxxxxxxxxxxxxxxxxxxxxxxxxxxxxxxxxxxxxxxxxxxxxxxxxxxxxxxxxxxxxxxxxxxxxxxxxxxxxxxxxxxxxxxxxxxxxxxxxxxxxxxxxxxxxxxxxxxxxxxxxxxxxxxxxxxxxxxxxxxxxxxxxxxxxxxxxxxxxxxxxxxxxxxxxxxxxxxxxxxxxxxxxxxxxxxxxxxxxxxxxxxxxxxxxxxxxxxxxxxxxxxxxxxxxxxxxxxxxxxxxxxxxxxxxxxxxxxxxxxxxxxxxxxxxxxxxxxxxxxxxxxxxxxxxxxxxxxxxxxxxxxxxxxxxxxxxxxxxxxxxxxxxxxxxxxxxxxxxxxxxxxxxxxxxxxxxxxxxxxxxxxxxxxxxxxxxxxxxxxxxxxxxxxxxxxxxxxxxxxxxxxxxxxxxxxxxxxxxxxxxxxxxxxxxxxxxxxxxxxxxxxxxxxxxxxxxxxxxxxxxxxxxxxxxxxxxxxxxxxxxxxxxxxxxxxxxxxxxxxxxxxxxxxxxxxxxxxxxxxxxxxxxxxxxxxxxxxxxxxxxxxxxxxxxxxxxxxxxxxxxxxxxxxxxxxxxxxxxxxxxxxxxxxxxxxxxxxxxxxxxxxxxxxxxxxxxxxxxxxxxxxxxxxxxxxxxxxxxxxxxxxxxxxxxxxxxxxxxxxxxxxxxxxxxxxxxxxxxxxxxxxxxxxxxxxxxxxxxxxxxxxxxxxxxxxxxxxxxxxxxxxxxxxxxxxxxxxxxxxxxxxxxxxxxxxxxxxxxxxxxxxxxxxxxxxxxxxxxxxxxxxxxxxxxxxxxxxxxxxxxxxxxxxxxxxxxxxxxxxxxxxxxxxxxxxxxxxxxxxxxxxxxxxxxxxxxxxxxxxxxxxxxxxxxxxxxxxxxxxxxxxxxxxxxxxxxxxxxxxxxxxxxxxxxxxxxxxxxxxxxxxxxxxxxxxxxxxxxxxxxxxxxxxxxxxxxxxxxxxxxxxxxxxxxxxxxxxxxxxxxxxxxxxxxxxxxxxxxxxxxxxxxxxxxxxxxxxxxxxxxxxxxxxxxxxxxxxxxxxxxxxxxxxxxxxxxxxxxxxxxxxxxxxxxxxxxxxxxxxxxxxxxxxxxxxxxxxxxxxxxxxxxxxxxxxxxxxxxxxxxxxxxxxxxxxxxxxxxxxxxxxxxxxxxxxxxxxxxxxxxxxxxxxxxxxxxxxxxxxxxxxxxxxxxxxxxxxxxxxxxxxxxxxxxxxxxxxxxxxxxxxxxxxxxxxxxxxxxxxxxxxxxxxxxxxxxxxxxxxxxxxxxxxxxxxxxxxxxxxxxxxxxxxxxxxxxxxxxxxxxxxxxxxxxxxxxxxxxxxxxxxxxxxxxxxxxxxxxxxxxxxxxxxxxxxxxxxxxxxxxxxxxxxxxxxxxxxxxxxxxxxxxxxxxxxxxxxxxxxxxxxxxxxxxxxxxxxxxxxxxxxxxxxxxxxxxxxxxxxxxxxxxxxxxxxxxxxxxxxxxxxxxxxxxxxxxxxxxxxxxxxxxxxxxxxxxxxxxxxxxxxxxxxxxxxxxxxxxxxxxxxxxxxxxxxxxxxxxxxxxxxxxxxxxxxxxxxxxxxxxxxxxxxxxxxxxxxxxxxxxxxxxxxxxxxxxxxxxxxxxxxxxxxxxxxxxxxxxxxxxxxxxxxxxxxxxxxxxxxxxxxxxxxxxxxxxxxxxxxxxxxxxxxxxxxxxxxxxxxxxxxxxxxxxxxxxxxxxxxxxxxxxxxxxxxxxxxxxxxxxxxxxxxxxxxxxxxxxxxxxxxxxxxxxxxxxxxxxxxxxxxxxxxxxxxxxxxxxxxxxxxxxxxxxxxxxxxxxxxxxxxxxxxxxxxxxxxxxxxxxxxxxxxxxxxxxxxxxxxxxxxxxxxxxxxxxxxxxxxxxxxxxxxxxxxxxxxxxxxxxxxxxxxxxxxxxxxxxxxxxxxxxxxxxxxxxxxxxxxxxxxxxxxxxxxxxxxxxxxxxxxxxxxxxxxxxxxxxxxxxxxxxxxxxxxxxxxxxxxxxxxxxxxxxxxxxxxxxxxxxxxxxxxxxxxxxxxxxxxxxxxxxxxxxxxxxxxxxxxxxxxxxxxxxxxxxxxxxxxxxxxxxxxxxxxxxxxxxxxxxxxxxxxxxxxxxxxxxxxxxxxxxxxxxxxxxxxxxxxxxxxxxxxxxxxxxxxxxxxxxxxxxxxxxxxxxxxxxxxxxxxxxxxxxxxxxxxxxxxxxxxxxxxxxxxxxxxxxxxxxxxxxxxxxxxxxxxxxxxxxxxxxxxxxxxxxxxxxxxxxxxxxxxxxxxxxxxxxxxxxxxxxxxxxxxxxxxxxxxxxxxxxxxxxxxxxxxxxxxxxxxxxxxxxxxxxxxxxxxxxxxxxxxxxxxxxxxxxxxxxxxxxxxxxxxxxxxxxxxxxxxxxxxxxxxx&apos; to cmi.comment" time="0.000065708">
        </testcase>
        <testcase classname="test/cmi/scorm2004_cmi.spec.ts" name="SCORM 2004 CMI Tests &gt; CMI Spec Tests &gt; CMICommentsObject Tests &gt; Field: cmi.comment &gt; Should fail to write &apos;{lang=eng-98-9fhgj}{xxxxxxxxxxxxxxxxxxxxxxxxxxxxxxxxxxxxxxxxxxxxxxxxxxxxxxxxxxxxxxxxxxxxxxxxxxxxxxxxxxxxxxxxxxxxxxxxxxxxxxxxxxxxxxxxxxxxxxxxxxxxxxxxxxxxxxxxxxxxxxxxxxxxxxxxxxxxxxxxxxxxxxxxxxxxxxxxxxxxxxxxxxxxxxxxxxxxxxxxxxxxxxxxxxxxxxxxxxxxxxxxxxxxxxxxxxxxxxxxxxxxxxxxxxxxxxxxxxxxxxxxxxxxxxxxxxxxxxxxxxxxxxxxxxxxxxxxxxxxxxxxxxxxxxxxxxxxxxxxxxxxxxxxxxxxxxxxxxxxxxxxxxxxxxxxxxxxxxxxxxxxxxxxxxxxxxxxxxxxxxxxxxxxxxxxxxxxxxxxxxxxxxxxxxxxxxxxxxxxxxxxxxxxxxxxxxxxxxxxxxxxxxxxxxxxxxxxxxxxxxxxxxxxxxxxxxxxxxxxxxxxxxxxxxxxxxxxxxxxxxxxxxxxxxxxxxxxxxxxxxxxxxxxxxxxxxxxxxxxxxxxxxxxxxxxxxxxxxxxxxxxxxxxxxxxxxxxxxxxxxxxxxxxxxxxxxxxxxxxxxxxxxxxxxxxxxxxxxxxxxxxxxxxxxxxxxxxxxxxxxxxxxxxxxxxxxxxxxxxxxxxxxxxxxxxxxxxxxxxxxxxxxxxxxxxxxxxxxxxxxxxxxxxxxxxxxxxxxxxxxxxxxxxxxxxxxxxxxxxxxxxxxxxxxxxxxxxxxxxxxxxxxxxxxxxxxxxxxxxxxxxxxxxxxxxxxxxxxxxxxxxxxxxxxxxxxxxxxxxxxxxxxxxxxxxxxxxxxxxxxxxxxxxxxxxxxxxxxxxxxxxxxxxxxxxxxxxxxxxxxxxxxxxxxxxxxxxxxxxxxxxxxxxxxxxxxxxxxxxxxxxxxxxxxxxxxxxxxxxxxxxxxxxxxxxxxxxxxxxxxxxxxxxxxxxxxxxxxxxxxxxxxxxxxxxxxxxxxxxxxxxxxxxxxxxxxxxxxxxxxxxxxxxxxxxxxxxxxxxxxxxxxxxxxxxxxxxxxxxxxxxxxxxxxxxxxxxxxxxxxxxxxxxxxxxxxxxxxxxxxxxxxxxxxxxxxxxxxxxxxxxxxxxxxxxxxxxxxxxxxxxxxxxxxxxxxxxxxxxxxxxxxxxxxxxxxxxxxxxxxxxxxxxxxxxxxxxxxxxxxxxxxxxxxxxxxxxxxxxxxxxxxxxxxxxxxxxxxxxxxxxxxxxxxxxxxxxxxxxxxxxxxxxxxxxxxxxxxxxxxxxxxxxxxxxxxxxxxxxxxxxxxxxxxxxxxxxxxxxxxxxxxxxxxxxxxxxxxxxxxxxxxxxxxxxxxxxxxxxxxxxxxxxxxxxxxxxxxxxxxxxxxxxxxxxxxxxxxxxxxxxxxxxxxxxxxxxxxxxxxxxxxxxxxxxxxxxxxxxxxxxxxxxxxxxxxxxxxxxxxxxxxxxxxxxxxxxxxxxxxxxxxxxxxxxxxxxxxxxxxxxxxxxxxxxxxxxxxxxxxxxxxxxxxxxxxxxxxxxxxxxxxxxxxxxxxxxxxxxxxxxxxxxxxxxxxxxxxxxxxxxxxxxxxxxxxxxxxxxxxxxxxxxxxxxxxxxxxxxxxxxxxxxxxxxxxxxxxxxxxxxxxxxxxxxxxxxxxxxxxxxxxxxxxxxxxxxxxxxxxxxxxxxxxxxxxxxxxxxxxxxxxxxxxxxxxxxxxxxxxxxxxxxxxxxxxxxxxxxxxxxxxxxxxxxxxxxxxxxxxxxxxxxxxxxxxxxxxxxxxxxxxxxxxxxxxxxxxxxxxxxxxxxxxxxxxxxxxxxxxxxxxxxxxxxxxxxxxxxxxxxxxxxxxxxxxxxxxxxxxxxxxxxxxxxxxxxxxxxxxxxxxxxxxxxxxxxxxxxxxxxxxxxxxxxxxxxxxxxxxxxxxxxxxxxxxxxxxxxxxxxxxxxxxxxxxxxxxxxxxxxxxxxxxxxxxxxxxxxxxxxxxxxxxxxxxxxxxxxxxxxxxxxxxxxxxxxxxxxxxxxxxxxxxxxxxxxxxxxxxxxxxxxxxxxxxxxxxxxxxxxxxxxxxxxxxxxxxxxxxxxxxxxxxxxxxxxxxxxxxxxxxxxxxxxxxxxxxxxxxxxxxxxxxxxxxxxxxxxxxxxxxxxxxxxxxxxxxxxxxxxxxxxxxxxxxxxxxxxxxxxxxxxxxxxxxxxxxxxxxxxxxxxxxxxxxxxxxxxxxxxxxxxxxxxxxxxxxxxxxxxxxxxxxxxxxxxxxxxxxxxxxxxxxxxxxxxxxxxxxxxxxxxxxxxxxxxxxxxxxxxxxxxxxxxxxxxxxxxxxxxxxxxxxxxxxxxxxxxxxxxxxxxxxxxxxxxxxxxxxxxxxxxxxxxxxxxxxxxxxxxxxxxxxxxxxxxxxxxxxxxxxxxxxxxxxxxxxxxxxxxxxxxxxxxxxxxxxxxxxxxxxxxxxxxxxxxxxxxxxxxxxxxxxxxxxxxxxxxxxxxxxxxxxxxxxxxxxxxxxxxxxxxxxxxxxxxxxxxxxxxxxxxxxxxxxxxxxxxxxxxxxxxxxxxxxxxxxxxxxxxxxxxxxxxxxxxxxxxxxxxxxxxxxxxxxxxxxxxxxxxxxxxxxxxxxxxxxxxxxxxxxxxxxxxxxxxxxxxxxxxxxxxxxxxxxxxxxxxxxxxxxxxxxxxxxxxxxxxxxxxxxxxxxxxxxxxxxxxxxxxxxxxxxxxxxxxxxxxxxxxxxxxxxxxxxxxxxxxxxxxxxxxxxxxxxxxxxxxxxxxxxxxxxxxxxxxxxxxxxxxxxxxxxxxxxxxxxxxxxxxxxxxxxxxxxxxxxxxxxxxxxxxxxxxxxxxxxxxxxxxxxxxxxxxxxxxxxxxxxxxxxxxxxxxxxxxxxxxxxxxxxxxxxxxxxxxxxxxxxxxxxxxxxxxxxxxxxxxxxxxxxxxxxxxxxxxxxxxxxxxxxxxxxxxxxxxxxxxxxxxxxxxxxxxxxxxxxxxxxxxxxxxxxxxxxxxxxxxxxxxxxxxxxxxxxxxxxxxxxxxxxxxxxxxxxxxxxxxxxxxxxxxxxxxxxxxxxxxxxxxxxxxxxxxxxxxxxxxxxxxxxxxxxxxxxxxxxxxxxxxxxxxxxxxxxxxxxxxxxxxxxxxxxxxxxxxxxxxxxxxxxxxxxxxxxxxxxxxxxxxxxxxxxxxxxxxxxxxxxxxxxxxxxxxxxxxxxxxxxxxxxxxxxxxxxxxxxxxxxxxxxxxxxxxxxxxxxxxxxxxxxxxxxxxxxxxxxxxxxxxxxxxxxxxxxxxxxxxxxxxxxxxxxxxxxxxxxxxxxxxxxxxxxxxxxxxxxxxxxxxxxxxxxxxxxxxxxxxxxxxxxxxxxxxxxxxxxxxxxxxxxxxxxxxxxxxxxxxxxxxxxxxxxxxxxxxxxxxxxxxxxxxxxxxxxxxxxxxxxxxxxxxxxxxxxxxxxxxxxxxxxxxxxxxxxxxxxxxxxxxxxxxxxxxxxxxxxxxxxxxxxxxxxxxxxxxxxxxxxxxxxxxxxxxxxxxxxxxxxxxxxxxxxxxxxxxxxxxxxxxxxxxxxxxxxxxxxxxxxxxxxxxxxxxxxxxxxxxxxxxxxxxxxxxxxxxxxxxxxxxxxxxxxxxxxxxxxxxxxxxxxxxxxxxxxxxxxxxxxxxxxxxxxxxxxxxxxxxxxxxxxxxxxxxxxxxxxxxxxxxxxxxxxxxxxxxxxxxxxxxxxxxxxxxxxxxxxxxxxxxxxxxxxxxxxxxxxxxxxxxxxxxxxxxxxxxxxxxxxxxxxxxxxxxxxxxxxxxxxxxxxxxxxxxxxxxxxxxxxxxxxxxxxxxxxxxxxxxxxxxxxxxxxxxxxxxxxxxxxxxxxxxxxxxxxxxxxxxxxxxxxxxxxxxxxxxxxxxxxxxxxxxxxxxxxxxxxxxxxxxxxxxxxxxxxxxxxxxxxxxxxxxxxxxxxxxxxxxxxxxxxxxxxxxxxxxxxxxxxxxxxxxxxxxxxxxxxxxxxxxxxxxxxxxxxxxxxx&apos; to cmi.comment" time="0.000073458">
        </testcase>
        <testcase classname="test/cmi/scorm2004_cmi.spec.ts" name="SCORM 2004 CMI Tests &gt; CMI Spec Tests &gt; CMICommentsObject Tests &gt; Field: cmi.location &gt; Should be able to read from cmi.location" time="0.000023416">
        </testcase>
        <testcase classname="test/cmi/scorm2004_cmi.spec.ts" name="SCORM 2004 CMI Tests &gt; CMI Spec Tests &gt; CMICommentsObject Tests &gt; Field: cmi.location &gt; Should be able to write upto 250 characters to cmi.location" time="0.000053542">
        </testcase>
        <testcase classname="test/cmi/scorm2004_cmi.spec.ts" name="SCORM 2004 CMI Tests &gt; CMI Spec Tests &gt; CMICommentsObject Tests &gt; Field: cmi.location &gt; Should fail to write more than 250 characters to cmi.location" time="0.000071583">
        </testcase>
        <testcase classname="test/cmi/scorm2004_cmi.spec.ts" name="SCORM 2004 CMI Tests &gt; CMI Spec Tests &gt; CMICommentsObject Tests &gt; Field: cmi.timestamp &gt; Should be able to read from cmi.timestamp" time="0.000024167">
        </testcase>
        <testcase classname="test/cmi/scorm2004_cmi.spec.ts" name="SCORM 2004 CMI Tests &gt; CMI Spec Tests &gt; CMICommentsObject Tests &gt; Field: cmi.timestamp &gt; Should successfully write to cmi.timestamp" time="0.0001045">
        </testcase>
        <testcase classname="test/cmi/scorm2004_cmi.spec.ts" name="SCORM 2004 CMI Tests &gt; CMI Spec Tests &gt; CMICommentsObject Tests &gt; Field: cmi.timestamp &gt; Should successfully write &apos;2019-06-25&apos; to cmi.timestamp" time="0.000099458">
        </testcase>
        <testcase classname="test/cmi/scorm2004_cmi.spec.ts" name="SCORM 2004 CMI Tests &gt; CMI Spec Tests &gt; CMICommentsObject Tests &gt; Field: cmi.timestamp &gt; Should successfully write &apos;2019-06-25T23:59&apos; to cmi.timestamp" time="0.000030334">
        </testcase>
        <testcase classname="test/cmi/scorm2004_cmi.spec.ts" name="SCORM 2004 CMI Tests &gt; CMI Spec Tests &gt; CMICommentsObject Tests &gt; Field: cmi.timestamp &gt; Should successfully write &apos;2019-06-25T23:59:59.99&apos; to cmi.timestamp" time="0.000083958">
        </testcase>
        <testcase classname="test/cmi/scorm2004_cmi.spec.ts" name="SCORM 2004 CMI Tests &gt; CMI Spec Tests &gt; CMICommentsObject Tests &gt; Field: cmi.timestamp &gt; Should successfully write &apos;2019-06-25T23:59:59.999&apos; to cmi.timestamp" time="0.000033042">
        </testcase>
        <testcase classname="test/cmi/scorm2004_cmi.spec.ts" name="SCORM 2004 CMI Tests &gt; CMI Spec Tests &gt; CMICommentsObject Tests &gt; Field: cmi.timestamp &gt; Should successfully write &apos;1970-01-01&apos; to cmi.timestamp" time="0.000040459">
        </testcase>
        <testcase classname="test/cmi/scorm2004_cmi.spec.ts" name="SCORM 2004 CMI Tests &gt; CMI Spec Tests &gt; CMICommentsObject Tests &gt; Field: cmi.timestamp &gt; Should fail to write &apos;2019-06-25T&apos; to cmi.timestamp" time="0.000036">
        </testcase>
        <testcase classname="test/cmi/scorm2004_cmi.spec.ts" name="SCORM 2004 CMI Tests &gt; CMI Spec Tests &gt; CMICommentsObject Tests &gt; Field: cmi.timestamp &gt; Should fail to write &apos;2019-06-25T25:59:59.99&apos; to cmi.timestamp" time="0.000035125">
        </testcase>
        <testcase classname="test/cmi/scorm2004_cmi.spec.ts" name="SCORM 2004 CMI Tests &gt; CMI Spec Tests &gt; CMICommentsObject Tests &gt; Field: cmi.timestamp &gt; Should fail to write &apos;2019-13-31&apos; to cmi.timestamp" time="0.000037292">
        </testcase>
        <testcase classname="test/cmi/scorm2004_cmi.spec.ts" name="SCORM 2004 CMI Tests &gt; CMI Spec Tests &gt; CMICommentsObject Tests &gt; Field: cmi.timestamp &gt; Should fail to write &apos;1969-12-31&apos; to cmi.timestamp" time="0.000034875">
        </testcase>
        <testcase classname="test/cmi/scorm2004_cmi.spec.ts" name="SCORM 2004 CMI Tests &gt; CMI Spec Tests &gt; CMICommentsObject Tests &gt; Field: cmi.timestamp &gt; Should fail to write &apos;-00:00:30&apos; to cmi.timestamp" time="0.000035">
        </testcase>
        <testcase classname="test/cmi/scorm2004_cmi.spec.ts" name="SCORM 2004 CMI Tests &gt; CMI Spec Tests &gt; CMICommentsObject Tests &gt; Field: cmi.timestamp &gt; Should fail to write &apos;0:50:30&apos; to cmi.timestamp" time="0.00003625">
        </testcase>
        <testcase classname="test/cmi/scorm2004_cmi.spec.ts" name="SCORM 2004 CMI Tests &gt; CMI Spec Tests &gt; CMICommentsObject Tests &gt; Field: cmi.timestamp &gt; Should fail to write &apos;23:00:30.&apos; to cmi.timestamp" time="0.000033958">
        </testcase>
        <testcase classname="test/cmi/scorm2004_cmi.spec.ts" name="SCORM 2004 CMI Tests &gt; CMI Spec Tests &gt; CMICommentsObject Tests &gt; should export JSON" time="0.000042959">
        </testcase>
        <testcase classname="test/cmi/scorm2004_cmi.spec.ts" name="SCORM 2004 CMI Tests &gt; CMI Spec Tests &gt; CMICommentsFromLMSObject Tests &gt; Field: cmi.comment &gt; Should successfully write &apos;{lang=en-98} learner comment&apos; to cmi.comment" time="0.000032666">
        </testcase>
        <testcase classname="test/cmi/scorm2004_cmi.spec.ts" name="SCORM 2004 CMI Tests &gt; CMI Spec Tests &gt; CMICommentsFromLMSObject Tests &gt; Field: cmi.comment &gt; Should successfully write &apos;{lang=eng-98-9} learner comment&apos; to cmi.comment" time="0.000031125">
        </testcase>
        <testcase classname="test/cmi/scorm2004_cmi.spec.ts" name="SCORM 2004 CMI Tests &gt; CMI Spec Tests &gt; CMICommentsFromLMSObject Tests &gt; Field: cmi.comment &gt; Should successfully write &apos;{lang=eng-98-9fhgj}xxxxxxxxxxxxxxxxxxxxxxxxxxxxxxxxxxxxxxxxxxxxxxxxxxxxxxxxxxxxxxxxxxxxxxxxxxxxxxxxxxxxxxxxxxxxxxxxxxxxxxxxxxxxxxxxxxxxxxxxxxxxxxxxxxxxxxxxxxxxxxxxxxxxxxxxxxxxxxxxxxxxxxxxxxxxxxxxxxxxxxxxxxxxxxxxxxxxxxxxxxxxxxxxxxxxxxxxxxxxxxxxxxxxxxxxxxxxxxxxxxxxxxxxxxxxxxxxxxxxxxxxxxxxxxxxxxxxxxxxxxxxxxxxxxxxxxxxxxxxxxxxxxxxxxxxxxxxxxxxxxxxxxxxxxxxxxxxxxxxxxxxxxxxxxxxxxxxxxxxxxxxxxxxxxxxxxxxxxxxxxxxxxxxxxxxxxxxxxxxxxxxxxxxxxxxxxxxxxxxxxxxxxxxxxxxxxxxxxxxxxxxxxxxxxxxxxxxxxxxxxxxxxxxxxxxxxxxxxxxxxxxxxxxxxxxxxxxxxxxxxxxxxxxxxxxxxxxxxxxxxxxxxxxxxxxxxxxxxxxxxxxxxxxxxxxxxxxxxxxxxxxxxxxxxxxxxxxxxxxxxxxxxxxxxxxxxxxxxxxxxxxxxxxxxxxxxxxxxxxxxxxxxxxxxxxxxxxxxxxxxxxxxxxxxxxxxxxxxxxxxxxxxxxxxxxxxxxxxxxxxxxxxxxxxxxxxxxxxxxxxxxxxxxxxxxxxxxxxxxxxxxxxxxxxxxxxxxxxxxxxxxxxxxxxxxxxxxxxxxxxxxxxxxxxxxxxxxxxxxxxxxxxxxxxxxxxxxxxxxxxxxxxxxxxxxxxxxxxxxxxxxxxxxxxxxxxxxxxxxxxxxxxxxxxxxxxxxxxxxxxxxxxxxxxxxxxxxxxxxxxxxxxxxxxxxxxxxxxxxxxxxxxxxxxxxxxxxxxxxxxxxxxxxxxxxxxxxxxxxxxxxxxxxxxxxxxxxxxxxxxxxxxxxxxxxxxxxxxxxxxxxxxxxxxxxxxxxxxxxxxxxxxxxxxxxxxxxxxxxxxxxxxxxxxxxxxxxxxxxxxxxxxxxxxxxxxxxxxxxxxxxxxxxxxxxxxxxxxxxxxxxxxxxxxxxxxxxxxxxxxxxxxxxxxxxxxxxxxxxxxxxxxxxxxxxxxxxxxxxxxxxxxxxxxxxxxxxxxxxxxxxxxxxxxxxxxxxxxxxxxxxxxxxxxxxxxxxxxxxxxxxxxxxxxxxxxxxxxxxxxxxxxxxxxxxxxxxxxxxxxxxxxxxxxxxxxxxxxxxxxxxxxxxxxxxxxxxxxxxxxxxxxxxxxxxxxxxxxxxxxxxxxxxxxxxxxxxxxxxxxxxxxxxxxxxxxxxxxxxxxxxxxxxxxxxxxxxxxxxxxxxxxxxxxxxxxxxxxxxxxxxxxxxxxxxxxxxxxxxxxxxxxxxxxxxxxxxxxxxxxxxxxxxxxxxxxxxxxxxxxxxxxxxxxxxxxxxxxxxxxxxxxxxxxxxxxxxxxxxxxxxxxxxxxxxxxxxxxxxxxxxxxxxxxxxxxxxxxxxxxxxxxxxxxxxxxxxxxxxxxxxxxxxxxxxxxxxxxxxxxxxxxxxxxxxxxxxxxxxxxxxxxxxxxxxxxxxxxxxxxxxxxxxxxxxxxxxxxxxxxxxxxxxxxxxxxxxxxxxxxxxxxxxxxxxxxxxxxxxxxxxxxxxxxxxxxxxxxxxxxxxxxxxxxxxxxxxxxxxxxxxxxxxxxxxxxxxxxxxxxxxxxxxxxxxxxxxxxxxxxxxxxxxxxxxxxxxxxxxxxxxxxxxxxxxxxxxxxxxxxxxxxxxxxxxxxxxxxxxxxxxxxxxxxxxxxxxxxxxxxxxxxxxxxxxxxxxxxxxxxxxxxxxxxxxxxxxxxxxxxxxxxxxxxxxxxxxxxxxxxxxxxxxxxxxxxxxxxxxxxxxxxxxxxxxxxxxxxxxxxxxxxxxxxxxxxxxxxxxxxxxxxxxxxxxxxxxxxxxxxxxxxxxxxxxxxxxxxxxxxxxxxxxxxxxxxxxxxxxxxxxxxxxxxxxxxxxxxxxxxxxxxxxxxxxxxxxxxxxxxxxxxxxxxxxxxxxxxxxxxxxxxxxxxxxxxxxxxxxxxxxxxxxxxxxxxxxxxxxxxxxxxxxxxxxxxxxxxxxxxxxxxxxxxxxxxxxxxxxxxxxxxxxxxxxxxxxxxxxxxxxxxxxxxxxxxxxxxxxxxxxxxxxxxxxxxxxxxxxxxxxxxxxxxxxxxxxxxxxxxxxxxxxxxxxxxxxxxxxxxxxxxxxxxxxxxxxxxxxxxxxxxxxxxxxxxxxxxxxxxxxxxxxxxxxxxxxxxxxxxxxxxxxxxxxxxxxxxxxxxxxxxxxxxxxxxxxxxxxxxxxxxxxxxxxxxxxxxxxxxxxxxxxxxxxxxxxxxxxxxxxxxxxxxxxxxxxxxxxxxxxxxxxxxxxxxxxxxxxxxxxxxxxxxxxxxxxxxxxxxxxxxxxxxxxxxxxxxxxxxxxxxxxxxxxxxxxxxxxxxxxxxxxxxxxxxxxxxxxxxxxxxxxxxxxxxxxxxxxxxxxxxxxxxxxxxxxxxxxxxxxxxxxxxxxxxxxxxxxxxxxxxxxxxxxxxxxxxxxxxxxxxxxxxxxxxxxxxxxxxxxxxxxxxxxxxxxxxxxxxxxxxxxxxxxxxxxxxxxxxxxxxxxxxxxxxxxxxxxxxxxxxxxxxxxxxxxxxxxxxxxxxxxxxxxxxxxxxxxxxxxxxxxxxxxxxxxxxxxxxxxxxxxxxxxxxxxxxxxxxxxxxxxxxxxxxxxxxxxxxxxxxxxxxxxxxxxxxxxxxxxxxxxxxxxxxxxxxxxxxxxxxxxxxxxxxxxxxxxxxxxxxxxxxxxxxxxxxxxxxxxxxxxxxxxxxxxxxxxxxxxxxxxxxxxxxxxxxxxxxxxxxxxxxxxxxxxxxxxxxxxxxxxxxxxxxxxxxxxxxxxxxxxxxxxxxxxxxxxxxxxxxxxxxxxxxxxxxxxxxxxxxxxxxxxxxxxxxxxxxxxxxxxxxxxxxxxxxxxxxxxxxxxxxxxxxxxxxxxxxxxxxxxxxxxxxxxxxxxxxxxxxxxxxxxxxxxxxxxxxxxxxxxxxxxxxxxxxxxxxxxxxxxxxxxxxxxxxxxxxxxxxxxxxxxxxxxxxxxxxxxxxxxxxxxxxxxxxxxxxxxxxxxxxxxxxxxxxxxxxxxxxxxxxxxxxxxxxxxxxxxxxxxxxxxxxxxxxxxxxxxxxxxxxxxxxxxxxxxxxxxxxxxxxxxxxxxxxxxxxxxxxxxxxxxxxxxxxxxxxxxxxxxxxxxxxxxxxxxxxxxxxxxxxxxxxxxxxxxxxxxxxxxxxxxxxxxxxxxxxxxxxxxxxxxxxxxxxxxxxxxxxxxxxxxxxxxxxxxxxxxxxxxxxxxxxxxxxxxxxxxxxxxxxxxxxxxxxxxxxxxxxxxxxxxxxxxxxxxxxxxxxxxxxxxxxxxxxxxxxxxxxxxxxxxxxxxxxxxxxxxxxxxxxxxxxxxxxxxxxxxxxxxxxxxxxxxxxxxxxxxxxxxxxxxxxxxxxxxxxxxxxxxxxxxxxxxxxxxxxxxxxxxxxxxxxxxxxxxxxxxxxxxxxxxxxxxxxxxxxxxxxxxxxxxxxxxxxxxxxxxxxxxxxxxxxxxxxxxxxxxxxxxxxxxxxxxxxxxxxxxxxxxxxxxxxxxxxxxxxxxxxxxxxxxxxxxxxxxxxxxxxxxxxxxxxxxxxxxxxxxxxxxxxxxxxxxxxxxxxxxxxxxxxxxxxxxxxxxxxxxxxxxxxxxxxxxxxxxxxxxxxxxxxxxxxxxxxxxxxxxxxxxxxxxxxxxxxxxxxxxxxxxxxxxxxxxxxxxxxxxxxxxxxxxxxxxxxxxxxxxxxxxxxxxxxxxxxxxxxxxxxxxxxxxxxxxxxxxxxxxxxxxxxxxxxxxxxxxxxxxxxxxxxxxxxxxxxxxxxxxxxxxxxxxxxxxxxxxxxxxxxxxxxxxxxxxxxxxxxxxxxxxxxxxxxxxxxxxxxxxxxxxxxxxxxxxxxxx&apos; to cmi.comment" time="0.000052375">
        </testcase>
        <testcase classname="test/cmi/scorm2004_cmi.spec.ts" name="SCORM 2004 CMI Tests &gt; CMI Spec Tests &gt; CMICommentsFromLMSObject Tests &gt; Field: cmi.comment &gt; Should successfully write &apos;learner comment&apos; to cmi.comment" time="0.000031542">
        </testcase>
        <testcase classname="test/cmi/scorm2004_cmi.spec.ts" name="SCORM 2004 CMI Tests &gt; CMI Spec Tests &gt; CMICommentsFromLMSObject Tests &gt; Field: cmi.comment &gt; Should successfully write &apos;learner comment}&apos; to cmi.comment" time="0.00002925">
        </testcase>
        <testcase classname="test/cmi/scorm2004_cmi.spec.ts" name="SCORM 2004 CMI Tests &gt; CMI Spec Tests &gt; CMICommentsFromLMSObject Tests &gt; Field: cmi.comment &gt; Should successfully write &apos;{lang=i-xx}&apos; to cmi.comment" time="0.000029792">
        </testcase>
        <testcase classname="test/cmi/scorm2004_cmi.spec.ts" name="SCORM 2004 CMI Tests &gt; CMI Spec Tests &gt; CMICommentsFromLMSObject Tests &gt; Field: cmi.comment &gt; Should successfully write &apos;{lang=i}&apos; to cmi.comment" time="0.000029375">
        </testcase>
        <testcase classname="test/cmi/scorm2004_cmi.spec.ts" name="SCORM 2004 CMI Tests &gt; CMI Spec Tests &gt; CMICommentsFromLMSObject Tests &gt; Field: cmi.comment &gt; Should successfully write &apos;&apos; to cmi.comment" time="0.000031083">
        </testcase>
        <testcase classname="test/cmi/scorm2004_cmi.spec.ts" name="SCORM 2004 CMI Tests &gt; CMI Spec Tests &gt; CMICommentsFromLMSObject Tests &gt; Field: cmi.comment &gt; Should fail to write &apos;{lang=i-}&apos; to cmi.comment" time="0.000033416">
        </testcase>
        <testcase classname="test/cmi/scorm2004_cmi.spec.ts" name="SCORM 2004 CMI Tests &gt; CMI Spec Tests &gt; CMICommentsFromLMSObject Tests &gt; Field: cmi.comment &gt; Should fail to write &apos;{lang=i-x}&apos; to cmi.comment" time="0.000031042">
        </testcase>
        <testcase classname="test/cmi/scorm2004_cmi.spec.ts" name="SCORM 2004 CMI Tests &gt; CMI Spec Tests &gt; CMICommentsFromLMSObject Tests &gt; Field: cmi.comment &gt; Should fail to write &apos;{lang=eng-98-9fhgj}{ learner comment&apos; to cmi.comment" time="0.000032">
        </testcase>
        <testcase classname="test/cmi/scorm2004_cmi.spec.ts" name="SCORM 2004 CMI Tests &gt; CMI Spec Tests &gt; CMICommentsFromLMSObject Tests &gt; Field: cmi.comment &gt; Should fail to write &apos;{learner comment&apos; to cmi.comment" time="0.000031084">
        </testcase>
        <testcase classname="test/cmi/scorm2004_cmi.spec.ts" name="SCORM 2004 CMI Tests &gt; CMI Spec Tests &gt; CMICommentsFromLMSObject Tests &gt; Field: cmi.comment &gt; Should fail to write &apos;{lang=eng-98-9fhgj}xxxxxxxxxxxxxxxxxxxxxxxxxxxxxxxxxxxxxxxxxxxxxxxxxxxxxxxxxxxxxxxxxxxxxxxxxxxxxxxxxxxxxxxxxxxxxxxxxxxxxxxxxxxxxxxxxxxxxxxxxxxxxxxxxxxxxxxxxxxxxxxxxxxxxxxxxxxxxxxxxxxxxxxxxxxxxxxxxxxxxxxxxxxxxxxxxxxxxxxxxxxxxxxxxxxxxxxxxxxxxxxxxxxxxxxxxxxxxxxxxxxxxxxxxxxxxxxxxxxxxxxxxxxxxxxxxxxxxxxxxxxxxxxxxxxxxxxxxxxxxxxxxxxxxxxxxxxxxxxxxxxxxxxxxxxxxxxxxxxxxxxxxxxxxxxxxxxxxxxxxxxxxxxxxxxxxxxxxxxxxxxxxxxxxxxxxxxxxxxxxxxxxxxxxxxxxxxxxxxxxxxxxxxxxxxxxxxxxxxxxxxxxxxxxxxxxxxxxxxxxxxxxxxxxxxxxxxxxxxxxxxxxxxxxxxxxxxxxxxxxxxxxxxxxxxxxxxxxxxxxxxxxxxxxxxxxxxxxxxxxxxxxxxxxxxxxxxxxxxxxxxxxxxxxxxxxxxxxxxxxxxxxxxxxxxxxxxxxxxxxxxxxxxxxxxxxxxxxxxxxxxxxxxxxxxxxxxxxxxxxxxxxxxxxxxxxxxxxxxxxxxxxxxxxxxxxxxxxxxxxxxxxxxxxxxxxxxxxxxxxxxxxxxxxxxxxxxxxxxxxxxxxxxxxxxxxxxxxxxxxxxxxxxxxxxxxxxxxxxxxxxxxxxxxxxxxxxxxxxxxxxxxxxxxxxxxxxxxxxxxxxxxxxxxxxxxxxxxxxxxxxxxxxxxxxxxxxxxxxxxxxxxxxxxxxxxxxxxxxxxxxxxxxxxxxxxxxxxxxxxxxxxxxxxxxxxxxxxxxxxxxxxxxxxxxxxxxxxxxxxxxxxxxxxxxxxxxxxxxxxxxxxxxxxxxxxxxxxxxxxxxxxxxxxxxxxxxxxxxxxxxxxxxxxxxxxxxxxxxxxxxxxxxxxxxxxxxxxxxxxxxxxxxxxxxxxxxxxxxxxxxxxxxxxxxxxxxxxxxxxxxxxxxxxxxxxxxxxxxxxxxxxxxxxxxxxxxxxxxxxxxxxxxxxxxxxxxxxxxxxxxxxxxxxxxxxxxxxxxxxxxxxxxxxxxxxxxxxxxxxxxxxxxxxxxxxxxxxxxxxxxxxxxxxxxxxxxxxxxxxxxxxxxxxxxxxxxxxxxxxxxxxxxxxxxxxxxxxxxxxxxxxxxxxxxxxxxxxxxxxxxxxxxxxxxxxxxxxxxxxxxxxxxxxxxxxxxxxxxxxxxxxxxxxxxxxxxxxxxxxxxxxxxxxxxxxxxxxxxxxxxxxxxxxxxxxxxxxxxxxxxxxxxxxxxxxxxxxxxxxxxxxxxxxxxxxxxxxxxxxxxxxxxxxxxxxxxxxxxxxxxxxxxxxxxxxxxxxxxxxxxxxxxxxxxxxxxxxxxxxxxxxxxxxxxxxxxxxxxxxxxxxxxxxxxxxxxxxxxxxxxxxxxxxxxxxxxxxxxxxxxxxxxxxxxxxxxxxxxxxxxxxxxxxxxxxxxxxxxxxxxxxxxxxxxxxxxxxxxxxxxxxxxxxxxxxxxxxxxxxxxxxxxxxxxxxxxxxxxxxxxxxxxxxxxxxxxxxxxxxxxxxxxxxxxxxxxxxxxxxxxxxxxxxxxxxxxxxxxxxxxxxxxxxxxxxxxxxxxxxxxxxxxxxxxxxxxxxxxxxxxxxxxxxxxxxxxxxxxxxxxxxxxxxxxxxxxxxxxxxxxxxxxxxxxxxxxxxxxxxxxxxxxxxxxxxxxxxxxxxxxxxxxxxxxxxxxxxxxxxxxxxxxxxxxxxxxxxxxxxxxxxxxxxxxxxxxxxxxxxxxxxxxxxxxxxxxxxxxxxxxxxxxxxxxxxxxxxxxxxxxxxxxxxxxxxxxxxxxxxxxxxxxxxxxxxxxxxxxxxxxxxxxxxxxxxxxxxxxxxxxxxxxxxxxxxxxxxxxxxxxxxxxxxxxxxxxxxxxxxxxxxxxxxxxxxxxxxxxxxxxxxxxxxxxxxxxxxxxxxxxxxxxxxxxxxxxxxxxxxxxxxxxxxxxxxxxxxxxxxxxxxxxxxxxxxxxxxxxxxxxxxxxxxxxxxxxxxxxxxxxxxxxxxxxxxxxxxxxxxxxxxxxxxxxxxxxxxxxxxxxxxxxxxxxxxxxxxxxxxxxxxxxxxxxxxxxxxxxxxxxxxxxxxxxxxxxxxxxxxxxxxxxxxxxxxxxxxxxxxxxxxxxxxxxxxxxxxxxxxxxxxxxxxxxxxxxxxxxxxxxxxxxxxxxxxxxxxxxxxxxxxxxxxxxxxxxxxxxxxxxxxxxxxxxxxxxxxxxxxxxxxxxxxxxxxxxxxxxxxxxxxxxxxxxxxxxxxxxxxxxxxxxxxxxxxxxxxxxxxxxxxxxxxxxxxxxxxxxxxxxxxxxxxxxxxxxxxxxxxxxxxxxxxxxxxxxxxxxxxxxxxxxxxxxxxxxxxxxxxxxxxxxxxxxxxxxxxxxxxxxxxxxxxxxxxxxxxxxxxxxxxxxxxxxxxxxxxxxxxxxxxxxxxxxxxxxxxxxxxxxxxxxxxxxxxxxxxxxxxxxxxxxxxxxxxxxxxxxxxxxxxxxxxxxxxxxxxxxxxxxxxxxxxxxxxxxxxxxxxxxxxxxxxxxxxxxxxxxxxxxxxxxxxxxxxxxxxxxxxxxxxxxxxxxxxxxxxxxxxxxxxxxxxxxxxxxxxxxxxxxxxxxxxxxxxxxxxxxxxxxxxxxxxxxxxxxxxxxxxxxxxxxxxxxxxxxxxxxxxxxxxxxxxxxxxxxxxxxxxxxxxxxxxxxxxxxxxxxxxxxxxxxxxxxxxxxxxxxxxxxxxxxxxxxxxxxxxxxxxxxxxxxxxxxxxxxxxxxxxxxxxxxxxxxxxxxxxxxxxxxxxxxxxxxxxxxxxxxxxxxxxxxxxxxxxxxxxxxxxxxxxxxxxxxxxxxxxxxxxxxxxxxxxxxxxxxxxxxxxxxxxxxxxxxxxxxxxxxxxxxxxxxxxxxxxxxxxxxxxxxxxxxxxxxxxxxxxxxxxxxxxxxxxxxxxxxxxxxxxxxxxxxxxxxxxxxxxxxxxxxxxxxxxxxxxxxxxxxxxxxxxxxxxxxxxxxxxxxxxxxxxxxxxxxxxxxxxxxxxxxxxxxxxxxxxxxxxxxxxxxxxxxxxxxxxxxxxxxxxxxxxxxxxxxxxxxxxxxxxxxxxxxxxxxxxxxxxxxxxxxxxxxxxxxxxxxxxxxxxxxxxxxxxxxxxxxxxxxxxxxxxxxxxxxxxxxxxxxxxxxxxxxxxxxxxxxxxxxxxxxxxxxxxxxxxxxxxxxxxxxxxxxxxxxxxxxxxxxxxxxxxxxxxxxxxxxxxxxxxxxxxxxxxxxxxxxxxxxxxxxxxxxxxxxxxxxxxxxxxxxxxxxxxxxxxxxxxxxxxxxxxxxxxxxxxxxxxxxxxxxxxxxxxxxxxxxxxxxxxxxxxxxxxxxxxxxxxxxxxxxxxxxxxxxxxxxxxxxxxxxxxxxxxxxxxxxxxxxxxxxxxxxxxxxxxxxxxxxxxxxxxxxxxxxxxxxxxxxxxxxxxxxxxxxxxxxxxxxxxxxxxxxxxxxxxxxxxxxxxxxxxxxxxxxxxxxxxxxxxxxxxxxxxxxxxxxxxxxxxxxxxxxxxxxxxxxxxxxxxxxxxxxxxxxxxxxxxxxxxxxxxxxxxxxxxxxxxxxxxxxxxxxxxxxxxxxxxxxxxxxxxxxxxxxxxxxxxxxxxxxxxxxxxxxxxxxxxxxxxxxxxxxxxxxxxxxxxxxxxxxxxxxxxxxxxxxxxxxxxxxxxxxxxxxxxxxxxxxxxxxxxxxxxxxxxxxxxxxxxxxxxxxxxxxxxxxxxxxxxxxxxxxxxxxxxxxxxxxxxxxxxxxxxxxxxxxxxxxxxxxxxxxxxxxxxxxxxxxxxxxxxxxxxxxxxxxxxxxxxxxxxxxxxxxxxxxxxxxxxxxxxxxxxxxxxxxxxxxxxxxxxxxxxxxxxxxxxxxxx&apos; to cmi.comment" time="0.000064084">
        </testcase>
        <testcase classname="test/cmi/scorm2004_cmi.spec.ts" name="SCORM 2004 CMI Tests &gt; CMI Spec Tests &gt; CMICommentsFromLMSObject Tests &gt; Field: cmi.comment &gt; Should fail to write &apos;{lang=eng-98-9fhgj}{xxxxxxxxxxxxxxxxxxxxxxxxxxxxxxxxxxxxxxxxxxxxxxxxxxxxxxxxxxxxxxxxxxxxxxxxxxxxxxxxxxxxxxxxxxxxxxxxxxxxxxxxxxxxxxxxxxxxxxxxxxxxxxxxxxxxxxxxxxxxxxxxxxxxxxxxxxxxxxxxxxxxxxxxxxxxxxxxxxxxxxxxxxxxxxxxxxxxxxxxxxxxxxxxxxxxxxxxxxxxxxxxxxxxxxxxxxxxxxxxxxxxxxxxxxxxxxxxxxxxxxxxxxxxxxxxxxxxxxxxxxxxxxxxxxxxxxxxxxxxxxxxxxxxxxxxxxxxxxxxxxxxxxxxxxxxxxxxxxxxxxxxxxxxxxxxxxxxxxxxxxxxxxxxxxxxxxxxxxxxxxxxxxxxxxxxxxxxxxxxxxxxxxxxxxxxxxxxxxxxxxxxxxxxxxxxxxxxxxxxxxxxxxxxxxxxxxxxxxxxxxxxxxxxxxxxxxxxxxxxxxxxxxxxxxxxxxxxxxxxxxxxxxxxxxxxxxxxxxxxxxxxxxxxxxxxxxxxxxxxxxxxxxxxxxxxxxxxxxxxxxxxxxxxxxxxxxxxxxxxxxxxxxxxxxxxxxxxxxxxxxxxxxxxxxxxxxxxxxxxxxxxxxxxxxxxxxxxxxxxxxxxxxxxxxxxxxxxxxxxxxxxxxxxxxxxxxxxxxxxxxxxxxxxxxxxxxxxxxxxxxxxxxxxxxxxxxxxxxxxxxxxxxxxxxxxxxxxxxxxxxxxxxxxxxxxxxxxxxxxxxxxxxxxxxxxxxxxxxxxxxxxxxxxxxxxxxxxxxxxxxxxxxxxxxxxxxxxxxxxxxxxxxxxxxxxxxxxxxxxxxxxxxxxxxxxxxxxxxxxxxxxxxxxxxxxxxxxxxxxxxxxxxxxxxxxxxxxxxxxxxxxxxxxxxxxxxxxxxxxxxxxxxxxxxxxxxxxxxxxxxxxxxxxxxxxxxxxxxxxxxxxxxxxxxxxxxxxxxxxxxxxxxxxxxxxxxxxxxxxxxxxxxxxxxxxxxxxxxxxxxxxxxxxxxxxxxxxxxxxxxxxxxxxxxxxxxxxxxxxxxxxxxxxxxxxxxxxxxxxxxxxxxxxxxxxxxxxxxxxxxxxxxxxxxxxxxxxxxxxxxxxxxxxxxxxxxxxxxxxxxxxxxxxxxxxxxxxxxxxxxxxxxxxxxxxxxxxxxxxxxxxxxxxxxxxxxxxxxxxxxxxxxxxxxxxxxxxxxxxxxxxxxxxxxxxxxxxxxxxxxxxxxxxxxxxxxxxxxxxxxxxxxxxxxxxxxxxxxxxxxxxxxxxxxxxxxxxxxxxxxxxxxxxxxxxxxxxxxxxxxxxxxxxxxxxxxxxxxxxxxxxxxxxxxxxxxxxxxxxxxxxxxxxxxxxxxxxxxxxxxxxxxxxxxxxxxxxxxxxxxxxxxxxxxxxxxxxxxxxxxxxxxxxxxxxxxxxxxxxxxxxxxxxxxxxxxxxxxxxxxxxxxxxxxxxxxxxxxxxxxxxxxxxxxxxxxxxxxxxxxxxxxxxxxxxxxxxxxxxxxxxxxxxxxxxxxxxxxxxxxxxxxxxxxxxxxxxxxxxxxxxxxxxxxxxxxxxxxxxxxxxxxxxxxxxxxxxxxxxxxxxxxxxxxxxxxxxxxxxxxxxxxxxxxxxxxxxxxxxxxxxxxxxxxxxxxxxxxxxxxxxxxxxxxxxxxxxxxxxxxxxxxxxxxxxxxxxxxxxxxxxxxxxxxxxxxxxxxxxxxxxxxxxxxxxxxxxxxxxxxxxxxxxxxxxxxxxxxxxxxxxxxxxxxxxxxxxxxxxxxxxxxxxxxxxxxxxxxxxxxxxxxxxxxxxxxxxxxxxxxxxxxxxxxxxxxxxxxxxxxxxxxxxxxxxxxxxxxxxxxxxxxxxxxxxxxxxxxxxxxxxxxxxxxxxxxxxxxxxxxxxxxxxxxxxxxxxxxxxxxxxxxxxxxxxxxxxxxxxxxxxxxxxxxxxxxxxxxxxxxxxxxxxxxxxxxxxxxxxxxxxxxxxxxxxxxxxxxxxxxxxxxxxxxxxxxxxxxxxxxxxxxxxxxxxxxxxxxxxxxxxxxxxxxxxxxxxxxxxxxxxxxxxxxxxxxxxxxxxxxxxxxxxxxxxxxxxxxxxxxxxxxxxxxxxxxxxxxxxxxxxxxxxxxxxxxxxxxxxxxxxxxxxxxxxxxxxxxxxxxxxxxxxxxxxxxxxxxxxxxxxxxxxxxxxxxxxxxxxxxxxxxxxxxxxxxxxxxxxxxxxxxxxxxxxxxxxxxxxxxxxxxxxxxxxxxxxxxxxxxxxxxxxxxxxxxxxxxxxxxxxxxxxxxxxxxxxxxxxxxxxxxxxxxxxxxxxxxxxxxxxxxxxxxxxxxxxxxxxxxxxxxxxxxxxxxxxxxxxxxxxxxxxxxxxxxxxxxxxxxxxxxxxxxxxxxxxxxxxxxxxxxxxxxxxxxxxxxxxxxxxxxxxxxxxxxxxxxxxxxxxxxxxxxxxxxxxxxxxxxxxxxxxxxxxxxxxxxxxxxxxxxxxxxxxxxxxxxxxxxxxxxxxxxxxxxxxxxxxxxxxxxxxxxxxxxxxxxxxxxxxxxxxxxxxxxxxxxxxxxxxxxxxxxxxxxxxxxxxxxxxxxxxxxxxxxxxxxxxxxxxxxxxxxxxxxxxxxxxxxxxxxxxxxxxxxxxxxxxxxxxxxxxxxxxxxxxxxxxxxxxxxxxxxxxxxxxxxxxxxxxxxxxxxxxxxxxxxxxxxxxxxxxxxxxxxxxxxxxxxxxxxxxxxxxxxxxxxxxxxxxxxxxxxxxxxxxxxxxxxxxxxxxxxxxxxxxxxxxxxxxxxxxxxxxxxxxxxxxxxxxxxxxxxxxxxxxxxxxxxxxxxxxxxxxxxxxxxxxxxxxxxxxxxxxxxxxxxxxxxxxxxxxxxxxxxxxxxxxxxxxxxxxxxxxxxxxxxxxxxxxxxxxxxxxxxxxxxxxxxxxxxxxxxxxxxxxxxxxxxxxxxxxxxxxxxxxxxxxxxxxxxxxxxxxxxxxxxxxxxxxxxxxxxxxxxxxxxxxxxxxxxxxxxxxxxxxxxxxxxxxxxxxxxxxxxxxxxxxxxxxxxxxxxxxxxxxxxxxxxxxxxxxxxxxxxxxxxxxxxxxxxxxxxxxxxxxxxxxxxxxxxxxxxxxxxxxxxxxxxxxxxxxxxxxxxxxxxxxxxxxxxxxxxxxxxxxxxxxxxxxxxxxxxxxxxxxxxxxxxxxxxxxxxxxxxxxxxxxxxxxxxxxxxxxxxxxxxxxxxxxxxxxxxxxxxxxxxxxxxxxxxxxxxxxxxxxxxxxxxxxxxxxxxxxxxxxxxxxxxxxxxxxxxxxxxxxxxxxxxxxxxxxxxxxxxxxxxxxxxxxxxxxxxxxxxxxxxxxxxxxxxxxxxxxxxxxxxxxxxxxxxxxxxxxxxxxxxxxxxxxxxxxxxxxxxxxxxxxxxxxxxxxxxxxxxxxxxxxxxxxxxxxxxxxxxxxxxxxxxxxxxxxxxxxxxxxxxxxxxxxxxxxxxxxxxxxxxxxxxxxxxxxxxxxxxxxxxxxxxxxxxxxxxxxxxxxxxxxxxxxxxxxxxxxxxxxxxxxxxxxxxxxxxxxxxxxxxxxxxxxxxxxxxxxxxxxxxxxxxxxxxxxxxxxxxxxxxxxxxxxxxxxxxxxxxxxxxxxxxxxxxxxxxxxxxxxxxxxxxxxxxxxxxxxxxxxxxxxxxxxxxxxxxxxxxxxxxxxxxxxxxxxxxxxxxxxxxxxxxxxxxxxxxxxxxxxxxxxxxxxxxxxxxxxxxxxxxxxxxxxxxxxxxxxxxxxxxxxxxxxxxxxxxxxxxxxxxxxxxxxxxxxxxxxxxxxxxxxxxxxxxxxxxxxxxxxxxxxxxxxxxxxxxxxxxxxxxxxxxxxxxxxxxxxxxxxxxxxxxxxxxxxxxxxxxxxxxxxxxxxxxxxxxxxxxxxxxxxxxxxxxxxxxxxxxxxxxxxxxxxxxxxxxxxxxxxxxxxxxxxxxxxxxxxxxxxxxxxxxxxxxxxxxxxxxxxxxxxxxxxxxxxxxxxxxxxxxx&apos; to cmi.comment" time="0.000071125">
        </testcase>
        <testcase classname="test/cmi/scorm2004_cmi.spec.ts" name="SCORM 2004 CMI Tests &gt; CMI Spec Tests &gt; CMICommentsFromLMSObject Tests &gt; Field: cmi.location &gt; Should be able to read from cmi.location" time="0.000017375">
        </testcase>
        <testcase classname="test/cmi/scorm2004_cmi.spec.ts" name="SCORM 2004 CMI Tests &gt; CMI Spec Tests &gt; CMICommentsFromLMSObject Tests &gt; Field: cmi.location &gt; Should be able to write upto 250 characters to cmi.location" time="0.000034667">
        </testcase>
        <testcase classname="test/cmi/scorm2004_cmi.spec.ts" name="SCORM 2004 CMI Tests &gt; CMI Spec Tests &gt; CMICommentsFromLMSObject Tests &gt; Field: cmi.location &gt; Should fail to write more than 250 characters to cmi.location" time="0.000035042">
        </testcase>
        <testcase classname="test/cmi/scorm2004_cmi.spec.ts" name="SCORM 2004 CMI Tests &gt; CMI Spec Tests &gt; CMICommentsFromLMSObject Tests &gt; Field: cmi.timestamp &gt; Should be able to read from cmi.timestamp" time="0.00002575">
        </testcase>
        <testcase classname="test/cmi/scorm2004_cmi.spec.ts" name="SCORM 2004 CMI Tests &gt; CMI Spec Tests &gt; CMICommentsFromLMSObject Tests &gt; Field: cmi.timestamp &gt; Should successfully write to cmi.timestamp" time="0.000031292">
        </testcase>
        <testcase classname="test/cmi/scorm2004_cmi.spec.ts" name="SCORM 2004 CMI Tests &gt; CMI Spec Tests &gt; CMICommentsFromLMSObject Tests &gt; Field: cmi.timestamp &gt; Should successfully write &apos;2019-06-25&apos; to cmi.timestamp" time="0.000031042">
        </testcase>
        <testcase classname="test/cmi/scorm2004_cmi.spec.ts" name="SCORM 2004 CMI Tests &gt; CMI Spec Tests &gt; CMICommentsFromLMSObject Tests &gt; Field: cmi.timestamp &gt; Should successfully write &apos;2019-06-25T23:59&apos; to cmi.timestamp" time="0.000029917">
        </testcase>
        <testcase classname="test/cmi/scorm2004_cmi.spec.ts" name="SCORM 2004 CMI Tests &gt; CMI Spec Tests &gt; CMICommentsFromLMSObject Tests &gt; Field: cmi.timestamp &gt; Should successfully write &apos;2019-06-25T23:59:59.99&apos; to cmi.timestamp" time="0.000030208">
        </testcase>
        <testcase classname="test/cmi/scorm2004_cmi.spec.ts" name="SCORM 2004 CMI Tests &gt; CMI Spec Tests &gt; CMICommentsFromLMSObject Tests &gt; Field: cmi.timestamp &gt; Should successfully write &apos;2019-06-25T23:59:59.999&apos; to cmi.timestamp" time="0.000028541">
        </testcase>
        <testcase classname="test/cmi/scorm2004_cmi.spec.ts" name="SCORM 2004 CMI Tests &gt; CMI Spec Tests &gt; CMICommentsFromLMSObject Tests &gt; Field: cmi.timestamp &gt; Should successfully write &apos;1970-01-01&apos; to cmi.timestamp" time="0.000028">
        </testcase>
        <testcase classname="test/cmi/scorm2004_cmi.spec.ts" name="SCORM 2004 CMI Tests &gt; CMI Spec Tests &gt; CMICommentsFromLMSObject Tests &gt; Field: cmi.timestamp &gt; Should fail to write &apos;2019-06-25T&apos; to cmi.timestamp" time="0.000032125">
        </testcase>
        <testcase classname="test/cmi/scorm2004_cmi.spec.ts" name="SCORM 2004 CMI Tests &gt; CMI Spec Tests &gt; CMICommentsFromLMSObject Tests &gt; Field: cmi.timestamp &gt; Should fail to write &apos;2019-06-25T25:59:59.99&apos; to cmi.timestamp" time="0.000033833">
        </testcase>
        <testcase classname="test/cmi/scorm2004_cmi.spec.ts" name="SCORM 2004 CMI Tests &gt; CMI Spec Tests &gt; CMICommentsFromLMSObject Tests &gt; Field: cmi.timestamp &gt; Should fail to write &apos;2019-13-31&apos; to cmi.timestamp" time="0.000034125">
        </testcase>
        <testcase classname="test/cmi/scorm2004_cmi.spec.ts" name="SCORM 2004 CMI Tests &gt; CMI Spec Tests &gt; CMICommentsFromLMSObject Tests &gt; Field: cmi.timestamp &gt; Should fail to write &apos;1969-12-31&apos; to cmi.timestamp" time="0.000033792">
        </testcase>
        <testcase classname="test/cmi/scorm2004_cmi.spec.ts" name="SCORM 2004 CMI Tests &gt; CMI Spec Tests &gt; CMICommentsFromLMSObject Tests &gt; Field: cmi.timestamp &gt; Should fail to write &apos;-00:00:30&apos; to cmi.timestamp" time="0.000033375">
        </testcase>
        <testcase classname="test/cmi/scorm2004_cmi.spec.ts" name="SCORM 2004 CMI Tests &gt; CMI Spec Tests &gt; CMICommentsFromLMSObject Tests &gt; Field: cmi.timestamp &gt; Should fail to write &apos;0:50:30&apos; to cmi.timestamp" time="0.000036875">
        </testcase>
        <testcase classname="test/cmi/scorm2004_cmi.spec.ts" name="SCORM 2004 CMI Tests &gt; CMI Spec Tests &gt; CMICommentsFromLMSObject Tests &gt; Field: cmi.timestamp &gt; Should fail to write &apos;23:00:30.&apos; to cmi.timestamp" time="0.00003575">
        </testcase>
        <testcase classname="test/cmi/scorm2004_cmi.spec.ts" name="SCORM 2004 CMI Tests &gt; CMI Spec Tests &gt; CMICommentsFromLMSObject Tests &gt; Field: cmi.comment &gt; Should be able to read from cmi.comment" time="0.00003625">
        </testcase>
        <testcase classname="test/cmi/scorm2004_cmi.spec.ts" name="SCORM 2004 CMI Tests &gt; CMI Spec Tests &gt; CMICommentsFromLMSObject Tests &gt; Field: cmi.comment &gt; Should fail to write to cmi.comment" time="0.000032833">
        </testcase>
        <testcase classname="test/cmi/scorm2004_cmi.spec.ts" name="SCORM 2004 CMI Tests &gt; CMI Spec Tests &gt; CMICommentsFromLMSObject Tests &gt; Field: cmi.location &gt; Should be able to read from cmi.location" time="0.000020333">
        </testcase>
        <testcase classname="test/cmi/scorm2004_cmi.spec.ts" name="SCORM 2004 CMI Tests &gt; CMI Spec Tests &gt; CMICommentsFromLMSObject Tests &gt; Field: cmi.location &gt; Should fail to write to cmi.location" time="0.000029459">
        </testcase>
        <testcase classname="test/cmi/scorm2004_cmi.spec.ts" name="SCORM 2004 CMI Tests &gt; CMI Spec Tests &gt; CMICommentsFromLMSObject Tests &gt; Field: cmi.timestamp &gt; Should be able to read from cmi.timestamp" time="0.000022083">
        </testcase>
        <testcase classname="test/cmi/scorm2004_cmi.spec.ts" name="SCORM 2004 CMI Tests &gt; CMI Spec Tests &gt; CMICommentsFromLMSObject Tests &gt; Field: cmi.timestamp &gt; Should fail to write to cmi.timestamp" time="0.000029083">
        </testcase>
        <testcase classname="test/cmi/scorm2004_cmi.spec.ts" name="SCORM 2004 CMI Tests &gt; CMI Spec Tests &gt; CMICommentsFromLMSObject Tests &gt; should export JSON" time="0.000027417">
        </testcase>
        <testcase classname="test/cmi/scorm2004_cmi.spec.ts" name="SCORM 2004 CMI Tests &gt; CMI Spec Tests &gt; CMIInteractionsObject Tests &gt; Field: cmi.id &gt; Should be able to read from cmi.id" time="0.000021083">
        </testcase>
        <testcase classname="test/cmi/scorm2004_cmi.spec.ts" name="SCORM 2004 CMI Tests &gt; CMI Spec Tests &gt; CMIInteractionsObject Tests &gt; Field: cmi.id &gt; Should successfully write to cmi.id" time="0.000060125">
        </testcase>
        <testcase classname="test/cmi/scorm2004_cmi.spec.ts" name="SCORM 2004 CMI Tests &gt; CMI Spec Tests &gt; CMIInteractionsObject Tests &gt; Field: cmi.id &gt; Should be able to read from cmi.id" time="0.000019875">
        </testcase>
        <testcase classname="test/cmi/scorm2004_cmi.spec.ts" name="SCORM 2004 CMI Tests &gt; CMI Spec Tests &gt; CMIInteractionsObject Tests &gt; Field: cmi.id &gt; Should successfully write to cmi.id" time="0.000030709">
        </testcase>
        <testcase classname="test/cmi/scorm2004_cmi.spec.ts" name="SCORM 2004 CMI Tests &gt; CMI Spec Tests &gt; CMIInteractionsObject Tests &gt; Field: cmi.timestamp &gt; Should successfully write &apos;2019-06-25&apos; to cmi.timestamp" time="0.00004025">
        </testcase>
        <testcase classname="test/cmi/scorm2004_cmi.spec.ts" name="SCORM 2004 CMI Tests &gt; CMI Spec Tests &gt; CMIInteractionsObject Tests &gt; Field: cmi.timestamp &gt; Should successfully write &apos;2019-06-25T23:59&apos; to cmi.timestamp" time="0.000041125">
        </testcase>
        <testcase classname="test/cmi/scorm2004_cmi.spec.ts" name="SCORM 2004 CMI Tests &gt; CMI Spec Tests &gt; CMIInteractionsObject Tests &gt; Field: cmi.timestamp &gt; Should successfully write &apos;2019-06-25T23:59:59.99&apos; to cmi.timestamp" time="0.000028167">
        </testcase>
        <testcase classname="test/cmi/scorm2004_cmi.spec.ts" name="SCORM 2004 CMI Tests &gt; CMI Spec Tests &gt; CMIInteractionsObject Tests &gt; Field: cmi.timestamp &gt; Should successfully write &apos;2019-06-25T23:59:59.999&apos; to cmi.timestamp" time="0.000028833">
        </testcase>
        <testcase classname="test/cmi/scorm2004_cmi.spec.ts" name="SCORM 2004 CMI Tests &gt; CMI Spec Tests &gt; CMIInteractionsObject Tests &gt; Field: cmi.timestamp &gt; Should successfully write &apos;1970-01-01&apos; to cmi.timestamp" time="0.000027584">
        </testcase>
        <testcase classname="test/cmi/scorm2004_cmi.spec.ts" name="SCORM 2004 CMI Tests &gt; CMI Spec Tests &gt; CMIInteractionsObject Tests &gt; Field: cmi.timestamp &gt; Should fail to write &apos;2019-06-25T&apos; to cmi.timestamp" time="0.000031">
        </testcase>
        <testcase classname="test/cmi/scorm2004_cmi.spec.ts" name="SCORM 2004 CMI Tests &gt; CMI Spec Tests &gt; CMIInteractionsObject Tests &gt; Field: cmi.timestamp &gt; Should fail to write &apos;2019-06-25T25:59:59.99&apos; to cmi.timestamp" time="0.0000315">
        </testcase>
        <testcase classname="test/cmi/scorm2004_cmi.spec.ts" name="SCORM 2004 CMI Tests &gt; CMI Spec Tests &gt; CMIInteractionsObject Tests &gt; Field: cmi.timestamp &gt; Should fail to write &apos;2019-13-31&apos; to cmi.timestamp" time="0.000031666">
        </testcase>
        <testcase classname="test/cmi/scorm2004_cmi.spec.ts" name="SCORM 2004 CMI Tests &gt; CMI Spec Tests &gt; CMIInteractionsObject Tests &gt; Field: cmi.timestamp &gt; Should fail to write &apos;1969-12-31&apos; to cmi.timestamp" time="0.000029708">
        </testcase>
        <testcase classname="test/cmi/scorm2004_cmi.spec.ts" name="SCORM 2004 CMI Tests &gt; CMI Spec Tests &gt; CMIInteractionsObject Tests &gt; Field: cmi.timestamp &gt; Should fail to write &apos;-00:00:30&apos; to cmi.timestamp" time="0.000028958">
        </testcase>
        <testcase classname="test/cmi/scorm2004_cmi.spec.ts" name="SCORM 2004 CMI Tests &gt; CMI Spec Tests &gt; CMIInteractionsObject Tests &gt; Field: cmi.timestamp &gt; Should fail to write &apos;0:50:30&apos; to cmi.timestamp" time="0.000028916">
        </testcase>
        <testcase classname="test/cmi/scorm2004_cmi.spec.ts" name="SCORM 2004 CMI Tests &gt; CMI Spec Tests &gt; CMIInteractionsObject Tests &gt; Field: cmi.timestamp &gt; Should fail to write &apos;23:00:30.&apos; to cmi.timestamp" time="0.000029917">
        </testcase>
        <testcase classname="test/cmi/scorm2004_cmi.spec.ts" name="SCORM 2004 CMI Tests &gt; CMI Spec Tests &gt; CMIInteractionsObject Tests &gt; Field: cmi.type &gt; Should successfully write &apos;true-false&apos; to cmi.type" time="0.000066666">
        </testcase>
        <testcase classname="test/cmi/scorm2004_cmi.spec.ts" name="SCORM 2004 CMI Tests &gt; CMI Spec Tests &gt; CMIInteractionsObject Tests &gt; Field: cmi.type &gt; Should successfully write &apos;choice&apos; to cmi.type" time="0.000064">
        </testcase>
        <testcase classname="test/cmi/scorm2004_cmi.spec.ts" name="SCORM 2004 CMI Tests &gt; CMI Spec Tests &gt; CMIInteractionsObject Tests &gt; Field: cmi.type &gt; Should successfully write &apos;fill-in&apos; to cmi.type" time="0.00002875">
        </testcase>
        <testcase classname="test/cmi/scorm2004_cmi.spec.ts" name="SCORM 2004 CMI Tests &gt; CMI Spec Tests &gt; CMIInteractionsObject Tests &gt; Field: cmi.type &gt; Should successfully write &apos;long-fill-in&apos; to cmi.type" time="0.000028541">
        </testcase>
        <testcase classname="test/cmi/scorm2004_cmi.spec.ts" name="SCORM 2004 CMI Tests &gt; CMI Spec Tests &gt; CMIInteractionsObject Tests &gt; Field: cmi.type &gt; Should successfully write &apos;matching&apos; to cmi.type" time="0.000028125">
        </testcase>
        <testcase classname="test/cmi/scorm2004_cmi.spec.ts" name="SCORM 2004 CMI Tests &gt; CMI Spec Tests &gt; CMIInteractionsObject Tests &gt; Field: cmi.type &gt; Should successfully write &apos;performance&apos; to cmi.type" time="0.00003225">
        </testcase>
        <testcase classname="test/cmi/scorm2004_cmi.spec.ts" name="SCORM 2004 CMI Tests &gt; CMI Spec Tests &gt; CMIInteractionsObject Tests &gt; Field: cmi.type &gt; Should successfully write &apos;sequencing&apos; to cmi.type" time="0.00003075">
        </testcase>
        <testcase classname="test/cmi/scorm2004_cmi.spec.ts" name="SCORM 2004 CMI Tests &gt; CMI Spec Tests &gt; CMIInteractionsObject Tests &gt; Field: cmi.type &gt; Should successfully write &apos;likert&apos; to cmi.type" time="0.00003">
        </testcase>
        <testcase classname="test/cmi/scorm2004_cmi.spec.ts" name="SCORM 2004 CMI Tests &gt; CMI Spec Tests &gt; CMIInteractionsObject Tests &gt; Field: cmi.type &gt; Should successfully write &apos;numeric&apos; to cmi.type" time="0.000029625">
        </testcase>
        <testcase classname="test/cmi/scorm2004_cmi.spec.ts" name="SCORM 2004 CMI Tests &gt; CMI Spec Tests &gt; CMIInteractionsObject Tests &gt; Field: cmi.type &gt; Should successfully write &apos;other&apos; to cmi.type" time="0.000031333">
        </testcase>
        <testcase classname="test/cmi/scorm2004_cmi.spec.ts" name="SCORM 2004 CMI Tests &gt; CMI Spec Tests &gt; CMIInteractionsObject Tests &gt; Field: cmi.type &gt; Should fail to write &apos;correct&apos; to cmi.type" time="0.000036542">
        </testcase>
        <testcase classname="test/cmi/scorm2004_cmi.spec.ts" name="SCORM 2004 CMI Tests &gt; CMI Spec Tests &gt; CMIInteractionsObject Tests &gt; Field: cmi.type &gt; Should fail to write &apos;wrong&apos; to cmi.type" time="0.000034667">
        </testcase>
        <testcase classname="test/cmi/scorm2004_cmi.spec.ts" name="SCORM 2004 CMI Tests &gt; CMI Spec Tests &gt; CMIInteractionsObject Tests &gt; Field: cmi.type &gt; Should fail to write &apos;logout&apos; to cmi.type" time="0.000033">
        </testcase>
        <testcase classname="test/cmi/scorm2004_cmi.spec.ts" name="SCORM 2004 CMI Tests &gt; CMI Spec Tests &gt; CMIInteractionsObject Tests &gt; Field: cmi.objectives._count &gt; Should be able to read from cmi.objectives._count" time="0.000020916">
        </testcase>
        <testcase classname="test/cmi/scorm2004_cmi.spec.ts" name="SCORM 2004 CMI Tests &gt; CMI Spec Tests &gt; CMIInteractionsObject Tests &gt; Field: cmi.objectives._count &gt; Should fail to write to cmi.objectives._count" time="0.000030667">
        </testcase>
        <testcase classname="test/cmi/scorm2004_cmi.spec.ts" name="SCORM 2004 CMI Tests &gt; CMI Spec Tests &gt; CMIInteractionsObject Tests &gt; Field: cmi.correct_responses._count &gt; Should be able to read from cmi.correct_responses._count" time="0.000020958">
        </testcase>
        <testcase classname="test/cmi/scorm2004_cmi.spec.ts" name="SCORM 2004 CMI Tests &gt; CMI Spec Tests &gt; CMIInteractionsObject Tests &gt; Field: cmi.correct_responses._count &gt; Should fail to write to cmi.correct_responses._count" time="0.000033042">
        </testcase>
        <testcase classname="test/cmi/scorm2004_cmi.spec.ts" name="SCORM 2004 CMI Tests &gt; CMI Spec Tests &gt; CMIInteractionsObject Tests &gt; Field: cmi.weighting &gt; Should successfully write to cmi.weighting" time="0.000054417">
        </testcase>
        <testcase classname="test/cmi/scorm2004_cmi.spec.ts" name="SCORM 2004 CMI Tests &gt; CMI Spec Tests &gt; CMIInteractionsObject Tests &gt; Field: cmi.weighting &gt; Should successfully write &apos;1&apos; to cmi.weighting" time="0.00003175">
        </testcase>
        <testcase classname="test/cmi/scorm2004_cmi.spec.ts" name="SCORM 2004 CMI Tests &gt; CMI Spec Tests &gt; CMIInteractionsObject Tests &gt; Field: cmi.weighting &gt; Should successfully write &apos;50&apos; to cmi.weighting" time="0.000030792">
        </testcase>
        <testcase classname="test/cmi/scorm2004_cmi.spec.ts" name="SCORM 2004 CMI Tests &gt; CMI Spec Tests &gt; CMIInteractionsObject Tests &gt; Field: cmi.weighting &gt; Should successfully write &apos;100&apos; to cmi.weighting" time="0.000031292">
        </testcase>
        <testcase classname="test/cmi/scorm2004_cmi.spec.ts" name="SCORM 2004 CMI Tests &gt; CMI Spec Tests &gt; CMIInteractionsObject Tests &gt; Field: cmi.weighting &gt; Should successfully write &apos;-10000&apos; to cmi.weighting" time="0.000030375">
        </testcase>
        <testcase classname="test/cmi/scorm2004_cmi.spec.ts" name="SCORM 2004 CMI Tests &gt; CMI Spec Tests &gt; CMIInteractionsObject Tests &gt; Field: cmi.weighting &gt; Should successfully write &apos;-1&apos; to cmi.weighting" time="0.000030292">
        </testcase>
        <testcase classname="test/cmi/scorm2004_cmi.spec.ts" name="SCORM 2004 CMI Tests &gt; CMI Spec Tests &gt; CMIInteractionsObject Tests &gt; Field: cmi.weighting &gt; Should successfully write &apos;10000&apos; to cmi.weighting" time="0.000031292">
        </testcase>
        <testcase classname="test/cmi/scorm2004_cmi.spec.ts" name="SCORM 2004 CMI Tests &gt; CMI Spec Tests &gt; CMIInteractionsObject Tests &gt; Field: cmi.weighting &gt; Should fail to write &apos;invalid&apos; to cmi.weighting" time="0.000034125">
        </testcase>
        <testcase classname="test/cmi/scorm2004_cmi.spec.ts" name="SCORM 2004 CMI Tests &gt; CMI Spec Tests &gt; CMIInteractionsObject Tests &gt; Field: cmi.weighting &gt; Should fail to write &apos;a100&apos; to cmi.weighting" time="0.000033375">
        </testcase>
        <testcase classname="test/cmi/scorm2004_cmi.spec.ts" name="SCORM 2004 CMI Tests &gt; CMI Spec Tests &gt; CMIInteractionsObject Tests &gt; Field: cmi.weighting &gt; Should fail to write &apos;-100000&apos; to cmi.weighting" time="0.000033958">
        </testcase>
        <testcase classname="test/cmi/scorm2004_cmi.spec.ts" name="SCORM 2004 CMI Tests &gt; CMI Spec Tests &gt; CMIInteractionsObject Tests &gt; Field: cmi.weighting &gt; Should fail to write &apos;100000&apos; to cmi.weighting" time="0.000033375">
        </testcase>
        <testcase classname="test/cmi/scorm2004_cmi.spec.ts" name="SCORM 2004 CMI Tests &gt; CMI Spec Tests &gt; CMIInteractionsObject Tests &gt; Field: cmi.result &gt; Should be able to read from cmi.result" time="0.000023333">
        </testcase>
        <testcase classname="test/cmi/scorm2004_cmi.spec.ts" name="SCORM 2004 CMI Tests &gt; CMI Spec Tests &gt; CMIInteractionsObject Tests &gt; Field: cmi.result &gt; Should successfully write &apos;correct&apos; to cmi.result" time="0.000063625">
        </testcase>
        <testcase classname="test/cmi/scorm2004_cmi.spec.ts" name="SCORM 2004 CMI Tests &gt; CMI Spec Tests &gt; CMIInteractionsObject Tests &gt; Field: cmi.result &gt; Should successfully write &apos;incorrect&apos; to cmi.result" time="0.00005575">
        </testcase>
        <testcase classname="test/cmi/scorm2004_cmi.spec.ts" name="SCORM 2004 CMI Tests &gt; CMI Spec Tests &gt; CMIInteractionsObject Tests &gt; Field: cmi.result &gt; Should successfully write &apos;unanticipated&apos; to cmi.result" time="0.000030958">
        </testcase>
        <testcase classname="test/cmi/scorm2004_cmi.spec.ts" name="SCORM 2004 CMI Tests &gt; CMI Spec Tests &gt; CMIInteractionsObject Tests &gt; Field: cmi.result &gt; Should successfully write &apos;neutral&apos; to cmi.result" time="0.000030792">
        </testcase>
        <testcase classname="test/cmi/scorm2004_cmi.spec.ts" name="SCORM 2004 CMI Tests &gt; CMI Spec Tests &gt; CMIInteractionsObject Tests &gt; Field: cmi.result &gt; Should successfully write &apos;1&apos; to cmi.result" time="0.000030166">
        </testcase>
        <testcase classname="test/cmi/scorm2004_cmi.spec.ts" name="SCORM 2004 CMI Tests &gt; CMI Spec Tests &gt; CMIInteractionsObject Tests &gt; Field: cmi.result &gt; Should successfully write &apos;999&apos; to cmi.result" time="0.000032292">
        </testcase>
        <testcase classname="test/cmi/scorm2004_cmi.spec.ts" name="SCORM 2004 CMI Tests &gt; CMI Spec Tests &gt; CMIInteractionsObject Tests &gt; Field: cmi.result &gt; Should successfully write &apos;999.99999&apos; to cmi.result" time="0.000081667">
        </testcase>
        <testcase classname="test/cmi/scorm2004_cmi.spec.ts" name="SCORM 2004 CMI Tests &gt; CMI Spec Tests &gt; CMIInteractionsObject Tests &gt; Field: cmi.result &gt; Should fail to write &apos;-10000&apos; to cmi.result" time="0.00003525">
        </testcase>
        <testcase classname="test/cmi/scorm2004_cmi.spec.ts" name="SCORM 2004 CMI Tests &gt; CMI Spec Tests &gt; CMIInteractionsObject Tests &gt; Field: cmi.result &gt; Should fail to write &apos;10000&apos; to cmi.result" time="0.000033208">
        </testcase>
        <testcase classname="test/cmi/scorm2004_cmi.spec.ts" name="SCORM 2004 CMI Tests &gt; CMI Spec Tests &gt; CMIInteractionsObject Tests &gt; Field: cmi.result &gt; Should fail to write &apos;invalid&apos; to cmi.result" time="0.000033042">
        </testcase>
        <testcase classname="test/cmi/scorm2004_cmi.spec.ts" name="SCORM 2004 CMI Tests &gt; CMI Spec Tests &gt; CMIInteractionsObject Tests &gt; Field: cmi.result &gt; Should fail to write &apos;wrong&apos; to cmi.result" time="0.000032875">
        </testcase>
        <testcase classname="test/cmi/scorm2004_cmi.spec.ts" name="SCORM 2004 CMI Tests &gt; CMI Spec Tests &gt; CMIInteractionsObject Tests &gt; Field: cmi.latency &gt; Should be able to read from cmi.latency" time="0.000021542">
        </testcase>
        <testcase classname="test/cmi/scorm2004_cmi.spec.ts" name="SCORM 2004 CMI Tests &gt; CMI Spec Tests &gt; CMIInteractionsObject Tests &gt; Field: cmi.latency &gt; Should successfully write &apos;P1Y34DT23H45M15S&apos; to cmi.latency" time="0.000041125">
        </testcase>
        <testcase classname="test/cmi/scorm2004_cmi.spec.ts" name="SCORM 2004 CMI Tests &gt; CMI Spec Tests &gt; CMIInteractionsObject Tests &gt; Field: cmi.latency &gt; Should successfully write &apos;PT1M45S&apos; to cmi.latency" time="0.000032666">
        </testcase>
        <testcase classname="test/cmi/scorm2004_cmi.spec.ts" name="SCORM 2004 CMI Tests &gt; CMI Spec Tests &gt; CMIInteractionsObject Tests &gt; Field: cmi.latency &gt; Should successfully write &apos;P0S&apos; to cmi.latency" time="0.000030833">
        </testcase>
        <testcase classname="test/cmi/scorm2004_cmi.spec.ts" name="SCORM 2004 CMI Tests &gt; CMI Spec Tests &gt; CMIInteractionsObject Tests &gt; Field: cmi.latency &gt; Should successfully write &apos;PT75M&apos; to cmi.latency" time="0.000030792">
        </testcase>
        <testcase classname="test/cmi/scorm2004_cmi.spec.ts" name="SCORM 2004 CMI Tests &gt; CMI Spec Tests &gt; CMIInteractionsObject Tests &gt; Field: cmi.latency &gt; Should fail to write &apos;00:08:45&apos; to cmi.latency" time="0.000033917">
        </testcase>
        <testcase classname="test/cmi/scorm2004_cmi.spec.ts" name="SCORM 2004 CMI Tests &gt; CMI Spec Tests &gt; CMIInteractionsObject Tests &gt; Field: cmi.latency &gt; Should fail to write &apos;-P1H&apos; to cmi.latency" time="0.0000345">
        </testcase>
        <testcase classname="test/cmi/scorm2004_cmi.spec.ts" name="SCORM 2004 CMI Tests &gt; CMI Spec Tests &gt; CMIInteractionsObject Tests &gt; Field: cmi.latency &gt; Should fail to write &apos;1y45D&apos; to cmi.latency" time="0.000035167">
        </testcase>
        <testcase classname="test/cmi/scorm2004_cmi.spec.ts" name="SCORM 2004 CMI Tests &gt; CMI Spec Tests &gt; CMIInteractionsObject Tests &gt; Field: cmi.latency &gt; Should fail to write &apos;0&apos; to cmi.latency" time="0.000035208">
        </testcase>
        <testcase classname="test/cmi/scorm2004_cmi.spec.ts" name="SCORM 2004 CMI Tests &gt; CMI Spec Tests &gt; CMIInteractionsObject Tests &gt; Field: cmi.description &gt; Should successfully write &apos;{lang=en-98} learner comment&apos; to cmi.description" time="0.000068708">
        </testcase>
        <testcase classname="test/cmi/scorm2004_cmi.spec.ts" name="SCORM 2004 CMI Tests &gt; CMI Spec Tests &gt; CMIInteractionsObject Tests &gt; Field: cmi.description &gt; Should successfully write &apos;{lang=eng-98-9} learner comment&apos; to cmi.description" time="0.000056916">
        </testcase>
        <testcase classname="test/cmi/scorm2004_cmi.spec.ts" name="SCORM 2004 CMI Tests &gt; CMI Spec Tests &gt; CMIInteractionsObject Tests &gt; Field: cmi.description &gt; Should successfully write &apos;{lang=eng-98-9fhgj}xxxxxxxxxxxxxxxxxxxxxxxxxxxxxxxxxxxxxxxxxxxxxxxxxxxxxxxxxxxxxxxxxxxxxxxxxxxxxxxxxxxxxxxxxxxxxxxxxxxxxxxxxxxxxxxxxxxxxxxxxxxxxxxxxxxxxxxxxxxxxxxxxxxxxxxxxxxxxxxxxxxxxxxxxxxxxxxxxxxxxxxxxxxxxxxxxxxxxxxxxxxxxxxxxxxxxxxxxxxxxxxxxxxxxxxxxxxxxxxxxxxxxxxxxx&apos; to cmi.description" time="0.000034208">
        </testcase>
        <testcase classname="test/cmi/scorm2004_cmi.spec.ts" name="SCORM 2004 CMI Tests &gt; CMI Spec Tests &gt; CMIInteractionsObject Tests &gt; Field: cmi.description &gt; Should successfully write &apos;learner comment&apos; to cmi.description" time="0.000030333">
        </testcase>
        <testcase classname="test/cmi/scorm2004_cmi.spec.ts" name="SCORM 2004 CMI Tests &gt; CMI Spec Tests &gt; CMIInteractionsObject Tests &gt; Field: cmi.description &gt; Should successfully write &apos;learner comment}&apos; to cmi.description" time="0.000033416">
        </testcase>
        <testcase classname="test/cmi/scorm2004_cmi.spec.ts" name="SCORM 2004 CMI Tests &gt; CMI Spec Tests &gt; CMIInteractionsObject Tests &gt; Field: cmi.description &gt; Should successfully write &apos;{lang=i-xx}&apos; to cmi.description" time="0.000030459">
        </testcase>
        <testcase classname="test/cmi/scorm2004_cmi.spec.ts" name="SCORM 2004 CMI Tests &gt; CMI Spec Tests &gt; CMIInteractionsObject Tests &gt; Field: cmi.description &gt; Should successfully write &apos;{lang=i}&apos; to cmi.description" time="0.000030041">
        </testcase>
        <testcase classname="test/cmi/scorm2004_cmi.spec.ts" name="SCORM 2004 CMI Tests &gt; CMI Spec Tests &gt; CMIInteractionsObject Tests &gt; Field: cmi.description &gt; Should successfully write &apos;&apos; to cmi.description" time="0.000031041">
        </testcase>
        <testcase classname="test/cmi/scorm2004_cmi.spec.ts" name="SCORM 2004 CMI Tests &gt; CMI Spec Tests &gt; CMIInteractionsObject Tests &gt; Field: cmi.description &gt; Should fail to write &apos;{lang=i-}&apos; to cmi.description" time="0.00003375">
        </testcase>
        <testcase classname="test/cmi/scorm2004_cmi.spec.ts" name="SCORM 2004 CMI Tests &gt; CMI Spec Tests &gt; CMIInteractionsObject Tests &gt; Field: cmi.description &gt; Should fail to write &apos;{lang=i-x}&apos; to cmi.description" time="0.000033375">
        </testcase>
        <testcase classname="test/cmi/scorm2004_cmi.spec.ts" name="SCORM 2004 CMI Tests &gt; CMI Spec Tests &gt; CMIInteractionsObject Tests &gt; Field: cmi.description &gt; Should fail to write &apos;{lang=eng-98-9fhgj}{ learner comment&apos; to cmi.description" time="0.000033375">
        </testcase>
        <testcase classname="test/cmi/scorm2004_cmi.spec.ts" name="SCORM 2004 CMI Tests &gt; CMI Spec Tests &gt; CMIInteractionsObject Tests &gt; Field: cmi.description &gt; Should fail to write &apos;{learner comment&apos; to cmi.description" time="0.000034458">
        </testcase>
        <testcase classname="test/cmi/scorm2004_cmi.spec.ts" name="SCORM 2004 CMI Tests &gt; CMI Spec Tests &gt; CMIInteractionsObject Tests &gt; Field: cmi.description &gt; Should fail to write &apos;{lang=eng-98-9fhgj}xxxxxxxxxxxxxxxxxxxxxxxxxxxxxxxxxxxxxxxxxxxxxxxxxxxxxxxxxxxxxxxxxxxxxxxxxxxxxxxxxxxxxxxxxxxxxxxxxxxxxxxxxxxxxxxxxxxxxxxxxxxxxxxxxxxxxxxxxxxxxxxxxxxxxxxxxxxxxxxxxxxxxxxxxxxxxxxxxxxxxxxxxxxxxxxxxxxxxxxxxxxxxxxxxxxxxxxxxxxxxxxxxxxxxxxxxxxxxxxxxxxxxxxxxxx&apos; to cmi.description" time="0.000036458">
        </testcase>
        <testcase classname="test/cmi/scorm2004_cmi.spec.ts" name="SCORM 2004 CMI Tests &gt; CMI Spec Tests &gt; CMIInteractionsObject Tests &gt; Field: cmi.description &gt; Should fail to write &apos;{lang=eng-98-9fhgj}{xxxxxxxxxxxxxxxxxxxxxxxxxxxxxxxxxxxxxxxxxxxxxxxxxxxxxxxxxxxxxxxxxxxxxxxxxxxxxxxxxxxxxxxxxxxxxxxxxxxxxxxxxxxxxxxxxxxxxxxxxxxxxxxxxxxxxxxxxxxxxxxxxxxxxxxxxxxxxxxxxxxxxxxxxxxxxxxxxxxxxxxxxxxxxxxxxxxxxxxxxxxxxxxxxxxxxxxxxxxxxxxxxxxxxxxxxxxxxxxxxxxxxxxxx&apos; to cmi.description" time="0.000035667">
        </testcase>
        <testcase classname="test/cmi/scorm2004_cmi.spec.ts" name="SCORM 2004 CMI Tests &gt; CMI Spec Tests &gt; CMIInteractionsObject Tests &gt; should export JSON" time="0.000071333">
        </testcase>
        <testcase classname="test/cmi/scorm2004_cmi.spec.ts" name="SCORM 2004 CMI Tests &gt; CMI Spec Tests &gt; CMIObjectivesObject Tests &gt; Field: cmi.id &gt; Should be able to read from cmi.id" time="0.000018875">
        </testcase>
        <testcase classname="test/cmi/scorm2004_cmi.spec.ts" name="SCORM 2004 CMI Tests &gt; CMI Spec Tests &gt; CMIObjectivesObject Tests &gt; Field: cmi.id &gt; Should successfully write to cmi.id" time="0.000055292">
        </testcase>
        <testcase classname="test/cmi/scorm2004_cmi.spec.ts" name="SCORM 2004 CMI Tests &gt; CMI Spec Tests &gt; CMIObjectivesObject Tests &gt; Field: cmi.id &gt; Should be able to read from cmi.id" time="0.000017208">
        </testcase>
        <testcase classname="test/cmi/scorm2004_cmi.spec.ts" name="SCORM 2004 CMI Tests &gt; CMI Spec Tests &gt; CMIObjectivesObject Tests &gt; Field: cmi.id &gt; Should successfully write to cmi.id" time="0.000026916">
        </testcase>
        <testcase classname="test/cmi/scorm2004_cmi.spec.ts" name="SCORM 2004 CMI Tests &gt; CMI Spec Tests &gt; CMIObjectivesObject Tests &gt; Field: cmi.success_status &gt; Should be able to read from cmi.success_status" time="0.000017958">
        </testcase>
        <testcase classname="test/cmi/scorm2004_cmi.spec.ts" name="SCORM 2004 CMI Tests &gt; CMI Spec Tests &gt; CMIObjectivesObject Tests &gt; Field: cmi.success_status &gt; Should successfully write &apos;passed&apos; to cmi.success_status" time="0.000038042">
        </testcase>
        <testcase classname="test/cmi/scorm2004_cmi.spec.ts" name="SCORM 2004 CMI Tests &gt; CMI Spec Tests &gt; CMIObjectivesObject Tests &gt; Field: cmi.success_status &gt; Should successfully write &apos;failed&apos; to cmi.success_status" time="0.000029792">
        </testcase>
        <testcase classname="test/cmi/scorm2004_cmi.spec.ts" name="SCORM 2004 CMI Tests &gt; CMI Spec Tests &gt; CMIObjectivesObject Tests &gt; Field: cmi.success_status &gt; Should successfully write &apos;unknown&apos; to cmi.success_status" time="0.000026875">
        </testcase>
        <testcase classname="test/cmi/scorm2004_cmi.spec.ts" name="SCORM 2004 CMI Tests &gt; CMI Spec Tests &gt; CMIObjectivesObject Tests &gt; Field: cmi.success_status &gt; Should fail to write &apos;complete&apos; to cmi.success_status" time="0.000031584">
        </testcase>
        <testcase classname="test/cmi/scorm2004_cmi.spec.ts" name="SCORM 2004 CMI Tests &gt; CMI Spec Tests &gt; CMIObjectivesObject Tests &gt; Field: cmi.success_status &gt; Should fail to write &apos;incomplete&apos; to cmi.success_status" time="0.000030583">
        </testcase>
        <testcase classname="test/cmi/scorm2004_cmi.spec.ts" name="SCORM 2004 CMI Tests &gt; CMI Spec Tests &gt; CMIObjectivesObject Tests &gt; Field: cmi.success_status &gt; Should fail to write &apos;P&apos; to cmi.success_status" time="0.000029875">
        </testcase>
        <testcase classname="test/cmi/scorm2004_cmi.spec.ts" name="SCORM 2004 CMI Tests &gt; CMI Spec Tests &gt; CMIObjectivesObject Tests &gt; Field: cmi.success_status &gt; Should fail to write &apos;f&apos; to cmi.success_status" time="0.005648791">
        </testcase>
        <testcase classname="test/cmi/scorm2004_cmi.spec.ts" name="SCORM 2004 CMI Tests &gt; CMI Spec Tests &gt; CMIObjectivesObject Tests &gt; Field: cmi.completion_status &gt; Should be able to read from cmi.completion_status" time="0.000069208">
        </testcase>
        <testcase classname="test/cmi/scorm2004_cmi.spec.ts" name="SCORM 2004 CMI Tests &gt; CMI Spec Tests &gt; CMIObjectivesObject Tests &gt; Field: cmi.completion_status &gt; Should successfully write &apos;completed&apos; to cmi.completion_status" time="0.000077458">
        </testcase>
        <testcase classname="test/cmi/scorm2004_cmi.spec.ts" name="SCORM 2004 CMI Tests &gt; CMI Spec Tests &gt; CMIObjectivesObject Tests &gt; Field: cmi.completion_status &gt; Should successfully write &apos;incomplete&apos; to cmi.completion_status" time="0.001519792">
        </testcase>
        <testcase classname="test/cmi/scorm2004_cmi.spec.ts" name="SCORM 2004 CMI Tests &gt; CMI Spec Tests &gt; CMIObjectivesObject Tests &gt; Field: cmi.completion_status &gt; Should successfully write &apos;not attempted&apos; to cmi.completion_status" time="0.00007125">
        </testcase>
        <testcase classname="test/cmi/scorm2004_cmi.spec.ts" name="SCORM 2004 CMI Tests &gt; CMI Spec Tests &gt; CMIObjectivesObject Tests &gt; Field: cmi.completion_status &gt; Should successfully write &apos;unknown&apos; to cmi.completion_status" time="0.000056334">
        </testcase>
        <testcase classname="test/cmi/scorm2004_cmi.spec.ts" name="SCORM 2004 CMI Tests &gt; CMI Spec Tests &gt; CMIObjectivesObject Tests &gt; Field: cmi.completion_status &gt; Should fail to write &apos;complete&apos; to cmi.completion_status" time="0.00004975">
        </testcase>
        <testcase classname="test/cmi/scorm2004_cmi.spec.ts" name="SCORM 2004 CMI Tests &gt; CMI Spec Tests &gt; CMIObjectivesObject Tests &gt; Field: cmi.completion_status &gt; Should fail to write &apos;passed&apos; to cmi.completion_status" time="0.000038416">
        </testcase>
        <testcase classname="test/cmi/scorm2004_cmi.spec.ts" name="SCORM 2004 CMI Tests &gt; CMI Spec Tests &gt; CMIObjectivesObject Tests &gt; Field: cmi.completion_status &gt; Should fail to write &apos;failed&apos; to cmi.completion_status" time="0.000033917">
        </testcase>
        <testcase classname="test/cmi/scorm2004_cmi.spec.ts" name="SCORM 2004 CMI Tests &gt; CMI Spec Tests &gt; CMIObjectivesObject Tests &gt; Field: cmi.progress_measure &gt; Should successfully write &apos;0.0&apos; to cmi.progress_measure" time="0.000057084">
        </testcase>
        <testcase classname="test/cmi/scorm2004_cmi.spec.ts" name="SCORM 2004 CMI Tests &gt; CMI Spec Tests &gt; CMIObjectivesObject Tests &gt; Field: cmi.progress_measure &gt; Should successfully write &apos;0.25&apos; to cmi.progress_measure" time="0.000031208">
        </testcase>
        <testcase classname="test/cmi/scorm2004_cmi.spec.ts" name="SCORM 2004 CMI Tests &gt; CMI Spec Tests &gt; CMIObjectivesObject Tests &gt; Field: cmi.progress_measure &gt; Should successfully write &apos;0.5&apos; to cmi.progress_measure" time="0.000027166">
        </testcase>
        <testcase classname="test/cmi/scorm2004_cmi.spec.ts" name="SCORM 2004 CMI Tests &gt; CMI Spec Tests &gt; CMIObjectivesObject Tests &gt; Field: cmi.progress_measure &gt; Should successfully write &apos;1.0&apos; to cmi.progress_measure" time="0.00002725">
        </testcase>
        <testcase classname="test/cmi/scorm2004_cmi.spec.ts" name="SCORM 2004 CMI Tests &gt; CMI Spec Tests &gt; CMIObjectivesObject Tests &gt; Field: cmi.progress_measure &gt; Should fail to write &apos;-1&apos; to cmi.progress_measure" time="0.000036375">
        </testcase>
        <testcase classname="test/cmi/scorm2004_cmi.spec.ts" name="SCORM 2004 CMI Tests &gt; CMI Spec Tests &gt; CMIObjectivesObject Tests &gt; Field: cmi.progress_measure &gt; Should fail to write &apos;-0.1&apos; to cmi.progress_measure" time="0.000031708">
        </testcase>
        <testcase classname="test/cmi/scorm2004_cmi.spec.ts" name="SCORM 2004 CMI Tests &gt; CMI Spec Tests &gt; CMIObjectivesObject Tests &gt; Field: cmi.progress_measure &gt; Should fail to write &apos;1.1&apos; to cmi.progress_measure" time="0.000030833">
        </testcase>
        <testcase classname="test/cmi/scorm2004_cmi.spec.ts" name="SCORM 2004 CMI Tests &gt; CMI Spec Tests &gt; CMIObjectivesObject Tests &gt; Field: cmi.progress_measure &gt; Should fail to write &apos;.25&apos; to cmi.progress_measure" time="0.000029167">
        </testcase>
        <testcase classname="test/cmi/scorm2004_cmi.spec.ts" name="SCORM 2004 CMI Tests &gt; CMI Spec Tests &gt; CMIObjectivesObject Tests &gt; Field: cmi.description &gt; Should successfully write &apos;{lang=en-98} learner comment&apos; to cmi.description" time="0.000048416">
        </testcase>
        <testcase classname="test/cmi/scorm2004_cmi.spec.ts" name="SCORM 2004 CMI Tests &gt; CMI Spec Tests &gt; CMIObjectivesObject Tests &gt; Field: cmi.description &gt; Should successfully write &apos;{lang=eng-98-9} learner comment&apos; to cmi.description" time="0.000031792">
        </testcase>
        <testcase classname="test/cmi/scorm2004_cmi.spec.ts" name="SCORM 2004 CMI Tests &gt; CMI Spec Tests &gt; CMIObjectivesObject Tests &gt; Field: cmi.description &gt; Should successfully write &apos;{lang=eng-98-9fhgj}xxxxxxxxxxxxxxxxxxxxxxxxxxxxxxxxxxxxxxxxxxxxxxxxxxxxxxxxxxxxxxxxxxxxxxxxxxxxxxxxxxxxxxxxxxxxxxxxxxxxxxxxxxxxxxxxxxxxxxxxxxxxxxxxxxxxxxxxxxxxxxxxxxxxxxxxxxxxxxxxxxxxxxxxxxxxxxxxxxxxxxxxxxxxxxxxxxxxxxxxxxxxxxxxxxxxxxxxxxxxxxxxxxxxxxxxxxxxxxxxxxxxxxxxxx&apos; to cmi.description" time="0.000033084">
        </testcase>
        <testcase classname="test/cmi/scorm2004_cmi.spec.ts" name="SCORM 2004 CMI Tests &gt; CMI Spec Tests &gt; CMIObjectivesObject Tests &gt; Field: cmi.description &gt; Should successfully write &apos;learner comment&apos; to cmi.description" time="0.000029041">
        </testcase>
        <testcase classname="test/cmi/scorm2004_cmi.spec.ts" name="SCORM 2004 CMI Tests &gt; CMI Spec Tests &gt; CMIObjectivesObject Tests &gt; Field: cmi.description &gt; Should successfully write &apos;learner comment}&apos; to cmi.description" time="0.000028459">
        </testcase>
        <testcase classname="test/cmi/scorm2004_cmi.spec.ts" name="SCORM 2004 CMI Tests &gt; CMI Spec Tests &gt; CMIObjectivesObject Tests &gt; Field: cmi.description &gt; Should successfully write &apos;{lang=i-xx}&apos; to cmi.description" time="0.000028625">
        </testcase>
        <testcase classname="test/cmi/scorm2004_cmi.spec.ts" name="SCORM 2004 CMI Tests &gt; CMI Spec Tests &gt; CMIObjectivesObject Tests &gt; Field: cmi.description &gt; Should successfully write &apos;{lang=i}&apos; to cmi.description" time="0.000028542">
        </testcase>
        <testcase classname="test/cmi/scorm2004_cmi.spec.ts" name="SCORM 2004 CMI Tests &gt; CMI Spec Tests &gt; CMIObjectivesObject Tests &gt; Field: cmi.description &gt; Should successfully write &apos;&apos; to cmi.description" time="0.000028292">
        </testcase>
        <testcase classname="test/cmi/scorm2004_cmi.spec.ts" name="SCORM 2004 CMI Tests &gt; CMI Spec Tests &gt; CMIObjectivesObject Tests &gt; Field: cmi.description &gt; Should fail to write &apos;{lang=i-}&apos; to cmi.description" time="0.000033875">
        </testcase>
        <testcase classname="test/cmi/scorm2004_cmi.spec.ts" name="SCORM 2004 CMI Tests &gt; CMI Spec Tests &gt; CMIObjectivesObject Tests &gt; Field: cmi.description &gt; Should fail to write &apos;{lang=i-x}&apos; to cmi.description" time="0.000035625">
        </testcase>
        <testcase classname="test/cmi/scorm2004_cmi.spec.ts" name="SCORM 2004 CMI Tests &gt; CMI Spec Tests &gt; CMIObjectivesObject Tests &gt; Field: cmi.description &gt; Should fail to write &apos;{lang=eng-98-9fhgj}{ learner comment&apos; to cmi.description" time="0.000032708">
        </testcase>
        <testcase classname="test/cmi/scorm2004_cmi.spec.ts" name="SCORM 2004 CMI Tests &gt; CMI Spec Tests &gt; CMIObjectivesObject Tests &gt; Field: cmi.description &gt; Should fail to write &apos;{learner comment&apos; to cmi.description" time="0.000032333">
        </testcase>
        <testcase classname="test/cmi/scorm2004_cmi.spec.ts" name="SCORM 2004 CMI Tests &gt; CMI Spec Tests &gt; CMIObjectivesObject Tests &gt; Field: cmi.description &gt; Should fail to write &apos;{lang=eng-98-9fhgj}xxxxxxxxxxxxxxxxxxxxxxxxxxxxxxxxxxxxxxxxxxxxxxxxxxxxxxxxxxxxxxxxxxxxxxxxxxxxxxxxxxxxxxxxxxxxxxxxxxxxxxxxxxxxxxxxxxxxxxxxxxxxxxxxxxxxxxxxxxxxxxxxxxxxxxxxxxxxxxxxxxxxxxxxxxxxxxxxxxxxxxxxxxxxxxxxxxxxxxxxxxxxxxxxxxxxxxxxxxxxxxxxxxxxxxxxxxxxxxxxxxxxxxxxxxx&apos; to cmi.description" time="0.000034459">
        </testcase>
        <testcase classname="test/cmi/scorm2004_cmi.spec.ts" name="SCORM 2004 CMI Tests &gt; CMI Spec Tests &gt; CMIObjectivesObject Tests &gt; Field: cmi.description &gt; Should fail to write &apos;{lang=eng-98-9fhgj}{xxxxxxxxxxxxxxxxxxxxxxxxxxxxxxxxxxxxxxxxxxxxxxxxxxxxxxxxxxxxxxxxxxxxxxxxxxxxxxxxxxxxxxxxxxxxxxxxxxxxxxxxxxxxxxxxxxxxxxxxxxxxxxxxxxxxxxxxxxxxxxxxxxxxxxxxxxxxxxxxxxxxxxxxxxxxxxxxxxxxxxxxxxxxxxxxxxxxxxxxxxxxxxxxxxxxxxxxxxxxxxxxxxxxxxxxxxxxxxxxxxxxxxxxx&apos; to cmi.description" time="0.000033625">
        </testcase>
        <testcase classname="test/cmi/scorm2004_cmi.spec.ts" name="SCORM 2004 CMI Tests &gt; CMI Spec Tests &gt; CMIObjectivesObject Tests &gt; Field: cmi.score._children &gt; Should be able to read from cmi.score._children" time="0.000022667">
        </testcase>
        <testcase classname="test/cmi/scorm2004_cmi.spec.ts" name="SCORM 2004 CMI Tests &gt; CMI Spec Tests &gt; CMIObjectivesObject Tests &gt; Field: cmi.score._children &gt; Should fail to write to cmi.score._children" time="0.000048667">
        </testcase>
        <testcase classname="test/cmi/scorm2004_cmi.spec.ts" name="SCORM 2004 CMI Tests &gt; CMI Spec Tests &gt; CMIObjectivesObject Tests &gt; Field: cmi.score.scaled &gt; Should successfully write &apos;1&apos; to cmi.score.scaled" time="0.0000295">
        </testcase>
        <testcase classname="test/cmi/scorm2004_cmi.spec.ts" name="SCORM 2004 CMI Tests &gt; CMI Spec Tests &gt; CMIObjectivesObject Tests &gt; Field: cmi.score.scaled &gt; Should successfully write &apos;0.5&apos; to cmi.score.scaled" time="0.000026791">
        </testcase>
        <testcase classname="test/cmi/scorm2004_cmi.spec.ts" name="SCORM 2004 CMI Tests &gt; CMI Spec Tests &gt; CMIObjectivesObject Tests &gt; Field: cmi.score.scaled &gt; Should successfully write &apos;0&apos; to cmi.score.scaled" time="0.000024959">
        </testcase>
        <testcase classname="test/cmi/scorm2004_cmi.spec.ts" name="SCORM 2004 CMI Tests &gt; CMI Spec Tests &gt; CMIObjectivesObject Tests &gt; Field: cmi.score.scaled &gt; Should successfully write &apos;-0.5&apos; to cmi.score.scaled" time="0.000024875">
        </testcase>
        <testcase classname="test/cmi/scorm2004_cmi.spec.ts" name="SCORM 2004 CMI Tests &gt; CMI Spec Tests &gt; CMIObjectivesObject Tests &gt; Field: cmi.score.scaled &gt; Should successfully write &apos;-1&apos; to cmi.score.scaled" time="0.000024625">
        </testcase>
        <testcase classname="test/cmi/scorm2004_cmi.spec.ts" name="SCORM 2004 CMI Tests &gt; CMI Spec Tests &gt; CMIObjectivesObject Tests &gt; Field: cmi.score.scaled &gt; Should fail to write &apos;-101&apos; to cmi.score.scaled" time="0.000030125">
        </testcase>
        <testcase classname="test/cmi/scorm2004_cmi.spec.ts" name="SCORM 2004 CMI Tests &gt; CMI Spec Tests &gt; CMIObjectivesObject Tests &gt; Field: cmi.score.scaled &gt; Should fail to write &apos;25.1&apos; to cmi.score.scaled" time="0.000029708">
        </testcase>
        <testcase classname="test/cmi/scorm2004_cmi.spec.ts" name="SCORM 2004 CMI Tests &gt; CMI Spec Tests &gt; CMIObjectivesObject Tests &gt; Field: cmi.score.scaled &gt; Should fail to write &apos;50.5&apos; to cmi.score.scaled" time="0.000029583">
        </testcase>
        <testcase classname="test/cmi/scorm2004_cmi.spec.ts" name="SCORM 2004 CMI Tests &gt; CMI Spec Tests &gt; CMIObjectivesObject Tests &gt; Field: cmi.score.scaled &gt; Should fail to write &apos;75&apos; to cmi.score.scaled" time="0.000028583">
        </testcase>
        <testcase classname="test/cmi/scorm2004_cmi.spec.ts" name="SCORM 2004 CMI Tests &gt; CMI Spec Tests &gt; CMIObjectivesObject Tests &gt; Field: cmi.score.scaled &gt; Should fail to write &apos;100&apos; to cmi.score.scaled" time="0.000028709">
        </testcase>
        <testcase classname="test/cmi/scorm2004_cmi.spec.ts" name="SCORM 2004 CMI Tests &gt; CMI Spec Tests &gt; CMIObjectivesObject Tests &gt; Field: cmi.score.raw &gt; Should successfully write &apos;1&apos; to cmi.score.raw" time="0.000027834">
        </testcase>
        <testcase classname="test/cmi/scorm2004_cmi.spec.ts" name="SCORM 2004 CMI Tests &gt; CMI Spec Tests &gt; CMIObjectivesObject Tests &gt; Field: cmi.score.raw &gt; Should successfully write &apos;50&apos; to cmi.score.raw" time="0.000026083">
        </testcase>
        <testcase classname="test/cmi/scorm2004_cmi.spec.ts" name="SCORM 2004 CMI Tests &gt; CMI Spec Tests &gt; CMIObjectivesObject Tests &gt; Field: cmi.score.raw &gt; Should successfully write &apos;100&apos; to cmi.score.raw" time="0.000024667">
        </testcase>
        <testcase classname="test/cmi/scorm2004_cmi.spec.ts" name="SCORM 2004 CMI Tests &gt; CMI Spec Tests &gt; CMIObjectivesObject Tests &gt; Field: cmi.score.raw &gt; Should successfully write &apos;-10000&apos; to cmi.score.raw" time="0.000024333">
        </testcase>
        <testcase classname="test/cmi/scorm2004_cmi.spec.ts" name="SCORM 2004 CMI Tests &gt; CMI Spec Tests &gt; CMIObjectivesObject Tests &gt; Field: cmi.score.raw &gt; Should successfully write &apos;-1&apos; to cmi.score.raw" time="0.000024041">
        </testcase>
        <testcase classname="test/cmi/scorm2004_cmi.spec.ts" name="SCORM 2004 CMI Tests &gt; CMI Spec Tests &gt; CMIObjectivesObject Tests &gt; Field: cmi.score.raw &gt; Should successfully write &apos;10000&apos; to cmi.score.raw" time="0.000025">
        </testcase>
        <testcase classname="test/cmi/scorm2004_cmi.spec.ts" name="SCORM 2004 CMI Tests &gt; CMI Spec Tests &gt; CMIObjectivesObject Tests &gt; Field: cmi.score.raw &gt; Should fail to write &apos;invalid&apos; to cmi.score.raw" time="0.0000305">
        </testcase>
        <testcase classname="test/cmi/scorm2004_cmi.spec.ts" name="SCORM 2004 CMI Tests &gt; CMI Spec Tests &gt; CMIObjectivesObject Tests &gt; Field: cmi.score.raw &gt; Should fail to write &apos;a100&apos; to cmi.score.raw" time="0.000029083">
        </testcase>
        <testcase classname="test/cmi/scorm2004_cmi.spec.ts" name="SCORM 2004 CMI Tests &gt; CMI Spec Tests &gt; CMIObjectivesObject Tests &gt; Field: cmi.score.raw &gt; Should fail to write &apos;-100000&apos; to cmi.score.raw" time="0.000032875">
        </testcase>
        <testcase classname="test/cmi/scorm2004_cmi.spec.ts" name="SCORM 2004 CMI Tests &gt; CMI Spec Tests &gt; CMIObjectivesObject Tests &gt; Field: cmi.score.raw &gt; Should fail to write &apos;100000&apos; to cmi.score.raw" time="0.000029042">
        </testcase>
        <testcase classname="test/cmi/scorm2004_cmi.spec.ts" name="SCORM 2004 CMI Tests &gt; CMI Spec Tests &gt; CMIObjectivesObject Tests &gt; Field: cmi.score.min &gt; Should successfully write &apos;1&apos; to cmi.score.min" time="0.000024416">
        </testcase>
        <testcase classname="test/cmi/scorm2004_cmi.spec.ts" name="SCORM 2004 CMI Tests &gt; CMI Spec Tests &gt; CMIObjectivesObject Tests &gt; Field: cmi.score.min &gt; Should successfully write &apos;50&apos; to cmi.score.min" time="0.00002425">
        </testcase>
        <testcase classname="test/cmi/scorm2004_cmi.spec.ts" name="SCORM 2004 CMI Tests &gt; CMI Spec Tests &gt; CMIObjectivesObject Tests &gt; Field: cmi.score.min &gt; Should successfully write &apos;100&apos; to cmi.score.min" time="0.000025">
        </testcase>
        <testcase classname="test/cmi/scorm2004_cmi.spec.ts" name="SCORM 2004 CMI Tests &gt; CMI Spec Tests &gt; CMIObjectivesObject Tests &gt; Field: cmi.score.min &gt; Should successfully write &apos;-10000&apos; to cmi.score.min" time="0.000024166">
        </testcase>
        <testcase classname="test/cmi/scorm2004_cmi.spec.ts" name="SCORM 2004 CMI Tests &gt; CMI Spec Tests &gt; CMIObjectivesObject Tests &gt; Field: cmi.score.min &gt; Should successfully write &apos;-1&apos; to cmi.score.min" time="0.000023875">
        </testcase>
        <testcase classname="test/cmi/scorm2004_cmi.spec.ts" name="SCORM 2004 CMI Tests &gt; CMI Spec Tests &gt; CMIObjectivesObject Tests &gt; Field: cmi.score.min &gt; Should successfully write &apos;10000&apos; to cmi.score.min" time="0.000023584">
        </testcase>
        <testcase classname="test/cmi/scorm2004_cmi.spec.ts" name="SCORM 2004 CMI Tests &gt; CMI Spec Tests &gt; CMIObjectivesObject Tests &gt; Field: cmi.score.min &gt; Should fail to write &apos;invalid&apos; to cmi.score.min" time="0.000028125">
        </testcase>
        <testcase classname="test/cmi/scorm2004_cmi.spec.ts" name="SCORM 2004 CMI Tests &gt; CMI Spec Tests &gt; CMIObjectivesObject Tests &gt; Field: cmi.score.min &gt; Should fail to write &apos;a100&apos; to cmi.score.min" time="0.000027916">
        </testcase>
        <testcase classname="test/cmi/scorm2004_cmi.spec.ts" name="SCORM 2004 CMI Tests &gt; CMI Spec Tests &gt; CMIObjectivesObject Tests &gt; Field: cmi.score.min &gt; Should fail to write &apos;-100000&apos; to cmi.score.min" time="0.00002875">
        </testcase>
        <testcase classname="test/cmi/scorm2004_cmi.spec.ts" name="SCORM 2004 CMI Tests &gt; CMI Spec Tests &gt; CMIObjectivesObject Tests &gt; Field: cmi.score.min &gt; Should fail to write &apos;100000&apos; to cmi.score.min" time="0.000028583">
        </testcase>
        <testcase classname="test/cmi/scorm2004_cmi.spec.ts" name="SCORM 2004 CMI Tests &gt; CMI Spec Tests &gt; CMIObjectivesObject Tests &gt; Field: cmi.score.max &gt; Should successfully write &apos;1&apos; to cmi.score.max" time="0.000024792">
        </testcase>
        <testcase classname="test/cmi/scorm2004_cmi.spec.ts" name="SCORM 2004 CMI Tests &gt; CMI Spec Tests &gt; CMIObjectivesObject Tests &gt; Field: cmi.score.max &gt; Should successfully write &apos;50&apos; to cmi.score.max" time="0.000023667">
        </testcase>
        <testcase classname="test/cmi/scorm2004_cmi.spec.ts" name="SCORM 2004 CMI Tests &gt; CMI Spec Tests &gt; CMIObjectivesObject Tests &gt; Field: cmi.score.max &gt; Should successfully write &apos;100&apos; to cmi.score.max" time="0.000023834">
        </testcase>
        <testcase classname="test/cmi/scorm2004_cmi.spec.ts" name="SCORM 2004 CMI Tests &gt; CMI Spec Tests &gt; CMIObjectivesObject Tests &gt; Field: cmi.score.max &gt; Should successfully write &apos;-10000&apos; to cmi.score.max" time="0.000023583">
        </testcase>
        <testcase classname="test/cmi/scorm2004_cmi.spec.ts" name="SCORM 2004 CMI Tests &gt; CMI Spec Tests &gt; CMIObjectivesObject Tests &gt; Field: cmi.score.max &gt; Should successfully write &apos;-1&apos; to cmi.score.max" time="0.000023541">
        </testcase>
        <testcase classname="test/cmi/scorm2004_cmi.spec.ts" name="SCORM 2004 CMI Tests &gt; CMI Spec Tests &gt; CMIObjectivesObject Tests &gt; Field: cmi.score.max &gt; Should successfully write &apos;10000&apos; to cmi.score.max" time="0.000024042">
        </testcase>
        <testcase classname="test/cmi/scorm2004_cmi.spec.ts" name="SCORM 2004 CMI Tests &gt; CMI Spec Tests &gt; CMIObjectivesObject Tests &gt; Field: cmi.score.max &gt; Should fail to write &apos;invalid&apos; to cmi.score.max" time="0.000029083">
        </testcase>
        <testcase classname="test/cmi/scorm2004_cmi.spec.ts" name="SCORM 2004 CMI Tests &gt; CMI Spec Tests &gt; CMIObjectivesObject Tests &gt; Field: cmi.score.max &gt; Should fail to write &apos;a100&apos; to cmi.score.max" time="0.00002925">
        </testcase>
        <testcase classname="test/cmi/scorm2004_cmi.spec.ts" name="SCORM 2004 CMI Tests &gt; CMI Spec Tests &gt; CMIObjectivesObject Tests &gt; Field: cmi.score.max &gt; Should fail to write &apos;-100000&apos; to cmi.score.max" time="0.000030458">
        </testcase>
        <testcase classname="test/cmi/scorm2004_cmi.spec.ts" name="SCORM 2004 CMI Tests &gt; CMI Spec Tests &gt; CMIObjectivesObject Tests &gt; Field: cmi.score.max &gt; Should fail to write &apos;100000&apos; to cmi.score.max" time="0.000028458">
        </testcase>
        <testcase classname="test/cmi/scorm2004_cmi.spec.ts" name="SCORM 2004 CMI Tests &gt; CMI Spec Tests &gt; CMIObjectivesObject Tests &gt; should export JSON" time="0.000047334">
        </testcase>
        <testcase classname="test/cmi/scorm2004_cmi.spec.ts" name="SCORM 2004 CMI Tests &gt; CMI Spec Tests &gt; CMIInteractionsObjectivesObject Tests &gt; Field: cmi.id &gt; Should be able to read from cmi.id" time="0.000018375">
        </testcase>
        <testcase classname="test/cmi/scorm2004_cmi.spec.ts" name="SCORM 2004 CMI Tests &gt; CMI Spec Tests &gt; CMIInteractionsObjectivesObject Tests &gt; Field: cmi.id &gt; Should successfully write to cmi.id" time="0.000036333">
        </testcase>
        <testcase classname="test/cmi/scorm2004_cmi.spec.ts" name="SCORM 2004 CMI Tests &gt; CMI Spec Tests &gt; CMIInteractionsObjectivesObject Tests &gt; should export JSON" time="0.000027208">
        </testcase>
        <testcase classname="test/cmi/scorm2004_cmi.spec.ts" name="SCORM 2004 CMI Tests &gt; CMI Spec Tests &gt; CMIInteractionsCorrectResponsesObject Tests &gt; Field: cmi.pattern &gt; Should be able to read from cmi.pattern" time="0.000021833">
        </testcase>
        <testcase classname="test/cmi/scorm2004_cmi.spec.ts" name="SCORM 2004 CMI Tests &gt; CMI Spec Tests &gt; CMIInteractionsCorrectResponsesObject Tests &gt; Field: cmi.pattern &gt; Should successfully write to cmi.pattern" time="0.000067709">
        </testcase>
        <testcase classname="test/cmi/scorm2004_cmi.spec.ts" name="SCORM 2004 CMI Tests &gt; CMI Spec Tests &gt; CMIInteractionsCorrectResponsesObject Tests &gt; should export JSON" time="0.000025834">
        </testcase>
        <testcase classname="test/cmi/scorm2004_cmi.spec.ts" name="SCORM 2004 CMI Tests &gt; CMI Spec Tests &gt; ADL Tests &gt; ADLNav Tests &gt; Field: cmi.nav.request &gt; Should be able to read from cmi.nav.request" time="0.000026791">
        </testcase>
        <testcase classname="test/cmi/scorm2004_cmi.spec.ts" name="SCORM 2004 CMI Tests &gt; CMI Spec Tests &gt; ADL Tests &gt; ADLNav Tests &gt; Field: cmi.nav.request &gt; Should successfully write &apos;previous&apos; to cmi.nav.request" time="0.000096209">
        </testcase>
        <testcase classname="test/cmi/scorm2004_cmi.spec.ts" name="SCORM 2004 CMI Tests &gt; CMI Spec Tests &gt; ADL Tests &gt; ADLNav Tests &gt; Field: cmi.nav.request &gt; Should successfully write &apos;continue&apos; to cmi.nav.request" time="0.000076875">
        </testcase>
        <testcase classname="test/cmi/scorm2004_cmi.spec.ts" name="SCORM 2004 CMI Tests &gt; CMI Spec Tests &gt; ADL Tests &gt; ADLNav Tests &gt; Field: cmi.nav.request &gt; Should successfully write &apos;exit&apos; to cmi.nav.request" time="0.000032625">
        </testcase>
        <testcase classname="test/cmi/scorm2004_cmi.spec.ts" name="SCORM 2004 CMI Tests &gt; CMI Spec Tests &gt; ADL Tests &gt; ADLNav Tests &gt; Field: cmi.nav.request &gt; Should successfully write &apos;exitAll&apos; to cmi.nav.request" time="0.000029167">
        </testcase>
        <testcase classname="test/cmi/scorm2004_cmi.spec.ts" name="SCORM 2004 CMI Tests &gt; CMI Spec Tests &gt; ADL Tests &gt; ADLNav Tests &gt; Field: cmi.nav.request &gt; Should successfully write &apos;abandon&apos; to cmi.nav.request" time="0.000028833">
        </testcase>
        <testcase classname="test/cmi/scorm2004_cmi.spec.ts" name="SCORM 2004 CMI Tests &gt; CMI Spec Tests &gt; ADL Tests &gt; ADLNav Tests &gt; Field: cmi.nav.request &gt; Should successfully write &apos;abandonAll&apos; to cmi.nav.request" time="0.00003075">
        </testcase>
        <testcase classname="test/cmi/scorm2004_cmi.spec.ts" name="SCORM 2004 CMI Tests &gt; CMI Spec Tests &gt; ADL Tests &gt; ADLNav Tests &gt; Field: cmi.nav.request &gt; Should successfully write &apos;suspendAll&apos; to cmi.nav.request" time="0.000030333">
        </testcase>
        <testcase classname="test/cmi/scorm2004_cmi.spec.ts" name="SCORM 2004 CMI Tests &gt; CMI Spec Tests &gt; ADL Tests &gt; ADLNav Tests &gt; Field: cmi.nav.request &gt; Should fail to write &apos;close&apos; to cmi.nav.request" time="0.000034334">
        </testcase>
        <testcase classname="test/cmi/scorm2004_cmi.spec.ts" name="SCORM 2004 CMI Tests &gt; CMI Spec Tests &gt; ADL Tests &gt; ADLNav Tests &gt; Field: cmi.nav.request &gt; Should fail to write &apos;quit&apos; to cmi.nav.request" time="0.000032458">
        </testcase>
        <testcase classname="test/cmi/scorm2004_cmi.spec.ts" name="SCORM 2004 CMI Tests &gt; CMI Spec Tests &gt; ADL Tests &gt; ADLNav Tests &gt; Field: cmi.nav.request &gt; Should fail to write &apos;next&apos; to cmi.nav.request" time="0.000032083">
        </testcase>
        <testcase classname="test/cmi/scorm2004_cmi.spec.ts" name="SCORM 2004 CMI Tests &gt; CMI Spec Tests &gt; ADL Tests &gt; ADLNav Tests &gt; Field: cmi.nav.request &gt; Should fail to write &apos;before&apos; to cmi.nav.request" time="0.000035209">
        </testcase>
        <testcase classname="test/cmi/scorm2004_cmi.spec.ts" name="SCORM 2004 CMI Tests &gt; CMI Spec Tests &gt; ADL Tests &gt; ADLNav Tests &gt; should export JSON" time="0.00005925">
        </testcase>
    </testsuite>
    <testsuite name="test/cmi/scorm2004_cmi_reset.spec.ts" timestamp="2025-05-05T03:40:25.058Z" hostname="jonathans-macbook-pro-2.mara-rohu.ts.net" tests="5" failures="0" errors="0" skipped="0" time="0.002223917">
        <testcase classname="test/cmi/scorm2004_cmi_reset.spec.ts" name="SCORM 2004 CMI Reset Tests &gt; reset() &gt; should reset the initialized flag to false" time="0.000934875">
        </testcase>
        <testcase classname="test/cmi/scorm2004_cmi_reset.spec.ts" name="SCORM 2004 CMI Reset Tests &gt; reset() &gt; should keep learner information but reset status information" time="0.000385375">
        </testcase>
        <testcase classname="test/cmi/scorm2004_cmi_reset.spec.ts" name="SCORM 2004 CMI Reset Tests &gt; reset() &gt; should reset learner preference values" time="0.000213875">
        </testcase>
        <testcase classname="test/cmi/scorm2004_cmi_reset.spec.ts" name="SCORM 2004 CMI Reset Tests &gt; reset() &gt; should reset collections to empty arrays" time="0.000108542">
        </testcase>
        <testcase classname="test/cmi/scorm2004_cmi_reset.spec.ts" name="SCORM 2004 CMI Reset Tests &gt; reset() &gt; should reset objectives and interactions arrays" time="0.000076375">
        </testcase>
    </testsuite>
    <testsuite name="test/cmi/scorm2004_comments.spec.ts" timestamp="2025-05-05T03:40:25.058Z" hostname="jonathans-macbook-pro-2.mara-rohu.ts.net" tests="19" failures="0" errors="0" skipped="0" time="0.00387925">
        <testcase classname="test/cmi/scorm2004_comments.spec.ts" name="SCORM 2004 Comments Tests &gt; CMICommentsFromLearner Tests &gt; Initialization Tests &gt; should initialize with default values" time="0.00082775">
        </testcase>
        <testcase classname="test/cmi/scorm2004_comments.spec.ts" name="SCORM 2004 Comments Tests &gt; CMICommentsFromLearner Tests &gt; Initialization Tests &gt; should have read-only _children property" time="0.000427583">
        </testcase>
        <testcase classname="test/cmi/scorm2004_comments.spec.ts" name="SCORM 2004 Comments Tests &gt; CMICommentsFromLearner Tests &gt; Array Operations &gt; should add and retrieve comment objects" time="0.00032575">
        </testcase>
        <testcase classname="test/cmi/scorm2004_comments.spec.ts" name="SCORM 2004 Comments Tests &gt; CMICommentsFromLearner Tests &gt; JSON Serialization &gt; should serialize to JSON correctly" time="0.000135583">
        </testcase>
        <testcase classname="test/cmi/scorm2004_comments.spec.ts" name="SCORM 2004 Comments Tests &gt; CMICommentsFromLMS Tests &gt; Initialization Tests &gt; should initialize with default values" time="0.000056916">
        </testcase>
        <testcase classname="test/cmi/scorm2004_comments.spec.ts" name="SCORM 2004 Comments Tests &gt; CMICommentsFromLMS Tests &gt; Initialization Tests &gt; should have read-only _children property" time="0.00008525">
        </testcase>
        <testcase classname="test/cmi/scorm2004_comments.spec.ts" name="SCORM 2004 Comments Tests &gt; CMICommentsFromLMS Tests &gt; Array Operations &gt; should add and retrieve comment objects" time="0.000158458">
        </testcase>
        <testcase classname="test/cmi/scorm2004_comments.spec.ts" name="SCORM 2004 Comments Tests &gt; CMICommentsFromLMS Tests &gt; JSON Serialization &gt; should serialize to JSON correctly" time="0.000122291">
        </testcase>
        <testcase classname="test/cmi/scorm2004_comments.spec.ts" name="SCORM 2004 Comments Tests &gt; CMICommentsObject Tests &gt; Initialization Tests &gt; should initialize with default values" time="0.000098542">
        </testcase>
        <testcase classname="test/cmi/scorm2004_comments.spec.ts" name="SCORM 2004 Comments Tests &gt; CMICommentsObject Tests &gt; Property Tests &gt; comment &gt; should set and get comment" time="0.000059625">
        </testcase>
        <testcase classname="test/cmi/scorm2004_comments.spec.ts" name="SCORM 2004 Comments Tests &gt; CMICommentsObject Tests &gt; Property Tests &gt; comment &gt; should reject invalid comment values" time="0.00013625">
        </testcase>
        <testcase classname="test/cmi/scorm2004_comments.spec.ts" name="SCORM 2004 Comments Tests &gt; CMICommentsObject Tests &gt; Property Tests &gt; comment &gt; should reject modifications after initialization when readOnlyAfterInit is true" time="0.00007275">
        </testcase>
        <testcase classname="test/cmi/scorm2004_comments.spec.ts" name="SCORM 2004 Comments Tests &gt; CMICommentsObject Tests &gt; Property Tests &gt; location &gt; should set and get location" time="0.000063209">
        </testcase>
        <testcase classname="test/cmi/scorm2004_comments.spec.ts" name="SCORM 2004 Comments Tests &gt; CMICommentsObject Tests &gt; Property Tests &gt; location &gt; should reject invalid location values" time="0.000178792">
        </testcase>
        <testcase classname="test/cmi/scorm2004_comments.spec.ts" name="SCORM 2004 Comments Tests &gt; CMICommentsObject Tests &gt; Property Tests &gt; location &gt; should reject modifications after initialization when readOnlyAfterInit is true" time="0.00007075">
        </testcase>
        <testcase classname="test/cmi/scorm2004_comments.spec.ts" name="SCORM 2004 Comments Tests &gt; CMICommentsObject Tests &gt; Property Tests &gt; timestamp &gt; should set and get timestamp" time="0.0001165">
        </testcase>
        <testcase classname="test/cmi/scorm2004_comments.spec.ts" name="SCORM 2004 Comments Tests &gt; CMICommentsObject Tests &gt; Property Tests &gt; timestamp &gt; should reject invalid timestamp values" time="0.000059792">
        </testcase>
        <testcase classname="test/cmi/scorm2004_comments.spec.ts" name="SCORM 2004 Comments Tests &gt; CMICommentsObject Tests &gt; Property Tests &gt; timestamp &gt; should reject modifications after initialization when readOnlyAfterInit is true" time="0.000054">
        </testcase>
        <testcase classname="test/cmi/scorm2004_comments.spec.ts" name="SCORM 2004 Comments Tests &gt; CMICommentsObject Tests &gt; JSON Serialization &gt; should serialize to JSON correctly" time="0.000056917">
        </testcase>
    </testsuite>
    <testsuite name="test/cmi/scorm2004_components.spec.ts" timestamp="2025-05-05T03:40:25.059Z" hostname="jonathans-macbook-pro-2.mara-rohu.ts.net" tests="33" failures="0" errors="0" skipped="0" time="0.004384125">
        <testcase classname="test/cmi/scorm2004_components.spec.ts" name="SCORM 2004 Component Tests &gt; CMIContent Tests &gt; should initialize with default values" time="0.000586292">
        </testcase>
        <testcase classname="test/cmi/scorm2004_components.spec.ts" name="SCORM 2004 Component Tests &gt; CMIContent Tests &gt; should reset to default values" time="0.000232875">
        </testcase>
        <testcase classname="test/cmi/scorm2004_components.spec.ts" name="SCORM 2004 Component Tests &gt; CMIContent Tests &gt; should set and get location" time="0.000111375">
        </testcase>
        <testcase classname="test/cmi/scorm2004_components.spec.ts" name="SCORM 2004 Component Tests &gt; CMIContent Tests &gt; should set and get suspend_data" time="0.000056959">
        </testcase>
        <testcase classname="test/cmi/scorm2004_components.spec.ts" name="SCORM 2004 Component Tests &gt; CMIContent Tests &gt; should set and get launch_data" time="0.000046625">
        </testcase>
        <testcase classname="test/cmi/scorm2004_components.spec.ts" name="SCORM 2004 Component Tests &gt; CMILearner Tests &gt; should initialize with default values" time="0.000072417">
        </testcase>
        <testcase classname="test/cmi/scorm2004_components.spec.ts" name="SCORM 2004 Component Tests &gt; CMILearner Tests &gt; should reset to default values" time="0.000064625">
        </testcase>
        <testcase classname="test/cmi/scorm2004_components.spec.ts" name="SCORM 2004 Component Tests &gt; CMILearner Tests &gt; should set and get learner_id" time="0.000034666">
        </testcase>
        <testcase classname="test/cmi/scorm2004_components.spec.ts" name="SCORM 2004 Component Tests &gt; CMILearner Tests &gt; should set and get learner_name" time="0.000043584">
        </testcase>
        <testcase classname="test/cmi/scorm2004_components.spec.ts" name="SCORM 2004 Component Tests &gt; CMIMetadata Tests &gt; should initialize with default values" time="0.000136292">
        </testcase>
        <testcase classname="test/cmi/scorm2004_components.spec.ts" name="SCORM 2004 Component Tests &gt; CMIMetadata Tests &gt; should reset to default values" time="0.000048125">
        </testcase>
        <testcase classname="test/cmi/scorm2004_components.spec.ts" name="SCORM 2004 Component Tests &gt; CMISession Tests &gt; should initialize with default values" time="0.000060542">
        </testcase>
        <testcase classname="test/cmi/scorm2004_components.spec.ts" name="SCORM 2004 Component Tests &gt; CMISession Tests &gt; should reset to default values" time="0.000145125">
        </testcase>
        <testcase classname="test/cmi/scorm2004_components.spec.ts" name="SCORM 2004 Component Tests &gt; CMISession Tests &gt; should set and get entry" time="0.000215375">
        </testcase>
        <testcase classname="test/cmi/scorm2004_components.spec.ts" name="SCORM 2004 Component Tests &gt; CMISession Tests &gt; should set exit without error" time="0.000347292">
        </testcase>
        <testcase classname="test/cmi/scorm2004_components.spec.ts" name="SCORM 2004 Component Tests &gt; CMISession Tests &gt; should set session_time without error" time="0.000105833">
        </testcase>
        <testcase classname="test/cmi/scorm2004_components.spec.ts" name="SCORM 2004 Component Tests &gt; CMISession Tests &gt; should set and get total_time" time="0.000040334">
        </testcase>
        <testcase classname="test/cmi/scorm2004_components.spec.ts" name="SCORM 2004 Component Tests &gt; CMISession Tests &gt; should calculate current total time" time="0.000205125">
        </testcase>
        <testcase classname="test/cmi/scorm2004_components.spec.ts" name="SCORM 2004 Component Tests &gt; CMISettings Tests &gt; should initialize with default values" time="0.000133625">
        </testcase>
        <testcase classname="test/cmi/scorm2004_components.spec.ts" name="SCORM 2004 Component Tests &gt; CMISettings Tests &gt; should reset to default values" time="0.000315208">
        </testcase>
        <testcase classname="test/cmi/scorm2004_components.spec.ts" name="SCORM 2004 Component Tests &gt; CMISettings Tests &gt; should set and get credit" time="0.000028959">
        </testcase>
        <testcase classname="test/cmi/scorm2004_components.spec.ts" name="SCORM 2004 Component Tests &gt; CMISettings Tests &gt; should set and get mode" time="0.000025209">
        </testcase>
        <testcase classname="test/cmi/scorm2004_components.spec.ts" name="SCORM 2004 Component Tests &gt; CMISettings Tests &gt; should set and get max_time_allowed" time="0.000026791">
        </testcase>
        <testcase classname="test/cmi/scorm2004_components.spec.ts" name="SCORM 2004 Component Tests &gt; CMISettings Tests &gt; should set and get time_limit_action" time="0.000024291">
        </testcase>
        <testcase classname="test/cmi/scorm2004_components.spec.ts" name="SCORM 2004 Component Tests &gt; CMIStatus Tests &gt; should initialize with default values" time="0.000073167">
        </testcase>
        <testcase classname="test/cmi/scorm2004_components.spec.ts" name="SCORM 2004 Component Tests &gt; CMIStatus Tests &gt; should reset to default values" time="0.00016575">
        </testcase>
        <testcase classname="test/cmi/scorm2004_components.spec.ts" name="SCORM 2004 Component Tests &gt; CMIStatus Tests &gt; should set and get completion_status" time="0.00002925">
        </testcase>
        <testcase classname="test/cmi/scorm2004_components.spec.ts" name="SCORM 2004 Component Tests &gt; CMIStatus Tests &gt; should set and get progress_measure" time="0.0000275">
        </testcase>
        <testcase classname="test/cmi/scorm2004_components.spec.ts" name="SCORM 2004 Component Tests &gt; CMIStatus Tests &gt; should set and get success_status" time="0.000025875">
        </testcase>
        <testcase classname="test/cmi/scorm2004_components.spec.ts" name="SCORM 2004 Component Tests &gt; CMIThresholds Tests &gt; should initialize with default values" time="0.000050667">
        </testcase>
        <testcase classname="test/cmi/scorm2004_components.spec.ts" name="SCORM 2004 Component Tests &gt; CMIThresholds Tests &gt; should reset to default values" time="0.000067291">
        </testcase>
        <testcase classname="test/cmi/scorm2004_components.spec.ts" name="SCORM 2004 Component Tests &gt; CMIThresholds Tests &gt; should set and get completion_threshold" time="0.0000245">
        </testcase>
        <testcase classname="test/cmi/scorm2004_components.spec.ts" name="SCORM 2004 Component Tests &gt; CMIThresholds Tests &gt; should set and get scaled_passing_score" time="0.000025917">
        </testcase>
    </testsuite>
    <testsuite name="test/cmi/scorm2004_content.spec.ts" timestamp="2025-05-05T03:40:25.060Z" hostname="jonathans-macbook-pro-2.mara-rohu.ts.net" tests="8" failures="0" errors="0" skipped="0" time="0.003644792">
        <testcase classname="test/cmi/scorm2004_content.spec.ts" name="SCORM 2004 CMIContent Tests &gt; Initialization Tests &gt; should initialize with default values" time="0.00165175">
        </testcase>
        <testcase classname="test/cmi/scorm2004_content.spec.ts" name="SCORM 2004 CMIContent Tests &gt; Property Tests &gt; location &gt; should set and get location" time="0.0002205">
        </testcase>
        <testcase classname="test/cmi/scorm2004_content.spec.ts" name="SCORM 2004 CMIContent Tests &gt; Property Tests &gt; location &gt; should reject invalid location values" time="0.00038625">
        </testcase>
        <testcase classname="test/cmi/scorm2004_content.spec.ts" name="SCORM 2004 CMIContent Tests &gt; Property Tests &gt; launch_data &gt; should set and get launch_data before initialization" time="0.000051542">
        </testcase>
        <testcase classname="test/cmi/scorm2004_content.spec.ts" name="SCORM 2004 CMIContent Tests &gt; Property Tests &gt; launch_data &gt; should reject modifications to launch_data after initialization" time="0.000281375">
        </testcase>
        <testcase classname="test/cmi/scorm2004_content.spec.ts" name="SCORM 2004 CMIContent Tests &gt; Property Tests &gt; suspend_data &gt; should set and get suspend_data" time="0.000088209">
        </testcase>
        <testcase classname="test/cmi/scorm2004_content.spec.ts" name="SCORM 2004 CMIContent Tests &gt; Property Tests &gt; suspend_data &gt; should reject invalid suspend_data values" time="0.0002695">
        </testcase>
        <testcase classname="test/cmi/scorm2004_content.spec.ts" name="SCORM 2004 CMIContent Tests &gt; Method Tests &gt; reset &gt; should reset properties to default values" time="0.000074708">
        </testcase>
    </testsuite>
    <testsuite name="test/cmi/scorm2004_interactions.spec.ts" timestamp="2025-05-05T03:40:25.060Z" hostname="jonathans-macbook-pro-2.mara-rohu.ts.net" tests="16" failures="0" errors="0" skipped="0" time="0.0038245">
        <testcase classname="test/cmi/scorm2004_interactions.spec.ts" name="SCORM 2004 Interactions Tests &gt; Learner Response Tests &gt; true-false interaction type &gt; should accept &apos;true&apos; as a valid learner response" time="0.001020834">
        </testcase>
        <testcase classname="test/cmi/scorm2004_interactions.spec.ts" name="SCORM 2004 Interactions Tests &gt; Learner Response Tests &gt; true-false interaction type &gt; should accept &apos;false&apos; as a valid learner response" time="0.000121417">
        </testcase>
        <testcase classname="test/cmi/scorm2004_interactions.spec.ts" name="SCORM 2004 Interactions Tests &gt; Learner Response Tests &gt; true-false interaction type &gt; should reject invalid learner responses" time="0.000256958">
        </testcase>
        <testcase classname="test/cmi/scorm2004_interactions.spec.ts" name="SCORM 2004 Interactions Tests &gt; Learner Response Tests &gt; choice interaction type &gt; should accept a single valid choice" time="0.00014475">
        </testcase>
        <testcase classname="test/cmi/scorm2004_interactions.spec.ts" name="SCORM 2004 Interactions Tests &gt; Learner Response Tests &gt; choice interaction type &gt; should accept multiple valid choices" time="0.000129458">
        </testcase>
        <testcase classname="test/cmi/scorm2004_interactions.spec.ts" name="SCORM 2004 Interactions Tests &gt; Learner Response Tests &gt; choice interaction type &gt; should reject duplicate choices" time="0.000079625">
        </testcase>
        <testcase classname="test/cmi/scorm2004_interactions.spec.ts" name="SCORM 2004 Interactions Tests &gt; Learner Response Tests &gt; choice interaction type &gt; should reject too many choices" time="0.000181375">
        </testcase>
        <testcase classname="test/cmi/scorm2004_interactions.spec.ts" name="SCORM 2004 Interactions Tests &gt; Learner Response Tests &gt; fill-in interaction type &gt; should accept a single valid fill-in response" time="0.000116875">
        </testcase>
        <testcase classname="test/cmi/scorm2004_interactions.spec.ts" name="SCORM 2004 Interactions Tests &gt; Learner Response Tests &gt; fill-in interaction type &gt; should accept multiple valid fill-in responses" time="0.000193625">
        </testcase>
        <testcase classname="test/cmi/scorm2004_interactions.spec.ts" name="SCORM 2004 Interactions Tests &gt; Learner Response Tests &gt; fill-in interaction type &gt; should accept duplicate fill-in responses" time="0.000093208">
        </testcase>
        <testcase classname="test/cmi/scorm2004_interactions.spec.ts" name="SCORM 2004 Interactions Tests &gt; Learner Response Tests &gt; fill-in interaction type &gt; should reject too many fill-in responses" time="0.000083791">
        </testcase>
        <testcase classname="test/cmi/scorm2004_interactions.spec.ts" name="SCORM 2004 Interactions Tests &gt; Learner Response Tests &gt; long-fill-in interaction type &gt; should accept a valid long-fill-in response" time="0.000094417">
        </testcase>
        <testcase classname="test/cmi/scorm2004_interactions.spec.ts" name="SCORM 2004 Interactions Tests &gt; Learner Response Tests &gt; long-fill-in interaction type &gt; should reject a response that&apos;s too long" time="0.000101917">
        </testcase>
        <testcase classname="test/cmi/scorm2004_interactions.spec.ts" name="SCORM 2004 Interactions Tests &gt; Learner Response Tests &gt; matching interaction type &gt; should accept a valid matching response" time="0.000250417">
        </testcase>
        <testcase classname="test/cmi/scorm2004_interactions.spec.ts" name="SCORM 2004 Interactions Tests &gt; Learner Response Tests &gt; matching interaction type &gt; should accept multiple valid matching responses" time="0.000078583">
        </testcase>
        <testcase classname="test/cmi/scorm2004_interactions.spec.ts" name="SCORM 2004 Interactions Tests &gt; Learner Response Tests &gt; matching interaction type &gt; should reject invalid matching responses" time="0.000195417">
        </testcase>
    </testsuite>
    <testsuite name="test/cmi/scorm2004_interactions_additional.spec.ts" timestamp="2025-05-05T03:40:25.061Z" hostname="jonathans-macbook-pro-2.mara-rohu.ts.net" tests="59" failures="0" errors="0" skipped="0" time="0.009227083">
        <testcase classname="test/cmi/scorm2004_interactions_additional.spec.ts" name="SCORM 2004 Additional Interactions Tests &gt; Learner Response Tests &gt; performance interaction type &gt; should accept a valid performance response" time="0.001837375">
        </testcase>
        <testcase classname="test/cmi/scorm2004_interactions_additional.spec.ts" name="SCORM 2004 Additional Interactions Tests &gt; Learner Response Tests &gt; performance interaction type &gt; should accept multiple valid performance responses" time="0.00038725">
        </testcase>
        <testcase classname="test/cmi/scorm2004_interactions_additional.spec.ts" name="SCORM 2004 Additional Interactions Tests &gt; Learner Response Tests &gt; performance interaction type &gt; should reject invalid performance responses" time="0.0003115">
        </testcase>
        <testcase classname="test/cmi/scorm2004_interactions_additional.spec.ts" name="SCORM 2004 Additional Interactions Tests &gt; Learner Response Tests &gt; sequencing interaction type &gt; should accept a valid sequencing response" time="0.000148">
        </testcase>
        <testcase classname="test/cmi/scorm2004_interactions_additional.spec.ts" name="SCORM 2004 Additional Interactions Tests &gt; Learner Response Tests &gt; sequencing interaction type &gt; should accept multiple valid sequencing responses" time="0.00015275">
        </testcase>
        <testcase classname="test/cmi/scorm2004_interactions_additional.spec.ts" name="SCORM 2004 Additional Interactions Tests &gt; Learner Response Tests &gt; sequencing interaction type &gt; should reject too many sequencing responses" time="0.000097209">
        </testcase>
        <testcase classname="test/cmi/scorm2004_interactions_additional.spec.ts" name="SCORM 2004 Additional Interactions Tests &gt; Learner Response Tests &gt; likert interaction type &gt; should accept a valid likert response" time="0.000082166">
        </testcase>
        <testcase classname="test/cmi/scorm2004_interactions_additional.spec.ts" name="SCORM 2004 Additional Interactions Tests &gt; Learner Response Tests &gt; likert interaction type &gt; should reject multiple likert responses" time="0.000109792">
        </testcase>
        <testcase classname="test/cmi/scorm2004_interactions_additional.spec.ts" name="SCORM 2004 Additional Interactions Tests &gt; Learner Response Tests &gt; numeric interaction type &gt; should accept a valid numeric response" time="0.00019225">
        </testcase>
        <testcase classname="test/cmi/scorm2004_interactions_additional.spec.ts" name="SCORM 2004 Additional Interactions Tests &gt; Learner Response Tests &gt; numeric interaction type &gt; should accept a valid integer numeric response" time="0.00014525">
        </testcase>
        <testcase classname="test/cmi/scorm2004_interactions_additional.spec.ts" name="SCORM 2004 Additional Interactions Tests &gt; Learner Response Tests &gt; numeric interaction type &gt; should reject multiple numeric responses" time="0.000071583">
        </testcase>
        <testcase classname="test/cmi/scorm2004_interactions_additional.spec.ts" name="SCORM 2004 Additional Interactions Tests &gt; Learner Response Tests &gt; numeric interaction type &gt; should reject invalid numeric responses" time="0.000058167">
        </testcase>
        <testcase classname="test/cmi/scorm2004_interactions_additional.spec.ts" name="SCORM 2004 Additional Interactions Tests &gt; Learner Response Tests &gt; other interaction type &gt; should accept a valid other response" time="0.000075667">
        </testcase>
        <testcase classname="test/cmi/scorm2004_interactions_additional.spec.ts" name="SCORM 2004 Additional Interactions Tests &gt; Learner Response Tests &gt; other interaction type &gt; should reject a response that&apos;s too long" time="0.000207583">
        </testcase>
        <testcase classname="test/cmi/scorm2004_interactions_additional.spec.ts" name="SCORM 2004 Additional Interactions Tests &gt; Correct Response Tests &gt; performance correct response &gt; should accept a valid performance pattern" time="0.000319875">
        </testcase>
        <testcase classname="test/cmi/scorm2004_interactions_additional.spec.ts" name="SCORM 2004 Additional Interactions Tests &gt; Correct Response Tests &gt; performance correct response &gt; should accept multiple valid performance patterns" time="0.000173083">
        </testcase>
        <testcase classname="test/cmi/scorm2004_interactions_additional.spec.ts" name="SCORM 2004 Additional Interactions Tests &gt; Correct Response Tests &gt; performance correct response &gt; should reject empty step names or answers" time="0.000112167">
        </testcase>
        <testcase classname="test/cmi/scorm2004_interactions_additional.spec.ts" name="SCORM 2004 Additional Interactions Tests &gt; Correct Response Tests &gt; performance correct response &gt; should accept identifier answers" time="0.000064791">
        </testcase>
        <testcase classname="test/cmi/scorm2004_interactions_additional.spec.ts" name="SCORM 2004 Additional Interactions Tests &gt; Correct Response Tests &gt; performance correct response &gt; should accept numeric‐range answers" time="0.000062333">
        </testcase>
        <testcase classname="test/cmi/scorm2004_interactions_additional.spec.ts" name="SCORM 2004 Additional Interactions Tests &gt; Correct Response Tests &gt; performance correct response &gt; should accept valid performance patterns" time="0.000082334">
        </testcase>
        <testcase classname="test/cmi/scorm2004_interactions_additional.spec.ts" name="SCORM 2004 Additional Interactions Tests &gt; Correct Response Tests &gt; performance correct response &gt; should reject too many components" time="0.000055667">
        </testcase>
        <testcase classname="test/cmi/scorm2004_interactions_additional.spec.ts" name="SCORM 2004 Additional Interactions Tests &gt; Correct Response Tests &gt; performance correct response &gt; should reject duplicate performance patterns" time="0.000049167">
        </testcase>
        <testcase classname="test/cmi/scorm2004_interactions_additional.spec.ts" name="SCORM 2004 Additional Interactions Tests &gt; Correct Response Tests &gt; numeric correct response &gt; should accept a valid numeric range pattern" time="0.000098583">
        </testcase>
        <testcase classname="test/cmi/scorm2004_interactions_additional.spec.ts" name="SCORM 2004 Additional Interactions Tests &gt; Correct Response Tests &gt; numeric correct response &gt; should accept a valid single numeric pattern" time="0.0001105">
        </testcase>
        <testcase classname="test/cmi/scorm2004_interactions_additional.spec.ts" name="SCORM 2004 Additional Interactions Tests &gt; Correct Response Tests &gt; numeric correct response &gt; should reject invalid numeric patterns" time="0.000138">
        </testcase>
        <testcase classname="test/cmi/scorm2004_interactions_additional.spec.ts" name="SCORM 2004 Additional Interactions Tests &gt; Correct Response Tests &gt; true-false correct response &gt; should accept valid true-false patterns" time="0.000124958">
        </testcase>
        <testcase classname="test/cmi/scorm2004_interactions_additional.spec.ts" name="SCORM 2004 Additional Interactions Tests &gt; Correct Response Tests &gt; true-false correct response &gt; should reject invalid true-false patterns" time="0.000106917">
        </testcase>
        <testcase classname="test/cmi/scorm2004_interactions_additional.spec.ts" name="SCORM 2004 Additional Interactions Tests &gt; Correct Response Tests &gt; true-false correct response &gt; should surface the &apos;limit&apos; property for single-item types" time="0.000031875">
        </testcase>
        <testcase classname="test/cmi/scorm2004_interactions_additional.spec.ts" name="SCORM 2004 Additional Interactions Tests &gt; Correct Response Tests &gt; choice correct response &gt; should accept a valid choice pattern" time="0.000083125">
        </testcase>
        <testcase classname="test/cmi/scorm2004_interactions_additional.spec.ts" name="SCORM 2004 Additional Interactions Tests &gt; Correct Response Tests &gt; choice correct response &gt; should accept multiple valid choice patterns" time="0.000058792">
        </testcase>
        <testcase classname="test/cmi/scorm2004_interactions_additional.spec.ts" name="SCORM 2004 Additional Interactions Tests &gt; Correct Response Tests &gt; choice correct response &gt; should reject too many choices" time="0.000073583">
        </testcase>
        <testcase classname="test/cmi/scorm2004_interactions_additional.spec.ts" name="SCORM 2004 Additional Interactions Tests &gt; Correct Response Tests &gt; choice correct response &gt; should reject duplicate choice patterns" time="0.000048333">
        </testcase>
        <testcase classname="test/cmi/scorm2004_interactions_additional.spec.ts" name="SCORM 2004 Additional Interactions Tests &gt; Correct Response Tests &gt; choice correct response &gt; should reject open-ended lower bound &apos;5:&apos;" time="0.000051292">
        </testcase>
        <testcase classname="test/cmi/scorm2004_interactions_additional.spec.ts" name="SCORM 2004 Additional Interactions Tests &gt; Correct Response Tests &gt; choice correct response &gt; should accept open-ended upper bound &apos;:10&apos;" time="0.000048167">
        </testcase>
        <testcase classname="test/cmi/scorm2004_interactions_additional.spec.ts" name="SCORM 2004 Additional Interactions Tests &gt; Correct Response Tests &gt; choice correct response &gt; should reject patterns with untrimmed whitespace" time="0.000077166">
        </testcase>
        <testcase classname="test/cmi/scorm2004_interactions_additional.spec.ts" name="SCORM 2004 Additional Interactions Tests &gt; Correct Response Tests &gt; fill-in correct response &gt; should accept a valid fill-in pattern" time="0.000088625">
        </testcase>
        <testcase classname="test/cmi/scorm2004_interactions_additional.spec.ts" name="SCORM 2004 Additional Interactions Tests &gt; Correct Response Tests &gt; fill-in correct response &gt; should accept multiple valid fill-in patterns" time="0.0001015">
        </testcase>
        <testcase classname="test/cmi/scorm2004_interactions_additional.spec.ts" name="SCORM 2004 Additional Interactions Tests &gt; Correct Response Tests &gt; fill-in correct response &gt; should accept an empty fill-in pattern" time="0.000052083">
        </testcase>
        <testcase classname="test/cmi/scorm2004_interactions_additional.spec.ts" name="SCORM 2004 Additional Interactions Tests &gt; Correct Response Tests &gt; long-fill-in correct response &gt; should accept a valid long-fill-in pattern" time="0.000084791">
        </testcase>
        <testcase classname="test/cmi/scorm2004_interactions_additional.spec.ts" name="SCORM 2004 Additional Interactions Tests &gt; Correct Response Tests &gt; long-fill-in correct response &gt; should reject multiple long-fill-in patterns" time="0.00005075">
        </testcase>
        <testcase classname="test/cmi/scorm2004_interactions_additional.spec.ts" name="SCORM 2004 Additional Interactions Tests &gt; Correct Response Tests &gt; long-fill-in correct response &gt; should reject a pattern that&apos;s too long" time="0.000092833">
        </testcase>
        <testcase classname="test/cmi/scorm2004_interactions_additional.spec.ts" name="SCORM 2004 Additional Interactions Tests &gt; Correct Response Tests &gt; matching correct response &gt; should accept a valid matching pattern" time="0.000095792">
        </testcase>
        <testcase classname="test/cmi/scorm2004_interactions_additional.spec.ts" name="SCORM 2004 Additional Interactions Tests &gt; Correct Response Tests &gt; matching correct response &gt; should accept multiple valid matching patterns" time="0.000103792">
        </testcase>
        <testcase classname="test/cmi/scorm2004_interactions_additional.spec.ts" name="SCORM 2004 Additional Interactions Tests &gt; Correct Response Tests &gt; matching correct response &gt; should reject invalid matching patterns" time="0.000122541">
        </testcase>
        <testcase classname="test/cmi/scorm2004_interactions_additional.spec.ts" name="SCORM 2004 Additional Interactions Tests &gt; Correct Response Tests &gt; matching correct response &gt; should reject too many matching patterns" time="0.000073667">
        </testcase>
        <testcase classname="test/cmi/scorm2004_interactions_additional.spec.ts" name="SCORM 2004 Additional Interactions Tests &gt; Correct Response Tests &gt; matching correct response &gt; should reject duplicate matching patterns" time="0.000097833">
        </testcase>
        <testcase classname="test/cmi/scorm2004_interactions_additional.spec.ts" name="SCORM 2004 Additional Interactions Tests &gt; Correct Response Tests &gt; matching correct response &gt; should accept escaped commas or dots within identifiers" time="0.000051041">
        </testcase>
        <testcase classname="test/cmi/scorm2004_interactions_additional.spec.ts" name="SCORM 2004 Additional Interactions Tests &gt; Correct Response Tests &gt; sequencing correct response &gt; should accept a valid sequencing pattern" time="0.000053459">
        </testcase>
        <testcase classname="test/cmi/scorm2004_interactions_additional.spec.ts" name="SCORM 2004 Additional Interactions Tests &gt; Correct Response Tests &gt; sequencing correct response &gt; should accept multiple valid sequencing patterns" time="0.000056459">
        </testcase>
        <testcase classname="test/cmi/scorm2004_interactions_additional.spec.ts" name="SCORM 2004 Additional Interactions Tests &gt; Correct Response Tests &gt; sequencing correct response &gt; should reject too many sequencing patterns" time="0.000065916">
        </testcase>
        <testcase classname="test/cmi/scorm2004_interactions_additional.spec.ts" name="SCORM 2004 Additional Interactions Tests &gt; Correct Response Tests &gt; likert correct response &gt; should accept a valid likert pattern" time="0.000051833">
        </testcase>
        <testcase classname="test/cmi/scorm2004_interactions_additional.spec.ts" name="SCORM 2004 Additional Interactions Tests &gt; Correct Response Tests &gt; likert correct response &gt; should reject multiple likert patterns" time="0.000044167">
        </testcase>
        <testcase classname="test/cmi/scorm2004_interactions_additional.spec.ts" name="SCORM 2004 Additional Interactions Tests &gt; Correct Response Tests &gt; other correct response &gt; should accept a valid other pattern" time="0.00005175">
        </testcase>
        <testcase classname="test/cmi/scorm2004_interactions_additional.spec.ts" name="SCORM 2004 Additional Interactions Tests &gt; Correct Response Tests &gt; other correct response &gt; should reject multiple other patterns" time="0.000044">
        </testcase>
        <testcase classname="test/cmi/scorm2004_interactions_additional.spec.ts" name="SCORM 2004 Additional Interactions Tests &gt; Correct Response Tests &gt; reset method for CMIInteractionsCorrectResponsesObject &gt; should reset the pattern to an empty string" time="0.000038625">
        </testcase>
        <testcase classname="test/cmi/scorm2004_interactions_additional.spec.ts" name="SCORM 2004 Additional Interactions Tests &gt; Correct Response Tests &gt; reset method for CMIInteractionsObject &gt; should reset all properties to their default values" time="0.000302459">
        </testcase>
        <testcase classname="test/cmi/scorm2004_interactions_additional.spec.ts" name="SCORM 2004 Additional Interactions Tests &gt; Correct Response Tests &gt; reset method for CMIInteractionsObjectivesObject &gt; should reset the id to an empty string" time="0.000040833">
        </testcase>
        <testcase classname="test/cmi/scorm2004_interactions_additional.spec.ts" name="SCORM 2004 Additional Interactions Tests &gt; Correct Response Tests &gt; toJSON method &gt; should return a JSON object with the pattern" time="0.000330541">
        </testcase>
        <testcase classname="test/cmi/scorm2004_interactions_additional.spec.ts" name="SCORM 2004 Additional Interactions Tests &gt; Correct Response Tests &gt; without parent interaction &gt; should accept any valid pattern format" time="0.000056667">
        </testcase>
    </testsuite>
    <testsuite name="test/cmi/scorm2004_learner.spec.ts" timestamp="2025-05-05T03:40:25.063Z" hostname="jonathans-macbook-pro-2.mara-rohu.ts.net" tests="6" failures="0" errors="0" skipped="0" time="0.001757292">
        <testcase classname="test/cmi/scorm2004_learner.spec.ts" name="SCORM 2004 CMILearner Tests &gt; Initialization Tests &gt; should initialize with default values" time="0.000495209">
        </testcase>
        <testcase classname="test/cmi/scorm2004_learner.spec.ts" name="SCORM 2004 CMILearner Tests &gt; Property Tests &gt; learner_id &gt; should set and get learner_id before initialization" time="0.000066791">
        </testcase>
        <testcase classname="test/cmi/scorm2004_learner.spec.ts" name="SCORM 2004 CMILearner Tests &gt; Property Tests &gt; learner_id &gt; should reject modifications to learner_id after initialization" time="0.000410458">
        </testcase>
        <testcase classname="test/cmi/scorm2004_learner.spec.ts" name="SCORM 2004 CMILearner Tests &gt; Property Tests &gt; learner_name &gt; should set and get learner_name before initialization" time="0.000059292">
        </testcase>
        <testcase classname="test/cmi/scorm2004_learner.spec.ts" name="SCORM 2004 CMILearner Tests &gt; Property Tests &gt; learner_name &gt; should reject modifications to learner_name after initialization" time="0.000122875">
        </testcase>
        <testcase classname="test/cmi/scorm2004_learner.spec.ts" name="SCORM 2004 CMILearner Tests &gt; Method Tests &gt; reset &gt; should reset initialization flag but not properties" time="0.000076125">
        </testcase>
    </testsuite>
    <testsuite name="test/cmi/scorm2004_learner_preference.spec.ts" timestamp="2025-05-05T03:40:25.063Z" hostname="jonathans-macbook-pro-2.mara-rohu.ts.net" tests="12" failures="0" errors="0" skipped="0" time="0.003099833">
        <testcase classname="test/cmi/scorm2004_learner_preference.spec.ts" name="SCORM 2004 CMILearnerPreference Tests &gt; Initialization Tests &gt; should initialize with default values" time="0.000582292">
        </testcase>
        <testcase classname="test/cmi/scorm2004_learner_preference.spec.ts" name="SCORM 2004 CMILearnerPreference Tests &gt; Initialization Tests &gt; should have read-only _children property" time="0.000429917">
        </testcase>
        <testcase classname="test/cmi/scorm2004_learner_preference.spec.ts" name="SCORM 2004 CMILearnerPreference Tests &gt; Reset Tests &gt; should reset to default values" time="0.000341875">
        </testcase>
        <testcase classname="test/cmi/scorm2004_learner_preference.spec.ts" name="SCORM 2004 CMILearnerPreference Tests &gt; Property Tests &gt; audio_level &gt; should set and get audio_level" time="0.000094292">
        </testcase>
        <testcase classname="test/cmi/scorm2004_learner_preference.spec.ts" name="SCORM 2004 CMILearnerPreference Tests &gt; Property Tests &gt; audio_level &gt; should reject invalid audio_level values" time="0.000207375">
        </testcase>
        <testcase classname="test/cmi/scorm2004_learner_preference.spec.ts" name="SCORM 2004 CMILearnerPreference Tests &gt; Property Tests &gt; language &gt; should set and get language" time="0.000116917">
        </testcase>
        <testcase classname="test/cmi/scorm2004_learner_preference.spec.ts" name="SCORM 2004 CMILearnerPreference Tests &gt; Property Tests &gt; language &gt; should reject invalid language values" time="0.000137083">
        </testcase>
        <testcase classname="test/cmi/scorm2004_learner_preference.spec.ts" name="SCORM 2004 CMILearnerPreference Tests &gt; Property Tests &gt; delivery_speed &gt; should set and get delivery_speed" time="0.000083334">
        </testcase>
        <testcase classname="test/cmi/scorm2004_learner_preference.spec.ts" name="SCORM 2004 CMILearnerPreference Tests &gt; Property Tests &gt; delivery_speed &gt; should reject invalid delivery_speed values" time="0.000134959">
        </testcase>
        <testcase classname="test/cmi/scorm2004_learner_preference.spec.ts" name="SCORM 2004 CMILearnerPreference Tests &gt; Property Tests &gt; audio_captioning &gt; should set and get audio_captioning" time="0.000130709">
        </testcase>
        <testcase classname="test/cmi/scorm2004_learner_preference.spec.ts" name="SCORM 2004 CMILearnerPreference Tests &gt; Property Tests &gt; audio_captioning &gt; should reject invalid audio_captioning values" time="0.000133958">
        </testcase>
        <testcase classname="test/cmi/scorm2004_learner_preference.spec.ts" name="SCORM 2004 CMILearnerPreference Tests &gt; JSON Serialization &gt; should serialize to JSON correctly" time="0.000088084">
        </testcase>
    </testsuite>
    <testsuite name="test/cmi/scorm2004_metadata.spec.ts" timestamp="2025-05-05T03:40:25.064Z" hostname="jonathans-macbook-pro-2.mara-rohu.ts.net" tests="6" failures="0" errors="0" skipped="0" time="0.002061042">
        <testcase classname="test/cmi/scorm2004_metadata.spec.ts" name="SCORM 2004 CMIMetadata Tests &gt; Initialization Tests &gt; should initialize with default values" time="0.000528542">
        </testcase>
        <testcase classname="test/cmi/scorm2004_metadata.spec.ts" name="SCORM 2004 CMIMetadata Tests &gt; Property Tests &gt; _version &gt; should get _version" time="0.000060417">
        </testcase>
        <testcase classname="test/cmi/scorm2004_metadata.spec.ts" name="SCORM 2004 CMIMetadata Tests &gt; Property Tests &gt; _version &gt; should reject modifications to _version" time="0.00043475">
        </testcase>
        <testcase classname="test/cmi/scorm2004_metadata.spec.ts" name="SCORM 2004 CMIMetadata Tests &gt; Property Tests &gt; _children &gt; should get _children" time="0.000055208">
        </testcase>
        <testcase classname="test/cmi/scorm2004_metadata.spec.ts" name="SCORM 2004 CMIMetadata Tests &gt; Property Tests &gt; _children &gt; should reject modifications to _children" time="0.000129167">
        </testcase>
        <testcase classname="test/cmi/scorm2004_metadata.spec.ts" name="SCORM 2004 CMIMetadata Tests &gt; Method Tests &gt; reset &gt; should reset initialization flag but not properties" time="0.000273167">
        </testcase>
    </testsuite>
    <testsuite name="test/cmi/scorm2004_objectives.spec.ts" timestamp="2025-05-05T03:40:25.064Z" hostname="jonathans-macbook-pro-2.mara-rohu.ts.net" tests="23" failures="0" errors="0" skipped="0" time="0.004252458">
        <testcase classname="test/cmi/scorm2004_objectives.spec.ts" name="SCORM 2004 Objectives Tests &gt; CMIObjectives Tests &gt; Initialization Tests &gt; should initialize with default values" time="0.000572208">
        </testcase>
        <testcase classname="test/cmi/scorm2004_objectives.spec.ts" name="SCORM 2004 Objectives Tests &gt; CMIObjectives Tests &gt; Initialization Tests &gt; should have read-only _children property" time="0.0003795">
        </testcase>
        <testcase classname="test/cmi/scorm2004_objectives.spec.ts" name="SCORM 2004 Objectives Tests &gt; CMIObjectives Tests &gt; Array Operations &gt; should add and retrieve objective objects" time="0.000425042">
        </testcase>
        <testcase classname="test/cmi/scorm2004_objectives.spec.ts" name="SCORM 2004 Objectives Tests &gt; CMIObjectives Tests &gt; Array Operations &gt; should find objective by ID" time="0.000119458">
        </testcase>
        <testcase classname="test/cmi/scorm2004_objectives.spec.ts" name="SCORM 2004 Objectives Tests &gt; CMIObjectives Tests &gt; Array Operations &gt; should find objective by index" time="0.000118959">
        </testcase>
        <testcase classname="test/cmi/scorm2004_objectives.spec.ts" name="SCORM 2004 Objectives Tests &gt; CMIObjectives Tests &gt; Array Operations &gt; should set objective by index" time="0.000057208">
        </testcase>
        <testcase classname="test/cmi/scorm2004_objectives.spec.ts" name="SCORM 2004 Objectives Tests &gt; CMIObjectives Tests &gt; JSON Serialization &gt; should serialize to JSON correctly" time="0.000200959">
        </testcase>
        <testcase classname="test/cmi/scorm2004_objectives.spec.ts" name="SCORM 2004 Objectives Tests &gt; CMIObjectivesObject Tests &gt; Initialization Tests &gt; should initialize with default values" time="0.000122833">
        </testcase>
        <testcase classname="test/cmi/scorm2004_objectives.spec.ts" name="SCORM 2004 Objectives Tests &gt; CMIObjectivesObject Tests &gt; Property Tests &gt; id &gt; should set and get id" time="0.000109792">
        </testcase>
        <testcase classname="test/cmi/scorm2004_objectives.spec.ts" name="SCORM 2004 Objectives Tests &gt; CMIObjectivesObject Tests &gt; Property Tests &gt; id &gt; should reject invalid id values" time="0.000132083">
        </testcase>
        <testcase classname="test/cmi/scorm2004_objectives.spec.ts" name="SCORM 2004 Objectives Tests &gt; CMIObjectivesObject Tests &gt; Property Tests &gt; success_status &gt; should set and get success_status" time="0.000082083">
        </testcase>
        <testcase classname="test/cmi/scorm2004_objectives.spec.ts" name="SCORM 2004 Objectives Tests &gt; CMIObjectivesObject Tests &gt; Property Tests &gt; success_status &gt; should reject invalid success_status values" time="0.000069584">
        </testcase>
        <testcase classname="test/cmi/scorm2004_objectives.spec.ts" name="SCORM 2004 Objectives Tests &gt; CMIObjectivesObject Tests &gt; Property Tests &gt; success_status &gt; should throw dependency error if id is not set" time="0.000067625">
        </testcase>
        <testcase classname="test/cmi/scorm2004_objectives.spec.ts" name="SCORM 2004 Objectives Tests &gt; CMIObjectivesObject Tests &gt; Property Tests &gt; completion_status &gt; should set and get completion_status" time="0.000188166">
        </testcase>
        <testcase classname="test/cmi/scorm2004_objectives.spec.ts" name="SCORM 2004 Objectives Tests &gt; CMIObjectivesObject Tests &gt; Property Tests &gt; completion_status &gt; should reject invalid completion_status values" time="0.000075375">
        </testcase>
        <testcase classname="test/cmi/scorm2004_objectives.spec.ts" name="SCORM 2004 Objectives Tests &gt; CMIObjectivesObject Tests &gt; Property Tests &gt; completion_status &gt; should throw dependency error if id is not set" time="0.0000555">
        </testcase>
        <testcase classname="test/cmi/scorm2004_objectives.spec.ts" name="SCORM 2004 Objectives Tests &gt; CMIObjectivesObject Tests &gt; Property Tests &gt; progress_measure &gt; should set and get progress_measure" time="0.000115833">
        </testcase>
        <testcase classname="test/cmi/scorm2004_objectives.spec.ts" name="SCORM 2004 Objectives Tests &gt; CMIObjectivesObject Tests &gt; Property Tests &gt; progress_measure &gt; should reject invalid progress_measure values" time="0.00012575">
        </testcase>
        <testcase classname="test/cmi/scorm2004_objectives.spec.ts" name="SCORM 2004 Objectives Tests &gt; CMIObjectivesObject Tests &gt; Property Tests &gt; progress_measure &gt; should throw dependency error if id is not set" time="0.000088166">
        </testcase>
        <testcase classname="test/cmi/scorm2004_objectives.spec.ts" name="SCORM 2004 Objectives Tests &gt; CMIObjectivesObject Tests &gt; Property Tests &gt; description &gt; should set and get description" time="0.0000745">
        </testcase>
        <testcase classname="test/cmi/scorm2004_objectives.spec.ts" name="SCORM 2004 Objectives Tests &gt; CMIObjectivesObject Tests &gt; Property Tests &gt; description &gt; should reject invalid description values" time="0.000065458">
        </testcase>
        <testcase classname="test/cmi/scorm2004_objectives.spec.ts" name="SCORM 2004 Objectives Tests &gt; CMIObjectivesObject Tests &gt; Property Tests &gt; description &gt; should throw dependency error if id is not set" time="0.000055792">
        </testcase>
        <testcase classname="test/cmi/scorm2004_objectives.spec.ts" name="SCORM 2004 Objectives Tests &gt; CMIObjectivesObject Tests &gt; JSON Serialization &gt; should serialize to JSON correctly" time="0.000093083">
        </testcase>
    </testsuite>
    <testsuite name="test/cmi/scorm2004_score.spec.ts" timestamp="2025-05-05T03:40:25.065Z" hostname="jonathans-macbook-pro-2.mara-rohu.ts.net" tests="12" failures="0" errors="0" skipped="0" time="0.003053917">
        <testcase classname="test/cmi/scorm2004_score.spec.ts" name="SCORM 2004 CMIScore Tests &gt; Initialization Tests &gt; should initialize with default values" time="0.000674958">
        </testcase>
        <testcase classname="test/cmi/scorm2004_score.spec.ts" name="SCORM 2004 CMIScore Tests &gt; Initialization Tests &gt; should have read-only _children property" time="0.000434084">
        </testcase>
        <testcase classname="test/cmi/scorm2004_score.spec.ts" name="SCORM 2004 CMIScore Tests &gt; Reset Tests &gt; should reset to default values" time="0.000340042">
        </testcase>
        <testcase classname="test/cmi/scorm2004_score.spec.ts" name="SCORM 2004 CMIScore Tests &gt; Property Tests &gt; scaled &gt; should set and get scaled" time="0.000094416">
        </testcase>
        <testcase classname="test/cmi/scorm2004_score.spec.ts" name="SCORM 2004 CMIScore Tests &gt; Property Tests &gt; scaled &gt; should reject invalid scaled values" time="0.000212875">
        </testcase>
        <testcase classname="test/cmi/scorm2004_score.spec.ts" name="SCORM 2004 CMIScore Tests &gt; Property Tests &gt; raw &gt; should set and get raw" time="0.000081292">
        </testcase>
        <testcase classname="test/cmi/scorm2004_score.spec.ts" name="SCORM 2004 CMIScore Tests &gt; Property Tests &gt; raw &gt; should reject invalid raw values" time="0.000062667">
        </testcase>
        <testcase classname="test/cmi/scorm2004_score.spec.ts" name="SCORM 2004 CMIScore Tests &gt; Property Tests &gt; min &gt; should set and get min" time="0.000095">
        </testcase>
        <testcase classname="test/cmi/scorm2004_score.spec.ts" name="SCORM 2004 CMIScore Tests &gt; Property Tests &gt; min &gt; should reject invalid min values" time="0.000113375">
        </testcase>
        <testcase classname="test/cmi/scorm2004_score.spec.ts" name="SCORM 2004 CMIScore Tests &gt; Property Tests &gt; max &gt; should set and get max" time="0.000116417">
        </testcase>
        <testcase classname="test/cmi/scorm2004_score.spec.ts" name="SCORM 2004 CMIScore Tests &gt; Property Tests &gt; max &gt; should reject invalid max values" time="0.0000615">
        </testcase>
        <testcase classname="test/cmi/scorm2004_score.spec.ts" name="SCORM 2004 CMIScore Tests &gt; JSON Serialization &gt; should serialize to JSON correctly" time="0.000089125">
        </testcase>
    </testsuite>
    <testsuite name="test/cmi/scorm2004_session.spec.ts" timestamp="2025-05-05T03:40:25.066Z" hostname="jonathans-macbook-pro-2.mara-rohu.ts.net" tests="14" failures="0" errors="0" skipped="0" time="0.003134583">
        <testcase classname="test/cmi/scorm2004_session.spec.ts" name="SCORM 2004 CMISession Tests &gt; Initialization Tests &gt; should initialize with default values" time="0.000605959">
        </testcase>
        <testcase classname="test/cmi/scorm2004_session.spec.ts" name="SCORM 2004 CMISession Tests &gt; Property Tests &gt; entry &gt; should set and get entry before initialization" time="0.00006375">
        </testcase>
        <testcase classname="test/cmi/scorm2004_session.spec.ts" name="SCORM 2004 CMISession Tests &gt; Property Tests &gt; entry &gt; should reject modifications to entry after initialization" time="0.000457084">
        </testcase>
        <testcase classname="test/cmi/scorm2004_session.spec.ts" name="SCORM 2004 CMISession Tests &gt; Property Tests &gt; exit &gt; should set exit" time="0.000118875">
        </testcase>
        <testcase classname="test/cmi/scorm2004_session.spec.ts" name="SCORM 2004 CMISession Tests &gt; Property Tests &gt; exit &gt; should reject invalid exit values" time="0.000260709">
        </testcase>
        <testcase classname="test/cmi/scorm2004_session.spec.ts" name="SCORM 2004 CMISession Tests &gt; Property Tests &gt; exit &gt; should reject reading exit without jsonString" time="0.00007425">
        </testcase>
        <testcase classname="test/cmi/scorm2004_session.spec.ts" name="SCORM 2004 CMISession Tests &gt; Property Tests &gt; session_time &gt; should set session_time" time="0.000091375">
        </testcase>
        <testcase classname="test/cmi/scorm2004_session.spec.ts" name="SCORM 2004 CMISession Tests &gt; Property Tests &gt; session_time &gt; should reject invalid session_time values" time="0.000101042">
        </testcase>
        <testcase classname="test/cmi/scorm2004_session.spec.ts" name="SCORM 2004 CMISession Tests &gt; Property Tests &gt; session_time &gt; should reject reading session_time without jsonString" time="0.000123708">
        </testcase>
        <testcase classname="test/cmi/scorm2004_session.spec.ts" name="SCORM 2004 CMISession Tests &gt; Property Tests &gt; total_time &gt; should set and get total_time before initialization" time="0.000090042">
        </testcase>
        <testcase classname="test/cmi/scorm2004_session.spec.ts" name="SCORM 2004 CMISession Tests &gt; Property Tests &gt; total_time &gt; should reject modifications to total_time after initialization" time="0.000066875">
        </testcase>
        <testcase classname="test/cmi/scorm2004_session.spec.ts" name="SCORM 2004 CMISession Tests &gt; Method Tests &gt; getCurrentTotalTime &gt; should add session_time to total_time" time="0.0001795">
        </testcase>
        <testcase classname="test/cmi/scorm2004_session.spec.ts" name="SCORM 2004 CMISession Tests &gt; Method Tests &gt; getCurrentTotalTime &gt; should use session_time when start_time is not set" time="0.000095084">
        </testcase>
        <testcase classname="test/cmi/scorm2004_session.spec.ts" name="SCORM 2004 CMISession Tests &gt; Method Tests &gt; reset &gt; should reset properties to default values" time="0.000197334">
        </testcase>
    </testsuite>
    <testsuite name="test/cmi/scorm2004_settings.spec.ts" timestamp="2025-05-05T03:40:25.067Z" hostname="jonathans-macbook-pro-2.mara-rohu.ts.net" tests="10" failures="0" errors="0" skipped="0" time="0.002496041">
        <testcase classname="test/cmi/scorm2004_settings.spec.ts" name="SCORM 2004 CMISettings Tests &gt; Initialization Tests &gt; should initialize with default values" time="0.000598334">
        </testcase>
        <testcase classname="test/cmi/scorm2004_settings.spec.ts" name="SCORM 2004 CMISettings Tests &gt; Property Tests &gt; credit &gt; should set and get credit before initialization" time="0.000070667">
        </testcase>
        <testcase classname="test/cmi/scorm2004_settings.spec.ts" name="SCORM 2004 CMISettings Tests &gt; Property Tests &gt; credit &gt; should reject modifications to credit after initialization" time="0.000610542">
        </testcase>
        <testcase classname="test/cmi/scorm2004_settings.spec.ts" name="SCORM 2004 CMISettings Tests &gt; Property Tests &gt; mode &gt; should set and get mode before initialization" time="0.000074">
        </testcase>
        <testcase classname="test/cmi/scorm2004_settings.spec.ts" name="SCORM 2004 CMISettings Tests &gt; Property Tests &gt; mode &gt; should reject modifications to mode after initialization" time="0.000082333">
        </testcase>
        <testcase classname="test/cmi/scorm2004_settings.spec.ts" name="SCORM 2004 CMISettings Tests &gt; Property Tests &gt; time_limit_action &gt; should set and get time_limit_action before initialization" time="0.000048708">
        </testcase>
        <testcase classname="test/cmi/scorm2004_settings.spec.ts" name="SCORM 2004 CMISettings Tests &gt; Property Tests &gt; time_limit_action &gt; should reject modifications to time_limit_action after initialization" time="0.000071959">
        </testcase>
        <testcase classname="test/cmi/scorm2004_settings.spec.ts" name="SCORM 2004 CMISettings Tests &gt; Property Tests &gt; max_time_allowed &gt; should set and get max_time_allowed before initialization" time="0.000045583">
        </testcase>
        <testcase classname="test/cmi/scorm2004_settings.spec.ts" name="SCORM 2004 CMISettings Tests &gt; Property Tests &gt; max_time_allowed &gt; should reject modifications to max_time_allowed after initialization" time="0.000101375">
        </testcase>
        <testcase classname="test/cmi/scorm2004_settings.spec.ts" name="SCORM 2004 CMISettings Tests &gt; Method Tests &gt; reset &gt; should reset initialization flag but not properties" time="0.000102584">
        </testcase>
    </testsuite>
    <testsuite name="test/cmi/scorm2004_status.spec.ts" timestamp="2025-05-05T03:40:25.067Z" hostname="jonathans-macbook-pro-2.mara-rohu.ts.net" tests="8" failures="0" errors="0" skipped="0" time="0.002378833">
        <testcase classname="test/cmi/scorm2004_status.spec.ts" name="SCORM 2004 CMIStatus Tests &gt; Initialization Tests &gt; should initialize with default values" time="0.000571125">
        </testcase>
        <testcase classname="test/cmi/scorm2004_status.spec.ts" name="SCORM 2004 CMIStatus Tests &gt; Property Tests &gt; completion_status &gt; should set and get completion_status" time="0.000260833">
        </testcase>
        <testcase classname="test/cmi/scorm2004_status.spec.ts" name="SCORM 2004 CMIStatus Tests &gt; Property Tests &gt; completion_status &gt; should reject invalid completion_status values" time="0.000370292">
        </testcase>
        <testcase classname="test/cmi/scorm2004_status.spec.ts" name="SCORM 2004 CMIStatus Tests &gt; Property Tests &gt; success_status &gt; should set and get success_status" time="0.000104792">
        </testcase>
        <testcase classname="test/cmi/scorm2004_status.spec.ts" name="SCORM 2004 CMIStatus Tests &gt; Property Tests &gt; success_status &gt; should reject invalid success_status values" time="0.000107084">
        </testcase>
        <testcase classname="test/cmi/scorm2004_status.spec.ts" name="SCORM 2004 CMIStatus Tests &gt; Property Tests &gt; progress_measure &gt; should set and get progress_measure" time="0.000140917">
        </testcase>
        <testcase classname="test/cmi/scorm2004_status.spec.ts" name="SCORM 2004 CMIStatus Tests &gt; Property Tests &gt; progress_measure &gt; should reject invalid progress_measure values" time="0.000179375">
        </testcase>
        <testcase classname="test/cmi/scorm2004_status.spec.ts" name="SCORM 2004 CMIStatus Tests &gt; Method Tests &gt; reset &gt; should reset properties to default values" time="0.000085709">
        </testcase>
    </testsuite>
    <testsuite name="test/cmi/scorm2004_thresholds.spec.ts" timestamp="2025-05-05T03:40:25.067Z" hostname="jonathans-macbook-pro-2.mara-rohu.ts.net" tests="6" failures="0" errors="0" skipped="0" time="0.002010209">
        <testcase classname="test/cmi/scorm2004_thresholds.spec.ts" name="SCORM 2004 CMIThresholds Tests &gt; Initialization Tests &gt; should initialize with default values" time="0.00051775">
        </testcase>
        <testcase classname="test/cmi/scorm2004_thresholds.spec.ts" name="SCORM 2004 CMIThresholds Tests &gt; Property Tests &gt; scaled_passing_score &gt; should set and get scaled_passing_score before initialization" time="0.000072791">
        </testcase>
        <testcase classname="test/cmi/scorm2004_thresholds.spec.ts" name="SCORM 2004 CMIThresholds Tests &gt; Property Tests &gt; scaled_passing_score &gt; should reject modifications to scaled_passing_score after initialization" time="0.000532125">
        </testcase>
        <testcase classname="test/cmi/scorm2004_thresholds.spec.ts" name="SCORM 2004 CMIThresholds Tests &gt; Property Tests &gt; completion_threshold &gt; should set and get completion_threshold before initialization" time="0.000086125">
        </testcase>
        <testcase classname="test/cmi/scorm2004_thresholds.spec.ts" name="SCORM 2004 CMIThresholds Tests &gt; Property Tests &gt; completion_threshold &gt; should reject modifications to completion_threshold after initialization" time="0.000143625">
        </testcase>
        <testcase classname="test/cmi/scorm2004_thresholds.spec.ts" name="SCORM 2004 CMIThresholds Tests &gt; Method Tests &gt; reset &gt; should reset initialization flag but not properties" time="0.000085958">
        </testcase>
    </testsuite>
    <testsuite name="test/constants/default_settings.spec.ts" timestamp="2025-05-05T03:40:25.068Z" hostname="jonathans-macbook-pro-2.mara-rohu.ts.net" tests="14" failures="0" errors="0" skipped="0" time="0.005186166">
        <testcase classname="test/constants/default_settings.spec.ts" name="DefaultSettings &gt; responseHandler &gt; should return SCORM_TRUE and errorCode 0 for status 200 with no result" time="0.001921625">
        </testcase>
        <testcase classname="test/constants/default_settings.spec.ts" name="DefaultSettings &gt; responseHandler &gt; should return SCORM_FALSE and errorCode 101 for non-200 status with no result" time="0.000191875">
        </testcase>
        <testcase classname="test/constants/default_settings.spec.ts" name="DefaultSettings &gt; responseHandler &gt; should return the result and errorCode from the response when available" time="0.000240792">
        </testcase>
        <testcase classname="test/constants/default_settings.spec.ts" name="DefaultSettings &gt; responseHandler &gt; should derive errorCode from result when only result is provided" time="0.000131208">
        </testcase>
        <testcase classname="test/constants/default_settings.spec.ts" name="DefaultSettings &gt; responseHandler &gt; should derive errorCode 101 when result is SCORM_FALSE" time="0.000165125">
        </testcase>
        <testcase classname="test/constants/default_settings.spec.ts" name="DefaultSettings &gt; responseHandler &gt; should return SCORM_FALSE and errorCode 101 when response is undefined" time="0.000053958">
        </testcase>
        <testcase classname="test/constants/default_settings.spec.ts" name="DefaultSettings &gt; requestHandler &gt; should return the commitObject unchanged" time="0.000044334">
        </testcase>
        <testcase classname="test/constants/default_settings.spec.ts" name="DefaultSettings &gt; onLogMessage &gt; should call console.error for ERROR level" time="0.000887417">
        </testcase>
        <testcase classname="test/constants/default_settings.spec.ts" name="DefaultSettings &gt; onLogMessage &gt; should call console.error for string &apos;4&apos; level" time="0.000310792">
        </testcase>
        <testcase classname="test/constants/default_settings.spec.ts" name="DefaultSettings &gt; onLogMessage &gt; should call console.error for numeric 4 level" time="0.000183208">
        </testcase>
        <testcase classname="test/constants/default_settings.spec.ts" name="DefaultSettings &gt; onLogMessage &gt; should call console.warn for WARN level" time="0.000095792">
        </testcase>
        <testcase classname="test/constants/default_settings.spec.ts" name="DefaultSettings &gt; onLogMessage &gt; should call console.info for INFO level" time="0.000092333">
        </testcase>
        <testcase classname="test/constants/default_settings.spec.ts" name="DefaultSettings &gt; onLogMessage &gt; should call console.debug for DEBUG level when available" time="0.000130583">
        </testcase>
        <testcase classname="test/constants/default_settings.spec.ts" name="DefaultSettings &gt; onLogMessage &gt; should call console.log for DEBUG level when console.debug is not available" time="0.000204667">
        </testcase>
    </testsuite>
    <testsuite name="test/facades/CrossFrameFacade.spec.ts" timestamp="2025-05-05T03:40:25.068Z" hostname="jonathans-macbook-pro-2.mara-rohu.ts.net" tests="23" failures="0" errors="0" skipped="0" time="0.02682925">
        <testcase classname="test/facades/CrossFrameFacade.spec.ts" name="CrossFrameAPI (cache-first) &gt; LMSGetValue returns cache + posts" time="0.002867417">
        </testcase>
        <testcase classname="test/facades/CrossFrameFacade.spec.ts" name="CrossFrameAPI (cache-first) &gt; LMSSetValue sync-caches and posts" time="0.001159208">
        </testcase>
        <testcase classname="test/facades/CrossFrameFacade.spec.ts" name="CrossFrameAPI (cache-first) &gt; captures error and updates lastError" time="0.005231666">
            <system-err>
CrossFrameAPI LMSGetValue error: Error: 402 Custom error
    at [90m/Users/putneyj/git/scorm-again/[39mtest/facades/CrossFrameFacade.spec.ts:42:56
    at [90mfile:///Users/putneyj/git/scorm-again/[39mnode_modules/[4m@vitest[24m/runner/dist/index.js:103:11
    at [90mfile:///Users/putneyj/git/scorm-again/[39mnode_modules/[4m@vitest[24m/runner/dist/index.js:596:26
    at [90mfile:///Users/putneyj/git/scorm-again/[39mnode_modules/[4m@vitest[24m/runner/dist/index.js:879:20
    at new Promise (&lt;anonymous&gt;)
    at runWithTimeout [90m(file:///Users/putneyj/git/scorm-again/[39mnode_modules/[4m@vitest[24m/runner/dist/index.js:852:10[90m)[39m
    at runTest [90m(file:///Users/putneyj/git/scorm-again/[39mnode_modules/[4m@vitest[24m/runner/dist/index.js:1360:12[90m)[39m
[90m    at processTicksAndRejections (node:internal/process/task_queues:95:5)[39m
    at runSuite [90m(file:///Users/putneyj/git/scorm-again/[39mnode_modules/[4m@vitest[24m/runner/dist/index.js:1507:8[90m)[39m
    at runSuite [90m(file:///Users/putneyj/git/scorm-again/[39mnode_modules/[4m@vitest[24m/runner/dist/index.js:1507:8[90m)[39m

            </system-err>
        </testcase>
        <testcase classname="test/facades/CrossFrameFacade.spec.ts" name="CrossFrameAPI (cache-first) &gt; handles timeout in _post method" time="0.001428375">
        </testcase>
        <testcase classname="test/facades/CrossFrameFacade.spec.ts" name="CrossFrameAPI (cache-first) &gt; handles _onMessage with valid response" time="0.000294166">
        </testcase>
        <testcase classname="test/facades/CrossFrameFacade.spec.ts" name="CrossFrameAPI (cache-first) &gt; handles _onMessage with error response" time="0.000336792">
        </testcase>
        <testcase classname="test/facades/CrossFrameFacade.spec.ts" name="CrossFrameAPI (cache-first) &gt; ignores _onMessage with invalid or unknown messageId" time="0.000260292">
        </testcase>
        <testcase classname="test/facades/CrossFrameFacade.spec.ts" name="CrossFrameAPI (cache-first) &gt; handles Initialize/LMSInitialize calls" time="0.000323">
        </testcase>
        <testcase classname="test/facades/CrossFrameFacade.spec.ts" name="CrossFrameAPI (cache-first) &gt; handles Terminate/LMSFinish calls" time="0.000301791">
        </testcase>
        <testcase classname="test/facades/CrossFrameFacade.spec.ts" name="CrossFrameAPI (cache-first) &gt; handles Commit/LMSCommit calls" time="0.000276208">
        </testcase>
        <testcase classname="test/facades/CrossFrameFacade.spec.ts" name="CrossFrameAPI (cache-first) &gt; handles GetLastError/LMSGetLastError calls" time="0.000130666">
        </testcase>
        <testcase classname="test/facades/CrossFrameFacade.spec.ts" name="CrossFrameAPI (cache-first) &gt; handles function parameters in _post method" time="0.000266625">
        </testcase>
        <testcase classname="test/facades/CrossFrameFacade.spec.ts" name="CrossFrameAPI (cache-first) &gt; handles getFlattenedCMI call" time="0.001926458">
        </testcase>
        <testcase classname="test/facades/CrossFrameFacade.spec.ts" name="CrossFrameAPI (cache-first) &gt; handles getFlattenedCMI error" time="0.003856792">
            <system-err>
CrossFrameAPI Initialize error: Error: 500 Server error
    at [90m/Users/putneyj/git/scorm-again/[39mtest/facades/CrossFrameFacade.spec.ts:286:23
    at [90mfile:///Users/putneyj/git/scorm-again/[39mnode_modules/[4m@vitest[24m/runner/dist/index.js:103:11
    at [90mfile:///Users/putneyj/git/scorm-again/[39mnode_modules/[4m@vitest[24m/runner/dist/index.js:596:26
    at [90mfile:///Users/putneyj/git/scorm-again/[39mnode_modules/[4m@vitest[24m/runner/dist/index.js:879:20
    at new Promise (&lt;anonymous&gt;)
    at runWithTimeout [90m(file:///Users/putneyj/git/scorm-again/[39mnode_modules/[4m@vitest[24m/runner/dist/index.js:852:10[90m)[39m
    at runTest [90m(file:///Users/putneyj/git/scorm-again/[39mnode_modules/[4m@vitest[24m/runner/dist/index.js:1360:12[90m)[39m
    at runSuite [90m(file:///Users/putneyj/git/scorm-again/[39mnode_modules/[4m@vitest[24m/runner/dist/index.js:1507:8[90m)[39m
    at runSuite [90m(file:///Users/putneyj/git/scorm-again/[39mnode_modules/[4m@vitest[24m/runner/dist/index.js:1507:8[90m)[39m
    at runFiles [90m(file:///Users/putneyj/git/scorm-again/[39mnode_modules/[4m@vitest[24m/runner/dist/index.js:1561:3[90m)[39m
CrossFrameAPI getFlattenedCMI error: Error: 500 Server error
    at [90m/Users/putneyj/git/scorm-again/[39mtest/facades/CrossFrameFacade.spec.ts:286:23
    at [90mfile:///Users/putneyj/git/scorm-again/[39mnode_modules/[4m@vitest[24m/runner/dist/index.js:103:11
    at [90mfile:///Users/putneyj/git/scorm-again/[39mnode_modules/[4m@vitest[24m/runner/dist/index.js:596:26
    at [90mfile:///Users/putneyj/git/scorm-again/[39mnode_modules/[4m@vitest[24m/runner/dist/index.js:879:20
    at new Promise (&lt;anonymous&gt;)
    at runWithTimeout [90m(file:///Users/putneyj/git/scorm-again/[39mnode_modules/[4m@vitest[24m/runner/dist/index.js:852:10[90m)[39m
    at runTest [90m(file:///Users/putneyj/git/scorm-again/[39mnode_modules/[4m@vitest[24m/runner/dist/index.js:1360:12[90m)[39m
    at runSuite [90m(file:///Users/putneyj/git/scorm-again/[39mnode_modules/[4m@vitest[24m/runner/dist/index.js:1507:8[90m)[39m
    at runSuite [90m(file:///Users/putneyj/git/scorm-again/[39mnode_modules/[4m@vitest[24m/runner/dist/index.js:1507:8[90m)[39m
    at runFiles [90m(file:///Users/putneyj/git/scorm-again/[39mnode_modules/[4m@vitest[24m/runner/dist/index.js:1561:3[90m)[39m

            </system-err>
        </testcase>
        <testcase classname="test/facades/CrossFrameFacade.spec.ts" name="CrossFrameAPI (cache-first) &gt; updates cache when GetValue resolves successfully" time="0.001671958">
        </testcase>
        <testcase classname="test/facades/CrossFrameFacade.spec.ts" name="CrossFrameAPI (cache-first) &gt; updates lastError when GetLastError resolves successfully" time="0.000766208">
        </testcase>
        <testcase classname="test/facades/CrossFrameFacade.spec.ts" name="CrossFrameAPI (cache-first) &gt; returns empty string for unknown methods" time="0.001407375">
        </testcase>
        <testcase classname="test/facades/CrossFrameFacade.spec.ts" name="CrossFrameAPI (cache-first) &gt; handles errors without numeric codes using GENERAL error code" time="0.001996458">
            <system-err>
CrossFrameAPI LMSGetValue error: Error: Non-numeric error message
    at [90m/Users/putneyj/git/scorm-again/[39mtest/facades/CrossFrameFacade.spec.ts:351:26
    at [90mfile:///Users/putneyj/git/scorm-again/[39mnode_modules/[4m@vitest[24m/runner/dist/index.js:103:11
    at [90mfile:///Users/putneyj/git/scorm-again/[39mnode_modules/[4m@vitest[24m/runner/dist/index.js:596:26
    at [90mfile:///Users/putneyj/git/scorm-again/[39mnode_modules/[4m@vitest[24m/runner/dist/index.js:879:20
    at new Promise (&lt;anonymous&gt;)
    at runWithTimeout [90m(file:///Users/putneyj/git/scorm-again/[39mnode_modules/[4m@vitest[24m/runner/dist/index.js:852:10[90m)[39m
    at runTest [90m(file:///Users/putneyj/git/scorm-again/[39mnode_modules/[4m@vitest[24m/runner/dist/index.js:1360:12[90m)[39m
    at runSuite [90m(file:///Users/putneyj/git/scorm-again/[39mnode_modules/[4m@vitest[24m/runner/dist/index.js:1507:8[90m)[39m
    at runSuite [90m(file:///Users/putneyj/git/scorm-again/[39mnode_modules/[4m@vitest[24m/runner/dist/index.js:1507:8[90m)[39m
    at runFiles [90m(file:///Users/putneyj/git/scorm-again/[39mnode_modules/[4m@vitest[24m/runner/dist/index.js:1561:3[90m)[39m

            </system-err>
        </testcase>
        <testcase classname="test/facades/CrossFrameFacade.spec.ts" name="CrossFrameLMS &gt; processes valid call and replies" time="0.000355291">
        </testcase>
        <testcase classname="test/facades/CrossFrameFacade.spec.ts" name="CrossFrameLMS &gt; handles missing method with error" time="0.000153167">
        </testcase>
        <testcase classname="test/facades/CrossFrameFacade.spec.ts" name="CrossFrameLMS &gt; handles API method throwing an exception" time="0.000526542">
        </testcase>
        <testcase classname="test/facades/CrossFrameFacade.spec.ts" name="CrossFrameLMS &gt; handles message events correctly" time="0.000129041">
        </testcase>
        <testcase classname="test/facades/CrossFrameFacade.spec.ts" name="CrossFrameLMS &gt; ignores message events without messageId or method" time="0.000073583">
        </testcase>
    </testsuite>
    <testsuite name="test/performance/PerformanceTests.spec.ts" timestamp="2025-05-05T03:40:25.069Z" hostname="jonathans-macbook-pro-2.mara-rohu.ts.net" tests="10" failures="0" errors="0" skipped="0" time="0.156556125">
        <testcase classname="test/performance/PerformanceTests.spec.ts" name="Performance Tests &gt; SerializationService Performance &gt; should measure renderCMIToJSONString performance" time="0.00286925">
            <system-out>
Average time for renderCMIToJSONString: 0.002 ms

            </system-out>
        </testcase>
        <testcase classname="test/performance/PerformanceTests.spec.ts" name="Performance Tests &gt; SerializationService Performance &gt; should measure renderCMIToJSONObject performance" time="0.005936917">
            <system-out>
Average time for renderCMIToJSONObject: 0.006 ms

            </system-out>
        </testcase>
        <testcase classname="test/performance/PerformanceTests.spec.ts" name="Performance Tests &gt; HttpService Performance &gt; should measure HTTP request performance" time="0.000938125">
            <system-out>
Average time for HTTP request: 0.018 ms

            </system-out>
        </testcase>
        <testcase classname="test/performance/PerformanceTests.spec.ts" name="Performance Tests &gt; EventService Performance &gt; should measure event registration performance" time="0.007087917">
            <system-out>
Average time for registering 100 events: 0.060 ms

            </system-out>
        </testcase>
        <testcase classname="test/performance/PerformanceTests.spec.ts" name="Performance Tests &gt; EventService Performance &gt; should measure event triggering performance" time="0.009846875">
            <system-out>
Average time for triggering 100 event listeners: 0.088 ms

            </system-out>
        </testcase>
        <testcase classname="test/performance/PerformanceTests.spec.ts" name="Performance Tests &gt; EventService Performance &gt; should measure wildcard event matching performance" time="0.115062959">
            <system-out>
Average time for 100 wildcard event matches: 1.139 ms

            </system-out>
        </testcase>
        <testcase classname="test/performance/PerformanceTests.spec.ts" name="Performance Tests &gt; ValidationService Performance &gt; should measure validation performance for scores" time="0.009315">
            <system-out>
Average time for 200 score validations: 0.091 ms

            </system-out>
        </testcase>
        <testcase classname="test/performance/PerformanceTests.spec.ts" name="Performance Tests &gt; Memoization Performance &gt; should measure performance improvement with memoization" time="0.002501125">
            <system-out>
Average time without memoization: 0.105 ms
Average time with memoization: 0.001 ms

            </system-out>
        </testcase>
        <testcase classname="test/performance/PerformanceTests.spec.ts" name="Performance Tests &gt; API Performance &gt; should measure SetValue performance" time="0.001548375">
            <system-out>
Average time for 4 SetValue operations: 0.005 ms

            </system-out>
        </testcase>
        <testcase classname="test/performance/PerformanceTests.spec.ts" name="Performance Tests &gt; API Performance &gt; should measure GetValue performance" time="0.000764458">
            <system-out>
Average time for 4 GetValue operations: 0.005 ms

            </system-out>
        </testcase>
    </testsuite>
    <testsuite name="test/performance/StressTests.spec.ts" timestamp="2025-05-05T03:40:25.070Z" hostname="jonathans-macbook-pro-2.mara-rohu.ts.net" tests="6" failures="0" errors="0" skipped="0" time="0.017643709">
        <testcase classname="test/performance/StressTests.spec.ts" name="Stress Tests for Concurrent Operations &gt; HttpService Concurrent Requests &gt; should handle multiple concurrent HTTP requests" time="0.004163">
            <system-out>
Average time for 5 concurrent HTTP requests: 0.155 ms

Average time for 10 concurrent HTTP requests: 0.118 ms

Average time for 20 concurrent HTTP requests: 0.184 ms

            </system-out>
        </testcase>
        <testcase classname="test/performance/StressTests.spec.ts" name="Stress Tests for Concurrent Operations &gt; EventService Concurrent Events &gt; should handle multiple concurrent event triggers" time="0.001858334">
            <system-out>
Time for 10 concurrent event triggers: 0.133 ms

Time for 20 concurrent event triggers: 0.144 ms

Time for 50 concurrent event triggers: 0.345 ms

            </system-out>
        </testcase>
        <testcase classname="test/performance/StressTests.spec.ts" name="Stress Tests for Concurrent Operations &gt; API Concurrent Operations &gt; should handle concurrent SetValue operations" time="0.004000958">
            <system-out>
Time for 10 concurrent SetValue operations: 0.743 ms

Time for 20 concurrent SetValue operations: 0.416 ms

Time for 50 concurrent SetValue operations: 0.661 ms

            </system-out>
        </testcase>
        <testcase classname="test/performance/StressTests.spec.ts" name="Stress Tests for Concurrent Operations &gt; API Concurrent Operations &gt; should handle concurrent GetValue operations" time="0.001344916">
            <system-out>
Time for 10 concurrent GetValue operations: 0.111 ms

Time for 20 concurrent GetValue operations: 0.214 ms

Time for 50 concurrent GetValue operations: 0.477 ms

            </system-out>
        </testcase>
        <testcase classname="test/performance/StressTests.spec.ts" name="Stress Tests for Concurrent Operations &gt; API Concurrent Operations &gt; should handle mixed concurrent operations (SetValue and GetValue)" time="0.001347834">
            <system-out>
Time for 10 mixed concurrent operations: 0.277 ms

Time for 20 mixed concurrent operations: 0.293 ms

Time for 50 mixed concurrent operations: 0.534 ms

            </system-out>
        </testcase>
        <testcase classname="test/performance/StressTests.spec.ts" name="Stress Tests for Concurrent Operations &gt; API Concurrent Operations &gt; should handle concurrent Commit operations" time="0.00437975">
            <system-out>
Time for 5 concurrent Commit operations: 1.039 ms

Time for 10 concurrent Commit operations: 0.947 ms

Time for 20 concurrent Commit operations: 1.871 ms

            </system-out>
        </testcase>
    </testsuite>
    <testsuite name="test/property/validation-service.property.spec.ts" timestamp="2025-05-05T03:40:25.070Z" hostname="jonathans-macbook-pro-2.mara-rohu.ts.net" tests="17" failures="0" errors="0" skipped="0" time="0.052156833">
        <testcase classname="test/property/validation-service.property.spec.ts" name="ValidationService Property-based Tests &gt; validateScore &gt; should accept any valid decimal string within range" time="0.004402792">
        </testcase>
        <testcase classname="test/property/validation-service.property.spec.ts" name="ValidationService Property-based Tests &gt; validateScore &gt; should reject any string that&apos;s not a valid decimal" time="0.003436792">
        </testcase>
        <testcase classname="test/property/validation-service.property.spec.ts" name="ValidationService Property-based Tests &gt; validateScore &gt; should reject any decimal outside the range" time="0.00305325">
        </testcase>
        <testcase classname="test/property/validation-service.property.spec.ts" name="ValidationService Property-based Tests &gt; validateScorm12Audio &gt; should accept any integer between -1 and 100" time="0.001373916">
        </testcase>
        <testcase classname="test/property/validation-service.property.spec.ts" name="ValidationService Property-based Tests &gt; validateScorm12Audio &gt; should reject any string that&apos;s not a valid integer" time="0.003079583">
        </testcase>
        <testcase classname="test/property/validation-service.property.spec.ts" name="ValidationService Property-based Tests &gt; validateScorm12Audio &gt; should reject any integer outside the range -1 to 100" time="0.006650292">
        </testcase>
        <testcase classname="test/property/validation-service.property.spec.ts" name="ValidationService Property-based Tests &gt; validateScorm12Language &gt; should accept any non-empty string up to 256 characters" time="0.001213875">
        </testcase>
        <testcase classname="test/property/validation-service.property.spec.ts" name="ValidationService Property-based Tests &gt; validateScorm12Language &gt; should reject empty strings" time="0.001315583">
        </testcase>
        <testcase classname="test/property/validation-service.property.spec.ts" name="ValidationService Property-based Tests &gt; validateScorm12Language &gt; should reject any string longer than 256 characters" time="0.015473083">
        </testcase>
        <testcase classname="test/property/validation-service.property.spec.ts" name="ValidationService Property-based Tests &gt; validateScorm12Speed &gt; should accept any integer between -100 and 100" time="0.000994459">
        </testcase>
        <testcase classname="test/property/validation-service.property.spec.ts" name="ValidationService Property-based Tests &gt; validateScorm12Speed &gt; should reject any string that&apos;s not a valid integer" time="0.002181834">
        </testcase>
        <testcase classname="test/property/validation-service.property.spec.ts" name="ValidationService Property-based Tests &gt; validateScorm12Speed &gt; should reject any integer outside the range -100 to 100" time="0.002187459">
        </testcase>
        <testcase classname="test/property/validation-service.property.spec.ts" name="ValidationService Property-based Tests &gt; validateScorm12Text &gt; should accept any integer between -1 and 1" time="0.000743334">
        </testcase>
        <testcase classname="test/property/validation-service.property.spec.ts" name="ValidationService Property-based Tests &gt; validateScorm12Text &gt; should reject any string that&apos;s not a valid integer" time="0.002199292">
        </testcase>
        <testcase classname="test/property/validation-service.property.spec.ts" name="ValidationService Property-based Tests &gt; validateScorm12Text &gt; should reject any integer outside the range -1 to 1" time="0.00233525">
        </testcase>
        <testcase classname="test/property/validation-service.property.spec.ts" name="ValidationService Property-based Tests &gt; validateReadOnly &gt; should not throw an error when initialized is false" time="0.000087375">
        </testcase>
        <testcase classname="test/property/validation-service.property.spec.ts" name="ValidationService Property-based Tests &gt; validateReadOnly &gt; should throw an error when initialized is true" time="0.000043916">
        </testcase>
    </testsuite>
    <testsuite name="test/property/validation.property.spec.ts" timestamp="2025-05-05T03:40:25.071Z" hostname="jonathans-macbook-pro-2.mara-rohu.ts.net" tests="8" failures="0" errors="0" skipped="0" time="0.035376125">
        <testcase classname="test/property/validation.property.spec.ts" name="Validation Property-based Tests &gt; checkValidFormat &gt; should accept any string that matches the regex pattern" time="0.014687875">
        </testcase>
        <testcase classname="test/property/validation.property.spec.ts" name="Validation Property-based Tests &gt; checkValidFormat &gt; should reject any string that doesn&apos;t match the regex pattern" time="0.007060708">
        </testcase>
        <testcase classname="test/property/validation.property.spec.ts" name="Validation Property-based Tests &gt; checkValidFormat &gt; should handle empty strings based on allowEmptyString parameter" time="0.000160208">
        </testcase>
        <testcase classname="test/property/validation.property.spec.ts" name="Validation Property-based Tests &gt; checkValidFormat &gt; should handle non-string values appropriately" time="0.008409959">
        </testcase>
        <testcase classname="test/property/validation.property.spec.ts" name="Validation Property-based Tests &gt; checkValidRange &gt; should accept any number within the specified range" time="0.0009285">
        </testcase>
        <testcase classname="test/property/validation.property.spec.ts" name="Validation Property-based Tests &gt; checkValidRange &gt; should reject any number below the specified range" time="0.001385834">
        </testcase>
        <testcase classname="test/property/validation.property.spec.ts" name="Validation Property-based Tests &gt; checkValidRange &gt; should reject any number above the specified range" time="0.00126525">
        </testcase>
        <testcase classname="test/property/validation.property.spec.ts" name="Validation Property-based Tests &gt; checkValidRange &gt; should accept any number above the lower bound when upper bound is &apos;*&apos;" time="0.000843666">
        </testcase>
    </testsuite>
    <testsuite name="test/security/SecurityTests.spec.ts" timestamp="2025-05-05T03:40:25.072Z" hostname="jonathans-macbook-pro-2.mara-rohu.ts.net" tests="13" failures="0" errors="0" skipped="0" time="0.003763917">
        <testcase classname="test/security/SecurityTests.spec.ts" name="Security Tests for Data Validation &gt; Regex DoS (ReDoS) Tests &gt; should handle potentially catastrophic regex patterns safely" time="0.000551166">
        </testcase>
        <testcase classname="test/security/SecurityTests.spec.ts" name="Security Tests for Data Validation &gt; Regex DoS (ReDoS) Tests &gt; should handle large inputs with complex patterns efficiently" time="0.000146959">
        </testcase>
        <testcase classname="test/security/SecurityTests.spec.ts" name="Security Tests for Data Validation &gt; Type Confusion Tests &gt; should handle non-string values safely in checkValidFormat" time="0.000610834">
        </testcase>
        <testcase classname="test/security/SecurityTests.spec.ts" name="Security Tests for Data Validation &gt; Type Confusion Tests &gt; should handle invalid regex patterns safely" time="0.000257667">
        </testcase>
        <testcase classname="test/security/SecurityTests.spec.ts" name="Security Tests for Data Validation &gt; Input Validation Bypass Tests &gt; should handle empty strings safely" time="0.000127875">
        </testcase>
        <testcase classname="test/security/SecurityTests.spec.ts" name="Security Tests for Data Validation &gt; Input Validation Bypass Tests &gt; should handle special characters safely" time="0.000193667">
        </testcase>
        <testcase classname="test/security/SecurityTests.spec.ts" name="Security Tests for Data Validation &gt; Range Validation Tests &gt; should handle type coercion safely in checkValidRange" time="0.000134083">
        </testcase>
        <testcase classname="test/security/SecurityTests.spec.ts" name="Security Tests for Data Validation &gt; Range Validation Tests &gt; should handle invalid range patterns safely" time="0.000107709">
        </testcase>
        <testcase classname="test/security/SecurityTests.spec.ts" name="Security Tests for Data Validation &gt; ValidationService Security Tests &gt; should handle score validation safely with edge cases" time="0.0002235">
        </testcase>
        <testcase classname="test/security/SecurityTests.spec.ts" name="Security Tests for Data Validation &gt; ValidationService Security Tests &gt; should handle audio validation safely with edge cases" time="0.000206042">
        </testcase>
        <testcase classname="test/security/SecurityTests.spec.ts" name="Security Tests for Data Validation &gt; ValidationService Security Tests &gt; should handle language validation safely with edge cases" time="0.000127">
        </testcase>
        <testcase classname="test/security/SecurityTests.spec.ts" name="Security Tests for Data Validation &gt; Memoization Security Tests &gt; should handle memoization cache key collisions safely" time="0.000135708">
        </testcase>
        <testcase classname="test/security/SecurityTests.spec.ts" name="Security Tests for Data Validation &gt; Memoization Security Tests &gt; should not leak sensitive information through memoization" time="0.000314041">
        </testcase>
    </testsuite>
    <testsuite name="test/services/ErrorHandlingService.spec.ts" timestamp="2025-05-05T03:40:25.072Z" hostname="jonathans-macbook-pro-2.mara-rohu.ts.net" tests="16" failures="0" errors="0" skipped="0" time="0.009625">
        <testcase classname="test/services/ErrorHandlingService.spec.ts" name="ErrorHandlingService &gt; Factory Function &gt; should create an instance of ErrorHandlingService" time="0.000828417">
        </testcase>
        <testcase classname="test/services/ErrorHandlingService.spec.ts" name="ErrorHandlingService &gt; lastErrorCode &gt; should have &apos;0&apos; as the default last error code" time="0.000157208">
        </testcase>
        <testcase classname="test/services/ErrorHandlingService.spec.ts" name="ErrorHandlingService &gt; lastErrorCode &gt; should update the last error code when setter is called" time="0.000282792">
        </testcase>
        <testcase classname="test/services/ErrorHandlingService.spec.ts" name="ErrorHandlingService &gt; throwSCORMError &gt; should set the last error code to the error number" time="0.000843792">
            <system-out>
SCORM Error 101: Error message [Element: api]

            </system-out>
        </testcase>
        <testcase classname="test/services/ErrorHandlingService.spec.ts" name="ErrorHandlingService &gt; throwSCORMError &gt; should call apiLog with the error message" time="0.000618583">
            <system-out>
SCORM Error 101: Error message [Element: api]

            </system-out>
        </testcase>
        <testcase classname="test/services/ErrorHandlingService.spec.ts" name="ErrorHandlingService &gt; throwSCORMError &gt; should use the provided message if available" time="0.000217167">
            <system-out>
SCORM Error 101: Custom error message [Element: api]

            </system-out>
        </testcase>
        <testcase classname="test/services/ErrorHandlingService.spec.ts" name="ErrorHandlingService &gt; throwSCORMError &gt; should get the error message from getLmsErrorMessageDetails if no message is provided" time="0.000230375">
            <system-out>
SCORM Error 101: Error message [Element: api]

            </system-out>
        </testcase>
        <testcase classname="test/services/ErrorHandlingService.spec.ts" name="ErrorHandlingService &gt; clearSCORMError &gt; should clear the last error code if success is not SCORM_FALSE" time="0.000084666">
        </testcase>
        <testcase classname="test/services/ErrorHandlingService.spec.ts" name="ErrorHandlingService &gt; clearSCORMError &gt; should not clear the last error code if success is SCORM_FALSE" time="0.000128709">
        </testcase>
        <testcase classname="test/services/ErrorHandlingService.spec.ts" name="ErrorHandlingService &gt; clearSCORMError &gt; should not clear the last error code if success is undefined" time="0.00007925">
        </testcase>
        <testcase classname="test/services/ErrorHandlingService.spec.ts" name="ErrorHandlingService &gt; handleValueAccessException &gt; should set the last error code from ValidationError" time="0.000159667">
        </testcase>
        <testcase classname="test/services/ErrorHandlingService.spec.ts" name="ErrorHandlingService &gt; handleValueAccessException &gt; should log the error message for Error instances" time="0.001565875">
            <system-out>
Error: General error [Element: api]
Error: General error
    at /Users/putneyj/git/scorm-again/test/services/ErrorHandlingService.spec.ts:141:21
    at file:///Users/putneyj/git/scorm-again/node_modules/@vitest/runner/dist/index.js:103:11
    at file:///Users/putneyj/git/scorm-again/node_modules/@vitest/runner/dist/index.js:596:26
    at file:///Users/putneyj/git/scorm-again/node_modules/@vitest/runner/dist/index.js:879:20
    at new Promise (&lt;anonymous&gt;)
    at runWithTimeout (file:///Users/putneyj/git/scorm-again/node_modules/@vitest/runner/dist/index.js:852:10)
    at runTest (file:///Users/putneyj/git/scorm-again/node_modules/@vitest/runner/dist/index.js:1360:12)
    at processTicksAndRejections (node:internal/process/task_queues:95:5)
    at runSuite (file:///Users/putneyj/git/scorm-again/node_modules/@vitest/runner/dist/index.js:1507:8)
    at runSuite (file:///Users/putneyj/git/scorm-again/node_modules/@vitest/runner/dist/index.js:1507:8)
SCORM Error 101: Error: General error [Element: api]

            </system-out>
        </testcase>
        <testcase classname="test/services/ErrorHandlingService.spec.ts" name="ErrorHandlingService &gt; handleValueAccessException &gt; should log the error for non-Error instances" time="0.000272875">
            <system-out>
Unknown error occurred while accessing [Element: api]
Error details: &quot;String error&quot;
SCORM Error 101: Unknown error [Element: api]

            </system-out>
        </testcase>
        <testcase classname="test/services/ErrorHandlingService.spec.ts" name="ErrorHandlingService &gt; handleValueAccessException &gt; should call throwSCORMError with GENERAL error code for non-ValidationError instances" time="0.003008167">
            <system-out>
Error: General error [Element: api]
Error: General error
    at /Users/putneyj/git/scorm-again/test/services/ErrorHandlingService.spec.ts:155:21
    at file:///Users/putneyj/git/scorm-again/node_modules/@vitest/runner/dist/index.js:103:11
    at file:///Users/putneyj/git/scorm-again/node_modules/@vitest/runner/dist/index.js:596:26
    at file:///Users/putneyj/git/scorm-again/node_modules/@vitest/runner/dist/index.js:879:20
    at new Promise (&lt;anonymous&gt;)
    at runWithTimeout (file:///Users/putneyj/git/scorm-again/node_modules/@vitest/runner/dist/index.js:852:10)
    at runTest (file:///Users/putneyj/git/scorm-again/node_modules/@vitest/runner/dist/index.js:1360:12)
    at processTicksAndRejections (node:internal/process/task_queues:95:5)
    at runSuite (file:///Users/putneyj/git/scorm-again/node_modules/@vitest/runner/dist/index.js:1507:8)
    at runSuite (file:///Users/putneyj/git/scorm-again/node_modules/@vitest/runner/dist/index.js:1507:8)
SCORM Error 101: Error: General error [Element: api]

            </system-out>
        </testcase>
        <testcase classname="test/services/ErrorHandlingService.spec.ts" name="ErrorHandlingService &gt; handleValueAccessException &gt; should return the provided return value for non-ValidationError instances" time="0.000375875">
            <system-out>
Error: General error [Element: api]
Error: General error
    at /Users/putneyj/git/scorm-again/test/services/ErrorHandlingService.spec.ts:169:21
    at file:///Users/putneyj/git/scorm-again/node_modules/@vitest/runner/dist/index.js:103:11
    at file:///Users/putneyj/git/scorm-again/node_modules/@vitest/runner/dist/index.js:596:26
    at file:///Users/putneyj/git/scorm-again/node_modules/@vitest/runner/dist/index.js:879:20
    at new Promise (&lt;anonymous&gt;)
    at runWithTimeout (file:///Users/putneyj/git/scorm-again/node_modules/@vitest/runner/dist/index.js:852:10)
    at runTest (file:///Users/putneyj/git/scorm-again/node_modules/@vitest/runner/dist/index.js:1360:12)
    at processTicksAndRejections (node:internal/process/task_queues:95:5)
    at runSuite (file:///Users/putneyj/git/scorm-again/node_modules/@vitest/runner/dist/index.js:1507:8)
    at runSuite (file:///Users/putneyj/git/scorm-again/node_modules/@vitest/runner/dist/index.js:1507:8)
SCORM Error 101: Error: General error [Element: api]

            </system-out>
        </testcase>
        <testcase classname="test/services/ErrorHandlingService.spec.ts" name="ErrorHandlingService &gt; errorCodes &gt; should return the error codes object" time="0.000083625">
        </testcase>
    </testsuite>
    <testsuite name="test/services/EventService.spec.ts" timestamp="2025-05-05T03:40:25.073Z" hostname="jonathans-macbook-pro-2.mara-rohu.ts.net" tests="19" failures="0" errors="0" skipped="0" time="0.007481625">
        <testcase classname="test/services/EventService.spec.ts" name="EventService &gt; Basic Event Registration and Triggering &gt; should register and trigger a simple event listener" time="0.000953542">
        </testcase>
        <testcase classname="test/services/EventService.spec.ts" name="EventService &gt; Basic Event Registration and Triggering &gt; should register and trigger multiple event listeners for the same event" time="0.000223709">
        </testcase>
        <testcase classname="test/services/EventService.spec.ts" name="EventService &gt; Basic Event Registration and Triggering &gt; should register and trigger event listeners with CMI element filtering" time="0.003232125">
        </testcase>
        <testcase classname="test/services/EventService.spec.ts" name="EventService &gt; Event Removal &gt; should remove a specific event listener" time="0.000538125">
        </testcase>
        <testcase classname="test/services/EventService.spec.ts" name="EventService &gt; Event Removal &gt; should clear all listeners for a specific event" time="0.000210875">
        </testcase>
        <testcase classname="test/services/EventService.spec.ts" name="EventService &gt; Event Removal &gt; should only remove the specified listener when multiple exist" time="0.0001595">
        </testcase>
        <testcase classname="test/services/EventService.spec.ts" name="EventService &gt; Wildcard Event Matching &gt; should match events with wildcard patterns" time="0.000190167">
        </testcase>
        <testcase classname="test/services/EventService.spec.ts" name="EventService &gt; Wildcard Event Matching &gt; should not match events that don&apos;t match the wildcard pattern" time="0.000126625">
        </testcase>
        <testcase classname="test/services/EventService.spec.ts" name="EventService &gt; Wildcard Event Matching &gt; should handle wildcard patterns at different positions" time="0.000139083">
        </testcase>
        <testcase classname="test/services/EventService.spec.ts" name="EventService &gt; Multiple Event Registration &gt; should register multiple events in a single call" time="0.000091292">
        </testcase>
        <testcase classname="test/services/EventService.spec.ts" name="EventService &gt; Multiple Event Registration &gt; should handle removal of multiple events registered in a single call" time="0.000068792">
        </testcase>
        <testcase classname="test/services/EventService.spec.ts" name="EventService &gt; Special Event Types &gt; should handle Sequence events correctly" time="0.000130375">
        </testcase>
        <testcase classname="test/services/EventService.spec.ts" name="EventService &gt; Special Event Types &gt; should handle CommitError events correctly" time="0.000138459">
        </testcase>
        <testcase classname="test/services/EventService.spec.ts" name="EventService &gt; Special Event Types &gt; should handle CommitSuccess events correctly" time="0.000248334">
        </testcase>
        <testcase classname="test/services/EventService.spec.ts" name="EventService &gt; Edge Cases &gt; should handle empty event names gracefully" time="0.000064125">
        </testcase>
        <testcase classname="test/services/EventService.spec.ts" name="EventService &gt; Edge Cases &gt; should handle null callbacks gracefully" time="0.000041208">
        </testcase>
        <testcase classname="test/services/EventService.spec.ts" name="EventService &gt; Edge Cases &gt; should handle undefined CMI elements gracefully" time="0.000090666">
        </testcase>
        <testcase classname="test/services/EventService.spec.ts" name="EventService &gt; Reset Functionality &gt; should clear all listeners when reset is called" time="0.000081292">
        </testcase>
        <testcase classname="test/services/EventService.spec.ts" name="EventService &gt; Reset Functionality &gt; should allow registering new listeners after reset" time="0.000072583">
        </testcase>
    </testsuite>
    <testsuite name="test/services/HttpService.spec.ts" timestamp="2025-05-05T03:40:25.074Z" hostname="jonathans-macbook-pro-2.mara-rohu.ts.net" tests="24" failures="0" errors="0" skipped="0" time="0.012025">
        <testcase classname="test/services/HttpService.spec.ts" name="HttpService &gt; processHttpRequest &gt; should call fetch with the correct parameters" time="0.001990334">
        </testcase>
        <testcase classname="test/services/HttpService.spec.ts" name="HttpService &gt; processHttpRequest &gt; should handle immediate requests with fetch" time="0.000375333">
        </testcase>
        <testcase classname="test/services/HttpService.spec.ts" name="HttpService &gt; processHttpRequest &gt; should use sendBeacon for immediate requests when useBeaconInsteadOfFetch is &apos;on-terminate&apos;" time="0.002456417">
        </testcase>
        <testcase classname="test/services/HttpService.spec.ts" name="HttpService &gt; processHttpRequest &gt; should use sendBeacon for all requests when useBeaconInsteadOfFetch is &apos;always&apos;" time="0.00107525">
        </testcase>
        <testcase classname="test/services/HttpService.spec.ts" name="HttpService &gt; processHttpRequest &gt; should handle array params with sendBeacon" time="0.000840125">
        </testcase>
        <testcase classname="test/services/HttpService.spec.ts" name="HttpService &gt; processHttpRequest &gt; should handle sendBeacon failure" time="0.000416834">
        </testcase>
        <testcase classname="test/services/HttpService.spec.ts" name="HttpService &gt; processHttpRequest &gt; should test the mock response json method from performBeacon" time="0.000304666">
        </testcase>
        <testcase classname="test/services/HttpService.spec.ts" name="HttpService &gt; processHttpRequest &gt; should test the mock response text method from performBeacon" time="0.000107958">
        </testcase>
        <testcase classname="test/services/HttpService.spec.ts" name="HttpService &gt; processHttpRequest &gt; should test the mock response json method from performBeacon when sendBeacon fails" time="0.000160417">
        </testcase>
        <testcase classname="test/services/HttpService.spec.ts" name="HttpService &gt; processHttpRequest &gt; should test the mock response text method from performBeacon when sendBeacon fails" time="0.00010125">
        </testcase>
        <testcase classname="test/services/HttpService.spec.ts" name="HttpService &gt; processHttpRequest &gt; should call requestHandler with params" time="0.000448875">
        </testcase>
        <testcase classname="test/services/HttpService.spec.ts" name="HttpService &gt; processHttpRequest &gt; should call responseHandler with response" time="0.000203459">
        </testcase>
        <testcase classname="test/services/HttpService.spec.ts" name="HttpService &gt; processHttpRequest &gt; should call processListeners with CommitSuccess on successful response" time="0.000200541">
        </testcase>
        <testcase classname="test/services/HttpService.spec.ts" name="HttpService &gt; processHttpRequest &gt; should call processListeners with CommitError on failed response" time="0.000323167">
        </testcase>
        <testcase classname="test/services/HttpService.spec.ts" name="HttpService &gt; processHttpRequest &gt; should add errorCode when response doesn&apos;t have one but is successful" time="0.000256208">
        </testcase>
        <testcase classname="test/services/HttpService.spec.ts" name="HttpService &gt; processHttpRequest &gt; should add errorCode when response doesn&apos;t have one and is not successful" time="0.000196958">
        </testcase>
        <testcase classname="test/services/HttpService.spec.ts" name="HttpService &gt; processHttpRequest &gt; should handle response without result property" time="0.000299042">
        </testcase>
        <testcase classname="test/services/HttpService.spec.ts" name="HttpService &gt; processHttpRequest &gt; should handle when responseHandler is not a function" time="0.0002855">
        </testcase>
        <testcase classname="test/services/HttpService.spec.ts" name="HttpService &gt; processHttpRequest &gt; should handle fetch errors" time="0.000239375">
        </testcase>
        <testcase classname="test/services/HttpService.spec.ts" name="HttpService &gt; processHttpRequest &gt; should handle array params" time="0.000223334">
        </testcase>
        <testcase classname="test/services/HttpService.spec.ts" name="HttpService &gt; processHttpRequest &gt; should handle response parsing errors" time="0.000197791">
        </testcase>
        <testcase classname="test/services/HttpService.spec.ts" name="HttpService &gt; processHttpRequest &gt; should handle different content types in the request" time="0.000175">
        </testcase>
        <testcase classname="test/services/HttpService.spec.ts" name="HttpService &gt; processHttpRequest &gt; should test _isSuccessResponse with different status codes" time="0.000121333">
        </testcase>
        <testcase classname="test/services/HttpService.spec.ts" name="HttpService &gt; updateSettings &gt; should update the settings" time="0.000187167">
        </testcase>
    </testsuite>
    <testsuite name="test/services/LoggingService.spec.ts" timestamp="2025-05-05T03:40:25.075Z" hostname="jonathans-macbook-pro-2.mara-rohu.ts.net" tests="21" failures="0" errors="0" skipped="0" time="0.006544958">
        <testcase classname="test/services/LoggingService.spec.ts" name="LoggingService &gt; Singleton Pattern &gt; should always return the same instance" time="0.001496542">
        </testcase>
        <testcase classname="test/services/LoggingService.spec.ts" name="LoggingService &gt; Log Level Management &gt; should have ERROR as the default log level" time="0.000249708">
        </testcase>
        <testcase classname="test/services/LoggingService.spec.ts" name="LoggingService &gt; Log Level Management &gt; should update the log level when setLogLevel is called" time="0.00025025">
        </testcase>
        <testcase classname="test/services/LoggingService.spec.ts" name="LoggingService &gt; Log Handler Management &gt; should use the default log handler by default" time="0.000664792">
        </testcase>
        <testcase classname="test/services/LoggingService.spec.ts" name="LoggingService &gt; Log Handler Management &gt; should use a custom log handler when set" time="0.000235">
        </testcase>
        <testcase classname="test/services/LoggingService.spec.ts" name="LoggingService &gt; Logging Methods &gt; should call log method with correct parameters" time="0.000286125">
        </testcase>
        <testcase classname="test/services/LoggingService.spec.ts" name="LoggingService &gt; Logging Methods &gt; should call console.error when logging error messages" time="0.000186708">
        </testcase>
        <testcase classname="test/services/LoggingService.spec.ts" name="LoggingService &gt; Logging Methods &gt; should not log messages below the current log level" time="0.000096375">
        </testcase>
        <testcase classname="test/services/LoggingService.spec.ts" name="LoggingService &gt; Logging Methods &gt; should log messages at or above the current log level" time="0.000218541">
        </testcase>
        <testcase classname="test/services/LoggingService.spec.ts" name="LoggingService &gt; Default Log Handler &gt; should call console.error for ERROR level messages" time="0.000174208">
        </testcase>
        <testcase classname="test/services/LoggingService.spec.ts" name="LoggingService &gt; Default Log Handler &gt; should call console.warn for WARN level messages" time="0.000110666">
        </testcase>
        <testcase classname="test/services/LoggingService.spec.ts" name="LoggingService &gt; Default Log Handler &gt; should call console.info for INFO level messages" time="0.000104166">
        </testcase>
        <testcase classname="test/services/LoggingService.spec.ts" name="LoggingService &gt; Default Log Handler &gt; should call console.debug for DEBUG level messages if available" time="0.000152208">
        </testcase>
        <testcase classname="test/services/LoggingService.spec.ts" name="LoggingService &gt; Default Log Handler &gt; should call console.log for DEBUG level messages if console.debug is not available" time="0.000284041">
        </testcase>
        <testcase classname="test/services/LoggingService.spec.ts" name="LoggingService &gt; Default Log Handler &gt; should handle string log levels in the default handler" time="0.000154833">
        </testcase>
        <testcase classname="test/services/LoggingService.spec.ts" name="LoggingService &gt; Default Log Handler &gt; should handle numeric string log levels in the default handler" time="0.000222667">
        </testcase>
        <testcase classname="test/services/LoggingService.spec.ts" name="LoggingService &gt; Numeric Level Conversion &gt; should return NONE for undefined level" time="0.000093667">
        </testcase>
        <testcase classname="test/services/LoggingService.spec.ts" name="LoggingService &gt; Numeric Level Conversion &gt; should return the same number for numeric levels" time="0.000120417">
        </testcase>
        <testcase classname="test/services/LoggingService.spec.ts" name="LoggingService &gt; Numeric Level Conversion &gt; should convert string numeric levels to numbers" time="0.000122042">
        </testcase>
        <testcase classname="test/services/LoggingService.spec.ts" name="LoggingService &gt; Numeric Level Conversion &gt; should convert string named levels to numbers" time="0.000166167">
        </testcase>
        <testcase classname="test/services/LoggingService.spec.ts" name="LoggingService &gt; Numeric Level Conversion &gt; should default to ERROR for unknown levels" time="0.0001235">
        </testcase>
    </testsuite>
    <testsuite name="test/services/OfflineStorageService.spec.ts" timestamp="2025-05-05T03:40:25.076Z" hostname="jonathans-macbook-pro-2.mara-rohu.ts.net" tests="27" failures="0" errors="0" skipped="0" time="0.006975917">
        <testcase classname="test/services/OfflineStorageService.spec.ts" name="OfflineStorageService Tests &gt; constructor &gt; should initialize with the provided settings and error codes" time="0.000602042">
        </testcase>
        <testcase classname="test/services/OfflineStorageService.spec.ts" name="OfflineStorageService Tests &gt; constructor &gt; should set up event listeners for online/offline events" time="0.000967625">
        </testcase>
        <testcase classname="test/services/OfflineStorageService.spec.ts" name="OfflineStorageService Tests &gt; isDeviceOnline &gt; should return true when device is online" time="0.000160709">
        </testcase>
        <testcase classname="test/services/OfflineStorageService.spec.ts" name="OfflineStorageService Tests &gt; isDeviceOnline &gt; should return false when device is offline" time="0.000105458">
        </testcase>
        <testcase classname="test/services/OfflineStorageService.spec.ts" name="OfflineStorageService Tests &gt; storeOffline &gt; should store data offline and return success" time="0.000388375">
        </testcase>
        <testcase classname="test/services/OfflineStorageService.spec.ts" name="OfflineStorageService Tests &gt; storeOffline &gt; should handle errors during storage" time="0.00027">
        </testcase>
        <testcase classname="test/services/OfflineStorageService.spec.ts" name="OfflineStorageService Tests &gt; getOfflineData &gt; should retrieve stored offline data" time="0.000276083">
        </testcase>
        <testcase classname="test/services/OfflineStorageService.spec.ts" name="OfflineStorageService Tests &gt; getOfflineData &gt; should return null when no data exists" time="0.000088125">
        </testcase>
        <testcase classname="test/services/OfflineStorageService.spec.ts" name="OfflineStorageService Tests &gt; getOfflineData &gt; should handle errors during retrieval" time="0.000201541">
        </testcase>
        <testcase classname="test/services/OfflineStorageService.spec.ts" name="OfflineStorageService Tests &gt; hasPendingOfflineData &gt; should return true when there is pending data for the course" time="0.00015225">
        </testcase>
        <testcase classname="test/services/OfflineStorageService.spec.ts" name="OfflineStorageService Tests &gt; hasPendingOfflineData &gt; should return false when there is no pending data for the course" time="0.000064625">
        </testcase>
        <testcase classname="test/services/OfflineStorageService.spec.ts" name="OfflineStorageService Tests &gt; syncOfflineData &gt; should not sync when already in progress" time="0.000151291">
        </testcase>
        <testcase classname="test/services/OfflineStorageService.spec.ts" name="OfflineStorageService Tests &gt; syncOfflineData &gt; should not sync when offline" time="0.000062917">
        </testcase>
        <testcase classname="test/services/OfflineStorageService.spec.ts" name="OfflineStorageService Tests &gt; syncOfflineData &gt; should return true when there is no data to sync" time="0.0001775">
        </testcase>
        <testcase classname="test/services/OfflineStorageService.spec.ts" name="OfflineStorageService Tests &gt; syncOfflineData &gt; should successfully sync offline data" time="0.000571541">
        </testcase>
        <testcase classname="test/services/OfflineStorageService.spec.ts" name="OfflineStorageService Tests &gt; syncOfflineData &gt; should handle sync failures and increment attempt count" time="0.000215458">
        </testcase>
        <testcase classname="test/services/OfflineStorageService.spec.ts" name="OfflineStorageService Tests &gt; syncOfflineData &gt; should skip items that have been attempted too many times" time="0.000142375">
        </testcase>
        <testcase classname="test/services/OfflineStorageService.spec.ts" name="OfflineStorageService Tests &gt; syncOfflineData &gt; should handle errors during the sync process" time="0.000083834">
        </testcase>
        <testcase classname="test/services/OfflineStorageService.spec.ts" name="OfflineStorageService Tests &gt; updateSettings &gt; should update the service settings" time="0.000068167">
        </testcase>
        <testcase classname="test/services/OfflineStorageService.spec.ts" name="OfflineStorageService Tests &gt; handleOnlineStatusChange &gt; should trigger sync when coming back online" time="0.0005065">
        </testcase>
        <testcase classname="test/services/OfflineStorageService.spec.ts" name="OfflineStorageService Tests &gt; handleOnlineStatusChange &gt; should log when going offline" time="0.000144042">
        </testcase>
        <testcase classname="test/services/OfflineStorageService.spec.ts" name="OfflineStorageService Tests &gt; private methods &gt; sendDataToLMS &gt; should fail when lmsCommitUrl is not set" time="0.000057833">
        </testcase>
        <testcase classname="test/services/OfflineStorageService.spec.ts" name="OfflineStorageService Tests &gt; private methods &gt; sendDataToLMS &gt; should handle network errors" time="0.000089708">
        </testcase>
        <testcase classname="test/services/OfflineStorageService.spec.ts" name="OfflineStorageService Tests &gt; private methods &gt; sendDataToLMS &gt; should apply request handler if configured" time="0.0002425">
        </testcase>
        <testcase classname="test/services/OfflineStorageService.spec.ts" name="OfflineStorageService Tests &gt; private methods &gt; sendDataToLMS &gt; should use response handler if configured" time="0.000091167">
        </testcase>
        <testcase classname="test/services/OfflineStorageService.spec.ts" name="OfflineStorageService Tests &gt; private methods &gt; getFromStorage and saveToStorage &gt; should save and retrieve data from localStorage" time="0.000071583">
        </testcase>
        <testcase classname="test/services/OfflineStorageService.spec.ts" name="OfflineStorageService Tests &gt; private methods &gt; getFromStorage and saveToStorage &gt; should handle JSON parse errors in getFromStorage" time="0.000050333">
        </testcase>
    </testsuite>
    <testsuite name="test/services/SerializationService.spec.ts" timestamp="2025-05-05T03:40:25.077Z" hostname="jonathans-macbook-pro-2.mara-rohu.ts.net" tests="11" failures="0" errors="0" skipped="0" time="0.01167275">
        <testcase classname="test/services/SerializationService.spec.ts" name="SerializationService &gt; loadFromFlattenedJSON &gt; should call loadFromJSON with unflatten for each key-value pair" time="0.007936125">
        </testcase>
        <testcase classname="test/services/SerializationService.spec.ts" name="SerializationService &gt; loadFromFlattenedJSON &gt; should not proceed if not initialized" time="0.000762916">
        </testcase>
        <testcase classname="test/services/SerializationService.spec.ts" name="SerializationService &gt; loadFromJSON &gt; should process JSON object" time="0.000323709">
        </testcase>
        <testcase classname="test/services/SerializationService.spec.ts" name="SerializationService &gt; loadFromJSON &gt; should not proceed if not initialized" time="0.00024575">
        </testcase>
        <testcase classname="test/services/SerializationService.spec.ts" name="SerializationService &gt; loadFromJSON &gt; should handle array values in JSON" time="0.000318292">
        </testcase>
        <testcase classname="test/services/SerializationService.spec.ts" name="SerializationService &gt; renderCMIToJSONString &gt; should return full JSON string when sendFullCommit is true" time="0.000155041">
        </testcase>
        <testcase classname="test/services/SerializationService.spec.ts" name="SerializationService &gt; renderCMIToJSONString &gt; should replace undefined values with null when sendFullCommit is false" time="0.000072167">
        </testcase>
        <testcase classname="test/services/SerializationService.spec.ts" name="SerializationService &gt; renderCMIToJSONObject &gt; should return a JSON object representation of the CMI" time="0.000314083">
        </testcase>
        <testcase classname="test/services/SerializationService.spec.ts" name="SerializationService &gt; getCommitObject &gt; should call renderCommitObject when renderCommonCommitFields is true" time="0.000213375">
        </testcase>
        <testcase classname="test/services/SerializationService.spec.ts" name="SerializationService &gt; getCommitObject &gt; should call renderCommitCMI when renderCommonCommitFields is false" time="0.0002065">
        </testcase>
        <testcase classname="test/services/SerializationService.spec.ts" name="SerializationService &gt; getCommitObject &gt; should log debug information when log level is DEBUG" time="0.000083334">
        </testcase>
    </testsuite>
    <testsuite name="test/services/SerializationService.totalTime.spec.ts" timestamp="2025-05-05T03:40:25.077Z" hostname="jonathans-macbook-pro-2.mara-rohu.ts.net" tests="2" failures="0" errors="0" skipped="0" time="0.00514275">
        <testcase classname="test/services/SerializationService.totalTime.spec.ts" name="SerializationService - Total Time Calculation &gt; should treat alwaysSendTotalTime as a flag to include total time in commit data" time="0.001369125">
        </testcase>
        <testcase classname="test/services/SerializationService.totalTime.spec.ts" name="SerializationService - Total Time Calculation &gt; should separate the concerns of including total time and terminating the session" time="0.000209667">
        </testcase>
    </testsuite>
    <testsuite name="test/services/ValidationService.spec.ts" timestamp="2025-05-05T03:40:25.077Z" hostname="jonathans-macbook-pro-2.mara-rohu.ts.net" tests="13" failures="0" errors="0" skipped="0" time="0.002651584">
        <testcase classname="test/services/ValidationService.spec.ts" name="ValidationService &gt; validateScore &gt; should return true for valid score values" time="0.000539958">
        </testcase>
        <testcase classname="test/services/ValidationService.spec.ts" name="ValidationService &gt; validateScore &gt; should throw an error for invalid score format" time="0.000396334">
        </testcase>
        <testcase classname="test/services/ValidationService.spec.ts" name="ValidationService &gt; validateScorm12Audio &gt; should return true for valid audio values" time="0.000175458">
        </testcase>
        <testcase classname="test/services/ValidationService.spec.ts" name="ValidationService &gt; validateScorm12Audio &gt; should throw an error for invalid audio values" time="0.000168083">
        </testcase>
        <testcase classname="test/services/ValidationService.spec.ts" name="ValidationService &gt; validateScorm12Language &gt; should return true for valid language values" time="0.000052042">
        </testcase>
        <testcase classname="test/services/ValidationService.spec.ts" name="ValidationService &gt; validateScorm12Language &gt; should throw an error for invalid language values" time="0.000074917">
        </testcase>
        <testcase classname="test/services/ValidationService.spec.ts" name="ValidationService &gt; validateScorm12Speed &gt; should return true for valid speed values" time="0.000046916">
        </testcase>
        <testcase classname="test/services/ValidationService.spec.ts" name="ValidationService &gt; validateScorm12Speed &gt; should throw an error for invalid speed values" time="0.000153041">
        </testcase>
        <testcase classname="test/services/ValidationService.spec.ts" name="ValidationService &gt; validateScorm12Text &gt; should return true for valid text values" time="0.000088625">
        </testcase>
        <testcase classname="test/services/ValidationService.spec.ts" name="ValidationService &gt; validateScorm12Text &gt; should throw an error for invalid text values" time="0.000137667">
        </testcase>
        <testcase classname="test/services/ValidationService.spec.ts" name="ValidationService &gt; validateReadOnly &gt; should not throw an error when initialized is false" time="0.000065083">
        </testcase>
        <testcase classname="test/services/ValidationService.spec.ts" name="ValidationService &gt; validateReadOnly &gt; should throw a Scorm12ValidationError when initialized is true" time="0.000111958">
        </testcase>
        <testcase classname="test/services/ValidationService.spec.ts" name="ValidationService &gt; Singleton Instance &gt; should export a singleton instance of ValidationService" time="0.000058">
        </testcase>
    </testsuite>
    <testsuite name="test/types/api_types.spec.ts" timestamp="2025-05-05T03:40:25.078Z" hostname="jonathans-macbook-pro-2.mara-rohu.ts.net" tests="4" failures="0" errors="0" skipped="0" time="0.004379791">
        <testcase classname="test/types/api_types.spec.ts" name="Settings Type &gt; should have correct default values" time="0.000982167">
        </testcase>
        <testcase classname="test/types/api_types.spec.ts" name="Settings Type &gt; should handle response correctly in responseHandler" time="0.001338792">
        </testcase>
        <testcase classname="test/types/api_types.spec.ts" name="Settings Type &gt; should handle request correctly in requestHandler" time="0.000058042">
        </testcase>
        <testcase classname="test/types/api_types.spec.ts" name="Settings Type &gt; should log messages correctly in onLogMessage" time="0.001558042">
            <system-out>
2 message - number
2 message - number
2 message - string
INFO message - string
1 message - number
1 message - number
1 message - string
DEBUG message - string

            </system-out>
            <system-err>
4 message - number
4 message - number
4 message - string
ERROR message - string
3 message - number
3 message - number
3 message - string
WARN message - string

            </system-err>
        </testcase>
    </testsuite>
    <testsuite name="test/utils/exceptions.spec.ts" timestamp="2025-05-05T03:40:25.078Z" hostname="jonathans-macbook-pro-2.mara-rohu.ts.net" tests="108" failures="0" errors="0" skipped="0" time="0.005075666">
        <testcase classname="test/utils/exceptions.spec.ts" name="Exception Tests &gt; ValidationException should return message string" time="0.000667375">
        </testcase>
        <testcase classname="test/utils/exceptions.spec.ts" name="Exception Tests &gt; ValidationException should return errorCode number" time="0.000125625">
        </testcase>
        <testcase classname="test/utils/exceptions.spec.ts" name="Exception Tests &gt; ValidationError: function &gt; function should return general errorCode number when not recognized" time="0.000093875">
        </testcase>
        <testcase classname="test/utils/exceptions.spec.ts" name="Exception Tests &gt; ValidationError: function &gt; function  should return general message when not recognized" time="0.0001235">
        </testcase>
        <testcase classname="test/utils/exceptions.spec.ts" name="Exception Tests &gt; ValidationError: function &gt; function should return proper errorCode number when recognized" time="0.000061084">
        </testcase>
        <testcase classname="test/utils/exceptions.spec.ts" name="Exception Tests &gt; ValidationError: function &gt; function should return proper 101 message" time="0.000046625">
        </testcase>
        <testcase classname="test/utils/exceptions.spec.ts" name="Exception Tests &gt; ValidationError: function &gt; function should return proper errorCode number when recognized" time="0.000037083">
        </testcase>
        <testcase classname="test/utils/exceptions.spec.ts" name="Exception Tests &gt; ValidationError: function &gt; function should return proper 201 message" time="0.000030833">
        </testcase>
        <testcase classname="test/utils/exceptions.spec.ts" name="Exception Tests &gt; ValidationError: function &gt; function should return proper errorCode number when recognized" time="0.000132459">
        </testcase>
        <testcase classname="test/utils/exceptions.spec.ts" name="Exception Tests &gt; ValidationError: function &gt; function should return proper 202 message" time="0.00005725">
        </testcase>
        <testcase classname="test/utils/exceptions.spec.ts" name="Exception Tests &gt; ValidationError: function &gt; function should return proper errorCode number when recognized" time="0.000038667">
        </testcase>
        <testcase classname="test/utils/exceptions.spec.ts" name="Exception Tests &gt; ValidationError: function &gt; function should return proper 203 message" time="0.000034709">
        </testcase>
        <testcase classname="test/utils/exceptions.spec.ts" name="Exception Tests &gt; ValidationError: function &gt; function should return proper errorCode number when recognized" time="0.000029375">
        </testcase>
        <testcase classname="test/utils/exceptions.spec.ts" name="Exception Tests &gt; ValidationError: function &gt; function should return proper 301 message" time="0.000167625">
        </testcase>
        <testcase classname="test/utils/exceptions.spec.ts" name="Exception Tests &gt; ValidationError: function &gt; function should return proper errorCode number when recognized" time="0.000051167">
        </testcase>
        <testcase classname="test/utils/exceptions.spec.ts" name="Exception Tests &gt; ValidationError: function &gt; function should return proper 401 message" time="0.00003275">
        </testcase>
        <testcase classname="test/utils/exceptions.spec.ts" name="Exception Tests &gt; ValidationError: function &gt; function should return proper errorCode number when recognized" time="0.000029542">
        </testcase>
        <testcase classname="test/utils/exceptions.spec.ts" name="Exception Tests &gt; ValidationError: function &gt; function should return proper 402 message" time="0.000026792">
        </testcase>
        <testcase classname="test/utils/exceptions.spec.ts" name="Exception Tests &gt; ValidationError: function &gt; function should return proper errorCode number when recognized" time="0.000027542">
        </testcase>
        <testcase classname="test/utils/exceptions.spec.ts" name="Exception Tests &gt; ValidationError: function &gt; function should return proper 403 message" time="0.000027625">
        </testcase>
        <testcase classname="test/utils/exceptions.spec.ts" name="Exception Tests &gt; ValidationError: function &gt; function should return proper errorCode number when recognized" time="0.000055667">
        </testcase>
        <testcase classname="test/utils/exceptions.spec.ts" name="Exception Tests &gt; ValidationError: function &gt; function should return proper 404 message" time="0.000027084">
        </testcase>
        <testcase classname="test/utils/exceptions.spec.ts" name="Exception Tests &gt; ValidationError: function &gt; function should return proper errorCode number when recognized" time="0.000026958">
        </testcase>
        <testcase classname="test/utils/exceptions.spec.ts" name="Exception Tests &gt; ValidationError: function &gt; function should return proper 405 message" time="0.000026541">
        </testcase>
        <testcase classname="test/utils/exceptions.spec.ts" name="Exception Tests &gt; ValidationError: function &gt; function should return proper errorCode number when recognized" time="0.000025625">
        </testcase>
        <testcase classname="test/utils/exceptions.spec.ts" name="Exception Tests &gt; ValidationError: function &gt; function should return proper 407 message" time="0.000023916">
        </testcase>
        <testcase classname="test/utils/exceptions.spec.ts" name="Exception Tests &gt; ValidationError: function &gt; function should return proper errorCode number when recognized" time="0.000023709">
        </testcase>
        <testcase classname="test/utils/exceptions.spec.ts" name="Exception Tests &gt; ValidationError: function &gt; function should return proper 408 message" time="0.000026625">
        </testcase>
        <testcase classname="test/utils/exceptions.spec.ts" name="Exception Tests &gt; ValidationError: function &gt; function should return general errorCode number when not recognized" time="0.000050625">
        </testcase>
        <testcase classname="test/utils/exceptions.spec.ts" name="Exception Tests &gt; ValidationError: function &gt; function  should return general message when not recognized" time="0.000027791">
        </testcase>
        <testcase classname="test/utils/exceptions.spec.ts" name="Exception Tests &gt; ValidationError: function &gt; function should return proper errorCode number when recognized" time="0.000027958">
        </testcase>
        <testcase classname="test/utils/exceptions.spec.ts" name="Exception Tests &gt; ValidationError: function &gt; function should return proper 101 message" time="0.000024708">
        </testcase>
        <testcase classname="test/utils/exceptions.spec.ts" name="Exception Tests &gt; ValidationError: function &gt; function should return proper errorCode number when recognized" time="0.000025209">
        </testcase>
        <testcase classname="test/utils/exceptions.spec.ts" name="Exception Tests &gt; ValidationError: function &gt; function should return proper 201 message" time="0.000024834">
        </testcase>
        <testcase classname="test/utils/exceptions.spec.ts" name="Exception Tests &gt; ValidationError: function &gt; function should return proper errorCode number when recognized" time="0.000023292">
        </testcase>
        <testcase classname="test/utils/exceptions.spec.ts" name="Exception Tests &gt; ValidationError: function &gt; function should return proper 202 message" time="0.000024292">
        </testcase>
        <testcase classname="test/utils/exceptions.spec.ts" name="Exception Tests &gt; ValidationError: function &gt; function should return proper errorCode number when recognized" time="0.00002475">
        </testcase>
        <testcase classname="test/utils/exceptions.spec.ts" name="Exception Tests &gt; ValidationError: function &gt; function should return proper 203 message" time="0.000024">
        </testcase>
        <testcase classname="test/utils/exceptions.spec.ts" name="Exception Tests &gt; ValidationError: function &gt; function should return proper errorCode number when recognized" time="0.000059625">
        </testcase>
        <testcase classname="test/utils/exceptions.spec.ts" name="Exception Tests &gt; ValidationError: function &gt; function should return proper 301 message" time="0.000026625">
        </testcase>
        <testcase classname="test/utils/exceptions.spec.ts" name="Exception Tests &gt; ValidationError: function &gt; function should return proper errorCode number when recognized" time="0.000028167">
        </testcase>
        <testcase classname="test/utils/exceptions.spec.ts" name="Exception Tests &gt; ValidationError: function &gt; function should return proper 401 message" time="0.000023584">
        </testcase>
        <testcase classname="test/utils/exceptions.spec.ts" name="Exception Tests &gt; ValidationError: function &gt; function should return proper errorCode number when recognized" time="0.00002375">
        </testcase>
        <testcase classname="test/utils/exceptions.spec.ts" name="Exception Tests &gt; ValidationError: function &gt; function should return proper 402 message" time="0.000022875">
        </testcase>
        <testcase classname="test/utils/exceptions.spec.ts" name="Exception Tests &gt; ValidationError: function &gt; function should return proper errorCode number when recognized" time="0.000022708">
        </testcase>
        <testcase classname="test/utils/exceptions.spec.ts" name="Exception Tests &gt; ValidationError: function &gt; function should return proper 403 message" time="0.000024875">
        </testcase>
        <testcase classname="test/utils/exceptions.spec.ts" name="Exception Tests &gt; ValidationError: function &gt; function should return proper errorCode number when recognized" time="0.000025458">
        </testcase>
        <testcase classname="test/utils/exceptions.spec.ts" name="Exception Tests &gt; ValidationError: function &gt; function should return proper 404 message" time="0.000022541">
        </testcase>
        <testcase classname="test/utils/exceptions.spec.ts" name="Exception Tests &gt; ValidationError: function &gt; function should return proper errorCode number when recognized" time="0.000022458">
        </testcase>
        <testcase classname="test/utils/exceptions.spec.ts" name="Exception Tests &gt; ValidationError: function &gt; function should return proper 405 message" time="0.000023667">
        </testcase>
        <testcase classname="test/utils/exceptions.spec.ts" name="Exception Tests &gt; ValidationError: function &gt; function should return proper errorCode number when recognized" time="0.000071875">
        </testcase>
        <testcase classname="test/utils/exceptions.spec.ts" name="Exception Tests &gt; ValidationError: function &gt; function should return proper 407 message" time="0.000026583">
        </testcase>
        <testcase classname="test/utils/exceptions.spec.ts" name="Exception Tests &gt; ValidationError: function &gt; function should return proper errorCode number when recognized" time="0.000025042">
        </testcase>
        <testcase classname="test/utils/exceptions.spec.ts" name="Exception Tests &gt; ValidationError: function &gt; function should return proper 408 message" time="0.000022834">
        </testcase>
        <testcase classname="test/utils/exceptions.spec.ts" name="Exception Tests &gt; ValidationError: function &gt; function should return general errorCode number when not recognized" time="0.000044792">
        </testcase>
        <testcase classname="test/utils/exceptions.spec.ts" name="Exception Tests &gt; ValidationError: function &gt; function  should return general message when not recognized" time="0.000025834">
        </testcase>
        <testcase classname="test/utils/exceptions.spec.ts" name="Exception Tests &gt; ValidationError: function &gt; function should return proper errorCode number when recognized" time="0.000024917">
        </testcase>
        <testcase classname="test/utils/exceptions.spec.ts" name="Exception Tests &gt; ValidationError: function &gt; function should return proper 0 message" time="0.000025833">
        </testcase>
        <testcase classname="test/utils/exceptions.spec.ts" name="Exception Tests &gt; ValidationError: function &gt; function should return proper errorCode number when recognized" time="0.000023667">
        </testcase>
        <testcase classname="test/utils/exceptions.spec.ts" name="Exception Tests &gt; ValidationError: function &gt; function should return proper 101 message" time="0.000022208">
        </testcase>
        <testcase classname="test/utils/exceptions.spec.ts" name="Exception Tests &gt; ValidationError: function &gt; function should return proper errorCode number when recognized" time="0.000025">
        </testcase>
        <testcase classname="test/utils/exceptions.spec.ts" name="Exception Tests &gt; ValidationError: function &gt; function should return proper 102 message" time="0.000025084">
        </testcase>
        <testcase classname="test/utils/exceptions.spec.ts" name="Exception Tests &gt; ValidationError: function &gt; function should return proper errorCode number when recognized" time="0.000022167">
        </testcase>
        <testcase classname="test/utils/exceptions.spec.ts" name="Exception Tests &gt; ValidationError: function &gt; function should return proper 103 message" time="0.000022709">
        </testcase>
        <testcase classname="test/utils/exceptions.spec.ts" name="Exception Tests &gt; ValidationError: function &gt; function should return proper errorCode number when recognized" time="0.0000245">
        </testcase>
        <testcase classname="test/utils/exceptions.spec.ts" name="Exception Tests &gt; ValidationError: function &gt; function should return proper 104 message" time="0.000061458">
        </testcase>
        <testcase classname="test/utils/exceptions.spec.ts" name="Exception Tests &gt; ValidationError: function &gt; function should return proper errorCode number when recognized" time="0.000025917">
        </testcase>
        <testcase classname="test/utils/exceptions.spec.ts" name="Exception Tests &gt; ValidationError: function &gt; function should return proper 111 message" time="0.000023292">
        </testcase>
        <testcase classname="test/utils/exceptions.spec.ts" name="Exception Tests &gt; ValidationError: function &gt; function should return proper errorCode number when recognized" time="0.000023042">
        </testcase>
        <testcase classname="test/utils/exceptions.spec.ts" name="Exception Tests &gt; ValidationError: function &gt; function should return proper 112 message" time="0.000021792">
        </testcase>
        <testcase classname="test/utils/exceptions.spec.ts" name="Exception Tests &gt; ValidationError: function &gt; function should return proper errorCode number when recognized" time="0.000022917">
        </testcase>
        <testcase classname="test/utils/exceptions.spec.ts" name="Exception Tests &gt; ValidationError: function &gt; function should return proper 113 message" time="0.000023166">
        </testcase>
        <testcase classname="test/utils/exceptions.spec.ts" name="Exception Tests &gt; ValidationError: function &gt; function should return proper errorCode number when recognized" time="0.0000215">
        </testcase>
        <testcase classname="test/utils/exceptions.spec.ts" name="Exception Tests &gt; ValidationError: function &gt; function should return proper 122 message" time="0.000022833">
        </testcase>
        <testcase classname="test/utils/exceptions.spec.ts" name="Exception Tests &gt; ValidationError: function &gt; function should return proper errorCode number when recognized" time="0.000024458">
        </testcase>
        <testcase classname="test/utils/exceptions.spec.ts" name="Exception Tests &gt; ValidationError: function &gt; function should return proper 123 message" time="0.000021833">
        </testcase>
        <testcase classname="test/utils/exceptions.spec.ts" name="Exception Tests &gt; ValidationError: function &gt; function should return proper errorCode number when recognized" time="0.0000215">
        </testcase>
        <testcase classname="test/utils/exceptions.spec.ts" name="Exception Tests &gt; ValidationError: function &gt; function should return proper 132 message" time="0.000022875">
        </testcase>
        <testcase classname="test/utils/exceptions.spec.ts" name="Exception Tests &gt; ValidationError: function &gt; function should return proper errorCode number when recognized" time="0.000022125">
        </testcase>
        <testcase classname="test/utils/exceptions.spec.ts" name="Exception Tests &gt; ValidationError: function &gt; function should return proper 133 message" time="0.000021542">
        </testcase>
        <testcase classname="test/utils/exceptions.spec.ts" name="Exception Tests &gt; ValidationError: function &gt; function should return proper errorCode number when recognized" time="0.000022875">
        </testcase>
        <testcase classname="test/utils/exceptions.spec.ts" name="Exception Tests &gt; ValidationError: function &gt; function should return proper 142 message" time="0.000021542">
        </testcase>
        <testcase classname="test/utils/exceptions.spec.ts" name="Exception Tests &gt; ValidationError: function &gt; function should return proper errorCode number when recognized" time="0.000021167">
        </testcase>
        <testcase classname="test/utils/exceptions.spec.ts" name="Exception Tests &gt; ValidationError: function &gt; function should return proper 143 message" time="0.000023833">
        </testcase>
        <testcase classname="test/utils/exceptions.spec.ts" name="Exception Tests &gt; ValidationError: function &gt; function should return proper errorCode number when recognized" time="0.000024416">
        </testcase>
        <testcase classname="test/utils/exceptions.spec.ts" name="Exception Tests &gt; ValidationError: function &gt; function should return proper 201 message" time="0.000021458">
        </testcase>
        <testcase classname="test/utils/exceptions.spec.ts" name="Exception Tests &gt; ValidationError: function &gt; function should return proper errorCode number when recognized" time="0.000021708">
        </testcase>
        <testcase classname="test/utils/exceptions.spec.ts" name="Exception Tests &gt; ValidationError: function &gt; function should return proper 301 message" time="0.000022625">
        </testcase>
        <testcase classname="test/utils/exceptions.spec.ts" name="Exception Tests &gt; ValidationError: function &gt; function should return proper errorCode number when recognized" time="0.0000215">
        </testcase>
        <testcase classname="test/utils/exceptions.spec.ts" name="Exception Tests &gt; ValidationError: function &gt; function should return proper 351 message" time="0.00003575">
        </testcase>
        <testcase classname="test/utils/exceptions.spec.ts" name="Exception Tests &gt; ValidationError: function &gt; function should return proper errorCode number when recognized" time="0.000024042">
        </testcase>
        <testcase classname="test/utils/exceptions.spec.ts" name="Exception Tests &gt; ValidationError: function &gt; function should return proper 391 message" time="0.000022333">
        </testcase>
        <testcase classname="test/utils/exceptions.spec.ts" name="Exception Tests &gt; ValidationError: function &gt; function should return proper errorCode number when recognized" time="0.000023125">
        </testcase>
        <testcase classname="test/utils/exceptions.spec.ts" name="Exception Tests &gt; ValidationError: function &gt; function should return proper 401 message" time="0.00002475">
        </testcase>
        <testcase classname="test/utils/exceptions.spec.ts" name="Exception Tests &gt; ValidationError: function &gt; function should return proper errorCode number when recognized" time="0.000022291">
        </testcase>
        <testcase classname="test/utils/exceptions.spec.ts" name="Exception Tests &gt; ValidationError: function &gt; function should return proper 402 message" time="0.000021583">
        </testcase>
        <testcase classname="test/utils/exceptions.spec.ts" name="Exception Tests &gt; ValidationError: function &gt; function should return proper errorCode number when recognized" time="0.000022166">
        </testcase>
        <testcase classname="test/utils/exceptions.spec.ts" name="Exception Tests &gt; ValidationError: function &gt; function should return proper 403 message" time="0.00002175">
        </testcase>
        <testcase classname="test/utils/exceptions.spec.ts" name="Exception Tests &gt; ValidationError: function &gt; function should return proper errorCode number when recognized" time="0.000022708">
        </testcase>
        <testcase classname="test/utils/exceptions.spec.ts" name="Exception Tests &gt; ValidationError: function &gt; function should return proper 404 message" time="0.0000225">
        </testcase>
        <testcase classname="test/utils/exceptions.spec.ts" name="Exception Tests &gt; ValidationError: function &gt; function should return proper errorCode number when recognized" time="0.000021292">
        </testcase>
        <testcase classname="test/utils/exceptions.spec.ts" name="Exception Tests &gt; ValidationError: function &gt; function should return proper 405 message" time="0.000021583">
        </testcase>
        <testcase classname="test/utils/exceptions.spec.ts" name="Exception Tests &gt; ValidationError: function &gt; function should return proper errorCode number when recognized" time="0.000024083">
        </testcase>
        <testcase classname="test/utils/exceptions.spec.ts" name="Exception Tests &gt; ValidationError: function &gt; function should return proper 406 message" time="0.000023834">
        </testcase>
        <testcase classname="test/utils/exceptions.spec.ts" name="Exception Tests &gt; ValidationError: function &gt; function should return proper errorCode number when recognized" time="0.000022167">
        </testcase>
        <testcase classname="test/utils/exceptions.spec.ts" name="Exception Tests &gt; ValidationError: function &gt; function should return proper 407 message" time="0.000033833">
        </testcase>
        <testcase classname="test/utils/exceptions.spec.ts" name="Exception Tests &gt; ValidationError: function &gt; function should return proper errorCode number when recognized" time="0.000030541">
        </testcase>
        <testcase classname="test/utils/exceptions.spec.ts" name="Exception Tests &gt; ValidationError: function &gt; function should return proper 408 message" time="0.000022166">
        </testcase>
    </testsuite>
    <testsuite name="test/utils/utilities.spec.ts" timestamp="2025-05-05T03:40:25.082Z" hostname="jonathans-macbook-pro-2.mara-rohu.ts.net" tests="44" failures="0" errors="0" skipped="0" time="0.004004125">
        <testcase classname="test/utils/utilities.spec.ts" name="Utility Tests &gt; getSecondsAsHHMMSS() &gt; 10 returns 00:00:10" time="0.000699084">
        </testcase>
        <testcase classname="test/utils/utilities.spec.ts" name="Utility Tests &gt; getSecondsAsHHMMSS() &gt; 60 returns 00:01:00" time="0.000070042">
        </testcase>
        <testcase classname="test/utils/utilities.spec.ts" name="Utility Tests &gt; getSecondsAsHHMMSS() &gt; 3600 returns 01:00:00" time="0.000102458">
        </testcase>
        <testcase classname="test/utils/utilities.spec.ts" name="Utility Tests &gt; getSecondsAsHHMMSS() &gt; 70 returns 00:01:10" time="0.000060334">
        </testcase>
        <testcase classname="test/utils/utilities.spec.ts" name="Utility Tests &gt; getSecondsAsHHMMSS() &gt; 3670 returns 01:01:10" time="0.000048584">
        </testcase>
        <testcase classname="test/utils/utilities.spec.ts" name="Utility Tests &gt; getSecondsAsHHMMSS() &gt; 90000 returns 25:00:00, check for hours greater than 24" time="0.00007775">
        </testcase>
        <testcase classname="test/utils/utilities.spec.ts" name="Utility Tests &gt; getSecondsAsHHMMSS() &gt; -3600 returns 00:00:00, negative time not allowed in SCORM session times" time="0.000038083">
        </testcase>
        <testcase classname="test/utils/utilities.spec.ts" name="Utility Tests &gt; getSecondsAsHHMMSS() &gt; Empty seconds returns 00:00:00" time="0.000033125">
        </testcase>
        <testcase classname="test/utils/utilities.spec.ts" name="Utility Tests &gt; getSecondsAsISODuration() &gt; 10 returns PT10S" time="0.00013">
        </testcase>
        <testcase classname="test/utils/utilities.spec.ts" name="Utility Tests &gt; getSecondsAsISODuration() &gt; 60 returns PT1M" time="0.000092042">
        </testcase>
        <testcase classname="test/utils/utilities.spec.ts" name="Utility Tests &gt; getSecondsAsISODuration() &gt; 3600 returns PT1H" time="0.000042416">
        </testcase>
        <testcase classname="test/utils/utilities.spec.ts" name="Utility Tests &gt; getSecondsAsISODuration() &gt; 70 returns PT1M10S" time="0.000073625">
        </testcase>
        <testcase classname="test/utils/utilities.spec.ts" name="Utility Tests &gt; getSecondsAsISODuration() &gt; 916.88 returns PT15M16.88S" time="0.000047541">
        </testcase>
        <testcase classname="test/utils/utilities.spec.ts" name="Utility Tests &gt; getSecondsAsISODuration() &gt; 3670 returns PT1H1M10S" time="0.000165292">
        </testcase>
        <testcase classname="test/utils/utilities.spec.ts" name="Utility Tests &gt; getSecondsAsISODuration() &gt; 90000 returns P1DT1H" time="0.000044833">
        </testcase>
        <testcase classname="test/utils/utilities.spec.ts" name="Utility Tests &gt; getSecondsAsISODuration() &gt; 90061 returns P1DT1H1M1S" time="0.000077458">
        </testcase>
        <testcase classname="test/utils/utilities.spec.ts" name="Utility Tests &gt; getSecondsAsISODuration() &gt; -3600 returns PT0S, negative time not allowed in SCORM session times" time="0.000030417">
        </testcase>
        <testcase classname="test/utils/utilities.spec.ts" name="Utility Tests &gt; getSecondsAsISODuration() &gt; Empty seconds returns PT0S" time="0.000026041">
        </testcase>
        <testcase classname="test/utils/utilities.spec.ts" name="Utility Tests &gt; getTimeAsSeconds() &gt; 00:00:10 returns 10" time="0.000086666">
        </testcase>
        <testcase classname="test/utils/utilities.spec.ts" name="Utility Tests &gt; getTimeAsSeconds() &gt; 00:01:10 returns 70" time="0.000087958">
        </testcase>
        <testcase classname="test/utils/utilities.spec.ts" name="Utility Tests &gt; getTimeAsSeconds() &gt; 01:01:10 returns 3670" time="0.000037958">
        </testcase>
        <testcase classname="test/utils/utilities.spec.ts" name="Utility Tests &gt; getTimeAsSeconds() &gt; 100:00:00 returns 3670" time="0.000028625">
        </testcase>
        <testcase classname="test/utils/utilities.spec.ts" name="Utility Tests &gt; getTimeAsSeconds() &gt; -01:00:00 returns 0" time="0.000027041">
        </testcase>
        <testcase classname="test/utils/utilities.spec.ts" name="Utility Tests &gt; getTimeAsSeconds() &gt; Number value returns 0" time="0.000027416">
        </testcase>
        <testcase classname="test/utils/utilities.spec.ts" name="Utility Tests &gt; getTimeAsSeconds() &gt; boolean value returns 0" time="0.000025542">
        </testcase>
        <testcase classname="test/utils/utilities.spec.ts" name="Utility Tests &gt; getTimeAsSeconds() &gt; Empty value returns 0" time="0.00002675">
        </testcase>
        <testcase classname="test/utils/utilities.spec.ts" name="Utility Tests &gt; getDurationAsSeconds() &gt; P0S returns 0" time="0.000184458">
        </testcase>
        <testcase classname="test/utils/utilities.spec.ts" name="Utility Tests &gt; getDurationAsSeconds() &gt; P70S returns 70" time="0.000034458">
        </testcase>
        <testcase classname="test/utils/utilities.spec.ts" name="Utility Tests &gt; getDurationAsSeconds() &gt; PT1M10S returns 70" time="0.000029042">
        </testcase>
        <testcase classname="test/utils/utilities.spec.ts" name="Utility Tests &gt; getDurationAsSeconds() &gt; PT15M16.88S returns 916.88" time="0.000028">
        </testcase>
        <testcase classname="test/utils/utilities.spec.ts" name="Utility Tests &gt; getDurationAsSeconds() &gt; P1D returns 86400" time="0.000028041">
        </testcase>
        <testcase classname="test/utils/utilities.spec.ts" name="Utility Tests &gt; getDurationAsSeconds() &gt; P1Y returns number of seconds for one year from now" time="0.000027583">
        </testcase>
        <testcase classname="test/utils/utilities.spec.ts" name="Utility Tests &gt; getDurationAsSeconds() &gt; Invalid duration returns 0" time="0.000026042">
        </testcase>
        <testcase classname="test/utils/utilities.spec.ts" name="Utility Tests &gt; getDurationAsSeconds() &gt; Empty duration returns 0" time="0.000024333">
        </testcase>
        <testcase classname="test/utils/utilities.spec.ts" name="Utility Tests &gt; addTwoDurations() &gt; P1H5M30.5S plus PT15M10S equals P1H20M40.5S" time="0.000052792">
        </testcase>
        <testcase classname="test/utils/utilities.spec.ts" name="Utility Tests &gt; addTwoDurations() &gt; P1Y364D plus P2DT1H45M52S equals P731DT1H45M52S" time="0.000067">
        </testcase>
        <testcase classname="test/utils/utilities.spec.ts" name="Utility Tests &gt; addTwoDurations() &gt; Invalid plus valid equals valid" time="0.000037958">
        </testcase>
        <testcase classname="test/utils/utilities.spec.ts" name="Utility Tests &gt; addTwoDurations() &gt; Valid plus invalid equals valid" time="0.00002925">
        </testcase>
        <testcase classname="test/utils/utilities.spec.ts" name="Utility Tests &gt; addHHMMSSTimeStrings() &gt; 01:05:30.5 plus 00:15:10 equals 01:20:40.5" time="0.000047708">
        </testcase>
        <testcase classname="test/utils/utilities.spec.ts" name="Utility Tests &gt; addHHMMSSTimeStrings() &gt; 17496:00:00 plus 49:35:52 equals 17545:35:52" time="0.000068375">
        </testcase>
        <testcase classname="test/utils/utilities.spec.ts" name="Utility Tests &gt; addHHMMSSTimeStrings() &gt; Invalid plus valid equals valid" time="0.000032541">
        </testcase>
        <testcase classname="test/utils/utilities.spec.ts" name="Utility Tests &gt; addHHMMSSTimeStrings() &gt; Valid plus invalid equals valid" time="0.000027584">
        </testcase>
        <testcase classname="test/utils/utilities.spec.ts" name="Utility Tests &gt; flatten() &gt; Should return flattened object" time="0.000187709">
        </testcase>
        <testcase classname="test/utils/utilities.spec.ts" name="Utility Tests &gt; unflatten() &gt; Should return flattened object" time="0.000165834">
        </testcase>
    </testsuite>
    <testsuite name="test/cmi/aicc/attempts.spec.ts" timestamp="2025-05-05T03:40:25.084Z" hostname="jonathans-macbook-pro-2.mara-rohu.ts.net" tests="7" failures="0" errors="0" skipped="0" time="0.002418083">
        <testcase classname="test/cmi/aicc/attempts.spec.ts" name="AICC Attempts Classes &gt; CMIAttemptRecords &gt; should initialize as a CMIArray" time="0.000614792">
        </testcase>
        <testcase classname="test/cmi/aicc/attempts.spec.ts" name="AICC Attempts Classes &gt; CMIAttemptRecordsObject &gt; should initialize with empty lesson_status and a score object" time="0.000185625">
        </testcase>
        <testcase classname="test/cmi/aicc/attempts.spec.ts" name="AICC Attempts Classes &gt; CMIAttemptRecordsObject &gt; should initialize child objects when initialize is called" time="0.000513792">
        </testcase>
        <testcase classname="test/cmi/aicc/attempts.spec.ts" name="AICC Attempts Classes &gt; CMIAttemptRecordsObject &gt; should reset child objects when reset is called" time="0.000103083">
        </testcase>
        <testcase classname="test/cmi/aicc/attempts.spec.ts" name="AICC Attempts Classes &gt; CMIAttemptRecordsObject &gt; should set lesson_status property when valid" time="0.000121583">
        </testcase>
        <testcase classname="test/cmi/aicc/attempts.spec.ts" name="AICC Attempts Classes &gt; CMIAttemptRecordsObject &gt; should not set lesson_status property when invalid" time="0.000161334">
        </testcase>
        <testcase classname="test/cmi/aicc/attempts.spec.ts" name="AICC Attempts Classes &gt; CMIAttemptRecordsObject &gt; should return a JSON representation with toJSON" time="0.000227833">
        </testcase>
    </testsuite>
    <testsuite name="test/cmi/aicc/evaluation.spec.ts" timestamp="2025-05-05T03:40:25.084Z" hostname="jonathans-macbook-pro-2.mara-rohu.ts.net" tests="14" failures="0" errors="0" skipped="0" time="0.003236125">
        <testcase classname="test/cmi/aicc/evaluation.spec.ts" name="CMIEvaluation &gt; should initialize properly" time="0.000539708">
        </testcase>
        <testcase classname="test/cmi/aicc/evaluation.spec.ts" name="CMIEvaluation &gt; should have initialized property set to false by default" time="0.000160791">
        </testcase>
        <testcase classname="test/cmi/aicc/evaluation.spec.ts" name="CMIEvaluation &gt; should call initialize on comments when initialized" time="0.000441459">
        </testcase>
        <testcase classname="test/cmi/aicc/evaluation.spec.ts" name="CMIEvaluation &gt; should reset properly" time="0.00011075">
        </testcase>
        <testcase classname="test/cmi/aicc/evaluation.spec.ts" name="CMIEvaluation &gt; should convert to JSON correctly" time="0.000310708">
        </testcase>
        <testcase classname="test/cmi/aicc/evaluation.spec.ts" name="CMIEvaluationCommentsObject &gt; should initialize with empty values" time="0.000133791">
        </testcase>
        <testcase classname="test/cmi/aicc/evaluation.spec.ts" name="CMIEvaluationCommentsObject &gt; should set and get content correctly" time="0.000106333">
        </testcase>
        <testcase classname="test/cmi/aicc/evaluation.spec.ts" name="CMIEvaluationCommentsObject &gt; should set and get location correctly" time="0.000054916">
        </testcase>
        <testcase classname="test/cmi/aicc/evaluation.spec.ts" name="CMIEvaluationCommentsObject &gt; should set and get time correctly" time="0.000058417">
        </testcase>
        <testcase classname="test/cmi/aicc/evaluation.spec.ts" name="CMIEvaluationCommentsObject &gt; should reject invalid content format" time="0.00038625">
        </testcase>
        <testcase classname="test/cmi/aicc/evaluation.spec.ts" name="CMIEvaluationCommentsObject &gt; should reject invalid location format" time="0.00007125">
        </testcase>
        <testcase classname="test/cmi/aicc/evaluation.spec.ts" name="CMIEvaluationCommentsObject &gt; should reject invalid time format" time="0.000072708">
        </testcase>
        <testcase classname="test/cmi/aicc/evaluation.spec.ts" name="CMIEvaluationCommentsObject &gt; should reset all values" time="0.000059833">
        </testcase>
        <testcase classname="test/cmi/aicc/evaluation.spec.ts" name="CMIEvaluationCommentsObject &gt; should convert to JSON correctly" time="0.000189834">
        </testcase>
    </testsuite>
    <testsuite name="test/cmi/aicc/paths.spec.ts" timestamp="2025-05-05T03:40:25.085Z" hostname="jonathans-macbook-pro-2.mara-rohu.ts.net" tests="20" failures="0" errors="0" skipped="0" time="0.004439458">
        <testcase classname="test/cmi/aicc/paths.spec.ts" name="CMIPaths &gt; should initialize properly" time="0.000615125">
        </testcase>
        <testcase classname="test/cmi/aicc/paths.spec.ts" name="CMIPaths &gt; should handle array operations" time="0.000147333">
        </testcase>
        <testcase classname="test/cmi/aicc/paths.spec.ts" name="CMIPaths &gt; should not allow setting _children" time="0.000325667">
        </testcase>
        <testcase classname="test/cmi/aicc/paths.spec.ts" name="CMIPaths &gt; should not allow setting _count" time="0.000124833">
        </testcase>
        <testcase classname="test/cmi/aicc/paths.spec.ts" name="CMIPaths &gt; should convert to JSON correctly" time="0.0001885">
        </testcase>
        <testcase classname="test/cmi/aicc/paths.spec.ts" name="CMIPathsObject &gt; should initialize with empty values" time="0.000157833">
        </testcase>
        <testcase classname="test/cmi/aicc/paths.spec.ts" name="CMIPathsObject &gt; should set and get location_id correctly" time="0.000043416">
        </testcase>
        <testcase classname="test/cmi/aicc/paths.spec.ts" name="CMIPathsObject &gt; should reject invalid location_id format" time="0.000120417">
        </testcase>
        <testcase classname="test/cmi/aicc/paths.spec.ts" name="CMIPathsObject &gt; should set and get date correctly" time="0.000055459">
        </testcase>
        <testcase classname="test/cmi/aicc/paths.spec.ts" name="CMIPathsObject &gt; should reject invalid date format" time="0.000073875">
        </testcase>
        <testcase classname="test/cmi/aicc/paths.spec.ts" name="CMIPathsObject &gt; should set and get time correctly" time="0.000101125">
        </testcase>
        <testcase classname="test/cmi/aicc/paths.spec.ts" name="CMIPathsObject &gt; should reject invalid time format" time="0.000352042">
        </testcase>
        <testcase classname="test/cmi/aicc/paths.spec.ts" name="CMIPathsObject &gt; should set and get status correctly" time="0.000136709">
        </testcase>
        <testcase classname="test/cmi/aicc/paths.spec.ts" name="CMIPathsObject &gt; should reject invalid status values" time="0.00062125">
        </testcase>
        <testcase classname="test/cmi/aicc/paths.spec.ts" name="CMIPathsObject &gt; should set and get why_left correctly" time="0.000131084">
        </testcase>
        <testcase classname="test/cmi/aicc/paths.spec.ts" name="CMIPathsObject &gt; should reject invalid why_left format" time="0.000088375">
        </testcase>
        <testcase classname="test/cmi/aicc/paths.spec.ts" name="CMIPathsObject &gt; should set and get time_in_element correctly" time="0.000050375">
        </testcase>
        <testcase classname="test/cmi/aicc/paths.spec.ts" name="CMIPathsObject &gt; should reject invalid time_in_element format" time="0.000059708">
        </testcase>
        <testcase classname="test/cmi/aicc/paths.spec.ts" name="CMIPathsObject &gt; should reset all values" time="0.000102917">
        </testcase>
        <testcase classname="test/cmi/aicc/paths.spec.ts" name="CMIPathsObject &gt; should convert to JSON correctly" time="0.00036275">
        </testcase>
    </testsuite>
    <testsuite name="test/cmi/aicc/student_demographics.spec.ts" timestamp="2025-05-05T03:40:25.086Z" hostname="jonathans-macbook-pro-2.mara-rohu.ts.net" tests="17" failures="0" errors="0" skipped="0" time="0.004566417">
        <testcase classname="test/cmi/aicc/student_demographics.spec.ts" name="AICC CMIStudentDemographics &gt; should set and get city" time="0.000653292">
        </testcase>
        <testcase classname="test/cmi/aicc/student_demographics.spec.ts" name="AICC CMIStudentDemographics &gt; should set and get class" time="0.000079458">
        </testcase>
        <testcase classname="test/cmi/aicc/student_demographics.spec.ts" name="AICC CMIStudentDemographics &gt; should set and get company" time="0.00006075">
        </testcase>
        <testcase classname="test/cmi/aicc/student_demographics.spec.ts" name="AICC CMIStudentDemographics &gt; should set and get country" time="0.00010075">
        </testcase>
        <testcase classname="test/cmi/aicc/student_demographics.spec.ts" name="AICC CMIStudentDemographics &gt; should set and get experience" time="0.000105917">
        </testcase>
        <testcase classname="test/cmi/aicc/student_demographics.spec.ts" name="AICC CMIStudentDemographics &gt; should set and get familiar_name" time="0.001313042">
        </testcase>
        <testcase classname="test/cmi/aicc/student_demographics.spec.ts" name="AICC CMIStudentDemographics &gt; should set and get instructor_name" time="0.00008475">
        </testcase>
        <testcase classname="test/cmi/aicc/student_demographics.spec.ts" name="AICC CMIStudentDemographics &gt; should set and get title" time="0.000163125">
        </testcase>
        <testcase classname="test/cmi/aicc/student_demographics.spec.ts" name="AICC CMIStudentDemographics &gt; should set and get native_language" time="0.000199042">
        </testcase>
        <testcase classname="test/cmi/aicc/student_demographics.spec.ts" name="AICC CMIStudentDemographics &gt; should set and get state" time="0.000088625">
        </testcase>
        <testcase classname="test/cmi/aicc/student_demographics.spec.ts" name="AICC CMIStudentDemographics &gt; should set and get street_address" time="0.000055417">
        </testcase>
        <testcase classname="test/cmi/aicc/student_demographics.spec.ts" name="AICC CMIStudentDemographics &gt; should set and get telephone" time="0.000043084">
        </testcase>
        <testcase classname="test/cmi/aicc/student_demographics.spec.ts" name="AICC CMIStudentDemographics &gt; should set and get years_experience" time="0.000040584">
        </testcase>
        <testcase classname="test/cmi/aicc/student_demographics.spec.ts" name="AICC CMIStudentDemographics &gt; should not allow setting properties after initialization" time="0.00055525">
        </testcase>
        <testcase classname="test/cmi/aicc/student_demographics.spec.ts" name="AICC CMIStudentDemographics &gt; should return _children property" time="0.000055958">
        </testcase>
        <testcase classname="test/cmi/aicc/student_demographics.spec.ts" name="AICC CMIStudentDemographics &gt; should reset properly" time="0.000087792">
        </testcase>
        <testcase classname="test/cmi/aicc/student_demographics.spec.ts" name="AICC CMIStudentDemographics &gt; should convert to JSON correctly" time="0.000196333">
        </testcase>
    </testsuite>
    <testsuite name="test/cmi/aicc/student_preferences.spec.ts" timestamp="2025-05-05T03:40:25.086Z" hostname="jonathans-macbook-pro-2.mara-rohu.ts.net" tests="17" failures="0" errors="0" skipped="0" time="0.003869542">
        <testcase classname="test/cmi/aicc/student_preferences.spec.ts" name="AICCStudentPreferences &gt; should initialize with default values" time="0.000786667">
        </testcase>
        <testcase classname="test/cmi/aicc/student_preferences.spec.ts" name="AICCStudentPreferences &gt; should initialize child objects when initialize is called" time="0.000402916">
        </testcase>
        <testcase classname="test/cmi/aicc/student_preferences.spec.ts" name="AICCStudentPreferences &gt; Getters and Setters &gt; should set and get lesson_type property" time="0.000118917">
        </testcase>
        <testcase classname="test/cmi/aicc/student_preferences.spec.ts" name="AICCStudentPreferences &gt; Getters and Setters &gt; should not set lesson_type property when invalid" time="0.000167459">
        </testcase>
        <testcase classname="test/cmi/aicc/student_preferences.spec.ts" name="AICCStudentPreferences &gt; Getters and Setters &gt; should set and get text_color property" time="0.000063208">
        </testcase>
        <testcase classname="test/cmi/aicc/student_preferences.spec.ts" name="AICCStudentPreferences &gt; Getters and Setters &gt; should not set text_color property when invalid" time="0.000056958">
        </testcase>
        <testcase classname="test/cmi/aicc/student_preferences.spec.ts" name="AICCStudentPreferences &gt; Getters and Setters &gt; should set and get text_location property" time="0.000047584">
        </testcase>
        <testcase classname="test/cmi/aicc/student_preferences.spec.ts" name="AICCStudentPreferences &gt; Getters and Setters &gt; should not set text_location property when invalid" time="0.000048125">
        </testcase>
        <testcase classname="test/cmi/aicc/student_preferences.spec.ts" name="AICCStudentPreferences &gt; Getters and Setters &gt; should set and get text_size property" time="0.000092917">
        </testcase>
        <testcase classname="test/cmi/aicc/student_preferences.spec.ts" name="AICCStudentPreferences &gt; Getters and Setters &gt; should not set text_size property when invalid" time="0.000102708">
        </testcase>
        <testcase classname="test/cmi/aicc/student_preferences.spec.ts" name="AICCStudentPreferences &gt; Getters and Setters &gt; should set and get video property" time="0.000049875">
        </testcase>
        <testcase classname="test/cmi/aicc/student_preferences.spec.ts" name="AICCStudentPreferences &gt; Getters and Setters &gt; should not set video property when invalid" time="0.000044875">
        </testcase>
        <testcase classname="test/cmi/aicc/student_preferences.spec.ts" name="AICCStudentPreferences &gt; Getters and Setters &gt; should set and get audio property" time="0.000102042">
        </testcase>
        <testcase classname="test/cmi/aicc/student_preferences.spec.ts" name="AICCStudentPreferences &gt; Getters and Setters &gt; should set and get language property" time="0.000160417">
        </testcase>
        <testcase classname="test/cmi/aicc/student_preferences.spec.ts" name="AICCStudentPreferences &gt; Getters and Setters &gt; should set and get speed property" time="0.000109166">
        </testcase>
        <testcase classname="test/cmi/aicc/student_preferences.spec.ts" name="AICCStudentPreferences &gt; Getters and Setters &gt; should set and get text property" time="0.000047209">
        </testcase>
        <testcase classname="test/cmi/aicc/student_preferences.spec.ts" name="AICCStudentPreferences &gt; toJSON &gt; should return a JSON representation with all properties" time="0.000369375">
        </testcase>
    </testsuite>
    <testsuite name="test/cmi/aicc/tries.spec.ts" timestamp="2025-05-05T03:40:25.087Z" hostname="jonathans-macbook-pro-2.mara-rohu.ts.net" tests="13" failures="0" errors="0" skipped="0" time="0.003792042">
        <testcase classname="test/cmi/aicc/tries.spec.ts" name="CMITries &gt; should initialize properly" time="0.000685541">
        </testcase>
        <testcase classname="test/cmi/aicc/tries.spec.ts" name="CMITries &gt; should handle array operations" time="0.000322833">
        </testcase>
        <testcase classname="test/cmi/aicc/tries.spec.ts" name="CMITries &gt; should not allow setting _children" time="0.000379917">
        </testcase>
        <testcase classname="test/cmi/aicc/tries.spec.ts" name="CMITries &gt; should not allow setting _count" time="0.000133791">
        </testcase>
        <testcase classname="test/cmi/aicc/tries.spec.ts" name="CMITriesObject &gt; should initialize with empty values" time="0.000107916">
        </testcase>
        <testcase classname="test/cmi/aicc/tries.spec.ts" name="CMITriesObject &gt; should set and get status correctly" time="0.000348958">
        </testcase>
        <testcase classname="test/cmi/aicc/tries.spec.ts" name="CMITriesObject &gt; should reject invalid status values" time="0.000156833">
        </testcase>
        <testcase classname="test/cmi/aicc/tries.spec.ts" name="CMITriesObject &gt; should set and get time correctly" time="0.000072667">
        </testcase>
        <testcase classname="test/cmi/aicc/tries.spec.ts" name="CMITriesObject &gt; should reject invalid time format" time="0.000163833">
        </testcase>
        <testcase classname="test/cmi/aicc/tries.spec.ts" name="CMITriesObject &gt; should initialize score property" time="0.000063333">
        </testcase>
        <testcase classname="test/cmi/aicc/tries.spec.ts" name="CMITriesObject &gt; should initialize when API is initialized" time="0.00041025">
        </testcase>
        <testcase classname="test/cmi/aicc/tries.spec.ts" name="CMITriesObject &gt; should reset all values" time="0.00011725">
        </testcase>
        <testcase classname="test/cmi/aicc/tries.spec.ts" name="CMITriesObject &gt; should convert to JSON correctly" time="0.000320625">
        </testcase>
    </testsuite>
    <testsuite name="test/cmi/common/array_reset.spec.ts" timestamp="2025-05-05T03:40:25.088Z" hostname="jonathans-macbook-pro-2.mara-rohu.ts.net" tests="6" failures="0" errors="0" skipped="0" time="0.00185">
        <testcase classname="test/cmi/common/array_reset.spec.ts" name="CMIArray Reset Tests &gt; reset() &gt; should reset all child objects when wipe is false" time="0.000686042">
        </testcase>
        <testcase classname="test/cmi/common/array_reset.spec.ts" name="CMIArray Reset Tests &gt; reset() &gt; should wipe all child objects when wipe is true" time="0.000071167">
        </testcase>
        <testcase classname="test/cmi/common/array_reset.spec.ts" name="CMIArray Reset Tests &gt; reset() &gt; should set _initialized to false" time="0.000088625">
        </testcase>
        <testcase classname="test/cmi/common/array_reset.spec.ts" name="CMIArray Reset Tests &gt; reset() &gt; should handle empty arrays" time="0.000365625">
        </testcase>
        <testcase classname="test/cmi/common/array_reset.spec.ts" name="CMIArray Reset Tests &gt; reset() &gt; should allow adding new children after reset with wipe=true" time="0.000052667">
        </testcase>
        <testcase classname="test/cmi/common/array_reset.spec.ts" name="CMIArray Reset Tests &gt; reset() &gt; should allow adding new children after reset with wipe=false" time="0.000098959">
        </testcase>
    </testsuite>
    <testsuite name="test/cmi/common/base_cmi.spec.ts" timestamp="2025-05-05T03:40:25.088Z" hostname="jonathans-macbook-pro-2.mara-rohu.ts.net" tests="7" failures="0" errors="0" skipped="0" time="0.001864375">
        <testcase classname="test/cmi/common/base_cmi.spec.ts" name="BaseCMI &gt; should initialize correctly" time="0.000586584">
        </testcase>
        <testcase classname="test/cmi/common/base_cmi.spec.ts" name="BaseCMI &gt; should reset correctly" time="0.000122625">
        </testcase>
        <testcase classname="test/cmi/common/base_cmi.spec.ts" name="BaseCMI &gt; should set start time correctly" time="0.000418667">
        </testcase>
        <testcase classname="test/cmi/common/base_cmi.spec.ts" name="BaseCMI &gt; should have jsonString property set to false by default" time="0.000044416">
        </testcase>
        <testcase classname="test/cmi/common/base_cmi.spec.ts" name="BaseRootCMI &gt; should initialize correctly" time="0.00007925">
        </testcase>
        <testcase classname="test/cmi/common/base_cmi.spec.ts" name="BaseRootCMI &gt; should reset correctly" time="0.000102125">
        </testcase>
        <testcase classname="test/cmi/common/base_cmi.spec.ts" name="BaseRootCMI &gt; should implement getCurrentTotalTime" time="0.000037083">
        </testcase>
    </testsuite>
    <testsuite name="test/cmi/common/score_reset.spec.ts" timestamp="2025-05-05T03:40:25.088Z" hostname="jonathans-macbook-pro-2.mara-rohu.ts.net" tests="5" failures="0" errors="0" skipped="0" time="0.001692916">
        <testcase classname="test/cmi/common/score_reset.spec.ts" name="CMIScore Reset Tests &gt; reset() &gt; should reset the initialized flag to false" time="0.000536667">
        </testcase>
        <testcase classname="test/cmi/common/score_reset.spec.ts" name="CMIScore Reset Tests &gt; reset() &gt; should not reset raw, min, and max values" time="0.000276666">
        </testcase>
        <testcase classname="test/cmi/common/score_reset.spec.ts" name="CMIScore Reset Tests &gt; reset() &gt; should be able to set values after reset" time="0.000146208">
        </testcase>
        <testcase classname="test/cmi/common/score_reset.spec.ts" name="CMIScore Reset Tests &gt; reset() &gt; should not affect the _children property" time="0.000072375">
        </testcase>
        <testcase classname="test/cmi/common/score_reset.spec.ts" name="CMIScore Reset Tests &gt; reset() &gt; should maintain validation rules after reset" time="0.000149458">
        </testcase>
    </testsuite>
    <testsuite name="test/cmi/scorm12/validation.spec.ts" timestamp="2025-05-05T03:40:25.089Z" hostname="jonathans-macbook-pro-2.mara-rohu.ts.net" tests="10" failures="0" errors="0" skipped="0" time="0.002247708">
        <testcase classname="test/cmi/scorm12/validation.spec.ts" name="check12ValidFormat &gt; should return true for valid format" time="0.00055125">
        </testcase>
        <testcase classname="test/cmi/scorm12/validation.spec.ts" name="check12ValidFormat &gt; should throw an error for invalid format" time="0.000169833">
        </testcase>
        <testcase classname="test/cmi/scorm12/validation.spec.ts" name="check12ValidFormat &gt; should handle empty string when allowed" time="0.000117">
        </testcase>
        <testcase classname="test/cmi/scorm12/validation.spec.ts" name="check12ValidFormat &gt; should throw an error for empty string when not allowed" time="0.000061292">
        </testcase>
        <testcase classname="test/cmi/scorm12/validation.spec.ts" name="check12ValidRange &gt; should return true for valid range" time="0.000139458">
        </testcase>
        <testcase classname="test/cmi/scorm12/validation.spec.ts" name="check12ValidRange &gt; should throw an error for value out of range" time="0.000117458">
        </testcase>
        <testcase classname="test/cmi/scorm12/validation.spec.ts" name="check12ValidRange &gt; should throw an error for empty string when not allowed" time="0.00007625">
        </testcase>
        <testcase classname="test/cmi/scorm12/validation.spec.ts" name="check12ValidRange &gt; should handle empty string when allowed" time="0.000034">
        </testcase>
        <testcase classname="test/cmi/scorm12/validation.spec.ts" name="check12ValidRange &gt; should handle string values within range" time="0.000081625">
        </testcase>
        <testcase classname="test/cmi/scorm12/validation.spec.ts" name="check12ValidRange &gt; should throw an error for non-numeric string values" time="0.000102625">
        </testcase>
    </testsuite>
    <testsuite name="test/cmi/scorm2004/adl.spec.ts" timestamp="2025-05-05T03:40:25.089Z" hostname="jonathans-macbook-pro-2.mara-rohu.ts.net" tests="31" failures="0" errors="0" skipped="0" time="0.004846625">
        <testcase classname="test/cmi/scorm2004/adl.spec.ts" name="ADL Classes &gt; ADL &gt; should initialize with nav and data properties" time="0.000563">
        </testcase>
        <testcase classname="test/cmi/scorm2004/adl.spec.ts" name="ADL Classes &gt; ADL &gt; should initialize child objects when initialize is called" time="0.0005255">
        </testcase>
        <testcase classname="test/cmi/scorm2004/adl.spec.ts" name="ADL Classes &gt; ADL &gt; should reset child objects when reset is called" time="0.000238708">
        </testcase>
        <testcase classname="test/cmi/scorm2004/adl.spec.ts" name="ADL Classes &gt; ADL &gt; should return a JSON representation with toJSON" time="0.00019725">
        </testcase>
        <testcase classname="test/cmi/scorm2004/adl.spec.ts" name="ADL Classes &gt; ADLNav &gt; should initialize with request_valid property" time="0.000057209">
        </testcase>
        <testcase classname="test/cmi/scorm2004/adl.spec.ts" name="ADL Classes &gt; ADLNav &gt; should initialize child objects when initialize is called" time="0.000219667">
        </testcase>
        <testcase classname="test/cmi/scorm2004/adl.spec.ts" name="ADL Classes &gt; ADLNav &gt; should reset properties when reset is called" time="0.00018725">
        </testcase>
        <testcase classname="test/cmi/scorm2004/adl.spec.ts" name="ADL Classes &gt; ADLNav &gt; should set request property when valid" time="0.000182625">
        </testcase>
        <testcase classname="test/cmi/scorm2004/adl.spec.ts" name="ADL Classes &gt; ADLNav &gt; should not set request property when invalid" time="0.000200167">
        </testcase>
        <testcase classname="test/cmi/scorm2004/adl.spec.ts" name="ADL Classes &gt; ADLNav &gt; should return a JSON representation with toJSON" time="0.0000815">
        </testcase>
        <testcase classname="test/cmi/scorm2004/adl.spec.ts" name="ADL Classes &gt; ADLData &gt; should be an instance of CMIArray" time="0.000043">
        </testcase>
        <testcase classname="test/cmi/scorm2004/adl.spec.ts" name="ADL Classes &gt; ADLDataObject &gt; should initialize with empty id and store properties" time="0.000067584">
        </testcase>
        <testcase classname="test/cmi/scorm2004/adl.spec.ts" name="ADL Classes &gt; ADLDataObject &gt; should set id property when valid" time="0.000065583">
        </testcase>
        <testcase classname="test/cmi/scorm2004/adl.spec.ts" name="ADL Classes &gt; ADLDataObject &gt; should not set id property when invalid" time="0.000218834">
        </testcase>
        <testcase classname="test/cmi/scorm2004/adl.spec.ts" name="ADL Classes &gt; ADLDataObject &gt; should set store property when valid" time="0.00008625">
        </testcase>
        <testcase classname="test/cmi/scorm2004/adl.spec.ts" name="ADL Classes &gt; ADLDataObject &gt; should not set store property when invalid" time="0.000088125">
        </testcase>
        <testcase classname="test/cmi/scorm2004/adl.spec.ts" name="ADL Classes &gt; ADLDataObject &gt; should reset properties when reset is called" time="0.000081083">
        </testcase>
        <testcase classname="test/cmi/scorm2004/adl.spec.ts" name="ADL Classes &gt; ADLDataObject &gt; should return a JSON representation with toJSON" time="0.000076292">
        </testcase>
        <testcase classname="test/cmi/scorm2004/adl.spec.ts" name="ADL Classes &gt; ADLNavRequestValid &gt; should initialize with default values" time="0.000273708">
        </testcase>
        <testcase classname="test/cmi/scorm2004/adl.spec.ts" name="ADL Classes &gt; ADLNavRequestValid &gt; should reset properties when reset is called" time="0.000052292">
        </testcase>
        <testcase classname="test/cmi/scorm2004/adl.spec.ts" name="ADL Classes &gt; ADLNavRequestValid &gt; should set continue property when not initialized" time="0.000050416">
        </testcase>
        <testcase classname="test/cmi/scorm2004/adl.spec.ts" name="ADL Classes &gt; ADLNavRequestValid &gt; should throw error when setting continue property after initialization" time="0.000086708">
        </testcase>
        <testcase classname="test/cmi/scorm2004/adl.spec.ts" name="ADL Classes &gt; ADLNavRequestValid &gt; should set previous property when not initialized" time="0.000050666">
        </testcase>
        <testcase classname="test/cmi/scorm2004/adl.spec.ts" name="ADL Classes &gt; ADLNavRequestValid &gt; should throw error when setting previous property after initialization" time="0.000036833">
        </testcase>
        <testcase classname="test/cmi/scorm2004/adl.spec.ts" name="ADL Classes &gt; ADLNavRequestValid &gt; should set choice property when not initialized" time="0.000065625">
        </testcase>
        <testcase classname="test/cmi/scorm2004/adl.spec.ts" name="ADL Classes &gt; ADLNavRequestValid &gt; should throw error when setting choice property after initialization" time="0.000037125">
        </testcase>
        <testcase classname="test/cmi/scorm2004/adl.spec.ts" name="ADL Classes &gt; ADLNavRequestValid &gt; should throw error when setting choice property with non-object value" time="0.000033959">
        </testcase>
        <testcase classname="test/cmi/scorm2004/adl.spec.ts" name="ADL Classes &gt; ADLNavRequestValid &gt; should set jump property when not initialized" time="0.000061583">
        </testcase>
        <testcase classname="test/cmi/scorm2004/adl.spec.ts" name="ADL Classes &gt; ADLNavRequestValid &gt; should throw error when setting jump property after initialization" time="0.000038667">
        </testcase>
        <testcase classname="test/cmi/scorm2004/adl.spec.ts" name="ADL Classes &gt; ADLNavRequestValid &gt; should throw error when setting jump property with non-object value" time="0.000033375">
        </testcase>
        <testcase classname="test/cmi/scorm2004/adl.spec.ts" name="ADL Classes &gt; ADLNavRequestValid &gt; should return a JSON representation with toJSON" time="0.000071084">
        </testcase>
    </testsuite>
    <testsuite name="test/cmi/scorm2004/interactions_pattern_validation.spec.ts" timestamp="2025-05-05T03:40:25.090Z" hostname="jonathans-macbook-pro-2.mara-rohu.ts.net" tests="15" failures="0" errors="0" skipped="0" time="0.003038209">
        <testcase classname="test/cmi/scorm2004/interactions_pattern_validation.spec.ts" name="SCORM 2004 Interactions Pattern Validation &gt; Performance Pattern Validation &gt; should accept valid performance patterns" time="0.000386">
        </testcase>
        <testcase classname="test/cmi/scorm2004/interactions_pattern_validation.spec.ts" name="SCORM 2004 Interactions Pattern Validation &gt; Performance Pattern Validation &gt; should reject performance patterns without delimiter" time="0.000577875">
        </testcase>
        <testcase classname="test/cmi/scorm2004/interactions_pattern_validation.spec.ts" name="SCORM 2004 Interactions Pattern Validation &gt; Performance Pattern Validation &gt; should reject performance patterns with empty parts" time="0.000213084">
        </testcase>
        <testcase classname="test/cmi/scorm2004/interactions_pattern_validation.spec.ts" name="SCORM 2004 Interactions Pattern Validation &gt; Performance Pattern Validation &gt; should reject performance patterns with identical parts" time="0.000114291">
        </testcase>
        <testcase classname="test/cmi/scorm2004/interactions_pattern_validation.spec.ts" name="SCORM 2004 Interactions Pattern Validation &gt; Performance Pattern Validation &gt; should validate format for both parts" time="0.000093833">
        </testcase>
        <testcase classname="test/cmi/scorm2004/interactions_pattern_validation.spec.ts" name="SCORM 2004 Interactions Pattern Validation &gt; Numeric Pattern Validation &gt; should accept valid numeric patterns" time="0.000209166">
        </testcase>
        <testcase classname="test/cmi/scorm2004/interactions_pattern_validation.spec.ts" name="SCORM 2004 Interactions Pattern Validation &gt; Numeric Pattern Validation &gt; should reject numeric patterns with too many values" time="0.00005975">
        </testcase>
        <testcase classname="test/cmi/scorm2004/interactions_pattern_validation.spec.ts" name="SCORM 2004 Interactions Pattern Validation &gt; Numeric Pattern Validation &gt; should reject numeric patterns with invalid format" time="0.0001195">
        </testcase>
        <testcase classname="test/cmi/scorm2004/interactions_pattern_validation.spec.ts" name="SCORM 2004 Interactions Pattern Validation &gt; Pattern with Multiple Nodes &gt; should accept valid choice patterns with multiple nodes" time="0.000094458">
        </testcase>
        <testcase classname="test/cmi/scorm2004/interactions_pattern_validation.spec.ts" name="SCORM 2004 Interactions Pattern Validation &gt; Pattern with Multiple Nodes &gt; should reject patterns with duplicate nodes when uniqueness is required" time="0.0001025">
        </testcase>
        <testcase classname="test/cmi/scorm2004/interactions_pattern_validation.spec.ts" name="SCORM 2004 Interactions Pattern Validation &gt; Pattern with Multiple Nodes &gt; should reject empty patterns" time="0.000043125">
        </testcase>
        <testcase classname="test/cmi/scorm2004/interactions_pattern_validation.spec.ts" name="SCORM 2004 Interactions Pattern Validation &gt; Matching Pattern Validation &gt; should accept valid matching patterns" time="0.000025125">
        </testcase>
        <testcase classname="test/cmi/scorm2004/interactions_pattern_validation.spec.ts" name="SCORM 2004 Interactions Pattern Validation &gt; Matching Pattern Validation &gt; should handle escaped delimiters in matching patterns" time="0.000018084">
        </testcase>
        <testcase classname="test/cmi/scorm2004/interactions_pattern_validation.spec.ts" name="SCORM 2004 Interactions Pattern Validation &gt; Matching Pattern Validation &gt; should reject invalid matching patterns" time="0.000311458">
        </testcase>
        <testcase classname="test/cmi/scorm2004/interactions_pattern_validation.spec.ts" name="SCORM 2004 Interactions Pattern Validation &gt; Fill-in Pattern Validation &gt; should accept valid fill-in patterns" time="0.000096">
        </testcase>
    </testsuite>
    <testsuite name="test/cmi/scorm2004/sequencing/activity.spec.ts" timestamp="2025-05-05T03:40:25.091Z" hostname="jonathans-macbook-pro-2.mara-rohu.ts.net" tests="25" failures="0" errors="0" skipped="0" time="0.005210833">
        <testcase classname="test/cmi/scorm2004/sequencing/activity.spec.ts" name="Activity &gt; constructor &gt; should initialize with default values" time="0.000983083">
        </testcase>
        <testcase classname="test/cmi/scorm2004/sequencing/activity.spec.ts" name="Activity &gt; constructor &gt; should initialize with provided id and title" time="0.000066083">
        </testcase>
        <testcase classname="test/cmi/scorm2004/sequencing/activity.spec.ts" name="Activity &gt; id setter &gt; should set id when valid format is provided" time="0.000210666">
        </testcase>
        <testcase classname="test/cmi/scorm2004/sequencing/activity.spec.ts" name="Activity &gt; id setter &gt; should throw error when invalid format is provided" time="0.000220791">
        </testcase>
        <testcase classname="test/cmi/scorm2004/sequencing/activity.spec.ts" name="Activity &gt; title setter &gt; should set title when valid format is provided" time="0.000084333">
        </testcase>
        <testcase classname="test/cmi/scorm2004/sequencing/activity.spec.ts" name="Activity &gt; title setter &gt; should throw error when invalid format is provided" time="0.000096958">
        </testcase>
        <testcase classname="test/cmi/scorm2004/sequencing/activity.spec.ts" name="Activity &gt; initialize &gt; should set initialized flag" time="0.00005025">
        </testcase>
        <testcase classname="test/cmi/scorm2004/sequencing/activity.spec.ts" name="Activity &gt; initialize &gt; should initialize children" time="0.000564542">
        </testcase>
        <testcase classname="test/cmi/scorm2004/sequencing/activity.spec.ts" name="Activity &gt; reset &gt; should reset all properties to default values" time="0.000253917">
        </testcase>
        <testcase classname="test/cmi/scorm2004/sequencing/activity.spec.ts" name="Activity &gt; reset &gt; should reset children" time="0.00009825">
        </testcase>
        <testcase classname="test/cmi/scorm2004/sequencing/activity.spec.ts" name="Activity &gt; addChild &gt; should add a child activity" time="0.000419542">
        </testcase>
        <testcase classname="test/cmi/scorm2004/sequencing/activity.spec.ts" name="Activity &gt; addChild &gt; should throw an error if child is not an Activity" time="0.000048416">
        </testcase>
        <testcase classname="test/cmi/scorm2004/sequencing/activity.spec.ts" name="Activity &gt; removeChild &gt; should remove a child activity" time="0.000170584">
        </testcase>
        <testcase classname="test/cmi/scorm2004/sequencing/activity.spec.ts" name="Activity &gt; removeChild &gt; should return false if child is not found" time="0.000145458">
        </testcase>
        <testcase classname="test/cmi/scorm2004/sequencing/activity.spec.ts" name="Activity &gt; incrementAttemptCount &gt; should increment the attempt count" time="0.000064875">
        </testcase>
        <testcase classname="test/cmi/scorm2004/sequencing/activity.spec.ts" name="Activity &gt; completionStatus &gt; should update isCompleted when completionStatus is set" time="0.000051667">
        </testcase>
        <testcase classname="test/cmi/scorm2004/sequencing/activity.spec.ts" name="Activity &gt; isVisible &gt; should get and set isVisible property" time="0.000052167">
        </testcase>
        <testcase classname="test/cmi/scorm2004/sequencing/activity.spec.ts" name="Activity &gt; isActive &gt; should set isActive property" time="0.000057833">
        </testcase>
        <testcase classname="test/cmi/scorm2004/sequencing/activity.spec.ts" name="Activity &gt; isSuspended &gt; should get and set isSuspended property" time="0.000042583">
        </testcase>
        <testcase classname="test/cmi/scorm2004/sequencing/activity.spec.ts" name="Activity &gt; isCompleted &gt; should get and set isCompleted property" time="0.000042917">
        </testcase>
        <testcase classname="test/cmi/scorm2004/sequencing/activity.spec.ts" name="Activity &gt; successStatus &gt; should get and set successStatus property" time="0.000053166">
        </testcase>
        <testcase classname="test/cmi/scorm2004/sequencing/activity.spec.ts" name="Activity &gt; objectiveMeasureStatus &gt; should get and set objectiveMeasureStatus property" time="0.000042792">
        </testcase>
        <testcase classname="test/cmi/scorm2004/sequencing/activity.spec.ts" name="Activity &gt; objectiveNormalizedMeasure &gt; should get and set objectiveNormalizedMeasure property" time="0.0000435">
        </testcase>
        <testcase classname="test/cmi/scorm2004/sequencing/activity.spec.ts" name="Activity &gt; parent &gt; should get parent property" time="0.000047209">
        </testcase>
        <testcase classname="test/cmi/scorm2004/sequencing/activity.spec.ts" name="Activity &gt; toJSON &gt; should return a JSON representation of the activity" time="0.000387125">
        </testcase>
    </testsuite>
    <testsuite name="test/cmi/scorm2004/sequencing/activity_tree.spec.ts" timestamp="2025-05-05T03:40:25.092Z" hostname="jonathans-macbook-pro-2.mara-rohu.ts.net" tests="25" failures="0" errors="0" skipped="0" time="0.004998">
        <testcase classname="test/cmi/scorm2004/sequencing/activity_tree.spec.ts" name="ActivityTree &gt; constructor &gt; should initialize with default values" time="0.000576792">
        </testcase>
        <testcase classname="test/cmi/scorm2004/sequencing/activity_tree.spec.ts" name="ActivityTree &gt; initialize &gt; should set initialized flag" time="0.000104208">
        </testcase>
        <testcase classname="test/cmi/scorm2004/sequencing/activity_tree.spec.ts" name="ActivityTree &gt; initialize &gt; should initialize root activity" time="0.000561875">
        </testcase>
        <testcase classname="test/cmi/scorm2004/sequencing/activity_tree.spec.ts" name="ActivityTree &gt; reset &gt; should reset properties to default values" time="0.000134875">
        </testcase>
        <testcase classname="test/cmi/scorm2004/sequencing/activity_tree.spec.ts" name="ActivityTree &gt; reset &gt; should reset root activity" time="0.000138542">
        </testcase>
        <testcase classname="test/cmi/scorm2004/sequencing/activity_tree.spec.ts" name="ActivityTree &gt; root &gt; should set and get root activity" time="0.000099541">
        </testcase>
        <testcase classname="test/cmi/scorm2004/sequencing/activity_tree.spec.ts" name="ActivityTree &gt; root &gt; should throw error if root is not an Activity" time="0.000154542">
        </testcase>
        <testcase classname="test/cmi/scorm2004/sequencing/activity_tree.spec.ts" name="ActivityTree &gt; root &gt; should add root and its children to activities map" time="0.000085958">
        </testcase>
        <testcase classname="test/cmi/scorm2004/sequencing/activity_tree.spec.ts" name="ActivityTree &gt; currentActivity &gt; should set and get current activity" time="0.000149667">
        </testcase>
        <testcase classname="test/cmi/scorm2004/sequencing/activity_tree.spec.ts" name="ActivityTree &gt; currentActivity &gt; should deactivate previous current activity" time="0.000077417">
        </testcase>
        <testcase classname="test/cmi/scorm2004/sequencing/activity_tree.spec.ts" name="ActivityTree &gt; currentActivity &gt; should throw error if activity is not an Activity" time="0.000049625">
        </testcase>
        <testcase classname="test/cmi/scorm2004/sequencing/activity_tree.spec.ts" name="ActivityTree &gt; suspendedActivity &gt; should set and get suspended activity" time="0.000047625">
        </testcase>
        <testcase classname="test/cmi/scorm2004/sequencing/activity_tree.spec.ts" name="ActivityTree &gt; suspendedActivity &gt; should unsuspend previous suspended activity" time="0.00004975">
        </testcase>
        <testcase classname="test/cmi/scorm2004/sequencing/activity_tree.spec.ts" name="ActivityTree &gt; suspendedActivity &gt; should throw error if activity is not an Activity" time="0.00022075">
        </testcase>
        <testcase classname="test/cmi/scorm2004/sequencing/activity_tree.spec.ts" name="ActivityTree &gt; getActivity &gt; should return activity by id" time="0.000096917">
        </testcase>
        <testcase classname="test/cmi/scorm2004/sequencing/activity_tree.spec.ts" name="ActivityTree &gt; getAllActivities &gt; should return all activities in the tree" time="0.000570791">
        </testcase>
        <testcase classname="test/cmi/scorm2004/sequencing/activity_tree.spec.ts" name="ActivityTree &gt; navigation methods &gt; getParent should return parent activity" time="0.000119792">
        </testcase>
        <testcase classname="test/cmi/scorm2004/sequencing/activity_tree.spec.ts" name="ActivityTree &gt; navigation methods &gt; getChildren should return child activities" time="0.000252084">
        </testcase>
        <testcase classname="test/cmi/scorm2004/sequencing/activity_tree.spec.ts" name="ActivityTree &gt; navigation methods &gt; getSiblings should return sibling activities" time="0.000108125">
        </testcase>
        <testcase classname="test/cmi/scorm2004/sequencing/activity_tree.spec.ts" name="ActivityTree &gt; navigation methods &gt; getNextSibling should return next sibling activity" time="0.000106333">
        </testcase>
        <testcase classname="test/cmi/scorm2004/sequencing/activity_tree.spec.ts" name="ActivityTree &gt; navigation methods &gt; getPreviousSibling should return previous sibling activity" time="0.000067291">
        </testcase>
        <testcase classname="test/cmi/scorm2004/sequencing/activity_tree.spec.ts" name="ActivityTree &gt; navigation methods &gt; getFirstChild should return first child activity" time="0.000048333">
        </testcase>
        <testcase classname="test/cmi/scorm2004/sequencing/activity_tree.spec.ts" name="ActivityTree &gt; navigation methods &gt; getLastChild should return last child activity" time="0.0000505">
        </testcase>
        <testcase classname="test/cmi/scorm2004/sequencing/activity_tree.spec.ts" name="ActivityTree &gt; navigation methods &gt; getCommonAncestor should return common ancestor activity" time="0.000073125">
        </testcase>
        <testcase classname="test/cmi/scorm2004/sequencing/activity_tree.spec.ts" name="ActivityTree &gt; toJSON &gt; should return a JSON representation of the activity tree" time="0.000244583">
        </testcase>
    </testsuite>
    <testsuite name="test/cmi/scorm2004/sequencing/rollup_rules.spec.ts" timestamp="2025-05-05T03:40:25.093Z" hostname="jonathans-macbook-pro-2.mara-rohu.ts.net" tests="34" failures="0" errors="0" skipped="0" time="0.005322958">
        <testcase classname="test/cmi/scorm2004/sequencing/rollup_rules.spec.ts" name="RollupRules &gt; RollupCondition &gt; constructor &gt; should initialize with default values" time="0.000537667">
        </testcase>
        <testcase classname="test/cmi/scorm2004/sequencing/rollup_rules.spec.ts" name="RollupRules &gt; RollupCondition &gt; constructor &gt; should initialize with provided values" time="0.000094">
        </testcase>
        <testcase classname="test/cmi/scorm2004/sequencing/rollup_rules.spec.ts" name="RollupRules &gt; RollupCondition &gt; reset &gt; should reset initialized flag" time="0.000078125">
        </testcase>
        <testcase classname="test/cmi/scorm2004/sequencing/rollup_rules.spec.ts" name="RollupRules &gt; RollupCondition &gt; evaluate &gt; should evaluate SATISFIED condition" time="0.000179791">
        </testcase>
        <testcase classname="test/cmi/scorm2004/sequencing/rollup_rules.spec.ts" name="RollupRules &gt; RollupCondition &gt; evaluate &gt; should evaluate OBJECTIVE_MEASURE_GREATER_THAN condition" time="0.000159292">
        </testcase>
        <testcase classname="test/cmi/scorm2004/sequencing/rollup_rules.spec.ts" name="RollupRules &gt; RollupCondition &gt; evaluate &gt; should evaluate COMPLETED condition" time="0.000058833">
        </testcase>
        <testcase classname="test/cmi/scorm2004/sequencing/rollup_rules.spec.ts" name="RollupRules &gt; RollupCondition &gt; evaluate &gt; should evaluate ATTEMPTED condition" time="0.000092917">
        </testcase>
        <testcase classname="test/cmi/scorm2004/sequencing/rollup_rules.spec.ts" name="RollupRules &gt; RollupCondition &gt; evaluate &gt; should evaluate NOT_ATTEMPTED condition" time="0.000048209">
        </testcase>
        <testcase classname="test/cmi/scorm2004/sequencing/rollup_rules.spec.ts" name="RollupRules &gt; RollupCondition &gt; evaluate &gt; should evaluate ALWAYS condition" time="0.000080083">
        </testcase>
        <testcase classname="test/cmi/scorm2004/sequencing/rollup_rules.spec.ts" name="RollupRules &gt; RollupCondition &gt; toJSON &gt; should return a JSON representation of the condition" time="0.000501042">
        </testcase>
        <testcase classname="test/cmi/scorm2004/sequencing/rollup_rules.spec.ts" name="RollupRules &gt; RollupRule &gt; constructor &gt; should initialize with default values" time="0.00012875">
        </testcase>
        <testcase classname="test/cmi/scorm2004/sequencing/rollup_rules.spec.ts" name="RollupRules &gt; RollupRule &gt; constructor &gt; should initialize with provided values" time="0.000075875">
        </testcase>
        <testcase classname="test/cmi/scorm2004/sequencing/rollup_rules.spec.ts" name="RollupRules &gt; RollupRule &gt; reset &gt; should reset initialized flag and conditions" time="0.000072458">
        </testcase>
        <testcase classname="test/cmi/scorm2004/sequencing/rollup_rules.spec.ts" name="RollupRules &gt; RollupRule &gt; addCondition &gt; should add a condition to the rule" time="0.000547917">
        </testcase>
        <testcase classname="test/cmi/scorm2004/sequencing/rollup_rules.spec.ts" name="RollupRules &gt; RollupRule &gt; addCondition &gt; should throw an error if condition is not a RollupCondition" time="0.000206167">
        </testcase>
        <testcase classname="test/cmi/scorm2004/sequencing/rollup_rules.spec.ts" name="RollupRules &gt; RollupRule &gt; removeCondition &gt; should remove a condition from the rule" time="0.000175792">
        </testcase>
        <testcase classname="test/cmi/scorm2004/sequencing/rollup_rules.spec.ts" name="RollupRules &gt; RollupRule &gt; removeCondition &gt; should return false if condition is not found" time="0.000040791">
        </testcase>
        <testcase classname="test/cmi/scorm2004/sequencing/rollup_rules.spec.ts" name="RollupRules &gt; RollupRule &gt; evaluate &gt; should return false if there are no children" time="0.00004875">
        </testcase>
        <testcase classname="test/cmi/scorm2004/sequencing/rollup_rules.spec.ts" name="RollupRules &gt; RollupRule &gt; evaluate &gt; should evaluate with ALL consideration" time="0.000129">
        </testcase>
        <testcase classname="test/cmi/scorm2004/sequencing/rollup_rules.spec.ts" name="RollupRules &gt; RollupRule &gt; evaluate &gt; should evaluate with ANY consideration" time="0.000077375">
        </testcase>
        <testcase classname="test/cmi/scorm2004/sequencing/rollup_rules.spec.ts" name="RollupRules &gt; RollupRule &gt; evaluate &gt; should evaluate with NONE consideration" time="0.00012775">
        </testcase>
        <testcase classname="test/cmi/scorm2004/sequencing/rollup_rules.spec.ts" name="RollupRules &gt; RollupRule &gt; evaluate &gt; should evaluate with AT_LEAST_COUNT consideration" time="0.000068042">
        </testcase>
        <testcase classname="test/cmi/scorm2004/sequencing/rollup_rules.spec.ts" name="RollupRules &gt; RollupRule &gt; evaluate &gt; should evaluate with AT_LEAST_PERCENT consideration" time="0.000075916">
        </testcase>
        <testcase classname="test/cmi/scorm2004/sequencing/rollup_rules.spec.ts" name="RollupRules &gt; RollupRule &gt; toJSON &gt; should return a JSON representation of the rule" time="0.000177958">
        </testcase>
        <testcase classname="test/cmi/scorm2004/sequencing/rollup_rules.spec.ts" name="RollupRules &gt; RollupRules &gt; constructor &gt; should initialize with empty rules array" time="0.000050792">
        </testcase>
        <testcase classname="test/cmi/scorm2004/sequencing/rollup_rules.spec.ts" name="RollupRules &gt; RollupRules &gt; reset &gt; should reset initialized flag and rules array" time="0.000067959">
        </testcase>
        <testcase classname="test/cmi/scorm2004/sequencing/rollup_rules.spec.ts" name="RollupRules &gt; RollupRules &gt; addRule &gt; should add a rule to rules" time="0.000070792">
        </testcase>
        <testcase classname="test/cmi/scorm2004/sequencing/rollup_rules.spec.ts" name="RollupRules &gt; RollupRules &gt; addRule &gt; should throw an error if rule is not a RollupRule" time="0.000042791">
        </testcase>
        <testcase classname="test/cmi/scorm2004/sequencing/rollup_rules.spec.ts" name="RollupRules &gt; RollupRules &gt; removeRule &gt; should remove a rule from rules" time="0.000111459">
        </testcase>
        <testcase classname="test/cmi/scorm2004/sequencing/rollup_rules.spec.ts" name="RollupRules &gt; RollupRules &gt; removeRule &gt; should return false if rule is not found" time="0.000025958">
        </testcase>
        <testcase classname="test/cmi/scorm2004/sequencing/rollup_rules.spec.ts" name="RollupRules &gt; RollupRules &gt; processRollup &gt; should do nothing if activity has no children" time="0.000076125">
        </testcase>
        <testcase classname="test/cmi/scorm2004/sequencing/rollup_rules.spec.ts" name="RollupRules &gt; RollupRules &gt; processRollup &gt; should apply matching rules to set activity status" time="0.000079542">
        </testcase>
        <testcase classname="test/cmi/scorm2004/sequencing/rollup_rules.spec.ts" name="RollupRules &gt; RollupRules &gt; processRollup &gt; should use default rollup if no rules match" time="0.000082291">
        </testcase>
        <testcase classname="test/cmi/scorm2004/sequencing/rollup_rules.spec.ts" name="RollupRules &gt; RollupRules &gt; toJSON &gt; should return a JSON representation of the rules" time="0.000075541">
        </testcase>
    </testsuite>
    <testsuite name="test/cmi/scorm2004/sequencing/rollup_rules_additional.spec.ts" timestamp="2025-05-05T03:40:25.094Z" hostname="jonathans-macbook-pro-2.mara-rohu.ts.net" tests="13" failures="0" errors="0" skipped="0" time="0.002269417">
        <testcase classname="test/cmi/scorm2004/sequencing/rollup_rules_additional.spec.ts" name="Additional RollupRules Tests &gt; RollupCondition &gt; evaluate &gt; should evaluate OBJECTIVE_STATUS_KNOWN condition" time="0.000556709">
        </testcase>
        <testcase classname="test/cmi/scorm2004/sequencing/rollup_rules_additional.spec.ts" name="Additional RollupRules Tests &gt; RollupCondition &gt; evaluate &gt; should evaluate OBJECTIVE_MEASURE_KNOWN condition" time="0.000114333">
        </testcase>
        <testcase classname="test/cmi/scorm2004/sequencing/rollup_rules_additional.spec.ts" name="Additional RollupRules Tests &gt; RollupCondition &gt; evaluate &gt; should evaluate OBJECTIVE_MEASURE_LESS_THAN condition" time="0.000158083">
        </testcase>
        <testcase classname="test/cmi/scorm2004/sequencing/rollup_rules_additional.spec.ts" name="Additional RollupRules Tests &gt; RollupCondition &gt; evaluate &gt; should evaluate PROGRESS_KNOWN condition" time="0.00008325">
        </testcase>
        <testcase classname="test/cmi/scorm2004/sequencing/rollup_rules_additional.spec.ts" name="Additional RollupRules Tests &gt; RollupRule &gt; setters &gt; should set action" time="0.000094625">
        </testcase>
        <testcase classname="test/cmi/scorm2004/sequencing/rollup_rules_additional.spec.ts" name="Additional RollupRules Tests &gt; RollupRule &gt; setters &gt; should set consideration" time="0.0000785">
        </testcase>
        <testcase classname="test/cmi/scorm2004/sequencing/rollup_rules_additional.spec.ts" name="Additional RollupRules Tests &gt; RollupRule &gt; setters &gt; should set minimumCount with validation" time="0.000097459">
        </testcase>
        <testcase classname="test/cmi/scorm2004/sequencing/rollup_rules_additional.spec.ts" name="Additional RollupRules Tests &gt; RollupRule &gt; setters &gt; should set minimumPercent with validation" time="0.000080875">
        </testcase>
        <testcase classname="test/cmi/scorm2004/sequencing/rollup_rules_additional.spec.ts" name="Additional RollupRules Tests &gt; RollupRules &gt; default rollup behavior &gt; should handle partial completion in default rollup" time="0.000142541">
        </testcase>
        <testcase classname="test/cmi/scorm2004/sequencing/rollup_rules_additional.spec.ts" name="Additional RollupRules Tests &gt; RollupRules &gt; default rollup behavior &gt; should handle partial success in default rollup" time="0.000130708">
        </testcase>
        <testcase classname="test/cmi/scorm2004/sequencing/rollup_rules_additional.spec.ts" name="Additional RollupRules Tests &gt; RollupRules &gt; default rollup behavior &gt; should not change status if no children have definitive status" time="0.000060667">
        </testcase>
        <testcase classname="test/cmi/scorm2004/sequencing/rollup_rules_additional.spec.ts" name="Additional RollupRules Tests &gt; RollupRules &gt; default rollup behavior &gt; should mark activity as completed when all children are completed" time="0.000051041">
        </testcase>
        <testcase classname="test/cmi/scorm2004/sequencing/rollup_rules_additional.spec.ts" name="Additional RollupRules Tests &gt; RollupRules &gt; default rollup behavior &gt; should mark activity as passed when all children are passed" time="0.000039709">
        </testcase>
    </testsuite>
    <testsuite name="test/cmi/scorm2004/sequencing/rule_condition_additional_edge_cases.spec.ts" timestamp="2025-05-05T03:40:25.095Z" hostname="jonathans-macbook-pro-2.mara-rohu.ts.net" tests="10" failures="0" errors="0" skipped="0" time="0.002647458">
        <testcase classname="test/cmi/scorm2004/sequencing/rule_condition_additional_edge_cases.spec.ts" name="RuleCondition Edge Cases &gt; constructor &gt; should initialize with default values when no parameters are provided" time="0.000561834">
        </testcase>
        <testcase classname="test/cmi/scorm2004/sequencing/rule_condition_additional_edge_cases.spec.ts" name="RuleCondition Edge Cases &gt; constructor &gt; should initialize with provided values" time="0.000169708">
        </testcase>
        <testcase classname="test/cmi/scorm2004/sequencing/rule_condition_additional_edge_cases.spec.ts" name="RuleCondition Edge Cases &gt; reset &gt; should reset all properties to their default values" time="0.00015225">
        </testcase>
        <testcase classname="test/cmi/scorm2004/sequencing/rule_condition_additional_edge_cases.spec.ts" name="RuleCondition Edge Cases &gt; evaluate &gt; should handle OBJECTIVE_MEASURE_GREATER_THAN with edge case values" time="0.000167417">
        </testcase>
        <testcase classname="test/cmi/scorm2004/sequencing/rule_condition_additional_edge_cases.spec.ts" name="RuleCondition Edge Cases &gt; evaluate &gt; should handle OBJECTIVE_MEASURE_LESS_THAN with edge case values" time="0.000075375">
        </testcase>
        <testcase classname="test/cmi/scorm2004/sequencing/rule_condition_additional_edge_cases.spec.ts" name="RuleCondition Edge Cases &gt; evaluate &gt; should handle ATTEMPT_LIMIT_EXCEEDED with edge case values" time="0.000106834">
        </testcase>
        <testcase classname="test/cmi/scorm2004/sequencing/rule_condition_additional_edge_cases.spec.ts" name="RuleCondition Edge Cases &gt; evaluate &gt; should handle missing parameters for conditions that require them" time="0.000066042">
        </testcase>
        <testcase classname="test/cmi/scorm2004/sequencing/rule_condition_additional_edge_cases.spec.ts" name="RuleCondition Edge Cases &gt; evaluate &gt; should handle non-boolean objectiveMeasureStatus values" time="0.0000615">
        </testcase>
        <testcase classname="test/cmi/scorm2004/sequencing/rule_condition_additional_edge_cases.spec.ts" name="RuleCondition Edge Cases &gt; toJSON &gt; should return an object with the correct properties" time="0.000395417">
        </testcase>
        <testcase classname="test/cmi/scorm2004/sequencing/rule_condition_additional_edge_cases.spec.ts" name="RuleCondition Edge Cases &gt; toJSON &gt; should handle empty parameters" time="0.000083709">
        </testcase>
    </testsuite>
    <testsuite name="test/cmi/scorm2004/sequencing/rule_condition_setters.spec.ts" timestamp="2025-05-05T03:40:25.095Z" hostname="jonathans-macbook-pro-2.mara-rohu.ts.net" tests="6" failures="0" errors="0" skipped="0" time="0.010698417">
        <testcase classname="test/cmi/scorm2004/sequencing/rule_condition_setters.spec.ts" name="RuleCondition Setters &gt; condition setter &gt; should set the condition property" time="0.000590125">
        </testcase>
        <testcase classname="test/cmi/scorm2004/sequencing/rule_condition_setters.spec.ts" name="RuleCondition Setters &gt; operator setter &gt; should set the operator property" time="0.000161208">
        </testcase>
        <testcase classname="test/cmi/scorm2004/sequencing/rule_condition_setters.spec.ts" name="RuleCondition Setters &gt; parameters setter &gt; should set the parameters property" time="0.000177292">
        </testcase>
        <testcase classname="test/cmi/scorm2004/sequencing/rule_condition_setters.spec.ts" name="RuleCondition Setters &gt; interaction between setters and evaluate &gt; should use updated condition in evaluate" time="0.008309125">
        </testcase>
        <testcase classname="test/cmi/scorm2004/sequencing/rule_condition_setters.spec.ts" name="RuleCondition Setters &gt; interaction between setters and evaluate &gt; should use updated operator in evaluate" time="0.000786667">
        </testcase>
        <testcase classname="test/cmi/scorm2004/sequencing/rule_condition_setters.spec.ts" name="RuleCondition Setters &gt; interaction between setters and evaluate &gt; should use updated parameters in evaluate" time="0.000147583">
        </testcase>
    </testsuite>
    <testsuite name="test/cmi/scorm2004/sequencing/sequencing.spec.ts" timestamp="2025-05-05T03:40:25.096Z" hostname="jonathans-macbook-pro-2.mara-rohu.ts.net" tests="57" failures="0" errors="0" skipped="0" time="0.012108583">
        <testcase classname="test/cmi/scorm2004/sequencing/sequencing.spec.ts" name="Sequencing &gt; constructor &gt; should initialize with default values" time="0.000777667">
        </testcase>
        <testcase classname="test/cmi/scorm2004/sequencing/sequencing.spec.ts" name="Sequencing &gt; initialize &gt; should initialize all components" time="0.000584625">
        </testcase>
        <testcase classname="test/cmi/scorm2004/sequencing/sequencing.spec.ts" name="Sequencing &gt; reset &gt; should reset all components" time="0.000296833">
        </testcase>
        <testcase classname="test/cmi/scorm2004/sequencing/sequencing.spec.ts" name="Sequencing &gt; property getters and setters &gt; should set and get activityTree property" time="0.00006475">
        </testcase>
        <testcase classname="test/cmi/scorm2004/sequencing/sequencing.spec.ts" name="Sequencing &gt; property getters and setters &gt; should throw error if activityTree is not an ActivityTree" time="0.000196083">
        </testcase>
        <testcase classname="test/cmi/scorm2004/sequencing/sequencing.spec.ts" name="Sequencing &gt; property getters and setters &gt; should set and get sequencingRules property" time="0.000062208">
        </testcase>
        <testcase classname="test/cmi/scorm2004/sequencing/sequencing.spec.ts" name="Sequencing &gt; property getters and setters &gt; should throw error if sequencingRules is not a SequencingRules" time="0.000057541">
        </testcase>
        <testcase classname="test/cmi/scorm2004/sequencing/sequencing.spec.ts" name="Sequencing &gt; property getters and setters &gt; should set and get sequencingControls property" time="0.000094583">
        </testcase>
        <testcase classname="test/cmi/scorm2004/sequencing/sequencing.spec.ts" name="Sequencing &gt; property getters and setters &gt; should throw error if sequencingControls is not a SequencingControls" time="0.000130458">
        </testcase>
        <testcase classname="test/cmi/scorm2004/sequencing/sequencing.spec.ts" name="Sequencing &gt; property getters and setters &gt; should set and get rollupRules property" time="0.000060792">
        </testcase>
        <testcase classname="test/cmi/scorm2004/sequencing/sequencing.spec.ts" name="Sequencing &gt; property getters and setters &gt; should throw error if rollupRules is not a RollupRules" time="0.000048667">
        </testcase>
        <testcase classname="test/cmi/scorm2004/sequencing/sequencing.spec.ts" name="Sequencing &gt; property getters and setters &gt; should set and get adlNav property" time="0.000068">
        </testcase>
        <testcase classname="test/cmi/scorm2004/sequencing/sequencing.spec.ts" name="Sequencing &gt; processNavigationRequest &gt; should return false if adlNav is null" time="0.000056708">
        </testcase>
        <testcase classname="test/cmi/scorm2004/sequencing/sequencing.spec.ts" name="Sequencing &gt; processNavigationRequest &gt; should return false if currentActivity is null" time="0.000285333">
        </testcase>
        <testcase classname="test/cmi/scorm2004/sequencing/sequencing.spec.ts" name="Sequencing &gt; processNavigationRequest &gt; should set the navigation request on adlNav" time="0.000603667">
        </testcase>
        <testcase classname="test/cmi/scorm2004/sequencing/sequencing.spec.ts" name="Sequencing &gt; processNavigationRequest &gt; should evaluate pre-condition rules" time="0.000276584">
        </testcase>
        <testcase classname="test/cmi/scorm2004/sequencing/sequencing.spec.ts" name="Sequencing &gt; processNavigationRequest &gt; should return false if pre-condition rules return SKIP" time="0.000127666">
        </testcase>
        <testcase classname="test/cmi/scorm2004/sequencing/sequencing.spec.ts" name="Sequencing &gt; processNavigationRequest &gt; should return false if pre-condition rules return DISABLED" time="0.000063">
        </testcase>
        <testcase classname="test/cmi/scorm2004/sequencing/sequencing.spec.ts" name="Sequencing &gt; processNavigationRequest &gt; should return false if pre-condition rules return HIDE_FROM_CHOICE" time="0.000056666">
        </testcase>
        <testcase classname="test/cmi/scorm2004/sequencing/sequencing.spec.ts" name="Sequencing &gt; processNavigationRequest &gt; should return false if pre-condition rules return STOP_FORWARD_TRAVERSAL" time="0.000097875">
        </testcase>
        <testcase classname="test/cmi/scorm2004/sequencing/sequencing.spec.ts" name="Sequencing &gt; processNavigationRequest &gt; should call processContinueRequest for continue request" time="0.000100125">
        </testcase>
        <testcase classname="test/cmi/scorm2004/sequencing/sequencing.spec.ts" name="Sequencing &gt; processNavigationRequest &gt; should call processPreviousRequest for previous request" time="0.000200125">
        </testcase>
        <testcase classname="test/cmi/scorm2004/sequencing/sequencing.spec.ts" name="Sequencing &gt; processNavigationRequest &gt; should call processExitRequest for exit request" time="0.000119167">
        </testcase>
        <testcase classname="test/cmi/scorm2004/sequencing/sequencing.spec.ts" name="Sequencing &gt; processNavigationRequest &gt; should call processExitAllRequest for exitAll request" time="0.000071333">
        </testcase>
        <testcase classname="test/cmi/scorm2004/sequencing/sequencing.spec.ts" name="Sequencing &gt; processNavigationRequest &gt; should call processAbandonRequest for abandon request" time="0.000121875">
        </testcase>
        <testcase classname="test/cmi/scorm2004/sequencing/sequencing.spec.ts" name="Sequencing &gt; processNavigationRequest &gt; should call processAbandonAllRequest for abandonAll request" time="0.000096208">
        </testcase>
        <testcase classname="test/cmi/scorm2004/sequencing/sequencing.spec.ts" name="Sequencing &gt; processNavigationRequest &gt; should call processSuspendAllRequest for suspendAll request" time="0.0001">
        </testcase>
        <testcase classname="test/cmi/scorm2004/sequencing/sequencing.spec.ts" name="Sequencing &gt; processNavigationRequest &gt; should return false for choice request without implementation" time="0.000044625">
        </testcase>
        <testcase classname="test/cmi/scorm2004/sequencing/sequencing.spec.ts" name="Sequencing &gt; processNavigationRequest &gt; should throw an error for unknown request" time="0.000248">
        </testcase>
        <testcase classname="test/cmi/scorm2004/sequencing/sequencing.spec.ts" name="Sequencing &gt; processContinueRequest &gt; should return false if forward navigation is not allowed" time="0.000059083">
        </testcase>
        <testcase classname="test/cmi/scorm2004/sequencing/sequencing.spec.ts" name="Sequencing &gt; processContinueRequest &gt; should return false if there is no next activity" time="0.000054875">
        </testcase>
        <testcase classname="test/cmi/scorm2004/sequencing/sequencing.spec.ts" name="Sequencing &gt; processContinueRequest &gt; should evaluate exit condition rules" time="0.000115917">
        </testcase>
        <testcase classname="test/cmi/scorm2004/sequencing/sequencing.spec.ts" name="Sequencing &gt; processContinueRequest &gt; should set next activity as current activity" time="0.000093583">
        </testcase>
        <testcase classname="test/cmi/scorm2004/sequencing/sequencing.spec.ts" name="Sequencing &gt; processContinueRequest &gt; should evaluate post-condition rules" time="0.000139333">
        </testcase>
        <testcase classname="test/cmi/scorm2004/sequencing/sequencing.spec.ts" name="Sequencing &gt; processContinueRequest &gt; should handle EXIT_PARENT action from exit condition rules" time="0.000123542">
        </testcase>
        <testcase classname="test/cmi/scorm2004/sequencing/sequencing.spec.ts" name="Sequencing &gt; processContinueRequest &gt; should handle EXIT_ALL action from exit condition rules" time="0.000128792">
        </testcase>
        <testcase classname="test/cmi/scorm2004/sequencing/sequencing.spec.ts" name="Sequencing &gt; processContinueRequest &gt; should handle RETRY action from post condition rules" time="0.000092667">
        </testcase>
        <testcase classname="test/cmi/scorm2004/sequencing/sequencing.spec.ts" name="Sequencing &gt; processContinueRequest &gt; should handle RETRY_ALL action from post condition rules" time="0.000116958">
        </testcase>
        <testcase classname="test/cmi/scorm2004/sequencing/sequencing.spec.ts" name="Sequencing &gt; processPreviousRequest &gt; should return false if backward navigation is not allowed" time="0.00005625">
        </testcase>
        <testcase classname="test/cmi/scorm2004/sequencing/sequencing.spec.ts" name="Sequencing &gt; processPreviousRequest &gt; should return false if there is no previous activity" time="0.000086958">
        </testcase>
        <testcase classname="test/cmi/scorm2004/sequencing/sequencing.spec.ts" name="Sequencing &gt; processPreviousRequest &gt; should evaluate exit condition rules" time="0.000090334">
        </testcase>
        <testcase classname="test/cmi/scorm2004/sequencing/sequencing.spec.ts" name="Sequencing &gt; processPreviousRequest &gt; should set previous activity as current activity" time="0.000083208">
        </testcase>
        <testcase classname="test/cmi/scorm2004/sequencing/sequencing.spec.ts" name="Sequencing &gt; processPreviousRequest &gt; should evaluate post-condition rules" time="0.000079375">
        </testcase>
        <testcase classname="test/cmi/scorm2004/sequencing/sequencing.spec.ts" name="Sequencing &gt; processPreviousRequest &gt; should handle EXIT_PARENT action from exit condition rules" time="0.00010425">
        </testcase>
        <testcase classname="test/cmi/scorm2004/sequencing/sequencing.spec.ts" name="Sequencing &gt; processExitRequest &gt; should return false if choice exit is not allowed" time="0.000069625">
        </testcase>
        <testcase classname="test/cmi/scorm2004/sequencing/sequencing.spec.ts" name="Sequencing &gt; processExitRequest &gt; should return false if activity has no parent" time="0.000063416">
        </testcase>
        <testcase classname="test/cmi/scorm2004/sequencing/sequencing.spec.ts" name="Sequencing &gt; processExitRequest &gt; should set parent as current activity" time="0.002147708">
        </testcase>
        <testcase classname="test/cmi/scorm2004/sequencing/sequencing.spec.ts" name="Sequencing &gt; processExitAllRequest &gt; should return false if choice exit is not allowed" time="0.000238208">
        </testcase>
        <testcase classname="test/cmi/scorm2004/sequencing/sequencing.spec.ts" name="Sequencing &gt; processExitAllRequest &gt; should set current activity to null" time="0.00039725">
        </testcase>
        <testcase classname="test/cmi/scorm2004/sequencing/sequencing.spec.ts" name="Sequencing &gt; processAbandonRequest &gt; should return false if activity has no parent" time="0.000093292">
        </testcase>
        <testcase classname="test/cmi/scorm2004/sequencing/sequencing.spec.ts" name="Sequencing &gt; processAbandonRequest &gt; should set parent as current activity without processing exit rules" time="0.000164209">
        </testcase>
        <testcase classname="test/cmi/scorm2004/sequencing/sequencing.spec.ts" name="Sequencing &gt; processAbandonAllRequest &gt; should set current activity to null without processing exit rules" time="0.000090667">
        </testcase>
        <testcase classname="test/cmi/scorm2004/sequencing/sequencing.spec.ts" name="Sequencing &gt; processSuspendAllRequest &gt; should set suspended activity and clear current activity" time="0.000118">
        </testcase>
        <testcase classname="test/cmi/scorm2004/sequencing/sequencing.spec.ts" name="Sequencing &gt; processRollup &gt; should do nothing if root is null" time="0.000085625">
        </testcase>
        <testcase classname="test/cmi/scorm2004/sequencing/sequencing.spec.ts" name="Sequencing &gt; processRollup &gt; should process rollup for the root activity" time="0.0001635">
        </testcase>
        <testcase classname="test/cmi/scorm2004/sequencing/sequencing.spec.ts" name="Sequencing &gt; _processRollupRecursive &gt; should process rollup for children first, then for the activity" time="0.00019625">
        </testcase>
        <testcase classname="test/cmi/scorm2004/sequencing/sequencing.spec.ts" name="Sequencing &gt; toJSON &gt; should return a JSON representation of the sequencing object" time="0.000180083">
        </testcase>
    </testsuite>
    <testsuite name="test/cmi/scorm2004/sequencing/sequencing_additional.spec.ts" timestamp="2025-05-05T03:40:25.098Z" hostname="jonathans-macbook-pro-2.mara-rohu.ts.net" tests="8" failures="0" errors="0" skipped="0" time="0.003984208">
        <testcase classname="test/cmi/scorm2004/sequencing/sequencing_additional.spec.ts" name="Additional Sequencing Tests &gt; processNavigationRequest &gt; should throw an error for unknown request" time="0.001065834">
        </testcase>
        <testcase classname="test/cmi/scorm2004/sequencing/sequencing_additional.spec.ts" name="Additional Sequencing Tests &gt; processContinueRequest &gt; should handle CONTINUE post-condition action" time="0.001105875">
        </testcase>
        <testcase classname="test/cmi/scorm2004/sequencing/sequencing_additional.spec.ts" name="Additional Sequencing Tests &gt; processContinueRequest &gt; should handle PREVIOUS post-condition action" time="0.000434583">
        </testcase>
        <testcase classname="test/cmi/scorm2004/sequencing/sequencing_additional.spec.ts" name="Additional Sequencing Tests &gt; processContinueRequest &gt; should handle EXIT post-condition action" time="0.000290042">
        </testcase>
        <testcase classname="test/cmi/scorm2004/sequencing/sequencing_additional.spec.ts" name="Additional Sequencing Tests &gt; processPreviousRequest &gt; should handle CONTINUE post-condition action" time="0.000159958">
        </testcase>
        <testcase classname="test/cmi/scorm2004/sequencing/sequencing_additional.spec.ts" name="Additional Sequencing Tests &gt; processPreviousRequest &gt; should handle PREVIOUS post-condition action" time="0.0001835">
        </testcase>
        <testcase classname="test/cmi/scorm2004/sequencing/sequencing_additional.spec.ts" name="Additional Sequencing Tests &gt; processPreviousRequest &gt; should handle EXIT post-condition action" time="0.000169084">
        </testcase>
        <testcase classname="test/cmi/scorm2004/sequencing/sequencing_additional.spec.ts" name="Additional Sequencing Tests &gt; _handleExitConditionAction &gt; should return false when EXIT_PARENT is returned but activity has no parent" time="0.000052916">
        </testcase>
    </testsuite>
    <testsuite name="test/cmi/scorm2004/sequencing/sequencing_controls.spec.ts" timestamp="2025-05-05T03:40:25.098Z" hostname="jonathans-macbook-pro-2.mara-rohu.ts.net" tests="19" failures="0" errors="0" skipped="0" time="0.005219333">
        <testcase classname="test/cmi/scorm2004/sequencing/sequencing_controls.spec.ts" name="SequencingControls &gt; constructor &gt; should initialize with default values" time="0.000702166">
        </testcase>
        <testcase classname="test/cmi/scorm2004/sequencing/sequencing_controls.spec.ts" name="SequencingControls &gt; reset &gt; should reset all properties to default values" time="0.000459625">
        </testcase>
        <testcase classname="test/cmi/scorm2004/sequencing/sequencing_controls.spec.ts" name="SequencingControls &gt; property getters and setters &gt; should set and get enabled property" time="0.00009725">
        </testcase>
        <testcase classname="test/cmi/scorm2004/sequencing/sequencing_controls.spec.ts" name="SequencingControls &gt; property getters and setters &gt; should set and get choiceExit property" time="0.000049334">
        </testcase>
        <testcase classname="test/cmi/scorm2004/sequencing/sequencing_controls.spec.ts" name="SequencingControls &gt; property getters and setters &gt; should set and get flow property" time="0.000035875">
        </testcase>
        <testcase classname="test/cmi/scorm2004/sequencing/sequencing_controls.spec.ts" name="SequencingControls &gt; property getters and setters &gt; should set and get forwardOnly property" time="0.000074209">
        </testcase>
        <testcase classname="test/cmi/scorm2004/sequencing/sequencing_controls.spec.ts" name="SequencingControls &gt; property getters and setters &gt; should set and get useCurrentAttemptObjectiveInfo property" time="0.00003625">
        </testcase>
        <testcase classname="test/cmi/scorm2004/sequencing/sequencing_controls.spec.ts" name="SequencingControls &gt; property getters and setters &gt; should set and get useCurrentAttemptProgressInfo property" time="0.000029958">
        </testcase>
        <testcase classname="test/cmi/scorm2004/sequencing/sequencing_controls.spec.ts" name="SequencingControls &gt; property getters and setters &gt; should set and get preventActivation property" time="0.000071667">
        </testcase>
        <testcase classname="test/cmi/scorm2004/sequencing/sequencing_controls.spec.ts" name="SequencingControls &gt; property getters and setters &gt; should set and get constrainChoice property" time="0.000090958">
        </testcase>
        <testcase classname="test/cmi/scorm2004/sequencing/sequencing_controls.spec.ts" name="SequencingControls &gt; property getters and setters &gt; should set and get rollupObjectiveSatisfied property" time="0.000033084">
        </testcase>
        <testcase classname="test/cmi/scorm2004/sequencing/sequencing_controls.spec.ts" name="SequencingControls &gt; property getters and setters &gt; should set and get rollupProgressCompletion property" time="0.000027209">
        </testcase>
        <testcase classname="test/cmi/scorm2004/sequencing/sequencing_controls.spec.ts" name="SequencingControls &gt; property getters and setters &gt; should set and get objectiveMeasureWeight property" time="0.000028167">
        </testcase>
        <testcase classname="test/cmi/scorm2004/sequencing/sequencing_controls.spec.ts" name="SequencingControls &gt; property getters and setters &gt; should not set objectiveMeasureWeight outside valid range" time="0.000925708">
        </testcase>
        <testcase classname="test/cmi/scorm2004/sequencing/sequencing_controls.spec.ts" name="SequencingControls &gt; navigation methods &gt; isChoiceNavigationAllowed should return correct value" time="0.000081667">
        </testcase>
        <testcase classname="test/cmi/scorm2004/sequencing/sequencing_controls.spec.ts" name="SequencingControls &gt; navigation methods &gt; isFlowNavigationAllowed should return correct value" time="0.00027925">
        </testcase>
        <testcase classname="test/cmi/scorm2004/sequencing/sequencing_controls.spec.ts" name="SequencingControls &gt; navigation methods &gt; isForwardNavigationAllowed should return correct value" time="0.000113417">
        </testcase>
        <testcase classname="test/cmi/scorm2004/sequencing/sequencing_controls.spec.ts" name="SequencingControls &gt; navigation methods &gt; isBackwardNavigationAllowed should return correct value" time="0.000068041">
        </testcase>
        <testcase classname="test/cmi/scorm2004/sequencing/sequencing_controls.spec.ts" name="SequencingControls &gt; toJSON &gt; should return a JSON representation of the controls" time="0.000537042">
        </testcase>
    </testsuite>
    <testsuite name="test/cmi/scorm2004/sequencing/sequencing_rule_additional_edge_cases.spec.ts" timestamp="2025-05-05T03:40:25.099Z" hostname="jonathans-macbook-pro-2.mara-rohu.ts.net" tests="14" failures="0" errors="0" skipped="0" time="0.003207416">
        <testcase classname="test/cmi/scorm2004/sequencing/sequencing_rule_additional_edge_cases.spec.ts" name="SequencingRule Edge Cases &gt; constructor &gt; should initialize with default values when no parameters are provided" time="0.000580625">
        </testcase>
        <testcase classname="test/cmi/scorm2004/sequencing/sequencing_rule_additional_edge_cases.spec.ts" name="SequencingRule Edge Cases &gt; constructor &gt; should initialize with provided values" time="0.0001255">
        </testcase>
        <testcase classname="test/cmi/scorm2004/sequencing/sequencing_rule_additional_edge_cases.spec.ts" name="SequencingRule Edge Cases &gt; reset &gt; should reset all properties to their default values" time="0.000162">
        </testcase>
        <testcase classname="test/cmi/scorm2004/sequencing/sequencing_rule_additional_edge_cases.spec.ts" name="SequencingRule Edge Cases &gt; addCondition &gt; should add a condition to the conditions array" time="0.00006125">
        </testcase>
        <testcase classname="test/cmi/scorm2004/sequencing/sequencing_rule_additional_edge_cases.spec.ts" name="SequencingRule Edge Cases &gt; addCondition &gt; should throw an error if the condition is not a RuleCondition" time="0.000339125">
        </testcase>
        <testcase classname="test/cmi/scorm2004/sequencing/sequencing_rule_additional_edge_cases.spec.ts" name="SequencingRule Edge Cases &gt; addCondition &gt; should not add duplicate conditions" time="0.000043958">
        </testcase>
        <testcase classname="test/cmi/scorm2004/sequencing/sequencing_rule_additional_edge_cases.spec.ts" name="SequencingRule Edge Cases &gt; removeCondition &gt; should remove a condition from the conditions array" time="0.000109333">
        </testcase>
        <testcase classname="test/cmi/scorm2004/sequencing/sequencing_rule_additional_edge_cases.spec.ts" name="SequencingRule Edge Cases &gt; removeCondition &gt; should throw an error if the condition is not a RuleCondition" time="0.000071875">
        </testcase>
        <testcase classname="test/cmi/scorm2004/sequencing/sequencing_rule_additional_edge_cases.spec.ts" name="SequencingRule Edge Cases &gt; removeCondition &gt; should not throw an error if the condition is not in the array" time="0.000133125">
        </testcase>
        <testcase classname="test/cmi/scorm2004/sequencing/sequencing_rule_additional_edge_cases.spec.ts" name="SequencingRule Edge Cases &gt; evaluate &gt; should return true if there are no conditions" time="0.00015775">
        </testcase>
        <testcase classname="test/cmi/scorm2004/sequencing/sequencing_rule_additional_edge_cases.spec.ts" name="SequencingRule Edge Cases &gt; evaluate &gt; should evaluate &apos;all&apos; condition combination correctly" time="0.000131167">
        </testcase>
        <testcase classname="test/cmi/scorm2004/sequencing/sequencing_rule_additional_edge_cases.spec.ts" name="SequencingRule Edge Cases &gt; evaluate &gt; should evaluate &apos;any&apos; condition combination correctly" time="0.000066375">
        </testcase>
        <testcase classname="test/cmi/scorm2004/sequencing/sequencing_rule_additional_edge_cases.spec.ts" name="SequencingRule Edge Cases &gt; evaluate &gt; should return false for invalid condition combination" time="0.000042959">
        </testcase>
        <testcase classname="test/cmi/scorm2004/sequencing/sequencing_rule_additional_edge_cases.spec.ts" name="SequencingRule Edge Cases &gt; toJSON &gt; should return an object with the correct properties" time="0.000434042">
        </testcase>
    </testsuite>
    <testsuite name="test/cmi/scorm2004/sequencing/sequencing_rules.spec.ts" timestamp="2025-05-05T03:40:25.100Z" hostname="jonathans-macbook-pro-2.mara-rohu.ts.net" tests="34" failures="0" errors="0" skipped="0" time="0.005074834">
        <testcase classname="test/cmi/scorm2004/sequencing/sequencing_rules.spec.ts" name="SequencingRules &gt; RuleCondition &gt; constructor &gt; should initialize with default values" time="0.000565958">
        </testcase>
        <testcase classname="test/cmi/scorm2004/sequencing/sequencing_rules.spec.ts" name="SequencingRules &gt; RuleCondition &gt; constructor &gt; should initialize with provided values" time="0.000103291">
        </testcase>
        <testcase classname="test/cmi/scorm2004/sequencing/sequencing_rules.spec.ts" name="SequencingRules &gt; RuleCondition &gt; reset &gt; should reset initialized flag" time="0.000068792">
        </testcase>
        <testcase classname="test/cmi/scorm2004/sequencing/sequencing_rules.spec.ts" name="SequencingRules &gt; RuleCondition &gt; evaluate &gt; should evaluate SATISFIED condition" time="0.00018">
        </testcase>
        <testcase classname="test/cmi/scorm2004/sequencing/sequencing_rules.spec.ts" name="SequencingRules &gt; RuleCondition &gt; evaluate &gt; should evaluate OBJECTIVE_MEASURE_GREATER_THAN condition" time="0.000093334">
        </testcase>
        <testcase classname="test/cmi/scorm2004/sequencing/sequencing_rules.spec.ts" name="SequencingRules &gt; RuleCondition &gt; evaluate &gt; should evaluate COMPLETED condition" time="0.000053958">
        </testcase>
        <testcase classname="test/cmi/scorm2004/sequencing/sequencing_rules.spec.ts" name="SequencingRules &gt; RuleCondition &gt; evaluate &gt; should evaluate ALWAYS condition" time="0.000075417">
        </testcase>
        <testcase classname="test/cmi/scorm2004/sequencing/sequencing_rules.spec.ts" name="SequencingRules &gt; RuleCondition &gt; toJSON &gt; should return a JSON representation of the condition" time="0.000476333">
        </testcase>
        <testcase classname="test/cmi/scorm2004/sequencing/sequencing_rules.spec.ts" name="SequencingRules &gt; SequencingRule &gt; constructor &gt; should initialize with default values" time="0.000097041">
        </testcase>
        <testcase classname="test/cmi/scorm2004/sequencing/sequencing_rules.spec.ts" name="SequencingRules &gt; SequencingRule &gt; constructor &gt; should initialize with provided values" time="0.000120417">
        </testcase>
        <testcase classname="test/cmi/scorm2004/sequencing/sequencing_rules.spec.ts" name="SequencingRules &gt; SequencingRule &gt; reset &gt; should reset initialized flag and conditions" time="0.000080083">
        </testcase>
        <testcase classname="test/cmi/scorm2004/sequencing/sequencing_rules.spec.ts" name="SequencingRules &gt; SequencingRule &gt; addCondition &gt; should add a condition to the rule" time="0.000335375">
        </testcase>
        <testcase classname="test/cmi/scorm2004/sequencing/sequencing_rules.spec.ts" name="SequencingRules &gt; SequencingRule &gt; addCondition &gt; should throw an error if condition is not a RuleCondition" time="0.000182292">
        </testcase>
        <testcase classname="test/cmi/scorm2004/sequencing/sequencing_rules.spec.ts" name="SequencingRules &gt; SequencingRule &gt; removeCondition &gt; should remove a condition from the rule" time="0.000333292">
        </testcase>
        <testcase classname="test/cmi/scorm2004/sequencing/sequencing_rules.spec.ts" name="SequencingRules &gt; SequencingRule &gt; removeCondition &gt; should return false if condition is not found" time="0.000073959">
        </testcase>
        <testcase classname="test/cmi/scorm2004/sequencing/sequencing_rules.spec.ts" name="SequencingRules &gt; SequencingRule &gt; evaluate &gt; should return true if there are no conditions" time="0.000107583">
        </testcase>
        <testcase classname="test/cmi/scorm2004/sequencing/sequencing_rules.spec.ts" name="SequencingRules &gt; SequencingRule &gt; evaluate &gt; should evaluate conditions with AND combination" time="0.000084667">
        </testcase>
        <testcase classname="test/cmi/scorm2004/sequencing/sequencing_rules.spec.ts" name="SequencingRules &gt; SequencingRule &gt; evaluate &gt; should evaluate conditions with OR combination" time="0.000076584">
        </testcase>
        <testcase classname="test/cmi/scorm2004/sequencing/sequencing_rules.spec.ts" name="SequencingRules &gt; SequencingRule &gt; toJSON &gt; should return a JSON representation of the rule" time="0.000107916">
        </testcase>
        <testcase classname="test/cmi/scorm2004/sequencing/sequencing_rules.spec.ts" name="SequencingRules &gt; SequencingRules &gt; constructor &gt; should initialize with empty rule arrays" time="0.000091834">
        </testcase>
        <testcase classname="test/cmi/scorm2004/sequencing/sequencing_rules.spec.ts" name="SequencingRules &gt; SequencingRules &gt; reset &gt; should reset initialized flag and rule arrays" time="0.000113083">
        </testcase>
        <testcase classname="test/cmi/scorm2004/sequencing/sequencing_rules.spec.ts" name="SequencingRules &gt; SequencingRules &gt; addPreConditionRule &gt; should add a rule to preConditionRules" time="0.000099">
        </testcase>
        <testcase classname="test/cmi/scorm2004/sequencing/sequencing_rules.spec.ts" name="SequencingRules &gt; SequencingRules &gt; addPreConditionRule &gt; should throw an error if rule is not a SequencingRule" time="0.000044417">
        </testcase>
        <testcase classname="test/cmi/scorm2004/sequencing/sequencing_rules.spec.ts" name="SequencingRules &gt; SequencingRules &gt; addExitConditionRule &gt; should add a rule to exitConditionRules" time="0.000079291">
        </testcase>
        <testcase classname="test/cmi/scorm2004/sequencing/sequencing_rules.spec.ts" name="SequencingRules &gt; SequencingRules &gt; addExitConditionRule &gt; should throw an error if rule is not a SequencingRule" time="0.000035958">
        </testcase>
        <testcase classname="test/cmi/scorm2004/sequencing/sequencing_rules.spec.ts" name="SequencingRules &gt; SequencingRules &gt; addPostConditionRule &gt; should add a rule to postConditionRules" time="0.000059125">
        </testcase>
        <testcase classname="test/cmi/scorm2004/sequencing/sequencing_rules.spec.ts" name="SequencingRules &gt; SequencingRules &gt; addPostConditionRule &gt; should throw an error if rule is not a SequencingRule" time="0.000033958">
        </testcase>
        <testcase classname="test/cmi/scorm2004/sequencing/sequencing_rules.spec.ts" name="SequencingRules &gt; SequencingRules &gt; evaluatePreConditionRules &gt; should return null if no rules match" time="0.000044542">
        </testcase>
        <testcase classname="test/cmi/scorm2004/sequencing/sequencing_rules.spec.ts" name="SequencingRules &gt; SequencingRules &gt; evaluatePreConditionRules &gt; should return the action of the first matching rule" time="0.000088208">
        </testcase>
        <testcase classname="test/cmi/scorm2004/sequencing/sequencing_rules.spec.ts" name="SequencingRules &gt; SequencingRules &gt; evaluateExitConditionRules &gt; should return null if no rules match" time="0.000046667">
        </testcase>
        <testcase classname="test/cmi/scorm2004/sequencing/sequencing_rules.spec.ts" name="SequencingRules &gt; SequencingRules &gt; evaluateExitConditionRules &gt; should return the action of the first matching rule" time="0.000035708">
        </testcase>
        <testcase classname="test/cmi/scorm2004/sequencing/sequencing_rules.spec.ts" name="SequencingRules &gt; SequencingRules &gt; evaluatePostConditionRules &gt; should return null if no rules match" time="0.000035917">
        </testcase>
        <testcase classname="test/cmi/scorm2004/sequencing/sequencing_rules.spec.ts" name="SequencingRules &gt; SequencingRules &gt; evaluatePostConditionRules &gt; should return the action of the first matching rule" time="0.000034125">
        </testcase>
        <testcase classname="test/cmi/scorm2004/sequencing/sequencing_rules.spec.ts" name="SequencingRules &gt; SequencingRules &gt; toJSON &gt; should return a JSON representation of the rules" time="0.000142459">
        </testcase>
    </testsuite>
    <testsuite name="test/cmi/scorm2004/sequencing/sequencing_rules_additional.spec.ts" timestamp="2025-05-05T03:40:25.101Z" hostname="jonathans-macbook-pro-2.mara-rohu.ts.net" tests="11" failures="0" errors="0" skipped="0" time="0.003188833">
        <testcase classname="test/cmi/scorm2004/sequencing/sequencing_rules_additional.spec.ts" name="Additional SequencingRules Tests &gt; RuleCondition &gt; evaluate &gt; should evaluate OBJECTIVE_STATUS_KNOWN condition" time="0.00060275">
        </testcase>
        <testcase classname="test/cmi/scorm2004/sequencing/sequencing_rules_additional.spec.ts" name="Additional SequencingRules Tests &gt; RuleCondition &gt; evaluate &gt; should evaluate OBJECTIVE_MEASURE_KNOWN condition" time="0.0005645">
        </testcase>
        <testcase classname="test/cmi/scorm2004/sequencing/sequencing_rules_additional.spec.ts" name="Additional SequencingRules Tests &gt; RuleCondition &gt; evaluate &gt; should evaluate OBJECTIVE_MEASURE_LESS_THAN condition" time="0.000641042">
        </testcase>
        <testcase classname="test/cmi/scorm2004/sequencing/sequencing_rules_additional.spec.ts" name="Additional SequencingRules Tests &gt; RuleCondition &gt; evaluate &gt; should evaluate PROGRESS_KNOWN condition" time="0.00009775">
        </testcase>
        <testcase classname="test/cmi/scorm2004/sequencing/sequencing_rules_additional.spec.ts" name="Additional SequencingRules Tests &gt; RuleCondition &gt; evaluate &gt; should evaluate ATTEMPTED condition" time="0.000107291">
        </testcase>
        <testcase classname="test/cmi/scorm2004/sequencing/sequencing_rules_additional.spec.ts" name="Additional SequencingRules Tests &gt; RuleCondition &gt; evaluate &gt; should evaluate ATTEMPT_LIMIT_EXCEEDED condition" time="0.000075375">
        </testcase>
        <testcase classname="test/cmi/scorm2004/sequencing/sequencing_rules_additional.spec.ts" name="Additional SequencingRules Tests &gt; RuleCondition &gt; evaluate &gt; should evaluate TIME_LIMIT_EXCEEDED condition" time="0.000070958">
        </testcase>
        <testcase classname="test/cmi/scorm2004/sequencing/sequencing_rules_additional.spec.ts" name="Additional SequencingRules Tests &gt; RuleCondition &gt; evaluate &gt; should evaluate OUTSIDE_AVAILABLE_TIME_RANGE condition" time="0.000035542">
        </testcase>
        <testcase classname="test/cmi/scorm2004/sequencing/sequencing_rules_additional.spec.ts" name="Additional SequencingRules Tests &gt; RuleCondition &gt; evaluate &gt; should apply NOT operator to condition result" time="0.000115375">
        </testcase>
        <testcase classname="test/cmi/scorm2004/sequencing/sequencing_rules_additional.spec.ts" name="Additional SequencingRules Tests &gt; RuleCondition &gt; evaluate &gt; should handle unknown condition types" time="0.00005525">
        </testcase>
        <testcase classname="test/cmi/scorm2004/sequencing/sequencing_rules_additional.spec.ts" name="Additional SequencingRules Tests &gt; SequencingRule &gt; evaluate &gt; should return false if conditionCombination is neither AND nor OR" time="0.000087708">
        </testcase>
    </testsuite>
    <testsuite name="test/cmi/scorm2004/sequencing/sequencing_rules_additional_edge_cases.spec.ts" timestamp="2025-05-05T03:40:25.102Z" hostname="jonathans-macbook-pro-2.mara-rohu.ts.net" tests="8" failures="0" errors="0" skipped="0" time="0.002299542">
        <testcase classname="test/cmi/scorm2004/sequencing/sequencing_rules_additional_edge_cases.spec.ts" name="SequencingRules Edge Cases &gt; evaluatePreConditionRules &gt; should return null when there are no pre-condition rules" time="0.000564416">
        </testcase>
        <testcase classname="test/cmi/scorm2004/sequencing/sequencing_rules_additional_edge_cases.spec.ts" name="SequencingRules Edge Cases &gt; evaluatePreConditionRules &gt; should return the action of the first rule that evaluates to true when multiple rules match" time="0.000196">
        </testcase>
        <testcase classname="test/cmi/scorm2004/sequencing/sequencing_rules_additional_edge_cases.spec.ts" name="SequencingRules Edge Cases &gt; evaluatePreConditionRules &gt; should handle a rule with null action" time="0.000124292">
        </testcase>
        <testcase classname="test/cmi/scorm2004/sequencing/sequencing_rules_additional_edge_cases.spec.ts" name="SequencingRules Edge Cases &gt; evaluateExitConditionRules &gt; should return null when there are no exit condition rules" time="0.000064708">
        </testcase>
        <testcase classname="test/cmi/scorm2004/sequencing/sequencing_rules_additional_edge_cases.spec.ts" name="SequencingRules Edge Cases &gt; evaluateExitConditionRules &gt; should return the action of the first rule that evaluates to true when multiple rules match" time="0.000075">
        </testcase>
        <testcase classname="test/cmi/scorm2004/sequencing/sequencing_rules_additional_edge_cases.spec.ts" name="SequencingRules Edge Cases &gt; evaluatePostConditionRules &gt; should return null when there are no post-condition rules" time="0.000044583">
        </testcase>
        <testcase classname="test/cmi/scorm2004/sequencing/sequencing_rules_additional_edge_cases.spec.ts" name="SequencingRules Edge Cases &gt; evaluatePostConditionRules &gt; should return the action of the first rule that evaluates to true when multiple rules match" time="0.0001225">
        </testcase>
        <testcase classname="test/cmi/scorm2004/sequencing/sequencing_rules_additional_edge_cases.spec.ts" name="SequencingRules Edge Cases &gt; toJSON &gt; should return an object with the correct properties" time="0.000628084">
        </testcase>
    </testsuite>
    <testsuite name="test/cmi/scorm2004/sequencing/sequencing_rules_setters.spec.ts" timestamp="2025-05-05T03:40:25.102Z" hostname="jonathans-macbook-pro-2.mara-rohu.ts.net" tests="1" failures="0" errors="0" skipped="0" time="0.001022125">
        <testcase classname="test/cmi/scorm2004/sequencing/sequencing_rules_setters.spec.ts" name="Sequencing Rules Setters &gt; action setter &gt; should set the action property" time="0.000561041">
        </testcase>
    </testsuite>
</testsuites>
